Total files processed: 995
Success: 919 (92.4%)
Total failures: 76 (7.6%)
  - Reconstruction failures: 37
  - Compile errors: 39
  - Runtime errors: 0

=== All Failed Files (Sorted) ===
1. 12181-normalized.py [COMPILE ERROR] (path: /syssec-nas0/pyc-research/compiled_evaluation_targets/usenix_test_set/python-3.12/12181/12181-normalized.py)
2. 12304-normalized.py [COMPILE ERROR] (path: /syssec-nas0/pyc-research/compiled_evaluation_targets/usenix_test_set/python-3.12/12304/12304-normalized.py)
3. 12489-normalized.py [RECONSTRUCTION FAILURE] (path: /syssec-nas0/pyc-research/compiled_evaluation_targets/usenix_test_set/python-3.12/12489/12489-normalized.py)
4. 15028-normalized.py [RECONSTRUCTION FAILURE] (path: /syssec-nas0/pyc-research/compiled_evaluation_targets/usenix_test_set/python-3.12/15028/15028-normalized.py)
5. 16056-normalized.py [RECONSTRUCTION FAILURE] (path: /syssec-nas0/pyc-research/compiled_evaluation_targets/usenix_test_set/python-3.12/16056/16056-normalized.py)
6. 16120-normalized.py [RECONSTRUCTION FAILURE] (path: /syssec-nas0/pyc-research/compiled_evaluation_targets/usenix_test_set/python-3.12/16120/16120-normalized.py)
7. 17376-normalized.py [RECONSTRUCTION FAILURE] (path: /syssec-nas0/pyc-research/compiled_evaluation_targets/usenix_test_set/python-3.12/17376/17376-normalized.py)
8. 17727-normalized.py [RECONSTRUCTION FAILURE] (path: /syssec-nas0/pyc-research/compiled_evaluation_targets/usenix_test_set/python-3.12/17727/17727-normalized.py)
9. 19327-normalized.py [RECONSTRUCTION FAILURE] (path: /syssec-nas0/pyc-research/compiled_evaluation_targets/usenix_test_set/python-3.12/19327/19327-normalized.py)
10. 20452-normalized.py [COMPILE ERROR] (path: /syssec-nas0/pyc-research/compiled_evaluation_targets/usenix_test_set/python-3.12/20452/20452-normalized.py)
11. 21245-normalized.py [COMPILE ERROR] (path: /syssec-nas0/pyc-research/compiled_evaluation_targets/usenix_test_set/python-3.12/21245/21245-normalized.py)
12. 21583-normalized.py [COMPILE ERROR] (path: /syssec-nas0/pyc-research/compiled_evaluation_targets/usenix_test_set/python-3.12/21583/21583-normalized.py)
13. 21605-normalized.py [RECONSTRUCTION FAILURE] (path: /syssec-nas0/pyc-research/compiled_evaluation_targets/usenix_test_set/python-3.12/21605/21605-normalized.py)
14. 277-normalized.py [RECONSTRUCTION FAILURE] (path: /syssec-nas0/pyc-research/compiled_evaluation_targets/usenix_test_set/python-3.12/277/277-normalized.py)
15. 7865-normalized.py [COMPILE ERROR] (path: /syssec-nas0/pyc-research/compiled_evaluation_targets/usenix_test_set/python-3.12/7865/7865-normalized.py)
16. 8493-normalized.py [COMPILE ERROR] (path: /syssec-nas0/pyc-research/compiled_evaluation_targets/usenix_test_set/python-3.12/8493/8493-normalized.py)
17. 9230-normalized.py [RECONSTRUCTION FAILURE] (path: /syssec-nas0/pyc-research/compiled_evaluation_targets/usenix_test_set/python-3.12/9230/9230-normalized.py)
18. AttributeNodes.py [RECONSTRUCTION FAILURE] (path: /syssec-nas0/pyc-research/compiled_evaluation_targets/usenix_test_set/python-3.12/05b5e94439fe4956b0c61007b78226192fabb03558e4c3cad42279d96c561eb17944fb585d5f820d21c4570907b7f2bc8a02ff8ac3aff6045e887818dc4f7435/AttributeNodes.py)
19. Docker.py [RECONSTRUCTION FAILURE] (path: /syssec-nas0/pyc-research/compiled_evaluation_targets/usenix_test_set/python-3.12/f0974f739296bb8627ece86d6b6942582dff38f962cd7d65283ef5259bb3ce5ec2ffc1fe41fb157e3dbd68189cd5011f70bcc3c0c4ba9b458bc93693232e9cf6/Docker.py)
20. GeneticAlgorithm.py [COMPILE ERROR] (path: /syssec-nas0/pyc-research/compiled_evaluation_targets/usenix_test_set/python-3.12/906842a96f866080826950088ca39796495fe1a1f5c804861963aa85c40b5b68a412a6aea1345849cebf7352870a640a27b4239f13c294ff9b8579dac3216186/GeneticAlgorithm.py)
21. IRAF_Reduction.py [RECONSTRUCTION FAILURE] (path: /syssec-nas0/pyc-research/compiled_evaluation_targets/usenix_test_set/python-3.12/40820f844d9c624e8c3e0777bbffa3586f7597a9886acb295d44f10bb05ffa5e5b288afa1af23d6b466c0392111a9e76008feae9ec48d97b604c70835bb059f6/IRAF_Reduction.py)
22. _fileobjectposix.py [COMPILE ERROR] (path: /syssec-nas0/pyc-research/compiled_evaluation_targets/usenix_test_set/python-3.12/4cd9c561cae81f5fb527b46be6380adc0c8726b9ff4af665558e6818b71a96ac581e5ac08d2190c43c7b5be397b9bee386dd74fc58eb3fe83657ee6e0ae34eb3/_fileobjectposix.py)
23. _pslinux.py [COMPILE ERROR] (path: /syssec-nas0/pyc-research/compiled_evaluation_targets/usenix_test_set/python-3.12/3dc2b2e1804a6e00edd9873cf7b12ecfecc4c4eb68d56923db73db6bd67daea277a57990154bf0391f389af4077771bc286b68bc4528b0bce07243fc75768e86/_pslinux.py)
24. base.py [RECONSTRUCTION FAILURE] (path: /syssec-nas0/pyc-research/compiled_evaluation_targets/usenix_test_set/python-3.12/f8ea39dcd4f6e91b8dc21c66ed5504f104b3d2ad29c8a66d40be164e1b1ad2e932a422db60afc183ac9220ea0f2292088bb0907ca999746f654da7816aa9807a/base.py)
25. bittrex.py [RECONSTRUCTION FAILURE] (path: /syssec-nas0/pyc-research/compiled_evaluation_targets/usenix_test_set/python-3.12/b0189a081a8e64c63377958bfc5acbaf925e5b50e6e9d1bc85212ab01d1cf93e6f3a573f29414aaf454366c3610b3c73ebda98c056021583d119d9669e35c844/bittrex.py)
26. cache.py [COMPILE ERROR] (path: /syssec-nas0/pyc-research/compiled_evaluation_targets/usenix_test_set/python-3.12/cf520a10ba107d08d628b9e6b54d1ca736c48d6fde28bb20ac61a1ce504dab98035fe49f9b134b440720ba905e6dd1887ffdb00884a45dedf6bbc18f4ea6b595/cache.py)
27. command_list.py [RECONSTRUCTION FAILURE] (path: /syssec-nas0/pyc-research/compiled_evaluation_targets/usenix_test_set/python-3.12/549520a03970d6cf3836f20954da1c79b7c35898994a88af446e12b1c9460efc766e3a5922aa7c9b6dd65a1304bfb6af8c8a7ddce3d9195ead1f2fe5ffd5ba9e/command_list.py)
28. compat.py [COMPILE ERROR] (path: /syssec-nas0/pyc-research/compiled_evaluation_targets/usenix_test_set/python-3.12/992dafc4657443904f98170017c7b0d1812101f24b9d03c83d26a97d8973099689c71144851be3bc8212d90af169df492699d1633517039b2e5da25706972c3b/compat.py)
29. config.py [COMPILE ERROR] (path: /syssec-nas0/pyc-research/compiled_evaluation_targets/usenix_test_set/python-3.12/26aa5943c11f7dd614d6d6f5be4d0e0e8bd526129931366d762c02daaedf1a6133ca0b9748eaec83f26b56731fee210836ee880f4091aaa1b677dc7341e2188a/config.py)
30. container_helper.py [COMPILE ERROR] (path: /syssec-nas0/pyc-research/compiled_evaluation_targets/usenix_test_set/python-3.12/24592f5b74866a8f908a7b31ce6ec6a0594420708c875d9cd0a4db951a942f1405681d4c70b6e7fa4495cbe889719c399ab649d105371b5b691a44d6a12dd2c2/container_helper.py)
31. dataset_providers.py [COMPILE ERROR] (path: /syssec-nas0/pyc-research/compiled_evaluation_targets/usenix_test_set/python-3.12/aa8febc11b0fa251f887f8ee0267c88818233aaf99d9e0bbfee42239eabb408c923d23963a5f3c60d8ad40c56fc3aa4f8db48652580d32e916fa5ff5a61f197c/dataset_providers.py)
32. email_auth_plugin.py [COMPILE ERROR] (path: /syssec-nas0/pyc-research/compiled_evaluation_targets/usenix_test_set/python-3.12/d631d1141184e84dbbb2d277d2e25b7e3cef27c7b6518a367f12540d21c20e835bc9cdf06e3b4a383d34b21063775c3a09553194cca99f8ce44353deff0592b4/email_auth_plugin.py)
33. engine.py [COMPILE ERROR] (path: /syssec-nas0/pyc-research/compiled_evaluation_targets/usenix_test_set/python-3.12/a0c91758708c30cf81d9b28dad13b4a0aca3768c7567cf8cd44b93efa66b90975839180b6a7454db858952022341bda3be3a20e8f263c8fcbc297f11522796cc/engine.py)
34. evaluate_sbd.py [COMPILE ERROR] (path: /syssec-nas0/pyc-research/compiled_evaluation_targets/usenix_test_set/python-3.12/b225d04a0dadd1af2bdb94806bec5ee3a506b938e054665eb5f14ab69e4623d4949aaafd9edd3e6d1134850c127f22c82ecf98b2ea0244c9ab9199dba6f3c13f/evaluate_sbd.py)
35. event.py [RECONSTRUCTION FAILURE] (path: /syssec-nas0/pyc-research/compiled_evaluation_targets/usenix_test_set/python-3.12/ced1f660843e9a96e06190df855da0fc4f94a50471e6f4143d6f259e8e85feebe662aae48d09b03cc77805e70e1be7d4a8918c3813c3eed07d192cd06ae8e0e2/event.py)
36. export.py [COMPILE ERROR] (path: /syssec-nas0/pyc-research/compiled_evaluation_targets/usenix_test_set/python-3.12/75955dcd80a0c4f6c77525d6046bd1737f43a7494bfad37916b0bc6c6101c21d2b84a5247d45aef1186c729f84d5faeb8885140dde72a8563e8c1db8c0111592/export.py)
37. generic.py [RECONSTRUCTION FAILURE] (path: /syssec-nas0/pyc-research/compiled_evaluation_targets/usenix_test_set/python-3.12/d00b530ef7cad6c74113936940c58b5d9b135f1cca5eea2b9a4855f7df6a17e0a236bb00ab5f179d6942cd679e7ffc44e73aee2c31d55396cf77d5208bb31bf0/generic.py)
38. gerrit.py [COMPILE ERROR] (path: /syssec-nas0/pyc-research/compiled_evaluation_targets/usenix_test_set/python-3.12/af337628c2908249af7d945563ae4310623f81a3e22f2da5682395e81c858bd5754e0eca8891319677b70035f7bf163333b9da2fef91f300464e6de62bbd1c6a/gerrit.py)
39. hide_utils.py [COMPILE ERROR] (path: /syssec-nas0/pyc-research/compiled_evaluation_targets/usenix_test_set/python-3.12/3e9b640265aa654cda4581e3cf6418aaa817f1fcd6feedc06f35dec3c6dbe7d8f18d98c5ac4c49409745f7b89a0016c11ad0a5bd89133de147958fd86000dbae/hide_utils.py)
40. hourly_market.py [RECONSTRUCTION FAILURE] (path: /syssec-nas0/pyc-research/compiled_evaluation_targets/usenix_test_set/python-3.12/930b3b7b0230241cbac45666027779601d88fcad4bd9a001487fbc951fa95860efb7efb9999a332544b02657b26f853ed37b745a28be7db7bebbeaebd41caa22/hourly_market.py)
41. identity.py [COMPILE ERROR] (path: /syssec-nas0/pyc-research/compiled_evaluation_targets/usenix_test_set/python-3.12/2f351d3f845f920ecba68a6c3e9347b964967c60aa38157cea3b08d758a5dd05cbc194715e88cb592cb2e93427ecebd318479eb3a908e5f1b414c167ee8ec9c0/identity.py)
42. info.py [RECONSTRUCTION FAILURE] (path: /syssec-nas0/pyc-research/compiled_evaluation_targets/usenix_test_set/python-3.12/5b408dd2684bc57b5412313fe43f4a77d3be22d1b961facbeec3287ced3113ab991389224bb4408b00e87bf94dac6ee66fee3c32344d1ed9ad382747e5272e07/info.py)
43. interval_lifecycle.py [COMPILE ERROR] (path: /syssec-nas0/pyc-research/compiled_evaluation_targets/usenix_test_set/python-3.12/39dd3de8a559eb00074c5244936139667e258d4aef62d1750bcedff287311bdfbf63adc3ecfe8c07c1ca525a6c6e978b167e9c2f457b7eb9b0dbc886f393e276/interval_lifecycle.py)
44. iterator.py [COMPILE ERROR] (path: /syssec-nas0/pyc-research/compiled_evaluation_targets/usenix_test_set/python-3.12/6b292028392c316b624bea1345952b3aaf3d04b7398d39c64e80e7caa8b113d8b6ab540cdf956e02b78dec1b3187817ce41f61d0c0b64d7d756c35b9cf2e1c98/iterator.py)
45. keras.py [RECONSTRUCTION FAILURE] (path: /syssec-nas0/pyc-research/compiled_evaluation_targets/usenix_test_set/python-3.12/7c8c1e60f94e9fceebb95b119b33914485a7c0cdb829881cfaaff7d7faaeef9b0af8a986d9afcff85be4c4009d3bf5e655a9761102f467449205aab947b1affe/keras.py)
46. lib.py [RECONSTRUCTION FAILURE] (path: /syssec-nas0/pyc-research/compiled_evaluation_targets/usenix_test_set/python-3.12/fd5686194ffcff6fc29a1d74be29e6cf119d3594bf5befd8c60fb20fd5f566dae253d57a353e45755e55cd22fa0abd29392c03764a759b587b484dded3bbabcd/lib.py)
47. loading_prompt_interceptor.py [COMPILE ERROR] (path: /syssec-nas0/pyc-research/compiled_evaluation_targets/usenix_test_set/python-3.12/53f17fd3c2fada8d9a784059d7ce9ca4fd27ca86527bcbd169f269b75773e4a46c1898d7901c27581dc38666f09862519e3756327946f1ca784cfd755625cd5c/loading_prompt_interceptor.py)
48. local_project_config.py [COMPILE ERROR] (path: /syssec-nas0/pyc-research/compiled_evaluation_targets/usenix_test_set/python-3.12/71d0e41dddd1d3a4ad9bd314e80b944cb148b234a853acaaa7bf6405ca9c8c932957dca01de5617df71c70f51277327a5b70476e634052ebfb2cfcbf1a866a7a/local_project_config.py)
49. macroserver.py [COMPILE ERROR] (path: /syssec-nas0/pyc-research/compiled_evaluation_targets/usenix_test_set/python-3.12/ae369c846522915ad9e08c63dc190ac116e9fc44e855c8576f215f8662657764a872b1ad14d15f9e72bf559c6563cf5cd8c0ad07c29864727b1a6cabc45a047a/macroserver.py)
50. matrices.py [COMPILE ERROR] (path: /syssec-nas0/pyc-research/compiled_evaluation_targets/usenix_test_set/python-3.12/fe1166c5c420fdf2df2851aa1f484eea48ebb73f1d31e06242432996a0d5cb3a69a7a68aa150c55c84776b4d0a1d08e7a292cc4bd3910349b6ef8c6011dea41f/matrices.py)
51. note.py [RECONSTRUCTION FAILURE] (path: /syssec-nas0/pyc-research/compiled_evaluation_targets/usenix_test_set/python-3.12/a1652820b22683af8caf56be1c218a81fb1ac541dbe6aba2406b2b68934c413e7944580e43cb2a39cc212bf6037e6d259320236590f4cf46d573ba9c15a3d597/note.py)
52. pkfont.py [RECONSTRUCTION FAILURE] (path: /syssec-nas0/pyc-research/compiled_evaluation_targets/usenix_test_set/python-3.12/3bcbd7e8376302af4aa0a0d664b6938a04821283b48aae124137ead2efa508ed6da8b5b8675977696a51701220532aed5872e5ce708df2f6932bc188dba8c8c8/pkfont.py)
53. problem_specification.py [COMPILE ERROR] (path: /syssec-nas0/pyc-research/compiled_evaluation_targets/usenix_test_set/python-3.12/cbed7605b8f71582bd7b77dbb2a84c07be7253d9cc52240ad342aea291a631183d67a71796d3be9a7b1882f4b0e009c7a611d70b974183656921b269010ffbf7/problem_specification.py)
54. readers.py [RECONSTRUCTION FAILURE] (path: /syssec-nas0/pyc-research/compiled_evaluation_targets/usenix_test_set/python-3.12/49aeb0fd86a64fdc66ab1b78333e9e9dc3d3213c739146cea2ce88d596bc77b20498088fa63938e88b30180dc7603980d5af895c8a53616646c3372e016f9d40/readers.py)
55. referring_video_object_segmentation_pipeline.py [COMPILE ERROR] (path: /syssec-nas0/pyc-research/compiled_evaluation_targets/usenix_test_set/python-3.12/d9ab91f72e2e6c5fdad4bf1351d0585d333c6a52799350dba5ae80289973e4dc0ccecbedea5f1c5b66d76ef2266855142c015069fb7e78136768e783621ccbef/referring_video_object_segmentation_pipeline.py)
56. req_install.py [RECONSTRUCTION FAILURE] (path: /syssec-nas0/pyc-research/compiled_evaluation_targets/usenix_test_set/python-3.12/3fb071e493a542ec15e107737d4f92e32cda9ee46ee5ac838eabd2c028a31bfed8b72197ed33f8cc8ea7fa2a0b262b38d86da5e4634a55168a51a44409f76bc7/req_install.py)
57. roi_align_python.py [RECONSTRUCTION FAILURE] (path: /syssec-nas0/pyc-research/compiled_evaluation_targets/usenix_test_set/python-3.12/ba335f7f6571c7b40d59916d66b8f4a3a77b25cdc5a9f81206968aec28241f15cc1afffd923dfd59eb626a839c432b68882d97af13bc750a5d0b1c2693f23303/roi_align_python.py)
58. rtcrtpsender.py [COMPILE ERROR] (path: /syssec-nas0/pyc-research/compiled_evaluation_targets/usenix_test_set/python-3.12/2eb1b54d5e42d7d9eac34490c83da8586955b614b97c6aef2b2b63f86463cea2200d873c34c732b3cc536ee2d2a41a005cefb80781e34679fa263a1eb68f3a08/rtcrtpsender.py)
59. run_all.py [COMPILE ERROR] (path: /syssec-nas0/pyc-research/compiled_evaluation_targets/usenix_test_set/python-3.12/fe50871af19d072b8b60a0a39e59f48ebeb2856f5304814f7a00a510984985978f05746f1b71a5a9d6115ba91146ccf297fd2e849775cf74b188d9010d505237/run_all.py)
60. sample.py [COMPILE ERROR] (path: /syssec-nas0/pyc-research/compiled_evaluation_targets/usenix_test_set/python-3.12/ed98ef14f342b0b2c67d232080e30ae4e5039ff7f4c1354c487d8748200733b1ca9c8cdeb0f9c7af4fdaf29abb703512a4497353868b9570fc6cbd4e84010f03/sample.py)
61. segmentation_losses.py [RECONSTRUCTION FAILURE] (path: /syssec-nas0/pyc-research/compiled_evaluation_targets/usenix_test_set/python-3.12/99047ffe0d1b2e341a015aaf31758ffbe92dbc7a0cdee4547210f5f902a95d628dd2e36d96da642116ba8dda12a65f70ff21762b3443cc9cf48fd0bb33b68a91/segmentation_losses.py)
62. semantics_utils.py [RECONSTRUCTION FAILURE] (path: /syssec-nas0/pyc-research/compiled_evaluation_targets/usenix_test_set/python-3.12/62d458e428a77097a72aa09482ed804d326b8652209da904667da53f19f7347cfbf757771e9c4904f1ed61b8dcb4f8d19d1c658cf8ce8e7b7af5fbbc86b2bc29/semantics_utils.py)
63. sobol.py [RECONSTRUCTION FAILURE] (path: /syssec-nas0/pyc-research/compiled_evaluation_targets/usenix_test_set/python-3.12/38291538b4b7da02a6e99643c67bfc94d7ce3f7ee82d4bf4b0ea69d76d0de02958ec11c6905542bbd7daf81b8ee3d4e809e745bd460d82f87f74e6b15d108160/sobol.py)
64. stock_lhb_sina.py [COMPILE ERROR] (path: /syssec-nas0/pyc-research/compiled_evaluation_targets/usenix_test_set/python-3.12/d9d783cb5f07b3fbcfe0dcf27599d2d39d261fd4e93cf0d53dc279adb93e51079f2e624ec3bed03039fd1401efcfc458c17bc2a7594699e9e432eb221aa2cac5/stock_lhb_sina.py)
65. structure_learning.py [RECONSTRUCTION FAILURE] (path: /syssec-nas0/pyc-research/compiled_evaluation_targets/usenix_test_set/python-3.12/326148351debf175d51ff8b42f45f522cca8c1076495d38b1c1266b25b575a86f8837a843a0ddcb10a77873bac4bb383e6707d0c722e1531a89fc4332baef261/structure_learning.py)
66. test_script.py [RECONSTRUCTION FAILURE] (path: /syssec-nas0/pyc-research/compiled_evaluation_targets/usenix_test_set/python-3.12/6c0b8b91347e2ee8afa8caa2f5ea75d7cef8c7490df71a868488aabcc7fb17a8a2c2fac4d38ac50ac231d9f7b6d80e6345d76b14e5eb3e089bbbeb1ebcafbe18/test_script.py)
67. test_stata.py [COMPILE ERROR] (path: /syssec-nas0/pyc-research/compiled_evaluation_targets/usenix_test_set/python-3.12/45a5c3713460f9c2a0c0547ae2ba035aca9f6c28111877390a9f9f7549fd9fc920021d731cc861533bc0d886a8584714908b7fb62b0740411ccd3654d05c375d/test_stata.py)
68. texturecompress.py [RECONSTRUCTION FAILURE] (path: /syssec-nas0/pyc-research/compiled_evaluation_targets/usenix_test_set/python-3.12/cb54c857afc213b06ada9a573541cf63913cc7672a72a992ffe40bd724a610ea3fa8fb22c9facb5816ed8acab9c5723251bc817d961bc99bc0e2941f1630e1c2/texturecompress.py)
69. tf_decorator.py [RECONSTRUCTION FAILURE] (path: /syssec-nas0/pyc-research/compiled_evaluation_targets/usenix_test_set/python-3.12/254c689ac47da6c3f3cb3866791e1ef398c610a944010f95afe45b1d3dca168bb5b790a1dd450fb5420ace468b65d0c2e1ec7e405472d869c8210304eef609c7/tf_decorator.py)
70. tokenizer.py [RECONSTRUCTION FAILURE] (path: /syssec-nas0/pyc-research/compiled_evaluation_targets/usenix_test_set/python-3.12/12ce9242a1055a6b5a0c042e5efa554829d399194e4050148d88b585fb1f8f23e6828f65258e411e13ed10a33194b44edc23bd2889c493a6e86bfc60a8240eb0/tokenizer.py)
71. tracked_thread.py [COMPILE ERROR] (path: /syssec-nas0/pyc-research/compiled_evaluation_targets/usenix_test_set/python-3.12/759ac99e27475c933cf685b0a66d632ef13b9a5c18c0cb9b432232b66ddf106c2e151f2071e19056398a2e147bb78f903245f484b60aaba0aaf52bdb0f4faa88/tracked_thread.py)
72. tracker.py [COMPILE ERROR] (path: /syssec-nas0/pyc-research/compiled_evaluation_targets/usenix_test_set/python-3.12/2de1b380508d964b2cda7a1777cc1bc10c0b840475e712c992d605faaffdb1ce6f4d74e0b589e36c8a4c23f7ca8ff86b328d4ba7ea33cf093d27115e9f4155b0/tracker.py)
73. utils.py [COMPILE ERROR] (path: /syssec-nas0/pyc-research/compiled_evaluation_targets/usenix_test_set/python-3.12/2b127d1e5201a4fdfd1f5b62874303220ddb1770de1cfed0f3096f86475b1d1d7700419f6e430bd561a6f0b674dfdb1edeac0542a0884c024ed2342df0d13a1c/utils.py)
74. views.py [RECONSTRUCTION FAILURE] (path: /syssec-nas0/pyc-research/compiled_evaluation_targets/usenix_test_set/python-3.12/810104722d80b0367b9d53f14960dd72760905530fe03f6c65cc34b4f52a655e5bcfdc9378f8ba43d27064d4dfef81ed5adc181824e55f08a7063a239036f40b/views.py)
75. yizhibo_facepp_compare.py [RECONSTRUCTION FAILURE] (path: /syssec-nas0/pyc-research/compiled_evaluation_targets/usenix_test_set/python-3.12/49a0a745baccf20c88042529f9ebe4895a5af4dddb6459aca37dfe5b5990524caf929625bc3839d5557f092f189d487627d994aab65a90fcb5b827791e4841a7/yizhibo_facepp_compare.py)
76. zylaalignpanel.py [COMPILE ERROR] (path: /syssec-nas0/pyc-research/compiled_evaluation_targets/usenix_test_set/python-3.12/7ca0a5e84178573c50af2b5cbce325128cff0dc98fc60c5749fb3ca45560b1fd99644993186f9b25a8033861d9cd5937d89b3dd35d5d532b6e5ece997c10a6ba/zylaalignpanel.py)

=== Detailed Breakdown ===

Compile Errors:
1. 12181-normalized.py (path: /syssec-nas0/pyc-research/compiled_evaluation_targets/usenix_test_set/python-3.12/12181/12181-normalized.py)
2. 12304-normalized.py (path: /syssec-nas0/pyc-research/compiled_evaluation_targets/usenix_test_set/python-3.12/12304/12304-normalized.py)
3. 20452-normalized.py (path: /syssec-nas0/pyc-research/compiled_evaluation_targets/usenix_test_set/python-3.12/20452/20452-normalized.py)
4. 21245-normalized.py (path: /syssec-nas0/pyc-research/compiled_evaluation_targets/usenix_test_set/python-3.12/21245/21245-normalized.py)
5. 21583-normalized.py (path: /syssec-nas0/pyc-research/compiled_evaluation_targets/usenix_test_set/python-3.12/21583/21583-normalized.py)
6. 7865-normalized.py (path: /syssec-nas0/pyc-research/compiled_evaluation_targets/usenix_test_set/python-3.12/7865/7865-normalized.py)
7. 8493-normalized.py (path: /syssec-nas0/pyc-research/compiled_evaluation_targets/usenix_test_set/python-3.12/8493/8493-normalized.py)
8. GeneticAlgorithm.py (path: /syssec-nas0/pyc-research/compiled_evaluation_targets/usenix_test_set/python-3.12/906842a96f866080826950088ca39796495fe1a1f5c804861963aa85c40b5b68a412a6aea1345849cebf7352870a640a27b4239f13c294ff9b8579dac3216186/GeneticAlgorithm.py)
9. _fileobjectposix.py (path: /syssec-nas0/pyc-research/compiled_evaluation_targets/usenix_test_set/python-3.12/4cd9c561cae81f5fb527b46be6380adc0c8726b9ff4af665558e6818b71a96ac581e5ac08d2190c43c7b5be397b9bee386dd74fc58eb3fe83657ee6e0ae34eb3/_fileobjectposix.py)
10. _pslinux.py (path: /syssec-nas0/pyc-research/compiled_evaluation_targets/usenix_test_set/python-3.12/3dc2b2e1804a6e00edd9873cf7b12ecfecc4c4eb68d56923db73db6bd67daea277a57990154bf0391f389af4077771bc286b68bc4528b0bce07243fc75768e86/_pslinux.py)
11. cache.py (path: /syssec-nas0/pyc-research/compiled_evaluation_targets/usenix_test_set/python-3.12/cf520a10ba107d08d628b9e6b54d1ca736c48d6fde28bb20ac61a1ce504dab98035fe49f9b134b440720ba905e6dd1887ffdb00884a45dedf6bbc18f4ea6b595/cache.py)
12. compat.py (path: /syssec-nas0/pyc-research/compiled_evaluation_targets/usenix_test_set/python-3.12/992dafc4657443904f98170017c7b0d1812101f24b9d03c83d26a97d8973099689c71144851be3bc8212d90af169df492699d1633517039b2e5da25706972c3b/compat.py)
13. config.py (path: /syssec-nas0/pyc-research/compiled_evaluation_targets/usenix_test_set/python-3.12/26aa5943c11f7dd614d6d6f5be4d0e0e8bd526129931366d762c02daaedf1a6133ca0b9748eaec83f26b56731fee210836ee880f4091aaa1b677dc7341e2188a/config.py)
14. container_helper.py (path: /syssec-nas0/pyc-research/compiled_evaluation_targets/usenix_test_set/python-3.12/24592f5b74866a8f908a7b31ce6ec6a0594420708c875d9cd0a4db951a942f1405681d4c70b6e7fa4495cbe889719c399ab649d105371b5b691a44d6a12dd2c2/container_helper.py)
15. dataset_providers.py (path: /syssec-nas0/pyc-research/compiled_evaluation_targets/usenix_test_set/python-3.12/aa8febc11b0fa251f887f8ee0267c88818233aaf99d9e0bbfee42239eabb408c923d23963a5f3c60d8ad40c56fc3aa4f8db48652580d32e916fa5ff5a61f197c/dataset_providers.py)
16. email_auth_plugin.py (path: /syssec-nas0/pyc-research/compiled_evaluation_targets/usenix_test_set/python-3.12/d631d1141184e84dbbb2d277d2e25b7e3cef27c7b6518a367f12540d21c20e835bc9cdf06e3b4a383d34b21063775c3a09553194cca99f8ce44353deff0592b4/email_auth_plugin.py)
17. engine.py (path: /syssec-nas0/pyc-research/compiled_evaluation_targets/usenix_test_set/python-3.12/a0c91758708c30cf81d9b28dad13b4a0aca3768c7567cf8cd44b93efa66b90975839180b6a7454db858952022341bda3be3a20e8f263c8fcbc297f11522796cc/engine.py)
18. evaluate_sbd.py (path: /syssec-nas0/pyc-research/compiled_evaluation_targets/usenix_test_set/python-3.12/b225d04a0dadd1af2bdb94806bec5ee3a506b938e054665eb5f14ab69e4623d4949aaafd9edd3e6d1134850c127f22c82ecf98b2ea0244c9ab9199dba6f3c13f/evaluate_sbd.py)
19. export.py (path: /syssec-nas0/pyc-research/compiled_evaluation_targets/usenix_test_set/python-3.12/75955dcd80a0c4f6c77525d6046bd1737f43a7494bfad37916b0bc6c6101c21d2b84a5247d45aef1186c729f84d5faeb8885140dde72a8563e8c1db8c0111592/export.py)
20. gerrit.py (path: /syssec-nas0/pyc-research/compiled_evaluation_targets/usenix_test_set/python-3.12/af337628c2908249af7d945563ae4310623f81a3e22f2da5682395e81c858bd5754e0eca8891319677b70035f7bf163333b9da2fef91f300464e6de62bbd1c6a/gerrit.py)
21. hide_utils.py (path: /syssec-nas0/pyc-research/compiled_evaluation_targets/usenix_test_set/python-3.12/3e9b640265aa654cda4581e3cf6418aaa817f1fcd6feedc06f35dec3c6dbe7d8f18d98c5ac4c49409745f7b89a0016c11ad0a5bd89133de147958fd86000dbae/hide_utils.py)
22. identity.py (path: /syssec-nas0/pyc-research/compiled_evaluation_targets/usenix_test_set/python-3.12/2f351d3f845f920ecba68a6c3e9347b964967c60aa38157cea3b08d758a5dd05cbc194715e88cb592cb2e93427ecebd318479eb3a908e5f1b414c167ee8ec9c0/identity.py)
23. interval_lifecycle.py (path: /syssec-nas0/pyc-research/compiled_evaluation_targets/usenix_test_set/python-3.12/39dd3de8a559eb00074c5244936139667e258d4aef62d1750bcedff287311bdfbf63adc3ecfe8c07c1ca525a6c6e978b167e9c2f457b7eb9b0dbc886f393e276/interval_lifecycle.py)
24. iterator.py (path: /syssec-nas0/pyc-research/compiled_evaluation_targets/usenix_test_set/python-3.12/6b292028392c316b624bea1345952b3aaf3d04b7398d39c64e80e7caa8b113d8b6ab540cdf956e02b78dec1b3187817ce41f61d0c0b64d7d756c35b9cf2e1c98/iterator.py)
25. loading_prompt_interceptor.py (path: /syssec-nas0/pyc-research/compiled_evaluation_targets/usenix_test_set/python-3.12/53f17fd3c2fada8d9a784059d7ce9ca4fd27ca86527bcbd169f269b75773e4a46c1898d7901c27581dc38666f09862519e3756327946f1ca784cfd755625cd5c/loading_prompt_interceptor.py)
26. local_project_config.py (path: /syssec-nas0/pyc-research/compiled_evaluation_targets/usenix_test_set/python-3.12/71d0e41dddd1d3a4ad9bd314e80b944cb148b234a853acaaa7bf6405ca9c8c932957dca01de5617df71c70f51277327a5b70476e634052ebfb2cfcbf1a866a7a/local_project_config.py)
27. macroserver.py (path: /syssec-nas0/pyc-research/compiled_evaluation_targets/usenix_test_set/python-3.12/ae369c846522915ad9e08c63dc190ac116e9fc44e855c8576f215f8662657764a872b1ad14d15f9e72bf559c6563cf5cd8c0ad07c29864727b1a6cabc45a047a/macroserver.py)
28. matrices.py (path: /syssec-nas0/pyc-research/compiled_evaluation_targets/usenix_test_set/python-3.12/fe1166c5c420fdf2df2851aa1f484eea48ebb73f1d31e06242432996a0d5cb3a69a7a68aa150c55c84776b4d0a1d08e7a292cc4bd3910349b6ef8c6011dea41f/matrices.py)
29. problem_specification.py (path: /syssec-nas0/pyc-research/compiled_evaluation_targets/usenix_test_set/python-3.12/cbed7605b8f71582bd7b77dbb2a84c07be7253d9cc52240ad342aea291a631183d67a71796d3be9a7b1882f4b0e009c7a611d70b974183656921b269010ffbf7/problem_specification.py)
30. referring_video_object_segmentation_pipeline.py (path: /syssec-nas0/pyc-research/compiled_evaluation_targets/usenix_test_set/python-3.12/d9ab91f72e2e6c5fdad4bf1351d0585d333c6a52799350dba5ae80289973e4dc0ccecbedea5f1c5b66d76ef2266855142c015069fb7e78136768e783621ccbef/referring_video_object_segmentation_pipeline.py)
31. rtcrtpsender.py (path: /syssec-nas0/pyc-research/compiled_evaluation_targets/usenix_test_set/python-3.12/2eb1b54d5e42d7d9eac34490c83da8586955b614b97c6aef2b2b63f86463cea2200d873c34c732b3cc536ee2d2a41a005cefb80781e34679fa263a1eb68f3a08/rtcrtpsender.py)
32. run_all.py (path: /syssec-nas0/pyc-research/compiled_evaluation_targets/usenix_test_set/python-3.12/fe50871af19d072b8b60a0a39e59f48ebeb2856f5304814f7a00a510984985978f05746f1b71a5a9d6115ba91146ccf297fd2e849775cf74b188d9010d505237/run_all.py)
33. sample.py (path: /syssec-nas0/pyc-research/compiled_evaluation_targets/usenix_test_set/python-3.12/ed98ef14f342b0b2c67d232080e30ae4e5039ff7f4c1354c487d8748200733b1ca9c8cdeb0f9c7af4fdaf29abb703512a4497353868b9570fc6cbd4e84010f03/sample.py)
34. stock_lhb_sina.py (path: /syssec-nas0/pyc-research/compiled_evaluation_targets/usenix_test_set/python-3.12/d9d783cb5f07b3fbcfe0dcf27599d2d39d261fd4e93cf0d53dc279adb93e51079f2e624ec3bed03039fd1401efcfc458c17bc2a7594699e9e432eb221aa2cac5/stock_lhb_sina.py)
35. test_stata.py (path: /syssec-nas0/pyc-research/compiled_evaluation_targets/usenix_test_set/python-3.12/45a5c3713460f9c2a0c0547ae2ba035aca9f6c28111877390a9f9f7549fd9fc920021d731cc861533bc0d886a8584714908b7fb62b0740411ccd3654d05c375d/test_stata.py)
36. tracked_thread.py (path: /syssec-nas0/pyc-research/compiled_evaluation_targets/usenix_test_set/python-3.12/759ac99e27475c933cf685b0a66d632ef13b9a5c18c0cb9b432232b66ddf106c2e151f2071e19056398a2e147bb78f903245f484b60aaba0aaf52bdb0f4faa88/tracked_thread.py)
37. tracker.py (path: /syssec-nas0/pyc-research/compiled_evaluation_targets/usenix_test_set/python-3.12/2de1b380508d964b2cda7a1777cc1bc10c0b840475e712c992d605faaffdb1ce6f4d74e0b589e36c8a4c23f7ca8ff86b328d4ba7ea33cf093d27115e9f4155b0/tracker.py)
38. utils.py (path: /syssec-nas0/pyc-research/compiled_evaluation_targets/usenix_test_set/python-3.12/2b127d1e5201a4fdfd1f5b62874303220ddb1770de1cfed0f3096f86475b1d1d7700419f6e430bd561a6f0b674dfdb1edeac0542a0884c024ed2342df0d13a1c/utils.py)
39. zylaalignpanel.py (path: /syssec-nas0/pyc-research/compiled_evaluation_targets/usenix_test_set/python-3.12/7ca0a5e84178573c50af2b5cbce325128cff0dc98fc60c5749fb3ca45560b1fd99644993186f9b25a8033861d9cd5937d89b3dd35d5d532b6e5ece997c10a6ba/zylaalignpanel.py)

Reconstruction Failures:
1. 12489-normalized.py (path: /syssec-nas0/pyc-research/compiled_evaluation_targets/usenix_test_set/python-3.12/12489/12489-normalized.py)
2. 15028-normalized.py (path: /syssec-nas0/pyc-research/compiled_evaluation_targets/usenix_test_set/python-3.12/15028/15028-normalized.py)
3. 16056-normalized.py (path: /syssec-nas0/pyc-research/compiled_evaluation_targets/usenix_test_set/python-3.12/16056/16056-normalized.py)
4. 16120-normalized.py (path: /syssec-nas0/pyc-research/compiled_evaluation_targets/usenix_test_set/python-3.12/16120/16120-normalized.py)
5. 17376-normalized.py (path: /syssec-nas0/pyc-research/compiled_evaluation_targets/usenix_test_set/python-3.12/17376/17376-normalized.py)
6. 17727-normalized.py (path: /syssec-nas0/pyc-research/compiled_evaluation_targets/usenix_test_set/python-3.12/17727/17727-normalized.py)
7. 19327-normalized.py (path: /syssec-nas0/pyc-research/compiled_evaluation_targets/usenix_test_set/python-3.12/19327/19327-normalized.py)
8. 21605-normalized.py (path: /syssec-nas0/pyc-research/compiled_evaluation_targets/usenix_test_set/python-3.12/21605/21605-normalized.py)
9. 277-normalized.py (path: /syssec-nas0/pyc-research/compiled_evaluation_targets/usenix_test_set/python-3.12/277/277-normalized.py)
10. 9230-normalized.py (path: /syssec-nas0/pyc-research/compiled_evaluation_targets/usenix_test_set/python-3.12/9230/9230-normalized.py)
11. AttributeNodes.py (path: /syssec-nas0/pyc-research/compiled_evaluation_targets/usenix_test_set/python-3.12/05b5e94439fe4956b0c61007b78226192fabb03558e4c3cad42279d96c561eb17944fb585d5f820d21c4570907b7f2bc8a02ff8ac3aff6045e887818dc4f7435/AttributeNodes.py)
12. Docker.py (path: /syssec-nas0/pyc-research/compiled_evaluation_targets/usenix_test_set/python-3.12/f0974f739296bb8627ece86d6b6942582dff38f962cd7d65283ef5259bb3ce5ec2ffc1fe41fb157e3dbd68189cd5011f70bcc3c0c4ba9b458bc93693232e9cf6/Docker.py)
13. IRAF_Reduction.py (path: /syssec-nas0/pyc-research/compiled_evaluation_targets/usenix_test_set/python-3.12/40820f844d9c624e8c3e0777bbffa3586f7597a9886acb295d44f10bb05ffa5e5b288afa1af23d6b466c0392111a9e76008feae9ec48d97b604c70835bb059f6/IRAF_Reduction.py)
14. base.py (path: /syssec-nas0/pyc-research/compiled_evaluation_targets/usenix_test_set/python-3.12/f8ea39dcd4f6e91b8dc21c66ed5504f104b3d2ad29c8a66d40be164e1b1ad2e932a422db60afc183ac9220ea0f2292088bb0907ca999746f654da7816aa9807a/base.py)
15. bittrex.py (path: /syssec-nas0/pyc-research/compiled_evaluation_targets/usenix_test_set/python-3.12/b0189a081a8e64c63377958bfc5acbaf925e5b50e6e9d1bc85212ab01d1cf93e6f3a573f29414aaf454366c3610b3c73ebda98c056021583d119d9669e35c844/bittrex.py)
16. command_list.py (path: /syssec-nas0/pyc-research/compiled_evaluation_targets/usenix_test_set/python-3.12/549520a03970d6cf3836f20954da1c79b7c35898994a88af446e12b1c9460efc766e3a5922aa7c9b6dd65a1304bfb6af8c8a7ddce3d9195ead1f2fe5ffd5ba9e/command_list.py)
17. event.py (path: /syssec-nas0/pyc-research/compiled_evaluation_targets/usenix_test_set/python-3.12/ced1f660843e9a96e06190df855da0fc4f94a50471e6f4143d6f259e8e85feebe662aae48d09b03cc77805e70e1be7d4a8918c3813c3eed07d192cd06ae8e0e2/event.py)
18. generic.py (path: /syssec-nas0/pyc-research/compiled_evaluation_targets/usenix_test_set/python-3.12/d00b530ef7cad6c74113936940c58b5d9b135f1cca5eea2b9a4855f7df6a17e0a236bb00ab5f179d6942cd679e7ffc44e73aee2c31d55396cf77d5208bb31bf0/generic.py)
19. hourly_market.py (path: /syssec-nas0/pyc-research/compiled_evaluation_targets/usenix_test_set/python-3.12/930b3b7b0230241cbac45666027779601d88fcad4bd9a001487fbc951fa95860efb7efb9999a332544b02657b26f853ed37b745a28be7db7bebbeaebd41caa22/hourly_market.py)
20. info.py (path: /syssec-nas0/pyc-research/compiled_evaluation_targets/usenix_test_set/python-3.12/5b408dd2684bc57b5412313fe43f4a77d3be22d1b961facbeec3287ced3113ab991389224bb4408b00e87bf94dac6ee66fee3c32344d1ed9ad382747e5272e07/info.py)
21. keras.py (path: /syssec-nas0/pyc-research/compiled_evaluation_targets/usenix_test_set/python-3.12/7c8c1e60f94e9fceebb95b119b33914485a7c0cdb829881cfaaff7d7faaeef9b0af8a986d9afcff85be4c4009d3bf5e655a9761102f467449205aab947b1affe/keras.py)
22. lib.py (path: /syssec-nas0/pyc-research/compiled_evaluation_targets/usenix_test_set/python-3.12/fd5686194ffcff6fc29a1d74be29e6cf119d3594bf5befd8c60fb20fd5f566dae253d57a353e45755e55cd22fa0abd29392c03764a759b587b484dded3bbabcd/lib.py)
23. note.py (path: /syssec-nas0/pyc-research/compiled_evaluation_targets/usenix_test_set/python-3.12/a1652820b22683af8caf56be1c218a81fb1ac541dbe6aba2406b2b68934c413e7944580e43cb2a39cc212bf6037e6d259320236590f4cf46d573ba9c15a3d597/note.py)
24. pkfont.py (path: /syssec-nas0/pyc-research/compiled_evaluation_targets/usenix_test_set/python-3.12/3bcbd7e8376302af4aa0a0d664b6938a04821283b48aae124137ead2efa508ed6da8b5b8675977696a51701220532aed5872e5ce708df2f6932bc188dba8c8c8/pkfont.py)
25. readers.py (path: /syssec-nas0/pyc-research/compiled_evaluation_targets/usenix_test_set/python-3.12/49aeb0fd86a64fdc66ab1b78333e9e9dc3d3213c739146cea2ce88d596bc77b20498088fa63938e88b30180dc7603980d5af895c8a53616646c3372e016f9d40/readers.py)
26. req_install.py (path: /syssec-nas0/pyc-research/compiled_evaluation_targets/usenix_test_set/python-3.12/3fb071e493a542ec15e107737d4f92e32cda9ee46ee5ac838eabd2c028a31bfed8b72197ed33f8cc8ea7fa2a0b262b38d86da5e4634a55168a51a44409f76bc7/req_install.py)
27. roi_align_python.py (path: /syssec-nas0/pyc-research/compiled_evaluation_targets/usenix_test_set/python-3.12/ba335f7f6571c7b40d59916d66b8f4a3a77b25cdc5a9f81206968aec28241f15cc1afffd923dfd59eb626a839c432b68882d97af13bc750a5d0b1c2693f23303/roi_align_python.py)
28. segmentation_losses.py (path: /syssec-nas0/pyc-research/compiled_evaluation_targets/usenix_test_set/python-3.12/99047ffe0d1b2e341a015aaf31758ffbe92dbc7a0cdee4547210f5f902a95d628dd2e36d96da642116ba8dda12a65f70ff21762b3443cc9cf48fd0bb33b68a91/segmentation_losses.py)
29. semantics_utils.py (path: /syssec-nas0/pyc-research/compiled_evaluation_targets/usenix_test_set/python-3.12/62d458e428a77097a72aa09482ed804d326b8652209da904667da53f19f7347cfbf757771e9c4904f1ed61b8dcb4f8d19d1c658cf8ce8e7b7af5fbbc86b2bc29/semantics_utils.py)
30. sobol.py (path: /syssec-nas0/pyc-research/compiled_evaluation_targets/usenix_test_set/python-3.12/38291538b4b7da02a6e99643c67bfc94d7ce3f7ee82d4bf4b0ea69d76d0de02958ec11c6905542bbd7daf81b8ee3d4e809e745bd460d82f87f74e6b15d108160/sobol.py)
31. structure_learning.py (path: /syssec-nas0/pyc-research/compiled_evaluation_targets/usenix_test_set/python-3.12/326148351debf175d51ff8b42f45f522cca8c1076495d38b1c1266b25b575a86f8837a843a0ddcb10a77873bac4bb383e6707d0c722e1531a89fc4332baef261/structure_learning.py)
32. test_script.py (path: /syssec-nas0/pyc-research/compiled_evaluation_targets/usenix_test_set/python-3.12/6c0b8b91347e2ee8afa8caa2f5ea75d7cef8c7490df71a868488aabcc7fb17a8a2c2fac4d38ac50ac231d9f7b6d80e6345d76b14e5eb3e089bbbeb1ebcafbe18/test_script.py)
33. texturecompress.py (path: /syssec-nas0/pyc-research/compiled_evaluation_targets/usenix_test_set/python-3.12/cb54c857afc213b06ada9a573541cf63913cc7672a72a992ffe40bd724a610ea3fa8fb22c9facb5816ed8acab9c5723251bc817d961bc99bc0e2941f1630e1c2/texturecompress.py)
34. tf_decorator.py (path: /syssec-nas0/pyc-research/compiled_evaluation_targets/usenix_test_set/python-3.12/254c689ac47da6c3f3cb3866791e1ef398c610a944010f95afe45b1d3dca168bb5b790a1dd450fb5420ace468b65d0c2e1ec7e405472d869c8210304eef609c7/tf_decorator.py)
35. tokenizer.py (path: /syssec-nas0/pyc-research/compiled_evaluation_targets/usenix_test_set/python-3.12/12ce9242a1055a6b5a0c042e5efa554829d399194e4050148d88b585fb1f8f23e6828f65258e411e13ed10a33194b44edc23bd2889c493a6e86bfc60a8240eb0/tokenizer.py)
36. views.py (path: /syssec-nas0/pyc-research/compiled_evaluation_targets/usenix_test_set/python-3.12/810104722d80b0367b9d53f14960dd72760905530fe03f6c65cc34b4f52a655e5bcfdc9378f8ba43d27064d4dfef81ed5adc181824e55f08a7063a239036f40b/views.py)
37. yizhibo_facepp_compare.py (path: /syssec-nas0/pyc-research/compiled_evaluation_targets/usenix_test_set/python-3.12/49a0a745baccf20c88042529f9ebe4895a5af4dddb6459aca37dfe5b5990524caf929625bc3839d5557f092f189d487627d994aab65a90fcb5b827791e4841a7/yizhibo_facepp_compare.py)
