Total files processed: 1000
Success: 903 (90.3%)
Total failures: 97 (9.7%)
  - Reconstruction failures: 39
  - Compile errors: 58
  - Runtime errors: 0

=== All Failed Files (Sorted) ===
1. 10067-normalized.py [RECONSTRUCTION FAILURE] (path: /syssec-nas0/pyc-research/compiled_evaluation_targets/usenix_test_set/python-3.7/10067/10067-normalized.py)
2. 12134-normalized.py [COMPILE ERROR] (path: /syssec-nas0/pyc-research/compiled_evaluation_targets/usenix_test_set/python-3.7/12134/12134-normalized.py)
3. 1255-normalized.py [RECONSTRUCTION FAILURE] (path: /syssec-nas0/pyc-research/compiled_evaluation_targets/usenix_test_set/python-3.7/1255/1255-normalized.py)
4. 13267-normalized.py [RECONSTRUCTION FAILURE] (path: /syssec-nas0/pyc-research/compiled_evaluation_targets/usenix_test_set/python-3.7/13267/13267-normalized.py)
5. 15238-normalized.py [COMPILE ERROR] (path: /syssec-nas0/pyc-research/compiled_evaluation_targets/usenix_test_set/python-3.7/15238/15238-normalized.py)
6. 15325-normalized.py [RECONSTRUCTION FAILURE] (path: /syssec-nas0/pyc-research/compiled_evaluation_targets/usenix_test_set/python-3.7/15325/15325-normalized.py)
7. 17816-normalized.py [RECONSTRUCTION FAILURE] (path: /syssec-nas0/pyc-research/compiled_evaluation_targets/usenix_test_set/python-3.7/17816/17816-normalized.py)
8. 20111-normalized.py [COMPILE ERROR] (path: /syssec-nas0/pyc-research/compiled_evaluation_targets/usenix_test_set/python-3.7/20111/20111-normalized.py)
9. 20324-normalized.py [RECONSTRUCTION FAILURE] (path: /syssec-nas0/pyc-research/compiled_evaluation_targets/usenix_test_set/python-3.7/20324/20324-normalized.py)
10. 20946-normalized.py [COMPILE ERROR] (path: /syssec-nas0/pyc-research/compiled_evaluation_targets/usenix_test_set/python-3.7/20946/20946-normalized.py)
11. 21753-normalized.py [COMPILE ERROR] (path: /syssec-nas0/pyc-research/compiled_evaluation_targets/usenix_test_set/python-3.7/21753/21753-normalized.py)
12. 21803-normalized.py [RECONSTRUCTION FAILURE] (path: /syssec-nas0/pyc-research/compiled_evaluation_targets/usenix_test_set/python-3.7/21803/21803-normalized.py)
13. 21984-normalized.py [COMPILE ERROR] (path: /syssec-nas0/pyc-research/compiled_evaluation_targets/usenix_test_set/python-3.7/21984/21984-normalized.py)
14. 3080-normalized.py [RECONSTRUCTION FAILURE] (path: /syssec-nas0/pyc-research/compiled_evaluation_targets/usenix_test_set/python-3.7/3080/3080-normalized.py)
15. 4415-normalized.py [RECONSTRUCTION FAILURE] (path: /syssec-nas0/pyc-research/compiled_evaluation_targets/usenix_test_set/python-3.7/4415/4415-normalized.py)
16. 5450-normalized.py [COMPILE ERROR] (path: /syssec-nas0/pyc-research/compiled_evaluation_targets/usenix_test_set/python-3.7/5450/5450-normalized.py)
17. 5713-normalized.py [COMPILE ERROR] (path: /syssec-nas0/pyc-research/compiled_evaluation_targets/usenix_test_set/python-3.7/5713/5713-normalized.py)
18. 7196-normalized.py [RECONSTRUCTION FAILURE] (path: /syssec-nas0/pyc-research/compiled_evaluation_targets/usenix_test_set/python-3.7/7196/7196-normalized.py)
19. 9230-normalized.py [RECONSTRUCTION FAILURE] (path: /syssec-nas0/pyc-research/compiled_evaluation_targets/usenix_test_set/python-3.7/9230/9230-normalized.py)
20. AttributeNodes.py [RECONSTRUCTION FAILURE] (path: /syssec-nas0/pyc-research/compiled_evaluation_targets/usenix_test_set/python-3.7/05b5e94439fe4956b0c61007b78226192fabb03558e4c3cad42279d96c561eb17944fb585d5f820d21c4570907b7f2bc8a02ff8ac3aff6045e887818dc4f7435/AttributeNodes.py)
21. ChildrenHavingMixins.py [RECONSTRUCTION FAILURE] (path: /syssec-nas0/pyc-research/compiled_evaluation_targets/usenix_test_set/python-3.7/dcb414a1afcb1edb6d7bb0151a4ad24c86190a9ae4e49deb56d3d6f89eb35c97e78e1a96b60226702cb8474037846aeb5b5d72ae67d7892ef3e68745cf365add/ChildrenHavingMixins.py)
22. DisplacementAdaptiveMeshConstraint.py [COMPILE ERROR] (path: /syssec-nas0/pyc-research/compiled_evaluation_targets/usenix_test_set/python-3.7/89f2fbba0e91b23407c93784dc44f3a7d985b8eff7bed3c9943c53fa8cccf1c47158b22adb6fb541a3636c71e85225f20143bda6e99711f984943222ec05e1d5/DisplacementAdaptiveMeshConstraint.py)
23. ExporterTEX.py [COMPILE ERROR] (path: /syssec-nas0/pyc-research/compiled_evaluation_targets/usenix_test_set/python-3.7/2e61f21dbf189c366ee6f2200e8dc799189597cebe427c38bcf352da94267f0f65ae61649b1f38adfd96ba68b1619ebce35e31630bf8ea9bece800fdb83b2a63/ExporterTEX.py)
24. GeneticAlgorithm.py [COMPILE ERROR] (path: /syssec-nas0/pyc-research/compiled_evaluation_targets/usenix_test_set/python-3.7/906842a96f866080826950088ca39796495fe1a1f5c804861963aa85c40b5b68a412a6aea1345849cebf7352870a640a27b4239f13c294ff9b8579dac3216186/GeneticAlgorithm.py)
25. InfinityFlow_Utilities.py [COMPILE ERROR] (path: /syssec-nas0/pyc-research/compiled_evaluation_targets/usenix_test_set/python-3.7/157c98a8789f51f4ced9c4091ce9c5bfe830da8f01e515a4dc242f01e261ebdee6c1f079b0c4287e78b4b515098a7fe83139e01809f5264c3a173e1e8b3ae08e/InfinityFlow_Utilities.py)
26. LogicOfflineJobFakeBroker.py [RECONSTRUCTION FAILURE] (path: /syssec-nas0/pyc-research/compiled_evaluation_targets/usenix_test_set/python-3.7/77928dbf85509050a834af1c46270cf4c92786efe338dfdf5f8e95a11260ac6468db2ed004b375bcee30fead1fe3bc718ff2a39b961e94f179a36ddff253a308/LogicOfflineJobFakeBroker.py)
27. PackageMetadataNodes.py [RECONSTRUCTION FAILURE] (path: /syssec-nas0/pyc-research/compiled_evaluation_targets/usenix_test_set/python-3.7/aa28ef4e8bd5a8322fa87f7b2a7e1e5e8e11f735433c70707c7251678f51ce5110fc7710727833e5f615d92386a41f91da687c9cc73b68f64cacfbc19996b5ab/PackageMetadataNodes.py)
28. _pslinux.py [COMPILE ERROR] (path: /syssec-nas0/pyc-research/compiled_evaluation_targets/usenix_test_set/python-3.7/3dc2b2e1804a6e00edd9873cf7b12ecfecc4c4eb68d56923db73db6bd67daea277a57990154bf0391f389af4077771bc286b68bc4528b0bce07243fc75768e86/_pslinux.py)
29. account.py [COMPILE ERROR] (path: /syssec-nas0/pyc-research/compiled_evaluation_targets/usenix_test_set/python-3.7/5b2bfcf48be1169e43a449ffa9dbef9a19b980ee6d4449d1c50efc95b653ae6fb2ecf89a576491d7ecaba02f34254cd74067bce7a764ee71b784bc1554894bc5/account.py)
30. aix_inittab.py [RECONSTRUCTION FAILURE] (path: /syssec-nas0/pyc-research/compiled_evaluation_targets/usenix_test_set/python-3.7/0048170a9c7a983c284d4bb10a969fa012e6073e0b7d93a6ddb77ffa477a99627b114924acb6ab02e5e97078424e6dce6d4dacdc9061fb0ee23d228945672d6c/aix_inittab.py)
31. analyzer.py [RECONSTRUCTION FAILURE] (path: /syssec-nas0/pyc-research/compiled_evaluation_targets/usenix_test_set/python-3.7/ed7b3471ac409149aed84a811222a3e1201402489bc160cfb8a80992ff9e3625ebc57629cfb0d8c5141e7d148088f5c7cf189be4a7559c7b5199d5a26f28d4be/analyzer.py)
32. api.py [COMPILE ERROR] (path: /syssec-nas0/pyc-research/compiled_evaluation_targets/usenix_test_set/python-3.7/556e9b94a3354791b440b1d8b0c1e1ae3e7f0f2e51034d5846fd131709419db2a6cb8985125974e93e6a194db8187fc8c9df22a0d5a942af5b94a108fc0d401a/api.py)
33. bootstrap.py [COMPILE ERROR] (path: /syssec-nas0/pyc-research/compiled_evaluation_targets/usenix_test_set/python-3.7/4ea7064fc96cf5a31a5fa58cf8e08ce370d14896743add918dcd9a1717d4ec82e2604fc1d518591de2290fe84dfec48240635fa79d114694535dbd3a070a2505/bootstrap.py)
34. bot.py [COMPILE ERROR] (path: /syssec-nas0/pyc-research/compiled_evaluation_targets/usenix_test_set/python-3.7/c1dbd86a6c4f5ea97a9a9467d2f0a41396795dd4518daf5eaabd03a532219a168f451d5d09518f681411652232d4370869a10d1f8f880312d77570eec59f59e6/bot.py)
35. cloud_init.py [RECONSTRUCTION FAILURE] (path: /syssec-nas0/pyc-research/compiled_evaluation_targets/usenix_test_set/python-3.7/eea8d532f7881a25e483b8568d31ce02aec3eae8b76a2e2ac94981926c4ad714fb42f9e79c8be51ce49b6c2883b823e196f6e1132e9003fee3bfb4631659608d/cloud_init.py)
36. code_parser.py [RECONSTRUCTION FAILURE] (path: /syssec-nas0/pyc-research/compiled_evaluation_targets/usenix_test_set/python-3.7/9ddd47cc1e10f1a824daf3bc99774025e5cf2cb4eef4809994c12f6f4a22b0dd546a34758940620ed1edef9adb846a9e154768eebc08a9b4cb85421f638e9296/code_parser.py)
37. compressibility.py [COMPILE ERROR] (path: /syssec-nas0/pyc-research/compiled_evaluation_targets/usenix_test_set/python-3.7/1c737401a803ef49bcb151cc871c0a66e0eb313d096c74f7eb1db852aa6e8165ff263c85aefd35ee9f1206da4b8a667ea282bb368403bfa6dbd406a638a80ded/compressibility.py)
38. container.py [COMPILE ERROR] (path: /syssec-nas0/pyc-research/compiled_evaluation_targets/usenix_test_set/python-3.7/d4c39abfa37a3ef8425c4952feb2e760f0741eb89b735748c310357ae02514ed2d4fa00ec7d6b79737c6067bb70ab27811179f9a488ec1f1fa4f7cdaeda614f0/container.py)
39. conv3d_alter_op.py [COMPILE ERROR] (path: /syssec-nas0/pyc-research/compiled_evaluation_targets/usenix_test_set/python-3.7/5ab413e2b7c4d701c99f9d0d71dd031b5f50eee7ee2b0471648d5f66ee2ad81622f1c9baaa8414ccb96323ea6b1ab3db4dfa9db34e3d9b52e84a708cc29dfbf6/conv3d_alter_op.py)
40. data.py [RECONSTRUCTION FAILURE] (path: /syssec-nas0/pyc-research/compiled_evaluation_targets/usenix_test_set/python-3.7/bbd9a57bf96727f0ea92157a0b00247a96ab090c2ebefe145b475698cdd41d0601a9ee4b6c254928098dd86f351fa5adf06d5c5bc06628739631fa63f8c1c67b/data.py)
41. delete.py [COMPILE ERROR] (path: /syssec-nas0/pyc-research/compiled_evaluation_targets/usenix_test_set/python-3.7/e179207821a8d66b135b002439562231bff33635adc6475fddbfc474b38d7ba3030990c79e5b66727ee17bc2a284b2917afbc94a9015fcfa542e0d94451a56fb/delete.py)
42. docker_inspect.py [COMPILE ERROR] (path: /syssec-nas0/pyc-research/compiled_evaluation_targets/usenix_test_set/python-3.7/1a18912524bff96f1fef1f8318ffcc6b0f6ec286f7432cfd67794ea32626b932605808ee73089142bac936c96070faef55d993944e09c4c1036961a0b160d987/docker_inspect.py)
43. errors.py [COMPILE ERROR] (path: /syssec-nas0/pyc-research/compiled_evaluation_targets/usenix_test_set/python-3.7/e59366a66ad5248351c45e154c2a5bd5dbf0ed42fa6f3a98a5a9deb7ba8475826b894c9d2ccce1b2d24331fc76c58b50f9e0b3b61e4e1229d57de04c3507f2bf/errors.py)
44. excel_tools.py [COMPILE ERROR] (path: /syssec-nas0/pyc-research/compiled_evaluation_targets/usenix_test_set/python-3.7/49b7f46684b0bb775a258de808255c7c23b5abda90229c13339d3ae3ef4b3291a511f19005a131e64d014e12d7e7e99d1d0adb83c1365eabaece3f5577a9d579/excel_tools.py)
45. fields.py [RECONSTRUCTION FAILURE] (path: /syssec-nas0/pyc-research/compiled_evaluation_targets/usenix_test_set/python-3.7/14c97271b5dbc978b88ad312bd4a41365477271fdb7ddb4480b7c20b86866bef420fae838a81043f446328178a7b47b7bd1f87d53f043898e22d68289c1422eb/fields.py)
46. filter.py [RECONSTRUCTION FAILURE] (path: /syssec-nas0/pyc-research/compiled_evaluation_targets/usenix_test_set/python-3.7/955d0b6af5cd61f9ef6bb2da223dec678f7b7c65602b0ca94efcd128f00ac05735d0e684cecf3b1199418c04e65cf55d3b70308d1e573ff06552d5596ef9cd78/filter.py)
47. fixedclassifier.py [RECONSTRUCTION FAILURE] (path: /syssec-nas0/pyc-research/compiled_evaluation_targets/usenix_test_set/python-3.7/4578bce1d9260192930a329402a1950c81cfc244f5bd9b96318637f307e9686ccd0abd1f39882030b3d8671aaf362e9aaf4c82dd000e5c1ca14eb57281508fe2/fixedclassifier.py)
48. functions_api.py [COMPILE ERROR] (path: /syssec-nas0/pyc-research/compiled_evaluation_targets/usenix_test_set/python-3.7/53aa4eff32581f7672ce9fdc07057dd922bb0c3b6878df96f995b0a5c9b5a904c2d48be4eca56e36be667c0a1239cd13b8cdb24bd648c462ddc1c42829e66179/functions_api.py)
49. graphsim.py [RECONSTRUCTION FAILURE] (path: /syssec-nas0/pyc-research/compiled_evaluation_targets/usenix_test_set/python-3.7/9f9e9dac8ff0d9f300f98939d540f49e67d9ccacfb3c8f55d8a67a548292a9ebce65b23d1f53d207b0a03a4e18771e9205ffcbfec3ec22738600ceca014d0651/graphsim.py)
50. grid_finder.py [COMPILE ERROR] (path: /syssec-nas0/pyc-research/compiled_evaluation_targets/usenix_test_set/python-3.7/9adb7cace7418536c7432515bcdeb74b3ce556902914e1788bdd9ed8bc0b79769ad0ed3f1534ff8cc5b3833e77494b02883fc782f9ae8f9d804fd3705156e6af/grid_finder.py)
51. interval.py [COMPILE ERROR] (path: /syssec-nas0/pyc-research/compiled_evaluation_targets/usenix_test_set/python-3.7/4e167e445620006fc577a863d4fb3637a862184baa280817cf606245d22ca62594ee61146695fbf1c9e769e6e50a1cac3b15998a823f4eba26b4f472a256072e/interval.py)
52. jinja2_debug.py [COMPILE ERROR] (path: /syssec-nas0/pyc-research/compiled_evaluation_targets/usenix_test_set/python-3.7/d7066f719f9e8e30e2a90c0e1c0f59cf4951c0226e477a3961949274899396491ba9f8d27ed4adbd19a609a0ce4bbe9bb437eed3be00f576cdf20ac7401fecfb/jinja2_debug.py)
53. kodexa.py [RECONSTRUCTION FAILURE] (path: /syssec-nas0/pyc-research/compiled_evaluation_targets/usenix_test_set/python-3.7/6d9407bd5af45dee7d743ba1ba1908ac78e3d1ca3061b8d31ccea544c08d12e1b559e1c8d72bcf513a9f29699fad568b7be0c09fcbb3232e1fe2e076f73f04f5/kodexa.py)
54. ldap.py [COMPILE ERROR] (path: /syssec-nas0/pyc-research/compiled_evaluation_targets/usenix_test_set/python-3.7/9ac5b88a7da5ebd28c050dc78b82f0281d29f6b168103f23cd780afcd53d9fbb5a8d9293e843b3b2b2b0e5c9df5ad35de1c6e098c10923d2dbadd5748bdfd3de/ldap.py)
55. legacy_cell_wrappers.py [COMPILE ERROR] (path: /syssec-nas0/pyc-research/compiled_evaluation_targets/usenix_test_set/python-3.7/6cbfb40913d204fb61d4cf9ee542c1572148e4de65785f95b4c2a89df6ecc823508bfc14b0ae2d8dea98135732d9442f551e4bd3e0c4ad6c466bf2d497e1d374/legacy_cell_wrappers.py)
56. legends.py [COMPILE ERROR] (path: /syssec-nas0/pyc-research/compiled_evaluation_targets/usenix_test_set/python-3.7/5697d9822922f59cc5b5be1183cbf1ef60f81bf47dc8394fcf48cf4e71ab4584e580c2ad7f8d88b84aabab1c0942efef110a711b8088b493a2da9696ae67e784/legends.py)
57. lex_attrs.py [RECONSTRUCTION FAILURE] (path: /syssec-nas0/pyc-research/compiled_evaluation_targets/usenix_test_set/python-3.7/459ec14e28556c899ee002ca5285bb361771e43295f962834ee033d6ff6e233a5d8022448be859cea9c7d033b30ac1967f95f46f33290d926e39139d6411549b/lex_attrs.py)
58. line_reader.py [COMPILE ERROR] (path: /syssec-nas0/pyc-research/compiled_evaluation_targets/usenix_test_set/python-3.7/f59c2dd8f2c6c595c9ef64f18030da30b083ff49c41f167e7f5be91d2e4b4494cd0f4a8268448d26036fcb40983c8e389b9e33568947b8e636b3bcf00c22e4c0/line_reader.py)
59. map.py [COMPILE ERROR] (path: /syssec-nas0/pyc-research/compiled_evaluation_targets/usenix_test_set/python-3.7/c2f79f6e8c193c37eb7c55452a7c69676427f602f2134cdc202d13cb9ebbd387c14b3240f08aae8c4292e1d52c3b0321057b93598825f93e2f12ea76b6e69171/map.py)
60. math_grad.py [RECONSTRUCTION FAILURE] (path: /syssec-nas0/pyc-research/compiled_evaluation_targets/usenix_test_set/python-3.7/dec7ab7f96054af2d9dff76b1a6983e065fb672aa3e916080c1231aa5b5e1d8188caf0b12ef0153d8ec8d6d358b6d89acaccaa7bfef25bee7f66b74ebf9829d9/math_grad.py)
61. migrate_annotations.py [COMPILE ERROR] (path: /syssec-nas0/pyc-research/compiled_evaluation_targets/usenix_test_set/python-3.7/6329d98f8ea8ace2e1f7eee38b4e1d78e49e9356d95df8b6c66684cbda70d1b6ad8f97da9e9af2e5da8fca93d930f1a09b3d54e2c02c70d522ae2b2ed985054b/migrate_annotations.py)
62. model.py [COMPILE ERROR] (path: /syssec-nas0/pyc-research/compiled_evaluation_targets/usenix_test_set/python-3.7/6e3c0c374dae1e54520c14049abe588a4a1285171a6dbdaa22adf90693190e2f4c38a1f2d53f46b311a958efcf77dd07472f95b0e7d2d0f5b893414000bc62bb/model.py)
63. model.py [COMPILE ERROR] (path: /syssec-nas0/pyc-research/compiled_evaluation_targets/usenix_test_set/python-3.7/be07560ae2ec416c39613887839a5b8f867e51e2dec626805306249eecf5a39350dbc848acc16e93884b9758eec5eb0f364b790d14ce4693292c8234df014bfe/model.py)
64. n0struct_references.py [RECONSTRUCTION FAILURE] (path: /syssec-nas0/pyc-research/compiled_evaluation_targets/usenix_test_set/python-3.7/63c38ed7aa2caac2d35fc08dac1bdc5973eca3f24204e01308285798228674b8ab98d24a07c25182060ca5de2da8aaed4bf503e0f8a67397effb5efc66019ef1/n0struct_references.py)
65. neighbors.py [COMPILE ERROR] (path: /syssec-nas0/pyc-research/compiled_evaluation_targets/usenix_test_set/python-3.7/a7617adb0c35daee0e21d526a5a88eefaae98270d8f3c215152ad2401f05612f8dfeecbe1ac842062dfc6e7402b4615104d1f1bff5d10220d380e196e6490e5c/neighbors.py)
66. node.py [RECONSTRUCTION FAILURE] (path: /syssec-nas0/pyc-research/compiled_evaluation_targets/usenix_test_set/python-3.7/11c569da5982ec918257febdc6ee16e7df05dcdeb25405b450c43e3b5e17fd44979b82276347d0b68f0831d75417fa653c06df0ec46ef371bd8ea48536f69377/node.py)
67. numba_.py [RECONSTRUCTION FAILURE] (path: /syssec-nas0/pyc-research/compiled_evaluation_targets/usenix_test_set/python-3.7/155f5f35e9a1427c525c705bc9dfb50e075b378eba64d9738eaee390e35c7e68ab7cdbaa6d66f082af623e0ab1afa7c80d8a71ae82772d51602d9047ba876675/numba_.py)
68. old.py [RECONSTRUCTION FAILURE] (path: /syssec-nas0/pyc-research/compiled_evaluation_targets/usenix_test_set/python-3.7/f9d7e6438f4ac9ad73a7e47522c0bfa57c3f21651f526a2121787820b4ffdc0426bc1209862be1ef169719521404cb4b48fccf1185007e5f06d05b3aa1557107/old.py)
69. outputs.py [COMPILE ERROR] (path: /syssec-nas0/pyc-research/compiled_evaluation_targets/usenix_test_set/python-3.7/5375ae33956bbfe3fbf6d6ceb46a323c76753f5a80e717b93b494c356996e89783cab937abf91e680359d2cfb063dd18cff1a02fa0849701e86446ed71c333fc/outputs.py)
70. outputs.py [COMPILE ERROR] (path: /syssec-nas0/pyc-research/compiled_evaluation_targets/usenix_test_set/python-3.7/40f7900aa35aa276c37ded520fc30e6576a2f8eb54ffe2523e430066cb5a7fe412abe3ced92e5a0f9c7c389f16348cfc1ad0571812ed729b5a91e75281687bc8/outputs.py)
71. outputs.py [COMPILE ERROR] (path: /syssec-nas0/pyc-research/compiled_evaluation_targets/usenix_test_set/python-3.7/d732a600e7f345dadcc410870ccad13240d82fd97d8eb1a25bdf8b36cf23a1397c843ecbf9bc5ecf1c710b06f2405046c748b03d451e49b7f9c762ce84bc14a2/outputs.py)
72. patch.py [RECONSTRUCTION FAILURE] (path: /syssec-nas0/pyc-research/compiled_evaluation_targets/usenix_test_set/python-3.7/dcb9ebd8bcff996941a4a9b4332eecdeaadeddb060689c27c0adac07e0e24972953b5fd377e7734790c03f7892a83fed6096738f390f88e0672f0366f82d280a/patch.py)
73. pkg_config_test.py [COMPILE ERROR] (path: /syssec-nas0/pyc-research/compiled_evaluation_targets/usenix_test_set/python-3.7/f01b028bbe9be13390d128290dbdf028f489692d473b670caef778c2c38f2473c0caf055063fb11563dbfae33f0a3d7ae24c033dbd09afdb0b5fe16cccc18862/pkg_config_test.py)
74. plots.py [RECONSTRUCTION FAILURE] (path: /syssec-nas0/pyc-research/compiled_evaluation_targets/usenix_test_set/python-3.7/98ec30943dab93397c1927d854d28e7c4f84a008a2fbe33451ea3a1454f96740338a2b969db90740d0367fe3acc5da5e111d11fe2b3be5efb84144ca6d7d1bce/plots.py)
75. psuset.py [COMPILE ERROR] (path: /syssec-nas0/pyc-research/compiled_evaluation_targets/usenix_test_set/python-3.7/bd4d2c830c13c1cbcf5694651b0c39b64000520dea33bc7ba5958b3f5f3031f90525b0304e114fc32699626451895e93e398239ba1aa745aabc0b1c27ab6c1cc/psuset.py)
76. qtran.py [COMPILE ERROR] (path: /syssec-nas0/pyc-research/compiled_evaluation_targets/usenix_test_set/python-3.7/5888ca4345250675c5f59ac47dbeb5996319d40658eb8d0d054f1efa8bc4b0212a3e68b07d2e80353c2030d268879408afc7ccab3cff46a16a6f5567ce64c27b/qtran.py)
77. ranking.py [COMPILE ERROR] (path: /syssec-nas0/pyc-research/compiled_evaluation_targets/usenix_test_set/python-3.7/451d9bc92234fa9b00d5ef3bef4f82e44865047478b79cef644e23fe9de11ce7d3f991767cd939eccffd5b23ef6bad4827d45c286152972e62f374d7f0af1f31/ranking.py)
78. records.py [COMPILE ERROR] (path: /syssec-nas0/pyc-research/compiled_evaluation_targets/usenix_test_set/python-3.7/48c1a5f64387e3e532ca8b2f793048485763e065c5a3b527dc879b1db0c3984d2c36d62afd29eef8b563e6f2f37f04ff2062c7ec419c0fa2bbee380a80a59c5b/records.py)
79. rinex2snr.py [RECONSTRUCTION FAILURE] (path: /syssec-nas0/pyc-research/compiled_evaluation_targets/usenix_test_set/python-3.7/4b9b26eb954a2b10e042efd895454e7bfaacf4ea59cd4fd279d71f57fb74021775d7c81364a88339d3fbde02fa3dbbfb6d28a72ec0f1ac90716e486c3f60b1e5/rinex2snr.py)
80. rtcrtpsender.py [RECONSTRUCTION FAILURE] (path: /syssec-nas0/pyc-research/compiled_evaluation_targets/usenix_test_set/python-3.7/2eb1b54d5e42d7d9eac34490c83da8586955b614b97c6aef2b2b63f86463cea2200d873c34c732b3cc536ee2d2a41a005cefb80781e34679fa263a1eb68f3a08/rtcrtpsender.py)
81. scheduler.py [COMPILE ERROR] (path: /syssec-nas0/pyc-research/compiled_evaluation_targets/usenix_test_set/python-3.7/2fb59e64bdaf5ba6e2fec199dd8d0320a0afa59fc5fcb573c96cef97c54ecf1336afe29f1a94b3f47125f2e5aea215778fe1e44e6a5e7fe3090de7308cf89b7b/scheduler.py)
82. search.py [COMPILE ERROR] (path: /syssec-nas0/pyc-research/compiled_evaluation_targets/usenix_test_set/python-3.7/b80be56c6bd751dec60ae8ffdd3f72f34edc2727dc43388824aa47ccee3ca25ea2d8af028cf2fe719529bf128e1766f3f9d8fd10ea445f68242ad24145cf6387/search.py)
83. segmentation_losses.py [RECONSTRUCTION FAILURE] (path: /syssec-nas0/pyc-research/compiled_evaluation_targets/usenix_test_set/python-3.7/99047ffe0d1b2e341a015aaf31758ffbe92dbc7a0cdee4547210f5f902a95d628dd2e36d96da642116ba8dda12a65f70ff21762b3443cc9cf48fd0bb33b68a91/segmentation_losses.py)
84. smile.py [COMPILE ERROR] (path: /syssec-nas0/pyc-research/compiled_evaluation_targets/usenix_test_set/python-3.7/0c9652850cb4fe233734237d6ba0abf74354ab53971d2da9aedc999b4db32564dc38d07e9e034e258a3b2ec577d82660bee76c02a3bd047f179f1534f6c6b896/smile.py)
85. stock_board_concept_ths.py [RECONSTRUCTION FAILURE] (path: /syssec-nas0/pyc-research/compiled_evaluation_targets/usenix_test_set/python-3.7/fc578412b66c73649a21bbe05b4664a0441f81aa2b2d4ada3171145938f0fad7db743fa0715ab7ecf77e29e7aa72adc305ec28ae56954f7c15ca073503141285/stock_board_concept_ths.py)
86. stock_lhb_sina.py [COMPILE ERROR] (path: /syssec-nas0/pyc-research/compiled_evaluation_targets/usenix_test_set/python-3.7/d9d783cb5f07b3fbcfe0dcf27599d2d39d261fd4e93cf0d53dc279adb93e51079f2e624ec3bed03039fd1401efcfc458c17bc2a7594699e9e432eb221aa2cac5/stock_lhb_sina.py)
87. tensor_shape.py [COMPILE ERROR] (path: /syssec-nas0/pyc-research/compiled_evaluation_targets/usenix_test_set/python-3.7/ac631b69887a05f8b4027cefff3741658ad319d8e74985e18097700545662c03f2cee25feb0cce64683ad9043ab1134aaead421ff219bb48bd5caef7030e46ed/tensor_shape.py)
88. test_account_asset_management.py [COMPILE ERROR] (path: /syssec-nas0/pyc-research/compiled_evaluation_targets/usenix_test_set/python-3.7/7503ed2fd55842b2032e13923cf2a7ff181dc8a3761799164d579dc6ff8ce2f481a8494a98208e73dd4ca2de1e34f1fcbf1fa62da7d766b1ec8be92a64409ba7/test_account_asset_management.py)
89. test_app.py [COMPILE ERROR] (path: /syssec-nas0/pyc-research/compiled_evaluation_targets/usenix_test_set/python-3.7/a1d4077d542628b80d6e72199245104d83f0955819c870134a0e9028ecb0d89a24fa881c2f4a8f026e550683069b20b28a9169ae30e92ec60a67620595f1a848/test_app.py)
90. test_db_returning.py [COMPILE ERROR] (path: /syssec-nas0/pyc-research/compiled_evaluation_targets/usenix_test_set/python-3.7/eed259ce17e34f97cc19c61195067c7e2c5d9cdea01adf74dfda92fc81f8a4bbbe0888e0151df32fd0f14d32d719786b6ff49c124c1917f2baa5f0392a6b3007/test_db_returning.py)
91. test_ordinary_fields.py [COMPILE ERROR] (path: /syssec-nas0/pyc-research/compiled_evaluation_targets/usenix_test_set/python-3.7/e6078fea56074fea7ccf3d9314090f16a6264d6f7f18386e450a2def5e6fa373d426624167a294b47e98e1f043ea26521780064bbc378b24edf4f26c006beeb9/test_ordinary_fields.py)
92. tokenizer.py [RECONSTRUCTION FAILURE] (path: /syssec-nas0/pyc-research/compiled_evaluation_targets/usenix_test_set/python-3.7/12ce9242a1055a6b5a0c042e5efa554829d399194e4050148d88b585fb1f8f23e6828f65258e411e13ed10a33194b44edc23bd2889c493a6e86bfc60a8240eb0/tokenizer.py)
93. tracked_thread.py [COMPILE ERROR] (path: /syssec-nas0/pyc-research/compiled_evaluation_targets/usenix_test_set/python-3.7/759ac99e27475c933cf685b0a66d632ef13b9a5c18c0cb9b432232b66ddf106c2e151f2071e19056398a2e147bb78f903245f484b60aaba0aaf52bdb0f4faa88/tracked_thread.py)
94. utils.py [RECONSTRUCTION FAILURE] (path: /syssec-nas0/pyc-research/compiled_evaluation_targets/usenix_test_set/python-3.7/1cd2fda535295998010bebc46174c71a7d79840ae47f5ef6548b309cf0d6371d19493310a24272ae2c67b4089ebaeb32b838071ddacd8a1cdcc57dc32ea0e472/utils.py)
95. versioneer.py [COMPILE ERROR] (path: /syssec-nas0/pyc-research/compiled_evaluation_targets/usenix_test_set/python-3.7/ec69e9b826eecbe23b5697426f42e4c6419f61f32942421e2969615b6b8262bfd55cad108e905dde15c33c3045b91648ba22ce09c44efb2d7b73dd404c2d2bfc/versioneer.py)
96. video_ssl.py [COMPILE ERROR] (path: /syssec-nas0/pyc-research/compiled_evaluation_targets/usenix_test_set/python-3.7/ab288e0b601bb61e10e80c1b6e1657e3ac6b082181538108126e08c8af5dd83af92e15b8838de17ba2c91627f97eb9d6d5b9505292c8fedc13ad86a99db047fd/video_ssl.py)
97. wav2vec2.py [COMPILE ERROR] (path: /syssec-nas0/pyc-research/compiled_evaluation_targets/usenix_test_set/python-3.7/a351b4a0ed00aa663327469f4e7f26cf8770bd882e526a45daa3f3e59085e46361d99f2a46dc4278b9efaf3ec0329ca6201d7892f86ae6c0f4aaec6d7e50b408/wav2vec2.py)

=== Detailed Breakdown ===

Compile Errors:
1. 12134-normalized.py (path: /syssec-nas0/pyc-research/compiled_evaluation_targets/usenix_test_set/python-3.7/12134/12134-normalized.py)
2. 15238-normalized.py (path: /syssec-nas0/pyc-research/compiled_evaluation_targets/usenix_test_set/python-3.7/15238/15238-normalized.py)
3. 20111-normalized.py (path: /syssec-nas0/pyc-research/compiled_evaluation_targets/usenix_test_set/python-3.7/20111/20111-normalized.py)
4. 20946-normalized.py (path: /syssec-nas0/pyc-research/compiled_evaluation_targets/usenix_test_set/python-3.7/20946/20946-normalized.py)
5. 21753-normalized.py (path: /syssec-nas0/pyc-research/compiled_evaluation_targets/usenix_test_set/python-3.7/21753/21753-normalized.py)
6. 21984-normalized.py (path: /syssec-nas0/pyc-research/compiled_evaluation_targets/usenix_test_set/python-3.7/21984/21984-normalized.py)
7. 5450-normalized.py (path: /syssec-nas0/pyc-research/compiled_evaluation_targets/usenix_test_set/python-3.7/5450/5450-normalized.py)
8. 5713-normalized.py (path: /syssec-nas0/pyc-research/compiled_evaluation_targets/usenix_test_set/python-3.7/5713/5713-normalized.py)
9. DisplacementAdaptiveMeshConstraint.py (path: /syssec-nas0/pyc-research/compiled_evaluation_targets/usenix_test_set/python-3.7/89f2fbba0e91b23407c93784dc44f3a7d985b8eff7bed3c9943c53fa8cccf1c47158b22adb6fb541a3636c71e85225f20143bda6e99711f984943222ec05e1d5/DisplacementAdaptiveMeshConstraint.py)
10. ExporterTEX.py (path: /syssec-nas0/pyc-research/compiled_evaluation_targets/usenix_test_set/python-3.7/2e61f21dbf189c366ee6f2200e8dc799189597cebe427c38bcf352da94267f0f65ae61649b1f38adfd96ba68b1619ebce35e31630bf8ea9bece800fdb83b2a63/ExporterTEX.py)
11. GeneticAlgorithm.py (path: /syssec-nas0/pyc-research/compiled_evaluation_targets/usenix_test_set/python-3.7/906842a96f866080826950088ca39796495fe1a1f5c804861963aa85c40b5b68a412a6aea1345849cebf7352870a640a27b4239f13c294ff9b8579dac3216186/GeneticAlgorithm.py)
12. InfinityFlow_Utilities.py (path: /syssec-nas0/pyc-research/compiled_evaluation_targets/usenix_test_set/python-3.7/157c98a8789f51f4ced9c4091ce9c5bfe830da8f01e515a4dc242f01e261ebdee6c1f079b0c4287e78b4b515098a7fe83139e01809f5264c3a173e1e8b3ae08e/InfinityFlow_Utilities.py)
13. _pslinux.py (path: /syssec-nas0/pyc-research/compiled_evaluation_targets/usenix_test_set/python-3.7/3dc2b2e1804a6e00edd9873cf7b12ecfecc4c4eb68d56923db73db6bd67daea277a57990154bf0391f389af4077771bc286b68bc4528b0bce07243fc75768e86/_pslinux.py)
14. account.py (path: /syssec-nas0/pyc-research/compiled_evaluation_targets/usenix_test_set/python-3.7/5b2bfcf48be1169e43a449ffa9dbef9a19b980ee6d4449d1c50efc95b653ae6fb2ecf89a576491d7ecaba02f34254cd74067bce7a764ee71b784bc1554894bc5/account.py)
15. api.py (path: /syssec-nas0/pyc-research/compiled_evaluation_targets/usenix_test_set/python-3.7/556e9b94a3354791b440b1d8b0c1e1ae3e7f0f2e51034d5846fd131709419db2a6cb8985125974e93e6a194db8187fc8c9df22a0d5a942af5b94a108fc0d401a/api.py)
16. bootstrap.py (path: /syssec-nas0/pyc-research/compiled_evaluation_targets/usenix_test_set/python-3.7/4ea7064fc96cf5a31a5fa58cf8e08ce370d14896743add918dcd9a1717d4ec82e2604fc1d518591de2290fe84dfec48240635fa79d114694535dbd3a070a2505/bootstrap.py)
17. bot.py (path: /syssec-nas0/pyc-research/compiled_evaluation_targets/usenix_test_set/python-3.7/c1dbd86a6c4f5ea97a9a9467d2f0a41396795dd4518daf5eaabd03a532219a168f451d5d09518f681411652232d4370869a10d1f8f880312d77570eec59f59e6/bot.py)
18. compressibility.py (path: /syssec-nas0/pyc-research/compiled_evaluation_targets/usenix_test_set/python-3.7/1c737401a803ef49bcb151cc871c0a66e0eb313d096c74f7eb1db852aa6e8165ff263c85aefd35ee9f1206da4b8a667ea282bb368403bfa6dbd406a638a80ded/compressibility.py)
19. container.py (path: /syssec-nas0/pyc-research/compiled_evaluation_targets/usenix_test_set/python-3.7/d4c39abfa37a3ef8425c4952feb2e760f0741eb89b735748c310357ae02514ed2d4fa00ec7d6b79737c6067bb70ab27811179f9a488ec1f1fa4f7cdaeda614f0/container.py)
20. conv3d_alter_op.py (path: /syssec-nas0/pyc-research/compiled_evaluation_targets/usenix_test_set/python-3.7/5ab413e2b7c4d701c99f9d0d71dd031b5f50eee7ee2b0471648d5f66ee2ad81622f1c9baaa8414ccb96323ea6b1ab3db4dfa9db34e3d9b52e84a708cc29dfbf6/conv3d_alter_op.py)
21. delete.py (path: /syssec-nas0/pyc-research/compiled_evaluation_targets/usenix_test_set/python-3.7/e179207821a8d66b135b002439562231bff33635adc6475fddbfc474b38d7ba3030990c79e5b66727ee17bc2a284b2917afbc94a9015fcfa542e0d94451a56fb/delete.py)
22. docker_inspect.py (path: /syssec-nas0/pyc-research/compiled_evaluation_targets/usenix_test_set/python-3.7/1a18912524bff96f1fef1f8318ffcc6b0f6ec286f7432cfd67794ea32626b932605808ee73089142bac936c96070faef55d993944e09c4c1036961a0b160d987/docker_inspect.py)
23. errors.py (path: /syssec-nas0/pyc-research/compiled_evaluation_targets/usenix_test_set/python-3.7/e59366a66ad5248351c45e154c2a5bd5dbf0ed42fa6f3a98a5a9deb7ba8475826b894c9d2ccce1b2d24331fc76c58b50f9e0b3b61e4e1229d57de04c3507f2bf/errors.py)
24. excel_tools.py (path: /syssec-nas0/pyc-research/compiled_evaluation_targets/usenix_test_set/python-3.7/49b7f46684b0bb775a258de808255c7c23b5abda90229c13339d3ae3ef4b3291a511f19005a131e64d014e12d7e7e99d1d0adb83c1365eabaece3f5577a9d579/excel_tools.py)
25. functions_api.py (path: /syssec-nas0/pyc-research/compiled_evaluation_targets/usenix_test_set/python-3.7/53aa4eff32581f7672ce9fdc07057dd922bb0c3b6878df96f995b0a5c9b5a904c2d48be4eca56e36be667c0a1239cd13b8cdb24bd648c462ddc1c42829e66179/functions_api.py)
26. grid_finder.py (path: /syssec-nas0/pyc-research/compiled_evaluation_targets/usenix_test_set/python-3.7/9adb7cace7418536c7432515bcdeb74b3ce556902914e1788bdd9ed8bc0b79769ad0ed3f1534ff8cc5b3833e77494b02883fc782f9ae8f9d804fd3705156e6af/grid_finder.py)
27. interval.py (path: /syssec-nas0/pyc-research/compiled_evaluation_targets/usenix_test_set/python-3.7/4e167e445620006fc577a863d4fb3637a862184baa280817cf606245d22ca62594ee61146695fbf1c9e769e6e50a1cac3b15998a823f4eba26b4f472a256072e/interval.py)
28. jinja2_debug.py (path: /syssec-nas0/pyc-research/compiled_evaluation_targets/usenix_test_set/python-3.7/d7066f719f9e8e30e2a90c0e1c0f59cf4951c0226e477a3961949274899396491ba9f8d27ed4adbd19a609a0ce4bbe9bb437eed3be00f576cdf20ac7401fecfb/jinja2_debug.py)
29. ldap.py (path: /syssec-nas0/pyc-research/compiled_evaluation_targets/usenix_test_set/python-3.7/9ac5b88a7da5ebd28c050dc78b82f0281d29f6b168103f23cd780afcd53d9fbb5a8d9293e843b3b2b2b0e5c9df5ad35de1c6e098c10923d2dbadd5748bdfd3de/ldap.py)
30. legacy_cell_wrappers.py (path: /syssec-nas0/pyc-research/compiled_evaluation_targets/usenix_test_set/python-3.7/6cbfb40913d204fb61d4cf9ee542c1572148e4de65785f95b4c2a89df6ecc823508bfc14b0ae2d8dea98135732d9442f551e4bd3e0c4ad6c466bf2d497e1d374/legacy_cell_wrappers.py)
31. legends.py (path: /syssec-nas0/pyc-research/compiled_evaluation_targets/usenix_test_set/python-3.7/5697d9822922f59cc5b5be1183cbf1ef60f81bf47dc8394fcf48cf4e71ab4584e580c2ad7f8d88b84aabab1c0942efef110a711b8088b493a2da9696ae67e784/legends.py)
32. line_reader.py (path: /syssec-nas0/pyc-research/compiled_evaluation_targets/usenix_test_set/python-3.7/f59c2dd8f2c6c595c9ef64f18030da30b083ff49c41f167e7f5be91d2e4b4494cd0f4a8268448d26036fcb40983c8e389b9e33568947b8e636b3bcf00c22e4c0/line_reader.py)
33. map.py (path: /syssec-nas0/pyc-research/compiled_evaluation_targets/usenix_test_set/python-3.7/c2f79f6e8c193c37eb7c55452a7c69676427f602f2134cdc202d13cb9ebbd387c14b3240f08aae8c4292e1d52c3b0321057b93598825f93e2f12ea76b6e69171/map.py)
34. migrate_annotations.py (path: /syssec-nas0/pyc-research/compiled_evaluation_targets/usenix_test_set/python-3.7/6329d98f8ea8ace2e1f7eee38b4e1d78e49e9356d95df8b6c66684cbda70d1b6ad8f97da9e9af2e5da8fca93d930f1a09b3d54e2c02c70d522ae2b2ed985054b/migrate_annotations.py)
35. model.py (path: /syssec-nas0/pyc-research/compiled_evaluation_targets/usenix_test_set/python-3.7/6e3c0c374dae1e54520c14049abe588a4a1285171a6dbdaa22adf90693190e2f4c38a1f2d53f46b311a958efcf77dd07472f95b0e7d2d0f5b893414000bc62bb/model.py)
36. model.py (path: /syssec-nas0/pyc-research/compiled_evaluation_targets/usenix_test_set/python-3.7/be07560ae2ec416c39613887839a5b8f867e51e2dec626805306249eecf5a39350dbc848acc16e93884b9758eec5eb0f364b790d14ce4693292c8234df014bfe/model.py)
37. neighbors.py (path: /syssec-nas0/pyc-research/compiled_evaluation_targets/usenix_test_set/python-3.7/a7617adb0c35daee0e21d526a5a88eefaae98270d8f3c215152ad2401f05612f8dfeecbe1ac842062dfc6e7402b4615104d1f1bff5d10220d380e196e6490e5c/neighbors.py)
38. outputs.py (path: /syssec-nas0/pyc-research/compiled_evaluation_targets/usenix_test_set/python-3.7/5375ae33956bbfe3fbf6d6ceb46a323c76753f5a80e717b93b494c356996e89783cab937abf91e680359d2cfb063dd18cff1a02fa0849701e86446ed71c333fc/outputs.py)
39. outputs.py (path: /syssec-nas0/pyc-research/compiled_evaluation_targets/usenix_test_set/python-3.7/40f7900aa35aa276c37ded520fc30e6576a2f8eb54ffe2523e430066cb5a7fe412abe3ced92e5a0f9c7c389f16348cfc1ad0571812ed729b5a91e75281687bc8/outputs.py)
40. outputs.py (path: /syssec-nas0/pyc-research/compiled_evaluation_targets/usenix_test_set/python-3.7/d732a600e7f345dadcc410870ccad13240d82fd97d8eb1a25bdf8b36cf23a1397c843ecbf9bc5ecf1c710b06f2405046c748b03d451e49b7f9c762ce84bc14a2/outputs.py)
41. pkg_config_test.py (path: /syssec-nas0/pyc-research/compiled_evaluation_targets/usenix_test_set/python-3.7/f01b028bbe9be13390d128290dbdf028f489692d473b670caef778c2c38f2473c0caf055063fb11563dbfae33f0a3d7ae24c033dbd09afdb0b5fe16cccc18862/pkg_config_test.py)
42. psuset.py (path: /syssec-nas0/pyc-research/compiled_evaluation_targets/usenix_test_set/python-3.7/bd4d2c830c13c1cbcf5694651b0c39b64000520dea33bc7ba5958b3f5f3031f90525b0304e114fc32699626451895e93e398239ba1aa745aabc0b1c27ab6c1cc/psuset.py)
43. qtran.py (path: /syssec-nas0/pyc-research/compiled_evaluation_targets/usenix_test_set/python-3.7/5888ca4345250675c5f59ac47dbeb5996319d40658eb8d0d054f1efa8bc4b0212a3e68b07d2e80353c2030d268879408afc7ccab3cff46a16a6f5567ce64c27b/qtran.py)
44. ranking.py (path: /syssec-nas0/pyc-research/compiled_evaluation_targets/usenix_test_set/python-3.7/451d9bc92234fa9b00d5ef3bef4f82e44865047478b79cef644e23fe9de11ce7d3f991767cd939eccffd5b23ef6bad4827d45c286152972e62f374d7f0af1f31/ranking.py)
45. records.py (path: /syssec-nas0/pyc-research/compiled_evaluation_targets/usenix_test_set/python-3.7/48c1a5f64387e3e532ca8b2f793048485763e065c5a3b527dc879b1db0c3984d2c36d62afd29eef8b563e6f2f37f04ff2062c7ec419c0fa2bbee380a80a59c5b/records.py)
46. scheduler.py (path: /syssec-nas0/pyc-research/compiled_evaluation_targets/usenix_test_set/python-3.7/2fb59e64bdaf5ba6e2fec199dd8d0320a0afa59fc5fcb573c96cef97c54ecf1336afe29f1a94b3f47125f2e5aea215778fe1e44e6a5e7fe3090de7308cf89b7b/scheduler.py)
47. search.py (path: /syssec-nas0/pyc-research/compiled_evaluation_targets/usenix_test_set/python-3.7/b80be56c6bd751dec60ae8ffdd3f72f34edc2727dc43388824aa47ccee3ca25ea2d8af028cf2fe719529bf128e1766f3f9d8fd10ea445f68242ad24145cf6387/search.py)
48. smile.py (path: /syssec-nas0/pyc-research/compiled_evaluation_targets/usenix_test_set/python-3.7/0c9652850cb4fe233734237d6ba0abf74354ab53971d2da9aedc999b4db32564dc38d07e9e034e258a3b2ec577d82660bee76c02a3bd047f179f1534f6c6b896/smile.py)
49. stock_lhb_sina.py (path: /syssec-nas0/pyc-research/compiled_evaluation_targets/usenix_test_set/python-3.7/d9d783cb5f07b3fbcfe0dcf27599d2d39d261fd4e93cf0d53dc279adb93e51079f2e624ec3bed03039fd1401efcfc458c17bc2a7594699e9e432eb221aa2cac5/stock_lhb_sina.py)
50. tensor_shape.py (path: /syssec-nas0/pyc-research/compiled_evaluation_targets/usenix_test_set/python-3.7/ac631b69887a05f8b4027cefff3741658ad319d8e74985e18097700545662c03f2cee25feb0cce64683ad9043ab1134aaead421ff219bb48bd5caef7030e46ed/tensor_shape.py)
51. test_account_asset_management.py (path: /syssec-nas0/pyc-research/compiled_evaluation_targets/usenix_test_set/python-3.7/7503ed2fd55842b2032e13923cf2a7ff181dc8a3761799164d579dc6ff8ce2f481a8494a98208e73dd4ca2de1e34f1fcbf1fa62da7d766b1ec8be92a64409ba7/test_account_asset_management.py)
52. test_app.py (path: /syssec-nas0/pyc-research/compiled_evaluation_targets/usenix_test_set/python-3.7/a1d4077d542628b80d6e72199245104d83f0955819c870134a0e9028ecb0d89a24fa881c2f4a8f026e550683069b20b28a9169ae30e92ec60a67620595f1a848/test_app.py)
53. test_db_returning.py (path: /syssec-nas0/pyc-research/compiled_evaluation_targets/usenix_test_set/python-3.7/eed259ce17e34f97cc19c61195067c7e2c5d9cdea01adf74dfda92fc81f8a4bbbe0888e0151df32fd0f14d32d719786b6ff49c124c1917f2baa5f0392a6b3007/test_db_returning.py)
54. test_ordinary_fields.py (path: /syssec-nas0/pyc-research/compiled_evaluation_targets/usenix_test_set/python-3.7/e6078fea56074fea7ccf3d9314090f16a6264d6f7f18386e450a2def5e6fa373d426624167a294b47e98e1f043ea26521780064bbc378b24edf4f26c006beeb9/test_ordinary_fields.py)
55. tracked_thread.py (path: /syssec-nas0/pyc-research/compiled_evaluation_targets/usenix_test_set/python-3.7/759ac99e27475c933cf685b0a66d632ef13b9a5c18c0cb9b432232b66ddf106c2e151f2071e19056398a2e147bb78f903245f484b60aaba0aaf52bdb0f4faa88/tracked_thread.py)
56. versioneer.py (path: /syssec-nas0/pyc-research/compiled_evaluation_targets/usenix_test_set/python-3.7/ec69e9b826eecbe23b5697426f42e4c6419f61f32942421e2969615b6b8262bfd55cad108e905dde15c33c3045b91648ba22ce09c44efb2d7b73dd404c2d2bfc/versioneer.py)
57. video_ssl.py (path: /syssec-nas0/pyc-research/compiled_evaluation_targets/usenix_test_set/python-3.7/ab288e0b601bb61e10e80c1b6e1657e3ac6b082181538108126e08c8af5dd83af92e15b8838de17ba2c91627f97eb9d6d5b9505292c8fedc13ad86a99db047fd/video_ssl.py)
58. wav2vec2.py (path: /syssec-nas0/pyc-research/compiled_evaluation_targets/usenix_test_set/python-3.7/a351b4a0ed00aa663327469f4e7f26cf8770bd882e526a45daa3f3e59085e46361d99f2a46dc4278b9efaf3ec0329ca6201d7892f86ae6c0f4aaec6d7e50b408/wav2vec2.py)

Reconstruction Failures:
1. 10067-normalized.py (path: /syssec-nas0/pyc-research/compiled_evaluation_targets/usenix_test_set/python-3.7/10067/10067-normalized.py)
2. 1255-normalized.py (path: /syssec-nas0/pyc-research/compiled_evaluation_targets/usenix_test_set/python-3.7/1255/1255-normalized.py)
3. 13267-normalized.py (path: /syssec-nas0/pyc-research/compiled_evaluation_targets/usenix_test_set/python-3.7/13267/13267-normalized.py)
4. 15325-normalized.py (path: /syssec-nas0/pyc-research/compiled_evaluation_targets/usenix_test_set/python-3.7/15325/15325-normalized.py)
5. 17816-normalized.py (path: /syssec-nas0/pyc-research/compiled_evaluation_targets/usenix_test_set/python-3.7/17816/17816-normalized.py)
6. 20324-normalized.py (path: /syssec-nas0/pyc-research/compiled_evaluation_targets/usenix_test_set/python-3.7/20324/20324-normalized.py)
7. 21803-normalized.py (path: /syssec-nas0/pyc-research/compiled_evaluation_targets/usenix_test_set/python-3.7/21803/21803-normalized.py)
8. 3080-normalized.py (path: /syssec-nas0/pyc-research/compiled_evaluation_targets/usenix_test_set/python-3.7/3080/3080-normalized.py)
9. 4415-normalized.py (path: /syssec-nas0/pyc-research/compiled_evaluation_targets/usenix_test_set/python-3.7/4415/4415-normalized.py)
10. 7196-normalized.py (path: /syssec-nas0/pyc-research/compiled_evaluation_targets/usenix_test_set/python-3.7/7196/7196-normalized.py)
11. 9230-normalized.py (path: /syssec-nas0/pyc-research/compiled_evaluation_targets/usenix_test_set/python-3.7/9230/9230-normalized.py)
12. AttributeNodes.py (path: /syssec-nas0/pyc-research/compiled_evaluation_targets/usenix_test_set/python-3.7/05b5e94439fe4956b0c61007b78226192fabb03558e4c3cad42279d96c561eb17944fb585d5f820d21c4570907b7f2bc8a02ff8ac3aff6045e887818dc4f7435/AttributeNodes.py)
13. ChildrenHavingMixins.py (path: /syssec-nas0/pyc-research/compiled_evaluation_targets/usenix_test_set/python-3.7/dcb414a1afcb1edb6d7bb0151a4ad24c86190a9ae4e49deb56d3d6f89eb35c97e78e1a96b60226702cb8474037846aeb5b5d72ae67d7892ef3e68745cf365add/ChildrenHavingMixins.py)
14. LogicOfflineJobFakeBroker.py (path: /syssec-nas0/pyc-research/compiled_evaluation_targets/usenix_test_set/python-3.7/77928dbf85509050a834af1c46270cf4c92786efe338dfdf5f8e95a11260ac6468db2ed004b375bcee30fead1fe3bc718ff2a39b961e94f179a36ddff253a308/LogicOfflineJobFakeBroker.py)
15. PackageMetadataNodes.py (path: /syssec-nas0/pyc-research/compiled_evaluation_targets/usenix_test_set/python-3.7/aa28ef4e8bd5a8322fa87f7b2a7e1e5e8e11f735433c70707c7251678f51ce5110fc7710727833e5f615d92386a41f91da687c9cc73b68f64cacfbc19996b5ab/PackageMetadataNodes.py)
16. aix_inittab.py (path: /syssec-nas0/pyc-research/compiled_evaluation_targets/usenix_test_set/python-3.7/0048170a9c7a983c284d4bb10a969fa012e6073e0b7d93a6ddb77ffa477a99627b114924acb6ab02e5e97078424e6dce6d4dacdc9061fb0ee23d228945672d6c/aix_inittab.py)
17. analyzer.py (path: /syssec-nas0/pyc-research/compiled_evaluation_targets/usenix_test_set/python-3.7/ed7b3471ac409149aed84a811222a3e1201402489bc160cfb8a80992ff9e3625ebc57629cfb0d8c5141e7d148088f5c7cf189be4a7559c7b5199d5a26f28d4be/analyzer.py)
18. cloud_init.py (path: /syssec-nas0/pyc-research/compiled_evaluation_targets/usenix_test_set/python-3.7/eea8d532f7881a25e483b8568d31ce02aec3eae8b76a2e2ac94981926c4ad714fb42f9e79c8be51ce49b6c2883b823e196f6e1132e9003fee3bfb4631659608d/cloud_init.py)
19. code_parser.py (path: /syssec-nas0/pyc-research/compiled_evaluation_targets/usenix_test_set/python-3.7/9ddd47cc1e10f1a824daf3bc99774025e5cf2cb4eef4809994c12f6f4a22b0dd546a34758940620ed1edef9adb846a9e154768eebc08a9b4cb85421f638e9296/code_parser.py)
20. data.py (path: /syssec-nas0/pyc-research/compiled_evaluation_targets/usenix_test_set/python-3.7/bbd9a57bf96727f0ea92157a0b00247a96ab090c2ebefe145b475698cdd41d0601a9ee4b6c254928098dd86f351fa5adf06d5c5bc06628739631fa63f8c1c67b/data.py)
21. fields.py (path: /syssec-nas0/pyc-research/compiled_evaluation_targets/usenix_test_set/python-3.7/14c97271b5dbc978b88ad312bd4a41365477271fdb7ddb4480b7c20b86866bef420fae838a81043f446328178a7b47b7bd1f87d53f043898e22d68289c1422eb/fields.py)
22. filter.py (path: /syssec-nas0/pyc-research/compiled_evaluation_targets/usenix_test_set/python-3.7/955d0b6af5cd61f9ef6bb2da223dec678f7b7c65602b0ca94efcd128f00ac05735d0e684cecf3b1199418c04e65cf55d3b70308d1e573ff06552d5596ef9cd78/filter.py)
23. fixedclassifier.py (path: /syssec-nas0/pyc-research/compiled_evaluation_targets/usenix_test_set/python-3.7/4578bce1d9260192930a329402a1950c81cfc244f5bd9b96318637f307e9686ccd0abd1f39882030b3d8671aaf362e9aaf4c82dd000e5c1ca14eb57281508fe2/fixedclassifier.py)
24. graphsim.py (path: /syssec-nas0/pyc-research/compiled_evaluation_targets/usenix_test_set/python-3.7/9f9e9dac8ff0d9f300f98939d540f49e67d9ccacfb3c8f55d8a67a548292a9ebce65b23d1f53d207b0a03a4e18771e9205ffcbfec3ec22738600ceca014d0651/graphsim.py)
25. kodexa.py (path: /syssec-nas0/pyc-research/compiled_evaluation_targets/usenix_test_set/python-3.7/6d9407bd5af45dee7d743ba1ba1908ac78e3d1ca3061b8d31ccea544c08d12e1b559e1c8d72bcf513a9f29699fad568b7be0c09fcbb3232e1fe2e076f73f04f5/kodexa.py)
26. lex_attrs.py (path: /syssec-nas0/pyc-research/compiled_evaluation_targets/usenix_test_set/python-3.7/459ec14e28556c899ee002ca5285bb361771e43295f962834ee033d6ff6e233a5d8022448be859cea9c7d033b30ac1967f95f46f33290d926e39139d6411549b/lex_attrs.py)
27. math_grad.py (path: /syssec-nas0/pyc-research/compiled_evaluation_targets/usenix_test_set/python-3.7/dec7ab7f96054af2d9dff76b1a6983e065fb672aa3e916080c1231aa5b5e1d8188caf0b12ef0153d8ec8d6d358b6d89acaccaa7bfef25bee7f66b74ebf9829d9/math_grad.py)
28. n0struct_references.py (path: /syssec-nas0/pyc-research/compiled_evaluation_targets/usenix_test_set/python-3.7/63c38ed7aa2caac2d35fc08dac1bdc5973eca3f24204e01308285798228674b8ab98d24a07c25182060ca5de2da8aaed4bf503e0f8a67397effb5efc66019ef1/n0struct_references.py)
29. node.py (path: /syssec-nas0/pyc-research/compiled_evaluation_targets/usenix_test_set/python-3.7/11c569da5982ec918257febdc6ee16e7df05dcdeb25405b450c43e3b5e17fd44979b82276347d0b68f0831d75417fa653c06df0ec46ef371bd8ea48536f69377/node.py)
30. numba_.py (path: /syssec-nas0/pyc-research/compiled_evaluation_targets/usenix_test_set/python-3.7/155f5f35e9a1427c525c705bc9dfb50e075b378eba64d9738eaee390e35c7e68ab7cdbaa6d66f082af623e0ab1afa7c80d8a71ae82772d51602d9047ba876675/numba_.py)
31. old.py (path: /syssec-nas0/pyc-research/compiled_evaluation_targets/usenix_test_set/python-3.7/f9d7e6438f4ac9ad73a7e47522c0bfa57c3f21651f526a2121787820b4ffdc0426bc1209862be1ef169719521404cb4b48fccf1185007e5f06d05b3aa1557107/old.py)
32. patch.py (path: /syssec-nas0/pyc-research/compiled_evaluation_targets/usenix_test_set/python-3.7/dcb9ebd8bcff996941a4a9b4332eecdeaadeddb060689c27c0adac07e0e24972953b5fd377e7734790c03f7892a83fed6096738f390f88e0672f0366f82d280a/patch.py)
33. plots.py (path: /syssec-nas0/pyc-research/compiled_evaluation_targets/usenix_test_set/python-3.7/98ec30943dab93397c1927d854d28e7c4f84a008a2fbe33451ea3a1454f96740338a2b969db90740d0367fe3acc5da5e111d11fe2b3be5efb84144ca6d7d1bce/plots.py)
34. rinex2snr.py (path: /syssec-nas0/pyc-research/compiled_evaluation_targets/usenix_test_set/python-3.7/4b9b26eb954a2b10e042efd895454e7bfaacf4ea59cd4fd279d71f57fb74021775d7c81364a88339d3fbde02fa3dbbfb6d28a72ec0f1ac90716e486c3f60b1e5/rinex2snr.py)
35. rtcrtpsender.py (path: /syssec-nas0/pyc-research/compiled_evaluation_targets/usenix_test_set/python-3.7/2eb1b54d5e42d7d9eac34490c83da8586955b614b97c6aef2b2b63f86463cea2200d873c34c732b3cc536ee2d2a41a005cefb80781e34679fa263a1eb68f3a08/rtcrtpsender.py)
36. segmentation_losses.py (path: /syssec-nas0/pyc-research/compiled_evaluation_targets/usenix_test_set/python-3.7/99047ffe0d1b2e341a015aaf31758ffbe92dbc7a0cdee4547210f5f902a95d628dd2e36d96da642116ba8dda12a65f70ff21762b3443cc9cf48fd0bb33b68a91/segmentation_losses.py)
37. stock_board_concept_ths.py (path: /syssec-nas0/pyc-research/compiled_evaluation_targets/usenix_test_set/python-3.7/fc578412b66c73649a21bbe05b4664a0441f81aa2b2d4ada3171145938f0fad7db743fa0715ab7ecf77e29e7aa72adc305ec28ae56954f7c15ca073503141285/stock_board_concept_ths.py)
38. tokenizer.py (path: /syssec-nas0/pyc-research/compiled_evaluation_targets/usenix_test_set/python-3.7/12ce9242a1055a6b5a0c042e5efa554829d399194e4050148d88b585fb1f8f23e6828f65258e411e13ed10a33194b44edc23bd2889c493a6e86bfc60a8240eb0/tokenizer.py)
39. utils.py (path: /syssec-nas0/pyc-research/compiled_evaluation_targets/usenix_test_set/python-3.7/1cd2fda535295998010bebc46174c71a7d79840ae47f5ef6548b309cf0d6371d19493310a24272ae2c67b4089ebaeb32b838071ddacd8a1cdcc57dc32ea0e472/utils.py)
