Total files processed: 995
Success: 914 (91.9%)
Total failures: 81 (8.1%)
  - Reconstruction failures: 43
  - Compile errors: 38
  - Runtime errors: 0

=== All Failed Files (Sorted) ===
1. 11408-normalized.py [COMPILE ERROR] (path: /syssec-nas0/pyc-research/compiled_evaluation_targets/usenix_test_set/python-3.9/11408/11408-normalized.py)
2. 11479-normalized.py [COMPILE ERROR] (path: /syssec-nas0/pyc-research/compiled_evaluation_targets/usenix_test_set/python-3.9/11479/11479-normalized.py)
3. 12304-normalized.py [COMPILE ERROR] (path: /syssec-nas0/pyc-research/compiled_evaluation_targets/usenix_test_set/python-3.9/12304/12304-normalized.py)
4. 12506-normalized.py [COMPILE ERROR] (path: /syssec-nas0/pyc-research/compiled_evaluation_targets/usenix_test_set/python-3.9/12506/12506-normalized.py)
5. 16670-normalized.py [RECONSTRUCTION FAILURE] (path: /syssec-nas0/pyc-research/compiled_evaluation_targets/usenix_test_set/python-3.9/16670/16670-normalized.py)
6. 17415-normalized.py [COMPILE ERROR] (path: /syssec-nas0/pyc-research/compiled_evaluation_targets/usenix_test_set/python-3.9/17415/17415-normalized.py)
7. 1988-normalized.py [RECONSTRUCTION FAILURE] (path: /syssec-nas0/pyc-research/compiled_evaluation_targets/usenix_test_set/python-3.9/1988/1988-normalized.py)
8. 21202-normalized.py [COMPILE ERROR] (path: /syssec-nas0/pyc-research/compiled_evaluation_targets/usenix_test_set/python-3.9/21202/21202-normalized.py)
9. 21564-normalized.py [COMPILE ERROR] (path: /syssec-nas0/pyc-research/compiled_evaluation_targets/usenix_test_set/python-3.9/21564/21564-normalized.py)
10. 2325-normalized.py [RECONSTRUCTION FAILURE] (path: /syssec-nas0/pyc-research/compiled_evaluation_targets/usenix_test_set/python-3.9/2325/2325-normalized.py)
11. 3043-normalized.py [COMPILE ERROR] (path: /syssec-nas0/pyc-research/compiled_evaluation_targets/usenix_test_set/python-3.9/3043/3043-normalized.py)
12. 3080-normalized.py [RECONSTRUCTION FAILURE] (path: /syssec-nas0/pyc-research/compiled_evaluation_targets/usenix_test_set/python-3.9/3080/3080-normalized.py)
13. 3535-normalized.py [RECONSTRUCTION FAILURE] (path: /syssec-nas0/pyc-research/compiled_evaluation_targets/usenix_test_set/python-3.9/3535/3535-normalized.py)
14. 4538-normalized.py [RECONSTRUCTION FAILURE] (path: /syssec-nas0/pyc-research/compiled_evaluation_targets/usenix_test_set/python-3.9/4538/4538-normalized.py)
15. 925-normalized.py [RECONSTRUCTION FAILURE] (path: /syssec-nas0/pyc-research/compiled_evaluation_targets/usenix_test_set/python-3.9/925/925-normalized.py)
16. Docker.py [RECONSTRUCTION FAILURE] (path: /syssec-nas0/pyc-research/compiled_evaluation_targets/usenix_test_set/python-3.9/f0974f739296bb8627ece86d6b6942582dff38f962cd7d65283ef5259bb3ce5ec2ffc1fe41fb157e3dbd68189cd5011f70bcc3c0c4ba9b458bc93693232e9cf6/Docker.py)
17. GeneticAlgorithm.py [COMPILE ERROR] (path: /syssec-nas0/pyc-research/compiled_evaluation_targets/usenix_test_set/python-3.9/906842a96f866080826950088ca39796495fe1a1f5c804861963aa85c40b5b68a412a6aea1345849cebf7352870a640a27b4239f13c294ff9b8579dac3216186/GeneticAlgorithm.py)
18. History.py [RECONSTRUCTION FAILURE] (path: /syssec-nas0/pyc-research/compiled_evaluation_targets/usenix_test_set/python-3.9/13b8cb14ce707c439c4244b014ed15d022c38b2406176984ea46ef08d2454842f001122d7ff6a3a3c5f52d1e1b1614885366cd3e8153589c97f43056b3747fd1/History.py)
19. OutputComparison.py [COMPILE ERROR] (path: /syssec-nas0/pyc-research/compiled_evaluation_targets/usenix_test_set/python-3.9/a65d9c3099df5aa92818b2e410b1b40d08043c9db79c3e5ff1492bd226b6b84de29b3d8c51057915ebd0a907c86071ebe8c4fa79e952fae0a9b8eba353ede636/OutputComparison.py)
20. SharedClassNameHandler.py [RECONSTRUCTION FAILURE] (path: /syssec-nas0/pyc-research/compiled_evaluation_targets/usenix_test_set/python-3.9/80b4ac8699da09e9a43ef5d017c089f021aa1049dfc3a5a5b57591cfd5948394aa387e180aaf0845a7d9c309576b47e6ba0fb9578ed505a283791417d4c5334c/SharedClassNameHandler.py)
21. Utility.py [RECONSTRUCTION FAILURE] (path: /syssec-nas0/pyc-research/compiled_evaluation_targets/usenix_test_set/python-3.9/0931ff8871d5102275e13c7fa4e6862c4beb1f833a1fc3ccb8853e332365dcc61ccafb29665fc97afa34cd92d1206bbf39a601fd7c697079f13d4ebce703d9d7/Utility.py)
22. _fileobjectposix.py [RECONSTRUCTION FAILURE] (path: /syssec-nas0/pyc-research/compiled_evaluation_targets/usenix_test_set/python-3.9/4cd9c561cae81f5fb527b46be6380adc0c8726b9ff4af665558e6818b71a96ac581e5ac08d2190c43c7b5be397b9bee386dd74fc58eb3fe83657ee6e0ae34eb3/_fileobjectposix.py)
23. account.py [COMPILE ERROR] (path: /syssec-nas0/pyc-research/compiled_evaluation_targets/usenix_test_set/python-3.9/5b2bfcf48be1169e43a449ffa9dbef9a19b980ee6d4449d1c50efc95b653ae6fb2ecf89a576491d7ecaba02f34254cd74067bce7a764ee71b784bc1554894bc5/account.py)
24. adapter.py [COMPILE ERROR] (path: /syssec-nas0/pyc-research/compiled_evaluation_targets/usenix_test_set/python-3.9/90adfbb55d9823001a500ccef17b56acead81f4eb10eded3ee78c6107af3fa221beb222c87a68ab3bd4033764889ab313053dbe3d29501013dce18cae5c5615b/adapter.py)
25. auth.py [RECONSTRUCTION FAILURE] (path: /syssec-nas0/pyc-research/compiled_evaluation_targets/usenix_test_set/python-3.9/475368749dfcb253a29b497d75e91dccdc2cb2181d12c575f9ded6f3d80009d218e5bcf317058b3bd73e5bb766dd26fc8a2a9c15f89af40a5e3e4c138279a3c9/auth.py)
26. base.py [COMPILE ERROR] (path: /syssec-nas0/pyc-research/compiled_evaluation_targets/usenix_test_set/python-3.9/53de9c1b842e62a9723ee8fc11b7ecc5e41db13890dd2567c92ccb5cfe6a34f359a51834a7cd565acc2c883c35186691f14e75f82d04d99c38195cbb9d85d80d/base.py)
27. case.py [COMPILE ERROR] (path: /syssec-nas0/pyc-research/compiled_evaluation_targets/usenix_test_set/python-3.9/4cf1f7aba324aa0b14ac982a64b415d45039253858665b9794e798b7891266634bd8fb41aefbd80f09e7d2af1bf2cec61b2c084299195fc5af67d120c153badb/case.py)
28. climate.py [RECONSTRUCTION FAILURE] (path: /syssec-nas0/pyc-research/compiled_evaluation_targets/usenix_test_set/python-3.9/fc92cbd4cfa0179c20115104e541d2824a07ef10d9db32758c128b0048a0862c36899ed68b1e028d06efe7c082fddeb101ef8ec6f4bd4fc3fe8c694f5c985510/climate.py)
29. common.py [COMPILE ERROR] (path: /syssec-nas0/pyc-research/compiled_evaluation_targets/usenix_test_set/python-3.9/437d13e9263e380d41d8334ea865d824c2c44cc26f00251ed6c025fd5379ba54c5c96c4c422ff48e0099a3d29c3e99188a964d32dd6a18b9c9859b7605e7df9a/common.py)
30. common.py [RECONSTRUCTION FAILURE] (path: /syssec-nas0/pyc-research/compiled_evaluation_targets/usenix_test_set/python-3.9/4af550dc409e05f5d3bd35d13736446f031425b12b5cc1f268121723568f8396c18241c7b7d7c032fb9aa3f90f4072b34e0c8e5fecf7c738c4b03ac7ded54895/common.py)
31. compression.py [COMPILE ERROR] (path: /syssec-nas0/pyc-research/compiled_evaluation_targets/usenix_test_set/python-3.9/7686b2640036bbb57ed1bbd2889a1999175d9f9f4318bda0ea8c8cf1cf17739b1867e361d4c5d4ee1dc642b56b02cf5b87524fc89fd87c1edf587267e31bf7b3/compression.py)
32. export.py [COMPILE ERROR] (path: /syssec-nas0/pyc-research/compiled_evaluation_targets/usenix_test_set/python-3.9/75955dcd80a0c4f6c77525d6046bd1737f43a7494bfad37916b0bc6c6101c21d2b84a5247d45aef1186c729f84d5faeb8885140dde72a8563e8c1db8c0111592/export.py)
33. format_spec.py [RECONSTRUCTION FAILURE] (path: /syssec-nas0/pyc-research/compiled_evaluation_targets/usenix_test_set/python-3.9/39e72cb2bddc8b72f468b773d48ed8a4fa6ae85648ad33027d2454e4d6281afc22e9fa8506f4249857c35e1226879efc34fd2579bbcfccb902ff9b479b95c7e0/format_spec.py)
34. github.py [RECONSTRUCTION FAILURE] (path: /syssec-nas0/pyc-research/compiled_evaluation_targets/usenix_test_set/python-3.9/7bc6eda4c96166a483cf0731dd600640553e0e58a8f5d674a7be4ad4c9c1165b383902e76f78a295cb7cb9106f627e15d81fcf5026ab74f0f8c8e9e3b7171c1f/github.py)
35. gradients_util.py [COMPILE ERROR] (path: /syssec-nas0/pyc-research/compiled_evaluation_targets/usenix_test_set/python-3.9/5648588e01f4c2bcc04811c614dedb27d318d1b9b2671edb26271215ea5674ef96d05ba9f5fd4117d6ccd02b17ccc5772f3d7f9c2e34291fcebf426c86a2df64/gradients_util.py)
36. input.py [RECONSTRUCTION FAILURE] (path: /syssec-nas0/pyc-research/compiled_evaluation_targets/usenix_test_set/python-3.9/4f48007ebf96ca10c41a087e282a16fcabd4e668a1d85dd47fa5d4979b463788f22eabf524017ad5ef3167c52856dcf02a52d95cdbf76aac8c440b1176902749/input.py)
37. interpreter.py [RECONSTRUCTION FAILURE] (path: /syssec-nas0/pyc-research/compiled_evaluation_targets/usenix_test_set/python-3.9/4a37d1b843b25000a4482706ea3897806952a1883108ac90dcff386289b2f30cccb47711faf06eba92235e030ba7b47d9183bb0976fa69ed060d822713652547/interpreter.py)
38. interval_lifecycle.py [COMPILE ERROR] (path: /syssec-nas0/pyc-research/compiled_evaluation_targets/usenix_test_set/python-3.9/39dd3de8a559eb00074c5244936139667e258d4aef62d1750bcedff287311bdfbf63adc3ecfe8c07c1ca525a6c6e978b167e9c2f457b7eb9b0dbc886f393e276/interval_lifecycle.py)
39. jacobian.py [RECONSTRUCTION FAILURE] (path: /syssec-nas0/pyc-research/compiled_evaluation_targets/usenix_test_set/python-3.9/773ce417008a2a9286c82fe6768fd3a3685fb3a5a453bdff22bcaf19dc9037beb73f0f910aa62b3e08641fce3217dc88479d4ec8801a794bba59ca4dc1c1354f/jacobian.py)
40. job.py [RECONSTRUCTION FAILURE] (path: /syssec-nas0/pyc-research/compiled_evaluation_targets/usenix_test_set/python-3.9/82eec94ca7098abfb0066b6bd225c11bb4eecd18c9f4cffd42b6f1ccafaf452005d2e1b8a85faef6d2d1c27bff26798fdca9a09b0792f3fe38c40c5fb2ef86ff/job.py)
41. json_format.py [COMPILE ERROR] (path: /syssec-nas0/pyc-research/compiled_evaluation_targets/usenix_test_set/python-3.9/811d12c92e619883d55077105a66ffc49f9a135e6ab4eabb4abbe6ab3faa92ed27b295d5f78a9d2a68951e7d6210e9cedd17047c4cc41a59a0ec42bc6b009ad0/json_format.py)
42. legends.py [RECONSTRUCTION FAILURE] (path: /syssec-nas0/pyc-research/compiled_evaluation_targets/usenix_test_set/python-3.9/5697d9822922f59cc5b5be1183cbf1ef60f81bf47dc8394fcf48cf4e71ab4584e580c2ad7f8d88b84aabab1c0942efef110a711b8088b493a2da9696ae67e784/legends.py)
43. logger.py [COMPILE ERROR] (path: /syssec-nas0/pyc-research/compiled_evaluation_targets/usenix_test_set/python-3.9/1e8aa996533bd98bb5bc48e6a539f85c9e7ec952a65879d9638c61aa303add64c2f7da404a26a1666c1a4e089750406fe5f862dc8346a3861254c4393ac7a12e/logger.py)
44. ls.py [RECONSTRUCTION FAILURE] (path: /syssec-nas0/pyc-research/compiled_evaluation_targets/usenix_test_set/python-3.9/0e105bf3fac776a22e7d274e91267859a138111dbf82d1646953b3e3386f8fa55e0d1ae48c6a97e802e38572b45d13493ec4e1376274aecce14fd2c2374a7dff/ls.py)
45. md_and_sec.py [RECONSTRUCTION FAILURE] (path: /syssec-nas0/pyc-research/compiled_evaluation_targets/usenix_test_set/python-3.9/35c0947e23435c5097a3552777bc2d55e55ccc4eeaf370eccbe9539fdb96cec482d8bb0fddfcc44cd92d6ae50d21ed4b018d4ec0e968c269e300a045b1e2537b/md_and_sec.py)
46. nim.py [RECONSTRUCTION FAILURE] (path: /syssec-nas0/pyc-research/compiled_evaluation_targets/usenix_test_set/python-3.9/7f5faa1330c160665714c68f2704d7547c65aa657dcf4776c9c5ace31346c4bce6619aaceef44a69193cf855f60d1aebc4b8b3e94fc6edb57cfc9b292d5babfd/nim.py)
47. nsq_route.py [RECONSTRUCTION FAILURE] (path: /syssec-nas0/pyc-research/compiled_evaluation_targets/usenix_test_set/python-3.9/362850697094a7a1c561244e8ec5d455bb085ed58c39734bc7b513a090225c70665964d1157e2a8a952c3233e958f104d85614617542467f3817243da2254e8a/nsq_route.py)
48. numba_.py [RECONSTRUCTION FAILURE] (path: /syssec-nas0/pyc-research/compiled_evaluation_targets/usenix_test_set/python-3.9/155f5f35e9a1427c525c705bc9dfb50e075b378eba64d9738eaee390e35c7e68ab7cdbaa6d66f082af623e0ab1afa7c80d8a71ae82772d51602d9047ba876675/numba_.py)
49. ocr.py [RECONSTRUCTION FAILURE] (path: /syssec-nas0/pyc-research/compiled_evaluation_targets/usenix_test_set/python-3.9/f304e8c9963de2601e7a283b78bc4e43c4c70ab961a743dfd02323453e0894c1a019114174972eae9d6cbd839566644b3bd9e1d0a2c2822f7782156423cbdd9c/ocr.py)
50. plots.py [RECONSTRUCTION FAILURE] (path: /syssec-nas0/pyc-research/compiled_evaluation_targets/usenix_test_set/python-3.9/98ec30943dab93397c1927d854d28e7c4f84a008a2fbe33451ea3a1454f96740338a2b969db90740d0367fe3acc5da5e111d11fe2b3be5efb84144ca6d7d1bce/plots.py)
51. project.py [COMPILE ERROR] (path: /syssec-nas0/pyc-research/compiled_evaluation_targets/usenix_test_set/python-3.9/feada67d1617ccca55c3f9142bd99050ff546daf28d2d83cbf792c4affc5e144bc077a44f1ebd88232a4d627781765327eb87becfdb283ef681f55247cecf6eb/project.py)
52. readers.py [RECONSTRUCTION FAILURE] (path: /syssec-nas0/pyc-research/compiled_evaluation_targets/usenix_test_set/python-3.9/292458ebbf2798030d10328b0e2c372d0ad4b811da1321050465df27c87d2b45b2cdf07f3d51ffa5a15665f8752742d45759e13d8ee5502a5d1ad92767b1e8ce/readers.py)
53. rinex2snr.py [RECONSTRUCTION FAILURE] (path: /syssec-nas0/pyc-research/compiled_evaluation_targets/usenix_test_set/python-3.9/4b9b26eb954a2b10e042efd895454e7bfaacf4ea59cd4fd279d71f57fb74021775d7c81364a88339d3fbde02fa3dbbfb6d28a72ec0f1ac90716e486c3f60b1e5/rinex2snr.py)
54. schemas.py [COMPILE ERROR] (path: /syssec-nas0/pyc-research/compiled_evaluation_targets/usenix_test_set/python-3.9/045cf9f46846d988ada51284223e1d0d233ad2ac09fc1d0cf392d1dbc2e30d159a06b89b73f43150a5da1807588891e22fd3947981147e946a0e862617e06fea/schemas.py)
55. send_code.py [RECONSTRUCTION FAILURE] (path: /syssec-nas0/pyc-research/compiled_evaluation_targets/usenix_test_set/python-3.9/5837d66e8ff8f509876162d9743f125e0e09e063bf49363246ef486243f7d05dc2a7c14afd48a12e86014c68e4931870bafb9f3ff95424eb06c2faccd121e372/send_code.py)
56. serv_config.py [RECONSTRUCTION FAILURE] (path: /syssec-nas0/pyc-research/compiled_evaluation_targets/usenix_test_set/python-3.9/9b346e46eede13c6fb9228bfda674304349d944400eeec9ad277d33aee94f068087851f5f67076d4825f9378479257da55de7944a375060530f1728af4661094/serv_config.py)
57. sponsored_guest_portal.py [COMPILE ERROR] (path: /syssec-nas0/pyc-research/compiled_evaluation_targets/usenix_test_set/python-3.9/76a6df95eac1f565aae286c07cbcd55e044f2dba63c2729952df41846828035df6f1c2bae46efa5101e9e31a3a8e139b165fae16124a4fb5d87f7c6e232fea5f/sponsored_guest_portal.py)
58. starfourhundredgiglan.py [RECONSTRUCTION FAILURE] (path: /syssec-nas0/pyc-research/compiled_evaluation_targets/usenix_test_set/python-3.9/67770d418bdab573ac5b426fa0c94cec24c94de38fdc016aba7e294f164995dd4d27a96c5ceef2d48e5c2006de1b10001cf338acbb7eaf6093b3677075d0915d/starfourhundredgiglan.py)
59. stock_lhb_sina.py [COMPILE ERROR] (path: /syssec-nas0/pyc-research/compiled_evaluation_targets/usenix_test_set/python-3.9/d9d783cb5f07b3fbcfe0dcf27599d2d39d261fd4e93cf0d53dc279adb93e51079f2e624ec3bed03039fd1401efcfc458c17bc2a7594699e9e432eb221aa2cac5/stock_lhb_sina.py)
60. sync.py [RECONSTRUCTION FAILURE] (path: /syssec-nas0/pyc-research/compiled_evaluation_targets/usenix_test_set/python-3.9/60d58ae3f0c57d108bd71c4368ee4f64a36a02195f6685c27c12b20aa9724f03bb7a91ab7078718e218340a5173f31c7d6e67909fd7be3d9c5446ae51e8d08d0/sync.py)
61. sysutils.py [COMPILE ERROR] (path: /syssec-nas0/pyc-research/compiled_evaluation_targets/usenix_test_set/python-3.9/5e162ea864128d8222bb7d5f9e56723c7f81d4818d1a954272419f58b77f533264a968144bf2c4f7d37a429feccacf3e5c72f426d899f7e9fc73612f7757f302/sysutils.py)
62. terraform_users.py [RECONSTRUCTION FAILURE] (path: /syssec-nas0/pyc-research/compiled_evaluation_targets/usenix_test_set/python-3.9/2334ea37f5f70750adb226d7aec5a19fa9be20845d6333fd15b6b12137b0cde2dabd98d061f93fa32a60fe87bd4030a2530540363ceeaf76d6f675fa5b4a69ca/terraform_users.py)
63. test_cuts.py [RECONSTRUCTION FAILURE] (path: /syssec-nas0/pyc-research/compiled_evaluation_targets/usenix_test_set/python-3.9/21936af9ec59ec9870d0a0dded08f69ec6dec937661f3156c6611e9ef61510cf94b51b9dce102c2d5f32a8ec44eaef0b701159fdcc6bd3e9e94fa883e64d0c9e/test_cuts.py)
64. test_export_fits.py [COMPILE ERROR] (path: /syssec-nas0/pyc-research/compiled_evaluation_targets/usenix_test_set/python-3.9/8fabca408a89ef4a716d7f42fde67c3b56dbbe735424fa7e1ef59ba4dc20e8500026e92fde6f352940a8c7d7618ea121e5297f2866d70c3249dee82245b23c60/test_export_fits.py)
65. test_stata.py [COMPILE ERROR] (path: /syssec-nas0/pyc-research/compiled_evaluation_targets/usenix_test_set/python-3.9/45a5c3713460f9c2a0c0547ae2ba035aca9f6c28111877390a9f9f7549fd9fc920021d731cc861533bc0d886a8584714908b7fb62b0740411ccd3654d05c375d/test_stata.py)
66. text.py [COMPILE ERROR] (path: /syssec-nas0/pyc-research/compiled_evaluation_targets/usenix_test_set/python-3.9/ca29c7d5f88e1c6cdd260088b4d692fe758f4633b9266c6600c916ec502723ee6cab0111678572eb357cca9755a6323d93a2bba17dc635f4abdbb9d9541a975d/text.py)
67. texturecompress.py [RECONSTRUCTION FAILURE] (path: /syssec-nas0/pyc-research/compiled_evaluation_targets/usenix_test_set/python-3.9/cb54c857afc213b06ada9a573541cf63913cc7672a72a992ffe40bd724a610ea3fa8fb22c9facb5816ed8acab9c5723251bc817d961bc99bc0e2941f1630e1c2/texturecompress.py)
68. time_stats_generator.py [COMPILE ERROR] (path: /syssec-nas0/pyc-research/compiled_evaluation_targets/usenix_test_set/python-3.9/e305fecede7a4b76550995209751b7b9a9c650b022f2b5bbbe902fa68d20418583f5f52a16df8e848634d0df3ebd1b394974cbdc6bacc78da6da07871069adcb/time_stats_generator.py)
69. tnet.py [COMPILE ERROR] (path: /syssec-nas0/pyc-research/compiled_evaluation_targets/usenix_test_set/python-3.9/3bba3158df93199767153205bb13b73ac31046a1ec47ff63d6796344b1f981dc0e4ac819734d150d7151db1787f7a4304dddde471dc52d6792abb032f1bcc16b/tnet.py)
70. transform.py [COMPILE ERROR] (path: /syssec-nas0/pyc-research/compiled_evaluation_targets/usenix_test_set/python-3.9/7bf250992e72d9739c20ece85d6f33f0f11151263c9b63565bbf40e86670388cc0649f7e1e8c69b19e8efca7551921b7f60c1e26998282f37aa81ace6dbb00d4/transform.py)
71. tunnel.py [COMPILE ERROR] (path: /syssec-nas0/pyc-research/compiled_evaluation_targets/usenix_test_set/python-3.9/5e0bae32c002f88ce7523e688bb5f69e24aacf981757bd57a3b545f6298e9d751092960c44eb2fd2087ddbdd4aaae2f54bfc13ef12d6b22fe57e3543d7d9d1d9/tunnel.py)
72. unfuddle.py [COMPILE ERROR] (path: /syssec-nas0/pyc-research/compiled_evaluation_targets/usenix_test_set/python-3.9/85ba58e4e5c299dd1aa75e011df101af8c02cbc5095adcb21093f4caf488fb7d93b4d2772e82e0bdf335abfe2e265ade5daf99c9a23f2a8ec14cc0d60e5d187c/unfuddle.py)
73. util.py [RECONSTRUCTION FAILURE] (path: /syssec-nas0/pyc-research/compiled_evaluation_targets/usenix_test_set/python-3.9/d4514762c67eb8ddf5fa3cecbab9dd92f7383fa7d0663ea66c8c5ffc64d4814f997ee89842c49d8a7f52b673cebc7de59a6cb73a6f65acbf5d942e975fb78c8f/util.py)
74. utils.py [COMPILE ERROR] (path: /syssec-nas0/pyc-research/compiled_evaluation_targets/usenix_test_set/python-3.9/2b127d1e5201a4fdfd1f5b62874303220ddb1770de1cfed0f3096f86475b1d1d7700419f6e430bd561a6f0b674dfdb1edeac0542a0884c024ed2342df0d13a1c/utils.py)
75. utils.py [RECONSTRUCTION FAILURE] (path: /syssec-nas0/pyc-research/compiled_evaluation_targets/usenix_test_set/python-3.9/1cd2fda535295998010bebc46174c71a7d79840ae47f5ef6548b309cf0d6371d19493310a24272ae2c67b4089ebaeb32b838071ddacd8a1cdcc57dc32ea0e472/utils.py)
76. views.py [COMPILE ERROR] (path: /syssec-nas0/pyc-research/compiled_evaluation_targets/usenix_test_set/python-3.9/3fd06313ca4411e2f3c6579ae9bd3400443ca6646b50d7ba00f40a816c7a3443bd40b49bc7d892311306a99a9400c125698aed23b6ae7cba5ec56220b5f567e3/views.py)
77. web_test.py [RECONSTRUCTION FAILURE] (path: /syssec-nas0/pyc-research/compiled_evaluation_targets/usenix_test_set/python-3.9/a1c59c9625b86f0da697da06b3448ef66b84706e6bc4ce473fa0bf1b551666bbdcdba0ac537afd342923b5fbff5a3e7e54c5f7fa3972c59b811b43fdbfeda1e6/web_test.py)
78. win32_utils.py [RECONSTRUCTION FAILURE] (path: /syssec-nas0/pyc-research/compiled_evaluation_targets/usenix_test_set/python-3.9/8788c0e6e3bedda6ca183f7e612a94330579f404d711930ecdacd7c5b1b94ceddd256abbf93f31a23eac6854f6681c608e2d79427c21c69446e033c28689f377/win32_utils.py)
79. windowDevelop.py [COMPILE ERROR] (path: /syssec-nas0/pyc-research/compiled_evaluation_targets/usenix_test_set/python-3.9/65fac04376a5536ac05dee58f464be1b78350155dac1b0cef08748109c2f62d27c60e14443f4eef3a5d12006f7e88c081f59ca62e43acc32ad86d2a3b9d24f33/windowDevelop.py)
80. wipe.py [RECONSTRUCTION FAILURE] (path: /syssec-nas0/pyc-research/compiled_evaluation_targets/usenix_test_set/python-3.9/303e8be99b216abbe3f9482d4c24d29acda450872fd0e828ade8222fc3bfb170045fc03d08974107e89c6941b0c491cf3e20dfcb34f789696ec54af81054af3b/wipe.py)
81. zone_record_api.py [COMPILE ERROR] (path: /syssec-nas0/pyc-research/compiled_evaluation_targets/usenix_test_set/python-3.9/229ed2d0657a96e40250b3e05b7e91e29d99ecd5855c4a6f685dba13fa72770a78fb1a6ae5c1a011c98c8e3001467fe7832437111aca935352901e261f2b67c5/zone_record_api.py)

=== Detailed Breakdown ===

Compile Errors:
1. 11408-normalized.py (path: /syssec-nas0/pyc-research/compiled_evaluation_targets/usenix_test_set/python-3.9/11408/11408-normalized.py)
2. 11479-normalized.py (path: /syssec-nas0/pyc-research/compiled_evaluation_targets/usenix_test_set/python-3.9/11479/11479-normalized.py)
3. 12304-normalized.py (path: /syssec-nas0/pyc-research/compiled_evaluation_targets/usenix_test_set/python-3.9/12304/12304-normalized.py)
4. 12506-normalized.py (path: /syssec-nas0/pyc-research/compiled_evaluation_targets/usenix_test_set/python-3.9/12506/12506-normalized.py)
5. 17415-normalized.py (path: /syssec-nas0/pyc-research/compiled_evaluation_targets/usenix_test_set/python-3.9/17415/17415-normalized.py)
6. 21202-normalized.py (path: /syssec-nas0/pyc-research/compiled_evaluation_targets/usenix_test_set/python-3.9/21202/21202-normalized.py)
7. 21564-normalized.py (path: /syssec-nas0/pyc-research/compiled_evaluation_targets/usenix_test_set/python-3.9/21564/21564-normalized.py)
8. 3043-normalized.py (path: /syssec-nas0/pyc-research/compiled_evaluation_targets/usenix_test_set/python-3.9/3043/3043-normalized.py)
9. GeneticAlgorithm.py (path: /syssec-nas0/pyc-research/compiled_evaluation_targets/usenix_test_set/python-3.9/906842a96f866080826950088ca39796495fe1a1f5c804861963aa85c40b5b68a412a6aea1345849cebf7352870a640a27b4239f13c294ff9b8579dac3216186/GeneticAlgorithm.py)
10. OutputComparison.py (path: /syssec-nas0/pyc-research/compiled_evaluation_targets/usenix_test_set/python-3.9/a65d9c3099df5aa92818b2e410b1b40d08043c9db79c3e5ff1492bd226b6b84de29b3d8c51057915ebd0a907c86071ebe8c4fa79e952fae0a9b8eba353ede636/OutputComparison.py)
11. account.py (path: /syssec-nas0/pyc-research/compiled_evaluation_targets/usenix_test_set/python-3.9/5b2bfcf48be1169e43a449ffa9dbef9a19b980ee6d4449d1c50efc95b653ae6fb2ecf89a576491d7ecaba02f34254cd74067bce7a764ee71b784bc1554894bc5/account.py)
12. adapter.py (path: /syssec-nas0/pyc-research/compiled_evaluation_targets/usenix_test_set/python-3.9/90adfbb55d9823001a500ccef17b56acead81f4eb10eded3ee78c6107af3fa221beb222c87a68ab3bd4033764889ab313053dbe3d29501013dce18cae5c5615b/adapter.py)
13. base.py (path: /syssec-nas0/pyc-research/compiled_evaluation_targets/usenix_test_set/python-3.9/53de9c1b842e62a9723ee8fc11b7ecc5e41db13890dd2567c92ccb5cfe6a34f359a51834a7cd565acc2c883c35186691f14e75f82d04d99c38195cbb9d85d80d/base.py)
14. case.py (path: /syssec-nas0/pyc-research/compiled_evaluation_targets/usenix_test_set/python-3.9/4cf1f7aba324aa0b14ac982a64b415d45039253858665b9794e798b7891266634bd8fb41aefbd80f09e7d2af1bf2cec61b2c084299195fc5af67d120c153badb/case.py)
15. common.py (path: /syssec-nas0/pyc-research/compiled_evaluation_targets/usenix_test_set/python-3.9/437d13e9263e380d41d8334ea865d824c2c44cc26f00251ed6c025fd5379ba54c5c96c4c422ff48e0099a3d29c3e99188a964d32dd6a18b9c9859b7605e7df9a/common.py)
16. compression.py (path: /syssec-nas0/pyc-research/compiled_evaluation_targets/usenix_test_set/python-3.9/7686b2640036bbb57ed1bbd2889a1999175d9f9f4318bda0ea8c8cf1cf17739b1867e361d4c5d4ee1dc642b56b02cf5b87524fc89fd87c1edf587267e31bf7b3/compression.py)
17. export.py (path: /syssec-nas0/pyc-research/compiled_evaluation_targets/usenix_test_set/python-3.9/75955dcd80a0c4f6c77525d6046bd1737f43a7494bfad37916b0bc6c6101c21d2b84a5247d45aef1186c729f84d5faeb8885140dde72a8563e8c1db8c0111592/export.py)
18. gradients_util.py (path: /syssec-nas0/pyc-research/compiled_evaluation_targets/usenix_test_set/python-3.9/5648588e01f4c2bcc04811c614dedb27d318d1b9b2671edb26271215ea5674ef96d05ba9f5fd4117d6ccd02b17ccc5772f3d7f9c2e34291fcebf426c86a2df64/gradients_util.py)
19. interval_lifecycle.py (path: /syssec-nas0/pyc-research/compiled_evaluation_targets/usenix_test_set/python-3.9/39dd3de8a559eb00074c5244936139667e258d4aef62d1750bcedff287311bdfbf63adc3ecfe8c07c1ca525a6c6e978b167e9c2f457b7eb9b0dbc886f393e276/interval_lifecycle.py)
20. json_format.py (path: /syssec-nas0/pyc-research/compiled_evaluation_targets/usenix_test_set/python-3.9/811d12c92e619883d55077105a66ffc49f9a135e6ab4eabb4abbe6ab3faa92ed27b295d5f78a9d2a68951e7d6210e9cedd17047c4cc41a59a0ec42bc6b009ad0/json_format.py)
21. logger.py (path: /syssec-nas0/pyc-research/compiled_evaluation_targets/usenix_test_set/python-3.9/1e8aa996533bd98bb5bc48e6a539f85c9e7ec952a65879d9638c61aa303add64c2f7da404a26a1666c1a4e089750406fe5f862dc8346a3861254c4393ac7a12e/logger.py)
22. project.py (path: /syssec-nas0/pyc-research/compiled_evaluation_targets/usenix_test_set/python-3.9/feada67d1617ccca55c3f9142bd99050ff546daf28d2d83cbf792c4affc5e144bc077a44f1ebd88232a4d627781765327eb87becfdb283ef681f55247cecf6eb/project.py)
23. schemas.py (path: /syssec-nas0/pyc-research/compiled_evaluation_targets/usenix_test_set/python-3.9/045cf9f46846d988ada51284223e1d0d233ad2ac09fc1d0cf392d1dbc2e30d159a06b89b73f43150a5da1807588891e22fd3947981147e946a0e862617e06fea/schemas.py)
24. sponsored_guest_portal.py (path: /syssec-nas0/pyc-research/compiled_evaluation_targets/usenix_test_set/python-3.9/76a6df95eac1f565aae286c07cbcd55e044f2dba63c2729952df41846828035df6f1c2bae46efa5101e9e31a3a8e139b165fae16124a4fb5d87f7c6e232fea5f/sponsored_guest_portal.py)
25. stock_lhb_sina.py (path: /syssec-nas0/pyc-research/compiled_evaluation_targets/usenix_test_set/python-3.9/d9d783cb5f07b3fbcfe0dcf27599d2d39d261fd4e93cf0d53dc279adb93e51079f2e624ec3bed03039fd1401efcfc458c17bc2a7594699e9e432eb221aa2cac5/stock_lhb_sina.py)
26. sysutils.py (path: /syssec-nas0/pyc-research/compiled_evaluation_targets/usenix_test_set/python-3.9/5e162ea864128d8222bb7d5f9e56723c7f81d4818d1a954272419f58b77f533264a968144bf2c4f7d37a429feccacf3e5c72f426d899f7e9fc73612f7757f302/sysutils.py)
27. test_export_fits.py (path: /syssec-nas0/pyc-research/compiled_evaluation_targets/usenix_test_set/python-3.9/8fabca408a89ef4a716d7f42fde67c3b56dbbe735424fa7e1ef59ba4dc20e8500026e92fde6f352940a8c7d7618ea121e5297f2866d70c3249dee82245b23c60/test_export_fits.py)
28. test_stata.py (path: /syssec-nas0/pyc-research/compiled_evaluation_targets/usenix_test_set/python-3.9/45a5c3713460f9c2a0c0547ae2ba035aca9f6c28111877390a9f9f7549fd9fc920021d731cc861533bc0d886a8584714908b7fb62b0740411ccd3654d05c375d/test_stata.py)
29. text.py (path: /syssec-nas0/pyc-research/compiled_evaluation_targets/usenix_test_set/python-3.9/ca29c7d5f88e1c6cdd260088b4d692fe758f4633b9266c6600c916ec502723ee6cab0111678572eb357cca9755a6323d93a2bba17dc635f4abdbb9d9541a975d/text.py)
30. time_stats_generator.py (path: /syssec-nas0/pyc-research/compiled_evaluation_targets/usenix_test_set/python-3.9/e305fecede7a4b76550995209751b7b9a9c650b022f2b5bbbe902fa68d20418583f5f52a16df8e848634d0df3ebd1b394974cbdc6bacc78da6da07871069adcb/time_stats_generator.py)
31. tnet.py (path: /syssec-nas0/pyc-research/compiled_evaluation_targets/usenix_test_set/python-3.9/3bba3158df93199767153205bb13b73ac31046a1ec47ff63d6796344b1f981dc0e4ac819734d150d7151db1787f7a4304dddde471dc52d6792abb032f1bcc16b/tnet.py)
32. transform.py (path: /syssec-nas0/pyc-research/compiled_evaluation_targets/usenix_test_set/python-3.9/7bf250992e72d9739c20ece85d6f33f0f11151263c9b63565bbf40e86670388cc0649f7e1e8c69b19e8efca7551921b7f60c1e26998282f37aa81ace6dbb00d4/transform.py)
33. tunnel.py (path: /syssec-nas0/pyc-research/compiled_evaluation_targets/usenix_test_set/python-3.9/5e0bae32c002f88ce7523e688bb5f69e24aacf981757bd57a3b545f6298e9d751092960c44eb2fd2087ddbdd4aaae2f54bfc13ef12d6b22fe57e3543d7d9d1d9/tunnel.py)
34. unfuddle.py (path: /syssec-nas0/pyc-research/compiled_evaluation_targets/usenix_test_set/python-3.9/85ba58e4e5c299dd1aa75e011df101af8c02cbc5095adcb21093f4caf488fb7d93b4d2772e82e0bdf335abfe2e265ade5daf99c9a23f2a8ec14cc0d60e5d187c/unfuddle.py)
35. utils.py (path: /syssec-nas0/pyc-research/compiled_evaluation_targets/usenix_test_set/python-3.9/2b127d1e5201a4fdfd1f5b62874303220ddb1770de1cfed0f3096f86475b1d1d7700419f6e430bd561a6f0b674dfdb1edeac0542a0884c024ed2342df0d13a1c/utils.py)
36. views.py (path: /syssec-nas0/pyc-research/compiled_evaluation_targets/usenix_test_set/python-3.9/3fd06313ca4411e2f3c6579ae9bd3400443ca6646b50d7ba00f40a816c7a3443bd40b49bc7d892311306a99a9400c125698aed23b6ae7cba5ec56220b5f567e3/views.py)
37. windowDevelop.py (path: /syssec-nas0/pyc-research/compiled_evaluation_targets/usenix_test_set/python-3.9/65fac04376a5536ac05dee58f464be1b78350155dac1b0cef08748109c2f62d27c60e14443f4eef3a5d12006f7e88c081f59ca62e43acc32ad86d2a3b9d24f33/windowDevelop.py)
38. zone_record_api.py (path: /syssec-nas0/pyc-research/compiled_evaluation_targets/usenix_test_set/python-3.9/229ed2d0657a96e40250b3e05b7e91e29d99ecd5855c4a6f685dba13fa72770a78fb1a6ae5c1a011c98c8e3001467fe7832437111aca935352901e261f2b67c5/zone_record_api.py)

Reconstruction Failures:
1. 16670-normalized.py (path: /syssec-nas0/pyc-research/compiled_evaluation_targets/usenix_test_set/python-3.9/16670/16670-normalized.py)
2. 1988-normalized.py (path: /syssec-nas0/pyc-research/compiled_evaluation_targets/usenix_test_set/python-3.9/1988/1988-normalized.py)
3. 2325-normalized.py (path: /syssec-nas0/pyc-research/compiled_evaluation_targets/usenix_test_set/python-3.9/2325/2325-normalized.py)
4. 3080-normalized.py (path: /syssec-nas0/pyc-research/compiled_evaluation_targets/usenix_test_set/python-3.9/3080/3080-normalized.py)
5. 3535-normalized.py (path: /syssec-nas0/pyc-research/compiled_evaluation_targets/usenix_test_set/python-3.9/3535/3535-normalized.py)
6. 4538-normalized.py (path: /syssec-nas0/pyc-research/compiled_evaluation_targets/usenix_test_set/python-3.9/4538/4538-normalized.py)
7. 925-normalized.py (path: /syssec-nas0/pyc-research/compiled_evaluation_targets/usenix_test_set/python-3.9/925/925-normalized.py)
8. Docker.py (path: /syssec-nas0/pyc-research/compiled_evaluation_targets/usenix_test_set/python-3.9/f0974f739296bb8627ece86d6b6942582dff38f962cd7d65283ef5259bb3ce5ec2ffc1fe41fb157e3dbd68189cd5011f70bcc3c0c4ba9b458bc93693232e9cf6/Docker.py)
9. History.py (path: /syssec-nas0/pyc-research/compiled_evaluation_targets/usenix_test_set/python-3.9/13b8cb14ce707c439c4244b014ed15d022c38b2406176984ea46ef08d2454842f001122d7ff6a3a3c5f52d1e1b1614885366cd3e8153589c97f43056b3747fd1/History.py)
10. SharedClassNameHandler.py (path: /syssec-nas0/pyc-research/compiled_evaluation_targets/usenix_test_set/python-3.9/80b4ac8699da09e9a43ef5d017c089f021aa1049dfc3a5a5b57591cfd5948394aa387e180aaf0845a7d9c309576b47e6ba0fb9578ed505a283791417d4c5334c/SharedClassNameHandler.py)
11. Utility.py (path: /syssec-nas0/pyc-research/compiled_evaluation_targets/usenix_test_set/python-3.9/0931ff8871d5102275e13c7fa4e6862c4beb1f833a1fc3ccb8853e332365dcc61ccafb29665fc97afa34cd92d1206bbf39a601fd7c697079f13d4ebce703d9d7/Utility.py)
12. _fileobjectposix.py (path: /syssec-nas0/pyc-research/compiled_evaluation_targets/usenix_test_set/python-3.9/4cd9c561cae81f5fb527b46be6380adc0c8726b9ff4af665558e6818b71a96ac581e5ac08d2190c43c7b5be397b9bee386dd74fc58eb3fe83657ee6e0ae34eb3/_fileobjectposix.py)
13. auth.py (path: /syssec-nas0/pyc-research/compiled_evaluation_targets/usenix_test_set/python-3.9/475368749dfcb253a29b497d75e91dccdc2cb2181d12c575f9ded6f3d80009d218e5bcf317058b3bd73e5bb766dd26fc8a2a9c15f89af40a5e3e4c138279a3c9/auth.py)
14. climate.py (path: /syssec-nas0/pyc-research/compiled_evaluation_targets/usenix_test_set/python-3.9/fc92cbd4cfa0179c20115104e541d2824a07ef10d9db32758c128b0048a0862c36899ed68b1e028d06efe7c082fddeb101ef8ec6f4bd4fc3fe8c694f5c985510/climate.py)
15. common.py (path: /syssec-nas0/pyc-research/compiled_evaluation_targets/usenix_test_set/python-3.9/4af550dc409e05f5d3bd35d13736446f031425b12b5cc1f268121723568f8396c18241c7b7d7c032fb9aa3f90f4072b34e0c8e5fecf7c738c4b03ac7ded54895/common.py)
16. format_spec.py (path: /syssec-nas0/pyc-research/compiled_evaluation_targets/usenix_test_set/python-3.9/39e72cb2bddc8b72f468b773d48ed8a4fa6ae85648ad33027d2454e4d6281afc22e9fa8506f4249857c35e1226879efc34fd2579bbcfccb902ff9b479b95c7e0/format_spec.py)
17. github.py (path: /syssec-nas0/pyc-research/compiled_evaluation_targets/usenix_test_set/python-3.9/7bc6eda4c96166a483cf0731dd600640553e0e58a8f5d674a7be4ad4c9c1165b383902e76f78a295cb7cb9106f627e15d81fcf5026ab74f0f8c8e9e3b7171c1f/github.py)
18. input.py (path: /syssec-nas0/pyc-research/compiled_evaluation_targets/usenix_test_set/python-3.9/4f48007ebf96ca10c41a087e282a16fcabd4e668a1d85dd47fa5d4979b463788f22eabf524017ad5ef3167c52856dcf02a52d95cdbf76aac8c440b1176902749/input.py)
19. interpreter.py (path: /syssec-nas0/pyc-research/compiled_evaluation_targets/usenix_test_set/python-3.9/4a37d1b843b25000a4482706ea3897806952a1883108ac90dcff386289b2f30cccb47711faf06eba92235e030ba7b47d9183bb0976fa69ed060d822713652547/interpreter.py)
20. jacobian.py (path: /syssec-nas0/pyc-research/compiled_evaluation_targets/usenix_test_set/python-3.9/773ce417008a2a9286c82fe6768fd3a3685fb3a5a453bdff22bcaf19dc9037beb73f0f910aa62b3e08641fce3217dc88479d4ec8801a794bba59ca4dc1c1354f/jacobian.py)
21. job.py (path: /syssec-nas0/pyc-research/compiled_evaluation_targets/usenix_test_set/python-3.9/82eec94ca7098abfb0066b6bd225c11bb4eecd18c9f4cffd42b6f1ccafaf452005d2e1b8a85faef6d2d1c27bff26798fdca9a09b0792f3fe38c40c5fb2ef86ff/job.py)
22. legends.py (path: /syssec-nas0/pyc-research/compiled_evaluation_targets/usenix_test_set/python-3.9/5697d9822922f59cc5b5be1183cbf1ef60f81bf47dc8394fcf48cf4e71ab4584e580c2ad7f8d88b84aabab1c0942efef110a711b8088b493a2da9696ae67e784/legends.py)
23. ls.py (path: /syssec-nas0/pyc-research/compiled_evaluation_targets/usenix_test_set/python-3.9/0e105bf3fac776a22e7d274e91267859a138111dbf82d1646953b3e3386f8fa55e0d1ae48c6a97e802e38572b45d13493ec4e1376274aecce14fd2c2374a7dff/ls.py)
24. md_and_sec.py (path: /syssec-nas0/pyc-research/compiled_evaluation_targets/usenix_test_set/python-3.9/35c0947e23435c5097a3552777bc2d55e55ccc4eeaf370eccbe9539fdb96cec482d8bb0fddfcc44cd92d6ae50d21ed4b018d4ec0e968c269e300a045b1e2537b/md_and_sec.py)
25. nim.py (path: /syssec-nas0/pyc-research/compiled_evaluation_targets/usenix_test_set/python-3.9/7f5faa1330c160665714c68f2704d7547c65aa657dcf4776c9c5ace31346c4bce6619aaceef44a69193cf855f60d1aebc4b8b3e94fc6edb57cfc9b292d5babfd/nim.py)
26. nsq_route.py (path: /syssec-nas0/pyc-research/compiled_evaluation_targets/usenix_test_set/python-3.9/362850697094a7a1c561244e8ec5d455bb085ed58c39734bc7b513a090225c70665964d1157e2a8a952c3233e958f104d85614617542467f3817243da2254e8a/nsq_route.py)
27. numba_.py (path: /syssec-nas0/pyc-research/compiled_evaluation_targets/usenix_test_set/python-3.9/155f5f35e9a1427c525c705bc9dfb50e075b378eba64d9738eaee390e35c7e68ab7cdbaa6d66f082af623e0ab1afa7c80d8a71ae82772d51602d9047ba876675/numba_.py)
28. ocr.py (path: /syssec-nas0/pyc-research/compiled_evaluation_targets/usenix_test_set/python-3.9/f304e8c9963de2601e7a283b78bc4e43c4c70ab961a743dfd02323453e0894c1a019114174972eae9d6cbd839566644b3bd9e1d0a2c2822f7782156423cbdd9c/ocr.py)
29. plots.py (path: /syssec-nas0/pyc-research/compiled_evaluation_targets/usenix_test_set/python-3.9/98ec30943dab93397c1927d854d28e7c4f84a008a2fbe33451ea3a1454f96740338a2b969db90740d0367fe3acc5da5e111d11fe2b3be5efb84144ca6d7d1bce/plots.py)
30. readers.py (path: /syssec-nas0/pyc-research/compiled_evaluation_targets/usenix_test_set/python-3.9/292458ebbf2798030d10328b0e2c372d0ad4b811da1321050465df27c87d2b45b2cdf07f3d51ffa5a15665f8752742d45759e13d8ee5502a5d1ad92767b1e8ce/readers.py)
31. rinex2snr.py (path: /syssec-nas0/pyc-research/compiled_evaluation_targets/usenix_test_set/python-3.9/4b9b26eb954a2b10e042efd895454e7bfaacf4ea59cd4fd279d71f57fb74021775d7c81364a88339d3fbde02fa3dbbfb6d28a72ec0f1ac90716e486c3f60b1e5/rinex2snr.py)
32. send_code.py (path: /syssec-nas0/pyc-research/compiled_evaluation_targets/usenix_test_set/python-3.9/5837d66e8ff8f509876162d9743f125e0e09e063bf49363246ef486243f7d05dc2a7c14afd48a12e86014c68e4931870bafb9f3ff95424eb06c2faccd121e372/send_code.py)
33. serv_config.py (path: /syssec-nas0/pyc-research/compiled_evaluation_targets/usenix_test_set/python-3.9/9b346e46eede13c6fb9228bfda674304349d944400eeec9ad277d33aee94f068087851f5f67076d4825f9378479257da55de7944a375060530f1728af4661094/serv_config.py)
34. starfourhundredgiglan.py (path: /syssec-nas0/pyc-research/compiled_evaluation_targets/usenix_test_set/python-3.9/67770d418bdab573ac5b426fa0c94cec24c94de38fdc016aba7e294f164995dd4d27a96c5ceef2d48e5c2006de1b10001cf338acbb7eaf6093b3677075d0915d/starfourhundredgiglan.py)
35. sync.py (path: /syssec-nas0/pyc-research/compiled_evaluation_targets/usenix_test_set/python-3.9/60d58ae3f0c57d108bd71c4368ee4f64a36a02195f6685c27c12b20aa9724f03bb7a91ab7078718e218340a5173f31c7d6e67909fd7be3d9c5446ae51e8d08d0/sync.py)
36. terraform_users.py (path: /syssec-nas0/pyc-research/compiled_evaluation_targets/usenix_test_set/python-3.9/2334ea37f5f70750adb226d7aec5a19fa9be20845d6333fd15b6b12137b0cde2dabd98d061f93fa32a60fe87bd4030a2530540363ceeaf76d6f675fa5b4a69ca/terraform_users.py)
37. test_cuts.py (path: /syssec-nas0/pyc-research/compiled_evaluation_targets/usenix_test_set/python-3.9/21936af9ec59ec9870d0a0dded08f69ec6dec937661f3156c6611e9ef61510cf94b51b9dce102c2d5f32a8ec44eaef0b701159fdcc6bd3e9e94fa883e64d0c9e/test_cuts.py)
38. texturecompress.py (path: /syssec-nas0/pyc-research/compiled_evaluation_targets/usenix_test_set/python-3.9/cb54c857afc213b06ada9a573541cf63913cc7672a72a992ffe40bd724a610ea3fa8fb22c9facb5816ed8acab9c5723251bc817d961bc99bc0e2941f1630e1c2/texturecompress.py)
39. util.py (path: /syssec-nas0/pyc-research/compiled_evaluation_targets/usenix_test_set/python-3.9/d4514762c67eb8ddf5fa3cecbab9dd92f7383fa7d0663ea66c8c5ffc64d4814f997ee89842c49d8a7f52b673cebc7de59a6cb73a6f65acbf5d942e975fb78c8f/util.py)
40. utils.py (path: /syssec-nas0/pyc-research/compiled_evaluation_targets/usenix_test_set/python-3.9/1cd2fda535295998010bebc46174c71a7d79840ae47f5ef6548b309cf0d6371d19493310a24272ae2c67b4089ebaeb32b838071ddacd8a1cdcc57dc32ea0e472/utils.py)
41. web_test.py (path: /syssec-nas0/pyc-research/compiled_evaluation_targets/usenix_test_set/python-3.9/a1c59c9625b86f0da697da06b3448ef66b84706e6bc4ce473fa0bf1b551666bbdcdba0ac537afd342923b5fbff5a3e7e54c5f7fa3972c59b811b43fdbfeda1e6/web_test.py)
42. win32_utils.py (path: /syssec-nas0/pyc-research/compiled_evaluation_targets/usenix_test_set/python-3.9/8788c0e6e3bedda6ca183f7e612a94330579f404d711930ecdacd7c5b1b94ceddd256abbf93f31a23eac6854f6681c608e2d79427c21c69446e033c28689f377/win32_utils.py)
43. wipe.py (path: /syssec-nas0/pyc-research/compiled_evaluation_targets/usenix_test_set/python-3.9/303e8be99b216abbe3f9482d4c24d29acda450872fd0e828ade8222fc3bfb170045fc03d08974107e89c6941b0c491cf3e20dfcb34f789696ec54af81054af3b/wipe.py)
