Total files processed: 4991
Success: 4641 (93.0%)
Total failures: 350 (7.0%)
  - Reconstruction failures: 136
  - Compile errors: 210
  - Runtime errors: 4

=== All Failed Files (Sorted) ===
1. 10822-normalized.py [COMPILE ERROR] (path: /syssec-nas0/pyc-research/compiled_evaluation_targets/usenix_test_set/python-3.11/10822/10822-normalized.py)
2. 10939-normalized.py [RECONSTRUCTION FAILURE] (path: /syssec-nas0/pyc-research/compiled_evaluation_targets/usenix_test_set/python-3.11/10939/10939-normalized.py)
3. 12082-normalized.py [COMPILE ERROR] (path: /syssec-nas0/pyc-research/compiled_evaluation_targets/usenix_test_set/python-3.11/12082/12082-normalized.py)
4. 12134-normalized.py [RECONSTRUCTION FAILURE] (path: /syssec-nas0/pyc-research/compiled_evaluation_targets/usenix_test_set/python-3.11/12134/12134-normalized.py)
5. 12181-normalized.py [COMPILE ERROR] (path: /syssec-nas0/pyc-research/compiled_evaluation_targets/usenix_test_set/python-3.11/12181/12181-normalized.py)
6. 12304-normalized.py [COMPILE ERROR] (path: /syssec-nas0/pyc-research/compiled_evaluation_targets/usenix_test_set/python-3.11/12304/12304-normalized.py)
7. 12495-normalized.py [COMPILE ERROR] (path: /syssec-nas0/pyc-research/compiled_evaluation_targets/usenix_test_set/python-3.11/12495/12495-normalized.py)
8. 12506-normalized.py [COMPILE ERROR] (path: /syssec-nas0/pyc-research/compiled_evaluation_targets/usenix_test_set/python-3.11/12506/12506-normalized.py)
9. 12509-normalized.py [COMPILE ERROR] (path: /syssec-nas0/pyc-research/compiled_evaluation_targets/usenix_test_set/python-3.11/12509/12509-normalized.py)
10. 1255-normalized.py [RECONSTRUCTION FAILURE] (path: /syssec-nas0/pyc-research/compiled_evaluation_targets/usenix_test_set/python-3.11/1255/1255-normalized.py)
11. 12641-normalized.py [COMPILE ERROR] (path: /syssec-nas0/pyc-research/compiled_evaluation_targets/usenix_test_set/python-3.11/12641/12641-normalized.py)
12. 12678-normalized.py [COMPILE ERROR] (path: /syssec-nas0/pyc-research/compiled_evaluation_targets/usenix_test_set/python-3.11/12678/12678-normalized.py)
13. 12811-normalized.py [RECONSTRUCTION FAILURE] (path: /syssec-nas0/pyc-research/compiled_evaluation_targets/usenix_test_set/python-3.11/12811/12811-normalized.py)
14. 12911-normalized.py [COMPILE ERROR] (path: /syssec-nas0/pyc-research/compiled_evaluation_targets/usenix_test_set/python-3.11/12911/12911-normalized.py)
15. 1340-normalized.py [RECONSTRUCTION FAILURE] (path: /syssec-nas0/pyc-research/compiled_evaluation_targets/usenix_test_set/python-3.11/1340/1340-normalized.py)
16. 1352-normalized.py [RECONSTRUCTION FAILURE] (path: /syssec-nas0/pyc-research/compiled_evaluation_targets/usenix_test_set/python-3.11/1352/1352-normalized.py)
17. 14056-normalized.py [COMPILE ERROR] (path: /syssec-nas0/pyc-research/compiled_evaluation_targets/usenix_test_set/python-3.11/14056/14056-normalized.py)
18. 1460-normalized.py [RECONSTRUCTION FAILURE] (path: /syssec-nas0/pyc-research/compiled_evaluation_targets/usenix_test_set/python-3.11/1460/1460-normalized.py)
19. 14737-normalized.py [RECONSTRUCTION FAILURE] (path: /syssec-nas0/pyc-research/compiled_evaluation_targets/usenix_test_set/python-3.11/14737/14737-normalized.py)
20. 15016-normalized.py [COMPILE ERROR] (path: /syssec-nas0/pyc-research/compiled_evaluation_targets/usenix_test_set/python-3.11/15016/15016-normalized.py)
21. 15028-normalized.py [RECONSTRUCTION FAILURE] (path: /syssec-nas0/pyc-research/compiled_evaluation_targets/usenix_test_set/python-3.11/15028/15028-normalized.py)
22. 15117-normalized.py [RECONSTRUCTION FAILURE] (path: /syssec-nas0/pyc-research/compiled_evaluation_targets/usenix_test_set/python-3.11/15117/15117-normalized.py)
23. 15172-normalized.py [COMPILE ERROR] (path: /syssec-nas0/pyc-research/compiled_evaluation_targets/usenix_test_set/python-3.11/15172/15172-normalized.py)
24. 15218-normalized.py [COMPILE ERROR] (path: /syssec-nas0/pyc-research/compiled_evaluation_targets/usenix_test_set/python-3.11/15218/15218-normalized.py)
25. 15397-normalized.py [COMPILE ERROR] (path: /syssec-nas0/pyc-research/compiled_evaluation_targets/usenix_test_set/python-3.11/15397/15397-normalized.py)
26. 16035-normalized.py [RECONSTRUCTION FAILURE] (path: /syssec-nas0/pyc-research/compiled_evaluation_targets/usenix_test_set/python-3.11/16035/16035-normalized.py)
27. 16104-normalized.py [COMPILE ERROR] (path: /syssec-nas0/pyc-research/compiled_evaluation_targets/usenix_test_set/python-3.11/16104/16104-normalized.py)
28. 16120-normalized.py [RECONSTRUCTION FAILURE] (path: /syssec-nas0/pyc-research/compiled_evaluation_targets/usenix_test_set/python-3.11/16120/16120-normalized.py)
29. 16216-normalized.py [COMPILE ERROR] (path: /syssec-nas0/pyc-research/compiled_evaluation_targets/usenix_test_set/python-3.11/16216/16216-normalized.py)
30. 16522-normalized.py [COMPILE ERROR] (path: /syssec-nas0/pyc-research/compiled_evaluation_targets/usenix_test_set/python-3.11/16522/16522-normalized.py)
31. 16795-normalized.py [COMPILE ERROR] (path: /syssec-nas0/pyc-research/compiled_evaluation_targets/usenix_test_set/python-3.11/16795/16795-normalized.py)
32. 16800-normalized.py [RECONSTRUCTION FAILURE] (path: /syssec-nas0/pyc-research/compiled_evaluation_targets/usenix_test_set/python-3.11/16800/16800-normalized.py)
33. 17041-normalized.py [RECONSTRUCTION FAILURE] (path: /syssec-nas0/pyc-research/compiled_evaluation_targets/usenix_test_set/python-3.11/17041/17041-normalized.py)
34. 17189-normalized.py [COMPILE ERROR] (path: /syssec-nas0/pyc-research/compiled_evaluation_targets/usenix_test_set/python-3.11/17189/17189-normalized.py)
35. 17317-normalized.py [RECONSTRUCTION FAILURE] (path: /syssec-nas0/pyc-research/compiled_evaluation_targets/usenix_test_set/python-3.11/17317/17317-normalized.py)
36. 1735-normalized.py [RECONSTRUCTION FAILURE] (path: /syssec-nas0/pyc-research/compiled_evaluation_targets/usenix_test_set/python-3.11/1735/1735-normalized.py)
37. 17376-normalized.py [RECONSTRUCTION FAILURE] (path: /syssec-nas0/pyc-research/compiled_evaluation_targets/usenix_test_set/python-3.11/17376/17376-normalized.py)
38. 18049-normalized.py [COMPILE ERROR] (path: /syssec-nas0/pyc-research/compiled_evaluation_targets/usenix_test_set/python-3.11/18049/18049-normalized.py)
39. 18984-normalized.py [RECONSTRUCTION FAILURE] (path: /syssec-nas0/pyc-research/compiled_evaluation_targets/usenix_test_set/python-3.11/18984/18984-normalized.py)
40. 19581-normalized.py [RECONSTRUCTION FAILURE] (path: /syssec-nas0/pyc-research/compiled_evaluation_targets/usenix_test_set/python-3.11/19581/19581-normalized.py)
41. 1984-normalized.py [COMPILE ERROR] (path: /syssec-nas0/pyc-research/compiled_evaluation_targets/usenix_test_set/python-3.11/1984/1984-normalized.py)
42. 19950-normalized.py [COMPILE ERROR] (path: /syssec-nas0/pyc-research/compiled_evaluation_targets/usenix_test_set/python-3.11/19950/19950-normalized.py)
43. 20064-normalized.py [COMPILE ERROR] (path: /syssec-nas0/pyc-research/compiled_evaluation_targets/usenix_test_set/python-3.11/20064/20064-normalized.py)
44. 20111-normalized.py [RECONSTRUCTION FAILURE] (path: /syssec-nas0/pyc-research/compiled_evaluation_targets/usenix_test_set/python-3.11/20111/20111-normalized.py)
45. 20140-normalized.py [RECONSTRUCTION FAILURE] (path: /syssec-nas0/pyc-research/compiled_evaluation_targets/usenix_test_set/python-3.11/20140/20140-normalized.py)
46. 20267-normalized.py [RECONSTRUCTION FAILURE] (path: /syssec-nas0/pyc-research/compiled_evaluation_targets/usenix_test_set/python-3.11/20267/20267-normalized.py)
47. 20445-normalized.py [COMPILE ERROR] (path: /syssec-nas0/pyc-research/compiled_evaluation_targets/usenix_test_set/python-3.11/20445/20445-normalized.py)
48. 20452-normalized.py [COMPILE ERROR] (path: /syssec-nas0/pyc-research/compiled_evaluation_targets/usenix_test_set/python-3.11/20452/20452-normalized.py)
49. 20946-normalized.py [COMPILE ERROR] (path: /syssec-nas0/pyc-research/compiled_evaluation_targets/usenix_test_set/python-3.11/20946/20946-normalized.py)
50. 21100-normalized.py [RECONSTRUCTION FAILURE] (path: /syssec-nas0/pyc-research/compiled_evaluation_targets/usenix_test_set/python-3.11/21100/21100-normalized.py)
51. 21245-normalized.py [COMPILE ERROR] (path: /syssec-nas0/pyc-research/compiled_evaluation_targets/usenix_test_set/python-3.11/21245/21245-normalized.py)
52. 21564-normalized.py [RUNTIME ERROR] (path: /syssec-nas0/pyc-research/compiled_evaluation_targets/usenix_test_set/python-3.11/21564/21564-normalized.py)
53. 21583-normalized.py [COMPILE ERROR] (path: /syssec-nas0/pyc-research/compiled_evaluation_targets/usenix_test_set/python-3.11/21583/21583-normalized.py)
54. 21623-normalized.py [RECONSTRUCTION FAILURE] (path: /syssec-nas0/pyc-research/compiled_evaluation_targets/usenix_test_set/python-3.11/21623/21623-normalized.py)
55. 21627-normalized.py [RECONSTRUCTION FAILURE] (path: /syssec-nas0/pyc-research/compiled_evaluation_targets/usenix_test_set/python-3.11/21627/21627-normalized.py)
56. 21984-normalized.py [RECONSTRUCTION FAILURE] (path: /syssec-nas0/pyc-research/compiled_evaluation_targets/usenix_test_set/python-3.11/21984/21984-normalized.py)
57. 22039-normalized.py [COMPILE ERROR] (path: /syssec-nas0/pyc-research/compiled_evaluation_targets/usenix_test_set/python-3.11/22039/22039-normalized.py)
58. 22049-normalized.py [COMPILE ERROR] (path: /syssec-nas0/pyc-research/compiled_evaluation_targets/usenix_test_set/python-3.11/22049/22049-normalized.py)
59. 277-normalized.py [RECONSTRUCTION FAILURE] (path: /syssec-nas0/pyc-research/compiled_evaluation_targets/usenix_test_set/python-3.11/277/277-normalized.py)
60. 2929-normalized.py [COMPILE ERROR] (path: /syssec-nas0/pyc-research/compiled_evaluation_targets/usenix_test_set/python-3.11/2929/2929-normalized.py)
61. 3240-normalized.py [COMPILE ERROR] (path: /syssec-nas0/pyc-research/compiled_evaluation_targets/usenix_test_set/python-3.11/3240/3240-normalized.py)
62. 34-normalized.py [COMPILE ERROR] (path: /syssec-nas0/pyc-research/compiled_evaluation_targets/usenix_test_set/python-3.11/34/34-normalized.py)
63. 3630-normalized.py [COMPILE ERROR] (path: /syssec-nas0/pyc-research/compiled_evaluation_targets/usenix_test_set/python-3.11/3630/3630-normalized.py)
64. 4499-normalized.py [RECONSTRUCTION FAILURE] (path: /syssec-nas0/pyc-research/compiled_evaluation_targets/usenix_test_set/python-3.11/4499/4499-normalized.py)
65. 5316-normalized.py [COMPILE ERROR] (path: /syssec-nas0/pyc-research/compiled_evaluation_targets/usenix_test_set/python-3.11/5316/5316-normalized.py)
66. 5322-normalized.py [COMPILE ERROR] (path: /syssec-nas0/pyc-research/compiled_evaluation_targets/usenix_test_set/python-3.11/5322/5322-normalized.py)
67. 5450-normalized.py [COMPILE ERROR] (path: /syssec-nas0/pyc-research/compiled_evaluation_targets/usenix_test_set/python-3.11/5450/5450-normalized.py)
68. 5694-normalized.py [COMPILE ERROR] (path: /syssec-nas0/pyc-research/compiled_evaluation_targets/usenix_test_set/python-3.11/5694/5694-normalized.py)
69. 6561-normalized.py [RECONSTRUCTION FAILURE] (path: /syssec-nas0/pyc-research/compiled_evaluation_targets/usenix_test_set/python-3.11/6561/6561-normalized.py)
70. 6584-normalized.py [COMPILE ERROR] (path: /syssec-nas0/pyc-research/compiled_evaluation_targets/usenix_test_set/python-3.11/6584/6584-normalized.py)
71. 6640-normalized.py [RECONSTRUCTION FAILURE] (path: /syssec-nas0/pyc-research/compiled_evaluation_targets/usenix_test_set/python-3.11/6640/6640-normalized.py)
72. 6854-normalized.py [COMPILE ERROR] (path: /syssec-nas0/pyc-research/compiled_evaluation_targets/usenix_test_set/python-3.11/6854/6854-normalized.py)
73. 6937-normalized.py [RECONSTRUCTION FAILURE] (path: /syssec-nas0/pyc-research/compiled_evaluation_targets/usenix_test_set/python-3.11/6937/6937-normalized.py)
74. 7096-normalized.py [RECONSTRUCTION FAILURE] (path: /syssec-nas0/pyc-research/compiled_evaluation_targets/usenix_test_set/python-3.11/7096/7096-normalized.py)
75. 7368-normalized.py [RECONSTRUCTION FAILURE] (path: /syssec-nas0/pyc-research/compiled_evaluation_targets/usenix_test_set/python-3.11/7368/7368-normalized.py)
76. 7548-normalized.py [COMPILE ERROR] (path: /syssec-nas0/pyc-research/compiled_evaluation_targets/usenix_test_set/python-3.11/7548/7548-normalized.py)
77. 7865-normalized.py [RECONSTRUCTION FAILURE] (path: /syssec-nas0/pyc-research/compiled_evaluation_targets/usenix_test_set/python-3.11/7865/7865-normalized.py)
78. 8155-normalized.py [RECONSTRUCTION FAILURE] (path: /syssec-nas0/pyc-research/compiled_evaluation_targets/usenix_test_set/python-3.11/8155/8155-normalized.py)
79. 8493-normalized.py [COMPILE ERROR] (path: /syssec-nas0/pyc-research/compiled_evaluation_targets/usenix_test_set/python-3.11/8493/8493-normalized.py)
80. 8494-normalized.py [COMPILE ERROR] (path: /syssec-nas0/pyc-research/compiled_evaluation_targets/usenix_test_set/python-3.11/8494/8494-normalized.py)
81. 925-normalized.py [RECONSTRUCTION FAILURE] (path: /syssec-nas0/pyc-research/compiled_evaluation_targets/usenix_test_set/python-3.11/925/925-normalized.py)
82. 9604-normalized.py [COMPILE ERROR] (path: /syssec-nas0/pyc-research/compiled_evaluation_targets/usenix_test_set/python-3.11/9604/9604-normalized.py)
83. GeneticAlgorithm.py [COMPILE ERROR] (path: /syssec-nas0/pyc-research/compiled_evaluation_targets/usenix_test_set/python-3.11/906842a96f866080826950088ca39796495fe1a1f5c804861963aa85c40b5b68a412a6aea1345849cebf7352870a640a27b4239f13c294ff9b8579dac3216186/GeneticAlgorithm.py)
84. History.py [RECONSTRUCTION FAILURE] (path: /syssec-nas0/pyc-research/compiled_evaluation_targets/usenix_test_set/python-3.11/13b8cb14ce707c439c4244b014ed15d022c38b2406176984ea46ef08d2454842f001122d7ff6a3a3c5f52d1e1b1614885366cd3e8153589c97f43056b3747fd1/History.py)
85. IRAF_Reduction.py [COMPILE ERROR] (path: /syssec-nas0/pyc-research/compiled_evaluation_targets/usenix_test_set/python-3.11/40820f844d9c624e8c3e0777bbffa3586f7597a9886acb295d44f10bb05ffa5e5b288afa1af23d6b466c0392111a9e76008feae9ec48d97b604c70835bb059f6/IRAF_Reduction.py)
86. InfinityFlow_Utilities.py [COMPILE ERROR] (path: /syssec-nas0/pyc-research/compiled_evaluation_targets/usenix_test_set/python-3.11/157c98a8789f51f4ced9c4091ce9c5bfe830da8f01e515a4dc242f01e261ebdee6c1f079b0c4287e78b4b515098a7fe83139e01809f5264c3a173e1e8b3ae08e/InfinityFlow_Utilities.py)
87. LogicOfflineJobFakeBroker.py [RECONSTRUCTION FAILURE] (path: /syssec-nas0/pyc-research/compiled_evaluation_targets/usenix_test_set/python-3.11/77928dbf85509050a834af1c46270cf4c92786efe338dfdf5f8e95a11260ac6468db2ed004b375bcee30fead1fe3bc718ff2a39b961e94f179a36ddff253a308/LogicOfflineJobFakeBroker.py)
88. NotifyRyver.py [COMPILE ERROR] (path: /syssec-nas0/pyc-research/compiled_evaluation_targets/usenix_test_set/python-3.11/6d343ee5495ed08133701c2bdd9380e77387ac43f05be2d5754ff70a535bdb5ae8dd3057842591744f7d34e2a2971af9f477416c7fc65527890e50503aeb78e2/NotifyRyver.py)
89. OHConverter.py [RECONSTRUCTION FAILURE] (path: /syssec-nas0/pyc-research/compiled_evaluation_targets/usenix_test_set/python-3.11/23fc751af17263629094a44cccce24942e6bd1373ef7b3fe084b6ffe15987a10c7a5082c8ce7a50342a06722b2a9a7fb24380160ad59d521e553e9967b3535f2/OHConverter.py)
90. PubChemFingerprints.py [RECONSTRUCTION FAILURE] (path: /syssec-nas0/pyc-research/compiled_evaluation_targets/usenix_test_set/python-3.11/8e4718893a30ad3f7eafbec10c6fcd9c7ce71c78e0190933e05894beb22dbc4f707722095ae0e690d9b06751eec383285c75c5e8d6566389cf9753a3dc2daa39/PubChemFingerprints.py)
91. RET506.py [RECONSTRUCTION FAILURE] (path: /syssec-nas0/pyc-research/compiled_evaluation_targets/usenix_test_set/python-3.11/cb2fc17a7d73f974fce7b2bc9687b5b2e9c9e520fb43e7c67d50f5cd4e8bc335114bfe90f36fba2730a5b12acc7bee7c819768cbfd0b94379e320b4009973d88/RET506.py)
92. Service.py [RECONSTRUCTION FAILURE] (path: /syssec-nas0/pyc-research/compiled_evaluation_targets/usenix_test_set/python-3.11/928e6c3d406b699bba6f7d4f1fa0611af093251b6983d250b37f8b92ff1e6114723bc3295389b311444398b93d8e4f644904766fb9845d6c3e4d9e3a69fa7b96/Service.py)
93. SharedClassNameHandler.py [RECONSTRUCTION FAILURE] (path: /syssec-nas0/pyc-research/compiled_evaluation_targets/usenix_test_set/python-3.11/80b4ac8699da09e9a43ef5d017c089f021aa1049dfc3a5a5b57591cfd5948394aa387e180aaf0845a7d9c309576b47e6ba0fb9578ed505a283791417d4c5334c/SharedClassNameHandler.py)
94. Utility.py [RECONSTRUCTION FAILURE] (path: /syssec-nas0/pyc-research/compiled_evaluation_targets/usenix_test_set/python-3.11/0931ff8871d5102275e13c7fa4e6862c4beb1f833a1fc3ccb8853e332365dcc61ccafb29665fc97afa34cd92d1206bbf39a601fd7c697079f13d4ebce703d9d7/Utility.py)
95. VortexTcpMemoryLeakPayloadTest.py [COMPILE ERROR] (path: /syssec-nas0/pyc-research/compiled_evaluation_targets/usenix_test_set/python-3.11/23b1c62d5b00c824059ae360348cbf3c72c31fb6bc981051cf52d9f902201be355d949be4656576da1eea2ebb4a97a74bde96781dd1a0392d98788608951d066/VortexTcpMemoryLeakPayloadTest.py)
96. __main__.py [COMPILE ERROR] (path: /syssec-nas0/pyc-research/compiled_evaluation_targets/usenix_test_set/python-3.11/2155c2df322aaefb5671d3991f5a555a0498239fef87985cdb1cee639518a5f6b4d26096ac7298a36c4619e4212cfd09863e44bf276ef322899e0903308f2975/__main__.py)
97. __main__.py [COMPILE ERROR] (path: /syssec-nas0/pyc-research/compiled_evaluation_targets/usenix_test_set/python-3.11/958297d91487041aecbf0e74ebfba23de908f4a8cf7fc02eb28319b378520830ac6890a3ee0bf3e65f5aaafac62d6014dac4138fbcd181e62f44700e65933be5/__main__.py)
98. _fileobjectposix.py [COMPILE ERROR] (path: /syssec-nas0/pyc-research/compiled_evaluation_targets/usenix_test_set/python-3.11/4cd9c561cae81f5fb527b46be6380adc0c8726b9ff4af665558e6818b71a96ac581e5ac08d2190c43c7b5be397b9bee386dd74fc58eb3fe83657ee6e0ae34eb3/_fileobjectposix.py)
99. _pslinux.py [COMPILE ERROR] (path: /syssec-nas0/pyc-research/compiled_evaluation_targets/usenix_test_set/python-3.11/3dc2b2e1804a6e00edd9873cf7b12ecfecc4c4eb68d56923db73db6bd67daea277a57990154bf0391f389af4077771bc286b68bc4528b0bce07243fc75768e86/_pslinux.py)
100. _tecplot.py [RECONSTRUCTION FAILURE] (path: /syssec-nas0/pyc-research/compiled_evaluation_targets/usenix_test_set/python-3.11/daa808fea7126e59be15232f00cd2be3503b9b4e29846cd31686949888c3b67ee95988d445c781d9c1cbffefd4007a2b4f18e755cdbb54da4492e72c2c994766/_tecplot.py)
101. _version.py [COMPILE ERROR] (path: /syssec-nas0/pyc-research/compiled_evaluation_targets/usenix_test_set/python-3.11/dffcc8d5499a7b92a6fb7af7bbc8ecf27439e16ec10ca716295d2a79ca903b5d6c18e8607e6bfffd8952c2d60ab6f9a6ecfe8aa2ed757ca0b8d1645ca102b250/_version.py)
102. actioncontroller.py [RUNTIME ERROR] (path: /syssec-nas0/pyc-research/compiled_evaluation_targets/usenix_test_set/python-3.11/3b3c6531b4c875a8c8a66566dcedaaab7c6dfe097bff7bf7bf0b00bee13ff4ce76816ace4e3936422ac7e7534571ec87978afd2f19fe5131e0ae309c5a8a3716/actioncontroller.py)
103. adaptivegreedy.py [COMPILE ERROR] (path: /syssec-nas0/pyc-research/compiled_evaluation_targets/usenix_test_set/python-3.11/0216940ebc56919f58d53da0bef5efa9bd0dc537788fecc44a081aea3014de54d3fdaa1891698ef7a677b5a705e5ff316c9057e5107c0c33507c2863590bead2/adaptivegreedy.py)
104. agent1.py [COMPILE ERROR] (path: /syssec-nas0/pyc-research/compiled_evaluation_targets/usenix_test_set/python-3.11/410462cd2466321ac53fd8eb5324bdf638208ee22dd508860ab87eae0a327029ec7a40d48c8214c165ca7082cf700e473ff23c8c5dda9dec67aec8244cdd38f8/agent1.py)
105. aliases.py [COMPILE ERROR] (path: /syssec-nas0/pyc-research/compiled_evaluation_targets/usenix_test_set/python-3.11/4e8858ea6e77601ff8b520869f21fa274bc9e1b559dac0f7e53d4a4f8ebc13fe097975395c64395cabf9f7ed6e41a5137728d44c23070ebde457ed2d884e88c6/aliases.py)
106. api.py [COMPILE ERROR] (path: /syssec-nas0/pyc-research/compiled_evaluation_targets/usenix_test_set/python-3.11/75756b16713040aa5b384a90bda2524eae5e92a4e0cf3063aae05bfd714ecf4652011eef0ff9c633e344f244c90b641bf998beca633707009042a112ad3da9cb/api.py)
107. api.py [COMPILE ERROR] (path: /syssec-nas0/pyc-research/compiled_evaluation_targets/usenix_test_set/python-3.11/90c3deef6451f68b810838e2885bb3f7222412b94ad2b1ce95503deba7403570faf79cb229997b5d79206444c66d3e44b558df150aa0dda6c295392b7c15f0d8/api.py)
108. app.py [COMPILE ERROR] (path: /syssec-nas0/pyc-research/compiled_evaluation_targets/usenix_test_set/python-3.11/66d30b7e76cf29f736f7f5589e6a49ea7ecc31ff51b719b743f7c62773bc7fb3e3bde03fbb48a3688c93d85297c71c8f957776029aa0193cde866d4b456f0392/app.py)
109. app_config.py [COMPILE ERROR] (path: /syssec-nas0/pyc-research/compiled_evaluation_targets/usenix_test_set/python-3.11/7fa92c8992e447bd52db5fedf3a76a9b2d1545f1c7a7ca8742a045125159770c9ac78ca26931a14d99e4b387a667c2199a9aeea365642e0359d223cab9e15d99/app_config.py)
110. az_cis_check4.py [COMPILE ERROR] (path: /syssec-nas0/pyc-research/compiled_evaluation_targets/usenix_test_set/python-3.11/62b1b85ea82cf7eeec7a14145857c1ac63bd1d5a703ea5369b53f5c7a386e984c0de8cb2db1033ec2a594a0920e17d7e963d669204ebfc8847094c288e228e03/az_cis_check4.py)
111. azure_rm_appgateway.py [COMPILE ERROR] (path: /syssec-nas0/pyc-research/compiled_evaluation_targets/usenix_test_set/python-3.11/9f7814dc03894c57f4dbb88614b07a422b312c688f29269c4d04bf7b9d43be08280fd1beb28bac9cc75981a83500d55ecb99be9d64b6d056af0c4dd3f5c44379/azure_rm_appgateway.py)
112. base.py [COMPILE ERROR] (path: /syssec-nas0/pyc-research/compiled_evaluation_targets/usenix_test_set/python-3.11/528ab1ba7ee6d420f1d0ed729e0f7f99a847e8d5fdce296b96941f39e6422dd749e8ed155380c093a6d8f6e4a331d9756b52805530a3727a638597efec63ccef/base.py)
113. base.py [COMPILE ERROR] (path: /syssec-nas0/pyc-research/compiled_evaluation_targets/usenix_test_set/python-3.11/53de9c1b842e62a9723ee8fc11b7ecc5e41db13890dd2567c92ccb5cfe6a34f359a51834a7cd565acc2c883c35186691f14e75f82d04d99c38195cbb9d85d80d/base.py)
114. base.py [COMPILE ERROR] (path: /syssec-nas0/pyc-research/compiled_evaluation_targets/usenix_test_set/python-3.11/f8ea39dcd4f6e91b8dc21c66ed5504f104b3d2ad29c8a66d40be164e1b1ad2e932a422db60afc183ac9220ea0f2292088bb0907ca999746f654da7816aa9807a/base.py)
115. base_resource_value_check.py [RECONSTRUCTION FAILURE] (path: /syssec-nas0/pyc-research/compiled_evaluation_targets/usenix_test_set/python-3.11/a1ce56d2f7fac1d19e84d45b710b9942638ade0a80220017f7b90d61a65bc47538620a76b212e5bd0c46e3b37a51c8161e3d3a2d56c2973cbb3f79fe882e807d/base_resource_value_check.py)
116. base_test.py [RECONSTRUCTION FAILURE] (path: /syssec-nas0/pyc-research/compiled_evaluation_targets/usenix_test_set/python-3.11/31b84b10f1e2c1d7c33ad5302ede1556b691b16d3b1f647596bf2f477ea3b2466b048daa9fbbab30a391c79624ba8d65ca7447efc00f3d5474c7696458fb4980/base_test.py)
117. best_ip_async.py [COMPILE ERROR] (path: /syssec-nas0/pyc-research/compiled_evaluation_targets/usenix_test_set/python-3.11/dc0f3bda2119b204cedf94f1ceeef7d0644997a0d20a74cfae13098f354a4de96bccb5a127712b3db957f587039bce29b5979dd6b21e923be719ca88ddf8a95c/best_ip_async.py)
118. bezier.py [RECONSTRUCTION FAILURE] (path: /syssec-nas0/pyc-research/compiled_evaluation_targets/usenix_test_set/python-3.11/7b1400a6460c531bdfc7a0ae0bc5729896e5f191f499c002eaefdbe6cd39167dd4f0df909f4b1484a1afc631a69cdddb94d0197659a154d0670cbe5250efda08/bezier.py)
119. bflb_iot_tool.py [COMPILE ERROR] (path: /syssec-nas0/pyc-research/compiled_evaluation_targets/usenix_test_set/python-3.11/ae42fd7215aa22d832635e100a7f1d29fb9e618cd930add363453c0a7e65bcf637e97097029c635d33934a12c22cfb86a14c2535c631c01a1b0ba6202083f8f2/bflb_iot_tool.py)
120. bigip_node.py [COMPILE ERROR] (path: /syssec-nas0/pyc-research/compiled_evaluation_targets/usenix_test_set/python-3.11/a5e592cb022ddbfa628e3146c694b0d4288f6c572ad253ed4e58b847a9a94aeb81937340dbc71fb61c09e6241bcf530f80b87a3b44ff8de1eed3ea51f9f0d64c/bigip_node.py)
121. bitstamp.py [RECONSTRUCTION FAILURE] (path: /syssec-nas0/pyc-research/compiled_evaluation_targets/usenix_test_set/python-3.11/3747e3daadaa1940627048915cfa861a2d27476abf1d7ea34421d27fa861b4b85ea403c90e18332673589558523f762200d0d0ae6af7ab9dcef3b633dcc0b17e/bitstamp.py)
122. bitwarden_mod.py [RECONSTRUCTION FAILURE] (path: /syssec-nas0/pyc-research/compiled_evaluation_targets/usenix_test_set/python-3.11/5e938952cedef5198f20ec73cc50cfa9d1ce107a9999dff04e4892ad690368d1a64f72863ea016b3d76277cf34734c942a69c3319af51ee64ad0a13dba91a13f/bitwarden_mod.py)
123. bootstrap.py [COMPILE ERROR] (path: /syssec-nas0/pyc-research/compiled_evaluation_targets/usenix_test_set/python-3.11/4ea7064fc96cf5a31a5fa58cf8e08ce370d14896743add918dcd9a1717d4ec82e2604fc1d518591de2290fe84dfec48240635fa79d114694535dbd3a070a2505/bootstrap.py)
124. build_tracker.py [RECONSTRUCTION FAILURE] (path: /syssec-nas0/pyc-research/compiled_evaluation_targets/usenix_test_set/python-3.11/5115847d368b223bd927eb62852aa5076c6616290c845016f0a1a9be890b4111873fc699ae3589d0ebe2b47859653c529f4c72fcc5e8b34a4cead7c40e927189/build_tracker.py)
125. build_tracker.py [RECONSTRUCTION FAILURE] (path: /syssec-nas0/pyc-research/compiled_evaluation_targets/usenix_test_set/python-3.11/55375049be521005e898649efda0e3f8d8a821160644b25eefd0e42c17028eccee76917de135a0059896ced0de4bf4d68cce42e0adcd1b8910bf05f143923142/build_tracker.py)
126. button.py [COMPILE ERROR] (path: /syssec-nas0/pyc-research/compiled_evaluation_targets/usenix_test_set/python-3.11/ee8af1201ae8307f57f5d0da2a148c04906a5d7864ccbf56ca5fee149dc2707c372b00d7f402fb0c01b6bbbae811cf4bb0cbeb5c83981354d219d96f01177443/button.py)
127. cache.py [COMPILE ERROR] (path: /syssec-nas0/pyc-research/compiled_evaluation_targets/usenix_test_set/python-3.11/cf520a10ba107d08d628b9e6b54d1ca736c48d6fde28bb20ac61a1ce504dab98035fe49f9b134b440720ba905e6dd1887ffdb00884a45dedf6bbc18f4ea6b595/cache.py)
128. cache.py [RECONSTRUCTION FAILURE] (path: /syssec-nas0/pyc-research/compiled_evaluation_targets/usenix_test_set/python-3.11/a67c49030ac038ffcc65765bff78c774cd4c7736de936c3984bb5a294435449a0e772a2f0292546ab764e72c809fb87078bf20ecb5af626f382031e0eeab7659/cache.py)
129. case.py [RECONSTRUCTION FAILURE] (path: /syssec-nas0/pyc-research/compiled_evaluation_targets/usenix_test_set/python-3.11/4cf1f7aba324aa0b14ac982a64b415d45039253858665b9794e798b7891266634bd8fb41aefbd80f09e7d2af1bf2cec61b2c084299195fc5af67d120c153badb/case.py)
130. chain.py [RECONSTRUCTION FAILURE] (path: /syssec-nas0/pyc-research/compiled_evaluation_targets/usenix_test_set/python-3.11/36fc5f3ce4d77f845f23b65d158345a408f0210cefac81cb20bc7e1a7b9e97df313b14299076a74fcb462ac224c233052b8e4f87eb8830aa2b1020943038dc08/chain.py)
131. cli.py [COMPILE ERROR] (path: /syssec-nas0/pyc-research/compiled_evaluation_targets/usenix_test_set/python-3.11/39d060036fe999f34fa5cf8cb9308a44ff42ef017acad09731c0f0cf3456fcfd5856cc48c5b75dd9ff6bcb9f25572261700a6eb0bb51bbbfa33992b2f892a5e1/cli.py)
132. client.py [COMPILE ERROR] (path: /syssec-nas0/pyc-research/compiled_evaluation_targets/usenix_test_set/python-3.11/5e9d0380ed6fc4b0e5166ebcbdfb23a953338f08a3468c8c87478dfed1d7d46bf610ad3daae9fc084ec63be133b43621e59d6a6b6ad0d717cbd9bffebe3dce62/client.py)
133. client.py [COMPILE ERROR] (path: /syssec-nas0/pyc-research/compiled_evaluation_targets/usenix_test_set/python-3.11/aeb8234487890a8001ef57de9179022719b15d2d01a7deb1b0af56f9631a8befe4c048f1132aacf7c03f1c293df6d5d3380fcf6de3e93c84e88b56db81349030/client.py)
134. client.py [RECONSTRUCTION FAILURE] (path: /syssec-nas0/pyc-research/compiled_evaluation_targets/usenix_test_set/python-3.11/8620392e2370c75c01b59a0c69ffd376d2e4cda1ad91e8a99cc9ce2f90ccda6c04695ae124e213a2996e4a1447e0db364bf1b3dc49322bab36d9f219cdc21956/client.py)
135. climate.py [COMPILE ERROR] (path: /syssec-nas0/pyc-research/compiled_evaluation_targets/usenix_test_set/python-3.11/fc92cbd4cfa0179c20115104e541d2824a07ef10d9db32758c128b0048a0862c36899ed68b1e028d06efe7c082fddeb101ef8ec6f4bd4fc3fe8c694f5c985510/climate.py)
136. cloud_init.py [COMPILE ERROR] (path: /syssec-nas0/pyc-research/compiled_evaluation_targets/usenix_test_set/python-3.11/eea8d532f7881a25e483b8568d31ce02aec3eae8b76a2e2ac94981926c4ad714fb42f9e79c8be51ce49b6c2883b823e196f6e1132e9003fee3bfb4631659608d/cloud_init.py)
137. code_parser.py [RECONSTRUCTION FAILURE] (path: /syssec-nas0/pyc-research/compiled_evaluation_targets/usenix_test_set/python-3.11/9ddd47cc1e10f1a824daf3bc99774025e5cf2cb4eef4809994c12f6f4a22b0dd546a34758940620ed1edef9adb846a9e154768eebc08a9b4cb85421f638e9296/code_parser.py)
138. commands.py [RECONSTRUCTION FAILURE] (path: /syssec-nas0/pyc-research/compiled_evaluation_targets/usenix_test_set/python-3.11/ea338d4d8107a953ea518c99a3bdacf9b9dcc7d945154ec8d7767e7d148a75303d863f422862c9eda6fca92b45675a7dbc7bf149b2792af59839f3bf8b6d5661/commands.py)
139. common.py [COMPILE ERROR] (path: /syssec-nas0/pyc-research/compiled_evaluation_targets/usenix_test_set/python-3.11/437d13e9263e380d41d8334ea865d824c2c44cc26f00251ed6c025fd5379ba54c5c96c4c422ff48e0099a3d29c3e99188a964d32dd6a18b9c9859b7605e7df9a/common.py)
140. common.py [COMPILE ERROR] (path: /syssec-nas0/pyc-research/compiled_evaluation_targets/usenix_test_set/python-3.11/ac5cf3e7c3070387be0dda8adbf21e7be8cc5626a1f765f705f3d5a9247a6b53440b728497783601d31738a93ed386cda2e986afc2502582fc72aeb9300f83be/common.py)
141. common.py [COMPILE ERROR] (path: /syssec-nas0/pyc-research/compiled_evaluation_targets/usenix_test_set/python-3.11/e3d1bf3a3521c8b7d91edb167fd79e8c33f33449dbdce5525aab2d9e75cfb8211cf766567219dac7496ee55e6442d326b3a282b2d3993e6247d522dc5b6e93ff/common.py)
142. compat.py [COMPILE ERROR] (path: /syssec-nas0/pyc-research/compiled_evaluation_targets/usenix_test_set/python-3.11/992dafc4657443904f98170017c7b0d1812101f24b9d03c83d26a97d8973099689c71144851be3bc8212d90af169df492699d1633517039b2e5da25706972c3b/compat.py)
143. compete.py [COMPILE ERROR] (path: /syssec-nas0/pyc-research/compiled_evaluation_targets/usenix_test_set/python-3.11/cf43e881ed19f24a2d1bca17bf70848176f01922ad8f94028493e54a3f3e89f44cf64100503e462fcde5c6fee62bdfc5b0ec4724f911e61c7225568eb1276229/compete.py)
144. compression.py [COMPILE ERROR] (path: /syssec-nas0/pyc-research/compiled_evaluation_targets/usenix_test_set/python-3.11/7686b2640036bbb57ed1bbd2889a1999175d9f9f4318bda0ea8c8cf1cf17739b1867e361d4c5d4ee1dc642b56b02cf5b87524fc89fd87c1edf587267e31bf7b3/compression.py)
145. config.py [COMPILE ERROR] (path: /syssec-nas0/pyc-research/compiled_evaluation_targets/usenix_test_set/python-3.11/26aa5943c11f7dd614d6d6f5be4d0e0e8bd526129931366d762c02daaedf1a6133ca0b9748eaec83f26b56731fee210836ee880f4091aaa1b677dc7341e2188a/config.py)
146. config.py [COMPILE ERROR] (path: /syssec-nas0/pyc-research/compiled_evaluation_targets/usenix_test_set/python-3.11/278198bbdcf4e886366c00cd121bad6aa07be6c69d9e98bb54beb927201b2b3c90136cce870177c9c254305b439a5dce3d511d61ccf2a643369ef7d794d81f42/config.py)
147. configuration.py [COMPILE ERROR] (path: /syssec-nas0/pyc-research/compiled_evaluation_targets/usenix_test_set/python-3.11/0e25706b814e5b1ce031b8707b4e447c2a03583f87a106d1aadfa459fb0bbccd363eb7822e144fa7dbc0ade604ede90210dfd35ff88222ebd7c9cd7076d4b911/configuration.py)
148. connector.py [RECONSTRUCTION FAILURE] (path: /syssec-nas0/pyc-research/compiled_evaluation_targets/usenix_test_set/python-3.11/2528008aeab264799b209b3596cf9682d3ec9611689e335da62937a441e6a1446281911fdb1005aeeb8b5d49b5bbf7856257ac64fe3b544697b7a405fa9d6f44/connector.py)
149. container_helper.py [COMPILE ERROR] (path: /syssec-nas0/pyc-research/compiled_evaluation_targets/usenix_test_set/python-3.11/24592f5b74866a8f908a7b31ce6ec6a0594420708c875d9cd0a4db951a942f1405681d4c70b6e7fa4495cbe889719c399ab649d105371b5b691a44d6a12dd2c2/container_helper.py)
150. controlled_gate_test.py [COMPILE ERROR] (path: /syssec-nas0/pyc-research/compiled_evaluation_targets/usenix_test_set/python-3.11/7a3d58d1867aaaaf90d9565868f3dfb37a796870fd7b22534fb728deee2186e1be81fb5f3d1741598e01729a8c0d043bd2cc02ea54e8200f7ea35e06032f0b27/controlled_gate_test.py)
151. conv3d_alter_op.py [COMPILE ERROR] (path: /syssec-nas0/pyc-research/compiled_evaluation_targets/usenix_test_set/python-3.11/5ab413e2b7c4d701c99f9d0d71dd031b5f50eee7ee2b0471648d5f66ee2ad81622f1c9baaa8414ccb96323ea6b1ab3db4dfa9db34e3d9b52e84a708cc29dfbf6/conv3d_alter_op.py)
152. core.py [COMPILE ERROR] (path: /syssec-nas0/pyc-research/compiled_evaluation_targets/usenix_test_set/python-3.11/777dd179f5295f188238e7381d6e5e6e1c8355ddb304cc8dd239718158a13693fb5b2b72d5676a4ab6f520546048da61f2349648238ecf423d922bf5bc9e8e13/core.py)
153. couple.py [RECONSTRUCTION FAILURE] (path: /syssec-nas0/pyc-research/compiled_evaluation_targets/usenix_test_set/python-3.11/1c2e7400dab3032fd2ea847f1736fa763617f0523e3f9f71231c972a4270bedde7633be4cb5b38eb66b0c515577c98b239a1d05ca0091910b9e11c7a8396bcdb/couple.py)
154. csv.py [COMPILE ERROR] (path: /syssec-nas0/pyc-research/compiled_evaluation_targets/usenix_test_set/python-3.11/73349d7e40de4c211643144705c393d524a63bab4e33ab73e6fc7934eb8cfbe1d057b39b292fc6bd9cfcd134ddb46d1d310e78f4ef9b089baabe397df1f4305e/csv.py)
155. current_thread_executor.py [RECONSTRUCTION FAILURE] (path: /syssec-nas0/pyc-research/compiled_evaluation_targets/usenix_test_set/python-3.11/24704292332390a07da4ee413618bbaf845893f062376a22d2e7ad5da8232ea53f0e60e3333e47377217cce41963e45a2e58e4b7e4b497a93abb876866262fba/current_thread_executor.py)
156. custom_policies_integration.py [COMPILE ERROR] (path: /syssec-nas0/pyc-research/compiled_evaluation_targets/usenix_test_set/python-3.11/38df3cca09350cde024ffb52047d770fd23928d75fba9c3fe6f4b1c40b197b47bbf3da00c1e17c0f6f4b9bc0d25d97a2430f95437bfd3ccdb341f61432ff5d0a/custom_policies_integration.py)
157. data.py [COMPILE ERROR] (path: /syssec-nas0/pyc-research/compiled_evaluation_targets/usenix_test_set/python-3.11/dd7bee742879bd178e8ae00c3e6c78694a9b556cab6cb248a68eb732e9d7e7aad192541932abb7cbdb5f7ea63b38246d6c17dbc8830c39e7b251e6e248728035/data.py)
158. data.py [RECONSTRUCTION FAILURE] (path: /syssec-nas0/pyc-research/compiled_evaluation_targets/usenix_test_set/python-3.11/bbd9a57bf96727f0ea92157a0b00247a96ab090c2ebefe145b475698cdd41d0601a9ee4b6c254928098dd86f351fa5adf06d5c5bc06628739631fa63f8c1c67b/data.py)
159. dataset_providers.py [COMPILE ERROR] (path: /syssec-nas0/pyc-research/compiled_evaluation_targets/usenix_test_set/python-3.11/aa8febc11b0fa251f887f8ee0267c88818233aaf99d9e0bbfee42239eabb408c923d23963a5f3c60d8ad40c56fc3aa4f8db48652580d32e916fa5ff5a61f197c/dataset_providers.py)
160. dataset_providers.py [COMPILE ERROR] (path: /syssec-nas0/pyc-research/compiled_evaluation_targets/usenix_test_set/python-3.11/ed61dbdcee61d2c3301c90bfbfc95b7ea456212ae68d5f0ea0f9a1ce18bdb33f44f756eda0964e9bee747493992204f4b385001086c5f64f1e60c5075e81ac37/dataset_providers.py)
161. debug_executor.py [RECONSTRUCTION FAILURE] (path: /syssec-nas0/pyc-research/compiled_evaluation_targets/usenix_test_set/python-3.11/1c982d7cf62dd95bb8bc462006e7e2a777821a12cdb401d7b4639e0d08898fed4848eff0ea8d86c24483afa07af0a6128b93e683286da7f992918024887d59cf/debug_executor.py)
162. decoder_loader.py [COMPILE ERROR] (path: /syssec-nas0/pyc-research/compiled_evaluation_targets/usenix_test_set/python-3.11/86a1a6aac49f23b4c629032c95f61267c4f6a459561dee9b14068b26453696e4cb394c4df8229ba03407ddbc053e2b071ee766f9f9d7c554a3cb7f4a45626965/decoder_loader.py)
163. deephys.py [RECONSTRUCTION FAILURE] (path: /syssec-nas0/pyc-research/compiled_evaluation_targets/usenix_test_set/python-3.11/3a2b3ddc588c54d1f30a22b1bc3927300690106f0c1423b7f26c7e3e473b7c96a2b9b724d734aeb4c1762735d980893c0694885ebbd76d246f96c9595551c092/deephys.py)
164. delete.py [COMPILE ERROR] (path: /syssec-nas0/pyc-research/compiled_evaluation_targets/usenix_test_set/python-3.11/e179207821a8d66b135b002439562231bff33635adc6475fddbfc474b38d7ba3030990c79e5b66727ee17bc2a284b2917afbc94a9015fcfa542e0d94451a56fb/delete.py)
165. delivery_shipment.py [RECONSTRUCTION FAILURE] (path: /syssec-nas0/pyc-research/compiled_evaluation_targets/usenix_test_set/python-3.11/306cfcc590c2813b9d6af74a9fd73e3a42cc8d1fa28f8087e74bcbefcab98b73a921d2385c29416b3422b1fa0417c3bab27fe2bd46f55529910f56fd61d643c2/delivery_shipment.py)
166. deteval.py [RECONSTRUCTION FAILURE] (path: /syssec-nas0/pyc-research/compiled_evaluation_targets/usenix_test_set/python-3.11/f12d0f9859388171ca730bb7dcae10a1c45beca6392c00c7dc86da932041999c9e6923c31f1d2a3d77ae534e2f2403fbd887a0ee2959e56829b51f49d6a8c63c/deteval.py)
167. directconnect_connection.py [RECONSTRUCTION FAILURE] (path: /syssec-nas0/pyc-research/compiled_evaluation_targets/usenix_test_set/python-3.11/ef248defc77bc827dd5b88efd1dcc22d93b0b22b3f491f1c35767c46bde2a4175a4f48be37f8c0845a2b1bafd89468f14f6f92a3336233e230fe155beb11a239/directconnect_connection.py)
168. dns_record.py [RECONSTRUCTION FAILURE] (path: /syssec-nas0/pyc-research/compiled_evaluation_targets/usenix_test_set/python-3.11/f2327af97f44f0f00a3482009b9f412782ac6cdc1979a1138c33ddd938e3174d9b5bb49916ef6a79bdc799d1c2490d73d41a5d447f9f9b21265580ffdba41cf0/dns_record.py)
169. docks.py [RECONSTRUCTION FAILURE] (path: /syssec-nas0/pyc-research/compiled_evaluation_targets/usenix_test_set/python-3.11/92f870ecffb356e3221d62ae250eaf05bb578eadd093817165e9ad1356dfa3c3bb39c350fd2032ae158b85b94c1798af100f4ebbf9d01116a47a60dae83ad0c3/docks.py)
170. document.py [RECONSTRUCTION FAILURE] (path: /syssec-nas0/pyc-research/compiled_evaluation_targets/usenix_test_set/python-3.11/a876711910f48c1165df1ee3a426add5f343a09dc25bf1ce1ed70080fb5415f03a5f4ec353cccd073c454bf0b877aa79c02a4fe76f5d53511ce8d6cef596becf/document.py)
171. draft_diff.py [COMPILE ERROR] (path: /syssec-nas0/pyc-research/compiled_evaluation_targets/usenix_test_set/python-3.11/2105618ea46731051e7137a687fbe7ecc3b9864a715ab0cb0907e6ce43d8f71ddbd8f10f26a064e0b12179687451d588607d82360d2ffa5f27fe9bcbc3f4c8a0/draft_diff.py)
172. ecdf.py [RECONSTRUCTION FAILURE] (path: /syssec-nas0/pyc-research/compiled_evaluation_targets/usenix_test_set/python-3.11/78cbb1efa93ae2d758d6e8a88fe029601ebf9305712c5f055f4a61b74e6608bd49ef49e409ea4d202b51c92272c3ec719ccafee4db32b801ee10e0e337cb8155/ecdf.py)
173. engine.py [COMPILE ERROR] (path: /syssec-nas0/pyc-research/compiled_evaluation_targets/usenix_test_set/python-3.11/a0c91758708c30cf81d9b28dad13b4a0aca3768c7567cf8cd44b93efa66b90975839180b6a7454db858952022341bda3be3a20e8f263c8fcbc297f11522796cc/engine.py)
174. eraser.py [RECONSTRUCTION FAILURE] (path: /syssec-nas0/pyc-research/compiled_evaluation_targets/usenix_test_set/python-3.11/28088324b722273289a171bf5d8e5a5a9a5e4d55cfed92f3c8abeb36498896cd6fed008db09bb082f69932ee7214cefcedb232402147ccd8423666a6499a921f/eraser.py)
175. es.py [COMPILE ERROR] (path: /syssec-nas0/pyc-research/compiled_evaluation_targets/usenix_test_set/python-3.11/3572599aea1ac3c627725f41f8061d30d133f6ddff861358a83e5ea2df1ffbd91a520831e8cf2a10752fb071256f5f1b29085a683c56db40d632a1cf01dbcb23/es.py)
176. evaluate_sbd.py [COMPILE ERROR] (path: /syssec-nas0/pyc-research/compiled_evaluation_targets/usenix_test_set/python-3.11/b225d04a0dadd1af2bdb94806bec5ee3a506b938e054665eb5f14ab69e4623d4949aaafd9edd3e6d1134850c127f22c82ecf98b2ea0244c9ab9199dba6f3c13f/evaluate_sbd.py)
177. events.py [RECONSTRUCTION FAILURE] (path: /syssec-nas0/pyc-research/compiled_evaluation_targets/usenix_test_set/python-3.11/32da20fafeba008e3d5b73b0608d811343b6008645ebb446515adbf8f0b4f830629dd7bc310ce32934d02f08386481ba6fcbf0ed8a3ccdd267b52c643f03f3b6/events.py)
178. exchange.py [COMPILE ERROR] (path: /syssec-nas0/pyc-research/compiled_evaluation_targets/usenix_test_set/python-3.11/207de057ef63c391f88906a4502e83f565a21c8dafd71e538fa72f0cccbdb40362dfccca80ac74cdda18d45bd623d81fcde1c089d864645d1fd28fb41c7f58bc/exchange.py)
179. export.py [COMPILE ERROR] (path: /syssec-nas0/pyc-research/compiled_evaluation_targets/usenix_test_set/python-3.11/75955dcd80a0c4f6c77525d6046bd1737f43a7494bfad37916b0bc6c6101c21d2b84a5247d45aef1186c729f84d5faeb8885140dde72a8563e8c1db8c0111592/export.py)
180. file_io.py [COMPILE ERROR] (path: /syssec-nas0/pyc-research/compiled_evaluation_targets/usenix_test_set/python-3.11/179485b361eacac5884667d7d7374a4ac6c07249285325a5669344c9f71e3169310965ec88e0f16cd9f14f50cc08eada47d93ef7d4ec067700365c63f9fc5f29/file_io.py)
181. flict_config.py [COMPILE ERROR] (path: /syssec-nas0/pyc-research/compiled_evaluation_targets/usenix_test_set/python-3.11/8f94c5e465d39b12a3f9923e1ddd8777a7b4854793a38dbcd583debcde7e2562deb08bd468782265b24d012bb9f4517a0d6ae5d9a230b8ac67600f8763af3925/flict_config.py)
182. fns.py [RECONSTRUCTION FAILURE] (path: /syssec-nas0/pyc-research/compiled_evaluation_targets/usenix_test_set/python-3.11/13c110210b211d3c1027e9fda052628eab0d8dcdfbb1012282027347049b2057de5b09a6c07767bd1d3d4feb72fe56cbf9a778ad72b011a66c050b042ac65419/fns.py)
183. frame_base.py [COMPILE ERROR] (path: /syssec-nas0/pyc-research/compiled_evaluation_targets/usenix_test_set/python-3.11/4e4a3b2514cf681ab9c9ffa1d40eb22cc45567762037bb723003c2faf563618d29eded256460443a09039ef1280e6e1513bf4ec03767a1d9ed07d515f4017deb/frame_base.py)
184. gdm.py [COMPILE ERROR] (path: /syssec-nas0/pyc-research/compiled_evaluation_targets/usenix_test_set/python-3.11/37290885c451e7f3ec76d92320832fa291f112f11571b60aca18a26c68d50ebdb30a21accffb303ccb83e439fe3abd86970b44f009d564422e6d863eff3c61df/gdm.py)
185. gen_image_ops.py [COMPILE ERROR] (path: /syssec-nas0/pyc-research/compiled_evaluation_targets/usenix_test_set/python-3.11/999bc21524713b748867b3158dea753d9aa0cc5199edd18747232d269adb6d415642dc5738e643ed071f8342a437cfce51a86bc1804796969f990ca78c1b5412/gen_image_ops.py)
186. generic.py [COMPILE ERROR] (path: /syssec-nas0/pyc-research/compiled_evaluation_targets/usenix_test_set/python-3.11/a47f68856c8ae9322ac9d570382cb5df77f7cb1b18db470277f051284973c45134fb7224f43b2eb92d6fa74f9850a4aee17ad1240387292156a0a22c45e51169/generic.py)
187. gerrit.py [COMPILE ERROR] (path: /syssec-nas0/pyc-research/compiled_evaluation_targets/usenix_test_set/python-3.11/af337628c2908249af7d945563ae4310623f81a3e22f2da5682395e81c858bd5754e0eca8891319677b70035f7bf163333b9da2fef91f300464e6de62bbd1c6a/gerrit.py)
188. gitlab_housekeeping.py [COMPILE ERROR] (path: /syssec-nas0/pyc-research/compiled_evaluation_targets/usenix_test_set/python-3.11/149239392ac4ec9a5d49aa4a78ccfbfd0664de6f44eb855c3d452e072fc364a431a93b2e069973d226421acd9f223601df091123270a90b78ebcf215911f076d/gitlab_housekeeping.py)
189. goto.py [COMPILE ERROR] (path: /syssec-nas0/pyc-research/compiled_evaluation_targets/usenix_test_set/python-3.11/299137a11ac93e0ff73d950a6863ab7a84635014708bfb4cd09e1d51ea77af768e9c021f5526be993f6f804d29558aeaace0b3a2039f28a0b72d6028038b06ac/goto.py)
190. gradients_util.py [COMPILE ERROR] (path: /syssec-nas0/pyc-research/compiled_evaluation_targets/usenix_test_set/python-3.11/5648588e01f4c2bcc04811c614dedb27d318d1b9b2671edb26271215ea5674ef96d05ba9f5fd4117d6ccd02b17ccc5772f3d7f9c2e34291fcebf426c86a2df64/gradients_util.py)
191. grid_finder.py [COMPILE ERROR] (path: /syssec-nas0/pyc-research/compiled_evaluation_targets/usenix_test_set/python-3.11/9adb7cace7418536c7432515bcdeb74b3ce556902914e1788bdd9ed8bc0b79769ad0ed3f1534ff8cc5b3833e77494b02883fc782f9ae8f9d804fd3705156e6af/grid_finder.py)
192. groff.py [RECONSTRUCTION FAILURE] (path: /syssec-nas0/pyc-research/compiled_evaluation_targets/usenix_test_set/python-3.11/023b15a94922ea615931c4f42c12fd6cc64cc9abcb7d35af3afc21d968d42a9ae418f51fd2a3016765dcb9a05ce825d7c5a51ba28261a54deae4ab7e5f0118fd/groff.py)
193. hashing.py [COMPILE ERROR] (path: /syssec-nas0/pyc-research/compiled_evaluation_targets/usenix_test_set/python-3.11/dfc3be2ec5c99d4c3ed686bbaf9dfccb48cd23e5950825c01e70c6d2253bba1392c6900feef618e4e549a81f56950af98fe641bd44b3a40258be603c59f27da7/hashing.py)
194. heartbeat_formatter.py [RECONSTRUCTION FAILURE] (path: /syssec-nas0/pyc-research/compiled_evaluation_targets/usenix_test_set/python-3.11/2569cac6fd813b649f658abfc53e3f9eb06abc25947f65d834250d4a63a6c3c52bb83bd01e77f14363d88b0a507a34afa2d0c45662671966fb9fcbe25fa71b5c/heartbeat_formatter.py)
195. hide_utils.py [COMPILE ERROR] (path: /syssec-nas0/pyc-research/compiled_evaluation_targets/usenix_test_set/python-3.11/3e9b640265aa654cda4581e3cf6418aaa817f1fcd6feedc06f35dec3c6dbe7d8f18d98c5ac4c49409745f7b89a0016c11ad0a5bd89133de147958fd86000dbae/hide_utils.py)
196. horde.py [COMPILE ERROR] (path: /syssec-nas0/pyc-research/compiled_evaluation_targets/usenix_test_set/python-3.11/f2c969dbb7090a6f06b07f97ecd9fa08b9bda8ad19f0298cc212d5e724ce5edf1079b47daa0bc6ed0769a526ece29a7751c15df3eb64a6daf0a7470b9239a469/horde.py)
197. html_embed.py [RECONSTRUCTION FAILURE] (path: /syssec-nas0/pyc-research/compiled_evaluation_targets/usenix_test_set/python-3.11/9a17a5d98270642bcdc7df83843bfc3c70cf64dad5bc0dcd755956873723fa289e63e3c34f677b1b2e3ce0daf53ca7c7f257954e79d05d3a53f8824dc2607310/html_embed.py)
198. http_client.py [COMPILE ERROR] (path: /syssec-nas0/pyc-research/compiled_evaluation_targets/usenix_test_set/python-3.11/75195eed5eb8f6149d580556992a29f25c2bd1e4a55864ef1e0cae34bc38172af9147507e4cf0b8d3575c01023be5eddee347114fff17c04c6215d208f81925a/http_client.py)
199. identity.py [COMPILE ERROR] (path: /syssec-nas0/pyc-research/compiled_evaluation_targets/usenix_test_set/python-3.11/2f351d3f845f920ecba68a6c3e9347b964967c60aa38157cea3b08d758a5dd05cbc194715e88cb592cb2e93427ecebd318479eb3a908e5f1b414c167ee8ec9c0/identity.py)
200. imagery2Databases.py [RECONSTRUCTION FAILURE] (path: /syssec-nas0/pyc-research/compiled_evaluation_targets/usenix_test_set/python-3.11/71e15faefe68341c3b62faa495c8c05fb66d86dc2feadc655b93c324638954187ffd983bdf84317d807cb92f27ea27aebb79bcd8b2c84cc8b80feb7d5b538c09/imagery2Databases.py)
201. information.py [COMPILE ERROR] (path: /syssec-nas0/pyc-research/compiled_evaluation_targets/usenix_test_set/python-3.11/ec93898595f29ddfed0893ed9ffbccd07f005eb5e329997293abbde90c03b1ae1e2b33489d6d267f81a1f6f94a9e63c404a8b4fc057732651f9f56d956b3cc70/information.py)
202. init_route.py [COMPILE ERROR] (path: /syssec-nas0/pyc-research/compiled_evaluation_targets/usenix_test_set/python-3.11/4891fb5f3d65ca5059ce9c9676b63115e3764e63a95339ea1698bec1e6551e677168aeb8769277358b64f62fb49307972b8efb2e23f30dbe41e94c752f2ea4fa/init_route.py)
203. input.py [RECONSTRUCTION FAILURE] (path: /syssec-nas0/pyc-research/compiled_evaluation_targets/usenix_test_set/python-3.11/4f48007ebf96ca10c41a087e282a16fcabd4e668a1d85dd47fa5d4979b463788f22eabf524017ad5ef3167c52856dcf02a52d95cdbf76aac8c440b1176902749/input.py)
204. input_spec.py [COMPILE ERROR] (path: /syssec-nas0/pyc-research/compiled_evaluation_targets/usenix_test_set/python-3.11/e93c355e44b261b2059f878d60baf482836beb2057030b8fd0406b043e32a5e1de32dc747d2afe6bd90d2c33ddfa3c3d0eeca8558bfca81b8eb4d11a806f1c89/input_spec.py)
205. install.py [COMPILE ERROR] (path: /syssec-nas0/pyc-research/compiled_evaluation_targets/usenix_test_set/python-3.11/ffbbd47346632ced7c335e3fd9f108521233b44c9ac16433e36df9ddedf6fdf018323b82f8341443d4b86b6dd75cc4eef473b09400abe31ee4592a9c9ebbc2db/install.py)
206. iterator.py [COMPILE ERROR] (path: /syssec-nas0/pyc-research/compiled_evaluation_targets/usenix_test_set/python-3.11/6b292028392c316b624bea1345952b3aaf3d04b7398d39c64e80e7caa8b113d8b6ab540cdf956e02b78dec1b3187817ce41f61d0c0b64d7d756c35b9cf2e1c98/iterator.py)
207. jaml.py [RECONSTRUCTION FAILURE] (path: /syssec-nas0/pyc-research/compiled_evaluation_targets/usenix_test_set/python-3.11/257694b5f0e74171e032642d0c8bb515b76608972c7bd4767f1ff9061a3b9d5668f762e1cf50b262cd8f2eefbf974610fc997b82826ba0108b27f222c95c66d6/jaml.py)
208. jinja2_debug.py [COMPILE ERROR] (path: /syssec-nas0/pyc-research/compiled_evaluation_targets/usenix_test_set/python-3.11/d7066f719f9e8e30e2a90c0e1c0f59cf4951c0226e477a3961949274899396491ba9f8d27ed4adbd19a609a0ce4bbe9bb437eed3be00f576cdf20ac7401fecfb/jinja2_debug.py)
209. job.py [COMPILE ERROR] (path: /syssec-nas0/pyc-research/compiled_evaluation_targets/usenix_test_set/python-3.11/725e2f198c267e8eed07dee213c2fa0c5ac6d0cfe2749a2d68ab19990cb2dabf02cbf0579e55d0952205354f66f8aaa5bd4e9682d0d168ab455fbc2947040cca/job.py)
210. job.py [RECONSTRUCTION FAILURE] (path: /syssec-nas0/pyc-research/compiled_evaluation_targets/usenix_test_set/python-3.11/82eec94ca7098abfb0066b6bd225c11bb4eecd18c9f4cffd42b6f1ccafaf452005d2e1b8a85faef6d2d1c27bff26798fdca9a09b0792f3fe38c40c5fb2ef86ff/job.py)
211. json_format.py [COMPILE ERROR] (path: /syssec-nas0/pyc-research/compiled_evaluation_targets/usenix_test_set/python-3.11/811d12c92e619883d55077105a66ffc49f9a135e6ab4eabb4abbe6ab3faa92ed27b295d5f78a9d2a68951e7d6210e9cedd17047c4cc41a59a0ec42bc6b009ad0/json_format.py)
212. keras.py [RECONSTRUCTION FAILURE] (path: /syssec-nas0/pyc-research/compiled_evaluation_targets/usenix_test_set/python-3.11/7c8c1e60f94e9fceebb95b119b33914485a7c0cdb829881cfaaff7d7faaeef9b0af8a986d9afcff85be4c4009d3bf5e655a9761102f467449205aab947b1affe/keras.py)
213. keyvalues.py [RECONSTRUCTION FAILURE] (path: /syssec-nas0/pyc-research/compiled_evaluation_targets/usenix_test_set/python-3.11/3e2f6916afc2d8c43cb25a6db0418a3aedb662e3566aa6f085912e3460565ee21c92a430d4f67599a4a1e2c7e4d452180eca112113ebe7048c9e642baccdbe77/keyvalues.py)
214. kvr_dskdm1230.py [COMPILE ERROR] (path: /syssec-nas0/pyc-research/compiled_evaluation_targets/usenix_test_set/python-3.11/ddd53c62c0c4efbe20932fc0bd44f57d745efb5917e088c668c754ecdaca8c776dc6674350bc0837c5204f0aab4addf0aacce67eedf7f77741e1c2a9b9f7c9cb/kvr_dskdm1230.py)
215. ldap.py [COMPILE ERROR] (path: /syssec-nas0/pyc-research/compiled_evaluation_targets/usenix_test_set/python-3.11/9ac5b88a7da5ebd28c050dc78b82f0281d29f6b168103f23cd780afcd53d9fbb5a8d9293e843b3b2b2b0e5c9df5ad35de1c6e098c10923d2dbadd5748bdfd3de/ldap.py)
216. legacy_cell_wrappers.py [RECONSTRUCTION FAILURE] (path: /syssec-nas0/pyc-research/compiled_evaluation_targets/usenix_test_set/python-3.11/6cbfb40913d204fb61d4cf9ee542c1572148e4de65785f95b4c2a89df6ecc823508bfc14b0ae2d8dea98135732d9442f551e4bd3e0c4ad6c466bf2d497e1d374/legacy_cell_wrappers.py)
217. lex_attrs.py [RECONSTRUCTION FAILURE] (path: /syssec-nas0/pyc-research/compiled_evaluation_targets/usenix_test_set/python-3.11/459ec14e28556c899ee002ca5285bb361771e43295f962834ee033d6ff6e233a5d8022448be859cea9c7d033b30ac1967f95f46f33290d926e39139d6411549b/lex_attrs.py)
218. lib.py [RECONSTRUCTION FAILURE] (path: /syssec-nas0/pyc-research/compiled_evaluation_targets/usenix_test_set/python-3.11/fd5686194ffcff6fc29a1d74be29e6cf119d3594bf5befd8c60fb20fd5f566dae253d57a353e45755e55cd22fa0abd29392c03764a759b587b484dded3bbabcd/lib.py)
219. lib_backup.py [COMPILE ERROR] (path: /syssec-nas0/pyc-research/compiled_evaluation_targets/usenix_test_set/python-3.11/bf62423ec4b76f5e73585215a512942a1ea250f4e9b11d3bafe922689aeda1fd9a5f561332d8e95e176f1dea55a82104ec2f41af63680ce68436b66c51cb0067/lib_backup.py)
220. library.py [RECONSTRUCTION FAILURE] (path: /syssec-nas0/pyc-research/compiled_evaluation_targets/usenix_test_set/python-3.11/3260a9ff3452ac9746cfa0dde6d071167c76200ff8747b6bc253d635932fe035746b36060901764122b08f17d63f12fc590683535ab84ad721065262a13f91da/library.py)
221. linenotify.py [COMPILE ERROR] (path: /syssec-nas0/pyc-research/compiled_evaluation_targets/usenix_test_set/python-3.11/722ca3e81041928fcf9f9995790128538e01184e8f7ff90a0ed80563ea2b915f774afbfabf97ff296ebb826e74545af089c3828a4e2d45145d85317bd8bfbec4/linenotify.py)
222. loader.py [COMPILE ERROR] (path: /syssec-nas0/pyc-research/compiled_evaluation_targets/usenix_test_set/python-3.11/06bd23c76f46501eef32a0d2c4c7889e2385f4657c50c548d7f643551e1692868a2a8a60d2e2b00fa79f661b608714bdb867ae5230bccc53eca0f0e623ec338c/loader.py)
223. loader.py [COMPILE ERROR] (path: /syssec-nas0/pyc-research/compiled_evaluation_targets/usenix_test_set/python-3.11/165996b4d7e08724204ddcb904ab832bc1eccadd66fdd294457ea9fd8d98b98cb19da77ded96548a4a46c089967413123231d356f9fad2f61cf572afa9c402ae/loader.py)
224. local.py [RECONSTRUCTION FAILURE] (path: /syssec-nas0/pyc-research/compiled_evaluation_targets/usenix_test_set/python-3.11/16baf36c42b094aeb40740736d1017a73775fdb7c2d857bc09fad246fd8adcabf85df2780c42d08789fc40a34b3ce2f1c0ec32bcdc2e9340a25aad3fdb546623/local.py)
225. local_project_config.py [COMPILE ERROR] (path: /syssec-nas0/pyc-research/compiled_evaluation_targets/usenix_test_set/python-3.11/71d0e41dddd1d3a4ad9bd314e80b944cb148b234a853acaaa7bf6405ca9c8c932957dca01de5617df71c70f51277327a5b70476e634052ebfb2cfcbf1a866a7a/local_project_config.py)
226. log_view.py [COMPILE ERROR] (path: /syssec-nas0/pyc-research/compiled_evaluation_targets/usenix_test_set/python-3.11/178b56efffd3bf832efb44ba7322816793c16a4d8b32d4fb5f33b48512e0c4def66df5cebfbc5e5b33c685c89d9f67bd41ab6f51b0eeb3d208c7502a6c4933a2/log_view.py)
227. logger.py [COMPILE ERROR] (path: /syssec-nas0/pyc-research/compiled_evaluation_targets/usenix_test_set/python-3.11/1e8aa996533bd98bb5bc48e6a539f85c9e7ec952a65879d9638c61aa303add64c2f7da404a26a1666c1a4e089750406fe5f862dc8346a3861254c4393ac7a12e/logger.py)
228. logger.py [RECONSTRUCTION FAILURE] (path: /syssec-nas0/pyc-research/compiled_evaluation_targets/usenix_test_set/python-3.11/9d702b853334aec7447382d42a3597b757694d047e9943dfc9584de0f4cecbd70e0441016435605e645d69001de850fe8793a88d82089665eed18e304c69fb10/logger.py)
229. logutils.py [RECONSTRUCTION FAILURE] (path: /syssec-nas0/pyc-research/compiled_evaluation_targets/usenix_test_set/python-3.11/3e7985a33a9bf832150530304d7143312b903c08ffa93d0fe4b453823b7b919b158ef2d3ca885f118ae01c7dc54a595c7ff7043712534cc86b21f1e60f86e25d/logutils.py)
230. ls.py [RECONSTRUCTION FAILURE] (path: /syssec-nas0/pyc-research/compiled_evaluation_targets/usenix_test_set/python-3.11/0e105bf3fac776a22e7d274e91267859a138111dbf82d1646953b3e3386f8fa55e0d1ae48c6a97e802e38572b45d13493ec4e1376274aecce14fd2c2374a7dff/ls.py)
231. magnet.py [COMPILE ERROR] (path: /syssec-nas0/pyc-research/compiled_evaluation_targets/usenix_test_set/python-3.11/e8a7a2e0eb04a45d427bdb2c512b059109420d229f9be5dc6cd51cee2fefee9ea614264d5fc7dd2bec33cfae27f7c61da915f6354bbdd1b9102311ce5f00eb33/magnet.py)
232. math_grad.py [COMPILE ERROR] (path: /syssec-nas0/pyc-research/compiled_evaluation_targets/usenix_test_set/python-3.11/dec7ab7f96054af2d9dff76b1a6983e065fb672aa3e916080c1231aa5b5e1d8188caf0b12ef0153d8ec8d6d358b6d89acaccaa7bfef25bee7f66b74ebf9829d9/math_grad.py)
233. matrices.py [COMPILE ERROR] (path: /syssec-nas0/pyc-research/compiled_evaluation_targets/usenix_test_set/python-3.11/fe1166c5c420fdf2df2851aa1f484eea48ebb73f1d31e06242432996a0d5cb3a69a7a68aa150c55c84776b4d0a1d08e7a292cc4bd3910349b6ef8c6011dea41f/matrices.py)
234. md_and_sec.py [RECONSTRUCTION FAILURE] (path: /syssec-nas0/pyc-research/compiled_evaluation_targets/usenix_test_set/python-3.11/35c0947e23435c5097a3552777bc2d55e55ccc4eeaf370eccbe9539fdb96cec482d8bb0fddfcc44cd92d6ae50d21ed4b018d4ec0e968c269e300a045b1e2537b/md_and_sec.py)
235. mo_archive_pruner.py [COMPILE ERROR] (path: /syssec-nas0/pyc-research/compiled_evaluation_targets/usenix_test_set/python-3.11/f590bb25c0d4b4146045a632d9f5cba08a8c271e77dd8129088ad70d8ff15a8f17272249642232ac199677e6db080749af2a12d7202fc60c50aba698c1bc8cf5/mo_archive_pruner.py)
236. mobi_index.py [RECONSTRUCTION FAILURE] (path: /syssec-nas0/pyc-research/compiled_evaluation_targets/usenix_test_set/python-3.11/07d3fd18079d225d57f7f864b6382cc4d34b99d25d73da78f55ee5397d8c59013f4592a53783c6a719d7cf885ac001681ee74df0dfb8749ba70a365977dbd67c/mobi_index.py)
237. modeling.py [COMPILE ERROR] (path: /syssec-nas0/pyc-research/compiled_evaluation_targets/usenix_test_set/python-3.11/4c2505523465b8254355fb0fd35a74eb41277868ebc7eca90ace6fc034dcaaf61b2eea0802cceb1a43e5324ea2884a440b3877e138522023986d2e9efddcace2/modeling.py)
238. modules.py [RECONSTRUCTION FAILURE] (path: /syssec-nas0/pyc-research/compiled_evaluation_targets/usenix_test_set/python-3.11/87b4ce37abb18749fb4635c80ead9de60098a047b9689f9e192fdc88582342bc221edc4504ba645d322686a2cf048f5f2141d2c3d5b109463c8d7a2efc222bb0/modules.py)
239. moving_averages.py [RECONSTRUCTION FAILURE] (path: /syssec-nas0/pyc-research/compiled_evaluation_targets/usenix_test_set/python-3.11/5e987afb11bd4ae69a5dd7f45890fb820465d5587adf04738020ab01294e8ad6102cdf281a2f7d4c61f3893341c3adfbf7c95233d522cb35b5266baee1dbf45a/moving_averages.py)
240. mtv.py [COMPILE ERROR] (path: /syssec-nas0/pyc-research/compiled_evaluation_targets/usenix_test_set/python-3.11/2cffa091502bcd49fe1d4cef4a94a0acbc22c365c54213895216e38eac35d6bcf48687b2bb056f43264a81170c12ba5d8f5035a06522bac93e3c16bd955c8173/mtv.py)
241. neo4j_helper.py [RECONSTRUCTION FAILURE] (path: /syssec-nas0/pyc-research/compiled_evaluation_targets/usenix_test_set/python-3.11/66b1d338cc1b003363c6f3c85791ac64574b3817f625e0e630b2a2d78b70c9c00ac920ade08e19191145fa3ef6cf23663c2b88466ca6aa1b2fb407e81a1f998b/neo4j_helper.py)
242. no_set_for_loop.py [COMPILE ERROR] (path: /syssec-nas0/pyc-research/compiled_evaluation_targets/usenix_test_set/python-3.11/045b56c1ea3c463c77a228094cd80a89a8ba0abb1c06aa9d8fced25db26572d7967c24617f9a586320bee9dc11210073d6f1978494d3945610ce4058692a9db3/no_set_for_loop.py)
243. normalize.py [RECONSTRUCTION FAILURE] (path: /syssec-nas0/pyc-research/compiled_evaluation_targets/usenix_test_set/python-3.11/85d89f94ba163b65f36690c2fc50b7cc3bd73683756c38c38a86bb4d4ca8957e91763c2a44d437c44cfe45b43a3f9cfe9d9b59a5a489f141695ae3c251d1407c/normalize.py)
244. numba_.py [RECONSTRUCTION FAILURE] (path: /syssec-nas0/pyc-research/compiled_evaluation_targets/usenix_test_set/python-3.11/155f5f35e9a1427c525c705bc9dfb50e075b378eba64d9738eaee390e35c7e68ab7cdbaa6d66f082af623e0ab1afa7c80d8a71ae82772d51602d9047ba876675/numba_.py)
245. ocr.py [RECONSTRUCTION FAILURE] (path: /syssec-nas0/pyc-research/compiled_evaluation_targets/usenix_test_set/python-3.11/f304e8c9963de2601e7a283b78bc4e43c4c70ab961a743dfd02323453e0894c1a019114174972eae9d6cbd839566644b3bd9e1d0a2c2822f7782156423cbdd9c/ocr.py)
246. old.py [COMPILE ERROR] (path: /syssec-nas0/pyc-research/compiled_evaluation_targets/usenix_test_set/python-3.11/f9d7e6438f4ac9ad73a7e47522c0bfa57c3f21651f526a2121787820b4ffdc0426bc1209862be1ef169719521404cb4b48fccf1185007e5f06d05b3aa1557107/old.py)
247. ome_tiff.py [COMPILE ERROR] (path: /syssec-nas0/pyc-research/compiled_evaluation_targets/usenix_test_set/python-3.11/6710749f23afa2e5f61f5ae1f0269b78aa78f14d6444823652b877cccef54254b460e9164289ad7e7d51a44047df851ceb245176af7be97d376a8d00fb3db1b8/ome_tiff.py)
248. operator_helpers.py [RECONSTRUCTION FAILURE] (path: /syssec-nas0/pyc-research/compiled_evaluation_targets/usenix_test_set/python-3.11/40e2c8a5883a3bef3c4e1852e5177ceb16bc7fd196bfed93bdd8698cde35d4ba239271089b5190f3b80be97ebf42c9e4f21e1c51de268a91254ec1882109ba76/operator_helpers.py)
249. party.py [COMPILE ERROR] (path: /syssec-nas0/pyc-research/compiled_evaluation_targets/usenix_test_set/python-3.11/377a8a7908bda0850aee334e8ce1c025a51229f38ee97ad8bc4e7c73bb8e1ec264b08e3895bcd3312a3d93168851bbd43a662765dfb4e3aa07c510fafc59413b/party.py)
250. patch.py [COMPILE ERROR] (path: /syssec-nas0/pyc-research/compiled_evaluation_targets/usenix_test_set/python-3.11/dcb9ebd8bcff996941a4a9b4332eecdeaadeddb060689c27c0adac07e0e24972953b5fd377e7734790c03f7892a83fed6096738f390f88e0672f0366f82d280a/patch.py)
251. pg_pi_measure.py [COMPILE ERROR] (path: /syssec-nas0/pyc-research/compiled_evaluation_targets/usenix_test_set/python-3.11/66e63209911280e12844b09149232e8aecc04c9576303489038d4b6e5e06e03d5ba36ee69c292430d77ff941ccffde151ce6a42b1c176c3a4bf49efd669415e9/pg_pi_measure.py)
252. pipeline.py [COMPILE ERROR] (path: /syssec-nas0/pyc-research/compiled_evaluation_targets/usenix_test_set/python-3.11/4ba20f5a25174f2f3e06a6ed825b9721b9ecb2404024c91059be083041c0ad65ff38a83652ccc7e8e2a0dc15a563752153e09dbce7567484571da90c4e545a12/pipeline.py)
253. pkfont.py [RECONSTRUCTION FAILURE] (path: /syssec-nas0/pyc-research/compiled_evaluation_targets/usenix_test_set/python-3.11/3bcbd7e8376302af4aa0a0d664b6938a04821283b48aae124137ead2efa508ed6da8b5b8675977696a51701220532aed5872e5ce708df2f6932bc188dba8c8c8/pkfont.py)
254. platform.py [RECONSTRUCTION FAILURE] (path: /syssec-nas0/pyc-research/compiled_evaluation_targets/usenix_test_set/python-3.11/b9abbf8bfb32a6e79a5d2214682818f8615bb9efd4ab25bb42aa1e5721bb592f232e494b3914c0a4ab94f6e94a6a764312c398ed7bfe650afd127630abd6e635/platform.py)
255. plots.py [COMPILE ERROR] (path: /syssec-nas0/pyc-research/compiled_evaluation_targets/usenix_test_set/python-3.11/98ec30943dab93397c1927d854d28e7c4f84a008a2fbe33451ea3a1454f96740338a2b969db90740d0367fe3acc5da5e111d11fe2b3be5efb84144ca6d7d1bce/plots.py)
256. plugins.py [COMPILE ERROR] (path: /syssec-nas0/pyc-research/compiled_evaluation_targets/usenix_test_set/python-3.11/f00bde1a7bdb97d892bc24d356463bca33989d6d2e05d5d2a1092618de0956ff322de7238204f2d3594b66678a88e7f94d80001c8c1596152a24a011f0678be6/plugins.py)
257. post.py [COMPILE ERROR] (path: /syssec-nas0/pyc-research/compiled_evaluation_targets/usenix_test_set/python-3.11/74c742354d7ea5760e0fbd980816c54c436e3569bd60ddad33017e854f6810603d832ff83c8da1dd6838b6875515d4d0314db67a1f70129c5663aeb7d666b71f/post.py)
258. post.py [COMPILE ERROR] (path: /syssec-nas0/pyc-research/compiled_evaluation_targets/usenix_test_set/python-3.11/c94ca0b9a995fd1f6a5eb435be4821f28d70082640fcc7169cb0697b26f2064ea15dfb1d978cf55d2ea1a0a1a2d2ea30e43d468cc19904610f8d878a0156435e/post.py)
259. problem_specification.py [COMPILE ERROR] (path: /syssec-nas0/pyc-research/compiled_evaluation_targets/usenix_test_set/python-3.11/cbed7605b8f71582bd7b77dbb2a84c07be7253d9cc52240ad342aea291a631183d67a71796d3be9a7b1882f4b0e009c7a611d70b974183656921b269010ffbf7/problem_specification.py)
260. processors.py [RECONSTRUCTION FAILURE] (path: /syssec-nas0/pyc-research/compiled_evaluation_targets/usenix_test_set/python-3.11/887e1e40d9eec30b7a390ba280e1d05d2fe026c02ebc4bf76a151487292c6b4bfdacf49762b8a4aaf4641c416e39598bf3cd38bfbe02fa447b6d40a253a2922f/processors.py)
261. projection.py [RECONSTRUCTION FAILURE] (path: /syssec-nas0/pyc-research/compiled_evaluation_targets/usenix_test_set/python-3.11/5a2b5963f5fd20d02274dad979a35a32b0c1c2c062291e875cd540e712533043f3eed0a5d390a89f22360ca8e6372c3c29595cde6d0caa53d63bc189e61db34b/projection.py)
262. proxmox.py [COMPILE ERROR] (path: /syssec-nas0/pyc-research/compiled_evaluation_targets/usenix_test_set/python-3.11/fbd60ddfcea2e16fa7e65bdaa94a05578d92ed4bd8e238ae9d40b2517f1f503a02af8b145c8e89eefe55759a65c3ba055964aeb2e27c2dd34d55efe32fa2e93a/proxmox.py)
263. psuset.py [COMPILE ERROR] (path: /syssec-nas0/pyc-research/compiled_evaluation_targets/usenix_test_set/python-3.11/bd4d2c830c13c1cbcf5694651b0c39b64000520dea33bc7ba5958b3f5f3031f90525b0304e114fc32699626451895e93e398239ba1aa745aabc0b1c27ab6c1cc/psuset.py)
264. pytest_check_libs.py [RECONSTRUCTION FAILURE] (path: /syssec-nas0/pyc-research/compiled_evaluation_targets/usenix_test_set/python-3.11/70f1f1cada66df9074888b4c8ea3d0cc38b3be946089ac4f32b14c26b093a0fcfc9fc7500dace6365de7c1d50308cfcad0d0cf59e7760acf1730d834ad95f15f/pytest_check_libs.py)
265. python.py [COMPILE ERROR] (path: /syssec-nas0/pyc-research/compiled_evaluation_targets/usenix_test_set/python-3.11/f06110e27806ca908dbb6f641834a8495cf4fdb3a7afc1f9cb2cb4882173d7009f3debf3a69d13f6d32176baf61ea22b612c200bbdf3493c1b9b62f5fda86d01/python.py)
266. readers.py [COMPILE ERROR] (path: /syssec-nas0/pyc-research/compiled_evaluation_targets/usenix_test_set/python-3.11/981c02accb75a98866e29d82dda320992e65df639e5358368008e177efff789dc03aadb877ba39ff270b13e5d78fcf121c41cc2924aa9489164204670ac55912/readers.py)
267. referring_video_object_segmentation_pipeline.py [COMPILE ERROR] (path: /syssec-nas0/pyc-research/compiled_evaluation_targets/usenix_test_set/python-3.11/d9ab91f72e2e6c5fdad4bf1351d0585d333c6a52799350dba5ae80289973e4dc0ccecbedea5f1c5b66d76ef2266855142c015069fb7e78136768e783621ccbef/referring_video_object_segmentation_pipeline.py)
268. report_g_supply_virtual_bill.py [RECONSTRUCTION FAILURE] (path: /syssec-nas0/pyc-research/compiled_evaluation_targets/usenix_test_set/python-3.11/e54d52ca477d9bc191d7e99f246d8e6c124df110219dfa9fb8334688288a9ad0aa0776bbb29e09ed7a47a58bf6fc9aa8649b0498b4187205d17f79da35ff2b41/report_g_supply_virtual_bill.py)
269. req_install.py [RECONSTRUCTION FAILURE] (path: /syssec-nas0/pyc-research/compiled_evaluation_targets/usenix_test_set/python-3.11/3fb071e493a542ec15e107737d4f92e32cda9ee46ee5ac838eabd2c028a31bfed8b72197ed33f8cc8ea7fa2a0b262b38d86da5e4634a55168a51a44409f76bc7/req_install.py)
270. resolver.py [COMPILE ERROR] (path: /syssec-nas0/pyc-research/compiled_evaluation_targets/usenix_test_set/python-3.11/903b60923df37a1c9ae4cd8f18df9e8aaaf1937493cd9b52272fc5a28df2c8ebdb4cc23338fe984037cc0bfa6bbe466aaeaafde59746c108c0afccb6e46d9264/resolver.py)
271. response.py [COMPILE ERROR] (path: /syssec-nas0/pyc-research/compiled_evaluation_targets/usenix_test_set/python-3.11/715f92026406370dfe7054392b0f3a7e1722ea58eec8aa29b19b58329bb265ad59dfb6647348efa238935d47bd3b79bcd39e0968e32725874834528c10390630/response.py)
272. revChatGPT.py [COMPILE ERROR] (path: /syssec-nas0/pyc-research/compiled_evaluation_targets/usenix_test_set/python-3.11/9d3258a76bf781ef26b07ddd418c8bb3e0760385d7ee3011538e2e0629eb7addeb9face0aa5ca1836ad95136633fe2a4e75b2ef38aa169c81d343235eb9e2406/revChatGPT.py)
273. rhn_register.py [RECONSTRUCTION FAILURE] (path: /syssec-nas0/pyc-research/compiled_evaluation_targets/usenix_test_set/python-3.11/37c17a3b463308f0d784166da16763b4f727415e11decc5bcc98f4134731abb14d9e38aa5962371cbfbcd7d45e2e3ecb71968a744658b3090a31fdd3316d51ac/rhn_register.py)
274. rinex2snr.py [RECONSTRUCTION FAILURE] (path: /syssec-nas0/pyc-research/compiled_evaluation_targets/usenix_test_set/python-3.11/4b9b26eb954a2b10e042efd895454e7bfaacf4ea59cd4fd279d71f57fb74021775d7c81364a88339d3fbde02fa3dbbfb6d28a72ec0f1ac90716e486c3f60b1e5/rinex2snr.py)
275. roi_align_python.py [RECONSTRUCTION FAILURE] (path: /syssec-nas0/pyc-research/compiled_evaluation_targets/usenix_test_set/python-3.11/ba335f7f6571c7b40d59916d66b8f4a3a77b25cdc5a9f81206968aec28241f15cc1afffd923dfd59eb626a839c432b68882d97af13bc750a5d0b1c2693f23303/roi_align_python.py)
276. rtcrtpsender.py [COMPILE ERROR] (path: /syssec-nas0/pyc-research/compiled_evaluation_targets/usenix_test_set/python-3.11/2eb1b54d5e42d7d9eac34490c83da8586955b614b97c6aef2b2b63f86463cea2200d873c34c732b3cc536ee2d2a41a005cefb80781e34679fa263a1eb68f3a08/rtcrtpsender.py)
277. rubric_list.py [RECONSTRUCTION FAILURE] (path: /syssec-nas0/pyc-research/compiled_evaluation_targets/usenix_test_set/python-3.11/0e2c186d483bc03fe38a228a76d6ec80c855501f2e8e2de22d82db28415bac0e8a74596857983e2bf5e5e7c2a869e0bec25816aaa8eb913a8b77cb9d659a5563/rubric_list.py)
278. run_all.py [COMPILE ERROR] (path: /syssec-nas0/pyc-research/compiled_evaluation_targets/usenix_test_set/python-3.11/fe50871af19d072b8b60a0a39e59f48ebeb2856f5304814f7a00a510984985978f05746f1b71a5a9d6115ba91146ccf297fd2e849775cf74b188d9010d505237/run_all.py)
279. saas_connector.py [RECONSTRUCTION FAILURE] (path: /syssec-nas0/pyc-research/compiled_evaluation_targets/usenix_test_set/python-3.11/30e9c160f4ff6be06fe15032e174f5cb8311bf353e066a12c5f48da6af5448c3dad6dfd78034034c03c17cf49134c4bc3099fb4fce796e73b5a8da91e8b23671/saas_connector.py)
280. sample.py [COMPILE ERROR] (path: /syssec-nas0/pyc-research/compiled_evaluation_targets/usenix_test_set/python-3.11/ed98ef14f342b0b2c67d232080e30ae4e5039ff7f4c1354c487d8748200733b1ca9c8cdeb0f9c7af4fdaf29abb703512a4497353868b9570fc6cbd4e84010f03/sample.py)
281. scaleio.py [RECONSTRUCTION FAILURE] (path: /syssec-nas0/pyc-research/compiled_evaluation_targets/usenix_test_set/python-3.11/4d07fe7c2788787c191dc6c0f3b10427dc0b48873ac5a191ce59d5fbcf908cd58faf388eef473e8aa926c36ab40b99a28c035c8ef362682eb1456369678a23e7/scaleio.py)
282. schemas.py [RECONSTRUCTION FAILURE] (path: /syssec-nas0/pyc-research/compiled_evaluation_targets/usenix_test_set/python-3.11/045cf9f46846d988ada51284223e1d0d233ad2ac09fc1d0cf392d1dbc2e30d159a06b89b73f43150a5da1807588891e22fd3947981147e946a0e862617e06fea/schemas.py)
283. screenshots.py [COMPILE ERROR] (path: /syssec-nas0/pyc-research/compiled_evaluation_targets/usenix_test_set/python-3.11/984f2a8f89ba47db288555e4862eb163784aac9a5ab6fd3f067ff3d642a1cf87753b4f9bee66b435199cfa1195331311b842732771fc3ed3744b4c21166d79ed/screenshots.py)
284. search.py [COMPILE ERROR] (path: /syssec-nas0/pyc-research/compiled_evaluation_targets/usenix_test_set/python-3.11/b80be56c6bd751dec60ae8ffdd3f72f34edc2727dc43388824aa47ccee3ca25ea2d8af028cf2fe719529bf128e1766f3f9d8fd10ea445f68242ad24145cf6387/search.py)
285. sensor.py [RECONSTRUCTION FAILURE] (path: /syssec-nas0/pyc-research/compiled_evaluation_targets/usenix_test_set/python-3.11/ef7cb37644794c0f3b35a8c11e5d52822f7cc4f1bdef821e8f40ad1304232d686a7037ea8c3fc87e108da76eeab2ebf758fd5734f00f100f96ca4b64849afb3d/sensor.py)
286. server.py [COMPILE ERROR] (path: /syssec-nas0/pyc-research/compiled_evaluation_targets/usenix_test_set/python-3.11/51cfe9f9267e456838ff14167187b394c00275a78f7012f390cda50cf432020cc37c5ff22a1beab9b0f4758b52938c50f0d30e3a74698e6a7e76835a0abd9f4e/server.py)
287. service_models.py [COMPILE ERROR] (path: /syssec-nas0/pyc-research/compiled_evaluation_targets/usenix_test_set/python-3.11/f8ff8a3d1f1873b2d92156da3def0e46fa27a508e91625c64c6d846567b9616e470a8dbe727c60c6d36e133179ee0801f972cc1e3f8a94b0c21cbefd08b2214e/service_models.py)
288. smile.py [RECONSTRUCTION FAILURE] (path: /syssec-nas0/pyc-research/compiled_evaluation_targets/usenix_test_set/python-3.11/0c9652850cb4fe233734237d6ba0abf74354ab53971d2da9aedc999b4db32564dc38d07e9e034e258a3b2ec577d82660bee76c02a3bd047f179f1534f6c6b896/smile.py)
289. smtp.py [COMPILE ERROR] (path: /syssec-nas0/pyc-research/compiled_evaluation_targets/usenix_test_set/python-3.11/3f53a43b3336070fa1da8bd906f17f9e8a083606f6c1f3189d36d2a6fb52ae066b6fa3e0c6795440cacef1640079457da21ff6e3fe6b5b95dc36e844f38c45b6/smtp.py)
290. sobol.py [RECONSTRUCTION FAILURE] (path: /syssec-nas0/pyc-research/compiled_evaluation_targets/usenix_test_set/python-3.11/38291538b4b7da02a6e99643c67bfc94d7ce3f7ee82d4bf4b0ea69d76d0de02958ec11c6905542bbd7daf81b8ee3d4e809e745bd460d82f87f74e6b15d108160/sobol.py)
291. source_remote.py [COMPILE ERROR] (path: /syssec-nas0/pyc-research/compiled_evaluation_targets/usenix_test_set/python-3.11/d102a82064eed7d2de13fd2268cbf957a688456114e1191306d4ef9f0cc7c0dafefcf74c8045638ff61a6397a2be3122a2d25919212662d36efccb683251ca40/source_remote.py)
292. source_util.py [RECONSTRUCTION FAILURE] (path: /syssec-nas0/pyc-research/compiled_evaluation_targets/usenix_test_set/python-3.11/f80a6267c6a80d36c4fe4057d0a453fc65f9f47bc5c517c667a9983f4baf27c034e7fc0060d4e5bb394f24ef1e173857c381c42b7ece33ecc4143c2902485525/source_util.py)
293. specifiers.py [RECONSTRUCTION FAILURE] (path: /syssec-nas0/pyc-research/compiled_evaluation_targets/usenix_test_set/python-3.11/aca7458f816c47b2739570c403518e8c88385a80db7d577d185c8002d973072b6517b5a0ae15c220228b36bd0f881432f2aca23ddaa0f96f665d292ad739d320/specifiers.py)
294. sponsored_guest_portal.py [COMPILE ERROR] (path: /syssec-nas0/pyc-research/compiled_evaluation_targets/usenix_test_set/python-3.11/76a6df95eac1f565aae286c07cbcd55e044f2dba63c2729952df41846828035df6f1c2bae46efa5101e9e31a3a8e139b165fae16124a4fb5d87f7c6e232fea5f/sponsored_guest_portal.py)
295. static_env.py [RECONSTRUCTION FAILURE] (path: /syssec-nas0/pyc-research/compiled_evaluation_targets/usenix_test_set/python-3.11/0fa7da710e6e84fca83d9e4933d0c4b1e3b2409e7c8fede389ba25747fcb5df103840fdd0ac3a3cca65936436015885de8703fb92e98b2049b7c474ce8bb2caa/static_env.py)
296. stock_lhb_sina.py [COMPILE ERROR] (path: /syssec-nas0/pyc-research/compiled_evaluation_targets/usenix_test_set/python-3.11/d9d783cb5f07b3fbcfe0dcf27599d2d39d261fd4e93cf0d53dc279adb93e51079f2e624ec3bed03039fd1401efcfc458c17bc2a7594699e9e432eb221aa2cac5/stock_lhb_sina.py)
297. stop_on_threshold.py [RECONSTRUCTION FAILURE] (path: /syssec-nas0/pyc-research/compiled_evaluation_targets/usenix_test_set/python-3.11/7fe0e2a4c385bbd70ea090e4694ad1f302c43c66fcf542c394c91493580c5e95f56b45ad7101943de369acca6287c2f6cbb288c91ddcfc1fa87f3172bd6d0ee1/stop_on_threshold.py)
298. story.py [RECONSTRUCTION FAILURE] (path: /syssec-nas0/pyc-research/compiled_evaluation_targets/usenix_test_set/python-3.11/4cf31b0d60ea94e9f6b3e6446e924a16b560a2e85dce670aba2ed892971ba705f1f382e5ae1fe25fbb212f9826087f524a358040837c5817e553d73be768d2ec/story.py)
299. switch.py [COMPILE ERROR] (path: /syssec-nas0/pyc-research/compiled_evaluation_targets/usenix_test_set/python-3.11/ce43e8a447d78d482673350181c6925795857e1e3f483529026550d52c3248a4493bb9cce2e1ec350c133875f8891f543aab59888297f109a3b6bb1ca484d43a/switch.py)
300. sync.py [RUNTIME ERROR] (path: /syssec-nas0/pyc-research/compiled_evaluation_targets/usenix_test_set/python-3.11/60d58ae3f0c57d108bd71c4368ee4f64a36a02195f6685c27c12b20aa9724f03bb7a91ab7078718e218340a5173f31c7d6e67909fd7be3d9c5446ae51e8d08d0/sync.py)
301. system_info.py [COMPILE ERROR] (path: /syssec-nas0/pyc-research/compiled_evaluation_targets/usenix_test_set/python-3.11/5af58f5fa20c6c6dcb4dd4873aec454acf5b5bb0ccd76dd416aed46c078e99ee95dab91bd3512b35b558bea078d1458b618d7a32e8eac712f53e9c9e86890d3e/system_info.py)
302. sysutils.py [COMPILE ERROR] (path: /syssec-nas0/pyc-research/compiled_evaluation_targets/usenix_test_set/python-3.11/5e162ea864128d8222bb7d5f9e56723c7f81d4818d1a954272419f58b77f533264a968144bf2c4f7d37a429feccacf3e5c72f426d899f7e9fc73612f7757f302/sysutils.py)
303. task_base_model.py [COMPILE ERROR] (path: /syssec-nas0/pyc-research/compiled_evaluation_targets/usenix_test_set/python-3.11/3307d26213e4317bebc32410f9a048bc5ba10d27fb56933d22ef64131dfa255ae1508643bac6a517b26e31850d157117c9e96eb50546d1fd3c7600e1eae7ce69/task_base_model.py)
304. test_TFNetworkSigProcLayer.py [RECONSTRUCTION FAILURE] (path: /syssec-nas0/pyc-research/compiled_evaluation_targets/usenix_test_set/python-3.11/162f2a7232af0a52279ccfae1749ab94041d2eba134077547d377ab53419b74ade95e304d31037be6bcef6d520a37bc953488a9b04ec399620e93f75cb7e73ac/test_TFNetworkSigProcLayer.py)
305. test_app.py [COMPILE ERROR] (path: /syssec-nas0/pyc-research/compiled_evaluation_targets/usenix_test_set/python-3.11/a1d4077d542628b80d6e72199245104d83f0955819c870134a0e9028ecb0d89a24fa881c2f4a8f026e550683069b20b28a9169ae30e92ec60a67620595f1a848/test_app.py)
306. test_export_fits.py [COMPILE ERROR] (path: /syssec-nas0/pyc-research/compiled_evaluation_targets/usenix_test_set/python-3.11/8fabca408a89ef4a716d7f42fde67c3b56dbbe735424fa7e1ef59ba4dc20e8500026e92fde6f352940a8c7d7618ea121e5297f2866d70c3249dee82245b23c60/test_export_fits.py)
307. test_lockedh5.py [RECONSTRUCTION FAILURE] (path: /syssec-nas0/pyc-research/compiled_evaluation_targets/usenix_test_set/python-3.11/f57ffd296f228db8342d316e3a6bbef651c39c0bd0a585f3e7e773f37309068d4357edf713812849de211da05f1523e3dc6f70f949c8732527a917218565f299/test_lockedh5.py)
308. test_misc.py [COMPILE ERROR] (path: /syssec-nas0/pyc-research/compiled_evaluation_targets/usenix_test_set/python-3.11/4fd8062ca760560c7deb84d4b478cd74449cd92c29ec71531d6cb8d307245adfac929d0f2ac463dbe0cb7f4c7039e3ca84ab5637dc31d8e7648634f642350913/test_misc.py)
309. test_paragraph_classification.py [RECONSTRUCTION FAILURE] (path: /syssec-nas0/pyc-research/compiled_evaluation_targets/usenix_test_set/python-3.11/caebd3c9d94768b108c0caa360745d3a0816ed8958586bd7b781c294fe632355b8d099b4810d206c700c188d2ee8eed0efe284151e14ce37799565353bb51517/test_paragraph_classification.py)
310. test_parser_mtd.py [RECONSTRUCTION FAILURE] (path: /syssec-nas0/pyc-research/compiled_evaluation_targets/usenix_test_set/python-3.11/55d1c5b8ecb83535c3ab4dd3192e8ffabe8725f275e090334785542fd1865733d86c5ca458af516659cb24b02e4ee8e9074eae97d3f1d9c706fe7544af070450/test_parser_mtd.py)
311. test_readlines.py [RECONSTRUCTION FAILURE] (path: /syssec-nas0/pyc-research/compiled_evaluation_targets/usenix_test_set/python-3.11/db32d74af8c649ab73db09bd3994d61db0632b509f186cffa919b1add3354fab933325253fcd47b8dac628253c1416bbb10ae1fc1eef6b0baba0a62774461a4c/test_readlines.py)
312. test_session_controller.py [COMPILE ERROR] (path: /syssec-nas0/pyc-research/compiled_evaluation_targets/usenix_test_set/python-3.11/b7cf636c01a6db8eaa8d68ee32bd72af709b74372b9d254653fc0b7c884eb78338b8f641fdbd8edc2c6a4364c7d2f24c11972f0ecfac418b8004662d40a55a1e/test_session_controller.py)
313. test_stata.py [COMPILE ERROR] (path: /syssec-nas0/pyc-research/compiled_evaluation_targets/usenix_test_set/python-3.11/45a5c3713460f9c2a0c0547ae2ba035aca9f6c28111877390a9f9f7549fd9fc920021d731cc861533bc0d886a8584714908b7fb62b0740411ccd3654d05c375d/test_stata.py)
314. text.py [RUNTIME ERROR] (path: /syssec-nas0/pyc-research/compiled_evaluation_targets/usenix_test_set/python-3.11/ca29c7d5f88e1c6cdd260088b4d692fe758f4633b9266c6600c916ec502723ee6cab0111678572eb357cca9755a6323d93a2bba17dc635f4abdbb9d9541a975d/text.py)
315. texturecompress.py [COMPILE ERROR] (path: /syssec-nas0/pyc-research/compiled_evaluation_targets/usenix_test_set/python-3.11/cb54c857afc213b06ada9a573541cf63913cc7672a72a992ffe40bd724a610ea3fa8fb22c9facb5816ed8acab9c5723251bc817d961bc99bc0e2941f1630e1c2/texturecompress.py)
316. tf_decorator.py [RECONSTRUCTION FAILURE] (path: /syssec-nas0/pyc-research/compiled_evaluation_targets/usenix_test_set/python-3.11/254c689ac47da6c3f3cb3866791e1ef398c610a944010f95afe45b1d3dca168bb5b790a1dd450fb5420ace468b65d0c2e1ec7e405472d869c8210304eef609c7/tf_decorator.py)
317. time_stats_generator.py [COMPILE ERROR] (path: /syssec-nas0/pyc-research/compiled_evaluation_targets/usenix_test_set/python-3.11/e305fecede7a4b76550995209751b7b9a9c650b022f2b5bbbe902fa68d20418583f5f52a16df8e848634d0df3ebd1b394974cbdc6bacc78da6da07871069adcb/time_stats_generator.py)
318. tokenizer.py [RECONSTRUCTION FAILURE] (path: /syssec-nas0/pyc-research/compiled_evaluation_targets/usenix_test_set/python-3.11/12ce9242a1055a6b5a0c042e5efa554829d399194e4050148d88b585fb1f8f23e6828f65258e411e13ed10a33194b44edc23bd2889c493a6e86bfc60a8240eb0/tokenizer.py)
319. tools.py [COMPILE ERROR] (path: /syssec-nas0/pyc-research/compiled_evaluation_targets/usenix_test_set/python-3.11/14920d907cd7c08763023fe6ab3b9840dad434322919ed3fc0e435f406014a05db6fc80f4a147e7ea6ff21f0ed03a7e1a366f375b913cfbc88271e2a048c7e42/tools.py)
320. tracked_thread.py [COMPILE ERROR] (path: /syssec-nas0/pyc-research/compiled_evaluation_targets/usenix_test_set/python-3.11/759ac99e27475c933cf685b0a66d632ef13b9a5c18c0cb9b432232b66ddf106c2e151f2071e19056398a2e147bb78f903245f484b60aaba0aaf52bdb0f4faa88/tracked_thread.py)
321. tracking_async_web_channel.py [COMPILE ERROR] (path: /syssec-nas0/pyc-research/compiled_evaluation_targets/usenix_test_set/python-3.11/6b471bbbc6f9d56084d19aee4fbfa1913b6e43135a1713abff8776197c14e6f4451c518c492acdaf73d745340adeb1674d53c0d9c50859f100a86562619fa67b/tracking_async_web_channel.py)
322. transform.py [COMPILE ERROR] (path: /syssec-nas0/pyc-research/compiled_evaluation_targets/usenix_test_set/python-3.11/7bf250992e72d9739c20ece85d6f33f0f11151263c9b63565bbf40e86670388cc0649f7e1e8c69b19e8efca7551921b7f60c1e26998282f37aa81ace6dbb00d4/transform.py)
323. tui.py [COMPILE ERROR] (path: /syssec-nas0/pyc-research/compiled_evaluation_targets/usenix_test_set/python-3.11/5e7552039d58a8ea0ed28f29b52ab65627ce9a3530bb41b8dc20ebd8dd85b079968c33e217e192a2a9ff3e264e048b2505380b7bb50531a734e7876600abe279/tui.py)
324. tunnel.py [COMPILE ERROR] (path: /syssec-nas0/pyc-research/compiled_evaluation_targets/usenix_test_set/python-3.11/5e0bae32c002f88ce7523e688bb5f69e24aacf981757bd57a3b545f6298e9d751092960c44eb2fd2087ddbdd4aaae2f54bfc13ef12d6b22fe57e3543d7d9d1d9/tunnel.py)
325. unfuddle.py [COMPILE ERROR] (path: /syssec-nas0/pyc-research/compiled_evaluation_targets/usenix_test_set/python-3.11/85ba58e4e5c299dd1aa75e011df101af8c02cbc5095adcb21093f4caf488fb7d93b4d2772e82e0bdf335abfe2e265ade5daf99c9a23f2a8ec14cc0d60e5d187c/unfuddle.py)
326. unique.py [RECONSTRUCTION FAILURE] (path: /syssec-nas0/pyc-research/compiled_evaluation_targets/usenix_test_set/python-3.11/888296b66c3c76742025cc9bca8ea3dd33e1262d8bb93fe9e0c18c06ccc36ad529dcc22f48109736a482e6074d38a6a5a26435f9135af715985983c28b240e40/unique.py)
327. unitofwork.py [RECONSTRUCTION FAILURE] (path: /syssec-nas0/pyc-research/compiled_evaluation_targets/usenix_test_set/python-3.11/55a8e022808f0fcb58f0882f0c739bbce3156bfb5b9f53f7ce4038a6f84216347f581f6e22562457faded992533475621a345aa7c0ac49bca3667b1651c68989/unitofwork.py)
328. universe.py [COMPILE ERROR] (path: /syssec-nas0/pyc-research/compiled_evaluation_targets/usenix_test_set/python-3.11/06ab004839a2e1dd31a7e6cf420a07de4e2d3d619345e9ba7291b0d9739123e5ec600fad145f7a912d6e4a1e1caa2aa12a284f88e256cfb52ff3fe8ed6cfabab/universe.py)
329. upload_file_service [2022.8.26].py [COMPILE ERROR] (path: /syssec-nas0/pyc-research/compiled_evaluation_targets/usenix_test_set/python-3.11/88935e3ec53dc58592912b43cd90553431353a33811a1434a10eb772704b8f03829c1517e384ea68c12db8ba168db719ed7f225cc54d27f489d2bbd68eac2aa6/upload_file_service [2022.8.26].py)
330. util.py [COMPILE ERROR] (path: /syssec-nas0/pyc-research/compiled_evaluation_targets/usenix_test_set/python-3.11/173664a641938d81ad2214de37929d6ce75c82e22c585f7457e1c974950d64d8732b1935d0cf5505f248ad7dd6124e1e48a09fce4a87ca0cb655bf37b9bda984/util.py)
331. util.py [RECONSTRUCTION FAILURE] (path: /syssec-nas0/pyc-research/compiled_evaluation_targets/usenix_test_set/python-3.11/afd87882e5a6e9253a2fb57e4be76ee1f1cdc2cba28c76551f7ad6719c9fdd888d66a2940a2d3a0128dc91d88ac21928df34504500fd711aa4b86cf83d7db5d4/util.py)
332. utils.py [COMPILE ERROR] (path: /syssec-nas0/pyc-research/compiled_evaluation_targets/usenix_test_set/python-3.11/1b3a452dd92080f02b2e45554c837eb9307cde04636e6fb5ed67635036d398b05c81b741ebea817e497a0afe60f9483303a56aba8f18c088eec8cba5b49b15e0/utils.py)
333. utils.py [COMPILE ERROR] (path: /syssec-nas0/pyc-research/compiled_evaluation_targets/usenix_test_set/python-3.11/2b127d1e5201a4fdfd1f5b62874303220ddb1770de1cfed0f3096f86475b1d1d7700419f6e430bd561a6f0b674dfdb1edeac0542a0884c024ed2342df0d13a1c/utils.py)
334. utils.py [COMPILE ERROR] (path: /syssec-nas0/pyc-research/compiled_evaluation_targets/usenix_test_set/python-3.11/5e795d8ce4b5f17f9192977a1406545897247da0a4ecb4da4144674e38a6e32b9ec0e61def1a3f003314512407c694b25612e6e0e84e562256961aceb0a40dc5/utils.py)
335. utils.py [COMPILE ERROR] (path: /syssec-nas0/pyc-research/compiled_evaluation_targets/usenix_test_set/python-3.11/a201699110d6e06b5c3fcc2f3c12db9180f842409ac99d03286642835aef0dc6f101cfd4101f04a0b1588eed2ccb77105142ae46e9e99bf410816f555ab11190/utils.py)
336. utils.py [RECONSTRUCTION FAILURE] (path: /syssec-nas0/pyc-research/compiled_evaluation_targets/usenix_test_set/python-3.11/1527730a6740d076746560df2b16254899131725c4bcdd88f9e1c71c227ecba13d9f950d5dc501736da4cd8d770dd5c6667ea5ab76d999afd110cab29c8b311b/utils.py)
337. uxf.py [COMPILE ERROR] (path: /syssec-nas0/pyc-research/compiled_evaluation_targets/usenix_test_set/python-3.11/dd6d8948f22c10ddc76338271f084b5ffbdf8dd7542f34534f3b5a5c6d2c0d55a81047eb74662a0156c2d5ef62d8ed75579520376540dc5200a1f07b40ffc2c8/uxf.py)
338. values.py [COMPILE ERROR] (path: /syssec-nas0/pyc-research/compiled_evaluation_targets/usenix_test_set/python-3.11/86e34de67958450d591321f631587a1d6004642b4a14d9699615cfdf65332f00bcdd295d7fab7c67c77515e9762b3cac0f986166026b72f1fc2e8c44373761f7/values.py)
339. versioneer.py [COMPILE ERROR] (path: /syssec-nas0/pyc-research/compiled_evaluation_targets/usenix_test_set/python-3.11/ec69e9b826eecbe23b5697426f42e4c6419f61f32942421e2969615b6b8262bfd55cad108e905dde15c33c3045b91648ba22ce09c44efb2d7b73dd404c2d2bfc/versioneer.py)
340. video_reader.py [COMPILE ERROR] (path: /syssec-nas0/pyc-research/compiled_evaluation_targets/usenix_test_set/python-3.11/dfff6f08815f3a1d602e46a250104653c7a9beba7cf59828a452b88f536f97578da238fd3d05376d4ba6ff778830ee83c3d077c9a9ffcf7f7578942ff4ab62ce/video_reader.py)
341. views.py [COMPILE ERROR] (path: /syssec-nas0/pyc-research/compiled_evaluation_targets/usenix_test_set/python-3.11/3fd06313ca4411e2f3c6579ae9bd3400443ca6646b50d7ba00f40a816c7a3443bd40b49bc7d892311306a99a9400c125698aed23b6ae7cba5ec56220b5f567e3/views.py)
342. views.py [COMPILE ERROR] (path: /syssec-nas0/pyc-research/compiled_evaluation_targets/usenix_test_set/python-3.11/810104722d80b0367b9d53f14960dd72760905530fe03f6c65cc34b4f52a655e5bcfdc9378f8ba43d27064d4dfef81ed5adc181824e55f08a7063a239036f40b/views.py)
343. visitor.py [RECONSTRUCTION FAILURE] (path: /syssec-nas0/pyc-research/compiled_evaluation_targets/usenix_test_set/python-3.11/b92518b58ae6b57ca18b35cafb2ae849f33f78fa71e2cdb15bc377ef29502eeb193920d66a0dd4fd6ba5111910ed14359761dcfc8bae281af0aca2875f632980/visitor.py)
344. websocket_server.py [COMPILE ERROR] (path: /syssec-nas0/pyc-research/compiled_evaluation_targets/usenix_test_set/python-3.11/db9f9f6fb6104de111fdc0a42a17918f115fe92e1c95d6bad8834e628c3c036a11e9d5b27b5babb05e3a80379974070b42ca9f7bf35501494930f41b6386ba98/websocket_server.py)
345. windowDevelop.py [COMPILE ERROR] (path: /syssec-nas0/pyc-research/compiled_evaluation_targets/usenix_test_set/python-3.11/65fac04376a5536ac05dee58f464be1b78350155dac1b0cef08748109c2f62d27c60e14443f4eef3a5d12006f7e88c081f59ca62e43acc32ad86d2a3b9d24f33/windowDevelop.py)
346. worker.py [COMPILE ERROR] (path: /syssec-nas0/pyc-research/compiled_evaluation_targets/usenix_test_set/python-3.11/e84a69c47764277f34a796f49176063f5af05ad22b5fdfcb951d88edbeb80507f6004d1af380b23d4cde96ed87d8024cf352e1f0f12f4e38b5e19de2749a5f0f/worker.py)
347. yinsuda_client.py [RECONSTRUCTION FAILURE] (path: /syssec-nas0/pyc-research/compiled_evaluation_targets/usenix_test_set/python-3.11/868e19f22bcb7f2bdae17442a8c8f1bbaf2eb2a0ccdc416ec0db096c200fdb2e8775d0a7cf1c9d46a690c0103f02f831ec664be3c182d61e3e0b01d5a9b6dd37/yinsuda_client.py)
348. yizhibo_facepp_compare.py [RECONSTRUCTION FAILURE] (path: /syssec-nas0/pyc-research/compiled_evaluation_targets/usenix_test_set/python-3.11/49a0a745baccf20c88042529f9ebe4895a5af4dddb6459aca37dfe5b5990524caf929625bc3839d5557f092f189d487627d994aab65a90fcb5b827791e4841a7/yizhibo_facepp_compare.py)
349. zone_record_api.py [COMPILE ERROR] (path: /syssec-nas0/pyc-research/compiled_evaluation_targets/usenix_test_set/python-3.11/229ed2d0657a96e40250b3e05b7e91e29d99ecd5855c4a6f685dba13fa72770a78fb1a6ae5c1a011c98c8e3001467fe7832437111aca935352901e261f2b67c5/zone_record_api.py)
350. zylaalignpanel.py [COMPILE ERROR] (path: /syssec-nas0/pyc-research/compiled_evaluation_targets/usenix_test_set/python-3.11/7ca0a5e84178573c50af2b5cbce325128cff0dc98fc60c5749fb3ca45560b1fd99644993186f9b25a8033861d9cd5937d89b3dd35d5d532b6e5ece997c10a6ba/zylaalignpanel.py)

=== Detailed Breakdown ===

Runtime Errors:
1. 21564-normalized.py (path: /syssec-nas0/pyc-research/compiled_evaluation_targets/usenix_test_set/python-3.11/21564/21564-normalized.py)
2. actioncontroller.py (path: /syssec-nas0/pyc-research/compiled_evaluation_targets/usenix_test_set/python-3.11/3b3c6531b4c875a8c8a66566dcedaaab7c6dfe097bff7bf7bf0b00bee13ff4ce76816ace4e3936422ac7e7534571ec87978afd2f19fe5131e0ae309c5a8a3716/actioncontroller.py)
3. sync.py (path: /syssec-nas0/pyc-research/compiled_evaluation_targets/usenix_test_set/python-3.11/60d58ae3f0c57d108bd71c4368ee4f64a36a02195f6685c27c12b20aa9724f03bb7a91ab7078718e218340a5173f31c7d6e67909fd7be3d9c5446ae51e8d08d0/sync.py)
4. text.py (path: /syssec-nas0/pyc-research/compiled_evaluation_targets/usenix_test_set/python-3.11/ca29c7d5f88e1c6cdd260088b4d692fe758f4633b9266c6600c916ec502723ee6cab0111678572eb357cca9755a6323d93a2bba17dc635f4abdbb9d9541a975d/text.py)

Compile Errors:
1. 10822-normalized.py (path: /syssec-nas0/pyc-research/compiled_evaluation_targets/usenix_test_set/python-3.11/10822/10822-normalized.py)
2. 12082-normalized.py (path: /syssec-nas0/pyc-research/compiled_evaluation_targets/usenix_test_set/python-3.11/12082/12082-normalized.py)
3. 12181-normalized.py (path: /syssec-nas0/pyc-research/compiled_evaluation_targets/usenix_test_set/python-3.11/12181/12181-normalized.py)
4. 12304-normalized.py (path: /syssec-nas0/pyc-research/compiled_evaluation_targets/usenix_test_set/python-3.11/12304/12304-normalized.py)
5. 12495-normalized.py (path: /syssec-nas0/pyc-research/compiled_evaluation_targets/usenix_test_set/python-3.11/12495/12495-normalized.py)
6. 12506-normalized.py (path: /syssec-nas0/pyc-research/compiled_evaluation_targets/usenix_test_set/python-3.11/12506/12506-normalized.py)
7. 12509-normalized.py (path: /syssec-nas0/pyc-research/compiled_evaluation_targets/usenix_test_set/python-3.11/12509/12509-normalized.py)
8. 12641-normalized.py (path: /syssec-nas0/pyc-research/compiled_evaluation_targets/usenix_test_set/python-3.11/12641/12641-normalized.py)
9. 12678-normalized.py (path: /syssec-nas0/pyc-research/compiled_evaluation_targets/usenix_test_set/python-3.11/12678/12678-normalized.py)
10. 12911-normalized.py (path: /syssec-nas0/pyc-research/compiled_evaluation_targets/usenix_test_set/python-3.11/12911/12911-normalized.py)
11. 14056-normalized.py (path: /syssec-nas0/pyc-research/compiled_evaluation_targets/usenix_test_set/python-3.11/14056/14056-normalized.py)
12. 15016-normalized.py (path: /syssec-nas0/pyc-research/compiled_evaluation_targets/usenix_test_set/python-3.11/15016/15016-normalized.py)
13. 15172-normalized.py (path: /syssec-nas0/pyc-research/compiled_evaluation_targets/usenix_test_set/python-3.11/15172/15172-normalized.py)
14. 15218-normalized.py (path: /syssec-nas0/pyc-research/compiled_evaluation_targets/usenix_test_set/python-3.11/15218/15218-normalized.py)
15. 15397-normalized.py (path: /syssec-nas0/pyc-research/compiled_evaluation_targets/usenix_test_set/python-3.11/15397/15397-normalized.py)
16. 16104-normalized.py (path: /syssec-nas0/pyc-research/compiled_evaluation_targets/usenix_test_set/python-3.11/16104/16104-normalized.py)
17. 16216-normalized.py (path: /syssec-nas0/pyc-research/compiled_evaluation_targets/usenix_test_set/python-3.11/16216/16216-normalized.py)
18. 16522-normalized.py (path: /syssec-nas0/pyc-research/compiled_evaluation_targets/usenix_test_set/python-3.11/16522/16522-normalized.py)
19. 16795-normalized.py (path: /syssec-nas0/pyc-research/compiled_evaluation_targets/usenix_test_set/python-3.11/16795/16795-normalized.py)
20. 17189-normalized.py (path: /syssec-nas0/pyc-research/compiled_evaluation_targets/usenix_test_set/python-3.11/17189/17189-normalized.py)
21. 18049-normalized.py (path: /syssec-nas0/pyc-research/compiled_evaluation_targets/usenix_test_set/python-3.11/18049/18049-normalized.py)
22. 1984-normalized.py (path: /syssec-nas0/pyc-research/compiled_evaluation_targets/usenix_test_set/python-3.11/1984/1984-normalized.py)
23. 19950-normalized.py (path: /syssec-nas0/pyc-research/compiled_evaluation_targets/usenix_test_set/python-3.11/19950/19950-normalized.py)
24. 20064-normalized.py (path: /syssec-nas0/pyc-research/compiled_evaluation_targets/usenix_test_set/python-3.11/20064/20064-normalized.py)
25. 20445-normalized.py (path: /syssec-nas0/pyc-research/compiled_evaluation_targets/usenix_test_set/python-3.11/20445/20445-normalized.py)
26. 20452-normalized.py (path: /syssec-nas0/pyc-research/compiled_evaluation_targets/usenix_test_set/python-3.11/20452/20452-normalized.py)
27. 20946-normalized.py (path: /syssec-nas0/pyc-research/compiled_evaluation_targets/usenix_test_set/python-3.11/20946/20946-normalized.py)
28. 21245-normalized.py (path: /syssec-nas0/pyc-research/compiled_evaluation_targets/usenix_test_set/python-3.11/21245/21245-normalized.py)
29. 21583-normalized.py (path: /syssec-nas0/pyc-research/compiled_evaluation_targets/usenix_test_set/python-3.11/21583/21583-normalized.py)
30. 22039-normalized.py (path: /syssec-nas0/pyc-research/compiled_evaluation_targets/usenix_test_set/python-3.11/22039/22039-normalized.py)
31. 22049-normalized.py (path: /syssec-nas0/pyc-research/compiled_evaluation_targets/usenix_test_set/python-3.11/22049/22049-normalized.py)
32. 2929-normalized.py (path: /syssec-nas0/pyc-research/compiled_evaluation_targets/usenix_test_set/python-3.11/2929/2929-normalized.py)
33. 3240-normalized.py (path: /syssec-nas0/pyc-research/compiled_evaluation_targets/usenix_test_set/python-3.11/3240/3240-normalized.py)
34. 34-normalized.py (path: /syssec-nas0/pyc-research/compiled_evaluation_targets/usenix_test_set/python-3.11/34/34-normalized.py)
35. 3630-normalized.py (path: /syssec-nas0/pyc-research/compiled_evaluation_targets/usenix_test_set/python-3.11/3630/3630-normalized.py)
36. 5316-normalized.py (path: /syssec-nas0/pyc-research/compiled_evaluation_targets/usenix_test_set/python-3.11/5316/5316-normalized.py)
37. 5322-normalized.py (path: /syssec-nas0/pyc-research/compiled_evaluation_targets/usenix_test_set/python-3.11/5322/5322-normalized.py)
38. 5450-normalized.py (path: /syssec-nas0/pyc-research/compiled_evaluation_targets/usenix_test_set/python-3.11/5450/5450-normalized.py)
39. 5694-normalized.py (path: /syssec-nas0/pyc-research/compiled_evaluation_targets/usenix_test_set/python-3.11/5694/5694-normalized.py)
40. 6584-normalized.py (path: /syssec-nas0/pyc-research/compiled_evaluation_targets/usenix_test_set/python-3.11/6584/6584-normalized.py)
41. 6854-normalized.py (path: /syssec-nas0/pyc-research/compiled_evaluation_targets/usenix_test_set/python-3.11/6854/6854-normalized.py)
42. 7548-normalized.py (path: /syssec-nas0/pyc-research/compiled_evaluation_targets/usenix_test_set/python-3.11/7548/7548-normalized.py)
43. 8493-normalized.py (path: /syssec-nas0/pyc-research/compiled_evaluation_targets/usenix_test_set/python-3.11/8493/8493-normalized.py)
44. 8494-normalized.py (path: /syssec-nas0/pyc-research/compiled_evaluation_targets/usenix_test_set/python-3.11/8494/8494-normalized.py)
45. 9604-normalized.py (path: /syssec-nas0/pyc-research/compiled_evaluation_targets/usenix_test_set/python-3.11/9604/9604-normalized.py)
46. GeneticAlgorithm.py (path: /syssec-nas0/pyc-research/compiled_evaluation_targets/usenix_test_set/python-3.11/906842a96f866080826950088ca39796495fe1a1f5c804861963aa85c40b5b68a412a6aea1345849cebf7352870a640a27b4239f13c294ff9b8579dac3216186/GeneticAlgorithm.py)
47. IRAF_Reduction.py (path: /syssec-nas0/pyc-research/compiled_evaluation_targets/usenix_test_set/python-3.11/40820f844d9c624e8c3e0777bbffa3586f7597a9886acb295d44f10bb05ffa5e5b288afa1af23d6b466c0392111a9e76008feae9ec48d97b604c70835bb059f6/IRAF_Reduction.py)
48. InfinityFlow_Utilities.py (path: /syssec-nas0/pyc-research/compiled_evaluation_targets/usenix_test_set/python-3.11/157c98a8789f51f4ced9c4091ce9c5bfe830da8f01e515a4dc242f01e261ebdee6c1f079b0c4287e78b4b515098a7fe83139e01809f5264c3a173e1e8b3ae08e/InfinityFlow_Utilities.py)
49. NotifyRyver.py (path: /syssec-nas0/pyc-research/compiled_evaluation_targets/usenix_test_set/python-3.11/6d343ee5495ed08133701c2bdd9380e77387ac43f05be2d5754ff70a535bdb5ae8dd3057842591744f7d34e2a2971af9f477416c7fc65527890e50503aeb78e2/NotifyRyver.py)
50. VortexTcpMemoryLeakPayloadTest.py (path: /syssec-nas0/pyc-research/compiled_evaluation_targets/usenix_test_set/python-3.11/23b1c62d5b00c824059ae360348cbf3c72c31fb6bc981051cf52d9f902201be355d949be4656576da1eea2ebb4a97a74bde96781dd1a0392d98788608951d066/VortexTcpMemoryLeakPayloadTest.py)
51. __main__.py (path: /syssec-nas0/pyc-research/compiled_evaluation_targets/usenix_test_set/python-3.11/2155c2df322aaefb5671d3991f5a555a0498239fef87985cdb1cee639518a5f6b4d26096ac7298a36c4619e4212cfd09863e44bf276ef322899e0903308f2975/__main__.py)
52. __main__.py (path: /syssec-nas0/pyc-research/compiled_evaluation_targets/usenix_test_set/python-3.11/958297d91487041aecbf0e74ebfba23de908f4a8cf7fc02eb28319b378520830ac6890a3ee0bf3e65f5aaafac62d6014dac4138fbcd181e62f44700e65933be5/__main__.py)
53. _fileobjectposix.py (path: /syssec-nas0/pyc-research/compiled_evaluation_targets/usenix_test_set/python-3.11/4cd9c561cae81f5fb527b46be6380adc0c8726b9ff4af665558e6818b71a96ac581e5ac08d2190c43c7b5be397b9bee386dd74fc58eb3fe83657ee6e0ae34eb3/_fileobjectposix.py)
54. _pslinux.py (path: /syssec-nas0/pyc-research/compiled_evaluation_targets/usenix_test_set/python-3.11/3dc2b2e1804a6e00edd9873cf7b12ecfecc4c4eb68d56923db73db6bd67daea277a57990154bf0391f389af4077771bc286b68bc4528b0bce07243fc75768e86/_pslinux.py)
55. _version.py (path: /syssec-nas0/pyc-research/compiled_evaluation_targets/usenix_test_set/python-3.11/dffcc8d5499a7b92a6fb7af7bbc8ecf27439e16ec10ca716295d2a79ca903b5d6c18e8607e6bfffd8952c2d60ab6f9a6ecfe8aa2ed757ca0b8d1645ca102b250/_version.py)
56. adaptivegreedy.py (path: /syssec-nas0/pyc-research/compiled_evaluation_targets/usenix_test_set/python-3.11/0216940ebc56919f58d53da0bef5efa9bd0dc537788fecc44a081aea3014de54d3fdaa1891698ef7a677b5a705e5ff316c9057e5107c0c33507c2863590bead2/adaptivegreedy.py)
57. agent1.py (path: /syssec-nas0/pyc-research/compiled_evaluation_targets/usenix_test_set/python-3.11/410462cd2466321ac53fd8eb5324bdf638208ee22dd508860ab87eae0a327029ec7a40d48c8214c165ca7082cf700e473ff23c8c5dda9dec67aec8244cdd38f8/agent1.py)
58. aliases.py (path: /syssec-nas0/pyc-research/compiled_evaluation_targets/usenix_test_set/python-3.11/4e8858ea6e77601ff8b520869f21fa274bc9e1b559dac0f7e53d4a4f8ebc13fe097975395c64395cabf9f7ed6e41a5137728d44c23070ebde457ed2d884e88c6/aliases.py)
59. api.py (path: /syssec-nas0/pyc-research/compiled_evaluation_targets/usenix_test_set/python-3.11/75756b16713040aa5b384a90bda2524eae5e92a4e0cf3063aae05bfd714ecf4652011eef0ff9c633e344f244c90b641bf998beca633707009042a112ad3da9cb/api.py)
60. api.py (path: /syssec-nas0/pyc-research/compiled_evaluation_targets/usenix_test_set/python-3.11/90c3deef6451f68b810838e2885bb3f7222412b94ad2b1ce95503deba7403570faf79cb229997b5d79206444c66d3e44b558df150aa0dda6c295392b7c15f0d8/api.py)
61. app.py (path: /syssec-nas0/pyc-research/compiled_evaluation_targets/usenix_test_set/python-3.11/66d30b7e76cf29f736f7f5589e6a49ea7ecc31ff51b719b743f7c62773bc7fb3e3bde03fbb48a3688c93d85297c71c8f957776029aa0193cde866d4b456f0392/app.py)
62. app_config.py (path: /syssec-nas0/pyc-research/compiled_evaluation_targets/usenix_test_set/python-3.11/7fa92c8992e447bd52db5fedf3a76a9b2d1545f1c7a7ca8742a045125159770c9ac78ca26931a14d99e4b387a667c2199a9aeea365642e0359d223cab9e15d99/app_config.py)
63. az_cis_check4.py (path: /syssec-nas0/pyc-research/compiled_evaluation_targets/usenix_test_set/python-3.11/62b1b85ea82cf7eeec7a14145857c1ac63bd1d5a703ea5369b53f5c7a386e984c0de8cb2db1033ec2a594a0920e17d7e963d669204ebfc8847094c288e228e03/az_cis_check4.py)
64. azure_rm_appgateway.py (path: /syssec-nas0/pyc-research/compiled_evaluation_targets/usenix_test_set/python-3.11/9f7814dc03894c57f4dbb88614b07a422b312c688f29269c4d04bf7b9d43be08280fd1beb28bac9cc75981a83500d55ecb99be9d64b6d056af0c4dd3f5c44379/azure_rm_appgateway.py)
65. base.py (path: /syssec-nas0/pyc-research/compiled_evaluation_targets/usenix_test_set/python-3.11/528ab1ba7ee6d420f1d0ed729e0f7f99a847e8d5fdce296b96941f39e6422dd749e8ed155380c093a6d8f6e4a331d9756b52805530a3727a638597efec63ccef/base.py)
66. base.py (path: /syssec-nas0/pyc-research/compiled_evaluation_targets/usenix_test_set/python-3.11/53de9c1b842e62a9723ee8fc11b7ecc5e41db13890dd2567c92ccb5cfe6a34f359a51834a7cd565acc2c883c35186691f14e75f82d04d99c38195cbb9d85d80d/base.py)
67. base.py (path: /syssec-nas0/pyc-research/compiled_evaluation_targets/usenix_test_set/python-3.11/f8ea39dcd4f6e91b8dc21c66ed5504f104b3d2ad29c8a66d40be164e1b1ad2e932a422db60afc183ac9220ea0f2292088bb0907ca999746f654da7816aa9807a/base.py)
68. best_ip_async.py (path: /syssec-nas0/pyc-research/compiled_evaluation_targets/usenix_test_set/python-3.11/dc0f3bda2119b204cedf94f1ceeef7d0644997a0d20a74cfae13098f354a4de96bccb5a127712b3db957f587039bce29b5979dd6b21e923be719ca88ddf8a95c/best_ip_async.py)
69. bflb_iot_tool.py (path: /syssec-nas0/pyc-research/compiled_evaluation_targets/usenix_test_set/python-3.11/ae42fd7215aa22d832635e100a7f1d29fb9e618cd930add363453c0a7e65bcf637e97097029c635d33934a12c22cfb86a14c2535c631c01a1b0ba6202083f8f2/bflb_iot_tool.py)
70. bigip_node.py (path: /syssec-nas0/pyc-research/compiled_evaluation_targets/usenix_test_set/python-3.11/a5e592cb022ddbfa628e3146c694b0d4288f6c572ad253ed4e58b847a9a94aeb81937340dbc71fb61c09e6241bcf530f80b87a3b44ff8de1eed3ea51f9f0d64c/bigip_node.py)
71. bootstrap.py (path: /syssec-nas0/pyc-research/compiled_evaluation_targets/usenix_test_set/python-3.11/4ea7064fc96cf5a31a5fa58cf8e08ce370d14896743add918dcd9a1717d4ec82e2604fc1d518591de2290fe84dfec48240635fa79d114694535dbd3a070a2505/bootstrap.py)
72. button.py (path: /syssec-nas0/pyc-research/compiled_evaluation_targets/usenix_test_set/python-3.11/ee8af1201ae8307f57f5d0da2a148c04906a5d7864ccbf56ca5fee149dc2707c372b00d7f402fb0c01b6bbbae811cf4bb0cbeb5c83981354d219d96f01177443/button.py)
73. cache.py (path: /syssec-nas0/pyc-research/compiled_evaluation_targets/usenix_test_set/python-3.11/cf520a10ba107d08d628b9e6b54d1ca736c48d6fde28bb20ac61a1ce504dab98035fe49f9b134b440720ba905e6dd1887ffdb00884a45dedf6bbc18f4ea6b595/cache.py)
74. cli.py (path: /syssec-nas0/pyc-research/compiled_evaluation_targets/usenix_test_set/python-3.11/39d060036fe999f34fa5cf8cb9308a44ff42ef017acad09731c0f0cf3456fcfd5856cc48c5b75dd9ff6bcb9f25572261700a6eb0bb51bbbfa33992b2f892a5e1/cli.py)
75. client.py (path: /syssec-nas0/pyc-research/compiled_evaluation_targets/usenix_test_set/python-3.11/5e9d0380ed6fc4b0e5166ebcbdfb23a953338f08a3468c8c87478dfed1d7d46bf610ad3daae9fc084ec63be133b43621e59d6a6b6ad0d717cbd9bffebe3dce62/client.py)
76. client.py (path: /syssec-nas0/pyc-research/compiled_evaluation_targets/usenix_test_set/python-3.11/aeb8234487890a8001ef57de9179022719b15d2d01a7deb1b0af56f9631a8befe4c048f1132aacf7c03f1c293df6d5d3380fcf6de3e93c84e88b56db81349030/client.py)
77. climate.py (path: /syssec-nas0/pyc-research/compiled_evaluation_targets/usenix_test_set/python-3.11/fc92cbd4cfa0179c20115104e541d2824a07ef10d9db32758c128b0048a0862c36899ed68b1e028d06efe7c082fddeb101ef8ec6f4bd4fc3fe8c694f5c985510/climate.py)
78. cloud_init.py (path: /syssec-nas0/pyc-research/compiled_evaluation_targets/usenix_test_set/python-3.11/eea8d532f7881a25e483b8568d31ce02aec3eae8b76a2e2ac94981926c4ad714fb42f9e79c8be51ce49b6c2883b823e196f6e1132e9003fee3bfb4631659608d/cloud_init.py)
79. common.py (path: /syssec-nas0/pyc-research/compiled_evaluation_targets/usenix_test_set/python-3.11/437d13e9263e380d41d8334ea865d824c2c44cc26f00251ed6c025fd5379ba54c5c96c4c422ff48e0099a3d29c3e99188a964d32dd6a18b9c9859b7605e7df9a/common.py)
80. common.py (path: /syssec-nas0/pyc-research/compiled_evaluation_targets/usenix_test_set/python-3.11/ac5cf3e7c3070387be0dda8adbf21e7be8cc5626a1f765f705f3d5a9247a6b53440b728497783601d31738a93ed386cda2e986afc2502582fc72aeb9300f83be/common.py)
81. common.py (path: /syssec-nas0/pyc-research/compiled_evaluation_targets/usenix_test_set/python-3.11/e3d1bf3a3521c8b7d91edb167fd79e8c33f33449dbdce5525aab2d9e75cfb8211cf766567219dac7496ee55e6442d326b3a282b2d3993e6247d522dc5b6e93ff/common.py)
82. compat.py (path: /syssec-nas0/pyc-research/compiled_evaluation_targets/usenix_test_set/python-3.11/992dafc4657443904f98170017c7b0d1812101f24b9d03c83d26a97d8973099689c71144851be3bc8212d90af169df492699d1633517039b2e5da25706972c3b/compat.py)
83. compete.py (path: /syssec-nas0/pyc-research/compiled_evaluation_targets/usenix_test_set/python-3.11/cf43e881ed19f24a2d1bca17bf70848176f01922ad8f94028493e54a3f3e89f44cf64100503e462fcde5c6fee62bdfc5b0ec4724f911e61c7225568eb1276229/compete.py)
84. compression.py (path: /syssec-nas0/pyc-research/compiled_evaluation_targets/usenix_test_set/python-3.11/7686b2640036bbb57ed1bbd2889a1999175d9f9f4318bda0ea8c8cf1cf17739b1867e361d4c5d4ee1dc642b56b02cf5b87524fc89fd87c1edf587267e31bf7b3/compression.py)
85. config.py (path: /syssec-nas0/pyc-research/compiled_evaluation_targets/usenix_test_set/python-3.11/26aa5943c11f7dd614d6d6f5be4d0e0e8bd526129931366d762c02daaedf1a6133ca0b9748eaec83f26b56731fee210836ee880f4091aaa1b677dc7341e2188a/config.py)
86. config.py (path: /syssec-nas0/pyc-research/compiled_evaluation_targets/usenix_test_set/python-3.11/278198bbdcf4e886366c00cd121bad6aa07be6c69d9e98bb54beb927201b2b3c90136cce870177c9c254305b439a5dce3d511d61ccf2a643369ef7d794d81f42/config.py)
87. configuration.py (path: /syssec-nas0/pyc-research/compiled_evaluation_targets/usenix_test_set/python-3.11/0e25706b814e5b1ce031b8707b4e447c2a03583f87a106d1aadfa459fb0bbccd363eb7822e144fa7dbc0ade604ede90210dfd35ff88222ebd7c9cd7076d4b911/configuration.py)
88. container_helper.py (path: /syssec-nas0/pyc-research/compiled_evaluation_targets/usenix_test_set/python-3.11/24592f5b74866a8f908a7b31ce6ec6a0594420708c875d9cd0a4db951a942f1405681d4c70b6e7fa4495cbe889719c399ab649d105371b5b691a44d6a12dd2c2/container_helper.py)
89. controlled_gate_test.py (path: /syssec-nas0/pyc-research/compiled_evaluation_targets/usenix_test_set/python-3.11/7a3d58d1867aaaaf90d9565868f3dfb37a796870fd7b22534fb728deee2186e1be81fb5f3d1741598e01729a8c0d043bd2cc02ea54e8200f7ea35e06032f0b27/controlled_gate_test.py)
90. conv3d_alter_op.py (path: /syssec-nas0/pyc-research/compiled_evaluation_targets/usenix_test_set/python-3.11/5ab413e2b7c4d701c99f9d0d71dd031b5f50eee7ee2b0471648d5f66ee2ad81622f1c9baaa8414ccb96323ea6b1ab3db4dfa9db34e3d9b52e84a708cc29dfbf6/conv3d_alter_op.py)
91. core.py (path: /syssec-nas0/pyc-research/compiled_evaluation_targets/usenix_test_set/python-3.11/777dd179f5295f188238e7381d6e5e6e1c8355ddb304cc8dd239718158a13693fb5b2b72d5676a4ab6f520546048da61f2349648238ecf423d922bf5bc9e8e13/core.py)
92. csv.py (path: /syssec-nas0/pyc-research/compiled_evaluation_targets/usenix_test_set/python-3.11/73349d7e40de4c211643144705c393d524a63bab4e33ab73e6fc7934eb8cfbe1d057b39b292fc6bd9cfcd134ddb46d1d310e78f4ef9b089baabe397df1f4305e/csv.py)
93. custom_policies_integration.py (path: /syssec-nas0/pyc-research/compiled_evaluation_targets/usenix_test_set/python-3.11/38df3cca09350cde024ffb52047d770fd23928d75fba9c3fe6f4b1c40b197b47bbf3da00c1e17c0f6f4b9bc0d25d97a2430f95437bfd3ccdb341f61432ff5d0a/custom_policies_integration.py)
94. data.py (path: /syssec-nas0/pyc-research/compiled_evaluation_targets/usenix_test_set/python-3.11/dd7bee742879bd178e8ae00c3e6c78694a9b556cab6cb248a68eb732e9d7e7aad192541932abb7cbdb5f7ea63b38246d6c17dbc8830c39e7b251e6e248728035/data.py)
95. dataset_providers.py (path: /syssec-nas0/pyc-research/compiled_evaluation_targets/usenix_test_set/python-3.11/aa8febc11b0fa251f887f8ee0267c88818233aaf99d9e0bbfee42239eabb408c923d23963a5f3c60d8ad40c56fc3aa4f8db48652580d32e916fa5ff5a61f197c/dataset_providers.py)
96. dataset_providers.py (path: /syssec-nas0/pyc-research/compiled_evaluation_targets/usenix_test_set/python-3.11/ed61dbdcee61d2c3301c90bfbfc95b7ea456212ae68d5f0ea0f9a1ce18bdb33f44f756eda0964e9bee747493992204f4b385001086c5f64f1e60c5075e81ac37/dataset_providers.py)
97. decoder_loader.py (path: /syssec-nas0/pyc-research/compiled_evaluation_targets/usenix_test_set/python-3.11/86a1a6aac49f23b4c629032c95f61267c4f6a459561dee9b14068b26453696e4cb394c4df8229ba03407ddbc053e2b071ee766f9f9d7c554a3cb7f4a45626965/decoder_loader.py)
98. delete.py (path: /syssec-nas0/pyc-research/compiled_evaluation_targets/usenix_test_set/python-3.11/e179207821a8d66b135b002439562231bff33635adc6475fddbfc474b38d7ba3030990c79e5b66727ee17bc2a284b2917afbc94a9015fcfa542e0d94451a56fb/delete.py)
99. draft_diff.py (path: /syssec-nas0/pyc-research/compiled_evaluation_targets/usenix_test_set/python-3.11/2105618ea46731051e7137a687fbe7ecc3b9864a715ab0cb0907e6ce43d8f71ddbd8f10f26a064e0b12179687451d588607d82360d2ffa5f27fe9bcbc3f4c8a0/draft_diff.py)
100. engine.py (path: /syssec-nas0/pyc-research/compiled_evaluation_targets/usenix_test_set/python-3.11/a0c91758708c30cf81d9b28dad13b4a0aca3768c7567cf8cd44b93efa66b90975839180b6a7454db858952022341bda3be3a20e8f263c8fcbc297f11522796cc/engine.py)
101. es.py (path: /syssec-nas0/pyc-research/compiled_evaluation_targets/usenix_test_set/python-3.11/3572599aea1ac3c627725f41f8061d30d133f6ddff861358a83e5ea2df1ffbd91a520831e8cf2a10752fb071256f5f1b29085a683c56db40d632a1cf01dbcb23/es.py)
102. evaluate_sbd.py (path: /syssec-nas0/pyc-research/compiled_evaluation_targets/usenix_test_set/python-3.11/b225d04a0dadd1af2bdb94806bec5ee3a506b938e054665eb5f14ab69e4623d4949aaafd9edd3e6d1134850c127f22c82ecf98b2ea0244c9ab9199dba6f3c13f/evaluate_sbd.py)
103. exchange.py (path: /syssec-nas0/pyc-research/compiled_evaluation_targets/usenix_test_set/python-3.11/207de057ef63c391f88906a4502e83f565a21c8dafd71e538fa72f0cccbdb40362dfccca80ac74cdda18d45bd623d81fcde1c089d864645d1fd28fb41c7f58bc/exchange.py)
104. export.py (path: /syssec-nas0/pyc-research/compiled_evaluation_targets/usenix_test_set/python-3.11/75955dcd80a0c4f6c77525d6046bd1737f43a7494bfad37916b0bc6c6101c21d2b84a5247d45aef1186c729f84d5faeb8885140dde72a8563e8c1db8c0111592/export.py)
105. file_io.py (path: /syssec-nas0/pyc-research/compiled_evaluation_targets/usenix_test_set/python-3.11/179485b361eacac5884667d7d7374a4ac6c07249285325a5669344c9f71e3169310965ec88e0f16cd9f14f50cc08eada47d93ef7d4ec067700365c63f9fc5f29/file_io.py)
106. flict_config.py (path: /syssec-nas0/pyc-research/compiled_evaluation_targets/usenix_test_set/python-3.11/8f94c5e465d39b12a3f9923e1ddd8777a7b4854793a38dbcd583debcde7e2562deb08bd468782265b24d012bb9f4517a0d6ae5d9a230b8ac67600f8763af3925/flict_config.py)
107. frame_base.py (path: /syssec-nas0/pyc-research/compiled_evaluation_targets/usenix_test_set/python-3.11/4e4a3b2514cf681ab9c9ffa1d40eb22cc45567762037bb723003c2faf563618d29eded256460443a09039ef1280e6e1513bf4ec03767a1d9ed07d515f4017deb/frame_base.py)
108. gdm.py (path: /syssec-nas0/pyc-research/compiled_evaluation_targets/usenix_test_set/python-3.11/37290885c451e7f3ec76d92320832fa291f112f11571b60aca18a26c68d50ebdb30a21accffb303ccb83e439fe3abd86970b44f009d564422e6d863eff3c61df/gdm.py)
109. gen_image_ops.py (path: /syssec-nas0/pyc-research/compiled_evaluation_targets/usenix_test_set/python-3.11/999bc21524713b748867b3158dea753d9aa0cc5199edd18747232d269adb6d415642dc5738e643ed071f8342a437cfce51a86bc1804796969f990ca78c1b5412/gen_image_ops.py)
110. generic.py (path: /syssec-nas0/pyc-research/compiled_evaluation_targets/usenix_test_set/python-3.11/a47f68856c8ae9322ac9d570382cb5df77f7cb1b18db470277f051284973c45134fb7224f43b2eb92d6fa74f9850a4aee17ad1240387292156a0a22c45e51169/generic.py)
111. gerrit.py (path: /syssec-nas0/pyc-research/compiled_evaluation_targets/usenix_test_set/python-3.11/af337628c2908249af7d945563ae4310623f81a3e22f2da5682395e81c858bd5754e0eca8891319677b70035f7bf163333b9da2fef91f300464e6de62bbd1c6a/gerrit.py)
112. gitlab_housekeeping.py (path: /syssec-nas0/pyc-research/compiled_evaluation_targets/usenix_test_set/python-3.11/149239392ac4ec9a5d49aa4a78ccfbfd0664de6f44eb855c3d452e072fc364a431a93b2e069973d226421acd9f223601df091123270a90b78ebcf215911f076d/gitlab_housekeeping.py)
113. goto.py (path: /syssec-nas0/pyc-research/compiled_evaluation_targets/usenix_test_set/python-3.11/299137a11ac93e0ff73d950a6863ab7a84635014708bfb4cd09e1d51ea77af768e9c021f5526be993f6f804d29558aeaace0b3a2039f28a0b72d6028038b06ac/goto.py)
114. gradients_util.py (path: /syssec-nas0/pyc-research/compiled_evaluation_targets/usenix_test_set/python-3.11/5648588e01f4c2bcc04811c614dedb27d318d1b9b2671edb26271215ea5674ef96d05ba9f5fd4117d6ccd02b17ccc5772f3d7f9c2e34291fcebf426c86a2df64/gradients_util.py)
115. grid_finder.py (path: /syssec-nas0/pyc-research/compiled_evaluation_targets/usenix_test_set/python-3.11/9adb7cace7418536c7432515bcdeb74b3ce556902914e1788bdd9ed8bc0b79769ad0ed3f1534ff8cc5b3833e77494b02883fc782f9ae8f9d804fd3705156e6af/grid_finder.py)
116. hashing.py (path: /syssec-nas0/pyc-research/compiled_evaluation_targets/usenix_test_set/python-3.11/dfc3be2ec5c99d4c3ed686bbaf9dfccb48cd23e5950825c01e70c6d2253bba1392c6900feef618e4e549a81f56950af98fe641bd44b3a40258be603c59f27da7/hashing.py)
117. hide_utils.py (path: /syssec-nas0/pyc-research/compiled_evaluation_targets/usenix_test_set/python-3.11/3e9b640265aa654cda4581e3cf6418aaa817f1fcd6feedc06f35dec3c6dbe7d8f18d98c5ac4c49409745f7b89a0016c11ad0a5bd89133de147958fd86000dbae/hide_utils.py)
118. horde.py (path: /syssec-nas0/pyc-research/compiled_evaluation_targets/usenix_test_set/python-3.11/f2c969dbb7090a6f06b07f97ecd9fa08b9bda8ad19f0298cc212d5e724ce5edf1079b47daa0bc6ed0769a526ece29a7751c15df3eb64a6daf0a7470b9239a469/horde.py)
119. http_client.py (path: /syssec-nas0/pyc-research/compiled_evaluation_targets/usenix_test_set/python-3.11/75195eed5eb8f6149d580556992a29f25c2bd1e4a55864ef1e0cae34bc38172af9147507e4cf0b8d3575c01023be5eddee347114fff17c04c6215d208f81925a/http_client.py)
120. identity.py (path: /syssec-nas0/pyc-research/compiled_evaluation_targets/usenix_test_set/python-3.11/2f351d3f845f920ecba68a6c3e9347b964967c60aa38157cea3b08d758a5dd05cbc194715e88cb592cb2e93427ecebd318479eb3a908e5f1b414c167ee8ec9c0/identity.py)
121. information.py (path: /syssec-nas0/pyc-research/compiled_evaluation_targets/usenix_test_set/python-3.11/ec93898595f29ddfed0893ed9ffbccd07f005eb5e329997293abbde90c03b1ae1e2b33489d6d267f81a1f6f94a9e63c404a8b4fc057732651f9f56d956b3cc70/information.py)
122. init_route.py (path: /syssec-nas0/pyc-research/compiled_evaluation_targets/usenix_test_set/python-3.11/4891fb5f3d65ca5059ce9c9676b63115e3764e63a95339ea1698bec1e6551e677168aeb8769277358b64f62fb49307972b8efb2e23f30dbe41e94c752f2ea4fa/init_route.py)
123. input_spec.py (path: /syssec-nas0/pyc-research/compiled_evaluation_targets/usenix_test_set/python-3.11/e93c355e44b261b2059f878d60baf482836beb2057030b8fd0406b043e32a5e1de32dc747d2afe6bd90d2c33ddfa3c3d0eeca8558bfca81b8eb4d11a806f1c89/input_spec.py)
124. install.py (path: /syssec-nas0/pyc-research/compiled_evaluation_targets/usenix_test_set/python-3.11/ffbbd47346632ced7c335e3fd9f108521233b44c9ac16433e36df9ddedf6fdf018323b82f8341443d4b86b6dd75cc4eef473b09400abe31ee4592a9c9ebbc2db/install.py)
125. iterator.py (path: /syssec-nas0/pyc-research/compiled_evaluation_targets/usenix_test_set/python-3.11/6b292028392c316b624bea1345952b3aaf3d04b7398d39c64e80e7caa8b113d8b6ab540cdf956e02b78dec1b3187817ce41f61d0c0b64d7d756c35b9cf2e1c98/iterator.py)
126. jinja2_debug.py (path: /syssec-nas0/pyc-research/compiled_evaluation_targets/usenix_test_set/python-3.11/d7066f719f9e8e30e2a90c0e1c0f59cf4951c0226e477a3961949274899396491ba9f8d27ed4adbd19a609a0ce4bbe9bb437eed3be00f576cdf20ac7401fecfb/jinja2_debug.py)
127. job.py (path: /syssec-nas0/pyc-research/compiled_evaluation_targets/usenix_test_set/python-3.11/725e2f198c267e8eed07dee213c2fa0c5ac6d0cfe2749a2d68ab19990cb2dabf02cbf0579e55d0952205354f66f8aaa5bd4e9682d0d168ab455fbc2947040cca/job.py)
128. json_format.py (path: /syssec-nas0/pyc-research/compiled_evaluation_targets/usenix_test_set/python-3.11/811d12c92e619883d55077105a66ffc49f9a135e6ab4eabb4abbe6ab3faa92ed27b295d5f78a9d2a68951e7d6210e9cedd17047c4cc41a59a0ec42bc6b009ad0/json_format.py)
129. kvr_dskdm1230.py (path: /syssec-nas0/pyc-research/compiled_evaluation_targets/usenix_test_set/python-3.11/ddd53c62c0c4efbe20932fc0bd44f57d745efb5917e088c668c754ecdaca8c776dc6674350bc0837c5204f0aab4addf0aacce67eedf7f77741e1c2a9b9f7c9cb/kvr_dskdm1230.py)
130. ldap.py (path: /syssec-nas0/pyc-research/compiled_evaluation_targets/usenix_test_set/python-3.11/9ac5b88a7da5ebd28c050dc78b82f0281d29f6b168103f23cd780afcd53d9fbb5a8d9293e843b3b2b2b0e5c9df5ad35de1c6e098c10923d2dbadd5748bdfd3de/ldap.py)
131. lib_backup.py (path: /syssec-nas0/pyc-research/compiled_evaluation_targets/usenix_test_set/python-3.11/bf62423ec4b76f5e73585215a512942a1ea250f4e9b11d3bafe922689aeda1fd9a5f561332d8e95e176f1dea55a82104ec2f41af63680ce68436b66c51cb0067/lib_backup.py)
132. linenotify.py (path: /syssec-nas0/pyc-research/compiled_evaluation_targets/usenix_test_set/python-3.11/722ca3e81041928fcf9f9995790128538e01184e8f7ff90a0ed80563ea2b915f774afbfabf97ff296ebb826e74545af089c3828a4e2d45145d85317bd8bfbec4/linenotify.py)
133. loader.py (path: /syssec-nas0/pyc-research/compiled_evaluation_targets/usenix_test_set/python-3.11/06bd23c76f46501eef32a0d2c4c7889e2385f4657c50c548d7f643551e1692868a2a8a60d2e2b00fa79f661b608714bdb867ae5230bccc53eca0f0e623ec338c/loader.py)
134. loader.py (path: /syssec-nas0/pyc-research/compiled_evaluation_targets/usenix_test_set/python-3.11/165996b4d7e08724204ddcb904ab832bc1eccadd66fdd294457ea9fd8d98b98cb19da77ded96548a4a46c089967413123231d356f9fad2f61cf572afa9c402ae/loader.py)
135. local_project_config.py (path: /syssec-nas0/pyc-research/compiled_evaluation_targets/usenix_test_set/python-3.11/71d0e41dddd1d3a4ad9bd314e80b944cb148b234a853acaaa7bf6405ca9c8c932957dca01de5617df71c70f51277327a5b70476e634052ebfb2cfcbf1a866a7a/local_project_config.py)
136. log_view.py (path: /syssec-nas0/pyc-research/compiled_evaluation_targets/usenix_test_set/python-3.11/178b56efffd3bf832efb44ba7322816793c16a4d8b32d4fb5f33b48512e0c4def66df5cebfbc5e5b33c685c89d9f67bd41ab6f51b0eeb3d208c7502a6c4933a2/log_view.py)
137. logger.py (path: /syssec-nas0/pyc-research/compiled_evaluation_targets/usenix_test_set/python-3.11/1e8aa996533bd98bb5bc48e6a539f85c9e7ec952a65879d9638c61aa303add64c2f7da404a26a1666c1a4e089750406fe5f862dc8346a3861254c4393ac7a12e/logger.py)
138. magnet.py (path: /syssec-nas0/pyc-research/compiled_evaluation_targets/usenix_test_set/python-3.11/e8a7a2e0eb04a45d427bdb2c512b059109420d229f9be5dc6cd51cee2fefee9ea614264d5fc7dd2bec33cfae27f7c61da915f6354bbdd1b9102311ce5f00eb33/magnet.py)
139. math_grad.py (path: /syssec-nas0/pyc-research/compiled_evaluation_targets/usenix_test_set/python-3.11/dec7ab7f96054af2d9dff76b1a6983e065fb672aa3e916080c1231aa5b5e1d8188caf0b12ef0153d8ec8d6d358b6d89acaccaa7bfef25bee7f66b74ebf9829d9/math_grad.py)
140. matrices.py (path: /syssec-nas0/pyc-research/compiled_evaluation_targets/usenix_test_set/python-3.11/fe1166c5c420fdf2df2851aa1f484eea48ebb73f1d31e06242432996a0d5cb3a69a7a68aa150c55c84776b4d0a1d08e7a292cc4bd3910349b6ef8c6011dea41f/matrices.py)
141. mo_archive_pruner.py (path: /syssec-nas0/pyc-research/compiled_evaluation_targets/usenix_test_set/python-3.11/f590bb25c0d4b4146045a632d9f5cba08a8c271e77dd8129088ad70d8ff15a8f17272249642232ac199677e6db080749af2a12d7202fc60c50aba698c1bc8cf5/mo_archive_pruner.py)
142. modeling.py (path: /syssec-nas0/pyc-research/compiled_evaluation_targets/usenix_test_set/python-3.11/4c2505523465b8254355fb0fd35a74eb41277868ebc7eca90ace6fc034dcaaf61b2eea0802cceb1a43e5324ea2884a440b3877e138522023986d2e9efddcace2/modeling.py)
143. mtv.py (path: /syssec-nas0/pyc-research/compiled_evaluation_targets/usenix_test_set/python-3.11/2cffa091502bcd49fe1d4cef4a94a0acbc22c365c54213895216e38eac35d6bcf48687b2bb056f43264a81170c12ba5d8f5035a06522bac93e3c16bd955c8173/mtv.py)
144. no_set_for_loop.py (path: /syssec-nas0/pyc-research/compiled_evaluation_targets/usenix_test_set/python-3.11/045b56c1ea3c463c77a228094cd80a89a8ba0abb1c06aa9d8fced25db26572d7967c24617f9a586320bee9dc11210073d6f1978494d3945610ce4058692a9db3/no_set_for_loop.py)
145. old.py (path: /syssec-nas0/pyc-research/compiled_evaluation_targets/usenix_test_set/python-3.11/f9d7e6438f4ac9ad73a7e47522c0bfa57c3f21651f526a2121787820b4ffdc0426bc1209862be1ef169719521404cb4b48fccf1185007e5f06d05b3aa1557107/old.py)
146. ome_tiff.py (path: /syssec-nas0/pyc-research/compiled_evaluation_targets/usenix_test_set/python-3.11/6710749f23afa2e5f61f5ae1f0269b78aa78f14d6444823652b877cccef54254b460e9164289ad7e7d51a44047df851ceb245176af7be97d376a8d00fb3db1b8/ome_tiff.py)
147. party.py (path: /syssec-nas0/pyc-research/compiled_evaluation_targets/usenix_test_set/python-3.11/377a8a7908bda0850aee334e8ce1c025a51229f38ee97ad8bc4e7c73bb8e1ec264b08e3895bcd3312a3d93168851bbd43a662765dfb4e3aa07c510fafc59413b/party.py)
148. patch.py (path: /syssec-nas0/pyc-research/compiled_evaluation_targets/usenix_test_set/python-3.11/dcb9ebd8bcff996941a4a9b4332eecdeaadeddb060689c27c0adac07e0e24972953b5fd377e7734790c03f7892a83fed6096738f390f88e0672f0366f82d280a/patch.py)
149. pg_pi_measure.py (path: /syssec-nas0/pyc-research/compiled_evaluation_targets/usenix_test_set/python-3.11/66e63209911280e12844b09149232e8aecc04c9576303489038d4b6e5e06e03d5ba36ee69c292430d77ff941ccffde151ce6a42b1c176c3a4bf49efd669415e9/pg_pi_measure.py)
150. pipeline.py (path: /syssec-nas0/pyc-research/compiled_evaluation_targets/usenix_test_set/python-3.11/4ba20f5a25174f2f3e06a6ed825b9721b9ecb2404024c91059be083041c0ad65ff38a83652ccc7e8e2a0dc15a563752153e09dbce7567484571da90c4e545a12/pipeline.py)
151. plots.py (path: /syssec-nas0/pyc-research/compiled_evaluation_targets/usenix_test_set/python-3.11/98ec30943dab93397c1927d854d28e7c4f84a008a2fbe33451ea3a1454f96740338a2b969db90740d0367fe3acc5da5e111d11fe2b3be5efb84144ca6d7d1bce/plots.py)
152. plugins.py (path: /syssec-nas0/pyc-research/compiled_evaluation_targets/usenix_test_set/python-3.11/f00bde1a7bdb97d892bc24d356463bca33989d6d2e05d5d2a1092618de0956ff322de7238204f2d3594b66678a88e7f94d80001c8c1596152a24a011f0678be6/plugins.py)
153. post.py (path: /syssec-nas0/pyc-research/compiled_evaluation_targets/usenix_test_set/python-3.11/74c742354d7ea5760e0fbd980816c54c436e3569bd60ddad33017e854f6810603d832ff83c8da1dd6838b6875515d4d0314db67a1f70129c5663aeb7d666b71f/post.py)
154. post.py (path: /syssec-nas0/pyc-research/compiled_evaluation_targets/usenix_test_set/python-3.11/c94ca0b9a995fd1f6a5eb435be4821f28d70082640fcc7169cb0697b26f2064ea15dfb1d978cf55d2ea1a0a1a2d2ea30e43d468cc19904610f8d878a0156435e/post.py)
155. problem_specification.py (path: /syssec-nas0/pyc-research/compiled_evaluation_targets/usenix_test_set/python-3.11/cbed7605b8f71582bd7b77dbb2a84c07be7253d9cc52240ad342aea291a631183d67a71796d3be9a7b1882f4b0e009c7a611d70b974183656921b269010ffbf7/problem_specification.py)
156. proxmox.py (path: /syssec-nas0/pyc-research/compiled_evaluation_targets/usenix_test_set/python-3.11/fbd60ddfcea2e16fa7e65bdaa94a05578d92ed4bd8e238ae9d40b2517f1f503a02af8b145c8e89eefe55759a65c3ba055964aeb2e27c2dd34d55efe32fa2e93a/proxmox.py)
157. psuset.py (path: /syssec-nas0/pyc-research/compiled_evaluation_targets/usenix_test_set/python-3.11/bd4d2c830c13c1cbcf5694651b0c39b64000520dea33bc7ba5958b3f5f3031f90525b0304e114fc32699626451895e93e398239ba1aa745aabc0b1c27ab6c1cc/psuset.py)
158. python.py (path: /syssec-nas0/pyc-research/compiled_evaluation_targets/usenix_test_set/python-3.11/f06110e27806ca908dbb6f641834a8495cf4fdb3a7afc1f9cb2cb4882173d7009f3debf3a69d13f6d32176baf61ea22b612c200bbdf3493c1b9b62f5fda86d01/python.py)
159. readers.py (path: /syssec-nas0/pyc-research/compiled_evaluation_targets/usenix_test_set/python-3.11/981c02accb75a98866e29d82dda320992e65df639e5358368008e177efff789dc03aadb877ba39ff270b13e5d78fcf121c41cc2924aa9489164204670ac55912/readers.py)
160. referring_video_object_segmentation_pipeline.py (path: /syssec-nas0/pyc-research/compiled_evaluation_targets/usenix_test_set/python-3.11/d9ab91f72e2e6c5fdad4bf1351d0585d333c6a52799350dba5ae80289973e4dc0ccecbedea5f1c5b66d76ef2266855142c015069fb7e78136768e783621ccbef/referring_video_object_segmentation_pipeline.py)
161. resolver.py (path: /syssec-nas0/pyc-research/compiled_evaluation_targets/usenix_test_set/python-3.11/903b60923df37a1c9ae4cd8f18df9e8aaaf1937493cd9b52272fc5a28df2c8ebdb4cc23338fe984037cc0bfa6bbe466aaeaafde59746c108c0afccb6e46d9264/resolver.py)
162. response.py (path: /syssec-nas0/pyc-research/compiled_evaluation_targets/usenix_test_set/python-3.11/715f92026406370dfe7054392b0f3a7e1722ea58eec8aa29b19b58329bb265ad59dfb6647348efa238935d47bd3b79bcd39e0968e32725874834528c10390630/response.py)
163. revChatGPT.py (path: /syssec-nas0/pyc-research/compiled_evaluation_targets/usenix_test_set/python-3.11/9d3258a76bf781ef26b07ddd418c8bb3e0760385d7ee3011538e2e0629eb7addeb9face0aa5ca1836ad95136633fe2a4e75b2ef38aa169c81d343235eb9e2406/revChatGPT.py)
164. rtcrtpsender.py (path: /syssec-nas0/pyc-research/compiled_evaluation_targets/usenix_test_set/python-3.11/2eb1b54d5e42d7d9eac34490c83da8586955b614b97c6aef2b2b63f86463cea2200d873c34c732b3cc536ee2d2a41a005cefb80781e34679fa263a1eb68f3a08/rtcrtpsender.py)
165. run_all.py (path: /syssec-nas0/pyc-research/compiled_evaluation_targets/usenix_test_set/python-3.11/fe50871af19d072b8b60a0a39e59f48ebeb2856f5304814f7a00a510984985978f05746f1b71a5a9d6115ba91146ccf297fd2e849775cf74b188d9010d505237/run_all.py)
166. sample.py (path: /syssec-nas0/pyc-research/compiled_evaluation_targets/usenix_test_set/python-3.11/ed98ef14f342b0b2c67d232080e30ae4e5039ff7f4c1354c487d8748200733b1ca9c8cdeb0f9c7af4fdaf29abb703512a4497353868b9570fc6cbd4e84010f03/sample.py)
167. screenshots.py (path: /syssec-nas0/pyc-research/compiled_evaluation_targets/usenix_test_set/python-3.11/984f2a8f89ba47db288555e4862eb163784aac9a5ab6fd3f067ff3d642a1cf87753b4f9bee66b435199cfa1195331311b842732771fc3ed3744b4c21166d79ed/screenshots.py)
168. search.py (path: /syssec-nas0/pyc-research/compiled_evaluation_targets/usenix_test_set/python-3.11/b80be56c6bd751dec60ae8ffdd3f72f34edc2727dc43388824aa47ccee3ca25ea2d8af028cf2fe719529bf128e1766f3f9d8fd10ea445f68242ad24145cf6387/search.py)
169. server.py (path: /syssec-nas0/pyc-research/compiled_evaluation_targets/usenix_test_set/python-3.11/51cfe9f9267e456838ff14167187b394c00275a78f7012f390cda50cf432020cc37c5ff22a1beab9b0f4758b52938c50f0d30e3a74698e6a7e76835a0abd9f4e/server.py)
170. service_models.py (path: /syssec-nas0/pyc-research/compiled_evaluation_targets/usenix_test_set/python-3.11/f8ff8a3d1f1873b2d92156da3def0e46fa27a508e91625c64c6d846567b9616e470a8dbe727c60c6d36e133179ee0801f972cc1e3f8a94b0c21cbefd08b2214e/service_models.py)
171. smtp.py (path: /syssec-nas0/pyc-research/compiled_evaluation_targets/usenix_test_set/python-3.11/3f53a43b3336070fa1da8bd906f17f9e8a083606f6c1f3189d36d2a6fb52ae066b6fa3e0c6795440cacef1640079457da21ff6e3fe6b5b95dc36e844f38c45b6/smtp.py)
172. source_remote.py (path: /syssec-nas0/pyc-research/compiled_evaluation_targets/usenix_test_set/python-3.11/d102a82064eed7d2de13fd2268cbf957a688456114e1191306d4ef9f0cc7c0dafefcf74c8045638ff61a6397a2be3122a2d25919212662d36efccb683251ca40/source_remote.py)
173. sponsored_guest_portal.py (path: /syssec-nas0/pyc-research/compiled_evaluation_targets/usenix_test_set/python-3.11/76a6df95eac1f565aae286c07cbcd55e044f2dba63c2729952df41846828035df6f1c2bae46efa5101e9e31a3a8e139b165fae16124a4fb5d87f7c6e232fea5f/sponsored_guest_portal.py)
174. stock_lhb_sina.py (path: /syssec-nas0/pyc-research/compiled_evaluation_targets/usenix_test_set/python-3.11/d9d783cb5f07b3fbcfe0dcf27599d2d39d261fd4e93cf0d53dc279adb93e51079f2e624ec3bed03039fd1401efcfc458c17bc2a7594699e9e432eb221aa2cac5/stock_lhb_sina.py)
175. switch.py (path: /syssec-nas0/pyc-research/compiled_evaluation_targets/usenix_test_set/python-3.11/ce43e8a447d78d482673350181c6925795857e1e3f483529026550d52c3248a4493bb9cce2e1ec350c133875f8891f543aab59888297f109a3b6bb1ca484d43a/switch.py)
176. system_info.py (path: /syssec-nas0/pyc-research/compiled_evaluation_targets/usenix_test_set/python-3.11/5af58f5fa20c6c6dcb4dd4873aec454acf5b5bb0ccd76dd416aed46c078e99ee95dab91bd3512b35b558bea078d1458b618d7a32e8eac712f53e9c9e86890d3e/system_info.py)
177. sysutils.py (path: /syssec-nas0/pyc-research/compiled_evaluation_targets/usenix_test_set/python-3.11/5e162ea864128d8222bb7d5f9e56723c7f81d4818d1a954272419f58b77f533264a968144bf2c4f7d37a429feccacf3e5c72f426d899f7e9fc73612f7757f302/sysutils.py)
178. task_base_model.py (path: /syssec-nas0/pyc-research/compiled_evaluation_targets/usenix_test_set/python-3.11/3307d26213e4317bebc32410f9a048bc5ba10d27fb56933d22ef64131dfa255ae1508643bac6a517b26e31850d157117c9e96eb50546d1fd3c7600e1eae7ce69/task_base_model.py)
179. test_app.py (path: /syssec-nas0/pyc-research/compiled_evaluation_targets/usenix_test_set/python-3.11/a1d4077d542628b80d6e72199245104d83f0955819c870134a0e9028ecb0d89a24fa881c2f4a8f026e550683069b20b28a9169ae30e92ec60a67620595f1a848/test_app.py)
180. test_export_fits.py (path: /syssec-nas0/pyc-research/compiled_evaluation_targets/usenix_test_set/python-3.11/8fabca408a89ef4a716d7f42fde67c3b56dbbe735424fa7e1ef59ba4dc20e8500026e92fde6f352940a8c7d7618ea121e5297f2866d70c3249dee82245b23c60/test_export_fits.py)
181. test_misc.py (path: /syssec-nas0/pyc-research/compiled_evaluation_targets/usenix_test_set/python-3.11/4fd8062ca760560c7deb84d4b478cd74449cd92c29ec71531d6cb8d307245adfac929d0f2ac463dbe0cb7f4c7039e3ca84ab5637dc31d8e7648634f642350913/test_misc.py)
182. test_session_controller.py (path: /syssec-nas0/pyc-research/compiled_evaluation_targets/usenix_test_set/python-3.11/b7cf636c01a6db8eaa8d68ee32bd72af709b74372b9d254653fc0b7c884eb78338b8f641fdbd8edc2c6a4364c7d2f24c11972f0ecfac418b8004662d40a55a1e/test_session_controller.py)
183. test_stata.py (path: /syssec-nas0/pyc-research/compiled_evaluation_targets/usenix_test_set/python-3.11/45a5c3713460f9c2a0c0547ae2ba035aca9f6c28111877390a9f9f7549fd9fc920021d731cc861533bc0d886a8584714908b7fb62b0740411ccd3654d05c375d/test_stata.py)
184. texturecompress.py (path: /syssec-nas0/pyc-research/compiled_evaluation_targets/usenix_test_set/python-3.11/cb54c857afc213b06ada9a573541cf63913cc7672a72a992ffe40bd724a610ea3fa8fb22c9facb5816ed8acab9c5723251bc817d961bc99bc0e2941f1630e1c2/texturecompress.py)
185. time_stats_generator.py (path: /syssec-nas0/pyc-research/compiled_evaluation_targets/usenix_test_set/python-3.11/e305fecede7a4b76550995209751b7b9a9c650b022f2b5bbbe902fa68d20418583f5f52a16df8e848634d0df3ebd1b394974cbdc6bacc78da6da07871069adcb/time_stats_generator.py)
186. tools.py (path: /syssec-nas0/pyc-research/compiled_evaluation_targets/usenix_test_set/python-3.11/14920d907cd7c08763023fe6ab3b9840dad434322919ed3fc0e435f406014a05db6fc80f4a147e7ea6ff21f0ed03a7e1a366f375b913cfbc88271e2a048c7e42/tools.py)
187. tracked_thread.py (path: /syssec-nas0/pyc-research/compiled_evaluation_targets/usenix_test_set/python-3.11/759ac99e27475c933cf685b0a66d632ef13b9a5c18c0cb9b432232b66ddf106c2e151f2071e19056398a2e147bb78f903245f484b60aaba0aaf52bdb0f4faa88/tracked_thread.py)
188. tracking_async_web_channel.py (path: /syssec-nas0/pyc-research/compiled_evaluation_targets/usenix_test_set/python-3.11/6b471bbbc6f9d56084d19aee4fbfa1913b6e43135a1713abff8776197c14e6f4451c518c492acdaf73d745340adeb1674d53c0d9c50859f100a86562619fa67b/tracking_async_web_channel.py)
189. transform.py (path: /syssec-nas0/pyc-research/compiled_evaluation_targets/usenix_test_set/python-3.11/7bf250992e72d9739c20ece85d6f33f0f11151263c9b63565bbf40e86670388cc0649f7e1e8c69b19e8efca7551921b7f60c1e26998282f37aa81ace6dbb00d4/transform.py)
190. tui.py (path: /syssec-nas0/pyc-research/compiled_evaluation_targets/usenix_test_set/python-3.11/5e7552039d58a8ea0ed28f29b52ab65627ce9a3530bb41b8dc20ebd8dd85b079968c33e217e192a2a9ff3e264e048b2505380b7bb50531a734e7876600abe279/tui.py)
191. tunnel.py (path: /syssec-nas0/pyc-research/compiled_evaluation_targets/usenix_test_set/python-3.11/5e0bae32c002f88ce7523e688bb5f69e24aacf981757bd57a3b545f6298e9d751092960c44eb2fd2087ddbdd4aaae2f54bfc13ef12d6b22fe57e3543d7d9d1d9/tunnel.py)
192. unfuddle.py (path: /syssec-nas0/pyc-research/compiled_evaluation_targets/usenix_test_set/python-3.11/85ba58e4e5c299dd1aa75e011df101af8c02cbc5095adcb21093f4caf488fb7d93b4d2772e82e0bdf335abfe2e265ade5daf99c9a23f2a8ec14cc0d60e5d187c/unfuddle.py)
193. universe.py (path: /syssec-nas0/pyc-research/compiled_evaluation_targets/usenix_test_set/python-3.11/06ab004839a2e1dd31a7e6cf420a07de4e2d3d619345e9ba7291b0d9739123e5ec600fad145f7a912d6e4a1e1caa2aa12a284f88e256cfb52ff3fe8ed6cfabab/universe.py)
194. upload_file_service [2022.8.26].py (path: /syssec-nas0/pyc-research/compiled_evaluation_targets/usenix_test_set/python-3.11/88935e3ec53dc58592912b43cd90553431353a33811a1434a10eb772704b8f03829c1517e384ea68c12db8ba168db719ed7f225cc54d27f489d2bbd68eac2aa6/upload_file_service [2022.8.26].py)
195. util.py (path: /syssec-nas0/pyc-research/compiled_evaluation_targets/usenix_test_set/python-3.11/173664a641938d81ad2214de37929d6ce75c82e22c585f7457e1c974950d64d8732b1935d0cf5505f248ad7dd6124e1e48a09fce4a87ca0cb655bf37b9bda984/util.py)
196. utils.py (path: /syssec-nas0/pyc-research/compiled_evaluation_targets/usenix_test_set/python-3.11/1b3a452dd92080f02b2e45554c837eb9307cde04636e6fb5ed67635036d398b05c81b741ebea817e497a0afe60f9483303a56aba8f18c088eec8cba5b49b15e0/utils.py)
197. utils.py (path: /syssec-nas0/pyc-research/compiled_evaluation_targets/usenix_test_set/python-3.11/2b127d1e5201a4fdfd1f5b62874303220ddb1770de1cfed0f3096f86475b1d1d7700419f6e430bd561a6f0b674dfdb1edeac0542a0884c024ed2342df0d13a1c/utils.py)
198. utils.py (path: /syssec-nas0/pyc-research/compiled_evaluation_targets/usenix_test_set/python-3.11/5e795d8ce4b5f17f9192977a1406545897247da0a4ecb4da4144674e38a6e32b9ec0e61def1a3f003314512407c694b25612e6e0e84e562256961aceb0a40dc5/utils.py)
199. utils.py (path: /syssec-nas0/pyc-research/compiled_evaluation_targets/usenix_test_set/python-3.11/a201699110d6e06b5c3fcc2f3c12db9180f842409ac99d03286642835aef0dc6f101cfd4101f04a0b1588eed2ccb77105142ae46e9e99bf410816f555ab11190/utils.py)
200. uxf.py (path: /syssec-nas0/pyc-research/compiled_evaluation_targets/usenix_test_set/python-3.11/dd6d8948f22c10ddc76338271f084b5ffbdf8dd7542f34534f3b5a5c6d2c0d55a81047eb74662a0156c2d5ef62d8ed75579520376540dc5200a1f07b40ffc2c8/uxf.py)
201. values.py (path: /syssec-nas0/pyc-research/compiled_evaluation_targets/usenix_test_set/python-3.11/86e34de67958450d591321f631587a1d6004642b4a14d9699615cfdf65332f00bcdd295d7fab7c67c77515e9762b3cac0f986166026b72f1fc2e8c44373761f7/values.py)
202. versioneer.py (path: /syssec-nas0/pyc-research/compiled_evaluation_targets/usenix_test_set/python-3.11/ec69e9b826eecbe23b5697426f42e4c6419f61f32942421e2969615b6b8262bfd55cad108e905dde15c33c3045b91648ba22ce09c44efb2d7b73dd404c2d2bfc/versioneer.py)
203. video_reader.py (path: /syssec-nas0/pyc-research/compiled_evaluation_targets/usenix_test_set/python-3.11/dfff6f08815f3a1d602e46a250104653c7a9beba7cf59828a452b88f536f97578da238fd3d05376d4ba6ff778830ee83c3d077c9a9ffcf7f7578942ff4ab62ce/video_reader.py)
204. views.py (path: /syssec-nas0/pyc-research/compiled_evaluation_targets/usenix_test_set/python-3.11/3fd06313ca4411e2f3c6579ae9bd3400443ca6646b50d7ba00f40a816c7a3443bd40b49bc7d892311306a99a9400c125698aed23b6ae7cba5ec56220b5f567e3/views.py)
205. views.py (path: /syssec-nas0/pyc-research/compiled_evaluation_targets/usenix_test_set/python-3.11/810104722d80b0367b9d53f14960dd72760905530fe03f6c65cc34b4f52a655e5bcfdc9378f8ba43d27064d4dfef81ed5adc181824e55f08a7063a239036f40b/views.py)
206. websocket_server.py (path: /syssec-nas0/pyc-research/compiled_evaluation_targets/usenix_test_set/python-3.11/db9f9f6fb6104de111fdc0a42a17918f115fe92e1c95d6bad8834e628c3c036a11e9d5b27b5babb05e3a80379974070b42ca9f7bf35501494930f41b6386ba98/websocket_server.py)
207. windowDevelop.py (path: /syssec-nas0/pyc-research/compiled_evaluation_targets/usenix_test_set/python-3.11/65fac04376a5536ac05dee58f464be1b78350155dac1b0cef08748109c2f62d27c60e14443f4eef3a5d12006f7e88c081f59ca62e43acc32ad86d2a3b9d24f33/windowDevelop.py)
208. worker.py (path: /syssec-nas0/pyc-research/compiled_evaluation_targets/usenix_test_set/python-3.11/e84a69c47764277f34a796f49176063f5af05ad22b5fdfcb951d88edbeb80507f6004d1af380b23d4cde96ed87d8024cf352e1f0f12f4e38b5e19de2749a5f0f/worker.py)
209. zone_record_api.py (path: /syssec-nas0/pyc-research/compiled_evaluation_targets/usenix_test_set/python-3.11/229ed2d0657a96e40250b3e05b7e91e29d99ecd5855c4a6f685dba13fa72770a78fb1a6ae5c1a011c98c8e3001467fe7832437111aca935352901e261f2b67c5/zone_record_api.py)
210. zylaalignpanel.py (path: /syssec-nas0/pyc-research/compiled_evaluation_targets/usenix_test_set/python-3.11/7ca0a5e84178573c50af2b5cbce325128cff0dc98fc60c5749fb3ca45560b1fd99644993186f9b25a8033861d9cd5937d89b3dd35d5d532b6e5ece997c10a6ba/zylaalignpanel.py)

Reconstruction Failures:
1. 10939-normalized.py (path: /syssec-nas0/pyc-research/compiled_evaluation_targets/usenix_test_set/python-3.11/10939/10939-normalized.py)
2. 12134-normalized.py (path: /syssec-nas0/pyc-research/compiled_evaluation_targets/usenix_test_set/python-3.11/12134/12134-normalized.py)
3. 1255-normalized.py (path: /syssec-nas0/pyc-research/compiled_evaluation_targets/usenix_test_set/python-3.11/1255/1255-normalized.py)
4. 12811-normalized.py (path: /syssec-nas0/pyc-research/compiled_evaluation_targets/usenix_test_set/python-3.11/12811/12811-normalized.py)
5. 1340-normalized.py (path: /syssec-nas0/pyc-research/compiled_evaluation_targets/usenix_test_set/python-3.11/1340/1340-normalized.py)
6. 1352-normalized.py (path: /syssec-nas0/pyc-research/compiled_evaluation_targets/usenix_test_set/python-3.11/1352/1352-normalized.py)
7. 1460-normalized.py (path: /syssec-nas0/pyc-research/compiled_evaluation_targets/usenix_test_set/python-3.11/1460/1460-normalized.py)
8. 14737-normalized.py (path: /syssec-nas0/pyc-research/compiled_evaluation_targets/usenix_test_set/python-3.11/14737/14737-normalized.py)
9. 15028-normalized.py (path: /syssec-nas0/pyc-research/compiled_evaluation_targets/usenix_test_set/python-3.11/15028/15028-normalized.py)
10. 15117-normalized.py (path: /syssec-nas0/pyc-research/compiled_evaluation_targets/usenix_test_set/python-3.11/15117/15117-normalized.py)
11. 16035-normalized.py (path: /syssec-nas0/pyc-research/compiled_evaluation_targets/usenix_test_set/python-3.11/16035/16035-normalized.py)
12. 16120-normalized.py (path: /syssec-nas0/pyc-research/compiled_evaluation_targets/usenix_test_set/python-3.11/16120/16120-normalized.py)
13. 16800-normalized.py (path: /syssec-nas0/pyc-research/compiled_evaluation_targets/usenix_test_set/python-3.11/16800/16800-normalized.py)
14. 17041-normalized.py (path: /syssec-nas0/pyc-research/compiled_evaluation_targets/usenix_test_set/python-3.11/17041/17041-normalized.py)
15. 17317-normalized.py (path: /syssec-nas0/pyc-research/compiled_evaluation_targets/usenix_test_set/python-3.11/17317/17317-normalized.py)
16. 1735-normalized.py (path: /syssec-nas0/pyc-research/compiled_evaluation_targets/usenix_test_set/python-3.11/1735/1735-normalized.py)
17. 17376-normalized.py (path: /syssec-nas0/pyc-research/compiled_evaluation_targets/usenix_test_set/python-3.11/17376/17376-normalized.py)
18. 18984-normalized.py (path: /syssec-nas0/pyc-research/compiled_evaluation_targets/usenix_test_set/python-3.11/18984/18984-normalized.py)
19. 19581-normalized.py (path: /syssec-nas0/pyc-research/compiled_evaluation_targets/usenix_test_set/python-3.11/19581/19581-normalized.py)
20. 20111-normalized.py (path: /syssec-nas0/pyc-research/compiled_evaluation_targets/usenix_test_set/python-3.11/20111/20111-normalized.py)
21. 20140-normalized.py (path: /syssec-nas0/pyc-research/compiled_evaluation_targets/usenix_test_set/python-3.11/20140/20140-normalized.py)
22. 20267-normalized.py (path: /syssec-nas0/pyc-research/compiled_evaluation_targets/usenix_test_set/python-3.11/20267/20267-normalized.py)
23. 21100-normalized.py (path: /syssec-nas0/pyc-research/compiled_evaluation_targets/usenix_test_set/python-3.11/21100/21100-normalized.py)
24. 21623-normalized.py (path: /syssec-nas0/pyc-research/compiled_evaluation_targets/usenix_test_set/python-3.11/21623/21623-normalized.py)
25. 21627-normalized.py (path: /syssec-nas0/pyc-research/compiled_evaluation_targets/usenix_test_set/python-3.11/21627/21627-normalized.py)
26. 21984-normalized.py (path: /syssec-nas0/pyc-research/compiled_evaluation_targets/usenix_test_set/python-3.11/21984/21984-normalized.py)
27. 277-normalized.py (path: /syssec-nas0/pyc-research/compiled_evaluation_targets/usenix_test_set/python-3.11/277/277-normalized.py)
28. 4499-normalized.py (path: /syssec-nas0/pyc-research/compiled_evaluation_targets/usenix_test_set/python-3.11/4499/4499-normalized.py)
29. 6561-normalized.py (path: /syssec-nas0/pyc-research/compiled_evaluation_targets/usenix_test_set/python-3.11/6561/6561-normalized.py)
30. 6640-normalized.py (path: /syssec-nas0/pyc-research/compiled_evaluation_targets/usenix_test_set/python-3.11/6640/6640-normalized.py)
31. 6937-normalized.py (path: /syssec-nas0/pyc-research/compiled_evaluation_targets/usenix_test_set/python-3.11/6937/6937-normalized.py)
32. 7096-normalized.py (path: /syssec-nas0/pyc-research/compiled_evaluation_targets/usenix_test_set/python-3.11/7096/7096-normalized.py)
33. 7368-normalized.py (path: /syssec-nas0/pyc-research/compiled_evaluation_targets/usenix_test_set/python-3.11/7368/7368-normalized.py)
34. 7865-normalized.py (path: /syssec-nas0/pyc-research/compiled_evaluation_targets/usenix_test_set/python-3.11/7865/7865-normalized.py)
35. 8155-normalized.py (path: /syssec-nas0/pyc-research/compiled_evaluation_targets/usenix_test_set/python-3.11/8155/8155-normalized.py)
36. 925-normalized.py (path: /syssec-nas0/pyc-research/compiled_evaluation_targets/usenix_test_set/python-3.11/925/925-normalized.py)
37. History.py (path: /syssec-nas0/pyc-research/compiled_evaluation_targets/usenix_test_set/python-3.11/13b8cb14ce707c439c4244b014ed15d022c38b2406176984ea46ef08d2454842f001122d7ff6a3a3c5f52d1e1b1614885366cd3e8153589c97f43056b3747fd1/History.py)
38. LogicOfflineJobFakeBroker.py (path: /syssec-nas0/pyc-research/compiled_evaluation_targets/usenix_test_set/python-3.11/77928dbf85509050a834af1c46270cf4c92786efe338dfdf5f8e95a11260ac6468db2ed004b375bcee30fead1fe3bc718ff2a39b961e94f179a36ddff253a308/LogicOfflineJobFakeBroker.py)
39. OHConverter.py (path: /syssec-nas0/pyc-research/compiled_evaluation_targets/usenix_test_set/python-3.11/23fc751af17263629094a44cccce24942e6bd1373ef7b3fe084b6ffe15987a10c7a5082c8ce7a50342a06722b2a9a7fb24380160ad59d521e553e9967b3535f2/OHConverter.py)
40. PubChemFingerprints.py (path: /syssec-nas0/pyc-research/compiled_evaluation_targets/usenix_test_set/python-3.11/8e4718893a30ad3f7eafbec10c6fcd9c7ce71c78e0190933e05894beb22dbc4f707722095ae0e690d9b06751eec383285c75c5e8d6566389cf9753a3dc2daa39/PubChemFingerprints.py)
41. RET506.py (path: /syssec-nas0/pyc-research/compiled_evaluation_targets/usenix_test_set/python-3.11/cb2fc17a7d73f974fce7b2bc9687b5b2e9c9e520fb43e7c67d50f5cd4e8bc335114bfe90f36fba2730a5b12acc7bee7c819768cbfd0b94379e320b4009973d88/RET506.py)
42. Service.py (path: /syssec-nas0/pyc-research/compiled_evaluation_targets/usenix_test_set/python-3.11/928e6c3d406b699bba6f7d4f1fa0611af093251b6983d250b37f8b92ff1e6114723bc3295389b311444398b93d8e4f644904766fb9845d6c3e4d9e3a69fa7b96/Service.py)
43. SharedClassNameHandler.py (path: /syssec-nas0/pyc-research/compiled_evaluation_targets/usenix_test_set/python-3.11/80b4ac8699da09e9a43ef5d017c089f021aa1049dfc3a5a5b57591cfd5948394aa387e180aaf0845a7d9c309576b47e6ba0fb9578ed505a283791417d4c5334c/SharedClassNameHandler.py)
44. Utility.py (path: /syssec-nas0/pyc-research/compiled_evaluation_targets/usenix_test_set/python-3.11/0931ff8871d5102275e13c7fa4e6862c4beb1f833a1fc3ccb8853e332365dcc61ccafb29665fc97afa34cd92d1206bbf39a601fd7c697079f13d4ebce703d9d7/Utility.py)
45. _tecplot.py (path: /syssec-nas0/pyc-research/compiled_evaluation_targets/usenix_test_set/python-3.11/daa808fea7126e59be15232f00cd2be3503b9b4e29846cd31686949888c3b67ee95988d445c781d9c1cbffefd4007a2b4f18e755cdbb54da4492e72c2c994766/_tecplot.py)
46. base_resource_value_check.py (path: /syssec-nas0/pyc-research/compiled_evaluation_targets/usenix_test_set/python-3.11/a1ce56d2f7fac1d19e84d45b710b9942638ade0a80220017f7b90d61a65bc47538620a76b212e5bd0c46e3b37a51c8161e3d3a2d56c2973cbb3f79fe882e807d/base_resource_value_check.py)
47. base_test.py (path: /syssec-nas0/pyc-research/compiled_evaluation_targets/usenix_test_set/python-3.11/31b84b10f1e2c1d7c33ad5302ede1556b691b16d3b1f647596bf2f477ea3b2466b048daa9fbbab30a391c79624ba8d65ca7447efc00f3d5474c7696458fb4980/base_test.py)
48. bezier.py (path: /syssec-nas0/pyc-research/compiled_evaluation_targets/usenix_test_set/python-3.11/7b1400a6460c531bdfc7a0ae0bc5729896e5f191f499c002eaefdbe6cd39167dd4f0df909f4b1484a1afc631a69cdddb94d0197659a154d0670cbe5250efda08/bezier.py)
49. bitstamp.py (path: /syssec-nas0/pyc-research/compiled_evaluation_targets/usenix_test_set/python-3.11/3747e3daadaa1940627048915cfa861a2d27476abf1d7ea34421d27fa861b4b85ea403c90e18332673589558523f762200d0d0ae6af7ab9dcef3b633dcc0b17e/bitstamp.py)
50. bitwarden_mod.py (path: /syssec-nas0/pyc-research/compiled_evaluation_targets/usenix_test_set/python-3.11/5e938952cedef5198f20ec73cc50cfa9d1ce107a9999dff04e4892ad690368d1a64f72863ea016b3d76277cf34734c942a69c3319af51ee64ad0a13dba91a13f/bitwarden_mod.py)
51. build_tracker.py (path: /syssec-nas0/pyc-research/compiled_evaluation_targets/usenix_test_set/python-3.11/5115847d368b223bd927eb62852aa5076c6616290c845016f0a1a9be890b4111873fc699ae3589d0ebe2b47859653c529f4c72fcc5e8b34a4cead7c40e927189/build_tracker.py)
52. build_tracker.py (path: /syssec-nas0/pyc-research/compiled_evaluation_targets/usenix_test_set/python-3.11/55375049be521005e898649efda0e3f8d8a821160644b25eefd0e42c17028eccee76917de135a0059896ced0de4bf4d68cce42e0adcd1b8910bf05f143923142/build_tracker.py)
53. cache.py (path: /syssec-nas0/pyc-research/compiled_evaluation_targets/usenix_test_set/python-3.11/a67c49030ac038ffcc65765bff78c774cd4c7736de936c3984bb5a294435449a0e772a2f0292546ab764e72c809fb87078bf20ecb5af626f382031e0eeab7659/cache.py)
54. case.py (path: /syssec-nas0/pyc-research/compiled_evaluation_targets/usenix_test_set/python-3.11/4cf1f7aba324aa0b14ac982a64b415d45039253858665b9794e798b7891266634bd8fb41aefbd80f09e7d2af1bf2cec61b2c084299195fc5af67d120c153badb/case.py)
55. chain.py (path: /syssec-nas0/pyc-research/compiled_evaluation_targets/usenix_test_set/python-3.11/36fc5f3ce4d77f845f23b65d158345a408f0210cefac81cb20bc7e1a7b9e97df313b14299076a74fcb462ac224c233052b8e4f87eb8830aa2b1020943038dc08/chain.py)
56. client.py (path: /syssec-nas0/pyc-research/compiled_evaluation_targets/usenix_test_set/python-3.11/8620392e2370c75c01b59a0c69ffd376d2e4cda1ad91e8a99cc9ce2f90ccda6c04695ae124e213a2996e4a1447e0db364bf1b3dc49322bab36d9f219cdc21956/client.py)
57. code_parser.py (path: /syssec-nas0/pyc-research/compiled_evaluation_targets/usenix_test_set/python-3.11/9ddd47cc1e10f1a824daf3bc99774025e5cf2cb4eef4809994c12f6f4a22b0dd546a34758940620ed1edef9adb846a9e154768eebc08a9b4cb85421f638e9296/code_parser.py)
58. commands.py (path: /syssec-nas0/pyc-research/compiled_evaluation_targets/usenix_test_set/python-3.11/ea338d4d8107a953ea518c99a3bdacf9b9dcc7d945154ec8d7767e7d148a75303d863f422862c9eda6fca92b45675a7dbc7bf149b2792af59839f3bf8b6d5661/commands.py)
59. connector.py (path: /syssec-nas0/pyc-research/compiled_evaluation_targets/usenix_test_set/python-3.11/2528008aeab264799b209b3596cf9682d3ec9611689e335da62937a441e6a1446281911fdb1005aeeb8b5d49b5bbf7856257ac64fe3b544697b7a405fa9d6f44/connector.py)
60. couple.py (path: /syssec-nas0/pyc-research/compiled_evaluation_targets/usenix_test_set/python-3.11/1c2e7400dab3032fd2ea847f1736fa763617f0523e3f9f71231c972a4270bedde7633be4cb5b38eb66b0c515577c98b239a1d05ca0091910b9e11c7a8396bcdb/couple.py)
61. current_thread_executor.py (path: /syssec-nas0/pyc-research/compiled_evaluation_targets/usenix_test_set/python-3.11/24704292332390a07da4ee413618bbaf845893f062376a22d2e7ad5da8232ea53f0e60e3333e47377217cce41963e45a2e58e4b7e4b497a93abb876866262fba/current_thread_executor.py)
62. data.py (path: /syssec-nas0/pyc-research/compiled_evaluation_targets/usenix_test_set/python-3.11/bbd9a57bf96727f0ea92157a0b00247a96ab090c2ebefe145b475698cdd41d0601a9ee4b6c254928098dd86f351fa5adf06d5c5bc06628739631fa63f8c1c67b/data.py)
63. debug_executor.py (path: /syssec-nas0/pyc-research/compiled_evaluation_targets/usenix_test_set/python-3.11/1c982d7cf62dd95bb8bc462006e7e2a777821a12cdb401d7b4639e0d08898fed4848eff0ea8d86c24483afa07af0a6128b93e683286da7f992918024887d59cf/debug_executor.py)
64. deephys.py (path: /syssec-nas0/pyc-research/compiled_evaluation_targets/usenix_test_set/python-3.11/3a2b3ddc588c54d1f30a22b1bc3927300690106f0c1423b7f26c7e3e473b7c96a2b9b724d734aeb4c1762735d980893c0694885ebbd76d246f96c9595551c092/deephys.py)
65. delivery_shipment.py (path: /syssec-nas0/pyc-research/compiled_evaluation_targets/usenix_test_set/python-3.11/306cfcc590c2813b9d6af74a9fd73e3a42cc8d1fa28f8087e74bcbefcab98b73a921d2385c29416b3422b1fa0417c3bab27fe2bd46f55529910f56fd61d643c2/delivery_shipment.py)
66. deteval.py (path: /syssec-nas0/pyc-research/compiled_evaluation_targets/usenix_test_set/python-3.11/f12d0f9859388171ca730bb7dcae10a1c45beca6392c00c7dc86da932041999c9e6923c31f1d2a3d77ae534e2f2403fbd887a0ee2959e56829b51f49d6a8c63c/deteval.py)
67. directconnect_connection.py (path: /syssec-nas0/pyc-research/compiled_evaluation_targets/usenix_test_set/python-3.11/ef248defc77bc827dd5b88efd1dcc22d93b0b22b3f491f1c35767c46bde2a4175a4f48be37f8c0845a2b1bafd89468f14f6f92a3336233e230fe155beb11a239/directconnect_connection.py)
68. dns_record.py (path: /syssec-nas0/pyc-research/compiled_evaluation_targets/usenix_test_set/python-3.11/f2327af97f44f0f00a3482009b9f412782ac6cdc1979a1138c33ddd938e3174d9b5bb49916ef6a79bdc799d1c2490d73d41a5d447f9f9b21265580ffdba41cf0/dns_record.py)
69. docks.py (path: /syssec-nas0/pyc-research/compiled_evaluation_targets/usenix_test_set/python-3.11/92f870ecffb356e3221d62ae250eaf05bb578eadd093817165e9ad1356dfa3c3bb39c350fd2032ae158b85b94c1798af100f4ebbf9d01116a47a60dae83ad0c3/docks.py)
70. document.py (path: /syssec-nas0/pyc-research/compiled_evaluation_targets/usenix_test_set/python-3.11/a876711910f48c1165df1ee3a426add5f343a09dc25bf1ce1ed70080fb5415f03a5f4ec353cccd073c454bf0b877aa79c02a4fe76f5d53511ce8d6cef596becf/document.py)
71. ecdf.py (path: /syssec-nas0/pyc-research/compiled_evaluation_targets/usenix_test_set/python-3.11/78cbb1efa93ae2d758d6e8a88fe029601ebf9305712c5f055f4a61b74e6608bd49ef49e409ea4d202b51c92272c3ec719ccafee4db32b801ee10e0e337cb8155/ecdf.py)
72. eraser.py (path: /syssec-nas0/pyc-research/compiled_evaluation_targets/usenix_test_set/python-3.11/28088324b722273289a171bf5d8e5a5a9a5e4d55cfed92f3c8abeb36498896cd6fed008db09bb082f69932ee7214cefcedb232402147ccd8423666a6499a921f/eraser.py)
73. events.py (path: /syssec-nas0/pyc-research/compiled_evaluation_targets/usenix_test_set/python-3.11/32da20fafeba008e3d5b73b0608d811343b6008645ebb446515adbf8f0b4f830629dd7bc310ce32934d02f08386481ba6fcbf0ed8a3ccdd267b52c643f03f3b6/events.py)
74. fns.py (path: /syssec-nas0/pyc-research/compiled_evaluation_targets/usenix_test_set/python-3.11/13c110210b211d3c1027e9fda052628eab0d8dcdfbb1012282027347049b2057de5b09a6c07767bd1d3d4feb72fe56cbf9a778ad72b011a66c050b042ac65419/fns.py)
75. groff.py (path: /syssec-nas0/pyc-research/compiled_evaluation_targets/usenix_test_set/python-3.11/023b15a94922ea615931c4f42c12fd6cc64cc9abcb7d35af3afc21d968d42a9ae418f51fd2a3016765dcb9a05ce825d7c5a51ba28261a54deae4ab7e5f0118fd/groff.py)
76. heartbeat_formatter.py (path: /syssec-nas0/pyc-research/compiled_evaluation_targets/usenix_test_set/python-3.11/2569cac6fd813b649f658abfc53e3f9eb06abc25947f65d834250d4a63a6c3c52bb83bd01e77f14363d88b0a507a34afa2d0c45662671966fb9fcbe25fa71b5c/heartbeat_formatter.py)
77. html_embed.py (path: /syssec-nas0/pyc-research/compiled_evaluation_targets/usenix_test_set/python-3.11/9a17a5d98270642bcdc7df83843bfc3c70cf64dad5bc0dcd755956873723fa289e63e3c34f677b1b2e3ce0daf53ca7c7f257954e79d05d3a53f8824dc2607310/html_embed.py)
78. imagery2Databases.py (path: /syssec-nas0/pyc-research/compiled_evaluation_targets/usenix_test_set/python-3.11/71e15faefe68341c3b62faa495c8c05fb66d86dc2feadc655b93c324638954187ffd983bdf84317d807cb92f27ea27aebb79bcd8b2c84cc8b80feb7d5b538c09/imagery2Databases.py)
79. input.py (path: /syssec-nas0/pyc-research/compiled_evaluation_targets/usenix_test_set/python-3.11/4f48007ebf96ca10c41a087e282a16fcabd4e668a1d85dd47fa5d4979b463788f22eabf524017ad5ef3167c52856dcf02a52d95cdbf76aac8c440b1176902749/input.py)
80. jaml.py (path: /syssec-nas0/pyc-research/compiled_evaluation_targets/usenix_test_set/python-3.11/257694b5f0e74171e032642d0c8bb515b76608972c7bd4767f1ff9061a3b9d5668f762e1cf50b262cd8f2eefbf974610fc997b82826ba0108b27f222c95c66d6/jaml.py)
81. job.py (path: /syssec-nas0/pyc-research/compiled_evaluation_targets/usenix_test_set/python-3.11/82eec94ca7098abfb0066b6bd225c11bb4eecd18c9f4cffd42b6f1ccafaf452005d2e1b8a85faef6d2d1c27bff26798fdca9a09b0792f3fe38c40c5fb2ef86ff/job.py)
82. keras.py (path: /syssec-nas0/pyc-research/compiled_evaluation_targets/usenix_test_set/python-3.11/7c8c1e60f94e9fceebb95b119b33914485a7c0cdb829881cfaaff7d7faaeef9b0af8a986d9afcff85be4c4009d3bf5e655a9761102f467449205aab947b1affe/keras.py)
83. keyvalues.py (path: /syssec-nas0/pyc-research/compiled_evaluation_targets/usenix_test_set/python-3.11/3e2f6916afc2d8c43cb25a6db0418a3aedb662e3566aa6f085912e3460565ee21c92a430d4f67599a4a1e2c7e4d452180eca112113ebe7048c9e642baccdbe77/keyvalues.py)
84. legacy_cell_wrappers.py (path: /syssec-nas0/pyc-research/compiled_evaluation_targets/usenix_test_set/python-3.11/6cbfb40913d204fb61d4cf9ee542c1572148e4de65785f95b4c2a89df6ecc823508bfc14b0ae2d8dea98135732d9442f551e4bd3e0c4ad6c466bf2d497e1d374/legacy_cell_wrappers.py)
85. lex_attrs.py (path: /syssec-nas0/pyc-research/compiled_evaluation_targets/usenix_test_set/python-3.11/459ec14e28556c899ee002ca5285bb361771e43295f962834ee033d6ff6e233a5d8022448be859cea9c7d033b30ac1967f95f46f33290d926e39139d6411549b/lex_attrs.py)
86. lib.py (path: /syssec-nas0/pyc-research/compiled_evaluation_targets/usenix_test_set/python-3.11/fd5686194ffcff6fc29a1d74be29e6cf119d3594bf5befd8c60fb20fd5f566dae253d57a353e45755e55cd22fa0abd29392c03764a759b587b484dded3bbabcd/lib.py)
87. library.py (path: /syssec-nas0/pyc-research/compiled_evaluation_targets/usenix_test_set/python-3.11/3260a9ff3452ac9746cfa0dde6d071167c76200ff8747b6bc253d635932fe035746b36060901764122b08f17d63f12fc590683535ab84ad721065262a13f91da/library.py)
88. local.py (path: /syssec-nas0/pyc-research/compiled_evaluation_targets/usenix_test_set/python-3.11/16baf36c42b094aeb40740736d1017a73775fdb7c2d857bc09fad246fd8adcabf85df2780c42d08789fc40a34b3ce2f1c0ec32bcdc2e9340a25aad3fdb546623/local.py)
89. logger.py (path: /syssec-nas0/pyc-research/compiled_evaluation_targets/usenix_test_set/python-3.11/9d702b853334aec7447382d42a3597b757694d047e9943dfc9584de0f4cecbd70e0441016435605e645d69001de850fe8793a88d82089665eed18e304c69fb10/logger.py)
90. logutils.py (path: /syssec-nas0/pyc-research/compiled_evaluation_targets/usenix_test_set/python-3.11/3e7985a33a9bf832150530304d7143312b903c08ffa93d0fe4b453823b7b919b158ef2d3ca885f118ae01c7dc54a595c7ff7043712534cc86b21f1e60f86e25d/logutils.py)
91. ls.py (path: /syssec-nas0/pyc-research/compiled_evaluation_targets/usenix_test_set/python-3.11/0e105bf3fac776a22e7d274e91267859a138111dbf82d1646953b3e3386f8fa55e0d1ae48c6a97e802e38572b45d13493ec4e1376274aecce14fd2c2374a7dff/ls.py)
92. md_and_sec.py (path: /syssec-nas0/pyc-research/compiled_evaluation_targets/usenix_test_set/python-3.11/35c0947e23435c5097a3552777bc2d55e55ccc4eeaf370eccbe9539fdb96cec482d8bb0fddfcc44cd92d6ae50d21ed4b018d4ec0e968c269e300a045b1e2537b/md_and_sec.py)
93. mobi_index.py (path: /syssec-nas0/pyc-research/compiled_evaluation_targets/usenix_test_set/python-3.11/07d3fd18079d225d57f7f864b6382cc4d34b99d25d73da78f55ee5397d8c59013f4592a53783c6a719d7cf885ac001681ee74df0dfb8749ba70a365977dbd67c/mobi_index.py)
94. modules.py (path: /syssec-nas0/pyc-research/compiled_evaluation_targets/usenix_test_set/python-3.11/87b4ce37abb18749fb4635c80ead9de60098a047b9689f9e192fdc88582342bc221edc4504ba645d322686a2cf048f5f2141d2c3d5b109463c8d7a2efc222bb0/modules.py)
95. moving_averages.py (path: /syssec-nas0/pyc-research/compiled_evaluation_targets/usenix_test_set/python-3.11/5e987afb11bd4ae69a5dd7f45890fb820465d5587adf04738020ab01294e8ad6102cdf281a2f7d4c61f3893341c3adfbf7c95233d522cb35b5266baee1dbf45a/moving_averages.py)
96. neo4j_helper.py (path: /syssec-nas0/pyc-research/compiled_evaluation_targets/usenix_test_set/python-3.11/66b1d338cc1b003363c6f3c85791ac64574b3817f625e0e630b2a2d78b70c9c00ac920ade08e19191145fa3ef6cf23663c2b88466ca6aa1b2fb407e81a1f998b/neo4j_helper.py)
97. normalize.py (path: /syssec-nas0/pyc-research/compiled_evaluation_targets/usenix_test_set/python-3.11/85d89f94ba163b65f36690c2fc50b7cc3bd73683756c38c38a86bb4d4ca8957e91763c2a44d437c44cfe45b43a3f9cfe9d9b59a5a489f141695ae3c251d1407c/normalize.py)
98. numba_.py (path: /syssec-nas0/pyc-research/compiled_evaluation_targets/usenix_test_set/python-3.11/155f5f35e9a1427c525c705bc9dfb50e075b378eba64d9738eaee390e35c7e68ab7cdbaa6d66f082af623e0ab1afa7c80d8a71ae82772d51602d9047ba876675/numba_.py)
99. ocr.py (path: /syssec-nas0/pyc-research/compiled_evaluation_targets/usenix_test_set/python-3.11/f304e8c9963de2601e7a283b78bc4e43c4c70ab961a743dfd02323453e0894c1a019114174972eae9d6cbd839566644b3bd9e1d0a2c2822f7782156423cbdd9c/ocr.py)
100. operator_helpers.py (path: /syssec-nas0/pyc-research/compiled_evaluation_targets/usenix_test_set/python-3.11/40e2c8a5883a3bef3c4e1852e5177ceb16bc7fd196bfed93bdd8698cde35d4ba239271089b5190f3b80be97ebf42c9e4f21e1c51de268a91254ec1882109ba76/operator_helpers.py)
101. pkfont.py (path: /syssec-nas0/pyc-research/compiled_evaluation_targets/usenix_test_set/python-3.11/3bcbd7e8376302af4aa0a0d664b6938a04821283b48aae124137ead2efa508ed6da8b5b8675977696a51701220532aed5872e5ce708df2f6932bc188dba8c8c8/pkfont.py)
102. platform.py (path: /syssec-nas0/pyc-research/compiled_evaluation_targets/usenix_test_set/python-3.11/b9abbf8bfb32a6e79a5d2214682818f8615bb9efd4ab25bb42aa1e5721bb592f232e494b3914c0a4ab94f6e94a6a764312c398ed7bfe650afd127630abd6e635/platform.py)
103. processors.py (path: /syssec-nas0/pyc-research/compiled_evaluation_targets/usenix_test_set/python-3.11/887e1e40d9eec30b7a390ba280e1d05d2fe026c02ebc4bf76a151487292c6b4bfdacf49762b8a4aaf4641c416e39598bf3cd38bfbe02fa447b6d40a253a2922f/processors.py)
104. projection.py (path: /syssec-nas0/pyc-research/compiled_evaluation_targets/usenix_test_set/python-3.11/5a2b5963f5fd20d02274dad979a35a32b0c1c2c062291e875cd540e712533043f3eed0a5d390a89f22360ca8e6372c3c29595cde6d0caa53d63bc189e61db34b/projection.py)
105. pytest_check_libs.py (path: /syssec-nas0/pyc-research/compiled_evaluation_targets/usenix_test_set/python-3.11/70f1f1cada66df9074888b4c8ea3d0cc38b3be946089ac4f32b14c26b093a0fcfc9fc7500dace6365de7c1d50308cfcad0d0cf59e7760acf1730d834ad95f15f/pytest_check_libs.py)
106. report_g_supply_virtual_bill.py (path: /syssec-nas0/pyc-research/compiled_evaluation_targets/usenix_test_set/python-3.11/e54d52ca477d9bc191d7e99f246d8e6c124df110219dfa9fb8334688288a9ad0aa0776bbb29e09ed7a47a58bf6fc9aa8649b0498b4187205d17f79da35ff2b41/report_g_supply_virtual_bill.py)
107. req_install.py (path: /syssec-nas0/pyc-research/compiled_evaluation_targets/usenix_test_set/python-3.11/3fb071e493a542ec15e107737d4f92e32cda9ee46ee5ac838eabd2c028a31bfed8b72197ed33f8cc8ea7fa2a0b262b38d86da5e4634a55168a51a44409f76bc7/req_install.py)
108. rhn_register.py (path: /syssec-nas0/pyc-research/compiled_evaluation_targets/usenix_test_set/python-3.11/37c17a3b463308f0d784166da16763b4f727415e11decc5bcc98f4134731abb14d9e38aa5962371cbfbcd7d45e2e3ecb71968a744658b3090a31fdd3316d51ac/rhn_register.py)
109. rinex2snr.py (path: /syssec-nas0/pyc-research/compiled_evaluation_targets/usenix_test_set/python-3.11/4b9b26eb954a2b10e042efd895454e7bfaacf4ea59cd4fd279d71f57fb74021775d7c81364a88339d3fbde02fa3dbbfb6d28a72ec0f1ac90716e486c3f60b1e5/rinex2snr.py)
110. roi_align_python.py (path: /syssec-nas0/pyc-research/compiled_evaluation_targets/usenix_test_set/python-3.11/ba335f7f6571c7b40d59916d66b8f4a3a77b25cdc5a9f81206968aec28241f15cc1afffd923dfd59eb626a839c432b68882d97af13bc750a5d0b1c2693f23303/roi_align_python.py)
111. rubric_list.py (path: /syssec-nas0/pyc-research/compiled_evaluation_targets/usenix_test_set/python-3.11/0e2c186d483bc03fe38a228a76d6ec80c855501f2e8e2de22d82db28415bac0e8a74596857983e2bf5e5e7c2a869e0bec25816aaa8eb913a8b77cb9d659a5563/rubric_list.py)
112. saas_connector.py (path: /syssec-nas0/pyc-research/compiled_evaluation_targets/usenix_test_set/python-3.11/30e9c160f4ff6be06fe15032e174f5cb8311bf353e066a12c5f48da6af5448c3dad6dfd78034034c03c17cf49134c4bc3099fb4fce796e73b5a8da91e8b23671/saas_connector.py)
113. scaleio.py (path: /syssec-nas0/pyc-research/compiled_evaluation_targets/usenix_test_set/python-3.11/4d07fe7c2788787c191dc6c0f3b10427dc0b48873ac5a191ce59d5fbcf908cd58faf388eef473e8aa926c36ab40b99a28c035c8ef362682eb1456369678a23e7/scaleio.py)
114. schemas.py (path: /syssec-nas0/pyc-research/compiled_evaluation_targets/usenix_test_set/python-3.11/045cf9f46846d988ada51284223e1d0d233ad2ac09fc1d0cf392d1dbc2e30d159a06b89b73f43150a5da1807588891e22fd3947981147e946a0e862617e06fea/schemas.py)
115. sensor.py (path: /syssec-nas0/pyc-research/compiled_evaluation_targets/usenix_test_set/python-3.11/ef7cb37644794c0f3b35a8c11e5d52822f7cc4f1bdef821e8f40ad1304232d686a7037ea8c3fc87e108da76eeab2ebf758fd5734f00f100f96ca4b64849afb3d/sensor.py)
116. smile.py (path: /syssec-nas0/pyc-research/compiled_evaluation_targets/usenix_test_set/python-3.11/0c9652850cb4fe233734237d6ba0abf74354ab53971d2da9aedc999b4db32564dc38d07e9e034e258a3b2ec577d82660bee76c02a3bd047f179f1534f6c6b896/smile.py)
117. sobol.py (path: /syssec-nas0/pyc-research/compiled_evaluation_targets/usenix_test_set/python-3.11/38291538b4b7da02a6e99643c67bfc94d7ce3f7ee82d4bf4b0ea69d76d0de02958ec11c6905542bbd7daf81b8ee3d4e809e745bd460d82f87f74e6b15d108160/sobol.py)
118. source_util.py (path: /syssec-nas0/pyc-research/compiled_evaluation_targets/usenix_test_set/python-3.11/f80a6267c6a80d36c4fe4057d0a453fc65f9f47bc5c517c667a9983f4baf27c034e7fc0060d4e5bb394f24ef1e173857c381c42b7ece33ecc4143c2902485525/source_util.py)
119. specifiers.py (path: /syssec-nas0/pyc-research/compiled_evaluation_targets/usenix_test_set/python-3.11/aca7458f816c47b2739570c403518e8c88385a80db7d577d185c8002d973072b6517b5a0ae15c220228b36bd0f881432f2aca23ddaa0f96f665d292ad739d320/specifiers.py)
120. static_env.py (path: /syssec-nas0/pyc-research/compiled_evaluation_targets/usenix_test_set/python-3.11/0fa7da710e6e84fca83d9e4933d0c4b1e3b2409e7c8fede389ba25747fcb5df103840fdd0ac3a3cca65936436015885de8703fb92e98b2049b7c474ce8bb2caa/static_env.py)
121. stop_on_threshold.py (path: /syssec-nas0/pyc-research/compiled_evaluation_targets/usenix_test_set/python-3.11/7fe0e2a4c385bbd70ea090e4694ad1f302c43c66fcf542c394c91493580c5e95f56b45ad7101943de369acca6287c2f6cbb288c91ddcfc1fa87f3172bd6d0ee1/stop_on_threshold.py)
122. story.py (path: /syssec-nas0/pyc-research/compiled_evaluation_targets/usenix_test_set/python-3.11/4cf31b0d60ea94e9f6b3e6446e924a16b560a2e85dce670aba2ed892971ba705f1f382e5ae1fe25fbb212f9826087f524a358040837c5817e553d73be768d2ec/story.py)
123. test_TFNetworkSigProcLayer.py (path: /syssec-nas0/pyc-research/compiled_evaluation_targets/usenix_test_set/python-3.11/162f2a7232af0a52279ccfae1749ab94041d2eba134077547d377ab53419b74ade95e304d31037be6bcef6d520a37bc953488a9b04ec399620e93f75cb7e73ac/test_TFNetworkSigProcLayer.py)
124. test_lockedh5.py (path: /syssec-nas0/pyc-research/compiled_evaluation_targets/usenix_test_set/python-3.11/f57ffd296f228db8342d316e3a6bbef651c39c0bd0a585f3e7e773f37309068d4357edf713812849de211da05f1523e3dc6f70f949c8732527a917218565f299/test_lockedh5.py)
125. test_paragraph_classification.py (path: /syssec-nas0/pyc-research/compiled_evaluation_targets/usenix_test_set/python-3.11/caebd3c9d94768b108c0caa360745d3a0816ed8958586bd7b781c294fe632355b8d099b4810d206c700c188d2ee8eed0efe284151e14ce37799565353bb51517/test_paragraph_classification.py)
126. test_parser_mtd.py (path: /syssec-nas0/pyc-research/compiled_evaluation_targets/usenix_test_set/python-3.11/55d1c5b8ecb83535c3ab4dd3192e8ffabe8725f275e090334785542fd1865733d86c5ca458af516659cb24b02e4ee8e9074eae97d3f1d9c706fe7544af070450/test_parser_mtd.py)
127. test_readlines.py (path: /syssec-nas0/pyc-research/compiled_evaluation_targets/usenix_test_set/python-3.11/db32d74af8c649ab73db09bd3994d61db0632b509f186cffa919b1add3354fab933325253fcd47b8dac628253c1416bbb10ae1fc1eef6b0baba0a62774461a4c/test_readlines.py)
128. tf_decorator.py (path: /syssec-nas0/pyc-research/compiled_evaluation_targets/usenix_test_set/python-3.11/254c689ac47da6c3f3cb3866791e1ef398c610a944010f95afe45b1d3dca168bb5b790a1dd450fb5420ace468b65d0c2e1ec7e405472d869c8210304eef609c7/tf_decorator.py)
129. tokenizer.py (path: /syssec-nas0/pyc-research/compiled_evaluation_targets/usenix_test_set/python-3.11/12ce9242a1055a6b5a0c042e5efa554829d399194e4050148d88b585fb1f8f23e6828f65258e411e13ed10a33194b44edc23bd2889c493a6e86bfc60a8240eb0/tokenizer.py)
130. unique.py (path: /syssec-nas0/pyc-research/compiled_evaluation_targets/usenix_test_set/python-3.11/888296b66c3c76742025cc9bca8ea3dd33e1262d8bb93fe9e0c18c06ccc36ad529dcc22f48109736a482e6074d38a6a5a26435f9135af715985983c28b240e40/unique.py)
131. unitofwork.py (path: /syssec-nas0/pyc-research/compiled_evaluation_targets/usenix_test_set/python-3.11/55a8e022808f0fcb58f0882f0c739bbce3156bfb5b9f53f7ce4038a6f84216347f581f6e22562457faded992533475621a345aa7c0ac49bca3667b1651c68989/unitofwork.py)
132. util.py (path: /syssec-nas0/pyc-research/compiled_evaluation_targets/usenix_test_set/python-3.11/afd87882e5a6e9253a2fb57e4be76ee1f1cdc2cba28c76551f7ad6719c9fdd888d66a2940a2d3a0128dc91d88ac21928df34504500fd711aa4b86cf83d7db5d4/util.py)
133. utils.py (path: /syssec-nas0/pyc-research/compiled_evaluation_targets/usenix_test_set/python-3.11/1527730a6740d076746560df2b16254899131725c4bcdd88f9e1c71c227ecba13d9f950d5dc501736da4cd8d770dd5c6667ea5ab76d999afd110cab29c8b311b/utils.py)
134. visitor.py (path: /syssec-nas0/pyc-research/compiled_evaluation_targets/usenix_test_set/python-3.11/b92518b58ae6b57ca18b35cafb2ae849f33f78fa71e2cdb15bc377ef29502eeb193920d66a0dd4fd6ba5111910ed14359761dcfc8bae281af0aca2875f632980/visitor.py)
135. yinsuda_client.py (path: /syssec-nas0/pyc-research/compiled_evaluation_targets/usenix_test_set/python-3.11/868e19f22bcb7f2bdae17442a8c8f1bbaf2eb2a0ccdc416ec0db096c200fdb2e8775d0a7cf1c9d46a690c0103f02f831ec664be3c182d61e3e0b01d5a9b6dd37/yinsuda_client.py)
136. yizhibo_facepp_compare.py (path: /syssec-nas0/pyc-research/compiled_evaluation_targets/usenix_test_set/python-3.11/49a0a745baccf20c88042529f9ebe4895a5af4dddb6459aca37dfe5b5990524caf929625bc3839d5557f092f189d487627d994aab65a90fcb5b827791e4841a7/yizhibo_facepp_compare.py)
