Total files processed: 4295
Success: 3924 (91.4%)
Total failures: 371 (8.6%)
  - Reconstruction failures: 166
  - Compile errors: 202
  - Runtime errors: 3

=== All Failed Files (Sorted) ===
1. 0056_auto_20200916_0959.py [RECONSTRUCTION FAILURE] (path: /syssec-nas0/pyc-research/compiled_evaluation_targets/usenix_test_set/python-3.12/7399ac2c23c2bf38e0a84f47226ccca048827eb4f15283b5ea902d1bfbe5ebc550b4be0789b22c05af6693165d2e2445322b7911786fff16c7f9654032745f9d/0056_auto_20200916_0959.py)
2. 10067-normalized.py [RECONSTRUCTION FAILURE] (path: /syssec-nas0/pyc-research/compiled_evaluation_targets/usenix_test_set/python-3.12/10067/10067-normalized.py)
3. 10717-normalized.py [COMPILE ERROR] (path: /syssec-nas0/pyc-research/compiled_evaluation_targets/usenix_test_set/python-3.12/10717/10717-normalized.py)
4. 10822-normalized.py [COMPILE ERROR] (path: /syssec-nas0/pyc-research/compiled_evaluation_targets/usenix_test_set/python-3.12/10822/10822-normalized.py)
5. 1191-normalized.py [RECONSTRUCTION FAILURE] (path: /syssec-nas0/pyc-research/compiled_evaluation_targets/usenix_test_set/python-3.12/1191/1191-normalized.py)
6. 12082-normalized.py [COMPILE ERROR] (path: /syssec-nas0/pyc-research/compiled_evaluation_targets/usenix_test_set/python-3.12/12082/12082-normalized.py)
7. 12134-normalized.py [RECONSTRUCTION FAILURE] (path: /syssec-nas0/pyc-research/compiled_evaluation_targets/usenix_test_set/python-3.12/12134/12134-normalized.py)
8. 12181-normalized.py [COMPILE ERROR] (path: /syssec-nas0/pyc-research/compiled_evaluation_targets/usenix_test_set/python-3.12/12181/12181-normalized.py)
9. 12304-normalized.py [COMPILE ERROR] (path: /syssec-nas0/pyc-research/compiled_evaluation_targets/usenix_test_set/python-3.12/12304/12304-normalized.py)
10. 12308-normalized.py [RECONSTRUCTION FAILURE] (path: /syssec-nas0/pyc-research/compiled_evaluation_targets/usenix_test_set/python-3.12/12308/12308-normalized.py)
11. 12332-normalized.py [RECONSTRUCTION FAILURE] (path: /syssec-nas0/pyc-research/compiled_evaluation_targets/usenix_test_set/python-3.12/12332/12332-normalized.py)
12. 12489-normalized.py [RECONSTRUCTION FAILURE] (path: /syssec-nas0/pyc-research/compiled_evaluation_targets/usenix_test_set/python-3.12/12489/12489-normalized.py)
13. 12495-normalized.py [COMPILE ERROR] (path: /syssec-nas0/pyc-research/compiled_evaluation_targets/usenix_test_set/python-3.12/12495/12495-normalized.py)
14. 12506-normalized.py [COMPILE ERROR] (path: /syssec-nas0/pyc-research/compiled_evaluation_targets/usenix_test_set/python-3.12/12506/12506-normalized.py)
15. 12509-normalized.py [COMPILE ERROR] (path: /syssec-nas0/pyc-research/compiled_evaluation_targets/usenix_test_set/python-3.12/12509/12509-normalized.py)
16. 12641-normalized.py [COMPILE ERROR] (path: /syssec-nas0/pyc-research/compiled_evaluation_targets/usenix_test_set/python-3.12/12641/12641-normalized.py)
17. 12678-normalized.py [COMPILE ERROR] (path: /syssec-nas0/pyc-research/compiled_evaluation_targets/usenix_test_set/python-3.12/12678/12678-normalized.py)
18. 12911-normalized.py [COMPILE ERROR] (path: /syssec-nas0/pyc-research/compiled_evaluation_targets/usenix_test_set/python-3.12/12911/12911-normalized.py)
19. 13253-normalized.py [RECONSTRUCTION FAILURE] (path: /syssec-nas0/pyc-research/compiled_evaluation_targets/usenix_test_set/python-3.12/13253/13253-normalized.py)
20. 1340-normalized.py [RECONSTRUCTION FAILURE] (path: /syssec-nas0/pyc-research/compiled_evaluation_targets/usenix_test_set/python-3.12/1340/1340-normalized.py)
21. 1352-normalized.py [RECONSTRUCTION FAILURE] (path: /syssec-nas0/pyc-research/compiled_evaluation_targets/usenix_test_set/python-3.12/1352/1352-normalized.py)
22. 14056-normalized.py [COMPILE ERROR] (path: /syssec-nas0/pyc-research/compiled_evaluation_targets/usenix_test_set/python-3.12/14056/14056-normalized.py)
23. 1460-normalized.py [RECONSTRUCTION FAILURE] (path: /syssec-nas0/pyc-research/compiled_evaluation_targets/usenix_test_set/python-3.12/1460/1460-normalized.py)
24. 15016-normalized.py [COMPILE ERROR] (path: /syssec-nas0/pyc-research/compiled_evaluation_targets/usenix_test_set/python-3.12/15016/15016-normalized.py)
25. 15028-normalized.py [RECONSTRUCTION FAILURE] (path: /syssec-nas0/pyc-research/compiled_evaluation_targets/usenix_test_set/python-3.12/15028/15028-normalized.py)
26. 15117-normalized.py [RECONSTRUCTION FAILURE] (path: /syssec-nas0/pyc-research/compiled_evaluation_targets/usenix_test_set/python-3.12/15117/15117-normalized.py)
27. 15172-normalized.py [COMPILE ERROR] (path: /syssec-nas0/pyc-research/compiled_evaluation_targets/usenix_test_set/python-3.12/15172/15172-normalized.py)
28. 15218-normalized.py [COMPILE ERROR] (path: /syssec-nas0/pyc-research/compiled_evaluation_targets/usenix_test_set/python-3.12/15218/15218-normalized.py)
29. 15325-normalized.py [COMPILE ERROR] (path: /syssec-nas0/pyc-research/compiled_evaluation_targets/usenix_test_set/python-3.12/15325/15325-normalized.py)
30. 15397-normalized.py [COMPILE ERROR] (path: /syssec-nas0/pyc-research/compiled_evaluation_targets/usenix_test_set/python-3.12/15397/15397-normalized.py)
31. 15409-normalized.py [RECONSTRUCTION FAILURE] (path: /syssec-nas0/pyc-research/compiled_evaluation_targets/usenix_test_set/python-3.12/15409/15409-normalized.py)
32. 16035-normalized.py [RECONSTRUCTION FAILURE] (path: /syssec-nas0/pyc-research/compiled_evaluation_targets/usenix_test_set/python-3.12/16035/16035-normalized.py)
33. 16056-normalized.py [RECONSTRUCTION FAILURE] (path: /syssec-nas0/pyc-research/compiled_evaluation_targets/usenix_test_set/python-3.12/16056/16056-normalized.py)
34. 16104-normalized.py [COMPILE ERROR] (path: /syssec-nas0/pyc-research/compiled_evaluation_targets/usenix_test_set/python-3.12/16104/16104-normalized.py)
35. 16120-normalized.py [RECONSTRUCTION FAILURE] (path: /syssec-nas0/pyc-research/compiled_evaluation_targets/usenix_test_set/python-3.12/16120/16120-normalized.py)
36. 16152-normalized.py [RECONSTRUCTION FAILURE] (path: /syssec-nas0/pyc-research/compiled_evaluation_targets/usenix_test_set/python-3.12/16152/16152-normalized.py)
37. 16216-normalized.py [COMPILE ERROR] (path: /syssec-nas0/pyc-research/compiled_evaluation_targets/usenix_test_set/python-3.12/16216/16216-normalized.py)
38. 16522-normalized.py [COMPILE ERROR] (path: /syssec-nas0/pyc-research/compiled_evaluation_targets/usenix_test_set/python-3.12/16522/16522-normalized.py)
39. 16795-normalized.py [COMPILE ERROR] (path: /syssec-nas0/pyc-research/compiled_evaluation_targets/usenix_test_set/python-3.12/16795/16795-normalized.py)
40. 16800-normalized.py [RECONSTRUCTION FAILURE] (path: /syssec-nas0/pyc-research/compiled_evaluation_targets/usenix_test_set/python-3.12/16800/16800-normalized.py)
41. 17084-normalized.py [RECONSTRUCTION FAILURE] (path: /syssec-nas0/pyc-research/compiled_evaluation_targets/usenix_test_set/python-3.12/17084/17084-normalized.py)
42. 17189-normalized.py [COMPILE ERROR] (path: /syssec-nas0/pyc-research/compiled_evaluation_targets/usenix_test_set/python-3.12/17189/17189-normalized.py)
43. 1735-normalized.py [RECONSTRUCTION FAILURE] (path: /syssec-nas0/pyc-research/compiled_evaluation_targets/usenix_test_set/python-3.12/1735/1735-normalized.py)
44. 17376-normalized.py [RECONSTRUCTION FAILURE] (path: /syssec-nas0/pyc-research/compiled_evaluation_targets/usenix_test_set/python-3.12/17376/17376-normalized.py)
45. 17430-normalized.py [COMPILE ERROR] (path: /syssec-nas0/pyc-research/compiled_evaluation_targets/usenix_test_set/python-3.12/17430/17430-normalized.py)
46. 17474-normalized.py [RECONSTRUCTION FAILURE] (path: /syssec-nas0/pyc-research/compiled_evaluation_targets/usenix_test_set/python-3.12/17474/17474-normalized.py)
47. 17505-normalized.py [COMPILE ERROR] (path: /syssec-nas0/pyc-research/compiled_evaluation_targets/usenix_test_set/python-3.12/17505/17505-normalized.py)
48. 17645-normalized.py [RECONSTRUCTION FAILURE] (path: /syssec-nas0/pyc-research/compiled_evaluation_targets/usenix_test_set/python-3.12/17645/17645-normalized.py)
49. 18049-normalized.py [COMPILE ERROR] (path: /syssec-nas0/pyc-research/compiled_evaluation_targets/usenix_test_set/python-3.12/18049/18049-normalized.py)
50. 18984-normalized.py [RECONSTRUCTION FAILURE] (path: /syssec-nas0/pyc-research/compiled_evaluation_targets/usenix_test_set/python-3.12/18984/18984-normalized.py)
51. 19261-normalized.py [RECONSTRUCTION FAILURE] (path: /syssec-nas0/pyc-research/compiled_evaluation_targets/usenix_test_set/python-3.12/19261/19261-normalized.py)
52. 19327-normalized.py [RECONSTRUCTION FAILURE] (path: /syssec-nas0/pyc-research/compiled_evaluation_targets/usenix_test_set/python-3.12/19327/19327-normalized.py)
53. 1984-normalized.py [COMPILE ERROR] (path: /syssec-nas0/pyc-research/compiled_evaluation_targets/usenix_test_set/python-3.12/1984/1984-normalized.py)
54. 1988-normalized.py [RECONSTRUCTION FAILURE] (path: /syssec-nas0/pyc-research/compiled_evaluation_targets/usenix_test_set/python-3.12/1988/1988-normalized.py)
55. 19950-normalized.py [COMPILE ERROR] (path: /syssec-nas0/pyc-research/compiled_evaluation_targets/usenix_test_set/python-3.12/19950/19950-normalized.py)
56. 20-normalized.py [COMPILE ERROR] (path: /syssec-nas0/pyc-research/compiled_evaluation_targets/usenix_test_set/python-3.12/20/20-normalized.py)
57. 20064-normalized.py [COMPILE ERROR] (path: /syssec-nas0/pyc-research/compiled_evaluation_targets/usenix_test_set/python-3.12/20064/20064-normalized.py)
58. 20111-normalized.py [RECONSTRUCTION FAILURE] (path: /syssec-nas0/pyc-research/compiled_evaluation_targets/usenix_test_set/python-3.12/20111/20111-normalized.py)
59. 20140-normalized.py [RECONSTRUCTION FAILURE] (path: /syssec-nas0/pyc-research/compiled_evaluation_targets/usenix_test_set/python-3.12/20140/20140-normalized.py)
60. 20445-normalized.py [COMPILE ERROR] (path: /syssec-nas0/pyc-research/compiled_evaluation_targets/usenix_test_set/python-3.12/20445/20445-normalized.py)
61. 20452-normalized.py [COMPILE ERROR] (path: /syssec-nas0/pyc-research/compiled_evaluation_targets/usenix_test_set/python-3.12/20452/20452-normalized.py)
62. 20619-normalized.py [RECONSTRUCTION FAILURE] (path: /syssec-nas0/pyc-research/compiled_evaluation_targets/usenix_test_set/python-3.12/20619/20619-normalized.py)
63. 20946-normalized.py [RECONSTRUCTION FAILURE] (path: /syssec-nas0/pyc-research/compiled_evaluation_targets/usenix_test_set/python-3.12/20946/20946-normalized.py)
64. 21195-normalized.py [COMPILE ERROR] (path: /syssec-nas0/pyc-research/compiled_evaluation_targets/usenix_test_set/python-3.12/21195/21195-normalized.py)
65. 21245-normalized.py [COMPILE ERROR] (path: /syssec-nas0/pyc-research/compiled_evaluation_targets/usenix_test_set/python-3.12/21245/21245-normalized.py)
66. 21564-normalized.py [RECONSTRUCTION FAILURE] (path: /syssec-nas0/pyc-research/compiled_evaluation_targets/usenix_test_set/python-3.12/21564/21564-normalized.py)
67. 21583-normalized.py [COMPILE ERROR] (path: /syssec-nas0/pyc-research/compiled_evaluation_targets/usenix_test_set/python-3.12/21583/21583-normalized.py)
68. 21605-normalized.py [RECONSTRUCTION FAILURE] (path: /syssec-nas0/pyc-research/compiled_evaluation_targets/usenix_test_set/python-3.12/21605/21605-normalized.py)
69. 21753-normalized.py [COMPILE ERROR] (path: /syssec-nas0/pyc-research/compiled_evaluation_targets/usenix_test_set/python-3.12/21753/21753-normalized.py)
70. 21984-normalized.py [RECONSTRUCTION FAILURE] (path: /syssec-nas0/pyc-research/compiled_evaluation_targets/usenix_test_set/python-3.12/21984/21984-normalized.py)
71. 22039-normalized.py [COMPILE ERROR] (path: /syssec-nas0/pyc-research/compiled_evaluation_targets/usenix_test_set/python-3.12/22039/22039-normalized.py)
72. 22049-normalized.py [COMPILE ERROR] (path: /syssec-nas0/pyc-research/compiled_evaluation_targets/usenix_test_set/python-3.12/22049/22049-normalized.py)
73. 224-normalized.py [COMPILE ERROR] (path: /syssec-nas0/pyc-research/compiled_evaluation_targets/usenix_test_set/python-3.12/224/224-normalized.py)
74. 2395-normalized.py [COMPILE ERROR] (path: /syssec-nas0/pyc-research/compiled_evaluation_targets/usenix_test_set/python-3.12/2395/2395-normalized.py)
75. 264-normalized.py [COMPILE ERROR] (path: /syssec-nas0/pyc-research/compiled_evaluation_targets/usenix_test_set/python-3.12/264/264-normalized.py)
76. 277-normalized.py [RECONSTRUCTION FAILURE] (path: /syssec-nas0/pyc-research/compiled_evaluation_targets/usenix_test_set/python-3.12/277/277-normalized.py)
77. 2929-normalized.py [RECONSTRUCTION FAILURE] (path: /syssec-nas0/pyc-research/compiled_evaluation_targets/usenix_test_set/python-3.12/2929/2929-normalized.py)
78. 3080-normalized.py [RECONSTRUCTION FAILURE] (path: /syssec-nas0/pyc-research/compiled_evaluation_targets/usenix_test_set/python-3.12/3080/3080-normalized.py)
79. 3240-normalized.py [COMPILE ERROR] (path: /syssec-nas0/pyc-research/compiled_evaluation_targets/usenix_test_set/python-3.12/3240/3240-normalized.py)
80. 34-normalized.py [COMPILE ERROR] (path: /syssec-nas0/pyc-research/compiled_evaluation_targets/usenix_test_set/python-3.12/34/34-normalized.py)
81. 3477-normalized.py [RECONSTRUCTION FAILURE] (path: /syssec-nas0/pyc-research/compiled_evaluation_targets/usenix_test_set/python-3.12/3477/3477-normalized.py)
82. 3630-normalized.py [COMPILE ERROR] (path: /syssec-nas0/pyc-research/compiled_evaluation_targets/usenix_test_set/python-3.12/3630/3630-normalized.py)
83. 4171-normalized.py [COMPILE ERROR] (path: /syssec-nas0/pyc-research/compiled_evaluation_targets/usenix_test_set/python-3.12/4171/4171-normalized.py)
84. 5316-normalized.py [COMPILE ERROR] (path: /syssec-nas0/pyc-research/compiled_evaluation_targets/usenix_test_set/python-3.12/5316/5316-normalized.py)
85. 5322-normalized.py [COMPILE ERROR] (path: /syssec-nas0/pyc-research/compiled_evaluation_targets/usenix_test_set/python-3.12/5322/5322-normalized.py)
86. 5450-normalized.py [COMPILE ERROR] (path: /syssec-nas0/pyc-research/compiled_evaluation_targets/usenix_test_set/python-3.12/5450/5450-normalized.py)
87. 6561-normalized.py [RECONSTRUCTION FAILURE] (path: /syssec-nas0/pyc-research/compiled_evaluation_targets/usenix_test_set/python-3.12/6561/6561-normalized.py)
88. 6584-normalized.py [COMPILE ERROR] (path: /syssec-nas0/pyc-research/compiled_evaluation_targets/usenix_test_set/python-3.12/6584/6584-normalized.py)
89. 6633-normalized.py [RECONSTRUCTION FAILURE] (path: /syssec-nas0/pyc-research/compiled_evaluation_targets/usenix_test_set/python-3.12/6633/6633-normalized.py)
90. 6854-normalized.py [COMPILE ERROR] (path: /syssec-nas0/pyc-research/compiled_evaluation_targets/usenix_test_set/python-3.12/6854/6854-normalized.py)
91. 6906-normalized.py [COMPILE ERROR] (path: /syssec-nas0/pyc-research/compiled_evaluation_targets/usenix_test_set/python-3.12/6906/6906-normalized.py)
92. 6937-normalized.py [RECONSTRUCTION FAILURE] (path: /syssec-nas0/pyc-research/compiled_evaluation_targets/usenix_test_set/python-3.12/6937/6937-normalized.py)
93. 7096-normalized.py [RECONSTRUCTION FAILURE] (path: /syssec-nas0/pyc-research/compiled_evaluation_targets/usenix_test_set/python-3.12/7096/7096-normalized.py)
94. 7219-normalized.py [RECONSTRUCTION FAILURE] (path: /syssec-nas0/pyc-research/compiled_evaluation_targets/usenix_test_set/python-3.12/7219/7219-normalized.py)
95. 7223-normalized.py [RECONSTRUCTION FAILURE] (path: /syssec-nas0/pyc-research/compiled_evaluation_targets/usenix_test_set/python-3.12/7223/7223-normalized.py)
96. 7368-normalized.py [COMPILE ERROR] (path: /syssec-nas0/pyc-research/compiled_evaluation_targets/usenix_test_set/python-3.12/7368/7368-normalized.py)
97. 7548-normalized.py [RECONSTRUCTION FAILURE] (path: /syssec-nas0/pyc-research/compiled_evaluation_targets/usenix_test_set/python-3.12/7548/7548-normalized.py)
98. 7850-normalized.py [RECONSTRUCTION FAILURE] (path: /syssec-nas0/pyc-research/compiled_evaluation_targets/usenix_test_set/python-3.12/7850/7850-normalized.py)
99. 7865-normalized.py [COMPILE ERROR] (path: /syssec-nas0/pyc-research/compiled_evaluation_targets/usenix_test_set/python-3.12/7865/7865-normalized.py)
100. 8155-normalized.py [RECONSTRUCTION FAILURE] (path: /syssec-nas0/pyc-research/compiled_evaluation_targets/usenix_test_set/python-3.12/8155/8155-normalized.py)
101. 8493-normalized.py [COMPILE ERROR] (path: /syssec-nas0/pyc-research/compiled_evaluation_targets/usenix_test_set/python-3.12/8493/8493-normalized.py)
102. 8494-normalized.py [COMPILE ERROR] (path: /syssec-nas0/pyc-research/compiled_evaluation_targets/usenix_test_set/python-3.12/8494/8494-normalized.py)
103. 8559-normalized.py [RECONSTRUCTION FAILURE] (path: /syssec-nas0/pyc-research/compiled_evaluation_targets/usenix_test_set/python-3.12/8559/8559-normalized.py)
104. 9230-normalized.py [RECONSTRUCTION FAILURE] (path: /syssec-nas0/pyc-research/compiled_evaluation_targets/usenix_test_set/python-3.12/9230/9230-normalized.py)
105. 925-normalized.py [RECONSTRUCTION FAILURE] (path: /syssec-nas0/pyc-research/compiled_evaluation_targets/usenix_test_set/python-3.12/925/925-normalized.py)
106. 9604-normalized.py [RECONSTRUCTION FAILURE] (path: /syssec-nas0/pyc-research/compiled_evaluation_targets/usenix_test_set/python-3.12/9604/9604-normalized.py)
107. AttributeNodes.py [RECONSTRUCTION FAILURE] (path: /syssec-nas0/pyc-research/compiled_evaluation_targets/usenix_test_set/python-3.12/05b5e94439fe4956b0c61007b78226192fabb03558e4c3cad42279d96c561eb17944fb585d5f820d21c4570907b7f2bc8a02ff8ac3aff6045e887818dc4f7435/AttributeNodes.py)
108. BranchTuple.py [RECONSTRUCTION FAILURE] (path: /syssec-nas0/pyc-research/compiled_evaluation_targets/usenix_test_set/python-3.12/23fcd9ad42c616600c67bfa882c4d11f73edb56da08e7a8b54c63c93188dfd4685421993897961adbbf24799ea64adad4f1215c0ef2b38522225816373af0320/BranchTuple.py)
109. FileManager.py [RECONSTRUCTION FAILURE] (path: /syssec-nas0/pyc-research/compiled_evaluation_targets/usenix_test_set/python-3.12/57ad54bc79944aa18b3a81567f75b6892f5725dad79cdfaa5fd2608b23a81034fb530abc563ccb843625282d83db81166857efdd34b8f1a131a61dce51ee66a1/FileManager.py)
110. GeneticAlgorithm.py [COMPILE ERROR] (path: /syssec-nas0/pyc-research/compiled_evaluation_targets/usenix_test_set/python-3.12/906842a96f866080826950088ca39796495fe1a1f5c804861963aa85c40b5b68a412a6aea1345849cebf7352870a640a27b4239f13c294ff9b8579dac3216186/GeneticAlgorithm.py)
111. History.py [RECONSTRUCTION FAILURE] (path: /syssec-nas0/pyc-research/compiled_evaluation_targets/usenix_test_set/python-3.12/13b8cb14ce707c439c4244b014ed15d022c38b2406176984ea46ef08d2454842f001122d7ff6a3a3c5f52d1e1b1614885366cd3e8153589c97f43056b3747fd1/History.py)
112. IRAF_Reduction.py [RECONSTRUCTION FAILURE] (path: /syssec-nas0/pyc-research/compiled_evaluation_targets/usenix_test_set/python-3.12/40820f844d9c624e8c3e0777bbffa3586f7597a9886acb295d44f10bb05ffa5e5b288afa1af23d6b466c0392111a9e76008feae9ec48d97b604c70835bb059f6/IRAF_Reduction.py)
113. InfinityFlow_Utilities.py [COMPILE ERROR] (path: /syssec-nas0/pyc-research/compiled_evaluation_targets/usenix_test_set/python-3.12/157c98a8789f51f4ced9c4091ce9c5bfe830da8f01e515a4dc242f01e261ebdee6c1f079b0c4287e78b4b515098a7fe83139e01809f5264c3a173e1e8b3ae08e/InfinityFlow_Utilities.py)
114. LogicOfflineJobFakeBroker.py [RECONSTRUCTION FAILURE] (path: /syssec-nas0/pyc-research/compiled_evaluation_targets/usenix_test_set/python-3.12/77928dbf85509050a834af1c46270cf4c92786efe338dfdf5f8e95a11260ac6468db2ed004b375bcee30fead1fe3bc718ff2a39b961e94f179a36ddff253a308/LogicOfflineJobFakeBroker.py)
115. Memoize.py [RECONSTRUCTION FAILURE] (path: /syssec-nas0/pyc-research/compiled_evaluation_targets/usenix_test_set/python-3.12/060f62bf756ea872b8bf82ff6383cc10f2cc34c3d1d621767dc72d3662b6df9ad76b6656197524fa8dc4bf118cc24399aadd9e7886be8fc5b5c23059006b27e5/Memoize.py)
116. Metaclasses.py [RECONSTRUCTION FAILURE] (path: /syssec-nas0/pyc-research/compiled_evaluation_targets/usenix_test_set/python-3.12/280ba6edbacb428652edae9649115d2d0e533ce407fe8a41a24f66084223e006e4365f0917581b8def35fd9a4a86d393a843b1cf0a38558dea68a62d7ebd14ff/Metaclasses.py)
117. NotifyRyver.py [COMPILE ERROR] (path: /syssec-nas0/pyc-research/compiled_evaluation_targets/usenix_test_set/python-3.12/6d343ee5495ed08133701c2bdd9380e77387ac43f05be2d5754ff70a535bdb5ae8dd3057842591744f7d34e2a2971af9f477416c7fc65527890e50503aeb78e2/NotifyRyver.py)
118. OHConverter.py [COMPILE ERROR] (path: /syssec-nas0/pyc-research/compiled_evaluation_targets/usenix_test_set/python-3.12/23fc751af17263629094a44cccce24942e6bd1373ef7b3fe084b6ffe15987a10c7a5082c8ce7a50342a06722b2a9a7fb24380160ad59d521e553e9967b3535f2/OHConverter.py)
119. PackageMetadataNodes.py [RECONSTRUCTION FAILURE] (path: /syssec-nas0/pyc-research/compiled_evaluation_targets/usenix_test_set/python-3.12/aa28ef4e8bd5a8322fa87f7b2a7e1e5e8e11f735433c70707c7251678f51ce5110fc7710727833e5f615d92386a41f91da687c9cc73b68f64cacfbc19996b5ab/PackageMetadataNodes.py)
120. Service.py [RECONSTRUCTION FAILURE] (path: /syssec-nas0/pyc-research/compiled_evaluation_targets/usenix_test_set/python-3.12/928e6c3d406b699bba6f7d4f1fa0611af093251b6983d250b37f8b92ff1e6114723bc3295389b311444398b93d8e4f644904766fb9845d6c3e4d9e3a69fa7b96/Service.py)
121. SharedClassNameHandler.py [RECONSTRUCTION FAILURE] (path: /syssec-nas0/pyc-research/compiled_evaluation_targets/usenix_test_set/python-3.12/80b4ac8699da09e9a43ef5d017c089f021aa1049dfc3a5a5b57591cfd5948394aa387e180aaf0845a7d9c309576b47e6ba0fb9578ed505a283791417d4c5334c/SharedClassNameHandler.py)
122. TVarFigureSpec.py [RECONSTRUCTION FAILURE] (path: /syssec-nas0/pyc-research/compiled_evaluation_targets/usenix_test_set/python-3.12/6616b881ab4b9b0942dfdc3d41d7a1e49bdef50897cada0e645d3b941757fedf061dcd4f5852949d381f1276a41d8c9ff1ed11240d635283145a3c3a01edb5e7/TVarFigureSpec.py)
123. UserPool.py [RECONSTRUCTION FAILURE] (path: /syssec-nas0/pyc-research/compiled_evaluation_targets/usenix_test_set/python-3.12/70286e6605ae4b31bef53233888bb54d04b47656200a071a2c679384c94be64de1aae5e826c48fe5504972db50710947ecd6ecb8758575a20c35dcc188206128/UserPool.py)
124. Utility.py [RECONSTRUCTION FAILURE] (path: /syssec-nas0/pyc-research/compiled_evaluation_targets/usenix_test_set/python-3.12/0931ff8871d5102275e13c7fa4e6862c4beb1f833a1fc3ccb8853e332365dcc61ccafb29665fc97afa34cd92d1206bbf39a601fd7c697079f13d4ebce703d9d7/Utility.py)
125. VortexTcpMemoryLeakPayloadTest.py [COMPILE ERROR] (path: /syssec-nas0/pyc-research/compiled_evaluation_targets/usenix_test_set/python-3.12/23b1c62d5b00c824059ae360348cbf3c72c31fb6bc981051cf52d9f902201be355d949be4656576da1eea2ebb4a97a74bde96781dd1a0392d98788608951d066/VortexTcpMemoryLeakPayloadTest.py)
126. __main__.py [COMPILE ERROR] (path: /syssec-nas0/pyc-research/compiled_evaluation_targets/usenix_test_set/python-3.12/2155c2df322aaefb5671d3991f5a555a0498239fef87985cdb1cee639518a5f6b4d26096ac7298a36c4619e4212cfd09863e44bf276ef322899e0903308f2975/__main__.py)
127. __main__.py [COMPILE ERROR] (path: /syssec-nas0/pyc-research/compiled_evaluation_targets/usenix_test_set/python-3.12/958297d91487041aecbf0e74ebfba23de908f4a8cf7fc02eb28319b378520830ac6890a3ee0bf3e65f5aaafac62d6014dac4138fbcd181e62f44700e65933be5/__main__.py)
128. _fileobjectposix.py [COMPILE ERROR] (path: /syssec-nas0/pyc-research/compiled_evaluation_targets/usenix_test_set/python-3.12/4cd9c561cae81f5fb527b46be6380adc0c8726b9ff4af665558e6818b71a96ac581e5ac08d2190c43c7b5be397b9bee386dd74fc58eb3fe83657ee6e0ae34eb3/_fileobjectposix.py)
129. _hmm_parser.py [RECONSTRUCTION FAILURE] (path: /syssec-nas0/pyc-research/compiled_evaluation_targets/usenix_test_set/python-3.12/6e2970070a99835ca66e0fa2b545e6f13342660486d43b0478c457cfeb02d23413ca1fe661607f09cbd1c29899e7622a6e6ac4c7e9e7ddd4744c873a4620b62a/_hmm_parser.py)
130. _pslinux.py [COMPILE ERROR] (path: /syssec-nas0/pyc-research/compiled_evaluation_targets/usenix_test_set/python-3.12/3dc2b2e1804a6e00edd9873cf7b12ecfecc4c4eb68d56923db73db6bd67daea277a57990154bf0391f389af4077771bc286b68bc4528b0bce07243fc75768e86/_pslinux.py)
131. _reader.py [COMPILE ERROR] (path: /syssec-nas0/pyc-research/compiled_evaluation_targets/usenix_test_set/python-3.12/11a63dd9377450f3d00148b7d005f8ef1b3f7d4cca78702cdc892f565c9ba55d4fc2f3f0ac6bbab1a9968ed5590a0331f5039f24dfef3cdd152a52109dc0266b/_reader.py)
132. acme.py [RECONSTRUCTION FAILURE] (path: /syssec-nas0/pyc-research/compiled_evaluation_targets/usenix_test_set/python-3.12/5c5b1fccb2bc1620cd5b091ca672ee9b3230b7439bc651fcc9637dea569ce0e91380e3a0ccbf9c12760d31c703663dc08c3614423512823a1b8c01c260fb3324/acme.py)
133. actioncontroller.py [RUNTIME ERROR] (path: /syssec-nas0/pyc-research/compiled_evaluation_targets/usenix_test_set/python-3.12/3b3c6531b4c875a8c8a66566dcedaaab7c6dfe097bff7bf7bf0b00bee13ff4ce76816ace4e3936422ac7e7534571ec87978afd2f19fe5131e0ae309c5a8a3716/actioncontroller.py)
134. adapter.py [COMPILE ERROR] (path: /syssec-nas0/pyc-research/compiled_evaluation_targets/usenix_test_set/python-3.12/90adfbb55d9823001a500ccef17b56acead81f4eb10eded3ee78c6107af3fa221beb222c87a68ab3bd4033764889ab313053dbe3d29501013dce18cae5c5615b/adapter.py)
135. adaptivegreedy.py [COMPILE ERROR] (path: /syssec-nas0/pyc-research/compiled_evaluation_targets/usenix_test_set/python-3.12/0216940ebc56919f58d53da0bef5efa9bd0dc537788fecc44a081aea3014de54d3fdaa1891698ef7a677b5a705e5ff316c9057e5107c0c33507c2863590bead2/adaptivegreedy.py)
136. agent1.py [COMPILE ERROR] (path: /syssec-nas0/pyc-research/compiled_evaluation_targets/usenix_test_set/python-3.12/410462cd2466321ac53fd8eb5324bdf638208ee22dd508860ab87eae0a327029ec7a40d48c8214c165ca7082cf700e473ff23c8c5dda9dec67aec8244cdd38f8/agent1.py)
137. aliases.py [COMPILE ERROR] (path: /syssec-nas0/pyc-research/compiled_evaluation_targets/usenix_test_set/python-3.12/4e8858ea6e77601ff8b520869f21fa274bc9e1b559dac0f7e53d4a4f8ebc13fe097975395c64395cabf9f7ed6e41a5137728d44c23070ebde457ed2d884e88c6/aliases.py)
138. api.py [COMPILE ERROR] (path: /syssec-nas0/pyc-research/compiled_evaluation_targets/usenix_test_set/python-3.12/556e9b94a3354791b440b1d8b0c1e1ae3e7f0f2e51034d5846fd131709419db2a6cb8985125974e93e6a194db8187fc8c9df22a0d5a942af5b94a108fc0d401a/api.py)
139. api.py [COMPILE ERROR] (path: /syssec-nas0/pyc-research/compiled_evaluation_targets/usenix_test_set/python-3.12/75756b16713040aa5b384a90bda2524eae5e92a4e0cf3063aae05bfd714ecf4652011eef0ff9c633e344f244c90b641bf998beca633707009042a112ad3da9cb/api.py)
140. api.py [COMPILE ERROR] (path: /syssec-nas0/pyc-research/compiled_evaluation_targets/usenix_test_set/python-3.12/90c3deef6451f68b810838e2885bb3f7222412b94ad2b1ce95503deba7403570faf79cb229997b5d79206444c66d3e44b558df150aa0dda6c295392b7c15f0d8/api.py)
141. api_client.py [COMPILE ERROR] (path: /syssec-nas0/pyc-research/compiled_evaluation_targets/usenix_test_set/python-3.12/1dc20f687c762058897aefa7398495b75d7d8dd6ccd381f6499dc57f0928988129aee0b7892311820588ffdca6412744d6998c9bdf15d5859751cddf7efe1d00/api_client.py)
142. app.py [COMPILE ERROR] (path: /syssec-nas0/pyc-research/compiled_evaluation_targets/usenix_test_set/python-3.12/c0649bfffa482217fb6e9d7af7303bc114931737ac86c12d22fad5176ba12464d052fa2a94bb70c42d910472d7d1936c22996c1d410aeb2dc3b52d5478364670/app.py)
143. app.py [RECONSTRUCTION FAILURE] (path: /syssec-nas0/pyc-research/compiled_evaluation_targets/usenix_test_set/python-3.12/66d30b7e76cf29f736f7f5589e6a49ea7ecc31ff51b719b743f7c62773bc7fb3e3bde03fbb48a3688c93d85297c71c8f957776029aa0193cde866d4b456f0392/app.py)
144. app_config.py [COMPILE ERROR] (path: /syssec-nas0/pyc-research/compiled_evaluation_targets/usenix_test_set/python-3.12/7fa92c8992e447bd52db5fedf3a76a9b2d1545f1c7a7ca8742a045125159770c9ac78ca26931a14d99e4b387a667c2199a9aeea365642e0359d223cab9e15d99/app_config.py)
145. auth.py [RECONSTRUCTION FAILURE] (path: /syssec-nas0/pyc-research/compiled_evaluation_targets/usenix_test_set/python-3.12/39b886ef6847de425da3c2608bd78016269f80865299bab55e785df3cf898e95e36e36e227b3d4a8e750cb362e3adb7d1695f7fc6fb4ab1b54dd14cfea3e0f81/auth.py)
146. az_cis_check4.py [COMPILE ERROR] (path: /syssec-nas0/pyc-research/compiled_evaluation_targets/usenix_test_set/python-3.12/62b1b85ea82cf7eeec7a14145857c1ac63bd1d5a703ea5369b53f5c7a386e984c0de8cb2db1033ec2a594a0920e17d7e963d669204ebfc8847094c288e228e03/az_cis_check4.py)
147. base.py [COMPILE ERROR] (path: /syssec-nas0/pyc-research/compiled_evaluation_targets/usenix_test_set/python-3.12/53de9c1b842e62a9723ee8fc11b7ecc5e41db13890dd2567c92ccb5cfe6a34f359a51834a7cd565acc2c883c35186691f14e75f82d04d99c38195cbb9d85d80d/base.py)
148. base.py [COMPILE ERROR] (path: /syssec-nas0/pyc-research/compiled_evaluation_targets/usenix_test_set/python-3.12/528ab1ba7ee6d420f1d0ed729e0f7f99a847e8d5fdce296b96941f39e6422dd749e8ed155380c093a6d8f6e4a331d9756b52805530a3727a638597efec63ccef/base.py)
149. base_runner.py [RECONSTRUCTION FAILURE] (path: /syssec-nas0/pyc-research/compiled_evaluation_targets/usenix_test_set/python-3.12/0eb2aa8746f65ed9751f1805d43e0ce03ed3fd59236dc50680b896195d122efc0b58fa576ef419df1a7b61a9e5f871496410d074b6ec2c51e6ec88c91224555f/base_runner.py)
150. basecallbackendpoint.py [COMPILE ERROR] (path: /syssec-nas0/pyc-research/compiled_evaluation_targets/usenix_test_set/python-3.12/281a9998479afbf4e802edd613b0721cab992247d06c6bbc0f19ff9b21e5163cb0c4d8d60f9bd12068f6b235764ced9df8bdaf8eed64a1f73003240d9a54487a/basecallbackendpoint.py)
151. bezier.py [RECONSTRUCTION FAILURE] (path: /syssec-nas0/pyc-research/compiled_evaluation_targets/usenix_test_set/python-3.12/7b1400a6460c531bdfc7a0ae0bc5729896e5f191f499c002eaefdbe6cd39167dd4f0df909f4b1484a1afc631a69cdddb94d0197659a154d0670cbe5250efda08/bezier.py)
152. bigip_node.py [COMPILE ERROR] (path: /syssec-nas0/pyc-research/compiled_evaluation_targets/usenix_test_set/python-3.12/a5e592cb022ddbfa628e3146c694b0d4288f6c572ad253ed4e58b847a9a94aeb81937340dbc71fb61c09e6241bcf530f80b87a3b44ff8de1eed3ea51f9f0d64c/bigip_node.py)
153. bittrex.py [RECONSTRUCTION FAILURE] (path: /syssec-nas0/pyc-research/compiled_evaluation_targets/usenix_test_set/python-3.12/b0189a081a8e64c63377958bfc5acbaf925e5b50e6e9d1bc85212ab01d1cf93e6f3a573f29414aaf454366c3610b3c73ebda98c056021583d119d9669e35c844/bittrex.py)
154. blockchaincom.py [RECONSTRUCTION FAILURE] (path: /syssec-nas0/pyc-research/compiled_evaluation_targets/usenix_test_set/python-3.12/8e7ef2d38cdd83762969037e93d9d7de822689840f81a217a5b972c209e75ceb5834eb1bffd0f279c29bafbd77b05eac5e839767ad20491050fd0d8afe17c379/blockchaincom.py)
155. bootstrap.py [COMPILE ERROR] (path: /syssec-nas0/pyc-research/compiled_evaluation_targets/usenix_test_set/python-3.12/4ea7064fc96cf5a31a5fa58cf8e08ce370d14896743add918dcd9a1717d4ec82e2604fc1d518591de2290fe84dfec48240635fa79d114694535dbd3a070a2505/bootstrap.py)
156. build_tracker.py [RECONSTRUCTION FAILURE] (path: /syssec-nas0/pyc-research/compiled_evaluation_targets/usenix_test_set/python-3.12/5115847d368b223bd927eb62852aa5076c6616290c845016f0a1a9be890b4111873fc699ae3589d0ebe2b47859653c529f4c72fcc5e8b34a4cead7c40e927189/build_tracker.py)
157. build_tracker.py [RECONSTRUCTION FAILURE] (path: /syssec-nas0/pyc-research/compiled_evaluation_targets/usenix_test_set/python-3.12/55375049be521005e898649efda0e3f8d8a821160644b25eefd0e42c17028eccee76917de135a0059896ced0de4bf4d68cce42e0adcd1b8910bf05f143923142/build_tracker.py)
158. cache.py [COMPILE ERROR] (path: /syssec-nas0/pyc-research/compiled_evaluation_targets/usenix_test_set/python-3.12/a67c49030ac038ffcc65765bff78c774cd4c7736de936c3984bb5a294435449a0e772a2f0292546ab764e72c809fb87078bf20ecb5af626f382031e0eeab7659/cache.py)
159. case.py [RECONSTRUCTION FAILURE] (path: /syssec-nas0/pyc-research/compiled_evaluation_targets/usenix_test_set/python-3.12/4cf1f7aba324aa0b14ac982a64b415d45039253858665b9794e798b7891266634bd8fb41aefbd80f09e7d2af1bf2cec61b2c084299195fc5af67d120c153badb/case.py)
160. category.py [RECONSTRUCTION FAILURE] (path: /syssec-nas0/pyc-research/compiled_evaluation_targets/usenix_test_set/python-3.12/100e0e7720a3e5a4c6ee4eaf2b2f05313831b380cb18238ff778b774ee11bcc02eb2c39a13d8d6e0a146a2cd02e7e7519e1814083ebd23382f832949287a4f5f/category.py)
161. chain.py [RECONSTRUCTION FAILURE] (path: /syssec-nas0/pyc-research/compiled_evaluation_targets/usenix_test_set/python-3.12/36fc5f3ce4d77f845f23b65d158345a408f0210cefac81cb20bc7e1a7b9e97df313b14299076a74fcb462ac224c233052b8e4f87eb8830aa2b1020943038dc08/chain.py)
162. cli.py [COMPILE ERROR] (path: /syssec-nas0/pyc-research/compiled_evaluation_targets/usenix_test_set/python-3.12/39d060036fe999f34fa5cf8cb9308a44ff42ef017acad09731c0f0cf3456fcfd5856cc48c5b75dd9ff6bcb9f25572261700a6eb0bb51bbbfa33992b2f892a5e1/cli.py)
163. client.py [COMPILE ERROR] (path: /syssec-nas0/pyc-research/compiled_evaluation_targets/usenix_test_set/python-3.12/5e9d0380ed6fc4b0e5166ebcbdfb23a953338f08a3468c8c87478dfed1d7d46bf610ad3daae9fc084ec63be133b43621e59d6a6b6ad0d717cbd9bffebe3dce62/client.py)
164. client.py [COMPILE ERROR] (path: /syssec-nas0/pyc-research/compiled_evaluation_targets/usenix_test_set/python-3.12/8620392e2370c75c01b59a0c69ffd376d2e4cda1ad91e8a99cc9ce2f90ccda6c04695ae124e213a2996e4a1447e0db364bf1b3dc49322bab36d9f219cdc21956/client.py)
165. client.py [COMPILE ERROR] (path: /syssec-nas0/pyc-research/compiled_evaluation_targets/usenix_test_set/python-3.12/aeb8234487890a8001ef57de9179022719b15d2d01a7deb1b0af56f9631a8befe4c048f1132aacf7c03f1c293df6d5d3380fcf6de3e93c84e88b56db81349030/client.py)
166. code_parser.py [RECONSTRUCTION FAILURE] (path: /syssec-nas0/pyc-research/compiled_evaluation_targets/usenix_test_set/python-3.12/9ddd47cc1e10f1a824daf3bc99774025e5cf2cb4eef4809994c12f6f4a22b0dd546a34758940620ed1edef9adb846a9e154768eebc08a9b4cb85421f638e9296/code_parser.py)
167. command_list.py [RECONSTRUCTION FAILURE] (path: /syssec-nas0/pyc-research/compiled_evaluation_targets/usenix_test_set/python-3.12/549520a03970d6cf3836f20954da1c79b7c35898994a88af446e12b1c9460efc766e3a5922aa7c9b6dd65a1304bfb6af8c8a7ddce3d9195ead1f2fe5ffd5ba9e/command_list.py)
168. common.py [COMPILE ERROR] (path: /syssec-nas0/pyc-research/compiled_evaluation_targets/usenix_test_set/python-3.12/ac5cf3e7c3070387be0dda8adbf21e7be8cc5626a1f765f705f3d5a9247a6b53440b728497783601d31738a93ed386cda2e986afc2502582fc72aeb9300f83be/common.py)
169. common.py [RECONSTRUCTION FAILURE] (path: /syssec-nas0/pyc-research/compiled_evaluation_targets/usenix_test_set/python-3.12/437d13e9263e380d41d8334ea865d824c2c44cc26f00251ed6c025fd5379ba54c5c96c4c422ff48e0099a3d29c3e99188a964d32dd6a18b9c9859b7605e7df9a/common.py)
170. compat.py [RECONSTRUCTION FAILURE] (path: /syssec-nas0/pyc-research/compiled_evaluation_targets/usenix_test_set/python-3.12/992dafc4657443904f98170017c7b0d1812101f24b9d03c83d26a97d8973099689c71144851be3bc8212d90af169df492699d1633517039b2e5da25706972c3b/compat.py)
171. compression.py [COMPILE ERROR] (path: /syssec-nas0/pyc-research/compiled_evaluation_targets/usenix_test_set/python-3.12/7686b2640036bbb57ed1bbd2889a1999175d9f9f4318bda0ea8c8cf1cf17739b1867e361d4c5d4ee1dc642b56b02cf5b87524fc89fd87c1edf587267e31bf7b3/compression.py)
172. config.py [COMPILE ERROR] (path: /syssec-nas0/pyc-research/compiled_evaluation_targets/usenix_test_set/python-3.12/26aa5943c11f7dd614d6d6f5be4d0e0e8bd526129931366d762c02daaedf1a6133ca0b9748eaec83f26b56731fee210836ee880f4091aaa1b677dc7341e2188a/config.py)
173. config.py [COMPILE ERROR] (path: /syssec-nas0/pyc-research/compiled_evaluation_targets/usenix_test_set/python-3.12/278198bbdcf4e886366c00cd121bad6aa07be6c69d9e98bb54beb927201b2b3c90136cce870177c9c254305b439a5dce3d511d61ccf2a643369ef7d794d81f42/config.py)
174. config_flow.py [COMPILE ERROR] (path: /syssec-nas0/pyc-research/compiled_evaluation_targets/usenix_test_set/python-3.12/205fedf7441c0cc6ac636181d432815db97b95b82e84f6930e937b5b42a7b64abd764ab98c51e74c410b25a4ed5697782b55713c0e308cd5e499646707ab35e9/config_flow.py)
175. configuration.py [COMPILE ERROR] (path: /syssec-nas0/pyc-research/compiled_evaluation_targets/usenix_test_set/python-3.12/0e25706b814e5b1ce031b8707b4e447c2a03583f87a106d1aadfa459fb0bbccd363eb7822e144fa7dbc0ade604ede90210dfd35ff88222ebd7c9cd7076d4b911/configuration.py)
176. connector.py [RECONSTRUCTION FAILURE] (path: /syssec-nas0/pyc-research/compiled_evaluation_targets/usenix_test_set/python-3.12/2528008aeab264799b209b3596cf9682d3ec9611689e335da62937a441e6a1446281911fdb1005aeeb8b5d49b5bbf7856257ac64fe3b544697b7a405fa9d6f44/connector.py)
177. container_helper.py [COMPILE ERROR] (path: /syssec-nas0/pyc-research/compiled_evaluation_targets/usenix_test_set/python-3.12/24592f5b74866a8f908a7b31ce6ec6a0594420708c875d9cd0a4db951a942f1405681d4c70b6e7fa4495cbe889719c399ab649d105371b5b691a44d6a12dd2c2/container_helper.py)
178. controlled_gate_test.py [COMPILE ERROR] (path: /syssec-nas0/pyc-research/compiled_evaluation_targets/usenix_test_set/python-3.12/7a3d58d1867aaaaf90d9565868f3dfb37a796870fd7b22534fb728deee2186e1be81fb5f3d1741598e01729a8c0d043bd2cc02ea54e8200f7ea35e06032f0b27/controlled_gate_test.py)
179. conv3d_alter_op.py [COMPILE ERROR] (path: /syssec-nas0/pyc-research/compiled_evaluation_targets/usenix_test_set/python-3.12/5ab413e2b7c4d701c99f9d0d71dd031b5f50eee7ee2b0471648d5f66ee2ad81622f1c9baaa8414ccb96323ea6b1ab3db4dfa9db34e3d9b52e84a708cc29dfbf6/conv3d_alter_op.py)
180. convert.py [RECONSTRUCTION FAILURE] (path: /syssec-nas0/pyc-research/compiled_evaluation_targets/usenix_test_set/python-3.12/715fa5d97a3ed9dcee1ce01d53f995e75a0096e86490cae5b3091513a94cbe30828a0944d5576418c9c827387eea36293f8876d18765aaf7efe85159d77dde54/convert.py)
181. convert_img.py [RECONSTRUCTION FAILURE] (path: /syssec-nas0/pyc-research/compiled_evaluation_targets/usenix_test_set/python-3.12/2280e63e0dfe45e8e9cc3714e8292b17ea39016f7913ac9b3f9bf677e59e97806e0e022973d69a79550130d4c3b939e68b0ab04eb4f3e2df6b76b1b7cc5343fa/convert_img.py)
182. core.py [COMPILE ERROR] (path: /syssec-nas0/pyc-research/compiled_evaluation_targets/usenix_test_set/python-3.12/777dd179f5295f188238e7381d6e5e6e1c8355ddb304cc8dd239718158a13693fb5b2b72d5676a4ab6f520546048da61f2349648238ecf423d922bf5bc9e8e13/core.py)
183. couple.py [RECONSTRUCTION FAILURE] (path: /syssec-nas0/pyc-research/compiled_evaluation_targets/usenix_test_set/python-3.12/1c2e7400dab3032fd2ea847f1736fa763617f0523e3f9f71231c972a4270bedde7633be4cb5b38eb66b0c515577c98b239a1d05ca0091910b9e11c7a8396bcdb/couple.py)
184. csv.py [COMPILE ERROR] (path: /syssec-nas0/pyc-research/compiled_evaluation_targets/usenix_test_set/python-3.12/73349d7e40de4c211643144705c393d524a63bab4e33ab73e6fc7934eb8cfbe1d057b39b292fc6bd9cfcd134ddb46d1d310e78f4ef9b089baabe397df1f4305e/csv.py)
185. current_thread_executor.py [RECONSTRUCTION FAILURE] (path: /syssec-nas0/pyc-research/compiled_evaluation_targets/usenix_test_set/python-3.12/24704292332390a07da4ee413618bbaf845893f062376a22d2e7ad5da8232ea53f0e60e3333e47377217cce41963e45a2e58e4b7e4b497a93abb876866262fba/current_thread_executor.py)
186. custom_policies_integration.py [COMPILE ERROR] (path: /syssec-nas0/pyc-research/compiled_evaluation_targets/usenix_test_set/python-3.12/38df3cca09350cde024ffb52047d770fd23928d75fba9c3fe6f4b1c40b197b47bbf3da00c1e17c0f6f4b9bc0d25d97a2430f95437bfd3ccdb341f61432ff5d0a/custom_policies_integration.py)
187. data.py [RECONSTRUCTION FAILURE] (path: /syssec-nas0/pyc-research/compiled_evaluation_targets/usenix_test_set/python-3.12/bbd9a57bf96727f0ea92157a0b00247a96ab090c2ebefe145b475698cdd41d0601a9ee4b6c254928098dd86f351fa5adf06d5c5bc06628739631fa63f8c1c67b/data.py)
188. datadriven.py [COMPILE ERROR] (path: /syssec-nas0/pyc-research/compiled_evaluation_targets/usenix_test_set/python-3.12/0bed419aa4fa1c0662627ce7511d6ea476af9d52befe875b6a39bc15f904f3eb240dddb04e68d2ea219e40249712911ead7dfe551761af2c90a21d65278d116f/datadriven.py)
189. dataset_providers.py [COMPILE ERROR] (path: /syssec-nas0/pyc-research/compiled_evaluation_targets/usenix_test_set/python-3.12/aa8febc11b0fa251f887f8ee0267c88818233aaf99d9e0bbfee42239eabb408c923d23963a5f3c60d8ad40c56fc3aa4f8db48652580d32e916fa5ff5a61f197c/dataset_providers.py)
190. debug_executor.py [RECONSTRUCTION FAILURE] (path: /syssec-nas0/pyc-research/compiled_evaluation_targets/usenix_test_set/python-3.12/1c982d7cf62dd95bb8bc462006e7e2a777821a12cdb401d7b4639e0d08898fed4848eff0ea8d86c24483afa07af0a6128b93e683286da7f992918024887d59cf/debug_executor.py)
191. decoder_loader.py [COMPILE ERROR] (path: /syssec-nas0/pyc-research/compiled_evaluation_targets/usenix_test_set/python-3.12/86a1a6aac49f23b4c629032c95f61267c4f6a459561dee9b14068b26453696e4cb394c4df8229ba03407ddbc053e2b071ee766f9f9d7c554a3cb7f4a45626965/decoder_loader.py)
192. deephys.py [RECONSTRUCTION FAILURE] (path: /syssec-nas0/pyc-research/compiled_evaluation_targets/usenix_test_set/python-3.12/3a2b3ddc588c54d1f30a22b1bc3927300690106f0c1423b7f26c7e3e473b7c96a2b9b724d734aeb4c1762735d980893c0694885ebbd76d246f96c9595551c092/deephys.py)
193. delivery_shipment.py [RECONSTRUCTION FAILURE] (path: /syssec-nas0/pyc-research/compiled_evaluation_targets/usenix_test_set/python-3.12/306cfcc590c2813b9d6af74a9fd73e3a42cc8d1fa28f8087e74bcbefcab98b73a921d2385c29416b3422b1fa0417c3bab27fe2bd46f55529910f56fd61d643c2/delivery_shipment.py)
194. document.py [RECONSTRUCTION FAILURE] (path: /syssec-nas0/pyc-research/compiled_evaluation_targets/usenix_test_set/python-3.12/a876711910f48c1165df1ee3a426add5f343a09dc25bf1ce1ed70080fb5415f03a5f4ec353cccd073c454bf0b877aa79c02a4fe76f5d53511ce8d6cef596becf/document.py)
195. draft_diff.py [COMPILE ERROR] (path: /syssec-nas0/pyc-research/compiled_evaluation_targets/usenix_test_set/python-3.12/2105618ea46731051e7137a687fbe7ecc3b9864a715ab0cb0907e6ce43d8f71ddbd8f10f26a064e0b12179687451d588607d82360d2ffa5f27fe9bcbc3f4c8a0/draft_diff.py)
196. driver.py [COMPILE ERROR] (path: /syssec-nas0/pyc-research/compiled_evaluation_targets/usenix_test_set/python-3.12/64719785210dcbe5d58c69f02c38f29a43e21aee07993d23f173f5a3e3ee071881386c83ee2f2eb9f4754c3d8f64ce16f5b3520ac96fa185870849bbd04e65b4/driver.py)
197. ecdf.py [RECONSTRUCTION FAILURE] (path: /syssec-nas0/pyc-research/compiled_evaluation_targets/usenix_test_set/python-3.12/78cbb1efa93ae2d758d6e8a88fe029601ebf9305712c5f055f4a61b74e6608bd49ef49e409ea4d202b51c92272c3ec719ccafee4db32b801ee10e0e337cb8155/ecdf.py)
198. engine.py [COMPILE ERROR] (path: /syssec-nas0/pyc-research/compiled_evaluation_targets/usenix_test_set/python-3.12/a0c91758708c30cf81d9b28dad13b4a0aca3768c7567cf8cd44b93efa66b90975839180b6a7454db858952022341bda3be3a20e8f263c8fcbc297f11522796cc/engine.py)
199. es.py [COMPILE ERROR] (path: /syssec-nas0/pyc-research/compiled_evaluation_targets/usenix_test_set/python-3.12/3572599aea1ac3c627725f41f8061d30d133f6ddff861358a83e5ea2df1ffbd91a520831e8cf2a10752fb071256f5f1b29085a683c56db40d632a1cf01dbcb23/es.py)
200. evaluate_sbd.py [COMPILE ERROR] (path: /syssec-nas0/pyc-research/compiled_evaluation_targets/usenix_test_set/python-3.12/b225d04a0dadd1af2bdb94806bec5ee3a506b938e054665eb5f14ab69e4623d4949aaafd9edd3e6d1134850c127f22c82ecf98b2ea0244c9ab9199dba6f3c13f/evaluate_sbd.py)
201. events.py [COMPILE ERROR] (path: /syssec-nas0/pyc-research/compiled_evaluation_targets/usenix_test_set/python-3.12/32da20fafeba008e3d5b73b0608d811343b6008645ebb446515adbf8f0b4f830629dd7bc310ce32934d02f08386481ba6fcbf0ed8a3ccdd267b52c643f03f3b6/events.py)
202. exception_handlers.py [COMPILE ERROR] (path: /syssec-nas0/pyc-research/compiled_evaluation_targets/usenix_test_set/python-3.12/72f2006ff274a1ef7b95c69cdc3c73af3f2ce3dec8918222b40ee4d2a561c15db0731f9967eb6c27918ae9a99df2cb98db513fccb800e36f0b8bfa5cb600cca7/exception_handlers.py)
203. exchange.py [COMPILE ERROR] (path: /syssec-nas0/pyc-research/compiled_evaluation_targets/usenix_test_set/python-3.12/207de057ef63c391f88906a4502e83f565a21c8dafd71e538fa72f0cccbdb40362dfccca80ac74cdda18d45bd623d81fcde1c089d864645d1fd28fb41c7f58bc/exchange.py)
204. export.py [RECONSTRUCTION FAILURE] (path: /syssec-nas0/pyc-research/compiled_evaluation_targets/usenix_test_set/python-3.12/75955dcd80a0c4f6c77525d6046bd1737f43a7494bfad37916b0bc6c6101c21d2b84a5247d45aef1186c729f84d5faeb8885140dde72a8563e8c1db8c0111592/export.py)
205. file_io.py [COMPILE ERROR] (path: /syssec-nas0/pyc-research/compiled_evaluation_targets/usenix_test_set/python-3.12/179485b361eacac5884667d7d7374a4ac6c07249285325a5669344c9f71e3169310965ec88e0f16cd9f14f50cc08eada47d93ef7d4ec067700365c63f9fc5f29/file_io.py)
206. fixedclassifier.py [RECONSTRUCTION FAILURE] (path: /syssec-nas0/pyc-research/compiled_evaluation_targets/usenix_test_set/python-3.12/4578bce1d9260192930a329402a1950c81cfc244f5bd9b96318637f307e9686ccd0abd1f39882030b3d8671aaf362e9aaf4c82dd000e5c1ca14eb57281508fe2/fixedclassifier.py)
207. flict_config.py [COMPILE ERROR] (path: /syssec-nas0/pyc-research/compiled_evaluation_targets/usenix_test_set/python-3.12/8f94c5e465d39b12a3f9923e1ddd8777a7b4854793a38dbcd583debcde7e2562deb08bd468782265b24d012bb9f4517a0d6ae5d9a230b8ac67600f8763af3925/flict_config.py)
208. fns.py [COMPILE ERROR] (path: /syssec-nas0/pyc-research/compiled_evaluation_targets/usenix_test_set/python-3.12/13c110210b211d3c1027e9fda052628eab0d8dcdfbb1012282027347049b2057de5b09a6c07767bd1d3d4feb72fe56cbf9a778ad72b011a66c050b042ac65419/fns.py)
209. format_spec.py [RECONSTRUCTION FAILURE] (path: /syssec-nas0/pyc-research/compiled_evaluation_targets/usenix_test_set/python-3.12/39e72cb2bddc8b72f468b773d48ed8a4fa6ae85648ad33027d2454e4d6281afc22e9fa8506f4249857c35e1226879efc34fd2579bbcfccb902ff9b479b95c7e0/format_spec.py)
210. frame_base.py [COMPILE ERROR] (path: /syssec-nas0/pyc-research/compiled_evaluation_targets/usenix_test_set/python-3.12/4e4a3b2514cf681ab9c9ffa1d40eb22cc45567762037bb723003c2faf563618d29eded256460443a09039ef1280e6e1513bf4ec03767a1d9ed07d515f4017deb/frame_base.py)
211. functions_api.py [COMPILE ERROR] (path: /syssec-nas0/pyc-research/compiled_evaluation_targets/usenix_test_set/python-3.12/53aa4eff32581f7672ce9fdc07057dd922bb0c3b6878df96f995b0a5c9b5a904c2d48be4eca56e36be667c0a1239cd13b8cdb24bd648c462ddc1c42829e66179/functions_api.py)
212. gdm.py [COMPILE ERROR] (path: /syssec-nas0/pyc-research/compiled_evaluation_targets/usenix_test_set/python-3.12/37290885c451e7f3ec76d92320832fa291f112f11571b60aca18a26c68d50ebdb30a21accffb303ccb83e439fe3abd86970b44f009d564422e6d863eff3c61df/gdm.py)
213. gdocs.py [RECONSTRUCTION FAILURE] (path: /syssec-nas0/pyc-research/compiled_evaluation_targets/usenix_test_set/python-3.12/b0e484a7d413aae902ea956eb43a58009ccd33fed8088108bd4f96a52723014292cce4d4b532a6aeba690c5bc9eaff24560de54b4760b86faf4807c18088ec58/gdocs.py)
214. gen_image_ops.py [COMPILE ERROR] (path: /syssec-nas0/pyc-research/compiled_evaluation_targets/usenix_test_set/python-3.12/999bc21524713b748867b3158dea753d9aa0cc5199edd18747232d269adb6d415642dc5738e643ed071f8342a437cfce51a86bc1804796969f990ca78c1b5412/gen_image_ops.py)
215. generic.py [COMPILE ERROR] (path: /syssec-nas0/pyc-research/compiled_evaluation_targets/usenix_test_set/python-3.12/a47f68856c8ae9322ac9d570382cb5df77f7cb1b18db470277f051284973c45134fb7224f43b2eb92d6fa74f9850a4aee17ad1240387292156a0a22c45e51169/generic.py)
216. genetic.py [RECONSTRUCTION FAILURE] (path: /syssec-nas0/pyc-research/compiled_evaluation_targets/usenix_test_set/python-3.12/8757a16ce5e82b2e4c8caaa13929a3a4614afb4c56b5a8fb5b94b64814155448a23194316ea07ea38cb16643eae1d5742d9057bcc8dc826fb11ffa936bf61f5a/genetic.py)
217. gerrit.py [COMPILE ERROR] (path: /syssec-nas0/pyc-research/compiled_evaluation_targets/usenix_test_set/python-3.12/af337628c2908249af7d945563ae4310623f81a3e22f2da5682395e81c858bd5754e0eca8891319677b70035f7bf163333b9da2fef91f300464e6de62bbd1c6a/gerrit.py)
218. git.py [RECONSTRUCTION FAILURE] (path: /syssec-nas0/pyc-research/compiled_evaluation_targets/usenix_test_set/python-3.12/ab0a10cd82d32ea695b1f880ae9f18bf355845f8dcd177a63a0bc2041a73103a88b5bb0423356a5aed801ffd5c74eadfea662e3c8729df0ff1066f875ddbcb38/git.py)
219. github.py [RECONSTRUCTION FAILURE] (path: /syssec-nas0/pyc-research/compiled_evaluation_targets/usenix_test_set/python-3.12/7bc6eda4c96166a483cf0731dd600640553e0e58a8f5d674a7be4ad4c9c1165b383902e76f78a295cb7cb9106f627e15d81fcf5026ab74f0f8c8e9e3b7171c1f/github.py)
220. gitlab_housekeeping.py [COMPILE ERROR] (path: /syssec-nas0/pyc-research/compiled_evaluation_targets/usenix_test_set/python-3.12/149239392ac4ec9a5d49aa4a78ccfbfd0664de6f44eb855c3d452e072fc364a431a93b2e069973d226421acd9f223601df091123270a90b78ebcf215911f076d/gitlab_housekeeping.py)
221. goto.py [COMPILE ERROR] (path: /syssec-nas0/pyc-research/compiled_evaluation_targets/usenix_test_set/python-3.12/299137a11ac93e0ff73d950a6863ab7a84635014708bfb4cd09e1d51ea77af768e9c021f5526be993f6f804d29558aeaace0b3a2039f28a0b72d6028038b06ac/goto.py)
222. gradients_util.py [COMPILE ERROR] (path: /syssec-nas0/pyc-research/compiled_evaluation_targets/usenix_test_set/python-3.12/5648588e01f4c2bcc04811c614dedb27d318d1b9b2671edb26271215ea5674ef96d05ba9f5fd4117d6ccd02b17ccc5772f3d7f9c2e34291fcebf426c86a2df64/gradients_util.py)
223. grid_finder.py [COMPILE ERROR] (path: /syssec-nas0/pyc-research/compiled_evaluation_targets/usenix_test_set/python-3.12/9adb7cace7418536c7432515bcdeb74b3ce556902914e1788bdd9ed8bc0b79769ad0ed3f1534ff8cc5b3833e77494b02883fc782f9ae8f9d804fd3705156e6af/grid_finder.py)
224. hash.py [COMPILE ERROR] (path: /syssec-nas0/pyc-research/compiled_evaluation_targets/usenix_test_set/python-3.12/5382ae909f7c383521d79391987c599b5b69a7790e2ef8684e334e3fbafabc8e04ab13cdf3670538544afd1db224672a7e789eeafa787ba49271fe7edff498c8/hash.py)
225. hide_utils.py [COMPILE ERROR] (path: /syssec-nas0/pyc-research/compiled_evaluation_targets/usenix_test_set/python-3.12/3e9b640265aa654cda4581e3cf6418aaa817f1fcd6feedc06f35dec3c6dbe7d8f18d98c5ac4c49409745f7b89a0016c11ad0a5bd89133de147958fd86000dbae/hide_utils.py)
226. hourly_market.py [RECONSTRUCTION FAILURE] (path: /syssec-nas0/pyc-research/compiled_evaluation_targets/usenix_test_set/python-3.12/930b3b7b0230241cbac45666027779601d88fcad4bd9a001487fbc951fa95860efb7efb9999a332544b02657b26f853ed37b745a28be7db7bebbeaebd41caa22/hourly_market.py)
227. html_embed.py [RECONSTRUCTION FAILURE] (path: /syssec-nas0/pyc-research/compiled_evaluation_targets/usenix_test_set/python-3.12/9a17a5d98270642bcdc7df83843bfc3c70cf64dad5bc0dcd755956873723fa289e63e3c34f677b1b2e3ce0daf53ca7c7f257954e79d05d3a53f8824dc2607310/html_embed.py)
228. http_client.py [COMPILE ERROR] (path: /syssec-nas0/pyc-research/compiled_evaluation_targets/usenix_test_set/python-3.12/75195eed5eb8f6149d580556992a29f25c2bd1e4a55864ef1e0cae34bc38172af9147507e4cf0b8d3575c01023be5eddee347114fff17c04c6215d208f81925a/http_client.py)
229. huobi.py [COMPILE ERROR] (path: /syssec-nas0/pyc-research/compiled_evaluation_targets/usenix_test_set/python-3.12/0ca8bdab8e703cade31c64c89582b74a7de7bf864064d917172058fd290934900f22cd8577549d8b7302a8607abf224211686eaab8c47f69f64b8ff86bfd1fc1/huobi.py)
230. iam.py [RECONSTRUCTION FAILURE] (path: /syssec-nas0/pyc-research/compiled_evaluation_targets/usenix_test_set/python-3.12/5c18998e99a71f26959cac3f1bda5d4480752707c3fd70f13cc1ae21c71f49a8e5557ea1786822f592947575b58aa5da131fda478d22cd25a22aedd1585958e8/iam.py)
231. identity.py [COMPILE ERROR] (path: /syssec-nas0/pyc-research/compiled_evaluation_targets/usenix_test_set/python-3.12/2f351d3f845f920ecba68a6c3e9347b964967c60aa38157cea3b08d758a5dd05cbc194715e88cb592cb2e93427ecebd318479eb3a908e5f1b414c167ee8ec9c0/identity.py)
232. info.py [RECONSTRUCTION FAILURE] (path: /syssec-nas0/pyc-research/compiled_evaluation_targets/usenix_test_set/python-3.12/5b408dd2684bc57b5412313fe43f4a77d3be22d1b961facbeec3287ced3113ab991389224bb4408b00e87bf94dac6ee66fee3c32344d1ed9ad382747e5272e07/info.py)
233. init_route.py [COMPILE ERROR] (path: /syssec-nas0/pyc-research/compiled_evaluation_targets/usenix_test_set/python-3.12/4891fb5f3d65ca5059ce9c9676b63115e3764e63a95339ea1698bec1e6551e677168aeb8769277358b64f62fb49307972b8efb2e23f30dbe41e94c752f2ea4fa/init_route.py)
234. input.py [RECONSTRUCTION FAILURE] (path: /syssec-nas0/pyc-research/compiled_evaluation_targets/usenix_test_set/python-3.12/4f48007ebf96ca10c41a087e282a16fcabd4e668a1d85dd47fa5d4979b463788f22eabf524017ad5ef3167c52856dcf02a52d95cdbf76aac8c440b1176902749/input.py)
235. interval.py [RECONSTRUCTION FAILURE] (path: /syssec-nas0/pyc-research/compiled_evaluation_targets/usenix_test_set/python-3.12/4e167e445620006fc577a863d4fb3637a862184baa280817cf606245d22ca62594ee61146695fbf1c9e769e6e50a1cac3b15998a823f4eba26b4f472a256072e/interval.py)
236. interval_lifecycle.py [COMPILE ERROR] (path: /syssec-nas0/pyc-research/compiled_evaluation_targets/usenix_test_set/python-3.12/39dd3de8a559eb00074c5244936139667e258d4aef62d1750bcedff287311bdfbf63adc3ecfe8c07c1ca525a6c6e978b167e9c2f457b7eb9b0dbc886f393e276/interval_lifecycle.py)
237. iterator.py [COMPILE ERROR] (path: /syssec-nas0/pyc-research/compiled_evaluation_targets/usenix_test_set/python-3.12/6b292028392c316b624bea1345952b3aaf3d04b7398d39c64e80e7caa8b113d8b6ab540cdf956e02b78dec1b3187817ce41f61d0c0b64d7d756c35b9cf2e1c98/iterator.py)
238. job.py [COMPILE ERROR] (path: /syssec-nas0/pyc-research/compiled_evaluation_targets/usenix_test_set/python-3.12/725e2f198c267e8eed07dee213c2fa0c5ac6d0cfe2749a2d68ab19990cb2dabf02cbf0579e55d0952205354f66f8aaa5bd4e9682d0d168ab455fbc2947040cca/job.py)
239. job.py [COMPILE ERROR] (path: /syssec-nas0/pyc-research/compiled_evaluation_targets/usenix_test_set/python-3.12/82eec94ca7098abfb0066b6bd225c11bb4eecd18c9f4cffd42b6f1ccafaf452005d2e1b8a85faef6d2d1c27bff26798fdca9a09b0792f3fe38c40c5fb2ef86ff/job.py)
240. json_format.py [COMPILE ERROR] (path: /syssec-nas0/pyc-research/compiled_evaluation_targets/usenix_test_set/python-3.12/811d12c92e619883d55077105a66ffc49f9a135e6ab4eabb4abbe6ab3faa92ed27b295d5f78a9d2a68951e7d6210e9cedd17047c4cc41a59a0ec42bc6b009ad0/json_format.py)
241. keras.py [RECONSTRUCTION FAILURE] (path: /syssec-nas0/pyc-research/compiled_evaluation_targets/usenix_test_set/python-3.12/7c8c1e60f94e9fceebb95b119b33914485a7c0cdb829881cfaaff7d7faaeef9b0af8a986d9afcff85be4c4009d3bf5e655a9761102f467449205aab947b1affe/keras.py)
242. keyvalues.py [RECONSTRUCTION FAILURE] (path: /syssec-nas0/pyc-research/compiled_evaluation_targets/usenix_test_set/python-3.12/3e2f6916afc2d8c43cb25a6db0418a3aedb662e3566aa6f085912e3460565ee21c92a430d4f67599a4a1e2c7e4d452180eca112113ebe7048c9e642baccdbe77/keyvalues.py)
243. ldap.py [COMPILE ERROR] (path: /syssec-nas0/pyc-research/compiled_evaluation_targets/usenix_test_set/python-3.12/9ac5b88a7da5ebd28c050dc78b82f0281d29f6b168103f23cd780afcd53d9fbb5a8d9293e843b3b2b2b0e5c9df5ad35de1c6e098c10923d2dbadd5748bdfd3de/ldap.py)
244. legacy_cell_wrappers.py [RECONSTRUCTION FAILURE] (path: /syssec-nas0/pyc-research/compiled_evaluation_targets/usenix_test_set/python-3.12/6cbfb40913d204fb61d4cf9ee542c1572148e4de65785f95b4c2a89df6ecc823508bfc14b0ae2d8dea98135732d9442f551e4bd3e0c4ad6c466bf2d497e1d374/legacy_cell_wrappers.py)
245. lex_attrs.py [RECONSTRUCTION FAILURE] (path: /syssec-nas0/pyc-research/compiled_evaluation_targets/usenix_test_set/python-3.12/459ec14e28556c899ee002ca5285bb361771e43295f962834ee033d6ff6e233a5d8022448be859cea9c7d033b30ac1967f95f46f33290d926e39139d6411549b/lex_attrs.py)
246. lib_backup.py [COMPILE ERROR] (path: /syssec-nas0/pyc-research/compiled_evaluation_targets/usenix_test_set/python-3.12/bf62423ec4b76f5e73585215a512942a1ea250f4e9b11d3bafe922689aeda1fd9a5f561332d8e95e176f1dea55a82104ec2f41af63680ce68436b66c51cb0067/lib_backup.py)
247. linenotify.py [COMPILE ERROR] (path: /syssec-nas0/pyc-research/compiled_evaluation_targets/usenix_test_set/python-3.12/722ca3e81041928fcf9f9995790128538e01184e8f7ff90a0ed80563ea2b915f774afbfabf97ff296ebb826e74545af089c3828a4e2d45145d85317bd8bfbec4/linenotify.py)
248. loader.py [COMPILE ERROR] (path: /syssec-nas0/pyc-research/compiled_evaluation_targets/usenix_test_set/python-3.12/06bd23c76f46501eef32a0d2c4c7889e2385f4657c50c548d7f643551e1692868a2a8a60d2e2b00fa79f661b608714bdb867ae5230bccc53eca0f0e623ec338c/loader.py)
249. loader.py [COMPILE ERROR] (path: /syssec-nas0/pyc-research/compiled_evaluation_targets/usenix_test_set/python-3.12/165996b4d7e08724204ddcb904ab832bc1eccadd66fdd294457ea9fd8d98b98cb19da77ded96548a4a46c089967413123231d356f9fad2f61cf572afa9c402ae/loader.py)
250. loading_prompt_interceptor.py [COMPILE ERROR] (path: /syssec-nas0/pyc-research/compiled_evaluation_targets/usenix_test_set/python-3.12/53f17fd3c2fada8d9a784059d7ce9ca4fd27ca86527bcbd169f269b75773e4a46c1898d7901c27581dc38666f09862519e3756327946f1ca784cfd755625cd5c/loading_prompt_interceptor.py)
251. local.py [COMPILE ERROR] (path: /syssec-nas0/pyc-research/compiled_evaluation_targets/usenix_test_set/python-3.12/16baf36c42b094aeb40740736d1017a73775fdb7c2d857bc09fad246fd8adcabf85df2780c42d08789fc40a34b3ce2f1c0ec32bcdc2e9340a25aad3fdb546623/local.py)
252. local_project_config.py [COMPILE ERROR] (path: /syssec-nas0/pyc-research/compiled_evaluation_targets/usenix_test_set/python-3.12/71d0e41dddd1d3a4ad9bd314e80b944cb148b234a853acaaa7bf6405ca9c8c932957dca01de5617df71c70f51277327a5b70476e634052ebfb2cfcbf1a866a7a/local_project_config.py)
253. log_view.py [COMPILE ERROR] (path: /syssec-nas0/pyc-research/compiled_evaluation_targets/usenix_test_set/python-3.12/178b56efffd3bf832efb44ba7322816793c16a4d8b32d4fb5f33b48512e0c4def66df5cebfbc5e5b33c685c89d9f67bd41ab6f51b0eeb3d208c7502a6c4933a2/log_view.py)
254. logger.py [COMPILE ERROR] (path: /syssec-nas0/pyc-research/compiled_evaluation_targets/usenix_test_set/python-3.12/1e8aa996533bd98bb5bc48e6a539f85c9e7ec952a65879d9638c61aa303add64c2f7da404a26a1666c1a4e089750406fe5f862dc8346a3861254c4393ac7a12e/logger.py)
255. logger.py [RECONSTRUCTION FAILURE] (path: /syssec-nas0/pyc-research/compiled_evaluation_targets/usenix_test_set/python-3.12/9d702b853334aec7447382d42a3597b757694d047e9943dfc9584de0f4cecbd70e0441016435605e645d69001de850fe8793a88d82089665eed18e304c69fb10/logger.py)
256. ls.py [RECONSTRUCTION FAILURE] (path: /syssec-nas0/pyc-research/compiled_evaluation_targets/usenix_test_set/python-3.12/0e105bf3fac776a22e7d274e91267859a138111dbf82d1646953b3e3386f8fa55e0d1ae48c6a97e802e38572b45d13493ec4e1376274aecce14fd2c2374a7dff/ls.py)
257. macroserver.py [COMPILE ERROR] (path: /syssec-nas0/pyc-research/compiled_evaluation_targets/usenix_test_set/python-3.12/ae369c846522915ad9e08c63dc190ac116e9fc44e855c8576f215f8662657764a872b1ad14d15f9e72bf559c6563cf5cd8c0ad07c29864727b1a6cabc45a047a/macroserver.py)
258. mobi_index.py [RECONSTRUCTION FAILURE] (path: /syssec-nas0/pyc-research/compiled_evaluation_targets/usenix_test_set/python-3.12/07d3fd18079d225d57f7f864b6382cc4d34b99d25d73da78f55ee5397d8c59013f4592a53783c6a719d7cf885ac001681ee74df0dfb8749ba70a365977dbd67c/mobi_index.py)
259. modules.py [RECONSTRUCTION FAILURE] (path: /syssec-nas0/pyc-research/compiled_evaluation_targets/usenix_test_set/python-3.12/87b4ce37abb18749fb4635c80ead9de60098a047b9689f9e192fdc88582342bc221edc4504ba645d322686a2cf048f5f2141d2c3d5b109463c8d7a2efc222bb0/modules.py)
260. moving_averages.py [RECONSTRUCTION FAILURE] (path: /syssec-nas0/pyc-research/compiled_evaluation_targets/usenix_test_set/python-3.12/5e987afb11bd4ae69a5dd7f45890fb820465d5587adf04738020ab01294e8ad6102cdf281a2f7d4c61f3893341c3adfbf7c95233d522cb35b5266baee1dbf45a/moving_averages.py)
261. mtv.py [COMPILE ERROR] (path: /syssec-nas0/pyc-research/compiled_evaluation_targets/usenix_test_set/python-3.12/2cffa091502bcd49fe1d4cef4a94a0acbc22c365c54213895216e38eac35d6bcf48687b2bb056f43264a81170c12ba5d8f5035a06522bac93e3c16bd955c8173/mtv.py)
262. mvr.py [RECONSTRUCTION FAILURE] (path: /syssec-nas0/pyc-research/compiled_evaluation_targets/usenix_test_set/python-3.12/338c185438eca62b9d5f0028ff363d09ef6ea45b1e0688dbe8de35704c05252584076f35e2870afbc6afb903e6239a44f2f7b1863111851cec4e9348735a9879/mvr.py)
263. mzml_file.py [COMPILE ERROR] (path: /syssec-nas0/pyc-research/compiled_evaluation_targets/usenix_test_set/python-3.12/b56a4d844c198778a85554f264db349af071a84bf841cc36c2ef919146d09d6d11a48f59bef65341e6dde3b01ce626f9a02aa2860f9c13832cf434b37f6e43fa/mzml_file.py)
264. neighbors.py [RECONSTRUCTION FAILURE] (path: /syssec-nas0/pyc-research/compiled_evaluation_targets/usenix_test_set/python-3.12/a7617adb0c35daee0e21d526a5a88eefaae98270d8f3c215152ad2401f05612f8dfeecbe1ac842062dfc6e7402b4615104d1f1bff5d10220d380e196e6490e5c/neighbors.py)
265. nlp2cron.py [COMPILE ERROR] (path: /syssec-nas0/pyc-research/compiled_evaluation_targets/usenix_test_set/python-3.12/1a2a0f472e9fb44cc5bb51b8f9087ac3a7cf5f937f79dac813197a6b578a57ecbbb1aac0b6585705320e7918bd73840d8eff7d423ca0b1fae3f6eb74aa26f5e9/nlp2cron.py)
266. no_set_for_loop.py [COMPILE ERROR] (path: /syssec-nas0/pyc-research/compiled_evaluation_targets/usenix_test_set/python-3.12/045b56c1ea3c463c77a228094cd80a89a8ba0abb1c06aa9d8fced25db26572d7967c24617f9a586320bee9dc11210073d6f1978494d3945610ce4058692a9db3/no_set_for_loop.py)
267. node.py [RECONSTRUCTION FAILURE] (path: /syssec-nas0/pyc-research/compiled_evaluation_targets/usenix_test_set/python-3.12/11c569da5982ec918257febdc6ee16e7df05dcdeb25405b450c43e3b5e17fd44979b82276347d0b68f0831d75417fa653c06df0ec46ef371bd8ea48536f69377/node.py)
268. note.py [RECONSTRUCTION FAILURE] (path: /syssec-nas0/pyc-research/compiled_evaluation_targets/usenix_test_set/python-3.12/a1652820b22683af8caf56be1c218a81fb1ac541dbe6aba2406b2b68934c413e7944580e43cb2a39cc212bf6037e6d259320236590f4cf46d573ba9c15a3d597/note.py)
269. nsq_route.py [RECONSTRUCTION FAILURE] (path: /syssec-nas0/pyc-research/compiled_evaluation_targets/usenix_test_set/python-3.12/362850697094a7a1c561244e8ec5d455bb085ed58c39734bc7b513a090225c70665964d1157e2a8a952c3233e958f104d85614617542467f3817243da2254e8a/nsq_route.py)
270. numba_.py [RECONSTRUCTION FAILURE] (path: /syssec-nas0/pyc-research/compiled_evaluation_targets/usenix_test_set/python-3.12/155f5f35e9a1427c525c705bc9dfb50e075b378eba64d9738eaee390e35c7e68ab7cdbaa6d66f082af623e0ab1afa7c80d8a71ae82772d51602d9047ba876675/numba_.py)
271. ome_tiff.py [COMPILE ERROR] (path: /syssec-nas0/pyc-research/compiled_evaluation_targets/usenix_test_set/python-3.12/6710749f23afa2e5f61f5ae1f0269b78aa78f14d6444823652b877cccef54254b460e9164289ad7e7d51a44047df851ceb245176af7be97d376a8d00fb3db1b8/ome_tiff.py)
272. ops_debug.py [RECONSTRUCTION FAILURE] (path: /syssec-nas0/pyc-research/compiled_evaluation_targets/usenix_test_set/python-3.12/77d61ae9b8bd3e52ef96fa95006d1dbeadf0146e0d32d4767855bafe9678b52b3852121dc659fb6887198a54fb9528e1d8e3325ad52800b147e4640dfe3eccce/ops_debug.py)
273. paginate.py [COMPILE ERROR] (path: /syssec-nas0/pyc-research/compiled_evaluation_targets/usenix_test_set/python-3.12/a8bfd14a0f014ed9f9803e834eda55ad7b297d13385b20b0cde324edd30af2c920cbda33e8377e32534dce443852ca20913b4e4f2d7b4254f2b9d3ce8d5b15aa/paginate.py)
274. party.py [COMPILE ERROR] (path: /syssec-nas0/pyc-research/compiled_evaluation_targets/usenix_test_set/python-3.12/377a8a7908bda0850aee334e8ce1c025a51229f38ee97ad8bc4e7c73bb8e1ec264b08e3895bcd3312a3d93168851bbd43a662765dfb4e3aa07c510fafc59413b/party.py)
275. pg_pi_measure.py [COMPILE ERROR] (path: /syssec-nas0/pyc-research/compiled_evaluation_targets/usenix_test_set/python-3.12/66e63209911280e12844b09149232e8aecc04c9576303489038d4b6e5e06e03d5ba36ee69c292430d77ff941ccffde151ce6a42b1c176c3a4bf49efd669415e9/pg_pi_measure.py)
276. phc.py [RUNTIME ERROR] (path: /syssec-nas0/pyc-research/compiled_evaluation_targets/usenix_test_set/python-3.12/b025c59e8c656aa2528af998fb330c650edf561ab41b29587c2bc0bd2ece8cf9407fc9e4f208c52ecd8d4df765f43d3060b4d22e2594241dad87bbce638b89a7/phc.py)
277. pipeline.py [COMPILE ERROR] (path: /syssec-nas0/pyc-research/compiled_evaluation_targets/usenix_test_set/python-3.12/4ba20f5a25174f2f3e06a6ed825b9721b9ecb2404024c91059be083041c0ad65ff38a83652ccc7e8e2a0dc15a563752153e09dbce7567484571da90c4e545a12/pipeline.py)
278. pkfont.py [RECONSTRUCTION FAILURE] (path: /syssec-nas0/pyc-research/compiled_evaluation_targets/usenix_test_set/python-3.12/3bcbd7e8376302af4aa0a0d664b6938a04821283b48aae124137ead2efa508ed6da8b5b8675977696a51701220532aed5872e5ce708df2f6932bc188dba8c8c8/pkfont.py)
279. platform.py [RECONSTRUCTION FAILURE] (path: /syssec-nas0/pyc-research/compiled_evaluation_targets/usenix_test_set/python-3.12/b9abbf8bfb32a6e79a5d2214682818f8615bb9efd4ab25bb42aa1e5721bb592f232e494b3914c0a4ab94f6e94a6a764312c398ed7bfe650afd127630abd6e635/platform.py)
280. plots.py [COMPILE ERROR] (path: /syssec-nas0/pyc-research/compiled_evaluation_targets/usenix_test_set/python-3.12/98ec30943dab93397c1927d854d28e7c4f84a008a2fbe33451ea3a1454f96740338a2b969db90740d0367fe3acc5da5e111d11fe2b3be5efb84144ca6d7d1bce/plots.py)
281. post.py [RECONSTRUCTION FAILURE] (path: /syssec-nas0/pyc-research/compiled_evaluation_targets/usenix_test_set/python-3.12/74c742354d7ea5760e0fbd980816c54c436e3569bd60ddad33017e854f6810603d832ff83c8da1dd6838b6875515d4d0314db67a1f70129c5663aeb7d666b71f/post.py)
282. processors.py [RECONSTRUCTION FAILURE] (path: /syssec-nas0/pyc-research/compiled_evaluation_targets/usenix_test_set/python-3.12/887e1e40d9eec30b7a390ba280e1d05d2fe026c02ebc4bf76a151487292c6b4bfdacf49762b8a4aaf4641c416e39598bf3cd38bfbe02fa447b6d40a253a2922f/processors.py)
283. projection.py [RECONSTRUCTION FAILURE] (path: /syssec-nas0/pyc-research/compiled_evaluation_targets/usenix_test_set/python-3.12/5a2b5963f5fd20d02274dad979a35a32b0c1c2c062291e875cd540e712533043f3eed0a5d390a89f22360ca8e6372c3c29595cde6d0caa53d63bc189e61db34b/projection.py)
284. pyproject_toml.py [RECONSTRUCTION FAILURE] (path: /syssec-nas0/pyc-research/compiled_evaluation_targets/usenix_test_set/python-3.12/b25857ca52823a4b1650f103b216ab3bedc4dcd0cc772dc2e52f57df63a0d3075755aaaa361b387a3ab0f842d01099f883df3c7c6cc5a33606d3e5e71ec9a356/pyproject_toml.py)
285. pytest_check_libs.py [RECONSTRUCTION FAILURE] (path: /syssec-nas0/pyc-research/compiled_evaluation_targets/usenix_test_set/python-3.12/70f1f1cada66df9074888b4c8ea3d0cc38b3be946089ac4f32b14c26b093a0fcfc9fc7500dace6365de7c1d50308cfcad0d0cf59e7760acf1730d834ad95f15f/pytest_check_libs.py)
286. readers.py [COMPILE ERROR] (path: /syssec-nas0/pyc-research/compiled_evaluation_targets/usenix_test_set/python-3.12/981c02accb75a98866e29d82dda320992e65df639e5358368008e177efff789dc03aadb877ba39ff270b13e5d78fcf121c41cc2924aa9489164204670ac55912/readers.py)
287. readers.py [RECONSTRUCTION FAILURE] (path: /syssec-nas0/pyc-research/compiled_evaluation_targets/usenix_test_set/python-3.12/292458ebbf2798030d10328b0e2c372d0ad4b811da1321050465df27c87d2b45b2cdf07f3d51ffa5a15665f8752742d45759e13d8ee5502a5d1ad92767b1e8ce/readers.py)
288. readers.py [RECONSTRUCTION FAILURE] (path: /syssec-nas0/pyc-research/compiled_evaluation_targets/usenix_test_set/python-3.12/49aeb0fd86a64fdc66ab1b78333e9e9dc3d3213c739146cea2ce88d596bc77b20498088fa63938e88b30180dc7603980d5af895c8a53616646c3372e016f9d40/readers.py)
289. renderer.py [RECONSTRUCTION FAILURE] (path: /syssec-nas0/pyc-research/compiled_evaluation_targets/usenix_test_set/python-3.12/acc2056c36386bc377bbe529fe7d7f1b671072e769c71a5568483a23f5c3c4a1c3fda87ad3401b8d583ffc911c293bb8ac1a4168576f9aabcb16fc679e88d131/renderer.py)
290. req_install.py [RECONSTRUCTION FAILURE] (path: /syssec-nas0/pyc-research/compiled_evaluation_targets/usenix_test_set/python-3.12/3fb071e493a542ec15e107737d4f92e32cda9ee46ee5ac838eabd2c028a31bfed8b72197ed33f8cc8ea7fa2a0b262b38d86da5e4634a55168a51a44409f76bc7/req_install.py)
291. resolver.py [COMPILE ERROR] (path: /syssec-nas0/pyc-research/compiled_evaluation_targets/usenix_test_set/python-3.12/903b60923df37a1c9ae4cd8f18df9e8aaaf1937493cd9b52272fc5a28df2c8ebdb4cc23338fe984037cc0bfa6bbe466aaeaafde59746c108c0afccb6e46d9264/resolver.py)
292. response.py [COMPILE ERROR] (path: /syssec-nas0/pyc-research/compiled_evaluation_targets/usenix_test_set/python-3.12/715f92026406370dfe7054392b0f3a7e1722ea58eec8aa29b19b58329bb265ad59dfb6647348efa238935d47bd3b79bcd39e0968e32725874834528c10390630/response.py)
293. revChatGPT.py [COMPILE ERROR] (path: /syssec-nas0/pyc-research/compiled_evaluation_targets/usenix_test_set/python-3.12/9d3258a76bf781ef26b07ddd418c8bb3e0760385d7ee3011538e2e0629eb7addeb9face0aa5ca1836ad95136633fe2a4e75b2ef38aa169c81d343235eb9e2406/revChatGPT.py)
294. roi_align_python.py [RECONSTRUCTION FAILURE] (path: /syssec-nas0/pyc-research/compiled_evaluation_targets/usenix_test_set/python-3.12/ba335f7f6571c7b40d59916d66b8f4a3a77b25cdc5a9f81206968aec28241f15cc1afffd923dfd59eb626a839c432b68882d97af13bc750a5d0b1c2693f23303/roi_align_python.py)
295. rpc.py [RECONSTRUCTION FAILURE] (path: /syssec-nas0/pyc-research/compiled_evaluation_targets/usenix_test_set/python-3.12/a56160182ac993e2465218e3278e46889a1d1c031e6a04360d30bf4e0c20f2160089f99ae1f9f688021082fe513813117cb31fc56f3dffed2cc2f82e59f4dbbd/rpc.py)
296. rtcrtpsender.py [COMPILE ERROR] (path: /syssec-nas0/pyc-research/compiled_evaluation_targets/usenix_test_set/python-3.12/2eb1b54d5e42d7d9eac34490c83da8586955b614b97c6aef2b2b63f86463cea2200d873c34c732b3cc536ee2d2a41a005cefb80781e34679fa263a1eb68f3a08/rtcrtpsender.py)
297. s3_website.py [COMPILE ERROR] (path: /syssec-nas0/pyc-research/compiled_evaluation_targets/usenix_test_set/python-3.12/31cac9a5f80812c996a40cd32a62bc6ee690db5f85ae90e3a29c5047acf0713c49398255f878a7afc1f66d9f64858cea9677642d136131439c553ccf46b7874a/s3_website.py)
298. saas_connector.py [COMPILE ERROR] (path: /syssec-nas0/pyc-research/compiled_evaluation_targets/usenix_test_set/python-3.12/30e9c160f4ff6be06fe15032e174f5cb8311bf353e066a12c5f48da6af5448c3dad6dfd78034034c03c17cf49134c4bc3099fb4fce796e73b5a8da91e8b23671/saas_connector.py)
299. scaleio.py [RECONSTRUCTION FAILURE] (path: /syssec-nas0/pyc-research/compiled_evaluation_targets/usenix_test_set/python-3.12/4d07fe7c2788787c191dc6c0f3b10427dc0b48873ac5a191ce59d5fbcf908cd58faf388eef473e8aa926c36ab40b99a28c035c8ef362682eb1456369678a23e7/scaleio.py)
300. schemas.py [COMPILE ERROR] (path: /syssec-nas0/pyc-research/compiled_evaluation_targets/usenix_test_set/python-3.12/045cf9f46846d988ada51284223e1d0d233ad2ac09fc1d0cf392d1dbc2e30d159a06b89b73f43150a5da1807588891e22fd3947981147e946a0e862617e06fea/schemas.py)
301. scmclient.py [RECONSTRUCTION FAILURE] (path: /syssec-nas0/pyc-research/compiled_evaluation_targets/usenix_test_set/python-3.12/118b2a1f7f9cbf2afe4b71c077de5cc28160e8aef73b7e367e3fc432b419ec3feccb462c896a91cf779ee4a4a4980c7302fa04144e69672fba9974cdfe33f096/scmclient.py)
302. scraper.py [RECONSTRUCTION FAILURE] (path: /syssec-nas0/pyc-research/compiled_evaluation_targets/usenix_test_set/python-3.12/0e2dcf37b136fdd356252318ab1801544f5681038dfe56408f910646f38425a6dfdfa6dfe65d396918c9075fde11e35de965a33e567366555ee34276f1c4396f/scraper.py)
303. screenshots.py [COMPILE ERROR] (path: /syssec-nas0/pyc-research/compiled_evaluation_targets/usenix_test_set/python-3.12/984f2a8f89ba47db288555e4862eb163784aac9a5ab6fd3f067ff3d642a1cf87753b4f9bee66b435199cfa1195331311b842732771fc3ed3744b4c21166d79ed/screenshots.py)
304. search.py [COMPILE ERROR] (path: /syssec-nas0/pyc-research/compiled_evaluation_targets/usenix_test_set/python-3.12/b80be56c6bd751dec60ae8ffdd3f72f34edc2727dc43388824aa47ccee3ca25ea2d8af028cf2fe719529bf128e1766f3f9d8fd10ea445f68242ad24145cf6387/search.py)
305. segmentation_losses.py [RECONSTRUCTION FAILURE] (path: /syssec-nas0/pyc-research/compiled_evaluation_targets/usenix_test_set/python-3.12/99047ffe0d1b2e341a015aaf31758ffbe92dbc7a0cdee4547210f5f902a95d628dd2e36d96da642116ba8dda12a65f70ff21762b3443cc9cf48fd0bb33b68a91/segmentation_losses.py)
306. semantics_utils.py [RECONSTRUCTION FAILURE] (path: /syssec-nas0/pyc-research/compiled_evaluation_targets/usenix_test_set/python-3.12/62d458e428a77097a72aa09482ed804d326b8652209da904667da53f19f7347cfbf757771e9c4904f1ed61b8dcb4f8d19d1c658cf8ce8e7b7af5fbbc86b2bc29/semantics_utils.py)
307. send_code.py [COMPILE ERROR] (path: /syssec-nas0/pyc-research/compiled_evaluation_targets/usenix_test_set/python-3.12/5837d66e8ff8f509876162d9743f125e0e09e063bf49363246ef486243f7d05dc2a7c14afd48a12e86014c68e4931870bafb9f3ff95424eb06c2faccd121e372/send_code.py)
308. serv_config.py [RECONSTRUCTION FAILURE] (path: /syssec-nas0/pyc-research/compiled_evaluation_targets/usenix_test_set/python-3.12/9b346e46eede13c6fb9228bfda674304349d944400eeec9ad277d33aee94f068087851f5f67076d4825f9378479257da55de7944a375060530f1728af4661094/serv_config.py)
309. server.py [COMPILE ERROR] (path: /syssec-nas0/pyc-research/compiled_evaluation_targets/usenix_test_set/python-3.12/1e7373a3896f1c6f1a4cd0657eebbe39ecb090327c961342f3e83faa839ef13c006c0c46b9f9f069e58f97ae49724c6d1064f68c0e20d17af2c155fe0ca7900c/server.py)
310. server.py [COMPILE ERROR] (path: /syssec-nas0/pyc-research/compiled_evaluation_targets/usenix_test_set/python-3.12/51cfe9f9267e456838ff14167187b394c00275a78f7012f390cda50cf432020cc37c5ff22a1beab9b0f4758b52938c50f0d30e3a74698e6a7e76835a0abd9f4e/server.py)
311. smtp.py [COMPILE ERROR] (path: /syssec-nas0/pyc-research/compiled_evaluation_targets/usenix_test_set/python-3.12/3f53a43b3336070fa1da8bd906f17f9e8a083606f6c1f3189d36d2a6fb52ae066b6fa3e0c6795440cacef1640079457da21ff6e3fe6b5b95dc36e844f38c45b6/smtp.py)
312. sobol.py [RECONSTRUCTION FAILURE] (path: /syssec-nas0/pyc-research/compiled_evaluation_targets/usenix_test_set/python-3.12/38291538b4b7da02a6e99643c67bfc94d7ce3f7ee82d4bf4b0ea69d76d0de02958ec11c6905542bbd7daf81b8ee3d4e809e745bd460d82f87f74e6b15d108160/sobol.py)
313. specifiers.py [COMPILE ERROR] (path: /syssec-nas0/pyc-research/compiled_evaluation_targets/usenix_test_set/python-3.12/aca7458f816c47b2739570c403518e8c88385a80db7d577d185c8002d973072b6517b5a0ae15c220228b36bd0f881432f2aca23ddaa0f96f665d292ad739d320/specifiers.py)
314. sponsored_guest_portal.py [COMPILE ERROR] (path: /syssec-nas0/pyc-research/compiled_evaluation_targets/usenix_test_set/python-3.12/76a6df95eac1f565aae286c07cbcd55e044f2dba63c2729952df41846828035df6f1c2bae46efa5101e9e31a3a8e139b165fae16124a4fb5d87f7c6e232fea5f/sponsored_guest_portal.py)
315. sqlcompiler.py [RECONSTRUCTION FAILURE] (path: /syssec-nas0/pyc-research/compiled_evaluation_targets/usenix_test_set/python-3.12/9ffe2f2b45b189cc45bafd6720073a3721cb54cdbef7821df4a7199444507922a9547653e7d564b07a5cda2d9aa1a9ed5d05e62ed1c2a910e6f34f54eed7a5a3/sqlcompiler.py)
316. starfourhundredgiglan.py [RECONSTRUCTION FAILURE] (path: /syssec-nas0/pyc-research/compiled_evaluation_targets/usenix_test_set/python-3.12/67770d418bdab573ac5b426fa0c94cec24c94de38fdc016aba7e294f164995dd4d27a96c5ceef2d48e5c2006de1b10001cf338acbb7eaf6093b3677075d0915d/starfourhundredgiglan.py)
317. static_env.py [RECONSTRUCTION FAILURE] (path: /syssec-nas0/pyc-research/compiled_evaluation_targets/usenix_test_set/python-3.12/0fa7da710e6e84fca83d9e4933d0c4b1e3b2409e7c8fede389ba25747fcb5df103840fdd0ac3a3cca65936436015885de8703fb92e98b2049b7c474ce8bb2caa/static_env.py)
318. stop_on_threshold.py [RECONSTRUCTION FAILURE] (path: /syssec-nas0/pyc-research/compiled_evaluation_targets/usenix_test_set/python-3.12/7fe0e2a4c385bbd70ea090e4694ad1f302c43c66fcf542c394c91493580c5e95f56b45ad7101943de369acca6287c2f6cbb288c91ddcfc1fa87f3172bd6d0ee1/stop_on_threshold.py)
319. story.py [RECONSTRUCTION FAILURE] (path: /syssec-nas0/pyc-research/compiled_evaluation_targets/usenix_test_set/python-3.12/4cf31b0d60ea94e9f6b3e6446e924a16b560a2e85dce670aba2ed892971ba705f1f382e5ae1fe25fbb212f9826087f524a358040837c5817e553d73be768d2ec/story.py)
320. structure_learning.py [RECONSTRUCTION FAILURE] (path: /syssec-nas0/pyc-research/compiled_evaluation_targets/usenix_test_set/python-3.12/326148351debf175d51ff8b42f45f522cca8c1076495d38b1c1266b25b575a86f8837a843a0ddcb10a77873bac4bb383e6707d0c722e1531a89fc4332baef261/structure_learning.py)
321. sync.py [RECONSTRUCTION FAILURE] (path: /syssec-nas0/pyc-research/compiled_evaluation_targets/usenix_test_set/python-3.12/60d58ae3f0c57d108bd71c4368ee4f64a36a02195f6685c27c12b20aa9724f03bb7a91ab7078718e218340a5173f31c7d6e67909fd7be3d9c5446ae51e8d08d0/sync.py)
322. system_info.py [COMPILE ERROR] (path: /syssec-nas0/pyc-research/compiled_evaluation_targets/usenix_test_set/python-3.12/5af58f5fa20c6c6dcb4dd4873aec454acf5b5bb0ccd76dd416aed46c078e99ee95dab91bd3512b35b558bea078d1458b618d7a32e8eac712f53e9c9e86890d3e/system_info.py)
323. sysutils.py [COMPILE ERROR] (path: /syssec-nas0/pyc-research/compiled_evaluation_targets/usenix_test_set/python-3.12/5e162ea864128d8222bb7d5f9e56723c7f81d4818d1a954272419f58b77f533264a968144bf2c4f7d37a429feccacf3e5c72f426d899f7e9fc73612f7757f302/sysutils.py)
324. tafunc.py [COMPILE ERROR] (path: /syssec-nas0/pyc-research/compiled_evaluation_targets/usenix_test_set/python-3.12/21350773ebba0981f8f407721439f0ead15e2512d05b64025f66966d208883328222062cc29655f88b394b1b3de14e9ca18e5c36679a5502bc7b1eb937238ef0/tafunc.py)
325. tensor_shape.py [RECONSTRUCTION FAILURE] (path: /syssec-nas0/pyc-research/compiled_evaluation_targets/usenix_test_set/python-3.12/ac631b69887a05f8b4027cefff3741658ad319d8e74985e18097700545662c03f2cee25feb0cce64683ad9043ab1134aaead421ff219bb48bd5caef7030e46ed/tensor_shape.py)
326. terraform_users.py [RECONSTRUCTION FAILURE] (path: /syssec-nas0/pyc-research/compiled_evaluation_targets/usenix_test_set/python-3.12/2334ea37f5f70750adb226d7aec5a19fa9be20845d6333fd15b6b12137b0cde2dabd98d061f93fa32a60fe87bd4030a2530540363ceeaf76d6f675fa5b4a69ca/terraform_users.py)
327. test_app.py [COMPILE ERROR] (path: /syssec-nas0/pyc-research/compiled_evaluation_targets/usenix_test_set/python-3.12/a1d4077d542628b80d6e72199245104d83f0955819c870134a0e9028ecb0d89a24fa881c2f4a8f026e550683069b20b28a9169ae30e92ec60a67620595f1a848/test_app.py)
328. test_cuts.py [COMPILE ERROR] (path: /syssec-nas0/pyc-research/compiled_evaluation_targets/usenix_test_set/python-3.12/21936af9ec59ec9870d0a0dded08f69ec6dec937661f3156c6611e9ef61510cf94b51b9dce102c2d5f32a8ec44eaef0b701159fdcc6bd3e9e94fa883e64d0c9e/test_cuts.py)
329. test_export_fits.py [COMPILE ERROR] (path: /syssec-nas0/pyc-research/compiled_evaluation_targets/usenix_test_set/python-3.12/8fabca408a89ef4a716d7f42fde67c3b56dbbe735424fa7e1ef59ba4dc20e8500026e92fde6f352940a8c7d7618ea121e5297f2866d70c3249dee82245b23c60/test_export_fits.py)
330. test_interactiveshell.py [RECONSTRUCTION FAILURE] (path: /syssec-nas0/pyc-research/compiled_evaluation_targets/usenix_test_set/python-3.12/6e3d9a9879ba7a2f87ceea3267f6495367b6901a3a62ab5ca1956b572f732ea8e4bf764112443009e67106dee288707cdc74cb4ccb1de47f638407dc265c9690/test_interactiveshell.py)
331. test_misc.py [COMPILE ERROR] (path: /syssec-nas0/pyc-research/compiled_evaluation_targets/usenix_test_set/python-3.12/4fd8062ca760560c7deb84d4b478cd74449cd92c29ec71531d6cb8d307245adfac929d0f2ac463dbe0cb7f4c7039e3ca84ab5637dc31d8e7648634f642350913/test_misc.py)
332. test_repl.py [RECONSTRUCTION FAILURE] (path: /syssec-nas0/pyc-research/compiled_evaluation_targets/usenix_test_set/python-3.12/8f1f36ad5203da22ffc220aded9edbbdedab0c550a814cff2c796415190cd08297619a9361429d58d7ec9aa2678d1337630337581dd406521a8811b354e80da4/test_repl.py)
333. test_ring_buffer2.py [RECONSTRUCTION FAILURE] (path: /syssec-nas0/pyc-research/compiled_evaluation_targets/usenix_test_set/python-3.12/7d192ee11689a11bf12f1eb1e88d0919effa3ef6db873d0a860d300440787e9b2cf867141a1fac2e1b5ed113e066254d7e75732a2ebf60d5d79a3a53ef1dd0d2/test_ring_buffer2.py)
334. test_script.py [RECONSTRUCTION FAILURE] (path: /syssec-nas0/pyc-research/compiled_evaluation_targets/usenix_test_set/python-3.12/6c0b8b91347e2ee8afa8caa2f5ea75d7cef8c7490df71a868488aabcc7fb17a8a2c2fac4d38ac50ac231d9f7b6d80e6345d76b14e5eb3e089bbbeb1ebcafbe18/test_script.py)
335. test_session_controller.py [COMPILE ERROR] (path: /syssec-nas0/pyc-research/compiled_evaluation_targets/usenix_test_set/python-3.12/b7cf636c01a6db8eaa8d68ee32bd72af709b74372b9d254653fc0b7c884eb78338b8f641fdbd8edc2c6a4364c7d2f24c11972f0ecfac418b8004662d40a55a1e/test_session_controller.py)
336. test_stata.py [COMPILE ERROR] (path: /syssec-nas0/pyc-research/compiled_evaluation_targets/usenix_test_set/python-3.12/45a5c3713460f9c2a0c0547ae2ba035aca9f6c28111877390a9f9f7549fd9fc920021d731cc861533bc0d886a8584714908b7fb62b0740411ccd3654d05c375d/test_stata.py)
337. tests.py [RECONSTRUCTION FAILURE] (path: /syssec-nas0/pyc-research/compiled_evaluation_targets/usenix_test_set/python-3.12/a00a64c819b921884ee3514bb1fe497270232d354cec7deae55196af001cd6e1454554afd781d8c16a19fece41bafef52acc05b2630126d309eb077a801f59b9/tests.py)
338. tf_decorator.py [RECONSTRUCTION FAILURE] (path: /syssec-nas0/pyc-research/compiled_evaluation_targets/usenix_test_set/python-3.12/254c689ac47da6c3f3cb3866791e1ef398c610a944010f95afe45b1d3dca168bb5b790a1dd450fb5420ace468b65d0c2e1ec7e405472d869c8210304eef609c7/tf_decorator.py)
339. tokenizer.py [RECONSTRUCTION FAILURE] (path: /syssec-nas0/pyc-research/compiled_evaluation_targets/usenix_test_set/python-3.12/12ce9242a1055a6b5a0c042e5efa554829d399194e4050148d88b585fb1f8f23e6828f65258e411e13ed10a33194b44edc23bd2889c493a6e86bfc60a8240eb0/tokenizer.py)
340. tools.py [RUNTIME ERROR] (path: /syssec-nas0/pyc-research/compiled_evaluation_targets/usenix_test_set/python-3.12/14920d907cd7c08763023fe6ab3b9840dad434322919ed3fc0e435f406014a05db6fc80f4a147e7ea6ff21f0ed03a7e1a366f375b913cfbc88271e2a048c7e42/tools.py)
341. tracked_thread.py [COMPILE ERROR] (path: /syssec-nas0/pyc-research/compiled_evaluation_targets/usenix_test_set/python-3.12/759ac99e27475c933cf685b0a66d632ef13b9a5c18c0cb9b432232b66ddf106c2e151f2071e19056398a2e147bb78f903245f484b60aaba0aaf52bdb0f4faa88/tracked_thread.py)
342. tracker.py [COMPILE ERROR] (path: /syssec-nas0/pyc-research/compiled_evaluation_targets/usenix_test_set/python-3.12/2de1b380508d964b2cda7a1777cc1bc10c0b840475e712c992d605faaffdb1ce6f4d74e0b589e36c8a4c23f7ca8ff86b328d4ba7ea33cf093d27115e9f4155b0/tracker.py)
343. tracking_async_web_channel.py [COMPILE ERROR] (path: /syssec-nas0/pyc-research/compiled_evaluation_targets/usenix_test_set/python-3.12/6b471bbbc6f9d56084d19aee4fbfa1913b6e43135a1713abff8776197c14e6f4451c518c492acdaf73d745340adeb1674d53c0d9c50859f100a86562619fa67b/tracking_async_web_channel.py)
344. transform.py [COMPILE ERROR] (path: /syssec-nas0/pyc-research/compiled_evaluation_targets/usenix_test_set/python-3.12/7bf250992e72d9739c20ece85d6f33f0f11151263c9b63565bbf40e86670388cc0649f7e1e8c69b19e8efca7551921b7f60c1e26998282f37aa81ace6dbb00d4/transform.py)
345. tui.py [COMPILE ERROR] (path: /syssec-nas0/pyc-research/compiled_evaluation_targets/usenix_test_set/python-3.12/5e7552039d58a8ea0ed28f29b52ab65627ce9a3530bb41b8dc20ebd8dd85b079968c33e217e192a2a9ff3e264e048b2505380b7bb50531a734e7876600abe279/tui.py)
346. tunnel.py [COMPILE ERROR] (path: /syssec-nas0/pyc-research/compiled_evaluation_targets/usenix_test_set/python-3.12/5e0bae32c002f88ce7523e688bb5f69e24aacf981757bd57a3b545f6298e9d751092960c44eb2fd2087ddbdd4aaae2f54bfc13ef12d6b22fe57e3543d7d9d1d9/tunnel.py)
347. type.py [RECONSTRUCTION FAILURE] (path: /syssec-nas0/pyc-research/compiled_evaluation_targets/usenix_test_set/python-3.12/2a1cf45f9fe2ac350f041d0b3e18959401d0ae88489b01e73d65883c364ac78b050aa0b246b12cc5d69bb4dd536cbd605e7f765e9827205e204adae7459eefec/type.py)
348. types.py [RECONSTRUCTION FAILURE] (path: /syssec-nas0/pyc-research/compiled_evaluation_targets/usenix_test_set/python-3.12/7be97164110cc7e5e3683a3cf62d8aa8e144687de2ed377a116e25b7444c544480d500c51cd574e0deb897fbb577404f38b65c8bbc42a2ee34f5674b0ac6fafe/types.py)
349. unfuddle.py [COMPILE ERROR] (path: /syssec-nas0/pyc-research/compiled_evaluation_targets/usenix_test_set/python-3.12/85ba58e4e5c299dd1aa75e011df101af8c02cbc5095adcb21093f4caf488fb7d93b4d2772e82e0bdf335abfe2e265ade5daf99c9a23f2a8ec14cc0d60e5d187c/unfuddle.py)
350. unitofwork.py [RECONSTRUCTION FAILURE] (path: /syssec-nas0/pyc-research/compiled_evaluation_targets/usenix_test_set/python-3.12/55a8e022808f0fcb58f0882f0c739bbce3156bfb5b9f53f7ce4038a6f84216347f581f6e22562457faded992533475621a345aa7c0ac49bca3667b1651c68989/unitofwork.py)
351. universe.py [COMPILE ERROR] (path: /syssec-nas0/pyc-research/compiled_evaluation_targets/usenix_test_set/python-3.12/06ab004839a2e1dd31a7e6cf420a07de4e2d3d619345e9ba7291b0d9739123e5ec600fad145f7a912d6e4a1e1caa2aa12a284f88e256cfb52ff3fe8ed6cfabab/universe.py)
352. upload_file_service [2022.8.26].py [COMPILE ERROR] (path: /syssec-nas0/pyc-research/compiled_evaluation_targets/usenix_test_set/python-3.12/88935e3ec53dc58592912b43cd90553431353a33811a1434a10eb772704b8f03829c1517e384ea68c12db8ba168db719ed7f225cc54d27f489d2bbd68eac2aa6/upload_file_service [2022.8.26].py)
353. util.py [COMPILE ERROR] (path: /syssec-nas0/pyc-research/compiled_evaluation_targets/usenix_test_set/python-3.12/173664a641938d81ad2214de37929d6ce75c82e22c585f7457e1c974950d64d8732b1935d0cf5505f248ad7dd6124e1e48a09fce4a87ca0cb655bf37b9bda984/util.py)
354. util.py [COMPILE ERROR] (path: /syssec-nas0/pyc-research/compiled_evaluation_targets/usenix_test_set/python-3.12/afd87882e5a6e9253a2fb57e4be76ee1f1cdc2cba28c76551f7ad6719c9fdd888d66a2940a2d3a0128dc91d88ac21928df34504500fd711aa4b86cf83d7db5d4/util.py)
355. utils.py [COMPILE ERROR] (path: /syssec-nas0/pyc-research/compiled_evaluation_targets/usenix_test_set/python-3.12/1527730a6740d076746560df2b16254899131725c4bcdd88f9e1c71c227ecba13d9f950d5dc501736da4cd8d770dd5c6667ea5ab76d999afd110cab29c8b311b/utils.py)
356. utils.py [COMPILE ERROR] (path: /syssec-nas0/pyc-research/compiled_evaluation_targets/usenix_test_set/python-3.12/1b3a452dd92080f02b2e45554c837eb9307cde04636e6fb5ed67635036d398b05c81b741ebea817e497a0afe60f9483303a56aba8f18c088eec8cba5b49b15e0/utils.py)
357. utils.py [COMPILE ERROR] (path: /syssec-nas0/pyc-research/compiled_evaluation_targets/usenix_test_set/python-3.12/2b127d1e5201a4fdfd1f5b62874303220ddb1770de1cfed0f3096f86475b1d1d7700419f6e430bd561a6f0b674dfdb1edeac0542a0884c024ed2342df0d13a1c/utils.py)
358. utils.py [COMPILE ERROR] (path: /syssec-nas0/pyc-research/compiled_evaluation_targets/usenix_test_set/python-3.12/5e795d8ce4b5f17f9192977a1406545897247da0a4ecb4da4144674e38a6e32b9ec0e61def1a3f003314512407c694b25612e6e0e84e562256961aceb0a40dc5/utils.py)
359. utils.py [COMPILE ERROR] (path: /syssec-nas0/pyc-research/compiled_evaluation_targets/usenix_test_set/python-3.12/a201699110d6e06b5c3fcc2f3c12db9180f842409ac99d03286642835aef0dc6f101cfd4101f04a0b1588eed2ccb77105142ae46e9e99bf410816f555ab11190/utils.py)
360. utils.py [COMPILE ERROR] (path: /syssec-nas0/pyc-research/compiled_evaluation_targets/usenix_test_set/python-3.12/bf090408ae7810d39ff1faadeb6f17f5b8baf5dd25b7940828bfacafd9f737260cbdd8672fe3e1c19a9aabc09421e118855a0d47f1dbaf0aa03710c50b1caf8d/utils.py)
361. utypes.py [RECONSTRUCTION FAILURE] (path: /syssec-nas0/pyc-research/compiled_evaluation_targets/usenix_test_set/python-3.12/62e1202c14217245d475532c4ec7af57e54d6e91656997af475081f14416bdca6fb0e62701fa7dc9733bc3acdea7f1f2d745c5746097a33b274aa9afa4df0c5d/utypes.py)
362. values.py [COMPILE ERROR] (path: /syssec-nas0/pyc-research/compiled_evaluation_targets/usenix_test_set/python-3.12/86e34de67958450d591321f631587a1d6004642b4a14d9699615cfdf65332f00bcdd295d7fab7c67c77515e9762b3cac0f986166026b72f1fc2e8c44373761f7/values.py)
363. views.py [COMPILE ERROR] (path: /syssec-nas0/pyc-research/compiled_evaluation_targets/usenix_test_set/python-3.12/3fd06313ca4411e2f3c6579ae9bd3400443ca6646b50d7ba00f40a816c7a3443bd40b49bc7d892311306a99a9400c125698aed23b6ae7cba5ec56220b5f567e3/views.py)
364. views.py [RECONSTRUCTION FAILURE] (path: /syssec-nas0/pyc-research/compiled_evaluation_targets/usenix_test_set/python-3.12/810104722d80b0367b9d53f14960dd72760905530fe03f6c65cc34b4f52a655e5bcfdc9378f8ba43d27064d4dfef81ed5adc181824e55f08a7063a239036f40b/views.py)
365. web_test.py [RECONSTRUCTION FAILURE] (path: /syssec-nas0/pyc-research/compiled_evaluation_targets/usenix_test_set/python-3.12/a1c59c9625b86f0da697da06b3448ef66b84706e6bc4ce473fa0bf1b551666bbdcdba0ac537afd342923b5fbff5a3e7e54c5f7fa3972c59b811b43fdbfeda1e6/web_test.py)
366. windowDevelop.py [COMPILE ERROR] (path: /syssec-nas0/pyc-research/compiled_evaluation_targets/usenix_test_set/python-3.12/65fac04376a5536ac05dee58f464be1b78350155dac1b0cef08748109c2f62d27c60e14443f4eef3a5d12006f7e88c081f59ca62e43acc32ad86d2a3b9d24f33/windowDevelop.py)
367. wireless_profile.py [COMPILE ERROR] (path: /syssec-nas0/pyc-research/compiled_evaluation_targets/usenix_test_set/python-3.12/7e975453092f478b1ae2addaa1b33e75a18ef00cd2bdf2458a1b105d6a9c73259afac891d6ec956eae5fac40937e9ed7b95613cd6e193d53842faebe787b5e73/wireless_profile.py)
368. xyzgrid.py [COMPILE ERROR] (path: /syssec-nas0/pyc-research/compiled_evaluation_targets/usenix_test_set/python-3.12/825363f94f1760d0889e06df93fdcf815450e2d868116f6f79947655c3e8bf46c7b5864e6079836e880f5b181e35e10e818cb21bbe4de4ce7d001fa977024e81/xyzgrid.py)
369. yizhibo_facepp_compare.py [RECONSTRUCTION FAILURE] (path: /syssec-nas0/pyc-research/compiled_evaluation_targets/usenix_test_set/python-3.12/49a0a745baccf20c88042529f9ebe4895a5af4dddb6459aca37dfe5b5990524caf929625bc3839d5557f092f189d487627d994aab65a90fcb5b827791e4841a7/yizhibo_facepp_compare.py)
370. zone_record_api.py [COMPILE ERROR] (path: /syssec-nas0/pyc-research/compiled_evaluation_targets/usenix_test_set/python-3.12/229ed2d0657a96e40250b3e05b7e91e29d99ecd5855c4a6f685dba13fa72770a78fb1a6ae5c1a011c98c8e3001467fe7832437111aca935352901e261f2b67c5/zone_record_api.py)
371. zylaalignpanel.py [COMPILE ERROR] (path: /syssec-nas0/pyc-research/compiled_evaluation_targets/usenix_test_set/python-3.12/7ca0a5e84178573c50af2b5cbce325128cff0dc98fc60c5749fb3ca45560b1fd99644993186f9b25a8033861d9cd5937d89b3dd35d5d532b6e5ece997c10a6ba/zylaalignpanel.py)

=== Detailed Breakdown ===

Runtime Errors:
1. actioncontroller.py (path: /syssec-nas0/pyc-research/compiled_evaluation_targets/usenix_test_set/python-3.12/3b3c6531b4c875a8c8a66566dcedaaab7c6dfe097bff7bf7bf0b00bee13ff4ce76816ace4e3936422ac7e7534571ec87978afd2f19fe5131e0ae309c5a8a3716/actioncontroller.py)
2. phc.py (path: /syssec-nas0/pyc-research/compiled_evaluation_targets/usenix_test_set/python-3.12/b025c59e8c656aa2528af998fb330c650edf561ab41b29587c2bc0bd2ece8cf9407fc9e4f208c52ecd8d4df765f43d3060b4d22e2594241dad87bbce638b89a7/phc.py)
3. tools.py (path: /syssec-nas0/pyc-research/compiled_evaluation_targets/usenix_test_set/python-3.12/14920d907cd7c08763023fe6ab3b9840dad434322919ed3fc0e435f406014a05db6fc80f4a147e7ea6ff21f0ed03a7e1a366f375b913cfbc88271e2a048c7e42/tools.py)

Compile Errors:
1. 10717-normalized.py (path: /syssec-nas0/pyc-research/compiled_evaluation_targets/usenix_test_set/python-3.12/10717/10717-normalized.py)
2. 10822-normalized.py (path: /syssec-nas0/pyc-research/compiled_evaluation_targets/usenix_test_set/python-3.12/10822/10822-normalized.py)
3. 12082-normalized.py (path: /syssec-nas0/pyc-research/compiled_evaluation_targets/usenix_test_set/python-3.12/12082/12082-normalized.py)
4. 12181-normalized.py (path: /syssec-nas0/pyc-research/compiled_evaluation_targets/usenix_test_set/python-3.12/12181/12181-normalized.py)
5. 12304-normalized.py (path: /syssec-nas0/pyc-research/compiled_evaluation_targets/usenix_test_set/python-3.12/12304/12304-normalized.py)
6. 12495-normalized.py (path: /syssec-nas0/pyc-research/compiled_evaluation_targets/usenix_test_set/python-3.12/12495/12495-normalized.py)
7. 12506-normalized.py (path: /syssec-nas0/pyc-research/compiled_evaluation_targets/usenix_test_set/python-3.12/12506/12506-normalized.py)
8. 12509-normalized.py (path: /syssec-nas0/pyc-research/compiled_evaluation_targets/usenix_test_set/python-3.12/12509/12509-normalized.py)
9. 12641-normalized.py (path: /syssec-nas0/pyc-research/compiled_evaluation_targets/usenix_test_set/python-3.12/12641/12641-normalized.py)
10. 12678-normalized.py (path: /syssec-nas0/pyc-research/compiled_evaluation_targets/usenix_test_set/python-3.12/12678/12678-normalized.py)
11. 12911-normalized.py (path: /syssec-nas0/pyc-research/compiled_evaluation_targets/usenix_test_set/python-3.12/12911/12911-normalized.py)
12. 14056-normalized.py (path: /syssec-nas0/pyc-research/compiled_evaluation_targets/usenix_test_set/python-3.12/14056/14056-normalized.py)
13. 15016-normalized.py (path: /syssec-nas0/pyc-research/compiled_evaluation_targets/usenix_test_set/python-3.12/15016/15016-normalized.py)
14. 15172-normalized.py (path: /syssec-nas0/pyc-research/compiled_evaluation_targets/usenix_test_set/python-3.12/15172/15172-normalized.py)
15. 15218-normalized.py (path: /syssec-nas0/pyc-research/compiled_evaluation_targets/usenix_test_set/python-3.12/15218/15218-normalized.py)
16. 15325-normalized.py (path: /syssec-nas0/pyc-research/compiled_evaluation_targets/usenix_test_set/python-3.12/15325/15325-normalized.py)
17. 15397-normalized.py (path: /syssec-nas0/pyc-research/compiled_evaluation_targets/usenix_test_set/python-3.12/15397/15397-normalized.py)
18. 16104-normalized.py (path: /syssec-nas0/pyc-research/compiled_evaluation_targets/usenix_test_set/python-3.12/16104/16104-normalized.py)
19. 16216-normalized.py (path: /syssec-nas0/pyc-research/compiled_evaluation_targets/usenix_test_set/python-3.12/16216/16216-normalized.py)
20. 16522-normalized.py (path: /syssec-nas0/pyc-research/compiled_evaluation_targets/usenix_test_set/python-3.12/16522/16522-normalized.py)
21. 16795-normalized.py (path: /syssec-nas0/pyc-research/compiled_evaluation_targets/usenix_test_set/python-3.12/16795/16795-normalized.py)
22. 17189-normalized.py (path: /syssec-nas0/pyc-research/compiled_evaluation_targets/usenix_test_set/python-3.12/17189/17189-normalized.py)
23. 17430-normalized.py (path: /syssec-nas0/pyc-research/compiled_evaluation_targets/usenix_test_set/python-3.12/17430/17430-normalized.py)
24. 17505-normalized.py (path: /syssec-nas0/pyc-research/compiled_evaluation_targets/usenix_test_set/python-3.12/17505/17505-normalized.py)
25. 18049-normalized.py (path: /syssec-nas0/pyc-research/compiled_evaluation_targets/usenix_test_set/python-3.12/18049/18049-normalized.py)
26. 1984-normalized.py (path: /syssec-nas0/pyc-research/compiled_evaluation_targets/usenix_test_set/python-3.12/1984/1984-normalized.py)
27. 19950-normalized.py (path: /syssec-nas0/pyc-research/compiled_evaluation_targets/usenix_test_set/python-3.12/19950/19950-normalized.py)
28. 20-normalized.py (path: /syssec-nas0/pyc-research/compiled_evaluation_targets/usenix_test_set/python-3.12/20/20-normalized.py)
29. 20064-normalized.py (path: /syssec-nas0/pyc-research/compiled_evaluation_targets/usenix_test_set/python-3.12/20064/20064-normalized.py)
30. 20445-normalized.py (path: /syssec-nas0/pyc-research/compiled_evaluation_targets/usenix_test_set/python-3.12/20445/20445-normalized.py)
31. 20452-normalized.py (path: /syssec-nas0/pyc-research/compiled_evaluation_targets/usenix_test_set/python-3.12/20452/20452-normalized.py)
32. 21195-normalized.py (path: /syssec-nas0/pyc-research/compiled_evaluation_targets/usenix_test_set/python-3.12/21195/21195-normalized.py)
33. 21245-normalized.py (path: /syssec-nas0/pyc-research/compiled_evaluation_targets/usenix_test_set/python-3.12/21245/21245-normalized.py)
34. 21583-normalized.py (path: /syssec-nas0/pyc-research/compiled_evaluation_targets/usenix_test_set/python-3.12/21583/21583-normalized.py)
35. 21753-normalized.py (path: /syssec-nas0/pyc-research/compiled_evaluation_targets/usenix_test_set/python-3.12/21753/21753-normalized.py)
36. 22039-normalized.py (path: /syssec-nas0/pyc-research/compiled_evaluation_targets/usenix_test_set/python-3.12/22039/22039-normalized.py)
37. 22049-normalized.py (path: /syssec-nas0/pyc-research/compiled_evaluation_targets/usenix_test_set/python-3.12/22049/22049-normalized.py)
38. 224-normalized.py (path: /syssec-nas0/pyc-research/compiled_evaluation_targets/usenix_test_set/python-3.12/224/224-normalized.py)
39. 2395-normalized.py (path: /syssec-nas0/pyc-research/compiled_evaluation_targets/usenix_test_set/python-3.12/2395/2395-normalized.py)
40. 264-normalized.py (path: /syssec-nas0/pyc-research/compiled_evaluation_targets/usenix_test_set/python-3.12/264/264-normalized.py)
41. 3240-normalized.py (path: /syssec-nas0/pyc-research/compiled_evaluation_targets/usenix_test_set/python-3.12/3240/3240-normalized.py)
42. 34-normalized.py (path: /syssec-nas0/pyc-research/compiled_evaluation_targets/usenix_test_set/python-3.12/34/34-normalized.py)
43. 3630-normalized.py (path: /syssec-nas0/pyc-research/compiled_evaluation_targets/usenix_test_set/python-3.12/3630/3630-normalized.py)
44. 4171-normalized.py (path: /syssec-nas0/pyc-research/compiled_evaluation_targets/usenix_test_set/python-3.12/4171/4171-normalized.py)
45. 5316-normalized.py (path: /syssec-nas0/pyc-research/compiled_evaluation_targets/usenix_test_set/python-3.12/5316/5316-normalized.py)
46. 5322-normalized.py (path: /syssec-nas0/pyc-research/compiled_evaluation_targets/usenix_test_set/python-3.12/5322/5322-normalized.py)
47. 5450-normalized.py (path: /syssec-nas0/pyc-research/compiled_evaluation_targets/usenix_test_set/python-3.12/5450/5450-normalized.py)
48. 6584-normalized.py (path: /syssec-nas0/pyc-research/compiled_evaluation_targets/usenix_test_set/python-3.12/6584/6584-normalized.py)
49. 6854-normalized.py (path: /syssec-nas0/pyc-research/compiled_evaluation_targets/usenix_test_set/python-3.12/6854/6854-normalized.py)
50. 6906-normalized.py (path: /syssec-nas0/pyc-research/compiled_evaluation_targets/usenix_test_set/python-3.12/6906/6906-normalized.py)
51. 7368-normalized.py (path: /syssec-nas0/pyc-research/compiled_evaluation_targets/usenix_test_set/python-3.12/7368/7368-normalized.py)
52. 7865-normalized.py (path: /syssec-nas0/pyc-research/compiled_evaluation_targets/usenix_test_set/python-3.12/7865/7865-normalized.py)
53. 8493-normalized.py (path: /syssec-nas0/pyc-research/compiled_evaluation_targets/usenix_test_set/python-3.12/8493/8493-normalized.py)
54. 8494-normalized.py (path: /syssec-nas0/pyc-research/compiled_evaluation_targets/usenix_test_set/python-3.12/8494/8494-normalized.py)
55. GeneticAlgorithm.py (path: /syssec-nas0/pyc-research/compiled_evaluation_targets/usenix_test_set/python-3.12/906842a96f866080826950088ca39796495fe1a1f5c804861963aa85c40b5b68a412a6aea1345849cebf7352870a640a27b4239f13c294ff9b8579dac3216186/GeneticAlgorithm.py)
56. InfinityFlow_Utilities.py (path: /syssec-nas0/pyc-research/compiled_evaluation_targets/usenix_test_set/python-3.12/157c98a8789f51f4ced9c4091ce9c5bfe830da8f01e515a4dc242f01e261ebdee6c1f079b0c4287e78b4b515098a7fe83139e01809f5264c3a173e1e8b3ae08e/InfinityFlow_Utilities.py)
57. NotifyRyver.py (path: /syssec-nas0/pyc-research/compiled_evaluation_targets/usenix_test_set/python-3.12/6d343ee5495ed08133701c2bdd9380e77387ac43f05be2d5754ff70a535bdb5ae8dd3057842591744f7d34e2a2971af9f477416c7fc65527890e50503aeb78e2/NotifyRyver.py)
58. OHConverter.py (path: /syssec-nas0/pyc-research/compiled_evaluation_targets/usenix_test_set/python-3.12/23fc751af17263629094a44cccce24942e6bd1373ef7b3fe084b6ffe15987a10c7a5082c8ce7a50342a06722b2a9a7fb24380160ad59d521e553e9967b3535f2/OHConverter.py)
59. VortexTcpMemoryLeakPayloadTest.py (path: /syssec-nas0/pyc-research/compiled_evaluation_targets/usenix_test_set/python-3.12/23b1c62d5b00c824059ae360348cbf3c72c31fb6bc981051cf52d9f902201be355d949be4656576da1eea2ebb4a97a74bde96781dd1a0392d98788608951d066/VortexTcpMemoryLeakPayloadTest.py)
60. __main__.py (path: /syssec-nas0/pyc-research/compiled_evaluation_targets/usenix_test_set/python-3.12/2155c2df322aaefb5671d3991f5a555a0498239fef87985cdb1cee639518a5f6b4d26096ac7298a36c4619e4212cfd09863e44bf276ef322899e0903308f2975/__main__.py)
61. __main__.py (path: /syssec-nas0/pyc-research/compiled_evaluation_targets/usenix_test_set/python-3.12/958297d91487041aecbf0e74ebfba23de908f4a8cf7fc02eb28319b378520830ac6890a3ee0bf3e65f5aaafac62d6014dac4138fbcd181e62f44700e65933be5/__main__.py)
62. _fileobjectposix.py (path: /syssec-nas0/pyc-research/compiled_evaluation_targets/usenix_test_set/python-3.12/4cd9c561cae81f5fb527b46be6380adc0c8726b9ff4af665558e6818b71a96ac581e5ac08d2190c43c7b5be397b9bee386dd74fc58eb3fe83657ee6e0ae34eb3/_fileobjectposix.py)
63. _pslinux.py (path: /syssec-nas0/pyc-research/compiled_evaluation_targets/usenix_test_set/python-3.12/3dc2b2e1804a6e00edd9873cf7b12ecfecc4c4eb68d56923db73db6bd67daea277a57990154bf0391f389af4077771bc286b68bc4528b0bce07243fc75768e86/_pslinux.py)
64. _reader.py (path: /syssec-nas0/pyc-research/compiled_evaluation_targets/usenix_test_set/python-3.12/11a63dd9377450f3d00148b7d005f8ef1b3f7d4cca78702cdc892f565c9ba55d4fc2f3f0ac6bbab1a9968ed5590a0331f5039f24dfef3cdd152a52109dc0266b/_reader.py)
65. adapter.py (path: /syssec-nas0/pyc-research/compiled_evaluation_targets/usenix_test_set/python-3.12/90adfbb55d9823001a500ccef17b56acead81f4eb10eded3ee78c6107af3fa221beb222c87a68ab3bd4033764889ab313053dbe3d29501013dce18cae5c5615b/adapter.py)
66. adaptivegreedy.py (path: /syssec-nas0/pyc-research/compiled_evaluation_targets/usenix_test_set/python-3.12/0216940ebc56919f58d53da0bef5efa9bd0dc537788fecc44a081aea3014de54d3fdaa1891698ef7a677b5a705e5ff316c9057e5107c0c33507c2863590bead2/adaptivegreedy.py)
67. agent1.py (path: /syssec-nas0/pyc-research/compiled_evaluation_targets/usenix_test_set/python-3.12/410462cd2466321ac53fd8eb5324bdf638208ee22dd508860ab87eae0a327029ec7a40d48c8214c165ca7082cf700e473ff23c8c5dda9dec67aec8244cdd38f8/agent1.py)
68. aliases.py (path: /syssec-nas0/pyc-research/compiled_evaluation_targets/usenix_test_set/python-3.12/4e8858ea6e77601ff8b520869f21fa274bc9e1b559dac0f7e53d4a4f8ebc13fe097975395c64395cabf9f7ed6e41a5137728d44c23070ebde457ed2d884e88c6/aliases.py)
69. api.py (path: /syssec-nas0/pyc-research/compiled_evaluation_targets/usenix_test_set/python-3.12/556e9b94a3354791b440b1d8b0c1e1ae3e7f0f2e51034d5846fd131709419db2a6cb8985125974e93e6a194db8187fc8c9df22a0d5a942af5b94a108fc0d401a/api.py)
70. api.py (path: /syssec-nas0/pyc-research/compiled_evaluation_targets/usenix_test_set/python-3.12/75756b16713040aa5b384a90bda2524eae5e92a4e0cf3063aae05bfd714ecf4652011eef0ff9c633e344f244c90b641bf998beca633707009042a112ad3da9cb/api.py)
71. api.py (path: /syssec-nas0/pyc-research/compiled_evaluation_targets/usenix_test_set/python-3.12/90c3deef6451f68b810838e2885bb3f7222412b94ad2b1ce95503deba7403570faf79cb229997b5d79206444c66d3e44b558df150aa0dda6c295392b7c15f0d8/api.py)
72. api_client.py (path: /syssec-nas0/pyc-research/compiled_evaluation_targets/usenix_test_set/python-3.12/1dc20f687c762058897aefa7398495b75d7d8dd6ccd381f6499dc57f0928988129aee0b7892311820588ffdca6412744d6998c9bdf15d5859751cddf7efe1d00/api_client.py)
73. app.py (path: /syssec-nas0/pyc-research/compiled_evaluation_targets/usenix_test_set/python-3.12/c0649bfffa482217fb6e9d7af7303bc114931737ac86c12d22fad5176ba12464d052fa2a94bb70c42d910472d7d1936c22996c1d410aeb2dc3b52d5478364670/app.py)
74. app_config.py (path: /syssec-nas0/pyc-research/compiled_evaluation_targets/usenix_test_set/python-3.12/7fa92c8992e447bd52db5fedf3a76a9b2d1545f1c7a7ca8742a045125159770c9ac78ca26931a14d99e4b387a667c2199a9aeea365642e0359d223cab9e15d99/app_config.py)
75. az_cis_check4.py (path: /syssec-nas0/pyc-research/compiled_evaluation_targets/usenix_test_set/python-3.12/62b1b85ea82cf7eeec7a14145857c1ac63bd1d5a703ea5369b53f5c7a386e984c0de8cb2db1033ec2a594a0920e17d7e963d669204ebfc8847094c288e228e03/az_cis_check4.py)
76. base.py (path: /syssec-nas0/pyc-research/compiled_evaluation_targets/usenix_test_set/python-3.12/53de9c1b842e62a9723ee8fc11b7ecc5e41db13890dd2567c92ccb5cfe6a34f359a51834a7cd565acc2c883c35186691f14e75f82d04d99c38195cbb9d85d80d/base.py)
77. base.py (path: /syssec-nas0/pyc-research/compiled_evaluation_targets/usenix_test_set/python-3.12/528ab1ba7ee6d420f1d0ed729e0f7f99a847e8d5fdce296b96941f39e6422dd749e8ed155380c093a6d8f6e4a331d9756b52805530a3727a638597efec63ccef/base.py)
78. basecallbackendpoint.py (path: /syssec-nas0/pyc-research/compiled_evaluation_targets/usenix_test_set/python-3.12/281a9998479afbf4e802edd613b0721cab992247d06c6bbc0f19ff9b21e5163cb0c4d8d60f9bd12068f6b235764ced9df8bdaf8eed64a1f73003240d9a54487a/basecallbackendpoint.py)
79. bigip_node.py (path: /syssec-nas0/pyc-research/compiled_evaluation_targets/usenix_test_set/python-3.12/a5e592cb022ddbfa628e3146c694b0d4288f6c572ad253ed4e58b847a9a94aeb81937340dbc71fb61c09e6241bcf530f80b87a3b44ff8de1eed3ea51f9f0d64c/bigip_node.py)
80. bootstrap.py (path: /syssec-nas0/pyc-research/compiled_evaluation_targets/usenix_test_set/python-3.12/4ea7064fc96cf5a31a5fa58cf8e08ce370d14896743add918dcd9a1717d4ec82e2604fc1d518591de2290fe84dfec48240635fa79d114694535dbd3a070a2505/bootstrap.py)
81. cache.py (path: /syssec-nas0/pyc-research/compiled_evaluation_targets/usenix_test_set/python-3.12/a67c49030ac038ffcc65765bff78c774cd4c7736de936c3984bb5a294435449a0e772a2f0292546ab764e72c809fb87078bf20ecb5af626f382031e0eeab7659/cache.py)
82. cli.py (path: /syssec-nas0/pyc-research/compiled_evaluation_targets/usenix_test_set/python-3.12/39d060036fe999f34fa5cf8cb9308a44ff42ef017acad09731c0f0cf3456fcfd5856cc48c5b75dd9ff6bcb9f25572261700a6eb0bb51bbbfa33992b2f892a5e1/cli.py)
83. client.py (path: /syssec-nas0/pyc-research/compiled_evaluation_targets/usenix_test_set/python-3.12/5e9d0380ed6fc4b0e5166ebcbdfb23a953338f08a3468c8c87478dfed1d7d46bf610ad3daae9fc084ec63be133b43621e59d6a6b6ad0d717cbd9bffebe3dce62/client.py)
84. client.py (path: /syssec-nas0/pyc-research/compiled_evaluation_targets/usenix_test_set/python-3.12/8620392e2370c75c01b59a0c69ffd376d2e4cda1ad91e8a99cc9ce2f90ccda6c04695ae124e213a2996e4a1447e0db364bf1b3dc49322bab36d9f219cdc21956/client.py)
85. client.py (path: /syssec-nas0/pyc-research/compiled_evaluation_targets/usenix_test_set/python-3.12/aeb8234487890a8001ef57de9179022719b15d2d01a7deb1b0af56f9631a8befe4c048f1132aacf7c03f1c293df6d5d3380fcf6de3e93c84e88b56db81349030/client.py)
86. common.py (path: /syssec-nas0/pyc-research/compiled_evaluation_targets/usenix_test_set/python-3.12/ac5cf3e7c3070387be0dda8adbf21e7be8cc5626a1f765f705f3d5a9247a6b53440b728497783601d31738a93ed386cda2e986afc2502582fc72aeb9300f83be/common.py)
87. compression.py (path: /syssec-nas0/pyc-research/compiled_evaluation_targets/usenix_test_set/python-3.12/7686b2640036bbb57ed1bbd2889a1999175d9f9f4318bda0ea8c8cf1cf17739b1867e361d4c5d4ee1dc642b56b02cf5b87524fc89fd87c1edf587267e31bf7b3/compression.py)
88. config.py (path: /syssec-nas0/pyc-research/compiled_evaluation_targets/usenix_test_set/python-3.12/26aa5943c11f7dd614d6d6f5be4d0e0e8bd526129931366d762c02daaedf1a6133ca0b9748eaec83f26b56731fee210836ee880f4091aaa1b677dc7341e2188a/config.py)
89. config.py (path: /syssec-nas0/pyc-research/compiled_evaluation_targets/usenix_test_set/python-3.12/278198bbdcf4e886366c00cd121bad6aa07be6c69d9e98bb54beb927201b2b3c90136cce870177c9c254305b439a5dce3d511d61ccf2a643369ef7d794d81f42/config.py)
90. config_flow.py (path: /syssec-nas0/pyc-research/compiled_evaluation_targets/usenix_test_set/python-3.12/205fedf7441c0cc6ac636181d432815db97b95b82e84f6930e937b5b42a7b64abd764ab98c51e74c410b25a4ed5697782b55713c0e308cd5e499646707ab35e9/config_flow.py)
91. configuration.py (path: /syssec-nas0/pyc-research/compiled_evaluation_targets/usenix_test_set/python-3.12/0e25706b814e5b1ce031b8707b4e447c2a03583f87a106d1aadfa459fb0bbccd363eb7822e144fa7dbc0ade604ede90210dfd35ff88222ebd7c9cd7076d4b911/configuration.py)
92. container_helper.py (path: /syssec-nas0/pyc-research/compiled_evaluation_targets/usenix_test_set/python-3.12/24592f5b74866a8f908a7b31ce6ec6a0594420708c875d9cd0a4db951a942f1405681d4c70b6e7fa4495cbe889719c399ab649d105371b5b691a44d6a12dd2c2/container_helper.py)
93. controlled_gate_test.py (path: /syssec-nas0/pyc-research/compiled_evaluation_targets/usenix_test_set/python-3.12/7a3d58d1867aaaaf90d9565868f3dfb37a796870fd7b22534fb728deee2186e1be81fb5f3d1741598e01729a8c0d043bd2cc02ea54e8200f7ea35e06032f0b27/controlled_gate_test.py)
94. conv3d_alter_op.py (path: /syssec-nas0/pyc-research/compiled_evaluation_targets/usenix_test_set/python-3.12/5ab413e2b7c4d701c99f9d0d71dd031b5f50eee7ee2b0471648d5f66ee2ad81622f1c9baaa8414ccb96323ea6b1ab3db4dfa9db34e3d9b52e84a708cc29dfbf6/conv3d_alter_op.py)
95. core.py (path: /syssec-nas0/pyc-research/compiled_evaluation_targets/usenix_test_set/python-3.12/777dd179f5295f188238e7381d6e5e6e1c8355ddb304cc8dd239718158a13693fb5b2b72d5676a4ab6f520546048da61f2349648238ecf423d922bf5bc9e8e13/core.py)
96. csv.py (path: /syssec-nas0/pyc-research/compiled_evaluation_targets/usenix_test_set/python-3.12/73349d7e40de4c211643144705c393d524a63bab4e33ab73e6fc7934eb8cfbe1d057b39b292fc6bd9cfcd134ddb46d1d310e78f4ef9b089baabe397df1f4305e/csv.py)
97. custom_policies_integration.py (path: /syssec-nas0/pyc-research/compiled_evaluation_targets/usenix_test_set/python-3.12/38df3cca09350cde024ffb52047d770fd23928d75fba9c3fe6f4b1c40b197b47bbf3da00c1e17c0f6f4b9bc0d25d97a2430f95437bfd3ccdb341f61432ff5d0a/custom_policies_integration.py)
98. datadriven.py (path: /syssec-nas0/pyc-research/compiled_evaluation_targets/usenix_test_set/python-3.12/0bed419aa4fa1c0662627ce7511d6ea476af9d52befe875b6a39bc15f904f3eb240dddb04e68d2ea219e40249712911ead7dfe551761af2c90a21d65278d116f/datadriven.py)
99. dataset_providers.py (path: /syssec-nas0/pyc-research/compiled_evaluation_targets/usenix_test_set/python-3.12/aa8febc11b0fa251f887f8ee0267c88818233aaf99d9e0bbfee42239eabb408c923d23963a5f3c60d8ad40c56fc3aa4f8db48652580d32e916fa5ff5a61f197c/dataset_providers.py)
100. decoder_loader.py (path: /syssec-nas0/pyc-research/compiled_evaluation_targets/usenix_test_set/python-3.12/86a1a6aac49f23b4c629032c95f61267c4f6a459561dee9b14068b26453696e4cb394c4df8229ba03407ddbc053e2b071ee766f9f9d7c554a3cb7f4a45626965/decoder_loader.py)
101. draft_diff.py (path: /syssec-nas0/pyc-research/compiled_evaluation_targets/usenix_test_set/python-3.12/2105618ea46731051e7137a687fbe7ecc3b9864a715ab0cb0907e6ce43d8f71ddbd8f10f26a064e0b12179687451d588607d82360d2ffa5f27fe9bcbc3f4c8a0/draft_diff.py)
102. driver.py (path: /syssec-nas0/pyc-research/compiled_evaluation_targets/usenix_test_set/python-3.12/64719785210dcbe5d58c69f02c38f29a43e21aee07993d23f173f5a3e3ee071881386c83ee2f2eb9f4754c3d8f64ce16f5b3520ac96fa185870849bbd04e65b4/driver.py)
103. engine.py (path: /syssec-nas0/pyc-research/compiled_evaluation_targets/usenix_test_set/python-3.12/a0c91758708c30cf81d9b28dad13b4a0aca3768c7567cf8cd44b93efa66b90975839180b6a7454db858952022341bda3be3a20e8f263c8fcbc297f11522796cc/engine.py)
104. es.py (path: /syssec-nas0/pyc-research/compiled_evaluation_targets/usenix_test_set/python-3.12/3572599aea1ac3c627725f41f8061d30d133f6ddff861358a83e5ea2df1ffbd91a520831e8cf2a10752fb071256f5f1b29085a683c56db40d632a1cf01dbcb23/es.py)
105. evaluate_sbd.py (path: /syssec-nas0/pyc-research/compiled_evaluation_targets/usenix_test_set/python-3.12/b225d04a0dadd1af2bdb94806bec5ee3a506b938e054665eb5f14ab69e4623d4949aaafd9edd3e6d1134850c127f22c82ecf98b2ea0244c9ab9199dba6f3c13f/evaluate_sbd.py)
106. events.py (path: /syssec-nas0/pyc-research/compiled_evaluation_targets/usenix_test_set/python-3.12/32da20fafeba008e3d5b73b0608d811343b6008645ebb446515adbf8f0b4f830629dd7bc310ce32934d02f08386481ba6fcbf0ed8a3ccdd267b52c643f03f3b6/events.py)
107. exception_handlers.py (path: /syssec-nas0/pyc-research/compiled_evaluation_targets/usenix_test_set/python-3.12/72f2006ff274a1ef7b95c69cdc3c73af3f2ce3dec8918222b40ee4d2a561c15db0731f9967eb6c27918ae9a99df2cb98db513fccb800e36f0b8bfa5cb600cca7/exception_handlers.py)
108. exchange.py (path: /syssec-nas0/pyc-research/compiled_evaluation_targets/usenix_test_set/python-3.12/207de057ef63c391f88906a4502e83f565a21c8dafd71e538fa72f0cccbdb40362dfccca80ac74cdda18d45bd623d81fcde1c089d864645d1fd28fb41c7f58bc/exchange.py)
109. file_io.py (path: /syssec-nas0/pyc-research/compiled_evaluation_targets/usenix_test_set/python-3.12/179485b361eacac5884667d7d7374a4ac6c07249285325a5669344c9f71e3169310965ec88e0f16cd9f14f50cc08eada47d93ef7d4ec067700365c63f9fc5f29/file_io.py)
110. flict_config.py (path: /syssec-nas0/pyc-research/compiled_evaluation_targets/usenix_test_set/python-3.12/8f94c5e465d39b12a3f9923e1ddd8777a7b4854793a38dbcd583debcde7e2562deb08bd468782265b24d012bb9f4517a0d6ae5d9a230b8ac67600f8763af3925/flict_config.py)
111. fns.py (path: /syssec-nas0/pyc-research/compiled_evaluation_targets/usenix_test_set/python-3.12/13c110210b211d3c1027e9fda052628eab0d8dcdfbb1012282027347049b2057de5b09a6c07767bd1d3d4feb72fe56cbf9a778ad72b011a66c050b042ac65419/fns.py)
112. frame_base.py (path: /syssec-nas0/pyc-research/compiled_evaluation_targets/usenix_test_set/python-3.12/4e4a3b2514cf681ab9c9ffa1d40eb22cc45567762037bb723003c2faf563618d29eded256460443a09039ef1280e6e1513bf4ec03767a1d9ed07d515f4017deb/frame_base.py)
113. functions_api.py (path: /syssec-nas0/pyc-research/compiled_evaluation_targets/usenix_test_set/python-3.12/53aa4eff32581f7672ce9fdc07057dd922bb0c3b6878df96f995b0a5c9b5a904c2d48be4eca56e36be667c0a1239cd13b8cdb24bd648c462ddc1c42829e66179/functions_api.py)
114. gdm.py (path: /syssec-nas0/pyc-research/compiled_evaluation_targets/usenix_test_set/python-3.12/37290885c451e7f3ec76d92320832fa291f112f11571b60aca18a26c68d50ebdb30a21accffb303ccb83e439fe3abd86970b44f009d564422e6d863eff3c61df/gdm.py)
115. gen_image_ops.py (path: /syssec-nas0/pyc-research/compiled_evaluation_targets/usenix_test_set/python-3.12/999bc21524713b748867b3158dea753d9aa0cc5199edd18747232d269adb6d415642dc5738e643ed071f8342a437cfce51a86bc1804796969f990ca78c1b5412/gen_image_ops.py)
116. generic.py (path: /syssec-nas0/pyc-research/compiled_evaluation_targets/usenix_test_set/python-3.12/a47f68856c8ae9322ac9d570382cb5df77f7cb1b18db470277f051284973c45134fb7224f43b2eb92d6fa74f9850a4aee17ad1240387292156a0a22c45e51169/generic.py)
117. gerrit.py (path: /syssec-nas0/pyc-research/compiled_evaluation_targets/usenix_test_set/python-3.12/af337628c2908249af7d945563ae4310623f81a3e22f2da5682395e81c858bd5754e0eca8891319677b70035f7bf163333b9da2fef91f300464e6de62bbd1c6a/gerrit.py)
118. gitlab_housekeeping.py (path: /syssec-nas0/pyc-research/compiled_evaluation_targets/usenix_test_set/python-3.12/149239392ac4ec9a5d49aa4a78ccfbfd0664de6f44eb855c3d452e072fc364a431a93b2e069973d226421acd9f223601df091123270a90b78ebcf215911f076d/gitlab_housekeeping.py)
119. goto.py (path: /syssec-nas0/pyc-research/compiled_evaluation_targets/usenix_test_set/python-3.12/299137a11ac93e0ff73d950a6863ab7a84635014708bfb4cd09e1d51ea77af768e9c021f5526be993f6f804d29558aeaace0b3a2039f28a0b72d6028038b06ac/goto.py)
120. gradients_util.py (path: /syssec-nas0/pyc-research/compiled_evaluation_targets/usenix_test_set/python-3.12/5648588e01f4c2bcc04811c614dedb27d318d1b9b2671edb26271215ea5674ef96d05ba9f5fd4117d6ccd02b17ccc5772f3d7f9c2e34291fcebf426c86a2df64/gradients_util.py)
121. grid_finder.py (path: /syssec-nas0/pyc-research/compiled_evaluation_targets/usenix_test_set/python-3.12/9adb7cace7418536c7432515bcdeb74b3ce556902914e1788bdd9ed8bc0b79769ad0ed3f1534ff8cc5b3833e77494b02883fc782f9ae8f9d804fd3705156e6af/grid_finder.py)
122. hash.py (path: /syssec-nas0/pyc-research/compiled_evaluation_targets/usenix_test_set/python-3.12/5382ae909f7c383521d79391987c599b5b69a7790e2ef8684e334e3fbafabc8e04ab13cdf3670538544afd1db224672a7e789eeafa787ba49271fe7edff498c8/hash.py)
123. hide_utils.py (path: /syssec-nas0/pyc-research/compiled_evaluation_targets/usenix_test_set/python-3.12/3e9b640265aa654cda4581e3cf6418aaa817f1fcd6feedc06f35dec3c6dbe7d8f18d98c5ac4c49409745f7b89a0016c11ad0a5bd89133de147958fd86000dbae/hide_utils.py)
124. http_client.py (path: /syssec-nas0/pyc-research/compiled_evaluation_targets/usenix_test_set/python-3.12/75195eed5eb8f6149d580556992a29f25c2bd1e4a55864ef1e0cae34bc38172af9147507e4cf0b8d3575c01023be5eddee347114fff17c04c6215d208f81925a/http_client.py)
125. huobi.py (path: /syssec-nas0/pyc-research/compiled_evaluation_targets/usenix_test_set/python-3.12/0ca8bdab8e703cade31c64c89582b74a7de7bf864064d917172058fd290934900f22cd8577549d8b7302a8607abf224211686eaab8c47f69f64b8ff86bfd1fc1/huobi.py)
126. identity.py (path: /syssec-nas0/pyc-research/compiled_evaluation_targets/usenix_test_set/python-3.12/2f351d3f845f920ecba68a6c3e9347b964967c60aa38157cea3b08d758a5dd05cbc194715e88cb592cb2e93427ecebd318479eb3a908e5f1b414c167ee8ec9c0/identity.py)
127. init_route.py (path: /syssec-nas0/pyc-research/compiled_evaluation_targets/usenix_test_set/python-3.12/4891fb5f3d65ca5059ce9c9676b63115e3764e63a95339ea1698bec1e6551e677168aeb8769277358b64f62fb49307972b8efb2e23f30dbe41e94c752f2ea4fa/init_route.py)
128. interval_lifecycle.py (path: /syssec-nas0/pyc-research/compiled_evaluation_targets/usenix_test_set/python-3.12/39dd3de8a559eb00074c5244936139667e258d4aef62d1750bcedff287311bdfbf63adc3ecfe8c07c1ca525a6c6e978b167e9c2f457b7eb9b0dbc886f393e276/interval_lifecycle.py)
129. iterator.py (path: /syssec-nas0/pyc-research/compiled_evaluation_targets/usenix_test_set/python-3.12/6b292028392c316b624bea1345952b3aaf3d04b7398d39c64e80e7caa8b113d8b6ab540cdf956e02b78dec1b3187817ce41f61d0c0b64d7d756c35b9cf2e1c98/iterator.py)
130. job.py (path: /syssec-nas0/pyc-research/compiled_evaluation_targets/usenix_test_set/python-3.12/725e2f198c267e8eed07dee213c2fa0c5ac6d0cfe2749a2d68ab19990cb2dabf02cbf0579e55d0952205354f66f8aaa5bd4e9682d0d168ab455fbc2947040cca/job.py)
131. job.py (path: /syssec-nas0/pyc-research/compiled_evaluation_targets/usenix_test_set/python-3.12/82eec94ca7098abfb0066b6bd225c11bb4eecd18c9f4cffd42b6f1ccafaf452005d2e1b8a85faef6d2d1c27bff26798fdca9a09b0792f3fe38c40c5fb2ef86ff/job.py)
132. json_format.py (path: /syssec-nas0/pyc-research/compiled_evaluation_targets/usenix_test_set/python-3.12/811d12c92e619883d55077105a66ffc49f9a135e6ab4eabb4abbe6ab3faa92ed27b295d5f78a9d2a68951e7d6210e9cedd17047c4cc41a59a0ec42bc6b009ad0/json_format.py)
133. ldap.py (path: /syssec-nas0/pyc-research/compiled_evaluation_targets/usenix_test_set/python-3.12/9ac5b88a7da5ebd28c050dc78b82f0281d29f6b168103f23cd780afcd53d9fbb5a8d9293e843b3b2b2b0e5c9df5ad35de1c6e098c10923d2dbadd5748bdfd3de/ldap.py)
134. lib_backup.py (path: /syssec-nas0/pyc-research/compiled_evaluation_targets/usenix_test_set/python-3.12/bf62423ec4b76f5e73585215a512942a1ea250f4e9b11d3bafe922689aeda1fd9a5f561332d8e95e176f1dea55a82104ec2f41af63680ce68436b66c51cb0067/lib_backup.py)
135. linenotify.py (path: /syssec-nas0/pyc-research/compiled_evaluation_targets/usenix_test_set/python-3.12/722ca3e81041928fcf9f9995790128538e01184e8f7ff90a0ed80563ea2b915f774afbfabf97ff296ebb826e74545af089c3828a4e2d45145d85317bd8bfbec4/linenotify.py)
136. loader.py (path: /syssec-nas0/pyc-research/compiled_evaluation_targets/usenix_test_set/python-3.12/06bd23c76f46501eef32a0d2c4c7889e2385f4657c50c548d7f643551e1692868a2a8a60d2e2b00fa79f661b608714bdb867ae5230bccc53eca0f0e623ec338c/loader.py)
137. loader.py (path: /syssec-nas0/pyc-research/compiled_evaluation_targets/usenix_test_set/python-3.12/165996b4d7e08724204ddcb904ab832bc1eccadd66fdd294457ea9fd8d98b98cb19da77ded96548a4a46c089967413123231d356f9fad2f61cf572afa9c402ae/loader.py)
138. loading_prompt_interceptor.py (path: /syssec-nas0/pyc-research/compiled_evaluation_targets/usenix_test_set/python-3.12/53f17fd3c2fada8d9a784059d7ce9ca4fd27ca86527bcbd169f269b75773e4a46c1898d7901c27581dc38666f09862519e3756327946f1ca784cfd755625cd5c/loading_prompt_interceptor.py)
139. local.py (path: /syssec-nas0/pyc-research/compiled_evaluation_targets/usenix_test_set/python-3.12/16baf36c42b094aeb40740736d1017a73775fdb7c2d857bc09fad246fd8adcabf85df2780c42d08789fc40a34b3ce2f1c0ec32bcdc2e9340a25aad3fdb546623/local.py)
140. local_project_config.py (path: /syssec-nas0/pyc-research/compiled_evaluation_targets/usenix_test_set/python-3.12/71d0e41dddd1d3a4ad9bd314e80b944cb148b234a853acaaa7bf6405ca9c8c932957dca01de5617df71c70f51277327a5b70476e634052ebfb2cfcbf1a866a7a/local_project_config.py)
141. log_view.py (path: /syssec-nas0/pyc-research/compiled_evaluation_targets/usenix_test_set/python-3.12/178b56efffd3bf832efb44ba7322816793c16a4d8b32d4fb5f33b48512e0c4def66df5cebfbc5e5b33c685c89d9f67bd41ab6f51b0eeb3d208c7502a6c4933a2/log_view.py)
142. logger.py (path: /syssec-nas0/pyc-research/compiled_evaluation_targets/usenix_test_set/python-3.12/1e8aa996533bd98bb5bc48e6a539f85c9e7ec952a65879d9638c61aa303add64c2f7da404a26a1666c1a4e089750406fe5f862dc8346a3861254c4393ac7a12e/logger.py)
143. macroserver.py (path: /syssec-nas0/pyc-research/compiled_evaluation_targets/usenix_test_set/python-3.12/ae369c846522915ad9e08c63dc190ac116e9fc44e855c8576f215f8662657764a872b1ad14d15f9e72bf559c6563cf5cd8c0ad07c29864727b1a6cabc45a047a/macroserver.py)
144. mtv.py (path: /syssec-nas0/pyc-research/compiled_evaluation_targets/usenix_test_set/python-3.12/2cffa091502bcd49fe1d4cef4a94a0acbc22c365c54213895216e38eac35d6bcf48687b2bb056f43264a81170c12ba5d8f5035a06522bac93e3c16bd955c8173/mtv.py)
145. mzml_file.py (path: /syssec-nas0/pyc-research/compiled_evaluation_targets/usenix_test_set/python-3.12/b56a4d844c198778a85554f264db349af071a84bf841cc36c2ef919146d09d6d11a48f59bef65341e6dde3b01ce626f9a02aa2860f9c13832cf434b37f6e43fa/mzml_file.py)
146. nlp2cron.py (path: /syssec-nas0/pyc-research/compiled_evaluation_targets/usenix_test_set/python-3.12/1a2a0f472e9fb44cc5bb51b8f9087ac3a7cf5f937f79dac813197a6b578a57ecbbb1aac0b6585705320e7918bd73840d8eff7d423ca0b1fae3f6eb74aa26f5e9/nlp2cron.py)
147. no_set_for_loop.py (path: /syssec-nas0/pyc-research/compiled_evaluation_targets/usenix_test_set/python-3.12/045b56c1ea3c463c77a228094cd80a89a8ba0abb1c06aa9d8fced25db26572d7967c24617f9a586320bee9dc11210073d6f1978494d3945610ce4058692a9db3/no_set_for_loop.py)
148. ome_tiff.py (path: /syssec-nas0/pyc-research/compiled_evaluation_targets/usenix_test_set/python-3.12/6710749f23afa2e5f61f5ae1f0269b78aa78f14d6444823652b877cccef54254b460e9164289ad7e7d51a44047df851ceb245176af7be97d376a8d00fb3db1b8/ome_tiff.py)
149. paginate.py (path: /syssec-nas0/pyc-research/compiled_evaluation_targets/usenix_test_set/python-3.12/a8bfd14a0f014ed9f9803e834eda55ad7b297d13385b20b0cde324edd30af2c920cbda33e8377e32534dce443852ca20913b4e4f2d7b4254f2b9d3ce8d5b15aa/paginate.py)
150. party.py (path: /syssec-nas0/pyc-research/compiled_evaluation_targets/usenix_test_set/python-3.12/377a8a7908bda0850aee334e8ce1c025a51229f38ee97ad8bc4e7c73bb8e1ec264b08e3895bcd3312a3d93168851bbd43a662765dfb4e3aa07c510fafc59413b/party.py)
151. pg_pi_measure.py (path: /syssec-nas0/pyc-research/compiled_evaluation_targets/usenix_test_set/python-3.12/66e63209911280e12844b09149232e8aecc04c9576303489038d4b6e5e06e03d5ba36ee69c292430d77ff941ccffde151ce6a42b1c176c3a4bf49efd669415e9/pg_pi_measure.py)
152. pipeline.py (path: /syssec-nas0/pyc-research/compiled_evaluation_targets/usenix_test_set/python-3.12/4ba20f5a25174f2f3e06a6ed825b9721b9ecb2404024c91059be083041c0ad65ff38a83652ccc7e8e2a0dc15a563752153e09dbce7567484571da90c4e545a12/pipeline.py)
153. plots.py (path: /syssec-nas0/pyc-research/compiled_evaluation_targets/usenix_test_set/python-3.12/98ec30943dab93397c1927d854d28e7c4f84a008a2fbe33451ea3a1454f96740338a2b969db90740d0367fe3acc5da5e111d11fe2b3be5efb84144ca6d7d1bce/plots.py)
154. readers.py (path: /syssec-nas0/pyc-research/compiled_evaluation_targets/usenix_test_set/python-3.12/981c02accb75a98866e29d82dda320992e65df639e5358368008e177efff789dc03aadb877ba39ff270b13e5d78fcf121c41cc2924aa9489164204670ac55912/readers.py)
155. resolver.py (path: /syssec-nas0/pyc-research/compiled_evaluation_targets/usenix_test_set/python-3.12/903b60923df37a1c9ae4cd8f18df9e8aaaf1937493cd9b52272fc5a28df2c8ebdb4cc23338fe984037cc0bfa6bbe466aaeaafde59746c108c0afccb6e46d9264/resolver.py)
156. response.py (path: /syssec-nas0/pyc-research/compiled_evaluation_targets/usenix_test_set/python-3.12/715f92026406370dfe7054392b0f3a7e1722ea58eec8aa29b19b58329bb265ad59dfb6647348efa238935d47bd3b79bcd39e0968e32725874834528c10390630/response.py)
157. revChatGPT.py (path: /syssec-nas0/pyc-research/compiled_evaluation_targets/usenix_test_set/python-3.12/9d3258a76bf781ef26b07ddd418c8bb3e0760385d7ee3011538e2e0629eb7addeb9face0aa5ca1836ad95136633fe2a4e75b2ef38aa169c81d343235eb9e2406/revChatGPT.py)
158. rtcrtpsender.py (path: /syssec-nas0/pyc-research/compiled_evaluation_targets/usenix_test_set/python-3.12/2eb1b54d5e42d7d9eac34490c83da8586955b614b97c6aef2b2b63f86463cea2200d873c34c732b3cc536ee2d2a41a005cefb80781e34679fa263a1eb68f3a08/rtcrtpsender.py)
159. s3_website.py (path: /syssec-nas0/pyc-research/compiled_evaluation_targets/usenix_test_set/python-3.12/31cac9a5f80812c996a40cd32a62bc6ee690db5f85ae90e3a29c5047acf0713c49398255f878a7afc1f66d9f64858cea9677642d136131439c553ccf46b7874a/s3_website.py)
160. saas_connector.py (path: /syssec-nas0/pyc-research/compiled_evaluation_targets/usenix_test_set/python-3.12/30e9c160f4ff6be06fe15032e174f5cb8311bf353e066a12c5f48da6af5448c3dad6dfd78034034c03c17cf49134c4bc3099fb4fce796e73b5a8da91e8b23671/saas_connector.py)
161. schemas.py (path: /syssec-nas0/pyc-research/compiled_evaluation_targets/usenix_test_set/python-3.12/045cf9f46846d988ada51284223e1d0d233ad2ac09fc1d0cf392d1dbc2e30d159a06b89b73f43150a5da1807588891e22fd3947981147e946a0e862617e06fea/schemas.py)
162. screenshots.py (path: /syssec-nas0/pyc-research/compiled_evaluation_targets/usenix_test_set/python-3.12/984f2a8f89ba47db288555e4862eb163784aac9a5ab6fd3f067ff3d642a1cf87753b4f9bee66b435199cfa1195331311b842732771fc3ed3744b4c21166d79ed/screenshots.py)
163. search.py (path: /syssec-nas0/pyc-research/compiled_evaluation_targets/usenix_test_set/python-3.12/b80be56c6bd751dec60ae8ffdd3f72f34edc2727dc43388824aa47ccee3ca25ea2d8af028cf2fe719529bf128e1766f3f9d8fd10ea445f68242ad24145cf6387/search.py)
164. send_code.py (path: /syssec-nas0/pyc-research/compiled_evaluation_targets/usenix_test_set/python-3.12/5837d66e8ff8f509876162d9743f125e0e09e063bf49363246ef486243f7d05dc2a7c14afd48a12e86014c68e4931870bafb9f3ff95424eb06c2faccd121e372/send_code.py)
165. server.py (path: /syssec-nas0/pyc-research/compiled_evaluation_targets/usenix_test_set/python-3.12/1e7373a3896f1c6f1a4cd0657eebbe39ecb090327c961342f3e83faa839ef13c006c0c46b9f9f069e58f97ae49724c6d1064f68c0e20d17af2c155fe0ca7900c/server.py)
166. server.py (path: /syssec-nas0/pyc-research/compiled_evaluation_targets/usenix_test_set/python-3.12/51cfe9f9267e456838ff14167187b394c00275a78f7012f390cda50cf432020cc37c5ff22a1beab9b0f4758b52938c50f0d30e3a74698e6a7e76835a0abd9f4e/server.py)
167. smtp.py (path: /syssec-nas0/pyc-research/compiled_evaluation_targets/usenix_test_set/python-3.12/3f53a43b3336070fa1da8bd906f17f9e8a083606f6c1f3189d36d2a6fb52ae066b6fa3e0c6795440cacef1640079457da21ff6e3fe6b5b95dc36e844f38c45b6/smtp.py)
168. specifiers.py (path: /syssec-nas0/pyc-research/compiled_evaluation_targets/usenix_test_set/python-3.12/aca7458f816c47b2739570c403518e8c88385a80db7d577d185c8002d973072b6517b5a0ae15c220228b36bd0f881432f2aca23ddaa0f96f665d292ad739d320/specifiers.py)
169. sponsored_guest_portal.py (path: /syssec-nas0/pyc-research/compiled_evaluation_targets/usenix_test_set/python-3.12/76a6df95eac1f565aae286c07cbcd55e044f2dba63c2729952df41846828035df6f1c2bae46efa5101e9e31a3a8e139b165fae16124a4fb5d87f7c6e232fea5f/sponsored_guest_portal.py)
170. system_info.py (path: /syssec-nas0/pyc-research/compiled_evaluation_targets/usenix_test_set/python-3.12/5af58f5fa20c6c6dcb4dd4873aec454acf5b5bb0ccd76dd416aed46c078e99ee95dab91bd3512b35b558bea078d1458b618d7a32e8eac712f53e9c9e86890d3e/system_info.py)
171. sysutils.py (path: /syssec-nas0/pyc-research/compiled_evaluation_targets/usenix_test_set/python-3.12/5e162ea864128d8222bb7d5f9e56723c7f81d4818d1a954272419f58b77f533264a968144bf2c4f7d37a429feccacf3e5c72f426d899f7e9fc73612f7757f302/sysutils.py)
172. tafunc.py (path: /syssec-nas0/pyc-research/compiled_evaluation_targets/usenix_test_set/python-3.12/21350773ebba0981f8f407721439f0ead15e2512d05b64025f66966d208883328222062cc29655f88b394b1b3de14e9ca18e5c36679a5502bc7b1eb937238ef0/tafunc.py)
173. test_app.py (path: /syssec-nas0/pyc-research/compiled_evaluation_targets/usenix_test_set/python-3.12/a1d4077d542628b80d6e72199245104d83f0955819c870134a0e9028ecb0d89a24fa881c2f4a8f026e550683069b20b28a9169ae30e92ec60a67620595f1a848/test_app.py)
174. test_cuts.py (path: /syssec-nas0/pyc-research/compiled_evaluation_targets/usenix_test_set/python-3.12/21936af9ec59ec9870d0a0dded08f69ec6dec937661f3156c6611e9ef61510cf94b51b9dce102c2d5f32a8ec44eaef0b701159fdcc6bd3e9e94fa883e64d0c9e/test_cuts.py)
175. test_export_fits.py (path: /syssec-nas0/pyc-research/compiled_evaluation_targets/usenix_test_set/python-3.12/8fabca408a89ef4a716d7f42fde67c3b56dbbe735424fa7e1ef59ba4dc20e8500026e92fde6f352940a8c7d7618ea121e5297f2866d70c3249dee82245b23c60/test_export_fits.py)
176. test_misc.py (path: /syssec-nas0/pyc-research/compiled_evaluation_targets/usenix_test_set/python-3.12/4fd8062ca760560c7deb84d4b478cd74449cd92c29ec71531d6cb8d307245adfac929d0f2ac463dbe0cb7f4c7039e3ca84ab5637dc31d8e7648634f642350913/test_misc.py)
177. test_session_controller.py (path: /syssec-nas0/pyc-research/compiled_evaluation_targets/usenix_test_set/python-3.12/b7cf636c01a6db8eaa8d68ee32bd72af709b74372b9d254653fc0b7c884eb78338b8f641fdbd8edc2c6a4364c7d2f24c11972f0ecfac418b8004662d40a55a1e/test_session_controller.py)
178. test_stata.py (path: /syssec-nas0/pyc-research/compiled_evaluation_targets/usenix_test_set/python-3.12/45a5c3713460f9c2a0c0547ae2ba035aca9f6c28111877390a9f9f7549fd9fc920021d731cc861533bc0d886a8584714908b7fb62b0740411ccd3654d05c375d/test_stata.py)
179. tracked_thread.py (path: /syssec-nas0/pyc-research/compiled_evaluation_targets/usenix_test_set/python-3.12/759ac99e27475c933cf685b0a66d632ef13b9a5c18c0cb9b432232b66ddf106c2e151f2071e19056398a2e147bb78f903245f484b60aaba0aaf52bdb0f4faa88/tracked_thread.py)
180. tracker.py (path: /syssec-nas0/pyc-research/compiled_evaluation_targets/usenix_test_set/python-3.12/2de1b380508d964b2cda7a1777cc1bc10c0b840475e712c992d605faaffdb1ce6f4d74e0b589e36c8a4c23f7ca8ff86b328d4ba7ea33cf093d27115e9f4155b0/tracker.py)
181. tracking_async_web_channel.py (path: /syssec-nas0/pyc-research/compiled_evaluation_targets/usenix_test_set/python-3.12/6b471bbbc6f9d56084d19aee4fbfa1913b6e43135a1713abff8776197c14e6f4451c518c492acdaf73d745340adeb1674d53c0d9c50859f100a86562619fa67b/tracking_async_web_channel.py)
182. transform.py (path: /syssec-nas0/pyc-research/compiled_evaluation_targets/usenix_test_set/python-3.12/7bf250992e72d9739c20ece85d6f33f0f11151263c9b63565bbf40e86670388cc0649f7e1e8c69b19e8efca7551921b7f60c1e26998282f37aa81ace6dbb00d4/transform.py)
183. tui.py (path: /syssec-nas0/pyc-research/compiled_evaluation_targets/usenix_test_set/python-3.12/5e7552039d58a8ea0ed28f29b52ab65627ce9a3530bb41b8dc20ebd8dd85b079968c33e217e192a2a9ff3e264e048b2505380b7bb50531a734e7876600abe279/tui.py)
184. tunnel.py (path: /syssec-nas0/pyc-research/compiled_evaluation_targets/usenix_test_set/python-3.12/5e0bae32c002f88ce7523e688bb5f69e24aacf981757bd57a3b545f6298e9d751092960c44eb2fd2087ddbdd4aaae2f54bfc13ef12d6b22fe57e3543d7d9d1d9/tunnel.py)
185. unfuddle.py (path: /syssec-nas0/pyc-research/compiled_evaluation_targets/usenix_test_set/python-3.12/85ba58e4e5c299dd1aa75e011df101af8c02cbc5095adcb21093f4caf488fb7d93b4d2772e82e0bdf335abfe2e265ade5daf99c9a23f2a8ec14cc0d60e5d187c/unfuddle.py)
186. universe.py (path: /syssec-nas0/pyc-research/compiled_evaluation_targets/usenix_test_set/python-3.12/06ab004839a2e1dd31a7e6cf420a07de4e2d3d619345e9ba7291b0d9739123e5ec600fad145f7a912d6e4a1e1caa2aa12a284f88e256cfb52ff3fe8ed6cfabab/universe.py)
187. upload_file_service [2022.8.26].py (path: /syssec-nas0/pyc-research/compiled_evaluation_targets/usenix_test_set/python-3.12/88935e3ec53dc58592912b43cd90553431353a33811a1434a10eb772704b8f03829c1517e384ea68c12db8ba168db719ed7f225cc54d27f489d2bbd68eac2aa6/upload_file_service [2022.8.26].py)
188. util.py (path: /syssec-nas0/pyc-research/compiled_evaluation_targets/usenix_test_set/python-3.12/173664a641938d81ad2214de37929d6ce75c82e22c585f7457e1c974950d64d8732b1935d0cf5505f248ad7dd6124e1e48a09fce4a87ca0cb655bf37b9bda984/util.py)
189. util.py (path: /syssec-nas0/pyc-research/compiled_evaluation_targets/usenix_test_set/python-3.12/afd87882e5a6e9253a2fb57e4be76ee1f1cdc2cba28c76551f7ad6719c9fdd888d66a2940a2d3a0128dc91d88ac21928df34504500fd711aa4b86cf83d7db5d4/util.py)
190. utils.py (path: /syssec-nas0/pyc-research/compiled_evaluation_targets/usenix_test_set/python-3.12/1527730a6740d076746560df2b16254899131725c4bcdd88f9e1c71c227ecba13d9f950d5dc501736da4cd8d770dd5c6667ea5ab76d999afd110cab29c8b311b/utils.py)
191. utils.py (path: /syssec-nas0/pyc-research/compiled_evaluation_targets/usenix_test_set/python-3.12/1b3a452dd92080f02b2e45554c837eb9307cde04636e6fb5ed67635036d398b05c81b741ebea817e497a0afe60f9483303a56aba8f18c088eec8cba5b49b15e0/utils.py)
192. utils.py (path: /syssec-nas0/pyc-research/compiled_evaluation_targets/usenix_test_set/python-3.12/2b127d1e5201a4fdfd1f5b62874303220ddb1770de1cfed0f3096f86475b1d1d7700419f6e430bd561a6f0b674dfdb1edeac0542a0884c024ed2342df0d13a1c/utils.py)
193. utils.py (path: /syssec-nas0/pyc-research/compiled_evaluation_targets/usenix_test_set/python-3.12/5e795d8ce4b5f17f9192977a1406545897247da0a4ecb4da4144674e38a6e32b9ec0e61def1a3f003314512407c694b25612e6e0e84e562256961aceb0a40dc5/utils.py)
194. utils.py (path: /syssec-nas0/pyc-research/compiled_evaluation_targets/usenix_test_set/python-3.12/a201699110d6e06b5c3fcc2f3c12db9180f842409ac99d03286642835aef0dc6f101cfd4101f04a0b1588eed2ccb77105142ae46e9e99bf410816f555ab11190/utils.py)
195. utils.py (path: /syssec-nas0/pyc-research/compiled_evaluation_targets/usenix_test_set/python-3.12/bf090408ae7810d39ff1faadeb6f17f5b8baf5dd25b7940828bfacafd9f737260cbdd8672fe3e1c19a9aabc09421e118855a0d47f1dbaf0aa03710c50b1caf8d/utils.py)
196. values.py (path: /syssec-nas0/pyc-research/compiled_evaluation_targets/usenix_test_set/python-3.12/86e34de67958450d591321f631587a1d6004642b4a14d9699615cfdf65332f00bcdd295d7fab7c67c77515e9762b3cac0f986166026b72f1fc2e8c44373761f7/values.py)
197. views.py (path: /syssec-nas0/pyc-research/compiled_evaluation_targets/usenix_test_set/python-3.12/3fd06313ca4411e2f3c6579ae9bd3400443ca6646b50d7ba00f40a816c7a3443bd40b49bc7d892311306a99a9400c125698aed23b6ae7cba5ec56220b5f567e3/views.py)
198. windowDevelop.py (path: /syssec-nas0/pyc-research/compiled_evaluation_targets/usenix_test_set/python-3.12/65fac04376a5536ac05dee58f464be1b78350155dac1b0cef08748109c2f62d27c60e14443f4eef3a5d12006f7e88c081f59ca62e43acc32ad86d2a3b9d24f33/windowDevelop.py)
199. wireless_profile.py (path: /syssec-nas0/pyc-research/compiled_evaluation_targets/usenix_test_set/python-3.12/7e975453092f478b1ae2addaa1b33e75a18ef00cd2bdf2458a1b105d6a9c73259afac891d6ec956eae5fac40937e9ed7b95613cd6e193d53842faebe787b5e73/wireless_profile.py)
200. xyzgrid.py (path: /syssec-nas0/pyc-research/compiled_evaluation_targets/usenix_test_set/python-3.12/825363f94f1760d0889e06df93fdcf815450e2d868116f6f79947655c3e8bf46c7b5864e6079836e880f5b181e35e10e818cb21bbe4de4ce7d001fa977024e81/xyzgrid.py)
201. zone_record_api.py (path: /syssec-nas0/pyc-research/compiled_evaluation_targets/usenix_test_set/python-3.12/229ed2d0657a96e40250b3e05b7e91e29d99ecd5855c4a6f685dba13fa72770a78fb1a6ae5c1a011c98c8e3001467fe7832437111aca935352901e261f2b67c5/zone_record_api.py)
202. zylaalignpanel.py (path: /syssec-nas0/pyc-research/compiled_evaluation_targets/usenix_test_set/python-3.12/7ca0a5e84178573c50af2b5cbce325128cff0dc98fc60c5749fb3ca45560b1fd99644993186f9b25a8033861d9cd5937d89b3dd35d5d532b6e5ece997c10a6ba/zylaalignpanel.py)

Reconstruction Failures:
1. 0056_auto_20200916_0959.py (path: /syssec-nas0/pyc-research/compiled_evaluation_targets/usenix_test_set/python-3.12/7399ac2c23c2bf38e0a84f47226ccca048827eb4f15283b5ea902d1bfbe5ebc550b4be0789b22c05af6693165d2e2445322b7911786fff16c7f9654032745f9d/0056_auto_20200916_0959.py)
2. 10067-normalized.py (path: /syssec-nas0/pyc-research/compiled_evaluation_targets/usenix_test_set/python-3.12/10067/10067-normalized.py)
3. 1191-normalized.py (path: /syssec-nas0/pyc-research/compiled_evaluation_targets/usenix_test_set/python-3.12/1191/1191-normalized.py)
4. 12134-normalized.py (path: /syssec-nas0/pyc-research/compiled_evaluation_targets/usenix_test_set/python-3.12/12134/12134-normalized.py)
5. 12308-normalized.py (path: /syssec-nas0/pyc-research/compiled_evaluation_targets/usenix_test_set/python-3.12/12308/12308-normalized.py)
6. 12332-normalized.py (path: /syssec-nas0/pyc-research/compiled_evaluation_targets/usenix_test_set/python-3.12/12332/12332-normalized.py)
7. 12489-normalized.py (path: /syssec-nas0/pyc-research/compiled_evaluation_targets/usenix_test_set/python-3.12/12489/12489-normalized.py)
8. 13253-normalized.py (path: /syssec-nas0/pyc-research/compiled_evaluation_targets/usenix_test_set/python-3.12/13253/13253-normalized.py)
9. 1340-normalized.py (path: /syssec-nas0/pyc-research/compiled_evaluation_targets/usenix_test_set/python-3.12/1340/1340-normalized.py)
10. 1352-normalized.py (path: /syssec-nas0/pyc-research/compiled_evaluation_targets/usenix_test_set/python-3.12/1352/1352-normalized.py)
11. 1460-normalized.py (path: /syssec-nas0/pyc-research/compiled_evaluation_targets/usenix_test_set/python-3.12/1460/1460-normalized.py)
12. 15028-normalized.py (path: /syssec-nas0/pyc-research/compiled_evaluation_targets/usenix_test_set/python-3.12/15028/15028-normalized.py)
13. 15117-normalized.py (path: /syssec-nas0/pyc-research/compiled_evaluation_targets/usenix_test_set/python-3.12/15117/15117-normalized.py)
14. 15409-normalized.py (path: /syssec-nas0/pyc-research/compiled_evaluation_targets/usenix_test_set/python-3.12/15409/15409-normalized.py)
15. 16035-normalized.py (path: /syssec-nas0/pyc-research/compiled_evaluation_targets/usenix_test_set/python-3.12/16035/16035-normalized.py)
16. 16056-normalized.py (path: /syssec-nas0/pyc-research/compiled_evaluation_targets/usenix_test_set/python-3.12/16056/16056-normalized.py)
17. 16120-normalized.py (path: /syssec-nas0/pyc-research/compiled_evaluation_targets/usenix_test_set/python-3.12/16120/16120-normalized.py)
18. 16152-normalized.py (path: /syssec-nas0/pyc-research/compiled_evaluation_targets/usenix_test_set/python-3.12/16152/16152-normalized.py)
19. 16800-normalized.py (path: /syssec-nas0/pyc-research/compiled_evaluation_targets/usenix_test_set/python-3.12/16800/16800-normalized.py)
20. 17084-normalized.py (path: /syssec-nas0/pyc-research/compiled_evaluation_targets/usenix_test_set/python-3.12/17084/17084-normalized.py)
21. 1735-normalized.py (path: /syssec-nas0/pyc-research/compiled_evaluation_targets/usenix_test_set/python-3.12/1735/1735-normalized.py)
22. 17376-normalized.py (path: /syssec-nas0/pyc-research/compiled_evaluation_targets/usenix_test_set/python-3.12/17376/17376-normalized.py)
23. 17474-normalized.py (path: /syssec-nas0/pyc-research/compiled_evaluation_targets/usenix_test_set/python-3.12/17474/17474-normalized.py)
24. 17645-normalized.py (path: /syssec-nas0/pyc-research/compiled_evaluation_targets/usenix_test_set/python-3.12/17645/17645-normalized.py)
25. 18984-normalized.py (path: /syssec-nas0/pyc-research/compiled_evaluation_targets/usenix_test_set/python-3.12/18984/18984-normalized.py)
26. 19261-normalized.py (path: /syssec-nas0/pyc-research/compiled_evaluation_targets/usenix_test_set/python-3.12/19261/19261-normalized.py)
27. 19327-normalized.py (path: /syssec-nas0/pyc-research/compiled_evaluation_targets/usenix_test_set/python-3.12/19327/19327-normalized.py)
28. 1988-normalized.py (path: /syssec-nas0/pyc-research/compiled_evaluation_targets/usenix_test_set/python-3.12/1988/1988-normalized.py)
29. 20111-normalized.py (path: /syssec-nas0/pyc-research/compiled_evaluation_targets/usenix_test_set/python-3.12/20111/20111-normalized.py)
30. 20140-normalized.py (path: /syssec-nas0/pyc-research/compiled_evaluation_targets/usenix_test_set/python-3.12/20140/20140-normalized.py)
31. 20619-normalized.py (path: /syssec-nas0/pyc-research/compiled_evaluation_targets/usenix_test_set/python-3.12/20619/20619-normalized.py)
32. 20946-normalized.py (path: /syssec-nas0/pyc-research/compiled_evaluation_targets/usenix_test_set/python-3.12/20946/20946-normalized.py)
33. 21564-normalized.py (path: /syssec-nas0/pyc-research/compiled_evaluation_targets/usenix_test_set/python-3.12/21564/21564-normalized.py)
34. 21605-normalized.py (path: /syssec-nas0/pyc-research/compiled_evaluation_targets/usenix_test_set/python-3.12/21605/21605-normalized.py)
35. 21984-normalized.py (path: /syssec-nas0/pyc-research/compiled_evaluation_targets/usenix_test_set/python-3.12/21984/21984-normalized.py)
36. 277-normalized.py (path: /syssec-nas0/pyc-research/compiled_evaluation_targets/usenix_test_set/python-3.12/277/277-normalized.py)
37. 2929-normalized.py (path: /syssec-nas0/pyc-research/compiled_evaluation_targets/usenix_test_set/python-3.12/2929/2929-normalized.py)
38. 3080-normalized.py (path: /syssec-nas0/pyc-research/compiled_evaluation_targets/usenix_test_set/python-3.12/3080/3080-normalized.py)
39. 3477-normalized.py (path: /syssec-nas0/pyc-research/compiled_evaluation_targets/usenix_test_set/python-3.12/3477/3477-normalized.py)
40. 6561-normalized.py (path: /syssec-nas0/pyc-research/compiled_evaluation_targets/usenix_test_set/python-3.12/6561/6561-normalized.py)
41. 6633-normalized.py (path: /syssec-nas0/pyc-research/compiled_evaluation_targets/usenix_test_set/python-3.12/6633/6633-normalized.py)
42. 6937-normalized.py (path: /syssec-nas0/pyc-research/compiled_evaluation_targets/usenix_test_set/python-3.12/6937/6937-normalized.py)
43. 7096-normalized.py (path: /syssec-nas0/pyc-research/compiled_evaluation_targets/usenix_test_set/python-3.12/7096/7096-normalized.py)
44. 7219-normalized.py (path: /syssec-nas0/pyc-research/compiled_evaluation_targets/usenix_test_set/python-3.12/7219/7219-normalized.py)
45. 7223-normalized.py (path: /syssec-nas0/pyc-research/compiled_evaluation_targets/usenix_test_set/python-3.12/7223/7223-normalized.py)
46. 7548-normalized.py (path: /syssec-nas0/pyc-research/compiled_evaluation_targets/usenix_test_set/python-3.12/7548/7548-normalized.py)
47. 7850-normalized.py (path: /syssec-nas0/pyc-research/compiled_evaluation_targets/usenix_test_set/python-3.12/7850/7850-normalized.py)
48. 8155-normalized.py (path: /syssec-nas0/pyc-research/compiled_evaluation_targets/usenix_test_set/python-3.12/8155/8155-normalized.py)
49. 8559-normalized.py (path: /syssec-nas0/pyc-research/compiled_evaluation_targets/usenix_test_set/python-3.12/8559/8559-normalized.py)
50. 9230-normalized.py (path: /syssec-nas0/pyc-research/compiled_evaluation_targets/usenix_test_set/python-3.12/9230/9230-normalized.py)
51. 925-normalized.py (path: /syssec-nas0/pyc-research/compiled_evaluation_targets/usenix_test_set/python-3.12/925/925-normalized.py)
52. 9604-normalized.py (path: /syssec-nas0/pyc-research/compiled_evaluation_targets/usenix_test_set/python-3.12/9604/9604-normalized.py)
53. AttributeNodes.py (path: /syssec-nas0/pyc-research/compiled_evaluation_targets/usenix_test_set/python-3.12/05b5e94439fe4956b0c61007b78226192fabb03558e4c3cad42279d96c561eb17944fb585d5f820d21c4570907b7f2bc8a02ff8ac3aff6045e887818dc4f7435/AttributeNodes.py)
54. BranchTuple.py (path: /syssec-nas0/pyc-research/compiled_evaluation_targets/usenix_test_set/python-3.12/23fcd9ad42c616600c67bfa882c4d11f73edb56da08e7a8b54c63c93188dfd4685421993897961adbbf24799ea64adad4f1215c0ef2b38522225816373af0320/BranchTuple.py)
55. FileManager.py (path: /syssec-nas0/pyc-research/compiled_evaluation_targets/usenix_test_set/python-3.12/57ad54bc79944aa18b3a81567f75b6892f5725dad79cdfaa5fd2608b23a81034fb530abc563ccb843625282d83db81166857efdd34b8f1a131a61dce51ee66a1/FileManager.py)
56. History.py (path: /syssec-nas0/pyc-research/compiled_evaluation_targets/usenix_test_set/python-3.12/13b8cb14ce707c439c4244b014ed15d022c38b2406176984ea46ef08d2454842f001122d7ff6a3a3c5f52d1e1b1614885366cd3e8153589c97f43056b3747fd1/History.py)
57. IRAF_Reduction.py (path: /syssec-nas0/pyc-research/compiled_evaluation_targets/usenix_test_set/python-3.12/40820f844d9c624e8c3e0777bbffa3586f7597a9886acb295d44f10bb05ffa5e5b288afa1af23d6b466c0392111a9e76008feae9ec48d97b604c70835bb059f6/IRAF_Reduction.py)
58. LogicOfflineJobFakeBroker.py (path: /syssec-nas0/pyc-research/compiled_evaluation_targets/usenix_test_set/python-3.12/77928dbf85509050a834af1c46270cf4c92786efe338dfdf5f8e95a11260ac6468db2ed004b375bcee30fead1fe3bc718ff2a39b961e94f179a36ddff253a308/LogicOfflineJobFakeBroker.py)
59. Memoize.py (path: /syssec-nas0/pyc-research/compiled_evaluation_targets/usenix_test_set/python-3.12/060f62bf756ea872b8bf82ff6383cc10f2cc34c3d1d621767dc72d3662b6df9ad76b6656197524fa8dc4bf118cc24399aadd9e7886be8fc5b5c23059006b27e5/Memoize.py)
60. Metaclasses.py (path: /syssec-nas0/pyc-research/compiled_evaluation_targets/usenix_test_set/python-3.12/280ba6edbacb428652edae9649115d2d0e533ce407fe8a41a24f66084223e006e4365f0917581b8def35fd9a4a86d393a843b1cf0a38558dea68a62d7ebd14ff/Metaclasses.py)
61. PackageMetadataNodes.py (path: /syssec-nas0/pyc-research/compiled_evaluation_targets/usenix_test_set/python-3.12/aa28ef4e8bd5a8322fa87f7b2a7e1e5e8e11f735433c70707c7251678f51ce5110fc7710727833e5f615d92386a41f91da687c9cc73b68f64cacfbc19996b5ab/PackageMetadataNodes.py)
62. Service.py (path: /syssec-nas0/pyc-research/compiled_evaluation_targets/usenix_test_set/python-3.12/928e6c3d406b699bba6f7d4f1fa0611af093251b6983d250b37f8b92ff1e6114723bc3295389b311444398b93d8e4f644904766fb9845d6c3e4d9e3a69fa7b96/Service.py)
63. SharedClassNameHandler.py (path: /syssec-nas0/pyc-research/compiled_evaluation_targets/usenix_test_set/python-3.12/80b4ac8699da09e9a43ef5d017c089f021aa1049dfc3a5a5b57591cfd5948394aa387e180aaf0845a7d9c309576b47e6ba0fb9578ed505a283791417d4c5334c/SharedClassNameHandler.py)
64. TVarFigureSpec.py (path: /syssec-nas0/pyc-research/compiled_evaluation_targets/usenix_test_set/python-3.12/6616b881ab4b9b0942dfdc3d41d7a1e49bdef50897cada0e645d3b941757fedf061dcd4f5852949d381f1276a41d8c9ff1ed11240d635283145a3c3a01edb5e7/TVarFigureSpec.py)
65. UserPool.py (path: /syssec-nas0/pyc-research/compiled_evaluation_targets/usenix_test_set/python-3.12/70286e6605ae4b31bef53233888bb54d04b47656200a071a2c679384c94be64de1aae5e826c48fe5504972db50710947ecd6ecb8758575a20c35dcc188206128/UserPool.py)
66. Utility.py (path: /syssec-nas0/pyc-research/compiled_evaluation_targets/usenix_test_set/python-3.12/0931ff8871d5102275e13c7fa4e6862c4beb1f833a1fc3ccb8853e332365dcc61ccafb29665fc97afa34cd92d1206bbf39a601fd7c697079f13d4ebce703d9d7/Utility.py)
67. _hmm_parser.py (path: /syssec-nas0/pyc-research/compiled_evaluation_targets/usenix_test_set/python-3.12/6e2970070a99835ca66e0fa2b545e6f13342660486d43b0478c457cfeb02d23413ca1fe661607f09cbd1c29899e7622a6e6ac4c7e9e7ddd4744c873a4620b62a/_hmm_parser.py)
68. acme.py (path: /syssec-nas0/pyc-research/compiled_evaluation_targets/usenix_test_set/python-3.12/5c5b1fccb2bc1620cd5b091ca672ee9b3230b7439bc651fcc9637dea569ce0e91380e3a0ccbf9c12760d31c703663dc08c3614423512823a1b8c01c260fb3324/acme.py)
69. app.py (path: /syssec-nas0/pyc-research/compiled_evaluation_targets/usenix_test_set/python-3.12/66d30b7e76cf29f736f7f5589e6a49ea7ecc31ff51b719b743f7c62773bc7fb3e3bde03fbb48a3688c93d85297c71c8f957776029aa0193cde866d4b456f0392/app.py)
70. auth.py (path: /syssec-nas0/pyc-research/compiled_evaluation_targets/usenix_test_set/python-3.12/39b886ef6847de425da3c2608bd78016269f80865299bab55e785df3cf898e95e36e36e227b3d4a8e750cb362e3adb7d1695f7fc6fb4ab1b54dd14cfea3e0f81/auth.py)
71. base_runner.py (path: /syssec-nas0/pyc-research/compiled_evaluation_targets/usenix_test_set/python-3.12/0eb2aa8746f65ed9751f1805d43e0ce03ed3fd59236dc50680b896195d122efc0b58fa576ef419df1a7b61a9e5f871496410d074b6ec2c51e6ec88c91224555f/base_runner.py)
72. bezier.py (path: /syssec-nas0/pyc-research/compiled_evaluation_targets/usenix_test_set/python-3.12/7b1400a6460c531bdfc7a0ae0bc5729896e5f191f499c002eaefdbe6cd39167dd4f0df909f4b1484a1afc631a69cdddb94d0197659a154d0670cbe5250efda08/bezier.py)
73. bittrex.py (path: /syssec-nas0/pyc-research/compiled_evaluation_targets/usenix_test_set/python-3.12/b0189a081a8e64c63377958bfc5acbaf925e5b50e6e9d1bc85212ab01d1cf93e6f3a573f29414aaf454366c3610b3c73ebda98c056021583d119d9669e35c844/bittrex.py)
74. blockchaincom.py (path: /syssec-nas0/pyc-research/compiled_evaluation_targets/usenix_test_set/python-3.12/8e7ef2d38cdd83762969037e93d9d7de822689840f81a217a5b972c209e75ceb5834eb1bffd0f279c29bafbd77b05eac5e839767ad20491050fd0d8afe17c379/blockchaincom.py)
75. build_tracker.py (path: /syssec-nas0/pyc-research/compiled_evaluation_targets/usenix_test_set/python-3.12/5115847d368b223bd927eb62852aa5076c6616290c845016f0a1a9be890b4111873fc699ae3589d0ebe2b47859653c529f4c72fcc5e8b34a4cead7c40e927189/build_tracker.py)
76. build_tracker.py (path: /syssec-nas0/pyc-research/compiled_evaluation_targets/usenix_test_set/python-3.12/55375049be521005e898649efda0e3f8d8a821160644b25eefd0e42c17028eccee76917de135a0059896ced0de4bf4d68cce42e0adcd1b8910bf05f143923142/build_tracker.py)
77. case.py (path: /syssec-nas0/pyc-research/compiled_evaluation_targets/usenix_test_set/python-3.12/4cf1f7aba324aa0b14ac982a64b415d45039253858665b9794e798b7891266634bd8fb41aefbd80f09e7d2af1bf2cec61b2c084299195fc5af67d120c153badb/case.py)
78. category.py (path: /syssec-nas0/pyc-research/compiled_evaluation_targets/usenix_test_set/python-3.12/100e0e7720a3e5a4c6ee4eaf2b2f05313831b380cb18238ff778b774ee11bcc02eb2c39a13d8d6e0a146a2cd02e7e7519e1814083ebd23382f832949287a4f5f/category.py)
79. chain.py (path: /syssec-nas0/pyc-research/compiled_evaluation_targets/usenix_test_set/python-3.12/36fc5f3ce4d77f845f23b65d158345a408f0210cefac81cb20bc7e1a7b9e97df313b14299076a74fcb462ac224c233052b8e4f87eb8830aa2b1020943038dc08/chain.py)
80. code_parser.py (path: /syssec-nas0/pyc-research/compiled_evaluation_targets/usenix_test_set/python-3.12/9ddd47cc1e10f1a824daf3bc99774025e5cf2cb4eef4809994c12f6f4a22b0dd546a34758940620ed1edef9adb846a9e154768eebc08a9b4cb85421f638e9296/code_parser.py)
81. command_list.py (path: /syssec-nas0/pyc-research/compiled_evaluation_targets/usenix_test_set/python-3.12/549520a03970d6cf3836f20954da1c79b7c35898994a88af446e12b1c9460efc766e3a5922aa7c9b6dd65a1304bfb6af8c8a7ddce3d9195ead1f2fe5ffd5ba9e/command_list.py)
82. common.py (path: /syssec-nas0/pyc-research/compiled_evaluation_targets/usenix_test_set/python-3.12/437d13e9263e380d41d8334ea865d824c2c44cc26f00251ed6c025fd5379ba54c5c96c4c422ff48e0099a3d29c3e99188a964d32dd6a18b9c9859b7605e7df9a/common.py)
83. compat.py (path: /syssec-nas0/pyc-research/compiled_evaluation_targets/usenix_test_set/python-3.12/992dafc4657443904f98170017c7b0d1812101f24b9d03c83d26a97d8973099689c71144851be3bc8212d90af169df492699d1633517039b2e5da25706972c3b/compat.py)
84. connector.py (path: /syssec-nas0/pyc-research/compiled_evaluation_targets/usenix_test_set/python-3.12/2528008aeab264799b209b3596cf9682d3ec9611689e335da62937a441e6a1446281911fdb1005aeeb8b5d49b5bbf7856257ac64fe3b544697b7a405fa9d6f44/connector.py)
85. convert.py (path: /syssec-nas0/pyc-research/compiled_evaluation_targets/usenix_test_set/python-3.12/715fa5d97a3ed9dcee1ce01d53f995e75a0096e86490cae5b3091513a94cbe30828a0944d5576418c9c827387eea36293f8876d18765aaf7efe85159d77dde54/convert.py)
86. convert_img.py (path: /syssec-nas0/pyc-research/compiled_evaluation_targets/usenix_test_set/python-3.12/2280e63e0dfe45e8e9cc3714e8292b17ea39016f7913ac9b3f9bf677e59e97806e0e022973d69a79550130d4c3b939e68b0ab04eb4f3e2df6b76b1b7cc5343fa/convert_img.py)
87. couple.py (path: /syssec-nas0/pyc-research/compiled_evaluation_targets/usenix_test_set/python-3.12/1c2e7400dab3032fd2ea847f1736fa763617f0523e3f9f71231c972a4270bedde7633be4cb5b38eb66b0c515577c98b239a1d05ca0091910b9e11c7a8396bcdb/couple.py)
88. current_thread_executor.py (path: /syssec-nas0/pyc-research/compiled_evaluation_targets/usenix_test_set/python-3.12/24704292332390a07da4ee413618bbaf845893f062376a22d2e7ad5da8232ea53f0e60e3333e47377217cce41963e45a2e58e4b7e4b497a93abb876866262fba/current_thread_executor.py)
89. data.py (path: /syssec-nas0/pyc-research/compiled_evaluation_targets/usenix_test_set/python-3.12/bbd9a57bf96727f0ea92157a0b00247a96ab090c2ebefe145b475698cdd41d0601a9ee4b6c254928098dd86f351fa5adf06d5c5bc06628739631fa63f8c1c67b/data.py)
90. debug_executor.py (path: /syssec-nas0/pyc-research/compiled_evaluation_targets/usenix_test_set/python-3.12/1c982d7cf62dd95bb8bc462006e7e2a777821a12cdb401d7b4639e0d08898fed4848eff0ea8d86c24483afa07af0a6128b93e683286da7f992918024887d59cf/debug_executor.py)
91. deephys.py (path: /syssec-nas0/pyc-research/compiled_evaluation_targets/usenix_test_set/python-3.12/3a2b3ddc588c54d1f30a22b1bc3927300690106f0c1423b7f26c7e3e473b7c96a2b9b724d734aeb4c1762735d980893c0694885ebbd76d246f96c9595551c092/deephys.py)
92. delivery_shipment.py (path: /syssec-nas0/pyc-research/compiled_evaluation_targets/usenix_test_set/python-3.12/306cfcc590c2813b9d6af74a9fd73e3a42cc8d1fa28f8087e74bcbefcab98b73a921d2385c29416b3422b1fa0417c3bab27fe2bd46f55529910f56fd61d643c2/delivery_shipment.py)
93. document.py (path: /syssec-nas0/pyc-research/compiled_evaluation_targets/usenix_test_set/python-3.12/a876711910f48c1165df1ee3a426add5f343a09dc25bf1ce1ed70080fb5415f03a5f4ec353cccd073c454bf0b877aa79c02a4fe76f5d53511ce8d6cef596becf/document.py)
94. ecdf.py (path: /syssec-nas0/pyc-research/compiled_evaluation_targets/usenix_test_set/python-3.12/78cbb1efa93ae2d758d6e8a88fe029601ebf9305712c5f055f4a61b74e6608bd49ef49e409ea4d202b51c92272c3ec719ccafee4db32b801ee10e0e337cb8155/ecdf.py)
95. export.py (path: /syssec-nas0/pyc-research/compiled_evaluation_targets/usenix_test_set/python-3.12/75955dcd80a0c4f6c77525d6046bd1737f43a7494bfad37916b0bc6c6101c21d2b84a5247d45aef1186c729f84d5faeb8885140dde72a8563e8c1db8c0111592/export.py)
96. fixedclassifier.py (path: /syssec-nas0/pyc-research/compiled_evaluation_targets/usenix_test_set/python-3.12/4578bce1d9260192930a329402a1950c81cfc244f5bd9b96318637f307e9686ccd0abd1f39882030b3d8671aaf362e9aaf4c82dd000e5c1ca14eb57281508fe2/fixedclassifier.py)
97. format_spec.py (path: /syssec-nas0/pyc-research/compiled_evaluation_targets/usenix_test_set/python-3.12/39e72cb2bddc8b72f468b773d48ed8a4fa6ae85648ad33027d2454e4d6281afc22e9fa8506f4249857c35e1226879efc34fd2579bbcfccb902ff9b479b95c7e0/format_spec.py)
98. gdocs.py (path: /syssec-nas0/pyc-research/compiled_evaluation_targets/usenix_test_set/python-3.12/b0e484a7d413aae902ea956eb43a58009ccd33fed8088108bd4f96a52723014292cce4d4b532a6aeba690c5bc9eaff24560de54b4760b86faf4807c18088ec58/gdocs.py)
99. genetic.py (path: /syssec-nas0/pyc-research/compiled_evaluation_targets/usenix_test_set/python-3.12/8757a16ce5e82b2e4c8caaa13929a3a4614afb4c56b5a8fb5b94b64814155448a23194316ea07ea38cb16643eae1d5742d9057bcc8dc826fb11ffa936bf61f5a/genetic.py)
100. git.py (path: /syssec-nas0/pyc-research/compiled_evaluation_targets/usenix_test_set/python-3.12/ab0a10cd82d32ea695b1f880ae9f18bf355845f8dcd177a63a0bc2041a73103a88b5bb0423356a5aed801ffd5c74eadfea662e3c8729df0ff1066f875ddbcb38/git.py)
101. github.py (path: /syssec-nas0/pyc-research/compiled_evaluation_targets/usenix_test_set/python-3.12/7bc6eda4c96166a483cf0731dd600640553e0e58a8f5d674a7be4ad4c9c1165b383902e76f78a295cb7cb9106f627e15d81fcf5026ab74f0f8c8e9e3b7171c1f/github.py)
102. hourly_market.py (path: /syssec-nas0/pyc-research/compiled_evaluation_targets/usenix_test_set/python-3.12/930b3b7b0230241cbac45666027779601d88fcad4bd9a001487fbc951fa95860efb7efb9999a332544b02657b26f853ed37b745a28be7db7bebbeaebd41caa22/hourly_market.py)
103. html_embed.py (path: /syssec-nas0/pyc-research/compiled_evaluation_targets/usenix_test_set/python-3.12/9a17a5d98270642bcdc7df83843bfc3c70cf64dad5bc0dcd755956873723fa289e63e3c34f677b1b2e3ce0daf53ca7c7f257954e79d05d3a53f8824dc2607310/html_embed.py)
104. iam.py (path: /syssec-nas0/pyc-research/compiled_evaluation_targets/usenix_test_set/python-3.12/5c18998e99a71f26959cac3f1bda5d4480752707c3fd70f13cc1ae21c71f49a8e5557ea1786822f592947575b58aa5da131fda478d22cd25a22aedd1585958e8/iam.py)
105. info.py (path: /syssec-nas0/pyc-research/compiled_evaluation_targets/usenix_test_set/python-3.12/5b408dd2684bc57b5412313fe43f4a77d3be22d1b961facbeec3287ced3113ab991389224bb4408b00e87bf94dac6ee66fee3c32344d1ed9ad382747e5272e07/info.py)
106. input.py (path: /syssec-nas0/pyc-research/compiled_evaluation_targets/usenix_test_set/python-3.12/4f48007ebf96ca10c41a087e282a16fcabd4e668a1d85dd47fa5d4979b463788f22eabf524017ad5ef3167c52856dcf02a52d95cdbf76aac8c440b1176902749/input.py)
107. interval.py (path: /syssec-nas0/pyc-research/compiled_evaluation_targets/usenix_test_set/python-3.12/4e167e445620006fc577a863d4fb3637a862184baa280817cf606245d22ca62594ee61146695fbf1c9e769e6e50a1cac3b15998a823f4eba26b4f472a256072e/interval.py)
108. keras.py (path: /syssec-nas0/pyc-research/compiled_evaluation_targets/usenix_test_set/python-3.12/7c8c1e60f94e9fceebb95b119b33914485a7c0cdb829881cfaaff7d7faaeef9b0af8a986d9afcff85be4c4009d3bf5e655a9761102f467449205aab947b1affe/keras.py)
109. keyvalues.py (path: /syssec-nas0/pyc-research/compiled_evaluation_targets/usenix_test_set/python-3.12/3e2f6916afc2d8c43cb25a6db0418a3aedb662e3566aa6f085912e3460565ee21c92a430d4f67599a4a1e2c7e4d452180eca112113ebe7048c9e642baccdbe77/keyvalues.py)
110. legacy_cell_wrappers.py (path: /syssec-nas0/pyc-research/compiled_evaluation_targets/usenix_test_set/python-3.12/6cbfb40913d204fb61d4cf9ee542c1572148e4de65785f95b4c2a89df6ecc823508bfc14b0ae2d8dea98135732d9442f551e4bd3e0c4ad6c466bf2d497e1d374/legacy_cell_wrappers.py)
111. lex_attrs.py (path: /syssec-nas0/pyc-research/compiled_evaluation_targets/usenix_test_set/python-3.12/459ec14e28556c899ee002ca5285bb361771e43295f962834ee033d6ff6e233a5d8022448be859cea9c7d033b30ac1967f95f46f33290d926e39139d6411549b/lex_attrs.py)
112. logger.py (path: /syssec-nas0/pyc-research/compiled_evaluation_targets/usenix_test_set/python-3.12/9d702b853334aec7447382d42a3597b757694d047e9943dfc9584de0f4cecbd70e0441016435605e645d69001de850fe8793a88d82089665eed18e304c69fb10/logger.py)
113. ls.py (path: /syssec-nas0/pyc-research/compiled_evaluation_targets/usenix_test_set/python-3.12/0e105bf3fac776a22e7d274e91267859a138111dbf82d1646953b3e3386f8fa55e0d1ae48c6a97e802e38572b45d13493ec4e1376274aecce14fd2c2374a7dff/ls.py)
114. mobi_index.py (path: /syssec-nas0/pyc-research/compiled_evaluation_targets/usenix_test_set/python-3.12/07d3fd18079d225d57f7f864b6382cc4d34b99d25d73da78f55ee5397d8c59013f4592a53783c6a719d7cf885ac001681ee74df0dfb8749ba70a365977dbd67c/mobi_index.py)
115. modules.py (path: /syssec-nas0/pyc-research/compiled_evaluation_targets/usenix_test_set/python-3.12/87b4ce37abb18749fb4635c80ead9de60098a047b9689f9e192fdc88582342bc221edc4504ba645d322686a2cf048f5f2141d2c3d5b109463c8d7a2efc222bb0/modules.py)
116. moving_averages.py (path: /syssec-nas0/pyc-research/compiled_evaluation_targets/usenix_test_set/python-3.12/5e987afb11bd4ae69a5dd7f45890fb820465d5587adf04738020ab01294e8ad6102cdf281a2f7d4c61f3893341c3adfbf7c95233d522cb35b5266baee1dbf45a/moving_averages.py)
117. mvr.py (path: /syssec-nas0/pyc-research/compiled_evaluation_targets/usenix_test_set/python-3.12/338c185438eca62b9d5f0028ff363d09ef6ea45b1e0688dbe8de35704c05252584076f35e2870afbc6afb903e6239a44f2f7b1863111851cec4e9348735a9879/mvr.py)
118. neighbors.py (path: /syssec-nas0/pyc-research/compiled_evaluation_targets/usenix_test_set/python-3.12/a7617adb0c35daee0e21d526a5a88eefaae98270d8f3c215152ad2401f05612f8dfeecbe1ac842062dfc6e7402b4615104d1f1bff5d10220d380e196e6490e5c/neighbors.py)
119. node.py (path: /syssec-nas0/pyc-research/compiled_evaluation_targets/usenix_test_set/python-3.12/11c569da5982ec918257febdc6ee16e7df05dcdeb25405b450c43e3b5e17fd44979b82276347d0b68f0831d75417fa653c06df0ec46ef371bd8ea48536f69377/node.py)
120. note.py (path: /syssec-nas0/pyc-research/compiled_evaluation_targets/usenix_test_set/python-3.12/a1652820b22683af8caf56be1c218a81fb1ac541dbe6aba2406b2b68934c413e7944580e43cb2a39cc212bf6037e6d259320236590f4cf46d573ba9c15a3d597/note.py)
121. nsq_route.py (path: /syssec-nas0/pyc-research/compiled_evaluation_targets/usenix_test_set/python-3.12/362850697094a7a1c561244e8ec5d455bb085ed58c39734bc7b513a090225c70665964d1157e2a8a952c3233e958f104d85614617542467f3817243da2254e8a/nsq_route.py)
122. numba_.py (path: /syssec-nas0/pyc-research/compiled_evaluation_targets/usenix_test_set/python-3.12/155f5f35e9a1427c525c705bc9dfb50e075b378eba64d9738eaee390e35c7e68ab7cdbaa6d66f082af623e0ab1afa7c80d8a71ae82772d51602d9047ba876675/numba_.py)
123. ops_debug.py (path: /syssec-nas0/pyc-research/compiled_evaluation_targets/usenix_test_set/python-3.12/77d61ae9b8bd3e52ef96fa95006d1dbeadf0146e0d32d4767855bafe9678b52b3852121dc659fb6887198a54fb9528e1d8e3325ad52800b147e4640dfe3eccce/ops_debug.py)
124. pkfont.py (path: /syssec-nas0/pyc-research/compiled_evaluation_targets/usenix_test_set/python-3.12/3bcbd7e8376302af4aa0a0d664b6938a04821283b48aae124137ead2efa508ed6da8b5b8675977696a51701220532aed5872e5ce708df2f6932bc188dba8c8c8/pkfont.py)
125. platform.py (path: /syssec-nas0/pyc-research/compiled_evaluation_targets/usenix_test_set/python-3.12/b9abbf8bfb32a6e79a5d2214682818f8615bb9efd4ab25bb42aa1e5721bb592f232e494b3914c0a4ab94f6e94a6a764312c398ed7bfe650afd127630abd6e635/platform.py)
126. post.py (path: /syssec-nas0/pyc-research/compiled_evaluation_targets/usenix_test_set/python-3.12/74c742354d7ea5760e0fbd980816c54c436e3569bd60ddad33017e854f6810603d832ff83c8da1dd6838b6875515d4d0314db67a1f70129c5663aeb7d666b71f/post.py)
127. processors.py (path: /syssec-nas0/pyc-research/compiled_evaluation_targets/usenix_test_set/python-3.12/887e1e40d9eec30b7a390ba280e1d05d2fe026c02ebc4bf76a151487292c6b4bfdacf49762b8a4aaf4641c416e39598bf3cd38bfbe02fa447b6d40a253a2922f/processors.py)
128. projection.py (path: /syssec-nas0/pyc-research/compiled_evaluation_targets/usenix_test_set/python-3.12/5a2b5963f5fd20d02274dad979a35a32b0c1c2c062291e875cd540e712533043f3eed0a5d390a89f22360ca8e6372c3c29595cde6d0caa53d63bc189e61db34b/projection.py)
129. pyproject_toml.py (path: /syssec-nas0/pyc-research/compiled_evaluation_targets/usenix_test_set/python-3.12/b25857ca52823a4b1650f103b216ab3bedc4dcd0cc772dc2e52f57df63a0d3075755aaaa361b387a3ab0f842d01099f883df3c7c6cc5a33606d3e5e71ec9a356/pyproject_toml.py)
130. pytest_check_libs.py (path: /syssec-nas0/pyc-research/compiled_evaluation_targets/usenix_test_set/python-3.12/70f1f1cada66df9074888b4c8ea3d0cc38b3be946089ac4f32b14c26b093a0fcfc9fc7500dace6365de7c1d50308cfcad0d0cf59e7760acf1730d834ad95f15f/pytest_check_libs.py)
131. readers.py (path: /syssec-nas0/pyc-research/compiled_evaluation_targets/usenix_test_set/python-3.12/292458ebbf2798030d10328b0e2c372d0ad4b811da1321050465df27c87d2b45b2cdf07f3d51ffa5a15665f8752742d45759e13d8ee5502a5d1ad92767b1e8ce/readers.py)
132. readers.py (path: /syssec-nas0/pyc-research/compiled_evaluation_targets/usenix_test_set/python-3.12/49aeb0fd86a64fdc66ab1b78333e9e9dc3d3213c739146cea2ce88d596bc77b20498088fa63938e88b30180dc7603980d5af895c8a53616646c3372e016f9d40/readers.py)
133. renderer.py (path: /syssec-nas0/pyc-research/compiled_evaluation_targets/usenix_test_set/python-3.12/acc2056c36386bc377bbe529fe7d7f1b671072e769c71a5568483a23f5c3c4a1c3fda87ad3401b8d583ffc911c293bb8ac1a4168576f9aabcb16fc679e88d131/renderer.py)
134. req_install.py (path: /syssec-nas0/pyc-research/compiled_evaluation_targets/usenix_test_set/python-3.12/3fb071e493a542ec15e107737d4f92e32cda9ee46ee5ac838eabd2c028a31bfed8b72197ed33f8cc8ea7fa2a0b262b38d86da5e4634a55168a51a44409f76bc7/req_install.py)
135. roi_align_python.py (path: /syssec-nas0/pyc-research/compiled_evaluation_targets/usenix_test_set/python-3.12/ba335f7f6571c7b40d59916d66b8f4a3a77b25cdc5a9f81206968aec28241f15cc1afffd923dfd59eb626a839c432b68882d97af13bc750a5d0b1c2693f23303/roi_align_python.py)
136. rpc.py (path: /syssec-nas0/pyc-research/compiled_evaluation_targets/usenix_test_set/python-3.12/a56160182ac993e2465218e3278e46889a1d1c031e6a04360d30bf4e0c20f2160089f99ae1f9f688021082fe513813117cb31fc56f3dffed2cc2f82e59f4dbbd/rpc.py)
137. scaleio.py (path: /syssec-nas0/pyc-research/compiled_evaluation_targets/usenix_test_set/python-3.12/4d07fe7c2788787c191dc6c0f3b10427dc0b48873ac5a191ce59d5fbcf908cd58faf388eef473e8aa926c36ab40b99a28c035c8ef362682eb1456369678a23e7/scaleio.py)
138. scmclient.py (path: /syssec-nas0/pyc-research/compiled_evaluation_targets/usenix_test_set/python-3.12/118b2a1f7f9cbf2afe4b71c077de5cc28160e8aef73b7e367e3fc432b419ec3feccb462c896a91cf779ee4a4a4980c7302fa04144e69672fba9974cdfe33f096/scmclient.py)
139. scraper.py (path: /syssec-nas0/pyc-research/compiled_evaluation_targets/usenix_test_set/python-3.12/0e2dcf37b136fdd356252318ab1801544f5681038dfe56408f910646f38425a6dfdfa6dfe65d396918c9075fde11e35de965a33e567366555ee34276f1c4396f/scraper.py)
140. segmentation_losses.py (path: /syssec-nas0/pyc-research/compiled_evaluation_targets/usenix_test_set/python-3.12/99047ffe0d1b2e341a015aaf31758ffbe92dbc7a0cdee4547210f5f902a95d628dd2e36d96da642116ba8dda12a65f70ff21762b3443cc9cf48fd0bb33b68a91/segmentation_losses.py)
141. semantics_utils.py (path: /syssec-nas0/pyc-research/compiled_evaluation_targets/usenix_test_set/python-3.12/62d458e428a77097a72aa09482ed804d326b8652209da904667da53f19f7347cfbf757771e9c4904f1ed61b8dcb4f8d19d1c658cf8ce8e7b7af5fbbc86b2bc29/semantics_utils.py)
142. serv_config.py (path: /syssec-nas0/pyc-research/compiled_evaluation_targets/usenix_test_set/python-3.12/9b346e46eede13c6fb9228bfda674304349d944400eeec9ad277d33aee94f068087851f5f67076d4825f9378479257da55de7944a375060530f1728af4661094/serv_config.py)
143. sobol.py (path: /syssec-nas0/pyc-research/compiled_evaluation_targets/usenix_test_set/python-3.12/38291538b4b7da02a6e99643c67bfc94d7ce3f7ee82d4bf4b0ea69d76d0de02958ec11c6905542bbd7daf81b8ee3d4e809e745bd460d82f87f74e6b15d108160/sobol.py)
144. sqlcompiler.py (path: /syssec-nas0/pyc-research/compiled_evaluation_targets/usenix_test_set/python-3.12/9ffe2f2b45b189cc45bafd6720073a3721cb54cdbef7821df4a7199444507922a9547653e7d564b07a5cda2d9aa1a9ed5d05e62ed1c2a910e6f34f54eed7a5a3/sqlcompiler.py)
145. starfourhundredgiglan.py (path: /syssec-nas0/pyc-research/compiled_evaluation_targets/usenix_test_set/python-3.12/67770d418bdab573ac5b426fa0c94cec24c94de38fdc016aba7e294f164995dd4d27a96c5ceef2d48e5c2006de1b10001cf338acbb7eaf6093b3677075d0915d/starfourhundredgiglan.py)
146. static_env.py (path: /syssec-nas0/pyc-research/compiled_evaluation_targets/usenix_test_set/python-3.12/0fa7da710e6e84fca83d9e4933d0c4b1e3b2409e7c8fede389ba25747fcb5df103840fdd0ac3a3cca65936436015885de8703fb92e98b2049b7c474ce8bb2caa/static_env.py)
147. stop_on_threshold.py (path: /syssec-nas0/pyc-research/compiled_evaluation_targets/usenix_test_set/python-3.12/7fe0e2a4c385bbd70ea090e4694ad1f302c43c66fcf542c394c91493580c5e95f56b45ad7101943de369acca6287c2f6cbb288c91ddcfc1fa87f3172bd6d0ee1/stop_on_threshold.py)
148. story.py (path: /syssec-nas0/pyc-research/compiled_evaluation_targets/usenix_test_set/python-3.12/4cf31b0d60ea94e9f6b3e6446e924a16b560a2e85dce670aba2ed892971ba705f1f382e5ae1fe25fbb212f9826087f524a358040837c5817e553d73be768d2ec/story.py)
149. structure_learning.py (path: /syssec-nas0/pyc-research/compiled_evaluation_targets/usenix_test_set/python-3.12/326148351debf175d51ff8b42f45f522cca8c1076495d38b1c1266b25b575a86f8837a843a0ddcb10a77873bac4bb383e6707d0c722e1531a89fc4332baef261/structure_learning.py)
150. sync.py (path: /syssec-nas0/pyc-research/compiled_evaluation_targets/usenix_test_set/python-3.12/60d58ae3f0c57d108bd71c4368ee4f64a36a02195f6685c27c12b20aa9724f03bb7a91ab7078718e218340a5173f31c7d6e67909fd7be3d9c5446ae51e8d08d0/sync.py)
151. tensor_shape.py (path: /syssec-nas0/pyc-research/compiled_evaluation_targets/usenix_test_set/python-3.12/ac631b69887a05f8b4027cefff3741658ad319d8e74985e18097700545662c03f2cee25feb0cce64683ad9043ab1134aaead421ff219bb48bd5caef7030e46ed/tensor_shape.py)
152. terraform_users.py (path: /syssec-nas0/pyc-research/compiled_evaluation_targets/usenix_test_set/python-3.12/2334ea37f5f70750adb226d7aec5a19fa9be20845d6333fd15b6b12137b0cde2dabd98d061f93fa32a60fe87bd4030a2530540363ceeaf76d6f675fa5b4a69ca/terraform_users.py)
153. test_interactiveshell.py (path: /syssec-nas0/pyc-research/compiled_evaluation_targets/usenix_test_set/python-3.12/6e3d9a9879ba7a2f87ceea3267f6495367b6901a3a62ab5ca1956b572f732ea8e4bf764112443009e67106dee288707cdc74cb4ccb1de47f638407dc265c9690/test_interactiveshell.py)
154. test_repl.py (path: /syssec-nas0/pyc-research/compiled_evaluation_targets/usenix_test_set/python-3.12/8f1f36ad5203da22ffc220aded9edbbdedab0c550a814cff2c796415190cd08297619a9361429d58d7ec9aa2678d1337630337581dd406521a8811b354e80da4/test_repl.py)
155. test_ring_buffer2.py (path: /syssec-nas0/pyc-research/compiled_evaluation_targets/usenix_test_set/python-3.12/7d192ee11689a11bf12f1eb1e88d0919effa3ef6db873d0a860d300440787e9b2cf867141a1fac2e1b5ed113e066254d7e75732a2ebf60d5d79a3a53ef1dd0d2/test_ring_buffer2.py)
156. test_script.py (path: /syssec-nas0/pyc-research/compiled_evaluation_targets/usenix_test_set/python-3.12/6c0b8b91347e2ee8afa8caa2f5ea75d7cef8c7490df71a868488aabcc7fb17a8a2c2fac4d38ac50ac231d9f7b6d80e6345d76b14e5eb3e089bbbeb1ebcafbe18/test_script.py)
157. tests.py (path: /syssec-nas0/pyc-research/compiled_evaluation_targets/usenix_test_set/python-3.12/a00a64c819b921884ee3514bb1fe497270232d354cec7deae55196af001cd6e1454554afd781d8c16a19fece41bafef52acc05b2630126d309eb077a801f59b9/tests.py)
158. tf_decorator.py (path: /syssec-nas0/pyc-research/compiled_evaluation_targets/usenix_test_set/python-3.12/254c689ac47da6c3f3cb3866791e1ef398c610a944010f95afe45b1d3dca168bb5b790a1dd450fb5420ace468b65d0c2e1ec7e405472d869c8210304eef609c7/tf_decorator.py)
159. tokenizer.py (path: /syssec-nas0/pyc-research/compiled_evaluation_targets/usenix_test_set/python-3.12/12ce9242a1055a6b5a0c042e5efa554829d399194e4050148d88b585fb1f8f23e6828f65258e411e13ed10a33194b44edc23bd2889c493a6e86bfc60a8240eb0/tokenizer.py)
160. type.py (path: /syssec-nas0/pyc-research/compiled_evaluation_targets/usenix_test_set/python-3.12/2a1cf45f9fe2ac350f041d0b3e18959401d0ae88489b01e73d65883c364ac78b050aa0b246b12cc5d69bb4dd536cbd605e7f765e9827205e204adae7459eefec/type.py)
161. types.py (path: /syssec-nas0/pyc-research/compiled_evaluation_targets/usenix_test_set/python-3.12/7be97164110cc7e5e3683a3cf62d8aa8e144687de2ed377a116e25b7444c544480d500c51cd574e0deb897fbb577404f38b65c8bbc42a2ee34f5674b0ac6fafe/types.py)
162. unitofwork.py (path: /syssec-nas0/pyc-research/compiled_evaluation_targets/usenix_test_set/python-3.12/55a8e022808f0fcb58f0882f0c739bbce3156bfb5b9f53f7ce4038a6f84216347f581f6e22562457faded992533475621a345aa7c0ac49bca3667b1651c68989/unitofwork.py)
163. utypes.py (path: /syssec-nas0/pyc-research/compiled_evaluation_targets/usenix_test_set/python-3.12/62e1202c14217245d475532c4ec7af57e54d6e91656997af475081f14416bdca6fb0e62701fa7dc9733bc3acdea7f1f2d745c5746097a33b274aa9afa4df0c5d/utypes.py)
164. views.py (path: /syssec-nas0/pyc-research/compiled_evaluation_targets/usenix_test_set/python-3.12/810104722d80b0367b9d53f14960dd72760905530fe03f6c65cc34b4f52a655e5bcfdc9378f8ba43d27064d4dfef81ed5adc181824e55f08a7063a239036f40b/views.py)
165. web_test.py (path: /syssec-nas0/pyc-research/compiled_evaluation_targets/usenix_test_set/python-3.12/a1c59c9625b86f0da697da06b3448ef66b84706e6bc4ce473fa0bf1b551666bbdcdba0ac537afd342923b5fbff5a3e7e54c5f7fa3972c59b811b43fdbfeda1e6/web_test.py)
166. yizhibo_facepp_compare.py (path: /syssec-nas0/pyc-research/compiled_evaluation_targets/usenix_test_set/python-3.12/49a0a745baccf20c88042529f9ebe4895a5af4dddb6459aca37dfe5b5990524caf929625bc3839d5557f092f189d487627d994aab65a90fcb5b827791e4841a7/yizhibo_facepp_compare.py)
