Total files processed: 1000
Success: 888 (88.8%)
Total failures: 112 (11.2%)
  - Reconstruction failures: 35
  - Compile errors: 77
  - Runtime errors: 0

=== All Failed Files (Sorted) ===
1. 11408-normalized.py [COMPILE ERROR] (path: /syssec-nas0/pyc-research/compiled_evaluation_targets/usenix_test_set/python-3.6/11408/11408-normalized.py)
2. 12595-normalized.py [RECONSTRUCTION FAILURE] (path: /syssec-nas0/pyc-research/compiled_evaluation_targets/usenix_test_set/python-3.6/12595/12595-normalized.py)
3. 13267-normalized.py [RECONSTRUCTION FAILURE] (path: /syssec-nas0/pyc-research/compiled_evaluation_targets/usenix_test_set/python-3.6/13267/13267-normalized.py)
4. 15117-normalized.py [COMPILE ERROR] (path: /syssec-nas0/pyc-research/compiled_evaluation_targets/usenix_test_set/python-3.6/15117/15117-normalized.py)
5. 16670-normalized.py [RECONSTRUCTION FAILURE] (path: /syssec-nas0/pyc-research/compiled_evaluation_targets/usenix_test_set/python-3.6/16670/16670-normalized.py)
6. 17041-normalized.py [RECONSTRUCTION FAILURE] (path: /syssec-nas0/pyc-research/compiled_evaluation_targets/usenix_test_set/python-3.6/17041/17041-normalized.py)
7. 17324-normalized.py [RECONSTRUCTION FAILURE] (path: /syssec-nas0/pyc-research/compiled_evaluation_targets/usenix_test_set/python-3.6/17324/17324-normalized.py)
8. 17415-normalized.py [COMPILE ERROR] (path: /syssec-nas0/pyc-research/compiled_evaluation_targets/usenix_test_set/python-3.6/17415/17415-normalized.py)
9. 17582-normalized.py [RECONSTRUCTION FAILURE] (path: /syssec-nas0/pyc-research/compiled_evaluation_targets/usenix_test_set/python-3.6/17582/17582-normalized.py)
10. 20111-normalized.py [COMPILE ERROR] (path: /syssec-nas0/pyc-research/compiled_evaluation_targets/usenix_test_set/python-3.6/20111/20111-normalized.py)
11. 21984-normalized.py [COMPILE ERROR] (path: /syssec-nas0/pyc-research/compiled_evaluation_targets/usenix_test_set/python-3.6/21984/21984-normalized.py)
12. 4536-normalized.py [RECONSTRUCTION FAILURE] (path: /syssec-nas0/pyc-research/compiled_evaluation_targets/usenix_test_set/python-3.6/4536/4536-normalized.py)
13. 5450-normalized.py [COMPILE ERROR] (path: /syssec-nas0/pyc-research/compiled_evaluation_targets/usenix_test_set/python-3.6/5450/5450-normalized.py)
14. 7075-normalized.py [RECONSTRUCTION FAILURE] (path: /syssec-nas0/pyc-research/compiled_evaluation_targets/usenix_test_set/python-3.6/7075/7075-normalized.py)
15. 7548-normalized.py [COMPILE ERROR] (path: /syssec-nas0/pyc-research/compiled_evaluation_targets/usenix_test_set/python-3.6/7548/7548-normalized.py)
16. 7865-normalized.py [RECONSTRUCTION FAILURE] (path: /syssec-nas0/pyc-research/compiled_evaluation_targets/usenix_test_set/python-3.6/7865/7865-normalized.py)
17. 9326-normalized.py [RECONSTRUCTION FAILURE] (path: /syssec-nas0/pyc-research/compiled_evaluation_targets/usenix_test_set/python-3.6/9326/9326-normalized.py)
18. 9604-normalized.py [COMPILE ERROR] (path: /syssec-nas0/pyc-research/compiled_evaluation_targets/usenix_test_set/python-3.6/9604/9604-normalized.py)
19. GitCliWithAutoRollback.py [COMPILE ERROR] (path: /syssec-nas0/pyc-research/compiled_evaluation_targets/usenix_test_set/python-3.6/dfd242a947298fe2962ce9a060ece74645e62c7134febff0ac4b33e4b123117dd747f5ca35223060eced0e302d52e695b9895c8d9bee3429403b006bd9d772f3/GitCliWithAutoRollback.py)
20. ModelJob.py [COMPILE ERROR] (path: /syssec-nas0/pyc-research/compiled_evaluation_targets/usenix_test_set/python-3.6/dc43ff4d8f5922d5253f8d4fbba5d2dcfe2e25f0048160b0fd49839d052db72286f8bf0c5a8cc8c78f8682ea697b0d621c8d2424666dd20f27e2f30ae5fc5469/ModelJob.py)
21. OHConverter.py [RECONSTRUCTION FAILURE] (path: /syssec-nas0/pyc-research/compiled_evaluation_targets/usenix_test_set/python-3.6/23fc751af17263629094a44cccce24942e6bd1373ef7b3fe084b6ffe15987a10c7a5082c8ce7a50342a06722b2a9a7fb24380160ad59d521e553e9967b3535f2/OHConverter.py)
22. _container.py [COMPILE ERROR] (path: /syssec-nas0/pyc-research/compiled_evaluation_targets/usenix_test_set/python-3.6/072a80350499f6f26dfaa824f877816806d1b81be7b3a0248c63e1f2423e24a046b4807afc0df0cf3817772bae7b7f8c7fe0677d2e3fafbe1f3025dae313809b/_container.py)
23. anti_brute_force_rule.py [RECONSTRUCTION FAILURE] (path: /syssec-nas0/pyc-research/compiled_evaluation_targets/usenix_test_set/python-3.6/798101f293d497031aa308e2f8f38edad1da4db8f519ba3881157dcb343ece48a648374320bdf30a06cc9bf7f4690b88272ab74d038714832dda98febafa25cd/anti_brute_force_rule.py)
24. api.py [COMPILE ERROR] (path: /syssec-nas0/pyc-research/compiled_evaluation_targets/usenix_test_set/python-3.6/556e9b94a3354791b440b1d8b0c1e1ae3e7f0f2e51034d5846fd131709419db2a6cb8985125974e93e6a194db8187fc8c9df22a0d5a942af5b94a108fc0d401a/api.py)
25. api.py [RECONSTRUCTION FAILURE] (path: /syssec-nas0/pyc-research/compiled_evaluation_targets/usenix_test_set/python-3.6/75756b16713040aa5b384a90bda2524eae5e92a4e0cf3063aae05bfd714ecf4652011eef0ff9c633e344f244c90b641bf998beca633707009042a112ad3da9cb/api.py)
26. application_group.py [RECONSTRUCTION FAILURE] (path: /syssec-nas0/pyc-research/compiled_evaluation_targets/usenix_test_set/python-3.6/99b0344b5883cffde4610725195d3c195679ee97b57656640ccc7dd0a1316d6d3689ca46c81cb8802262496691c14ee318e2d15278b4d2af9688e594acec5f81/application_group.py)
27. arith.py [COMPILE ERROR] (path: /syssec-nas0/pyc-research/compiled_evaluation_targets/usenix_test_set/python-3.6/45b238dbd089809582ff35b90927f1f0bb934b2ad2ad0c5fb011c8e3c94bd887462755e0a5c53c37f1a755b98c9869b2e1e6dbf19bb0890a591f72d8a6047542/arith.py)
28. attach_decorator_data1_jws.py [COMPILE ERROR] (path: /syssec-nas0/pyc-research/compiled_evaluation_targets/usenix_test_set/python-3.6/faa1a3741bc70d6eade7d8d322083a7688192aa8d5ad6e251ee15cb28ee820efa872779158a91dcb96373498fe450f1a8c0f09084e32fe600ae29d859c75ca12/attach_decorator_data1_jws.py)
29. attachments_request_builder.py [COMPILE ERROR] (path: /syssec-nas0/pyc-research/compiled_evaluation_targets/usenix_test_set/python-3.6/3fa7c60cdbc149da8d9abe5bc7c27f72b217e32784a0dad8741d578de316d19d7efeda014df90f3d210a56a0d14adfa4c5e040ec8185baf06c98d126bd8106b4/attachments_request_builder.py)
30. attribute.py [COMPILE ERROR] (path: /syssec-nas0/pyc-research/compiled_evaluation_targets/usenix_test_set/python-3.6/e28c9d6e5e662a08290ad00470327ceddec99ef5f9fda5345a1d886bde7f62a4449a8aed261eaacbcfb14794a45455a8f5d9b2b142483bfe57e9c82aad809bbe/attribute.py)
31. base.py [COMPILE ERROR] (path: /syssec-nas0/pyc-research/compiled_evaluation_targets/usenix_test_set/python-3.6/5931322edcae9ce1628dd5bb61a9cc4c58bd16276ad935a74653ecb4206c690e83429962f30bdc9eeccf0cf380fd0a50082cedd1fe08f969920a42ca7109b3d4/base.py)
32. base_runner.py [COMPILE ERROR] (path: /syssec-nas0/pyc-research/compiled_evaluation_targets/usenix_test_set/python-3.6/0eb2aa8746f65ed9751f1805d43e0ce03ed3fd59236dc50680b896195d122efc0b58fa576ef419df1a7b61a9e5f871496410d074b6ec2c51e6ec88c91224555f/base_runner.py)
33. bitwarden_mod.py [RECONSTRUCTION FAILURE] (path: /syssec-nas0/pyc-research/compiled_evaluation_targets/usenix_test_set/python-3.6/5e938952cedef5198f20ec73cc50cfa9d1ce107a9999dff04e4892ad690368d1a64f72863ea016b3d76277cf34734c942a69c3319af51ee64ad0a13dba91a13f/bitwarden_mod.py)
34. bootstrap.py [COMPILE ERROR] (path: /syssec-nas0/pyc-research/compiled_evaluation_targets/usenix_test_set/python-3.6/4ea7064fc96cf5a31a5fa58cf8e08ce370d14896743add918dcd9a1717d4ec82e2604fc1d518591de2290fe84dfec48240635fa79d114694535dbd3a070a2505/bootstrap.py)
35. bot.py [COMPILE ERROR] (path: /syssec-nas0/pyc-research/compiled_evaluation_targets/usenix_test_set/python-3.6/c1dbd86a6c4f5ea97a9a9467d2f0a41396795dd4518daf5eaabd03a532219a168f451d5d09518f681411652232d4370869a10d1f8f880312d77570eec59f59e6/bot.py)
36. branding_request_builder.py [COMPILE ERROR] (path: /syssec-nas0/pyc-research/compiled_evaluation_targets/usenix_test_set/python-3.6/5971c228ea889bafe166b332a2523f9b77c215fc5157bf454b9df1bae1a5d861167b28eda85a314dfab9a5538a4ff343d4db80da1fe9fdfb1e2c44de84515792/branding_request_builder.py)
37. case.py [COMPILE ERROR] (path: /syssec-nas0/pyc-research/compiled_evaluation_targets/usenix_test_set/python-3.6/4cf1f7aba324aa0b14ac982a64b415d45039253858665b9794e798b7891266634bd8fb41aefbd80f09e7d2af1bf2cec61b2c084299195fc5af67d120c153badb/case.py)
38. client.py [RECONSTRUCTION FAILURE] (path: /syssec-nas0/pyc-research/compiled_evaluation_targets/usenix_test_set/python-3.6/4a46ad0f8c1915c1c17bb3389cf32ee4a01489b197b055559c183621c711566c3796d456703a8aeeb5a7890c2e15c1c8bf75b5660a31e87fa3b339cbd011e279/client.py)
39. column_definition_item_request_builder.py [COMPILE ERROR] (path: /syssec-nas0/pyc-research/compiled_evaluation_targets/usenix_test_set/python-3.6/a505ecc12c1a4e38ff23d02b6e804c8d1f72b94c680f7142298462d2a7a0a9b4159cd2df943f5c0de308966ca1b2dbc6664543baa967e15b1783d5ccd0000005/column_definition_item_request_builder.py)
40. common.py [COMPILE ERROR] (path: /syssec-nas0/pyc-research/compiled_evaluation_targets/usenix_test_set/python-3.6/437d13e9263e380d41d8334ea865d824c2c44cc26f00251ed6c025fd5379ba54c5c96c4c422ff48e0099a3d29c3e99188a964d32dd6a18b9c9859b7605e7df9a/common.py)
41. companies.py [COMPILE ERROR] (path: /syssec-nas0/pyc-research/compiled_evaluation_targets/usenix_test_set/python-3.6/7fc64521cc61b91b99fae6159eec1a2b64ca47a1c11c4899ec50c28f5f7609cf6e472818c2954cdd9e2fe84139d0345c7046ca132387f7e78d7033e5bf284b13/companies.py)
42. config_flow.py [COMPILE ERROR] (path: /syssec-nas0/pyc-research/compiled_evaluation_targets/usenix_test_set/python-3.6/9eb0f991c58e2837fcb989cb3bcb5c90b44edd6bdd9ee8579f543c363ea534bb07e1fe7335f74f821dd6f718653a42449f13bbc82749b6527460d6dd5dfe075a/config_flow.py)
43. configuration.py [COMPILE ERROR] (path: /syssec-nas0/pyc-research/compiled_evaluation_targets/usenix_test_set/python-3.6/0e25706b814e5b1ce031b8707b4e447c2a03583f87a106d1aadfa459fb0bbccd363eb7822e144fa7dbc0ade604ede90210dfd35ff88222ebd7c9cd7076d4b911/configuration.py)
44. const.py [COMPILE ERROR] (path: /syssec-nas0/pyc-research/compiled_evaluation_targets/usenix_test_set/python-3.6/d29f0281a06863e5f8f44e537284238b1e8dc0c9c53ebbdda08f2e884c23a5aca868a20acff2fad03fab01e6315cbd49c5da2829b733452673040a2bcff5e58d/const.py)
45. convert_img.py [RECONSTRUCTION FAILURE] (path: /syssec-nas0/pyc-research/compiled_evaluation_targets/usenix_test_set/python-3.6/2280e63e0dfe45e8e9cc3714e8292b17ea39016f7913ac9b3f9bf677e59e97806e0e022973d69a79550130d4c3b939e68b0ab04eb4f3e2df6b76b1b7cc5343fa/convert_img.py)
46. core.py [COMPILE ERROR] (path: /syssec-nas0/pyc-research/compiled_evaluation_targets/usenix_test_set/python-3.6/9381c42904d165615addb1d272423fc42b1b456839de7861bcdc1f7cad204fb6dd6994e7df9869352af410c5466242a21dda535ecfcac60c643a13b571bbcafc/core.py)
47. count_request_builder.py [COMPILE ERROR] (path: /syssec-nas0/pyc-research/compiled_evaluation_targets/usenix_test_set/python-3.6/0c211e0eb543614e7469942a2863b3863dee7e2bff49b6e2ffd08a3ea087176e35d65d2cac68bbcbd2ba40cd2e8825d7fad41485b6f606b25772362ed9629a08/count_request_builder.py)
48. decoder_loader.py [RECONSTRUCTION FAILURE] (path: /syssec-nas0/pyc-research/compiled_evaluation_targets/usenix_test_set/python-3.6/86a1a6aac49f23b4c629032c95f61267c4f6a459561dee9b14068b26453696e4cb394c4df8229ba03407ddbc053e2b071ee766f9f9d7c554a3cb7f4a45626965/decoder_loader.py)
49. deephys.py [COMPILE ERROR] (path: /syssec-nas0/pyc-research/compiled_evaluation_targets/usenix_test_set/python-3.6/3a2b3ddc588c54d1f30a22b1bc3927300690106f0c1423b7f26c7e3e473b7c96a2b9b724d734aeb4c1762735d980893c0694885ebbd76d246f96c9595551c092/deephys.py)
50. delete.py [COMPILE ERROR] (path: /syssec-nas0/pyc-research/compiled_evaluation_targets/usenix_test_set/python-3.6/e179207821a8d66b135b002439562231bff33635adc6475fddbfc474b38d7ba3030990c79e5b66727ee17bc2a284b2917afbc94a9015fcfa542e0d94451a56fb/delete.py)
51. driver.py [COMPILE ERROR] (path: /syssec-nas0/pyc-research/compiled_evaluation_targets/usenix_test_set/python-3.6/64719785210dcbe5d58c69f02c38f29a43e21aee07993d23f173f5a3e3ee071881386c83ee2f2eb9f4754c3d8f64ce16f5b3520ac96fa185870849bbd04e65b4/driver.py)
52. event.py [RECONSTRUCTION FAILURE] (path: /syssec-nas0/pyc-research/compiled_evaluation_targets/usenix_test_set/python-3.6/ced1f660843e9a96e06190df855da0fc4f94a50471e6f4143d6f259e8e85feebe662aae48d09b03cc77805e70e1be7d4a8918c3813c3eed07d192cd06ae8e0e2/event.py)
53. format_spec.py [RECONSTRUCTION FAILURE] (path: /syssec-nas0/pyc-research/compiled_evaluation_targets/usenix_test_set/python-3.6/39e72cb2bddc8b72f468b773d48ed8a4fa6ae85648ad33027d2454e4d6281afc22e9fa8506f4249857c35e1226879efc34fd2579bbcfccb902ff9b479b95c7e0/format_spec.py)
54. generic.py [RECONSTRUCTION FAILURE] (path: /syssec-nas0/pyc-research/compiled_evaluation_targets/usenix_test_set/python-3.6/d00b530ef7cad6c74113936940c58b5d9b135f1cca5eea2b9a4855f7df6a17e0a236bb00ab5f179d6942cd679e7ffc44e73aee2c31d55396cf77d5208bb31bf0/generic.py)
55. hunting_query_results.py [COMPILE ERROR] (path: /syssec-nas0/pyc-research/compiled_evaluation_targets/usenix_test_set/python-3.6/6a7767b2d6e96369bb65fee644634af1bcca082c372471c5eb25a19e586789e21d61c19211309e80d15ae77b5e5530b87a8ddee3ee2ea22a83f6536cb5cd036d/hunting_query_results.py)
56. iam.py [RECONSTRUCTION FAILURE] (path: /syssec-nas0/pyc-research/compiled_evaluation_targets/usenix_test_set/python-3.6/5c18998e99a71f26959cac3f1bda5d4480752707c3fd70f13cc1ae21c71f49a8e5557ea1786822f592947575b58aa5da131fda478d22cd25a22aedd1585958e8/iam.py)
57. ideogram.py [COMPILE ERROR] (path: /syssec-nas0/pyc-research/compiled_evaluation_targets/usenix_test_set/python-3.6/ae09bde57e12d6544557ca428d820b6e4ab8923d558c39cab6763f1e318b3cb796197031d9f83a1c4ed6acd3c61c30a80f4fec0d969b749e4f24178aee57bd8e/ideogram.py)
58. inference_classification_override_item_request_builder.py [COMPILE ERROR] (path: /syssec-nas0/pyc-research/compiled_evaluation_targets/usenix_test_set/python-3.6/46f6015ef0b4573edbf111c37b75c63868968eaae25128ed76c3e18d923efe48f2ba80e7c491d81a7ae97283820020da548adbd62854453ea0e495ba168472be/inference_classification_override_item_request_builder.py)
59. input.py [RECONSTRUCTION FAILURE] (path: /syssec-nas0/pyc-research/compiled_evaluation_targets/usenix_test_set/python-3.6/4f48007ebf96ca10c41a087e282a16fcabd4e668a1d85dd47fa5d4979b463788f22eabf524017ad5ef3167c52856dcf02a52d95cdbf76aac8c440b1176902749/input.py)
60. interval.py [COMPILE ERROR] (path: /syssec-nas0/pyc-research/compiled_evaluation_targets/usenix_test_set/python-3.6/4e167e445620006fc577a863d4fb3637a862184baa280817cf606245d22ca62594ee61146695fbf1c9e769e6e50a1cac3b15998a823f4eba26b4f472a256072e/interval.py)
61. iterator.py [COMPILE ERROR] (path: /syssec-nas0/pyc-research/compiled_evaluation_targets/usenix_test_set/python-3.6/6b292028392c316b624bea1345952b3aaf3d04b7398d39c64e80e7caa8b113d8b6ab540cdf956e02b78dec1b3187817ce41f61d0c0b64d7d756c35b9cf2e1c98/iterator.py)
62. job.py [COMPILE ERROR] (path: /syssec-nas0/pyc-research/compiled_evaluation_targets/usenix_test_set/python-3.6/725e2f198c267e8eed07dee213c2fa0c5ac6d0cfe2749a2d68ab19990cb2dabf02cbf0579e55d0952205354f66f8aaa5bd4e9682d0d168ab455fbc2947040cca/job.py)
63. json.py [COMPILE ERROR] (path: /syssec-nas0/pyc-research/compiled_evaluation_targets/usenix_test_set/python-3.6/2b273e98b67a7fd5195bc71c7dcd0638ec761f26e70c351a48b4ffbd3d036cd407d5b5efcd04d545fe5edd130a7df5927dbbf580678320571dfb5a177c2fb91c/json.py)
64. json_format.py [COMPILE ERROR] (path: /syssec-nas0/pyc-research/compiled_evaluation_targets/usenix_test_set/python-3.6/811d12c92e619883d55077105a66ffc49f9a135e6ab4eabb4abbe6ab3faa92ed27b295d5f78a9d2a68951e7d6210e9cedd17047c4cc41a59a0ec42bc6b009ad0/json_format.py)
65. keras.py [RECONSTRUCTION FAILURE] (path: /syssec-nas0/pyc-research/compiled_evaluation_targets/usenix_test_set/python-3.6/7c8c1e60f94e9fceebb95b119b33914485a7c0cdb829881cfaaff7d7faaeef9b0af8a986d9afcff85be4c4009d3bf5e655a9761102f467449205aab947b1affe/keras.py)
66. layer_norm.py [RECONSTRUCTION FAILURE] (path: /syssec-nas0/pyc-research/compiled_evaluation_targets/usenix_test_set/python-3.6/030b332c8762fd486faf80ea78b5a587f0a01c9157b38524007063a3f864b4a1265d9c2e5e8b1e8a6101417e89acf9f0a38d8a2a1a609844e7741cc11e805208/layer_norm.py)
67. line_reader.py [COMPILE ERROR] (path: /syssec-nas0/pyc-research/compiled_evaluation_targets/usenix_test_set/python-3.6/f59c2dd8f2c6c595c9ef64f18030da30b083ff49c41f167e7f5be91d2e4b4494cd0f4a8268448d26036fcb40983c8e389b9e33568947b8e636b3bcf00c22e4c0/line_reader.py)
68. lite.py [COMPILE ERROR] (path: /syssec-nas0/pyc-research/compiled_evaluation_targets/usenix_test_set/python-3.6/1dd92df89a3409de9f5adb135e5c5977d65997c78f1fe5615aa3240f1c5058d0d0cf310685dd909249d5a019e4f6797a2b09c735d45b0f1c6f858fe99a614524/lite.py)
69. loading_prompt_interceptor.py [COMPILE ERROR] (path: /syssec-nas0/pyc-research/compiled_evaluation_targets/usenix_test_set/python-3.6/53f17fd3c2fada8d9a784059d7ce9ca4fd27ca86527bcbd169f269b75773e4a46c1898d7901c27581dc38666f09862519e3756327946f1ca784cfd755625cd5c/loading_prompt_interceptor.py)
70. math_grad.py [RECONSTRUCTION FAILURE] (path: /syssec-nas0/pyc-research/compiled_evaluation_targets/usenix_test_set/python-3.6/dec7ab7f96054af2d9dff76b1a6983e065fb672aa3e916080c1231aa5b5e1d8188caf0b12ef0153d8ec8d6d358b6d89acaccaa7bfef25bee7f66b74ebf9829d9/math_grad.py)
71. message.py [COMPILE ERROR] (path: /syssec-nas0/pyc-research/compiled_evaluation_targets/usenix_test_set/python-3.6/ba49440de3c51ee8d8ba8bc9e482c3404b7970b7cc311862e436efc83496c15ce90276a5c9e7b5dc4715cc86f5b74997ab5e32dda6bcb3e09a134f9f9bf97844/message.py)
72. models.py [COMPILE ERROR] (path: /syssec-nas0/pyc-research/compiled_evaluation_targets/usenix_test_set/python-3.6/c05584e4d97564093be7277b96ac8b22c4c88daa2e0b91fdf4a56d54ad4e38b465979b4c48e4612c04b14bc745fff86e774da8a52d7d1b7e5deacf9d487a7dd0/models.py)
73. node.py [RECONSTRUCTION FAILURE] (path: /syssec-nas0/pyc-research/compiled_evaluation_targets/usenix_test_set/python-3.6/11c569da5982ec918257febdc6ee16e7df05dcdeb25405b450c43e3b5e17fd44979b82276347d0b68f0831d75417fa653c06df0ec46ef371bd8ea48536f69377/node.py)
74. npyimpl.py [RECONSTRUCTION FAILURE] (path: /syssec-nas0/pyc-research/compiled_evaluation_targets/usenix_test_set/python-3.6/0e61931e559c88000ff1c2c21b5aac2732545677c3e33f001b3c032357b42aa4edaf1816f3bfc5a3985edc3b0ce9dd7af20e8efa9ccafa0c30e216c4f65f7999/npyimpl.py)
75. ocr.py [COMPILE ERROR] (path: /syssec-nas0/pyc-research/compiled_evaluation_targets/usenix_test_set/python-3.6/f304e8c9963de2601e7a283b78bc4e43c4c70ab961a743dfd02323453e0894c1a019114174972eae9d6cbd839566644b3bd9e1d0a2c2822f7782156423cbdd9c/ocr.py)
76. optimal_90deg.py [COMPILE ERROR] (path: /syssec-nas0/pyc-research/compiled_evaluation_targets/usenix_test_set/python-3.6/414d4853151e925276bc0c38abe90057b649e31083fe6890ad1aca4ddd1fb6da88ecef0d47c14423f05f2f46cb32497fd1fb6f81a65376066d0e28bc2133d9a8/optimal_90deg.py)
77. orm.py [COMPILE ERROR] (path: /syssec-nas0/pyc-research/compiled_evaluation_targets/usenix_test_set/python-3.6/3350df0060f09d6046b01597bfed440c7bc46a5212240dfbdbe27468a0bc068588af20470b93fceff642866dac92cbaf17a2958e555af477a5f51e88add3fafb/orm.py)
78. output.py [COMPILE ERROR] (path: /syssec-nas0/pyc-research/compiled_evaluation_targets/usenix_test_set/python-3.6/0450e1a74f2b709a12c8cd7178e19cdda62d2008f95f5c58fe1b2479dab8bc4371897fa226c5d9a497d6ce3c0352a81548b3b8516a5aa219cd5a84b5bb89e45c/output.py)
79. outputs.py [COMPILE ERROR] (path: /syssec-nas0/pyc-research/compiled_evaluation_targets/usenix_test_set/python-3.6/189ec1e761ae6734ab212c1790ca4c695755e17784aadc64cadc01e1331e97a1e7915851b99eeee3cafddfd9d5eecae180fd29a5a144e3c8bc9c97e52cbe4dd9/outputs.py)
80. outputs.py [COMPILE ERROR] (path: /syssec-nas0/pyc-research/compiled_evaluation_targets/usenix_test_set/python-3.6/751b8f36cb20e0f15aec65a6faad8ea8d22a41d66623c8448bff5767720f00b8bd3a5f63df0274396e129b0277f6419650839913aab48914a7cc43f8c21ce3d3/outputs.py)
81. patch.py [RECONSTRUCTION FAILURE] (path: /syssec-nas0/pyc-research/compiled_evaluation_targets/usenix_test_set/python-3.6/dcb9ebd8bcff996941a4a9b4332eecdeaadeddb060689c27c0adac07e0e24972953b5fd377e7734790c03f7892a83fed6096738f390f88e0672f0366f82d280a/patch.py)
82. performance_numpy.py [COMPILE ERROR] (path: /syssec-nas0/pyc-research/compiled_evaluation_targets/usenix_test_set/python-3.6/5bfc1a093eb315067cc2007d841c6f666b4836e0a048e01726e235e77431417746da9fd8d14857fe852cb6274d4336cf5d4452b622e0e134c93e91c85a9b4534/performance_numpy.py)
83. plugin.py [COMPILE ERROR] (path: /syssec-nas0/pyc-research/compiled_evaluation_targets/usenix_test_set/python-3.6/1a9d04d63cd664eb34b7497adc6b2b632d13b5d95dafc4516249fa0adbc73be0ef54d07ebc78456c1c3fd1362d7a580147c7b2d15e6a99b03982819ca742d89a/plugin.py)
84. post.py [COMPILE ERROR] (path: /syssec-nas0/pyc-research/compiled_evaluation_targets/usenix_test_set/python-3.6/74c742354d7ea5760e0fbd980816c54c436e3569bd60ddad33017e854f6810603d832ff83c8da1dd6838b6875515d4d0314db67a1f70129c5663aeb7d666b71f/post.py)
85. renamed_targets_rules.py [COMPILE ERROR] (path: /syssec-nas0/pyc-research/compiled_evaluation_targets/usenix_test_set/python-3.6/6afee0566a9602a8f315a65d3f112cff9ac46f025b8b6ff3c47ce0b1c9a8c5434773a75f2a81269205e91403c97ff6c3172633921981de102376fb59dfc293fb/renamed_targets_rules.py)
86. routine.py [RECONSTRUCTION FAILURE] (path: /syssec-nas0/pyc-research/compiled_evaluation_targets/usenix_test_set/python-3.6/5884b69078adf7550bd27b4ff4cb98251c3ad8f32a68e1a951fed36c24243ffda1c357220dc588ad050e4a2845405af62f83eddc7bf1887091263bce8adb2888/routine.py)
87. schema.py [COMPILE ERROR] (path: /syssec-nas0/pyc-research/compiled_evaluation_targets/usenix_test_set/python-3.6/5678c43fd6a9e2451cc482170e9fc09c31455c7f43b7ea3088ea5cd70724d46d3c4fc9fd006cc905a528a27f326afb71934001351d768ee437ed47c473522bd1/schema.py)
88. sd_spider.py [RECONSTRUCTION FAILURE] (path: /syssec-nas0/pyc-research/compiled_evaluation_targets/usenix_test_set/python-3.6/0c57aaceb2640d6935311703dac29599259f32e7d2bdac185f6882bf72444497b7d1f84c92ebf8d821c7a75e223b51c1cd1103b58cb0f74fac359326caf10ed1/sd_spider.py)
89. sensor.py [COMPILE ERROR] (path: /syssec-nas0/pyc-research/compiled_evaluation_targets/usenix_test_set/python-3.6/0cc59cf2fa9680561ea17ca9395b0a6263dd16fe37672cef6e5a745129266f24a37177ab88de0298fefc9077b997bf5d87d81d1c63c17e4f8be8a00c87053d1e/sensor.py)
90. set_request_builder.py [COMPILE ERROR] (path: /syssec-nas0/pyc-research/compiled_evaluation_targets/usenix_test_set/python-3.6/c6192fb755d84dedfd8d9625dacf889b064d39bea832efc09d7201e02762f49ec6265d21f0481429467ea5ee96d94f935ce0ae83ba1d71cbaed2aaac3f7b7fa1/set_request_builder.py)
91. simplicial.py [COMPILE ERROR] (path: /syssec-nas0/pyc-research/compiled_evaluation_targets/usenix_test_set/python-3.6/aa042c04276ce17b69600d7271dd2aa7ef0afe66db9697e0a92207fb468e854f3f36be50f2d949148709e885c104b40c122002965c35c9bb14dd4c9da5951527/simplicial.py)
92. subscription_collection_response.py [COMPILE ERROR] (path: /syssec-nas0/pyc-research/compiled_evaluation_targets/usenix_test_set/python-3.6/0b7c8487a62e6850da775097434b0fea4e9a98f7b72e485aa10e64d38bed1edd50ff8342d33d28ad43f9c7cb85d3f12771e682fc7fc2cd34e3665181db76e270/subscription_collection_response.py)
93. team_item_request_builder.py [COMPILE ERROR] (path: /syssec-nas0/pyc-research/compiled_evaluation_targets/usenix_test_set/python-3.6/b578e40b3e3aa52a3484221158d0baca1446ce272895f7149397995089f874d920bad77099fd41d4259a60b0be003dc507d01c500a2cd6eba69b5483d9d63109/team_item_request_builder.py)
94. test_TFNetworkSigProcLayer.py [COMPILE ERROR] (path: /syssec-nas0/pyc-research/compiled_evaluation_targets/usenix_test_set/python-3.6/162f2a7232af0a52279ccfae1749ab94041d2eba134077547d377ab53419b74ade95e304d31037be6bcef6d520a37bc953488a9b04ec399620e93f75cb7e73ac/test_TFNetworkSigProcLayer.py)
95. test_app.py [COMPILE ERROR] (path: /syssec-nas0/pyc-research/compiled_evaluation_targets/usenix_test_set/python-3.6/a1d4077d542628b80d6e72199245104d83f0955819c870134a0e9028ecb0d89a24fa881c2f4a8f026e550683069b20b28a9169ae30e92ec60a67620595f1a848/test_app.py)
96. test_unsatisfied.py [COMPILE ERROR] (path: /syssec-nas0/pyc-research/compiled_evaluation_targets/usenix_test_set/python-3.6/129e09ce052ce8ceb45f1a11e6b821c207878b69b69980a745c2bb2099d28982a796fdf1b4c114d217eb95d12ac24486fc4f621e4e548a81f2e9d7c6d2c14995/test_unsatisfied.py)
97. test_using_msbuild.py [COMPILE ERROR] (path: /syssec-nas0/pyc-research/compiled_evaluation_targets/usenix_test_set/python-3.6/bb72500984e622eae852d9597d043476d07652f4070f81975d3420ed25ccff41b310cff35c56eb223dfd64df43d1209d9879c714d22d8825e08bb4f4ee38172e/test_using_msbuild.py)
98. tested_versions_utils.py [COMPILE ERROR] (path: /syssec-nas0/pyc-research/compiled_evaluation_targets/usenix_test_set/python-3.6/b18f9d967ad9ad54bfebef09501732b35c63d11511c3b91915c55e495b58b4c31b007779ede64a44b9d939682b53721d540fc88064ba44c944a0a535bdbf62a4/tested_versions_utils.py)
99. tf_leveldb.py [RECONSTRUCTION FAILURE] (path: /syssec-nas0/pyc-research/compiled_evaluation_targets/usenix_test_set/python-3.6/d2fe40d06a6617cf9d4ae4e05b1d250c43e8b1983955a842bd18b5bc89911bdc7d27c9209f209a9e2a79635463117e398fff1007975233a6131de59086797c7b/tf_leveldb.py)
100. ti_taxii_data_connector.py [RECONSTRUCTION FAILURE] (path: /syssec-nas0/pyc-research/compiled_evaluation_targets/usenix_test_set/python-3.6/5517ae9fec0f2126b6d69b52a8bac585d8d433185e3d3cb372d4f85ca2171a728127eb9c7bc381bc7557dd18a354194c770ca80866162892c85d08086430ecbe/ti_taxii_data_connector.py)
101. time_off_item_request_builder.py [COMPILE ERROR] (path: /syssec-nas0/pyc-research/compiled_evaluation_targets/usenix_test_set/python-3.6/0523be17ef54e6489e88902ee80c71dfcf96a31cc4fdfc2c613e6ed565397c85a321330f3d4f87dd835cf095944094c61c98e2301b2cde69b19cfd687d9f71d0/time_off_item_request_builder.py)
102. transforms.py [COMPILE ERROR] (path: /syssec-nas0/pyc-research/compiled_evaluation_targets/usenix_test_set/python-3.6/f2beedf6b028de819e792fdb988260ac6564e8120b93d3392ccb55dac8daa78872909d7321c1ceefda9f899c6ed406aef13a7a427085c742acac274bd66f1e3e/transforms.py)
103. transpose.py [COMPILE ERROR] (path: /syssec-nas0/pyc-research/compiled_evaluation_targets/usenix_test_set/python-3.6/fb58e44dab65169f5ce41a833ec3a655bf78dbd070ea42407ad6f55c41271c11d66f402697ca7bcd535b582e7cdeb3198bab54616e5baa501c4a5beadac676eb/transpose.py)
104. tunnel.py [COMPILE ERROR] (path: /syssec-nas0/pyc-research/compiled_evaluation_targets/usenix_test_set/python-3.6/5e0bae32c002f88ce7523e688bb5f69e24aacf981757bd57a3b545f6298e9d751092960c44eb2fd2087ddbdd4aaae2f54bfc13ef12d6b22fe57e3543d7d9d1d9/tunnel.py)
105. unfuddle.py [RECONSTRUCTION FAILURE] (path: /syssec-nas0/pyc-research/compiled_evaluation_targets/usenix_test_set/python-3.6/85ba58e4e5c299dd1aa75e011df101af8c02cbc5095adcb21093f4caf488fb7d93b4d2772e82e0bdf335abfe2e265ade5daf99c9a23f2a8ec14cc0d60e5d187c/unfuddle.py)
106. universe.py [COMPILE ERROR] (path: /syssec-nas0/pyc-research/compiled_evaluation_targets/usenix_test_set/python-3.6/06ab004839a2e1dd31a7e6cf420a07de4e2d3d619345e9ba7291b0d9739123e5ec600fad145f7a912d6e4a1e1caa2aa12a284f88e256cfb52ff3fe8ed6cfabab/universe.py)
107. utils.py [COMPILE ERROR] (path: /syssec-nas0/pyc-research/compiled_evaluation_targets/usenix_test_set/python-3.6/1527730a6740d076746560df2b16254899131725c4bcdd88f9e1c71c227ecba13d9f950d5dc501736da4cd8d770dd5c6667ea5ab76d999afd110cab29c8b311b/utils.py)
108. utils.py [COMPILE ERROR] (path: /syssec-nas0/pyc-research/compiled_evaluation_targets/usenix_test_set/python-3.6/e40ecc531fd7292125a7068633c4128a4dd8f48efd4f18400de70047306708d16e56fbf99b27112a8eb5a5d8ea466c79d95e90b3838d982562e5bf49772966f9/utils.py)
109. utypes.py [COMPILE ERROR] (path: /syssec-nas0/pyc-research/compiled_evaluation_targets/usenix_test_set/python-3.6/62e1202c14217245d475532c4ec7af57e54d6e91656997af475081f14416bdca6fb0e62701fa7dc9733bc3acdea7f1f2d745c5746097a33b274aa9afa4df0c5d/utypes.py)
110. video_reader.py [COMPILE ERROR] (path: /syssec-nas0/pyc-research/compiled_evaluation_targets/usenix_test_set/python-3.6/dfff6f08815f3a1d602e46a250104653c7a9beba7cf59828a452b88f536f97578da238fd3d05376d4ba6ff778830ee83c3d077c9a9ffcf7f7578942ff4ab62ce/video_reader.py)
111. web_app_deployment_slot.py [RECONSTRUCTION FAILURE] (path: /syssec-nas0/pyc-research/compiled_evaluation_targets/usenix_test_set/python-3.6/a7002342fb0d7424ca55f099bd51815ede3b73d8c492626fa57540e7acc47597c75486997aa4ae51cd193ae0f6cf0bf033b8c224239cb7c6ab15e653b4ed30e4/web_app_deployment_slot.py)
112. wipe.py [COMPILE ERROR] (path: /syssec-nas0/pyc-research/compiled_evaluation_targets/usenix_test_set/python-3.6/303e8be99b216abbe3f9482d4c24d29acda450872fd0e828ade8222fc3bfb170045fc03d08974107e89c6941b0c491cf3e20dfcb34f789696ec54af81054af3b/wipe.py)

=== Detailed Breakdown ===

Compile Errors:
1. 11408-normalized.py (path: /syssec-nas0/pyc-research/compiled_evaluation_targets/usenix_test_set/python-3.6/11408/11408-normalized.py)
2. 15117-normalized.py (path: /syssec-nas0/pyc-research/compiled_evaluation_targets/usenix_test_set/python-3.6/15117/15117-normalized.py)
3. 17415-normalized.py (path: /syssec-nas0/pyc-research/compiled_evaluation_targets/usenix_test_set/python-3.6/17415/17415-normalized.py)
4. 20111-normalized.py (path: /syssec-nas0/pyc-research/compiled_evaluation_targets/usenix_test_set/python-3.6/20111/20111-normalized.py)
5. 21984-normalized.py (path: /syssec-nas0/pyc-research/compiled_evaluation_targets/usenix_test_set/python-3.6/21984/21984-normalized.py)
6. 5450-normalized.py (path: /syssec-nas0/pyc-research/compiled_evaluation_targets/usenix_test_set/python-3.6/5450/5450-normalized.py)
7. 7548-normalized.py (path: /syssec-nas0/pyc-research/compiled_evaluation_targets/usenix_test_set/python-3.6/7548/7548-normalized.py)
8. 9604-normalized.py (path: /syssec-nas0/pyc-research/compiled_evaluation_targets/usenix_test_set/python-3.6/9604/9604-normalized.py)
9. GitCliWithAutoRollback.py (path: /syssec-nas0/pyc-research/compiled_evaluation_targets/usenix_test_set/python-3.6/dfd242a947298fe2962ce9a060ece74645e62c7134febff0ac4b33e4b123117dd747f5ca35223060eced0e302d52e695b9895c8d9bee3429403b006bd9d772f3/GitCliWithAutoRollback.py)
10. ModelJob.py (path: /syssec-nas0/pyc-research/compiled_evaluation_targets/usenix_test_set/python-3.6/dc43ff4d8f5922d5253f8d4fbba5d2dcfe2e25f0048160b0fd49839d052db72286f8bf0c5a8cc8c78f8682ea697b0d621c8d2424666dd20f27e2f30ae5fc5469/ModelJob.py)
11. _container.py (path: /syssec-nas0/pyc-research/compiled_evaluation_targets/usenix_test_set/python-3.6/072a80350499f6f26dfaa824f877816806d1b81be7b3a0248c63e1f2423e24a046b4807afc0df0cf3817772bae7b7f8c7fe0677d2e3fafbe1f3025dae313809b/_container.py)
12. api.py (path: /syssec-nas0/pyc-research/compiled_evaluation_targets/usenix_test_set/python-3.6/556e9b94a3354791b440b1d8b0c1e1ae3e7f0f2e51034d5846fd131709419db2a6cb8985125974e93e6a194db8187fc8c9df22a0d5a942af5b94a108fc0d401a/api.py)
13. arith.py (path: /syssec-nas0/pyc-research/compiled_evaluation_targets/usenix_test_set/python-3.6/45b238dbd089809582ff35b90927f1f0bb934b2ad2ad0c5fb011c8e3c94bd887462755e0a5c53c37f1a755b98c9869b2e1e6dbf19bb0890a591f72d8a6047542/arith.py)
14. attach_decorator_data1_jws.py (path: /syssec-nas0/pyc-research/compiled_evaluation_targets/usenix_test_set/python-3.6/faa1a3741bc70d6eade7d8d322083a7688192aa8d5ad6e251ee15cb28ee820efa872779158a91dcb96373498fe450f1a8c0f09084e32fe600ae29d859c75ca12/attach_decorator_data1_jws.py)
15. attachments_request_builder.py (path: /syssec-nas0/pyc-research/compiled_evaluation_targets/usenix_test_set/python-3.6/3fa7c60cdbc149da8d9abe5bc7c27f72b217e32784a0dad8741d578de316d19d7efeda014df90f3d210a56a0d14adfa4c5e040ec8185baf06c98d126bd8106b4/attachments_request_builder.py)
16. attribute.py (path: /syssec-nas0/pyc-research/compiled_evaluation_targets/usenix_test_set/python-3.6/e28c9d6e5e662a08290ad00470327ceddec99ef5f9fda5345a1d886bde7f62a4449a8aed261eaacbcfb14794a45455a8f5d9b2b142483bfe57e9c82aad809bbe/attribute.py)
17. base.py (path: /syssec-nas0/pyc-research/compiled_evaluation_targets/usenix_test_set/python-3.6/5931322edcae9ce1628dd5bb61a9cc4c58bd16276ad935a74653ecb4206c690e83429962f30bdc9eeccf0cf380fd0a50082cedd1fe08f969920a42ca7109b3d4/base.py)
18. base_runner.py (path: /syssec-nas0/pyc-research/compiled_evaluation_targets/usenix_test_set/python-3.6/0eb2aa8746f65ed9751f1805d43e0ce03ed3fd59236dc50680b896195d122efc0b58fa576ef419df1a7b61a9e5f871496410d074b6ec2c51e6ec88c91224555f/base_runner.py)
19. bootstrap.py (path: /syssec-nas0/pyc-research/compiled_evaluation_targets/usenix_test_set/python-3.6/4ea7064fc96cf5a31a5fa58cf8e08ce370d14896743add918dcd9a1717d4ec82e2604fc1d518591de2290fe84dfec48240635fa79d114694535dbd3a070a2505/bootstrap.py)
20. bot.py (path: /syssec-nas0/pyc-research/compiled_evaluation_targets/usenix_test_set/python-3.6/c1dbd86a6c4f5ea97a9a9467d2f0a41396795dd4518daf5eaabd03a532219a168f451d5d09518f681411652232d4370869a10d1f8f880312d77570eec59f59e6/bot.py)
21. branding_request_builder.py (path: /syssec-nas0/pyc-research/compiled_evaluation_targets/usenix_test_set/python-3.6/5971c228ea889bafe166b332a2523f9b77c215fc5157bf454b9df1bae1a5d861167b28eda85a314dfab9a5538a4ff343d4db80da1fe9fdfb1e2c44de84515792/branding_request_builder.py)
22. case.py (path: /syssec-nas0/pyc-research/compiled_evaluation_targets/usenix_test_set/python-3.6/4cf1f7aba324aa0b14ac982a64b415d45039253858665b9794e798b7891266634bd8fb41aefbd80f09e7d2af1bf2cec61b2c084299195fc5af67d120c153badb/case.py)
23. column_definition_item_request_builder.py (path: /syssec-nas0/pyc-research/compiled_evaluation_targets/usenix_test_set/python-3.6/a505ecc12c1a4e38ff23d02b6e804c8d1f72b94c680f7142298462d2a7a0a9b4159cd2df943f5c0de308966ca1b2dbc6664543baa967e15b1783d5ccd0000005/column_definition_item_request_builder.py)
24. common.py (path: /syssec-nas0/pyc-research/compiled_evaluation_targets/usenix_test_set/python-3.6/437d13e9263e380d41d8334ea865d824c2c44cc26f00251ed6c025fd5379ba54c5c96c4c422ff48e0099a3d29c3e99188a964d32dd6a18b9c9859b7605e7df9a/common.py)
25. companies.py (path: /syssec-nas0/pyc-research/compiled_evaluation_targets/usenix_test_set/python-3.6/7fc64521cc61b91b99fae6159eec1a2b64ca47a1c11c4899ec50c28f5f7609cf6e472818c2954cdd9e2fe84139d0345c7046ca132387f7e78d7033e5bf284b13/companies.py)
26. config_flow.py (path: /syssec-nas0/pyc-research/compiled_evaluation_targets/usenix_test_set/python-3.6/9eb0f991c58e2837fcb989cb3bcb5c90b44edd6bdd9ee8579f543c363ea534bb07e1fe7335f74f821dd6f718653a42449f13bbc82749b6527460d6dd5dfe075a/config_flow.py)
27. configuration.py (path: /syssec-nas0/pyc-research/compiled_evaluation_targets/usenix_test_set/python-3.6/0e25706b814e5b1ce031b8707b4e447c2a03583f87a106d1aadfa459fb0bbccd363eb7822e144fa7dbc0ade604ede90210dfd35ff88222ebd7c9cd7076d4b911/configuration.py)
28. const.py (path: /syssec-nas0/pyc-research/compiled_evaluation_targets/usenix_test_set/python-3.6/d29f0281a06863e5f8f44e537284238b1e8dc0c9c53ebbdda08f2e884c23a5aca868a20acff2fad03fab01e6315cbd49c5da2829b733452673040a2bcff5e58d/const.py)
29. core.py (path: /syssec-nas0/pyc-research/compiled_evaluation_targets/usenix_test_set/python-3.6/9381c42904d165615addb1d272423fc42b1b456839de7861bcdc1f7cad204fb6dd6994e7df9869352af410c5466242a21dda535ecfcac60c643a13b571bbcafc/core.py)
30. count_request_builder.py (path: /syssec-nas0/pyc-research/compiled_evaluation_targets/usenix_test_set/python-3.6/0c211e0eb543614e7469942a2863b3863dee7e2bff49b6e2ffd08a3ea087176e35d65d2cac68bbcbd2ba40cd2e8825d7fad41485b6f606b25772362ed9629a08/count_request_builder.py)
31. deephys.py (path: /syssec-nas0/pyc-research/compiled_evaluation_targets/usenix_test_set/python-3.6/3a2b3ddc588c54d1f30a22b1bc3927300690106f0c1423b7f26c7e3e473b7c96a2b9b724d734aeb4c1762735d980893c0694885ebbd76d246f96c9595551c092/deephys.py)
32. delete.py (path: /syssec-nas0/pyc-research/compiled_evaluation_targets/usenix_test_set/python-3.6/e179207821a8d66b135b002439562231bff33635adc6475fddbfc474b38d7ba3030990c79e5b66727ee17bc2a284b2917afbc94a9015fcfa542e0d94451a56fb/delete.py)
33. driver.py (path: /syssec-nas0/pyc-research/compiled_evaluation_targets/usenix_test_set/python-3.6/64719785210dcbe5d58c69f02c38f29a43e21aee07993d23f173f5a3e3ee071881386c83ee2f2eb9f4754c3d8f64ce16f5b3520ac96fa185870849bbd04e65b4/driver.py)
34. hunting_query_results.py (path: /syssec-nas0/pyc-research/compiled_evaluation_targets/usenix_test_set/python-3.6/6a7767b2d6e96369bb65fee644634af1bcca082c372471c5eb25a19e586789e21d61c19211309e80d15ae77b5e5530b87a8ddee3ee2ea22a83f6536cb5cd036d/hunting_query_results.py)
35. ideogram.py (path: /syssec-nas0/pyc-research/compiled_evaluation_targets/usenix_test_set/python-3.6/ae09bde57e12d6544557ca428d820b6e4ab8923d558c39cab6763f1e318b3cb796197031d9f83a1c4ed6acd3c61c30a80f4fec0d969b749e4f24178aee57bd8e/ideogram.py)
36. inference_classification_override_item_request_builder.py (path: /syssec-nas0/pyc-research/compiled_evaluation_targets/usenix_test_set/python-3.6/46f6015ef0b4573edbf111c37b75c63868968eaae25128ed76c3e18d923efe48f2ba80e7c491d81a7ae97283820020da548adbd62854453ea0e495ba168472be/inference_classification_override_item_request_builder.py)
37. interval.py (path: /syssec-nas0/pyc-research/compiled_evaluation_targets/usenix_test_set/python-3.6/4e167e445620006fc577a863d4fb3637a862184baa280817cf606245d22ca62594ee61146695fbf1c9e769e6e50a1cac3b15998a823f4eba26b4f472a256072e/interval.py)
38. iterator.py (path: /syssec-nas0/pyc-research/compiled_evaluation_targets/usenix_test_set/python-3.6/6b292028392c316b624bea1345952b3aaf3d04b7398d39c64e80e7caa8b113d8b6ab540cdf956e02b78dec1b3187817ce41f61d0c0b64d7d756c35b9cf2e1c98/iterator.py)
39. job.py (path: /syssec-nas0/pyc-research/compiled_evaluation_targets/usenix_test_set/python-3.6/725e2f198c267e8eed07dee213c2fa0c5ac6d0cfe2749a2d68ab19990cb2dabf02cbf0579e55d0952205354f66f8aaa5bd4e9682d0d168ab455fbc2947040cca/job.py)
40. json.py (path: /syssec-nas0/pyc-research/compiled_evaluation_targets/usenix_test_set/python-3.6/2b273e98b67a7fd5195bc71c7dcd0638ec761f26e70c351a48b4ffbd3d036cd407d5b5efcd04d545fe5edd130a7df5927dbbf580678320571dfb5a177c2fb91c/json.py)
41. json_format.py (path: /syssec-nas0/pyc-research/compiled_evaluation_targets/usenix_test_set/python-3.6/811d12c92e619883d55077105a66ffc49f9a135e6ab4eabb4abbe6ab3faa92ed27b295d5f78a9d2a68951e7d6210e9cedd17047c4cc41a59a0ec42bc6b009ad0/json_format.py)
42. line_reader.py (path: /syssec-nas0/pyc-research/compiled_evaluation_targets/usenix_test_set/python-3.6/f59c2dd8f2c6c595c9ef64f18030da30b083ff49c41f167e7f5be91d2e4b4494cd0f4a8268448d26036fcb40983c8e389b9e33568947b8e636b3bcf00c22e4c0/line_reader.py)
43. lite.py (path: /syssec-nas0/pyc-research/compiled_evaluation_targets/usenix_test_set/python-3.6/1dd92df89a3409de9f5adb135e5c5977d65997c78f1fe5615aa3240f1c5058d0d0cf310685dd909249d5a019e4f6797a2b09c735d45b0f1c6f858fe99a614524/lite.py)
44. loading_prompt_interceptor.py (path: /syssec-nas0/pyc-research/compiled_evaluation_targets/usenix_test_set/python-3.6/53f17fd3c2fada8d9a784059d7ce9ca4fd27ca86527bcbd169f269b75773e4a46c1898d7901c27581dc38666f09862519e3756327946f1ca784cfd755625cd5c/loading_prompt_interceptor.py)
45. message.py (path: /syssec-nas0/pyc-research/compiled_evaluation_targets/usenix_test_set/python-3.6/ba49440de3c51ee8d8ba8bc9e482c3404b7970b7cc311862e436efc83496c15ce90276a5c9e7b5dc4715cc86f5b74997ab5e32dda6bcb3e09a134f9f9bf97844/message.py)
46. models.py (path: /syssec-nas0/pyc-research/compiled_evaluation_targets/usenix_test_set/python-3.6/c05584e4d97564093be7277b96ac8b22c4c88daa2e0b91fdf4a56d54ad4e38b465979b4c48e4612c04b14bc745fff86e774da8a52d7d1b7e5deacf9d487a7dd0/models.py)
47. ocr.py (path: /syssec-nas0/pyc-research/compiled_evaluation_targets/usenix_test_set/python-3.6/f304e8c9963de2601e7a283b78bc4e43c4c70ab961a743dfd02323453e0894c1a019114174972eae9d6cbd839566644b3bd9e1d0a2c2822f7782156423cbdd9c/ocr.py)
48. optimal_90deg.py (path: /syssec-nas0/pyc-research/compiled_evaluation_targets/usenix_test_set/python-3.6/414d4853151e925276bc0c38abe90057b649e31083fe6890ad1aca4ddd1fb6da88ecef0d47c14423f05f2f46cb32497fd1fb6f81a65376066d0e28bc2133d9a8/optimal_90deg.py)
49. orm.py (path: /syssec-nas0/pyc-research/compiled_evaluation_targets/usenix_test_set/python-3.6/3350df0060f09d6046b01597bfed440c7bc46a5212240dfbdbe27468a0bc068588af20470b93fceff642866dac92cbaf17a2958e555af477a5f51e88add3fafb/orm.py)
50. output.py (path: /syssec-nas0/pyc-research/compiled_evaluation_targets/usenix_test_set/python-3.6/0450e1a74f2b709a12c8cd7178e19cdda62d2008f95f5c58fe1b2479dab8bc4371897fa226c5d9a497d6ce3c0352a81548b3b8516a5aa219cd5a84b5bb89e45c/output.py)
51. outputs.py (path: /syssec-nas0/pyc-research/compiled_evaluation_targets/usenix_test_set/python-3.6/189ec1e761ae6734ab212c1790ca4c695755e17784aadc64cadc01e1331e97a1e7915851b99eeee3cafddfd9d5eecae180fd29a5a144e3c8bc9c97e52cbe4dd9/outputs.py)
52. outputs.py (path: /syssec-nas0/pyc-research/compiled_evaluation_targets/usenix_test_set/python-3.6/751b8f36cb20e0f15aec65a6faad8ea8d22a41d66623c8448bff5767720f00b8bd3a5f63df0274396e129b0277f6419650839913aab48914a7cc43f8c21ce3d3/outputs.py)
53. performance_numpy.py (path: /syssec-nas0/pyc-research/compiled_evaluation_targets/usenix_test_set/python-3.6/5bfc1a093eb315067cc2007d841c6f666b4836e0a048e01726e235e77431417746da9fd8d14857fe852cb6274d4336cf5d4452b622e0e134c93e91c85a9b4534/performance_numpy.py)
54. plugin.py (path: /syssec-nas0/pyc-research/compiled_evaluation_targets/usenix_test_set/python-3.6/1a9d04d63cd664eb34b7497adc6b2b632d13b5d95dafc4516249fa0adbc73be0ef54d07ebc78456c1c3fd1362d7a580147c7b2d15e6a99b03982819ca742d89a/plugin.py)
55. post.py (path: /syssec-nas0/pyc-research/compiled_evaluation_targets/usenix_test_set/python-3.6/74c742354d7ea5760e0fbd980816c54c436e3569bd60ddad33017e854f6810603d832ff83c8da1dd6838b6875515d4d0314db67a1f70129c5663aeb7d666b71f/post.py)
56. renamed_targets_rules.py (path: /syssec-nas0/pyc-research/compiled_evaluation_targets/usenix_test_set/python-3.6/6afee0566a9602a8f315a65d3f112cff9ac46f025b8b6ff3c47ce0b1c9a8c5434773a75f2a81269205e91403c97ff6c3172633921981de102376fb59dfc293fb/renamed_targets_rules.py)
57. schema.py (path: /syssec-nas0/pyc-research/compiled_evaluation_targets/usenix_test_set/python-3.6/5678c43fd6a9e2451cc482170e9fc09c31455c7f43b7ea3088ea5cd70724d46d3c4fc9fd006cc905a528a27f326afb71934001351d768ee437ed47c473522bd1/schema.py)
58. sensor.py (path: /syssec-nas0/pyc-research/compiled_evaluation_targets/usenix_test_set/python-3.6/0cc59cf2fa9680561ea17ca9395b0a6263dd16fe37672cef6e5a745129266f24a37177ab88de0298fefc9077b997bf5d87d81d1c63c17e4f8be8a00c87053d1e/sensor.py)
59. set_request_builder.py (path: /syssec-nas0/pyc-research/compiled_evaluation_targets/usenix_test_set/python-3.6/c6192fb755d84dedfd8d9625dacf889b064d39bea832efc09d7201e02762f49ec6265d21f0481429467ea5ee96d94f935ce0ae83ba1d71cbaed2aaac3f7b7fa1/set_request_builder.py)
60. simplicial.py (path: /syssec-nas0/pyc-research/compiled_evaluation_targets/usenix_test_set/python-3.6/aa042c04276ce17b69600d7271dd2aa7ef0afe66db9697e0a92207fb468e854f3f36be50f2d949148709e885c104b40c122002965c35c9bb14dd4c9da5951527/simplicial.py)
61. subscription_collection_response.py (path: /syssec-nas0/pyc-research/compiled_evaluation_targets/usenix_test_set/python-3.6/0b7c8487a62e6850da775097434b0fea4e9a98f7b72e485aa10e64d38bed1edd50ff8342d33d28ad43f9c7cb85d3f12771e682fc7fc2cd34e3665181db76e270/subscription_collection_response.py)
62. team_item_request_builder.py (path: /syssec-nas0/pyc-research/compiled_evaluation_targets/usenix_test_set/python-3.6/b578e40b3e3aa52a3484221158d0baca1446ce272895f7149397995089f874d920bad77099fd41d4259a60b0be003dc507d01c500a2cd6eba69b5483d9d63109/team_item_request_builder.py)
63. test_TFNetworkSigProcLayer.py (path: /syssec-nas0/pyc-research/compiled_evaluation_targets/usenix_test_set/python-3.6/162f2a7232af0a52279ccfae1749ab94041d2eba134077547d377ab53419b74ade95e304d31037be6bcef6d520a37bc953488a9b04ec399620e93f75cb7e73ac/test_TFNetworkSigProcLayer.py)
64. test_app.py (path: /syssec-nas0/pyc-research/compiled_evaluation_targets/usenix_test_set/python-3.6/a1d4077d542628b80d6e72199245104d83f0955819c870134a0e9028ecb0d89a24fa881c2f4a8f026e550683069b20b28a9169ae30e92ec60a67620595f1a848/test_app.py)
65. test_unsatisfied.py (path: /syssec-nas0/pyc-research/compiled_evaluation_targets/usenix_test_set/python-3.6/129e09ce052ce8ceb45f1a11e6b821c207878b69b69980a745c2bb2099d28982a796fdf1b4c114d217eb95d12ac24486fc4f621e4e548a81f2e9d7c6d2c14995/test_unsatisfied.py)
66. test_using_msbuild.py (path: /syssec-nas0/pyc-research/compiled_evaluation_targets/usenix_test_set/python-3.6/bb72500984e622eae852d9597d043476d07652f4070f81975d3420ed25ccff41b310cff35c56eb223dfd64df43d1209d9879c714d22d8825e08bb4f4ee38172e/test_using_msbuild.py)
67. tested_versions_utils.py (path: /syssec-nas0/pyc-research/compiled_evaluation_targets/usenix_test_set/python-3.6/b18f9d967ad9ad54bfebef09501732b35c63d11511c3b91915c55e495b58b4c31b007779ede64a44b9d939682b53721d540fc88064ba44c944a0a535bdbf62a4/tested_versions_utils.py)
68. time_off_item_request_builder.py (path: /syssec-nas0/pyc-research/compiled_evaluation_targets/usenix_test_set/python-3.6/0523be17ef54e6489e88902ee80c71dfcf96a31cc4fdfc2c613e6ed565397c85a321330f3d4f87dd835cf095944094c61c98e2301b2cde69b19cfd687d9f71d0/time_off_item_request_builder.py)
69. transforms.py (path: /syssec-nas0/pyc-research/compiled_evaluation_targets/usenix_test_set/python-3.6/f2beedf6b028de819e792fdb988260ac6564e8120b93d3392ccb55dac8daa78872909d7321c1ceefda9f899c6ed406aef13a7a427085c742acac274bd66f1e3e/transforms.py)
70. transpose.py (path: /syssec-nas0/pyc-research/compiled_evaluation_targets/usenix_test_set/python-3.6/fb58e44dab65169f5ce41a833ec3a655bf78dbd070ea42407ad6f55c41271c11d66f402697ca7bcd535b582e7cdeb3198bab54616e5baa501c4a5beadac676eb/transpose.py)
71. tunnel.py (path: /syssec-nas0/pyc-research/compiled_evaluation_targets/usenix_test_set/python-3.6/5e0bae32c002f88ce7523e688bb5f69e24aacf981757bd57a3b545f6298e9d751092960c44eb2fd2087ddbdd4aaae2f54bfc13ef12d6b22fe57e3543d7d9d1d9/tunnel.py)
72. universe.py (path: /syssec-nas0/pyc-research/compiled_evaluation_targets/usenix_test_set/python-3.6/06ab004839a2e1dd31a7e6cf420a07de4e2d3d619345e9ba7291b0d9739123e5ec600fad145f7a912d6e4a1e1caa2aa12a284f88e256cfb52ff3fe8ed6cfabab/universe.py)
73. utils.py (path: /syssec-nas0/pyc-research/compiled_evaluation_targets/usenix_test_set/python-3.6/1527730a6740d076746560df2b16254899131725c4bcdd88f9e1c71c227ecba13d9f950d5dc501736da4cd8d770dd5c6667ea5ab76d999afd110cab29c8b311b/utils.py)
74. utils.py (path: /syssec-nas0/pyc-research/compiled_evaluation_targets/usenix_test_set/python-3.6/e40ecc531fd7292125a7068633c4128a4dd8f48efd4f18400de70047306708d16e56fbf99b27112a8eb5a5d8ea466c79d95e90b3838d982562e5bf49772966f9/utils.py)
75. utypes.py (path: /syssec-nas0/pyc-research/compiled_evaluation_targets/usenix_test_set/python-3.6/62e1202c14217245d475532c4ec7af57e54d6e91656997af475081f14416bdca6fb0e62701fa7dc9733bc3acdea7f1f2d745c5746097a33b274aa9afa4df0c5d/utypes.py)
76. video_reader.py (path: /syssec-nas0/pyc-research/compiled_evaluation_targets/usenix_test_set/python-3.6/dfff6f08815f3a1d602e46a250104653c7a9beba7cf59828a452b88f536f97578da238fd3d05376d4ba6ff778830ee83c3d077c9a9ffcf7f7578942ff4ab62ce/video_reader.py)
77. wipe.py (path: /syssec-nas0/pyc-research/compiled_evaluation_targets/usenix_test_set/python-3.6/303e8be99b216abbe3f9482d4c24d29acda450872fd0e828ade8222fc3bfb170045fc03d08974107e89c6941b0c491cf3e20dfcb34f789696ec54af81054af3b/wipe.py)

Reconstruction Failures:
1. 12595-normalized.py (path: /syssec-nas0/pyc-research/compiled_evaluation_targets/usenix_test_set/python-3.6/12595/12595-normalized.py)
2. 13267-normalized.py (path: /syssec-nas0/pyc-research/compiled_evaluation_targets/usenix_test_set/python-3.6/13267/13267-normalized.py)
3. 16670-normalized.py (path: /syssec-nas0/pyc-research/compiled_evaluation_targets/usenix_test_set/python-3.6/16670/16670-normalized.py)
4. 17041-normalized.py (path: /syssec-nas0/pyc-research/compiled_evaluation_targets/usenix_test_set/python-3.6/17041/17041-normalized.py)
5. 17324-normalized.py (path: /syssec-nas0/pyc-research/compiled_evaluation_targets/usenix_test_set/python-3.6/17324/17324-normalized.py)
6. 17582-normalized.py (path: /syssec-nas0/pyc-research/compiled_evaluation_targets/usenix_test_set/python-3.6/17582/17582-normalized.py)
7. 4536-normalized.py (path: /syssec-nas0/pyc-research/compiled_evaluation_targets/usenix_test_set/python-3.6/4536/4536-normalized.py)
8. 7075-normalized.py (path: /syssec-nas0/pyc-research/compiled_evaluation_targets/usenix_test_set/python-3.6/7075/7075-normalized.py)
9. 7865-normalized.py (path: /syssec-nas0/pyc-research/compiled_evaluation_targets/usenix_test_set/python-3.6/7865/7865-normalized.py)
10. 9326-normalized.py (path: /syssec-nas0/pyc-research/compiled_evaluation_targets/usenix_test_set/python-3.6/9326/9326-normalized.py)
11. OHConverter.py (path: /syssec-nas0/pyc-research/compiled_evaluation_targets/usenix_test_set/python-3.6/23fc751af17263629094a44cccce24942e6bd1373ef7b3fe084b6ffe15987a10c7a5082c8ce7a50342a06722b2a9a7fb24380160ad59d521e553e9967b3535f2/OHConverter.py)
12. anti_brute_force_rule.py (path: /syssec-nas0/pyc-research/compiled_evaluation_targets/usenix_test_set/python-3.6/798101f293d497031aa308e2f8f38edad1da4db8f519ba3881157dcb343ece48a648374320bdf30a06cc9bf7f4690b88272ab74d038714832dda98febafa25cd/anti_brute_force_rule.py)
13. api.py (path: /syssec-nas0/pyc-research/compiled_evaluation_targets/usenix_test_set/python-3.6/75756b16713040aa5b384a90bda2524eae5e92a4e0cf3063aae05bfd714ecf4652011eef0ff9c633e344f244c90b641bf998beca633707009042a112ad3da9cb/api.py)
14. application_group.py (path: /syssec-nas0/pyc-research/compiled_evaluation_targets/usenix_test_set/python-3.6/99b0344b5883cffde4610725195d3c195679ee97b57656640ccc7dd0a1316d6d3689ca46c81cb8802262496691c14ee318e2d15278b4d2af9688e594acec5f81/application_group.py)
15. bitwarden_mod.py (path: /syssec-nas0/pyc-research/compiled_evaluation_targets/usenix_test_set/python-3.6/5e938952cedef5198f20ec73cc50cfa9d1ce107a9999dff04e4892ad690368d1a64f72863ea016b3d76277cf34734c942a69c3319af51ee64ad0a13dba91a13f/bitwarden_mod.py)
16. client.py (path: /syssec-nas0/pyc-research/compiled_evaluation_targets/usenix_test_set/python-3.6/4a46ad0f8c1915c1c17bb3389cf32ee4a01489b197b055559c183621c711566c3796d456703a8aeeb5a7890c2e15c1c8bf75b5660a31e87fa3b339cbd011e279/client.py)
17. convert_img.py (path: /syssec-nas0/pyc-research/compiled_evaluation_targets/usenix_test_set/python-3.6/2280e63e0dfe45e8e9cc3714e8292b17ea39016f7913ac9b3f9bf677e59e97806e0e022973d69a79550130d4c3b939e68b0ab04eb4f3e2df6b76b1b7cc5343fa/convert_img.py)
18. decoder_loader.py (path: /syssec-nas0/pyc-research/compiled_evaluation_targets/usenix_test_set/python-3.6/86a1a6aac49f23b4c629032c95f61267c4f6a459561dee9b14068b26453696e4cb394c4df8229ba03407ddbc053e2b071ee766f9f9d7c554a3cb7f4a45626965/decoder_loader.py)
19. event.py (path: /syssec-nas0/pyc-research/compiled_evaluation_targets/usenix_test_set/python-3.6/ced1f660843e9a96e06190df855da0fc4f94a50471e6f4143d6f259e8e85feebe662aae48d09b03cc77805e70e1be7d4a8918c3813c3eed07d192cd06ae8e0e2/event.py)
20. format_spec.py (path: /syssec-nas0/pyc-research/compiled_evaluation_targets/usenix_test_set/python-3.6/39e72cb2bddc8b72f468b773d48ed8a4fa6ae85648ad33027d2454e4d6281afc22e9fa8506f4249857c35e1226879efc34fd2579bbcfccb902ff9b479b95c7e0/format_spec.py)
21. generic.py (path: /syssec-nas0/pyc-research/compiled_evaluation_targets/usenix_test_set/python-3.6/d00b530ef7cad6c74113936940c58b5d9b135f1cca5eea2b9a4855f7df6a17e0a236bb00ab5f179d6942cd679e7ffc44e73aee2c31d55396cf77d5208bb31bf0/generic.py)
22. iam.py (path: /syssec-nas0/pyc-research/compiled_evaluation_targets/usenix_test_set/python-3.6/5c18998e99a71f26959cac3f1bda5d4480752707c3fd70f13cc1ae21c71f49a8e5557ea1786822f592947575b58aa5da131fda478d22cd25a22aedd1585958e8/iam.py)
23. input.py (path: /syssec-nas0/pyc-research/compiled_evaluation_targets/usenix_test_set/python-3.6/4f48007ebf96ca10c41a087e282a16fcabd4e668a1d85dd47fa5d4979b463788f22eabf524017ad5ef3167c52856dcf02a52d95cdbf76aac8c440b1176902749/input.py)
24. keras.py (path: /syssec-nas0/pyc-research/compiled_evaluation_targets/usenix_test_set/python-3.6/7c8c1e60f94e9fceebb95b119b33914485a7c0cdb829881cfaaff7d7faaeef9b0af8a986d9afcff85be4c4009d3bf5e655a9761102f467449205aab947b1affe/keras.py)
25. layer_norm.py (path: /syssec-nas0/pyc-research/compiled_evaluation_targets/usenix_test_set/python-3.6/030b332c8762fd486faf80ea78b5a587f0a01c9157b38524007063a3f864b4a1265d9c2e5e8b1e8a6101417e89acf9f0a38d8a2a1a609844e7741cc11e805208/layer_norm.py)
26. math_grad.py (path: /syssec-nas0/pyc-research/compiled_evaluation_targets/usenix_test_set/python-3.6/dec7ab7f96054af2d9dff76b1a6983e065fb672aa3e916080c1231aa5b5e1d8188caf0b12ef0153d8ec8d6d358b6d89acaccaa7bfef25bee7f66b74ebf9829d9/math_grad.py)
27. node.py (path: /syssec-nas0/pyc-research/compiled_evaluation_targets/usenix_test_set/python-3.6/11c569da5982ec918257febdc6ee16e7df05dcdeb25405b450c43e3b5e17fd44979b82276347d0b68f0831d75417fa653c06df0ec46ef371bd8ea48536f69377/node.py)
28. npyimpl.py (path: /syssec-nas0/pyc-research/compiled_evaluation_targets/usenix_test_set/python-3.6/0e61931e559c88000ff1c2c21b5aac2732545677c3e33f001b3c032357b42aa4edaf1816f3bfc5a3985edc3b0ce9dd7af20e8efa9ccafa0c30e216c4f65f7999/npyimpl.py)
29. patch.py (path: /syssec-nas0/pyc-research/compiled_evaluation_targets/usenix_test_set/python-3.6/dcb9ebd8bcff996941a4a9b4332eecdeaadeddb060689c27c0adac07e0e24972953b5fd377e7734790c03f7892a83fed6096738f390f88e0672f0366f82d280a/patch.py)
30. routine.py (path: /syssec-nas0/pyc-research/compiled_evaluation_targets/usenix_test_set/python-3.6/5884b69078adf7550bd27b4ff4cb98251c3ad8f32a68e1a951fed36c24243ffda1c357220dc588ad050e4a2845405af62f83eddc7bf1887091263bce8adb2888/routine.py)
31. sd_spider.py (path: /syssec-nas0/pyc-research/compiled_evaluation_targets/usenix_test_set/python-3.6/0c57aaceb2640d6935311703dac29599259f32e7d2bdac185f6882bf72444497b7d1f84c92ebf8d821c7a75e223b51c1cd1103b58cb0f74fac359326caf10ed1/sd_spider.py)
32. tf_leveldb.py (path: /syssec-nas0/pyc-research/compiled_evaluation_targets/usenix_test_set/python-3.6/d2fe40d06a6617cf9d4ae4e05b1d250c43e8b1983955a842bd18b5bc89911bdc7d27c9209f209a9e2a79635463117e398fff1007975233a6131de59086797c7b/tf_leveldb.py)
33. ti_taxii_data_connector.py (path: /syssec-nas0/pyc-research/compiled_evaluation_targets/usenix_test_set/python-3.6/5517ae9fec0f2126b6d69b52a8bac585d8d433185e3d3cb372d4f85ca2171a728127eb9c7bc381bc7557dd18a354194c770ca80866162892c85d08086430ecbe/ti_taxii_data_connector.py)
34. unfuddle.py (path: /syssec-nas0/pyc-research/compiled_evaluation_targets/usenix_test_set/python-3.6/85ba58e4e5c299dd1aa75e011df101af8c02cbc5095adcb21093f4caf488fb7d93b4d2772e82e0bdf335abfe2e265ade5daf99c9a23f2a8ec14cc0d60e5d187c/unfuddle.py)
35. web_app_deployment_slot.py (path: /syssec-nas0/pyc-research/compiled_evaluation_targets/usenix_test_set/python-3.6/a7002342fb0d7424ca55f099bd51815ede3b73d8c492626fa57540e7acc47597c75486997aa4ae51cd193ae0f6cf0bf033b8c224239cb7c6ab15e653b4ed30e4/web_app_deployment_slot.py)
