Total files processed: 995
Success: 916 (92.1%)
Total failures: 79 (7.9%)
  - Reconstruction failures: 36
  - Compile errors: 43
  - Runtime errors: 0

=== All Failed Files (Sorted) ===
1. 1255-normalized.py [RECONSTRUCTION FAILURE] (path: /syssec-nas0/pyc-research/compiled_evaluation_targets/usenix_test_set/python-3.11/1255/1255-normalized.py)
2. 12811-normalized.py [RECONSTRUCTION FAILURE] (path: /syssec-nas0/pyc-research/compiled_evaluation_targets/usenix_test_set/python-3.11/12811/12811-normalized.py)
3. 12911-normalized.py [COMPILE ERROR] (path: /syssec-nas0/pyc-research/compiled_evaluation_targets/usenix_test_set/python-3.11/12911/12911-normalized.py)
4. 1340-normalized.py [RECONSTRUCTION FAILURE] (path: /syssec-nas0/pyc-research/compiled_evaluation_targets/usenix_test_set/python-3.11/1340/1340-normalized.py)
5. 15016-normalized.py [COMPILE ERROR] (path: /syssec-nas0/pyc-research/compiled_evaluation_targets/usenix_test_set/python-3.11/15016/15016-normalized.py)
6. 16152-normalized.py [RECONSTRUCTION FAILURE] (path: /syssec-nas0/pyc-research/compiled_evaluation_targets/usenix_test_set/python-3.11/16152/16152-normalized.py)
7. 16800-normalized.py [RECONSTRUCTION FAILURE] (path: /syssec-nas0/pyc-research/compiled_evaluation_targets/usenix_test_set/python-3.11/16800/16800-normalized.py)
8. 1984-normalized.py [COMPILE ERROR] (path: /syssec-nas0/pyc-research/compiled_evaluation_targets/usenix_test_set/python-3.11/1984/1984-normalized.py)
9. 20140-normalized.py [RECONSTRUCTION FAILURE] (path: /syssec-nas0/pyc-research/compiled_evaluation_targets/usenix_test_set/python-3.11/20140/20140-normalized.py)
10. 21245-normalized.py [COMPILE ERROR] (path: /syssec-nas0/pyc-research/compiled_evaluation_targets/usenix_test_set/python-3.11/21245/21245-normalized.py)
11. 21623-normalized.py [RECONSTRUCTION FAILURE] (path: /syssec-nas0/pyc-research/compiled_evaluation_targets/usenix_test_set/python-3.11/21623/21623-normalized.py)
12. 34-normalized.py [COMPILE ERROR] (path: /syssec-nas0/pyc-research/compiled_evaluation_targets/usenix_test_set/python-3.11/34/34-normalized.py)
13. 3630-normalized.py [COMPILE ERROR] (path: /syssec-nas0/pyc-research/compiled_evaluation_targets/usenix_test_set/python-3.11/3630/3630-normalized.py)
14. 3905-normalized.py [RECONSTRUCTION FAILURE] (path: /syssec-nas0/pyc-research/compiled_evaluation_targets/usenix_test_set/python-3.11/3905/3905-normalized.py)
15. 5316-normalized.py [COMPILE ERROR] (path: /syssec-nas0/pyc-research/compiled_evaluation_targets/usenix_test_set/python-3.11/5316/5316-normalized.py)
16. 6561-normalized.py [RECONSTRUCTION FAILURE] (path: /syssec-nas0/pyc-research/compiled_evaluation_targets/usenix_test_set/python-3.11/6561/6561-normalized.py)
17. 6937-normalized.py [RECONSTRUCTION FAILURE] (path: /syssec-nas0/pyc-research/compiled_evaluation_targets/usenix_test_set/python-3.11/6937/6937-normalized.py)
18. 8494-normalized.py [COMPILE ERROR] (path: /syssec-nas0/pyc-research/compiled_evaluation_targets/usenix_test_set/python-3.11/8494/8494-normalized.py)
19. 925-normalized.py [RECONSTRUCTION FAILURE] (path: /syssec-nas0/pyc-research/compiled_evaluation_targets/usenix_test_set/python-3.11/925/925-normalized.py)
20. Docker.py [RECONSTRUCTION FAILURE] (path: /syssec-nas0/pyc-research/compiled_evaluation_targets/usenix_test_set/python-3.11/f0974f739296bb8627ece86d6b6942582dff38f962cd7d65283ef5259bb3ce5ec2ffc1fe41fb157e3dbd68189cd5011f70bcc3c0c4ba9b458bc93693232e9cf6/Docker.py)
21. NotifyRyver.py [COMPILE ERROR] (path: /syssec-nas0/pyc-research/compiled_evaluation_targets/usenix_test_set/python-3.11/6d343ee5495ed08133701c2bdd9380e77387ac43f05be2d5754ff70a535bdb5ae8dd3057842591744f7d34e2a2971af9f477416c7fc65527890e50503aeb78e2/NotifyRyver.py)
22. _fileobjectposix.py [COMPILE ERROR] (path: /syssec-nas0/pyc-research/compiled_evaluation_targets/usenix_test_set/python-3.11/4cd9c561cae81f5fb527b46be6380adc0c8726b9ff4af665558e6818b71a96ac581e5ac08d2190c43c7b5be397b9bee386dd74fc58eb3fe83657ee6e0ae34eb3/_fileobjectposix.py)
23. api.py [COMPILE ERROR] (path: /syssec-nas0/pyc-research/compiled_evaluation_targets/usenix_test_set/python-3.11/75756b16713040aa5b384a90bda2524eae5e92a4e0cf3063aae05bfd714ecf4652011eef0ff9c633e344f244c90b641bf998beca633707009042a112ad3da9cb/api.py)
24. base.py [COMPILE ERROR] (path: /syssec-nas0/pyc-research/compiled_evaluation_targets/usenix_test_set/python-3.11/53de9c1b842e62a9723ee8fc11b7ecc5e41db13890dd2567c92ccb5cfe6a34f359a51834a7cd565acc2c883c35186691f14e75f82d04d99c38195cbb9d85d80d/base.py)
25. bezier.py [RECONSTRUCTION FAILURE] (path: /syssec-nas0/pyc-research/compiled_evaluation_targets/usenix_test_set/python-3.11/7b1400a6460c531bdfc7a0ae0bc5729896e5f191f499c002eaefdbe6cd39167dd4f0df909f4b1484a1afc631a69cdddb94d0197659a154d0670cbe5250efda08/bezier.py)
26. cloud_init.py [COMPILE ERROR] (path: /syssec-nas0/pyc-research/compiled_evaluation_targets/usenix_test_set/python-3.11/eea8d532f7881a25e483b8568d31ce02aec3eae8b76a2e2ac94981926c4ad714fb42f9e79c8be51ce49b6c2883b823e196f6e1132e9003fee3bfb4631659608d/cloud_init.py)
27. common.py [COMPILE ERROR] (path: /syssec-nas0/pyc-research/compiled_evaluation_targets/usenix_test_set/python-3.11/437d13e9263e380d41d8334ea865d824c2c44cc26f00251ed6c025fd5379ba54c5c96c4c422ff48e0099a3d29c3e99188a964d32dd6a18b9c9859b7605e7df9a/common.py)
28. decoder_loader.py [COMPILE ERROR] (path: /syssec-nas0/pyc-research/compiled_evaluation_targets/usenix_test_set/python-3.11/86a1a6aac49f23b4c629032c95f61267c4f6a459561dee9b14068b26453696e4cb394c4df8229ba03407ddbc053e2b071ee766f9f9d7c554a3cb7f4a45626965/decoder_loader.py)
29. delete.py [COMPILE ERROR] (path: /syssec-nas0/pyc-research/compiled_evaluation_targets/usenix_test_set/python-3.11/e179207821a8d66b135b002439562231bff33635adc6475fddbfc474b38d7ba3030990c79e5b66727ee17bc2a284b2917afbc94a9015fcfa542e0d94451a56fb/delete.py)
30. distribute_utils.py [RECONSTRUCTION FAILURE] (path: /syssec-nas0/pyc-research/compiled_evaluation_targets/usenix_test_set/python-3.11/e18f25d363de6e40cc4bb03fada36ec13766bbafff03731ea3ec15a7ad7cb0b326952169fc291d0aed8dca9b7da5ec4b8e636e729a998c59087a5ffdc92fd92e/distribute_utils.py)
31. ecdf.py [RECONSTRUCTION FAILURE] (path: /syssec-nas0/pyc-research/compiled_evaluation_targets/usenix_test_set/python-3.11/78cbb1efa93ae2d758d6e8a88fe029601ebf9305712c5f055f4a61b74e6608bd49ef49e409ea4d202b51c92272c3ec719ccafee4db32b801ee10e0e337cb8155/ecdf.py)
32. es.py [COMPILE ERROR] (path: /syssec-nas0/pyc-research/compiled_evaluation_targets/usenix_test_set/python-3.11/3572599aea1ac3c627725f41f8061d30d133f6ddff861358a83e5ea2df1ffbd91a520831e8cf2a10752fb071256f5f1b29085a683c56db40d632a1cf01dbcb23/es.py)
33. event.py [RECONSTRUCTION FAILURE] (path: /syssec-nas0/pyc-research/compiled_evaluation_targets/usenix_test_set/python-3.11/ced1f660843e9a96e06190df855da0fc4f94a50471e6f4143d6f259e8e85feebe662aae48d09b03cc77805e70e1be7d4a8918c3813c3eed07d192cd06ae8e0e2/event.py)
34. export.py [COMPILE ERROR] (path: /syssec-nas0/pyc-research/compiled_evaluation_targets/usenix_test_set/python-3.11/75955dcd80a0c4f6c77525d6046bd1737f43a7494bfad37916b0bc6c6101c21d2b84a5247d45aef1186c729f84d5faeb8885140dde72a8563e8c1db8c0111592/export.py)
35. format_spec.py [RECONSTRUCTION FAILURE] (path: /syssec-nas0/pyc-research/compiled_evaluation_targets/usenix_test_set/python-3.11/39e72cb2bddc8b72f468b773d48ed8a4fa6ae85648ad33027d2454e4d6281afc22e9fa8506f4249857c35e1226879efc34fd2579bbcfccb902ff9b479b95c7e0/format_spec.py)
36. gdm.py [COMPILE ERROR] (path: /syssec-nas0/pyc-research/compiled_evaluation_targets/usenix_test_set/python-3.11/37290885c451e7f3ec76d92320832fa291f112f11571b60aca18a26c68d50ebdb30a21accffb303ccb83e439fe3abd86970b44f009d564422e6d863eff3c61df/gdm.py)
37. grid_finder.py [COMPILE ERROR] (path: /syssec-nas0/pyc-research/compiled_evaluation_targets/usenix_test_set/python-3.11/9adb7cace7418536c7432515bcdeb74b3ce556902914e1788bdd9ed8bc0b79769ad0ed3f1534ff8cc5b3833e77494b02883fc782f9ae8f9d804fd3705156e6af/grid_finder.py)
38. heartbeat_formatter.py [RECONSTRUCTION FAILURE] (path: /syssec-nas0/pyc-research/compiled_evaluation_targets/usenix_test_set/python-3.11/2569cac6fd813b649f658abfc53e3f9eb06abc25947f65d834250d4a63a6c3c52bb83bd01e77f14363d88b0a507a34afa2d0c45662671966fb9fcbe25fa71b5c/heartbeat_formatter.py)
39. hide_utils.py [COMPILE ERROR] (path: /syssec-nas0/pyc-research/compiled_evaluation_targets/usenix_test_set/python-3.11/3e9b640265aa654cda4581e3cf6418aaa817f1fcd6feedc06f35dec3c6dbe7d8f18d98c5ac4c49409745f7b89a0016c11ad0a5bd89133de147958fd86000dbae/hide_utils.py)
40. input_spec.py [COMPILE ERROR] (path: /syssec-nas0/pyc-research/compiled_evaluation_targets/usenix_test_set/python-3.11/e93c355e44b261b2059f878d60baf482836beb2057030b8fd0406b043e32a5e1de32dc747d2afe6bd90d2c33ddfa3c3d0eeca8558bfca81b8eb4d11a806f1c89/input_spec.py)
41. install.py [COMPILE ERROR] (path: /syssec-nas0/pyc-research/compiled_evaluation_targets/usenix_test_set/python-3.11/ffbbd47346632ced7c335e3fd9f108521233b44c9ac16433e36df9ddedf6fdf018323b82f8341443d4b86b6dd75cc4eef473b09400abe31ee4592a9c9ebbc2db/install.py)
42. intent.py [RECONSTRUCTION FAILURE] (path: /syssec-nas0/pyc-research/compiled_evaluation_targets/usenix_test_set/python-3.11/ce2c0094f9d77c1d04e616e22dfbdfb78efad93ccd93f6b317815bc57046a8b7bad982ab5b74ea67a0cb06657d4ac76cf8d6f0d15ec69f77287ef5187b2e25de/intent.py)
43. iterator.py [COMPILE ERROR] (path: /syssec-nas0/pyc-research/compiled_evaluation_targets/usenix_test_set/python-3.11/6b292028392c316b624bea1345952b3aaf3d04b7398d39c64e80e7caa8b113d8b6ab540cdf956e02b78dec1b3187817ce41f61d0c0b64d7d756c35b9cf2e1c98/iterator.py)
44. lib_backup.py [COMPILE ERROR] (path: /syssec-nas0/pyc-research/compiled_evaluation_targets/usenix_test_set/python-3.11/bf62423ec4b76f5e73585215a512942a1ea250f4e9b11d3bafe922689aeda1fd9a5f561332d8e95e176f1dea55a82104ec2f41af63680ce68436b66c51cb0067/lib_backup.py)
45. loader.py [COMPILE ERROR] (path: /syssec-nas0/pyc-research/compiled_evaluation_targets/usenix_test_set/python-3.11/06bd23c76f46501eef32a0d2c4c7889e2385f4657c50c548d7f643551e1692868a2a8a60d2e2b00fa79f661b608714bdb867ae5230bccc53eca0f0e623ec338c/loader.py)
46. local.py [RECONSTRUCTION FAILURE] (path: /syssec-nas0/pyc-research/compiled_evaluation_targets/usenix_test_set/python-3.11/16baf36c42b094aeb40740736d1017a73775fdb7c2d857bc09fad246fd8adcabf85df2780c42d08789fc40a34b3ce2f1c0ec32bcdc2e9340a25aad3fdb546623/local.py)
47. local_project_config.py [COMPILE ERROR] (path: /syssec-nas0/pyc-research/compiled_evaluation_targets/usenix_test_set/python-3.11/71d0e41dddd1d3a4ad9bd314e80b944cb148b234a853acaaa7bf6405ca9c8c932957dca01de5617df71c70f51277327a5b70476e634052ebfb2cfcbf1a866a7a/local_project_config.py)
48. math_grad.py [COMPILE ERROR] (path: /syssec-nas0/pyc-research/compiled_evaluation_targets/usenix_test_set/python-3.11/dec7ab7f96054af2d9dff76b1a6983e065fb672aa3e916080c1231aa5b5e1d8188caf0b12ef0153d8ec8d6d358b6d89acaccaa7bfef25bee7f66b74ebf9829d9/math_grad.py)
49. moving_averages.py [RECONSTRUCTION FAILURE] (path: /syssec-nas0/pyc-research/compiled_evaluation_targets/usenix_test_set/python-3.11/5e987afb11bd4ae69a5dd7f45890fb820465d5587adf04738020ab01294e8ad6102cdf281a2f7d4c61f3893341c3adfbf7c95233d522cb35b5266baee1dbf45a/moving_averages.py)
50. ocr.py [RECONSTRUCTION FAILURE] (path: /syssec-nas0/pyc-research/compiled_evaluation_targets/usenix_test_set/python-3.11/f304e8c9963de2601e7a283b78bc4e43c4c70ab961a743dfd02323453e0894c1a019114174972eae9d6cbd839566644b3bd9e1d0a2c2822f7782156423cbdd9c/ocr.py)
51. old.py [COMPILE ERROR] (path: /syssec-nas0/pyc-research/compiled_evaluation_targets/usenix_test_set/python-3.11/f9d7e6438f4ac9ad73a7e47522c0bfa57c3f21651f526a2121787820b4ffdc0426bc1209862be1ef169719521404cb4b48fccf1185007e5f06d05b3aa1557107/old.py)
52. pkfont.py [RECONSTRUCTION FAILURE] (path: /syssec-nas0/pyc-research/compiled_evaluation_targets/usenix_test_set/python-3.11/3bcbd7e8376302af4aa0a0d664b6938a04821283b48aae124137ead2efa508ed6da8b5b8675977696a51701220532aed5872e5ce708df2f6932bc188dba8c8c8/pkfont.py)
53. pms_service_line.py [RECONSTRUCTION FAILURE] (path: /syssec-nas0/pyc-research/compiled_evaluation_targets/usenix_test_set/python-3.11/4b2ae674d2f3282ffe94163a1c9a9dd9d46af9d1d48a9ecbec861faaabde2f022b9d9d726e35e6e0ac84e29ba6be2949c3cc0bef5dfbebbd56a4f16b568b3e0a/pms_service_line.py)
54. projection.py [RECONSTRUCTION FAILURE] (path: /syssec-nas0/pyc-research/compiled_evaluation_targets/usenix_test_set/python-3.11/5a2b5963f5fd20d02274dad979a35a32b0c1c2c062291e875cd540e712533043f3eed0a5d390a89f22360ca8e6372c3c29595cde6d0caa53d63bc189e61db34b/projection.py)
55. pyproject_toml.py [RECONSTRUCTION FAILURE] (path: /syssec-nas0/pyc-research/compiled_evaluation_targets/usenix_test_set/python-3.11/b25857ca52823a4b1650f103b216ab3bedc4dcd0cc772dc2e52f57df63a0d3075755aaaa361b387a3ab0f842d01099f883df3c7c6cc5a33606d3e5e71ec9a356/pyproject_toml.py)
56. pytest_check_libs.py [RECONSTRUCTION FAILURE] (path: /syssec-nas0/pyc-research/compiled_evaluation_targets/usenix_test_set/python-3.11/70f1f1cada66df9074888b4c8ea3d0cc38b3be946089ac4f32b14c26b093a0fcfc9fc7500dace6365de7c1d50308cfcad0d0cf59e7760acf1730d834ad95f15f/pytest_check_libs.py)
57. req_install.py [RECONSTRUCTION FAILURE] (path: /syssec-nas0/pyc-research/compiled_evaluation_targets/usenix_test_set/python-3.11/3fb071e493a542ec15e107737d4f92e32cda9ee46ee5ac838eabd2c028a31bfed8b72197ed33f8cc8ea7fa2a0b262b38d86da5e4634a55168a51a44409f76bc7/req_install.py)
58. revChatGPT.py [COMPILE ERROR] (path: /syssec-nas0/pyc-research/compiled_evaluation_targets/usenix_test_set/python-3.11/9d3258a76bf781ef26b07ddd418c8bb3e0760385d7ee3011538e2e0629eb7addeb9face0aa5ca1836ad95136633fe2a4e75b2ef38aa169c81d343235eb9e2406/revChatGPT.py)
59. rtcrtpsender.py [COMPILE ERROR] (path: /syssec-nas0/pyc-research/compiled_evaluation_targets/usenix_test_set/python-3.11/2eb1b54d5e42d7d9eac34490c83da8586955b614b97c6aef2b2b63f86463cea2200d873c34c732b3cc536ee2d2a41a005cefb80781e34679fa263a1eb68f3a08/rtcrtpsender.py)
60. scaleio.py [RECONSTRUCTION FAILURE] (path: /syssec-nas0/pyc-research/compiled_evaluation_targets/usenix_test_set/python-3.11/4d07fe7c2788787c191dc6c0f3b10427dc0b48873ac5a191ce59d5fbcf908cd58faf388eef473e8aa926c36ab40b99a28c035c8ef362682eb1456369678a23e7/scaleio.py)
61. schemas.py [COMPILE ERROR] (path: /syssec-nas0/pyc-research/compiled_evaluation_targets/usenix_test_set/python-3.11/045cf9f46846d988ada51284223e1d0d233ad2ac09fc1d0cf392d1dbc2e30d159a06b89b73f43150a5da1807588891e22fd3947981147e946a0e862617e06fea/schemas.py)
62. scraper.py [RECONSTRUCTION FAILURE] (path: /syssec-nas0/pyc-research/compiled_evaluation_targets/usenix_test_set/python-3.11/0e2dcf37b136fdd356252318ab1801544f5681038dfe56408f910646f38425a6dfdfa6dfe65d396918c9075fde11e35de965a33e567366555ee34276f1c4396f/scraper.py)
63. screenshots.py [COMPILE ERROR] (path: /syssec-nas0/pyc-research/compiled_evaluation_targets/usenix_test_set/python-3.11/984f2a8f89ba47db288555e4862eb163784aac9a5ab6fd3f067ff3d642a1cf87753b4f9bee66b435199cfa1195331311b842732771fc3ed3744b4c21166d79ed/screenshots.py)
64. search.py [COMPILE ERROR] (path: /syssec-nas0/pyc-research/compiled_evaluation_targets/usenix_test_set/python-3.11/b80be56c6bd751dec60ae8ffdd3f72f34edc2727dc43388824aa47ccee3ca25ea2d8af028cf2fe719529bf128e1766f3f9d8fd10ea445f68242ad24145cf6387/search.py)
65. server.py [COMPILE ERROR] (path: /syssec-nas0/pyc-research/compiled_evaluation_targets/usenix_test_set/python-3.11/51cfe9f9267e456838ff14167187b394c00275a78f7012f390cda50cf432020cc37c5ff22a1beab9b0f4758b52938c50f0d30e3a74698e6a7e76835a0abd9f4e/server.py)
66. tf_decorator.py [RECONSTRUCTION FAILURE] (path: /syssec-nas0/pyc-research/compiled_evaluation_targets/usenix_test_set/python-3.11/254c689ac47da6c3f3cb3866791e1ef398c610a944010f95afe45b1d3dca168bb5b790a1dd450fb5420ace468b65d0c2e1ec7e405472d869c8210304eef609c7/tf_decorator.py)
67. tf_leveldb.py [RECONSTRUCTION FAILURE] (path: /syssec-nas0/pyc-research/compiled_evaluation_targets/usenix_test_set/python-3.11/d2fe40d06a6617cf9d4ae4e05b1d250c43e8b1983955a842bd18b5bc89911bdc7d27c9209f209a9e2a79635463117e398fff1007975233a6131de59086797c7b/tf_leveldb.py)
68. tools.py [COMPILE ERROR] (path: /syssec-nas0/pyc-research/compiled_evaluation_targets/usenix_test_set/python-3.11/14920d907cd7c08763023fe6ab3b9840dad434322919ed3fc0e435f406014a05db6fc80f4a147e7ea6ff21f0ed03a7e1a366f375b913cfbc88271e2a048c7e42/tools.py)
69. tui.py [COMPILE ERROR] (path: /syssec-nas0/pyc-research/compiled_evaluation_targets/usenix_test_set/python-3.11/5e7552039d58a8ea0ed28f29b52ab65627ce9a3530bb41b8dc20ebd8dd85b079968c33e217e192a2a9ff3e264e048b2505380b7bb50531a734e7876600abe279/tui.py)
70. types.py [RECONSTRUCTION FAILURE] (path: /syssec-nas0/pyc-research/compiled_evaluation_targets/usenix_test_set/python-3.11/7be97164110cc7e5e3683a3cf62d8aa8e144687de2ed377a116e25b7444c544480d500c51cd574e0deb897fbb577404f38b65c8bbc42a2ee34f5674b0ac6fafe/types.py)
71. unitofwork.py [RECONSTRUCTION FAILURE] (path: /syssec-nas0/pyc-research/compiled_evaluation_targets/usenix_test_set/python-3.11/55a8e022808f0fcb58f0882f0c739bbce3156bfb5b9f53f7ce4038a6f84216347f581f6e22562457faded992533475621a345aa7c0ac49bca3667b1651c68989/unitofwork.py)
72. upload_file_service [赵向明2022.8.26以前].py [COMPILE ERROR] (path: /syssec-nas0/pyc-research/compiled_evaluation_targets/usenix_test_set/python-3.11/88935e3ec53dc58592912b43cd90553431353a33811a1434a10eb772704b8f03829c1517e384ea68c12db8ba168db719ed7f225cc54d27f489d2bbd68eac2aa6/upload_file_service [赵向明2022.8.26以前].py)
73. util.py [COMPILE ERROR] (path: /syssec-nas0/pyc-research/compiled_evaluation_targets/usenix_test_set/python-3.11/173664a641938d81ad2214de37929d6ce75c82e22c585f7457e1c974950d64d8732b1935d0cf5505f248ad7dd6124e1e48a09fce4a87ca0cb655bf37b9bda984/util.py)
74. utils.py [COMPILE ERROR] (path: /syssec-nas0/pyc-research/compiled_evaluation_targets/usenix_test_set/python-3.11/a201699110d6e06b5c3fcc2f3c12db9180f842409ac99d03286642835aef0dc6f101cfd4101f04a0b1588eed2ccb77105142ae46e9e99bf410816f555ab11190/utils.py)
75. utypes.py [RECONSTRUCTION FAILURE] (path: /syssec-nas0/pyc-research/compiled_evaluation_targets/usenix_test_set/python-3.11/62e1202c14217245d475532c4ec7af57e54d6e91656997af475081f14416bdca6fb0e62701fa7dc9733bc3acdea7f1f2d745c5746097a33b274aa9afa4df0c5d/utypes.py)
76. views.py [COMPILE ERROR] (path: /syssec-nas0/pyc-research/compiled_evaluation_targets/usenix_test_set/python-3.11/810104722d80b0367b9d53f14960dd72760905530fe03f6c65cc34b4f52a655e5bcfdc9378f8ba43d27064d4dfef81ed5adc181824e55f08a7063a239036f40b/views.py)
77. visitor.py [RECONSTRUCTION FAILURE] (path: /syssec-nas0/pyc-research/compiled_evaluation_targets/usenix_test_set/python-3.11/b92518b58ae6b57ca18b35cafb2ae849f33f78fa71e2cdb15bc377ef29502eeb193920d66a0dd4fd6ba5111910ed14359761dcfc8bae281af0aca2875f632980/visitor.py)
78. websocket_server.py [COMPILE ERROR] (path: /syssec-nas0/pyc-research/compiled_evaluation_targets/usenix_test_set/python-3.11/db9f9f6fb6104de111fdc0a42a17918f115fe92e1c95d6bad8834e628c3c036a11e9d5b27b5babb05e3a80379974070b42ca9f7bf35501494930f41b6386ba98/websocket_server.py)
79. zone_record_api.py [COMPILE ERROR] (path: /syssec-nas0/pyc-research/compiled_evaluation_targets/usenix_test_set/python-3.11/229ed2d0657a96e40250b3e05b7e91e29d99ecd5855c4a6f685dba13fa72770a78fb1a6ae5c1a011c98c8e3001467fe7832437111aca935352901e261f2b67c5/zone_record_api.py)

=== Detailed Breakdown ===

Compile Errors:
1. 12911-normalized.py (path: /syssec-nas0/pyc-research/compiled_evaluation_targets/usenix_test_set/python-3.11/12911/12911-normalized.py)
2. 15016-normalized.py (path: /syssec-nas0/pyc-research/compiled_evaluation_targets/usenix_test_set/python-3.11/15016/15016-normalized.py)
3. 1984-normalized.py (path: /syssec-nas0/pyc-research/compiled_evaluation_targets/usenix_test_set/python-3.11/1984/1984-normalized.py)
4. 21245-normalized.py (path: /syssec-nas0/pyc-research/compiled_evaluation_targets/usenix_test_set/python-3.11/21245/21245-normalized.py)
5. 34-normalized.py (path: /syssec-nas0/pyc-research/compiled_evaluation_targets/usenix_test_set/python-3.11/34/34-normalized.py)
6. 3630-normalized.py (path: /syssec-nas0/pyc-research/compiled_evaluation_targets/usenix_test_set/python-3.11/3630/3630-normalized.py)
7. 5316-normalized.py (path: /syssec-nas0/pyc-research/compiled_evaluation_targets/usenix_test_set/python-3.11/5316/5316-normalized.py)
8. 8494-normalized.py (path: /syssec-nas0/pyc-research/compiled_evaluation_targets/usenix_test_set/python-3.11/8494/8494-normalized.py)
9. NotifyRyver.py (path: /syssec-nas0/pyc-research/compiled_evaluation_targets/usenix_test_set/python-3.11/6d343ee5495ed08133701c2bdd9380e77387ac43f05be2d5754ff70a535bdb5ae8dd3057842591744f7d34e2a2971af9f477416c7fc65527890e50503aeb78e2/NotifyRyver.py)
10. _fileobjectposix.py (path: /syssec-nas0/pyc-research/compiled_evaluation_targets/usenix_test_set/python-3.11/4cd9c561cae81f5fb527b46be6380adc0c8726b9ff4af665558e6818b71a96ac581e5ac08d2190c43c7b5be397b9bee386dd74fc58eb3fe83657ee6e0ae34eb3/_fileobjectposix.py)
11. api.py (path: /syssec-nas0/pyc-research/compiled_evaluation_targets/usenix_test_set/python-3.11/75756b16713040aa5b384a90bda2524eae5e92a4e0cf3063aae05bfd714ecf4652011eef0ff9c633e344f244c90b641bf998beca633707009042a112ad3da9cb/api.py)
12. base.py (path: /syssec-nas0/pyc-research/compiled_evaluation_targets/usenix_test_set/python-3.11/53de9c1b842e62a9723ee8fc11b7ecc5e41db13890dd2567c92ccb5cfe6a34f359a51834a7cd565acc2c883c35186691f14e75f82d04d99c38195cbb9d85d80d/base.py)
13. cloud_init.py (path: /syssec-nas0/pyc-research/compiled_evaluation_targets/usenix_test_set/python-3.11/eea8d532f7881a25e483b8568d31ce02aec3eae8b76a2e2ac94981926c4ad714fb42f9e79c8be51ce49b6c2883b823e196f6e1132e9003fee3bfb4631659608d/cloud_init.py)
14. common.py (path: /syssec-nas0/pyc-research/compiled_evaluation_targets/usenix_test_set/python-3.11/437d13e9263e380d41d8334ea865d824c2c44cc26f00251ed6c025fd5379ba54c5c96c4c422ff48e0099a3d29c3e99188a964d32dd6a18b9c9859b7605e7df9a/common.py)
15. decoder_loader.py (path: /syssec-nas0/pyc-research/compiled_evaluation_targets/usenix_test_set/python-3.11/86a1a6aac49f23b4c629032c95f61267c4f6a459561dee9b14068b26453696e4cb394c4df8229ba03407ddbc053e2b071ee766f9f9d7c554a3cb7f4a45626965/decoder_loader.py)
16. delete.py (path: /syssec-nas0/pyc-research/compiled_evaluation_targets/usenix_test_set/python-3.11/e179207821a8d66b135b002439562231bff33635adc6475fddbfc474b38d7ba3030990c79e5b66727ee17bc2a284b2917afbc94a9015fcfa542e0d94451a56fb/delete.py)
17. es.py (path: /syssec-nas0/pyc-research/compiled_evaluation_targets/usenix_test_set/python-3.11/3572599aea1ac3c627725f41f8061d30d133f6ddff861358a83e5ea2df1ffbd91a520831e8cf2a10752fb071256f5f1b29085a683c56db40d632a1cf01dbcb23/es.py)
18. export.py (path: /syssec-nas0/pyc-research/compiled_evaluation_targets/usenix_test_set/python-3.11/75955dcd80a0c4f6c77525d6046bd1737f43a7494bfad37916b0bc6c6101c21d2b84a5247d45aef1186c729f84d5faeb8885140dde72a8563e8c1db8c0111592/export.py)
19. gdm.py (path: /syssec-nas0/pyc-research/compiled_evaluation_targets/usenix_test_set/python-3.11/37290885c451e7f3ec76d92320832fa291f112f11571b60aca18a26c68d50ebdb30a21accffb303ccb83e439fe3abd86970b44f009d564422e6d863eff3c61df/gdm.py)
20. grid_finder.py (path: /syssec-nas0/pyc-research/compiled_evaluation_targets/usenix_test_set/python-3.11/9adb7cace7418536c7432515bcdeb74b3ce556902914e1788bdd9ed8bc0b79769ad0ed3f1534ff8cc5b3833e77494b02883fc782f9ae8f9d804fd3705156e6af/grid_finder.py)
21. hide_utils.py (path: /syssec-nas0/pyc-research/compiled_evaluation_targets/usenix_test_set/python-3.11/3e9b640265aa654cda4581e3cf6418aaa817f1fcd6feedc06f35dec3c6dbe7d8f18d98c5ac4c49409745f7b89a0016c11ad0a5bd89133de147958fd86000dbae/hide_utils.py)
22. input_spec.py (path: /syssec-nas0/pyc-research/compiled_evaluation_targets/usenix_test_set/python-3.11/e93c355e44b261b2059f878d60baf482836beb2057030b8fd0406b043e32a5e1de32dc747d2afe6bd90d2c33ddfa3c3d0eeca8558bfca81b8eb4d11a806f1c89/input_spec.py)
23. install.py (path: /syssec-nas0/pyc-research/compiled_evaluation_targets/usenix_test_set/python-3.11/ffbbd47346632ced7c335e3fd9f108521233b44c9ac16433e36df9ddedf6fdf018323b82f8341443d4b86b6dd75cc4eef473b09400abe31ee4592a9c9ebbc2db/install.py)
24. iterator.py (path: /syssec-nas0/pyc-research/compiled_evaluation_targets/usenix_test_set/python-3.11/6b292028392c316b624bea1345952b3aaf3d04b7398d39c64e80e7caa8b113d8b6ab540cdf956e02b78dec1b3187817ce41f61d0c0b64d7d756c35b9cf2e1c98/iterator.py)
25. lib_backup.py (path: /syssec-nas0/pyc-research/compiled_evaluation_targets/usenix_test_set/python-3.11/bf62423ec4b76f5e73585215a512942a1ea250f4e9b11d3bafe922689aeda1fd9a5f561332d8e95e176f1dea55a82104ec2f41af63680ce68436b66c51cb0067/lib_backup.py)
26. loader.py (path: /syssec-nas0/pyc-research/compiled_evaluation_targets/usenix_test_set/python-3.11/06bd23c76f46501eef32a0d2c4c7889e2385f4657c50c548d7f643551e1692868a2a8a60d2e2b00fa79f661b608714bdb867ae5230bccc53eca0f0e623ec338c/loader.py)
27. local_project_config.py (path: /syssec-nas0/pyc-research/compiled_evaluation_targets/usenix_test_set/python-3.11/71d0e41dddd1d3a4ad9bd314e80b944cb148b234a853acaaa7bf6405ca9c8c932957dca01de5617df71c70f51277327a5b70476e634052ebfb2cfcbf1a866a7a/local_project_config.py)
28. math_grad.py (path: /syssec-nas0/pyc-research/compiled_evaluation_targets/usenix_test_set/python-3.11/dec7ab7f96054af2d9dff76b1a6983e065fb672aa3e916080c1231aa5b5e1d8188caf0b12ef0153d8ec8d6d358b6d89acaccaa7bfef25bee7f66b74ebf9829d9/math_grad.py)
29. old.py (path: /syssec-nas0/pyc-research/compiled_evaluation_targets/usenix_test_set/python-3.11/f9d7e6438f4ac9ad73a7e47522c0bfa57c3f21651f526a2121787820b4ffdc0426bc1209862be1ef169719521404cb4b48fccf1185007e5f06d05b3aa1557107/old.py)
30. revChatGPT.py (path: /syssec-nas0/pyc-research/compiled_evaluation_targets/usenix_test_set/python-3.11/9d3258a76bf781ef26b07ddd418c8bb3e0760385d7ee3011538e2e0629eb7addeb9face0aa5ca1836ad95136633fe2a4e75b2ef38aa169c81d343235eb9e2406/revChatGPT.py)
31. rtcrtpsender.py (path: /syssec-nas0/pyc-research/compiled_evaluation_targets/usenix_test_set/python-3.11/2eb1b54d5e42d7d9eac34490c83da8586955b614b97c6aef2b2b63f86463cea2200d873c34c732b3cc536ee2d2a41a005cefb80781e34679fa263a1eb68f3a08/rtcrtpsender.py)
32. schemas.py (path: /syssec-nas0/pyc-research/compiled_evaluation_targets/usenix_test_set/python-3.11/045cf9f46846d988ada51284223e1d0d233ad2ac09fc1d0cf392d1dbc2e30d159a06b89b73f43150a5da1807588891e22fd3947981147e946a0e862617e06fea/schemas.py)
33. screenshots.py (path: /syssec-nas0/pyc-research/compiled_evaluation_targets/usenix_test_set/python-3.11/984f2a8f89ba47db288555e4862eb163784aac9a5ab6fd3f067ff3d642a1cf87753b4f9bee66b435199cfa1195331311b842732771fc3ed3744b4c21166d79ed/screenshots.py)
34. search.py (path: /syssec-nas0/pyc-research/compiled_evaluation_targets/usenix_test_set/python-3.11/b80be56c6bd751dec60ae8ffdd3f72f34edc2727dc43388824aa47ccee3ca25ea2d8af028cf2fe719529bf128e1766f3f9d8fd10ea445f68242ad24145cf6387/search.py)
35. server.py (path: /syssec-nas0/pyc-research/compiled_evaluation_targets/usenix_test_set/python-3.11/51cfe9f9267e456838ff14167187b394c00275a78f7012f390cda50cf432020cc37c5ff22a1beab9b0f4758b52938c50f0d30e3a74698e6a7e76835a0abd9f4e/server.py)
36. tools.py (path: /syssec-nas0/pyc-research/compiled_evaluation_targets/usenix_test_set/python-3.11/14920d907cd7c08763023fe6ab3b9840dad434322919ed3fc0e435f406014a05db6fc80f4a147e7ea6ff21f0ed03a7e1a366f375b913cfbc88271e2a048c7e42/tools.py)
37. tui.py (path: /syssec-nas0/pyc-research/compiled_evaluation_targets/usenix_test_set/python-3.11/5e7552039d58a8ea0ed28f29b52ab65627ce9a3530bb41b8dc20ebd8dd85b079968c33e217e192a2a9ff3e264e048b2505380b7bb50531a734e7876600abe279/tui.py)
38. upload_file_service [赵向明2022.8.26以前].py (path: /syssec-nas0/pyc-research/compiled_evaluation_targets/usenix_test_set/python-3.11/88935e3ec53dc58592912b43cd90553431353a33811a1434a10eb772704b8f03829c1517e384ea68c12db8ba168db719ed7f225cc54d27f489d2bbd68eac2aa6/upload_file_service [赵向明2022.8.26以前].py)
39. util.py (path: /syssec-nas0/pyc-research/compiled_evaluation_targets/usenix_test_set/python-3.11/173664a641938d81ad2214de37929d6ce75c82e22c585f7457e1c974950d64d8732b1935d0cf5505f248ad7dd6124e1e48a09fce4a87ca0cb655bf37b9bda984/util.py)
40. utils.py (path: /syssec-nas0/pyc-research/compiled_evaluation_targets/usenix_test_set/python-3.11/a201699110d6e06b5c3fcc2f3c12db9180f842409ac99d03286642835aef0dc6f101cfd4101f04a0b1588eed2ccb77105142ae46e9e99bf410816f555ab11190/utils.py)
41. views.py (path: /syssec-nas0/pyc-research/compiled_evaluation_targets/usenix_test_set/python-3.11/810104722d80b0367b9d53f14960dd72760905530fe03f6c65cc34b4f52a655e5bcfdc9378f8ba43d27064d4dfef81ed5adc181824e55f08a7063a239036f40b/views.py)
42. websocket_server.py (path: /syssec-nas0/pyc-research/compiled_evaluation_targets/usenix_test_set/python-3.11/db9f9f6fb6104de111fdc0a42a17918f115fe92e1c95d6bad8834e628c3c036a11e9d5b27b5babb05e3a80379974070b42ca9f7bf35501494930f41b6386ba98/websocket_server.py)
43. zone_record_api.py (path: /syssec-nas0/pyc-research/compiled_evaluation_targets/usenix_test_set/python-3.11/229ed2d0657a96e40250b3e05b7e91e29d99ecd5855c4a6f685dba13fa72770a78fb1a6ae5c1a011c98c8e3001467fe7832437111aca935352901e261f2b67c5/zone_record_api.py)

Reconstruction Failures:
1. 1255-normalized.py (path: /syssec-nas0/pyc-research/compiled_evaluation_targets/usenix_test_set/python-3.11/1255/1255-normalized.py)
2. 12811-normalized.py (path: /syssec-nas0/pyc-research/compiled_evaluation_targets/usenix_test_set/python-3.11/12811/12811-normalized.py)
3. 1340-normalized.py (path: /syssec-nas0/pyc-research/compiled_evaluation_targets/usenix_test_set/python-3.11/1340/1340-normalized.py)
4. 16152-normalized.py (path: /syssec-nas0/pyc-research/compiled_evaluation_targets/usenix_test_set/python-3.11/16152/16152-normalized.py)
5. 16800-normalized.py (path: /syssec-nas0/pyc-research/compiled_evaluation_targets/usenix_test_set/python-3.11/16800/16800-normalized.py)
6. 20140-normalized.py (path: /syssec-nas0/pyc-research/compiled_evaluation_targets/usenix_test_set/python-3.11/20140/20140-normalized.py)
7. 21623-normalized.py (path: /syssec-nas0/pyc-research/compiled_evaluation_targets/usenix_test_set/python-3.11/21623/21623-normalized.py)
8. 3905-normalized.py (path: /syssec-nas0/pyc-research/compiled_evaluation_targets/usenix_test_set/python-3.11/3905/3905-normalized.py)
9. 6561-normalized.py (path: /syssec-nas0/pyc-research/compiled_evaluation_targets/usenix_test_set/python-3.11/6561/6561-normalized.py)
10. 6937-normalized.py (path: /syssec-nas0/pyc-research/compiled_evaluation_targets/usenix_test_set/python-3.11/6937/6937-normalized.py)
11. 925-normalized.py (path: /syssec-nas0/pyc-research/compiled_evaluation_targets/usenix_test_set/python-3.11/925/925-normalized.py)
12. Docker.py (path: /syssec-nas0/pyc-research/compiled_evaluation_targets/usenix_test_set/python-3.11/f0974f739296bb8627ece86d6b6942582dff38f962cd7d65283ef5259bb3ce5ec2ffc1fe41fb157e3dbd68189cd5011f70bcc3c0c4ba9b458bc93693232e9cf6/Docker.py)
13. bezier.py (path: /syssec-nas0/pyc-research/compiled_evaluation_targets/usenix_test_set/python-3.11/7b1400a6460c531bdfc7a0ae0bc5729896e5f191f499c002eaefdbe6cd39167dd4f0df909f4b1484a1afc631a69cdddb94d0197659a154d0670cbe5250efda08/bezier.py)
14. distribute_utils.py (path: /syssec-nas0/pyc-research/compiled_evaluation_targets/usenix_test_set/python-3.11/e18f25d363de6e40cc4bb03fada36ec13766bbafff03731ea3ec15a7ad7cb0b326952169fc291d0aed8dca9b7da5ec4b8e636e729a998c59087a5ffdc92fd92e/distribute_utils.py)
15. ecdf.py (path: /syssec-nas0/pyc-research/compiled_evaluation_targets/usenix_test_set/python-3.11/78cbb1efa93ae2d758d6e8a88fe029601ebf9305712c5f055f4a61b74e6608bd49ef49e409ea4d202b51c92272c3ec719ccafee4db32b801ee10e0e337cb8155/ecdf.py)
16. event.py (path: /syssec-nas0/pyc-research/compiled_evaluation_targets/usenix_test_set/python-3.11/ced1f660843e9a96e06190df855da0fc4f94a50471e6f4143d6f259e8e85feebe662aae48d09b03cc77805e70e1be7d4a8918c3813c3eed07d192cd06ae8e0e2/event.py)
17. format_spec.py (path: /syssec-nas0/pyc-research/compiled_evaluation_targets/usenix_test_set/python-3.11/39e72cb2bddc8b72f468b773d48ed8a4fa6ae85648ad33027d2454e4d6281afc22e9fa8506f4249857c35e1226879efc34fd2579bbcfccb902ff9b479b95c7e0/format_spec.py)
18. heartbeat_formatter.py (path: /syssec-nas0/pyc-research/compiled_evaluation_targets/usenix_test_set/python-3.11/2569cac6fd813b649f658abfc53e3f9eb06abc25947f65d834250d4a63a6c3c52bb83bd01e77f14363d88b0a507a34afa2d0c45662671966fb9fcbe25fa71b5c/heartbeat_formatter.py)
19. intent.py (path: /syssec-nas0/pyc-research/compiled_evaluation_targets/usenix_test_set/python-3.11/ce2c0094f9d77c1d04e616e22dfbdfb78efad93ccd93f6b317815bc57046a8b7bad982ab5b74ea67a0cb06657d4ac76cf8d6f0d15ec69f77287ef5187b2e25de/intent.py)
20. local.py (path: /syssec-nas0/pyc-research/compiled_evaluation_targets/usenix_test_set/python-3.11/16baf36c42b094aeb40740736d1017a73775fdb7c2d857bc09fad246fd8adcabf85df2780c42d08789fc40a34b3ce2f1c0ec32bcdc2e9340a25aad3fdb546623/local.py)
21. moving_averages.py (path: /syssec-nas0/pyc-research/compiled_evaluation_targets/usenix_test_set/python-3.11/5e987afb11bd4ae69a5dd7f45890fb820465d5587adf04738020ab01294e8ad6102cdf281a2f7d4c61f3893341c3adfbf7c95233d522cb35b5266baee1dbf45a/moving_averages.py)
22. ocr.py (path: /syssec-nas0/pyc-research/compiled_evaluation_targets/usenix_test_set/python-3.11/f304e8c9963de2601e7a283b78bc4e43c4c70ab961a743dfd02323453e0894c1a019114174972eae9d6cbd839566644b3bd9e1d0a2c2822f7782156423cbdd9c/ocr.py)
23. pkfont.py (path: /syssec-nas0/pyc-research/compiled_evaluation_targets/usenix_test_set/python-3.11/3bcbd7e8376302af4aa0a0d664b6938a04821283b48aae124137ead2efa508ed6da8b5b8675977696a51701220532aed5872e5ce708df2f6932bc188dba8c8c8/pkfont.py)
24. pms_service_line.py (path: /syssec-nas0/pyc-research/compiled_evaluation_targets/usenix_test_set/python-3.11/4b2ae674d2f3282ffe94163a1c9a9dd9d46af9d1d48a9ecbec861faaabde2f022b9d9d726e35e6e0ac84e29ba6be2949c3cc0bef5dfbebbd56a4f16b568b3e0a/pms_service_line.py)
25. projection.py (path: /syssec-nas0/pyc-research/compiled_evaluation_targets/usenix_test_set/python-3.11/5a2b5963f5fd20d02274dad979a35a32b0c1c2c062291e875cd540e712533043f3eed0a5d390a89f22360ca8e6372c3c29595cde6d0caa53d63bc189e61db34b/projection.py)
26. pyproject_toml.py (path: /syssec-nas0/pyc-research/compiled_evaluation_targets/usenix_test_set/python-3.11/b25857ca52823a4b1650f103b216ab3bedc4dcd0cc772dc2e52f57df63a0d3075755aaaa361b387a3ab0f842d01099f883df3c7c6cc5a33606d3e5e71ec9a356/pyproject_toml.py)
27. pytest_check_libs.py (path: /syssec-nas0/pyc-research/compiled_evaluation_targets/usenix_test_set/python-3.11/70f1f1cada66df9074888b4c8ea3d0cc38b3be946089ac4f32b14c26b093a0fcfc9fc7500dace6365de7c1d50308cfcad0d0cf59e7760acf1730d834ad95f15f/pytest_check_libs.py)
28. req_install.py (path: /syssec-nas0/pyc-research/compiled_evaluation_targets/usenix_test_set/python-3.11/3fb071e493a542ec15e107737d4f92e32cda9ee46ee5ac838eabd2c028a31bfed8b72197ed33f8cc8ea7fa2a0b262b38d86da5e4634a55168a51a44409f76bc7/req_install.py)
29. scaleio.py (path: /syssec-nas0/pyc-research/compiled_evaluation_targets/usenix_test_set/python-3.11/4d07fe7c2788787c191dc6c0f3b10427dc0b48873ac5a191ce59d5fbcf908cd58faf388eef473e8aa926c36ab40b99a28c035c8ef362682eb1456369678a23e7/scaleio.py)
30. scraper.py (path: /syssec-nas0/pyc-research/compiled_evaluation_targets/usenix_test_set/python-3.11/0e2dcf37b136fdd356252318ab1801544f5681038dfe56408f910646f38425a6dfdfa6dfe65d396918c9075fde11e35de965a33e567366555ee34276f1c4396f/scraper.py)
31. tf_decorator.py (path: /syssec-nas0/pyc-research/compiled_evaluation_targets/usenix_test_set/python-3.11/254c689ac47da6c3f3cb3866791e1ef398c610a944010f95afe45b1d3dca168bb5b790a1dd450fb5420ace468b65d0c2e1ec7e405472d869c8210304eef609c7/tf_decorator.py)
32. tf_leveldb.py (path: /syssec-nas0/pyc-research/compiled_evaluation_targets/usenix_test_set/python-3.11/d2fe40d06a6617cf9d4ae4e05b1d250c43e8b1983955a842bd18b5bc89911bdc7d27c9209f209a9e2a79635463117e398fff1007975233a6131de59086797c7b/tf_leveldb.py)
33. types.py (path: /syssec-nas0/pyc-research/compiled_evaluation_targets/usenix_test_set/python-3.11/7be97164110cc7e5e3683a3cf62d8aa8e144687de2ed377a116e25b7444c544480d500c51cd574e0deb897fbb577404f38b65c8bbc42a2ee34f5674b0ac6fafe/types.py)
34. unitofwork.py (path: /syssec-nas0/pyc-research/compiled_evaluation_targets/usenix_test_set/python-3.11/55a8e022808f0fcb58f0882f0c739bbce3156bfb5b9f53f7ce4038a6f84216347f581f6e22562457faded992533475621a345aa7c0ac49bca3667b1651c68989/unitofwork.py)
35. utypes.py (path: /syssec-nas0/pyc-research/compiled_evaluation_targets/usenix_test_set/python-3.11/62e1202c14217245d475532c4ec7af57e54d6e91656997af475081f14416bdca6fb0e62701fa7dc9733bc3acdea7f1f2d745c5746097a33b274aa9afa4df0c5d/utypes.py)
36. visitor.py (path: /syssec-nas0/pyc-research/compiled_evaluation_targets/usenix_test_set/python-3.11/b92518b58ae6b57ca18b35cafb2ae849f33f78fa71e2cdb15bc377ef29502eeb193920d66a0dd4fd6ba5111910ed14359761dcfc8bae281af0aca2875f632980/visitor.py)
