Total files processed: 4965
Success: 4534 (91.3%)
Total failures: 431 (8.7%)
  - Reconstruction failures: 193
  - Compile errors: 234
  - Runtime errors: 4

=== All Failed Files (Sorted) ===
1. 0056_auto_20200916_0959.py [RECONSTRUCTION FAILURE] (path: /syssec-nas0/pyc-research/compiled_evaluation_targets/usenix_test_set/python-3.12/7399ac2c23c2bf38e0a84f47226ccca048827eb4f15283b5ea902d1bfbe5ebc550b4be0789b22c05af6693165d2e2445322b7911786fff16c7f9654032745f9d/0056_auto_20200916_0959.py)
2. 10067-normalized.py [RECONSTRUCTION FAILURE] (path: /syssec-nas0/pyc-research/compiled_evaluation_targets/usenix_test_set/python-3.12/10067/10067-normalized.py)
3. 10822-normalized.py [COMPILE ERROR] (path: /syssec-nas0/pyc-research/compiled_evaluation_targets/usenix_test_set/python-3.12/10822/10822-normalized.py)
4. 1191-normalized.py [RECONSTRUCTION FAILURE] (path: /syssec-nas0/pyc-research/compiled_evaluation_targets/usenix_test_set/python-3.12/1191/1191-normalized.py)
5. 12082-normalized.py [COMPILE ERROR] (path: /syssec-nas0/pyc-research/compiled_evaluation_targets/usenix_test_set/python-3.12/12082/12082-normalized.py)
6. 12134-normalized.py [RECONSTRUCTION FAILURE] (path: /syssec-nas0/pyc-research/compiled_evaluation_targets/usenix_test_set/python-3.12/12134/12134-normalized.py)
7. 12181-normalized.py [COMPILE ERROR] (path: /syssec-nas0/pyc-research/compiled_evaluation_targets/usenix_test_set/python-3.12/12181/12181-normalized.py)
8. 12304-normalized.py [COMPILE ERROR] (path: /syssec-nas0/pyc-research/compiled_evaluation_targets/usenix_test_set/python-3.12/12304/12304-normalized.py)
9. 12308-normalized.py [RECONSTRUCTION FAILURE] (path: /syssec-nas0/pyc-research/compiled_evaluation_targets/usenix_test_set/python-3.12/12308/12308-normalized.py)
10. 12332-normalized.py [RECONSTRUCTION FAILURE] (path: /syssec-nas0/pyc-research/compiled_evaluation_targets/usenix_test_set/python-3.12/12332/12332-normalized.py)
11. 12489-normalized.py [RECONSTRUCTION FAILURE] (path: /syssec-nas0/pyc-research/compiled_evaluation_targets/usenix_test_set/python-3.12/12489/12489-normalized.py)
12. 12506-normalized.py [COMPILE ERROR] (path: /syssec-nas0/pyc-research/compiled_evaluation_targets/usenix_test_set/python-3.12/12506/12506-normalized.py)
13. 12509-normalized.py [COMPILE ERROR] (path: /syssec-nas0/pyc-research/compiled_evaluation_targets/usenix_test_set/python-3.12/12509/12509-normalized.py)
14. 12641-normalized.py [COMPILE ERROR] (path: /syssec-nas0/pyc-research/compiled_evaluation_targets/usenix_test_set/python-3.12/12641/12641-normalized.py)
15. 12678-normalized.py [COMPILE ERROR] (path: /syssec-nas0/pyc-research/compiled_evaluation_targets/usenix_test_set/python-3.12/12678/12678-normalized.py)
16. 12911-normalized.py [COMPILE ERROR] (path: /syssec-nas0/pyc-research/compiled_evaluation_targets/usenix_test_set/python-3.12/12911/12911-normalized.py)
17. 13253-normalized.py [RECONSTRUCTION FAILURE] (path: /syssec-nas0/pyc-research/compiled_evaluation_targets/usenix_test_set/python-3.12/13253/13253-normalized.py)
18. 1340-normalized.py [RECONSTRUCTION FAILURE] (path: /syssec-nas0/pyc-research/compiled_evaluation_targets/usenix_test_set/python-3.12/1340/1340-normalized.py)
19. 1352-normalized.py [RECONSTRUCTION FAILURE] (path: /syssec-nas0/pyc-research/compiled_evaluation_targets/usenix_test_set/python-3.12/1352/1352-normalized.py)
20. 14056-normalized.py [COMPILE ERROR] (path: /syssec-nas0/pyc-research/compiled_evaluation_targets/usenix_test_set/python-3.12/14056/14056-normalized.py)
21. 1460-normalized.py [RECONSTRUCTION FAILURE] (path: /syssec-nas0/pyc-research/compiled_evaluation_targets/usenix_test_set/python-3.12/1460/1460-normalized.py)
22. 15016-normalized.py [COMPILE ERROR] (path: /syssec-nas0/pyc-research/compiled_evaluation_targets/usenix_test_set/python-3.12/15016/15016-normalized.py)
23. 15028-normalized.py [RECONSTRUCTION FAILURE] (path: /syssec-nas0/pyc-research/compiled_evaluation_targets/usenix_test_set/python-3.12/15028/15028-normalized.py)
24. 15117-normalized.py [RECONSTRUCTION FAILURE] (path: /syssec-nas0/pyc-research/compiled_evaluation_targets/usenix_test_set/python-3.12/15117/15117-normalized.py)
25. 15172-normalized.py [COMPILE ERROR] (path: /syssec-nas0/pyc-research/compiled_evaluation_targets/usenix_test_set/python-3.12/15172/15172-normalized.py)
26. 15218-normalized.py [COMPILE ERROR] (path: /syssec-nas0/pyc-research/compiled_evaluation_targets/usenix_test_set/python-3.12/15218/15218-normalized.py)
27. 15325-normalized.py [COMPILE ERROR] (path: /syssec-nas0/pyc-research/compiled_evaluation_targets/usenix_test_set/python-3.12/15325/15325-normalized.py)
28. 15397-normalized.py [COMPILE ERROR] (path: /syssec-nas0/pyc-research/compiled_evaluation_targets/usenix_test_set/python-3.12/15397/15397-normalized.py)
29. 15409-normalized.py [RECONSTRUCTION FAILURE] (path: /syssec-nas0/pyc-research/compiled_evaluation_targets/usenix_test_set/python-3.12/15409/15409-normalized.py)
30. 15940-normalized.py [RECONSTRUCTION FAILURE] (path: /syssec-nas0/pyc-research/compiled_evaluation_targets/usenix_test_set/python-3.12/15940/15940-normalized.py)
31. 16035-normalized.py [RECONSTRUCTION FAILURE] (path: /syssec-nas0/pyc-research/compiled_evaluation_targets/usenix_test_set/python-3.12/16035/16035-normalized.py)
32. 16056-normalized.py [RECONSTRUCTION FAILURE] (path: /syssec-nas0/pyc-research/compiled_evaluation_targets/usenix_test_set/python-3.12/16056/16056-normalized.py)
33. 16104-normalized.py [COMPILE ERROR] (path: /syssec-nas0/pyc-research/compiled_evaluation_targets/usenix_test_set/python-3.12/16104/16104-normalized.py)
34. 16120-normalized.py [RECONSTRUCTION FAILURE] (path: /syssec-nas0/pyc-research/compiled_evaluation_targets/usenix_test_set/python-3.12/16120/16120-normalized.py)
35. 16152-normalized.py [RECONSTRUCTION FAILURE] (path: /syssec-nas0/pyc-research/compiled_evaluation_targets/usenix_test_set/python-3.12/16152/16152-normalized.py)
36. 16216-normalized.py [COMPILE ERROR] (path: /syssec-nas0/pyc-research/compiled_evaluation_targets/usenix_test_set/python-3.12/16216/16216-normalized.py)
37. 16522-normalized.py [COMPILE ERROR] (path: /syssec-nas0/pyc-research/compiled_evaluation_targets/usenix_test_set/python-3.12/16522/16522-normalized.py)
38. 16795-normalized.py [COMPILE ERROR] (path: /syssec-nas0/pyc-research/compiled_evaluation_targets/usenix_test_set/python-3.12/16795/16795-normalized.py)
39. 16800-normalized.py [RECONSTRUCTION FAILURE] (path: /syssec-nas0/pyc-research/compiled_evaluation_targets/usenix_test_set/python-3.12/16800/16800-normalized.py)
40. 17084-normalized.py [RECONSTRUCTION FAILURE] (path: /syssec-nas0/pyc-research/compiled_evaluation_targets/usenix_test_set/python-3.12/17084/17084-normalized.py)
41. 17189-normalized.py [COMPILE ERROR] (path: /syssec-nas0/pyc-research/compiled_evaluation_targets/usenix_test_set/python-3.12/17189/17189-normalized.py)
42. 1735-normalized.py [RECONSTRUCTION FAILURE] (path: /syssec-nas0/pyc-research/compiled_evaluation_targets/usenix_test_set/python-3.12/1735/1735-normalized.py)
43. 17376-normalized.py [RECONSTRUCTION FAILURE] (path: /syssec-nas0/pyc-research/compiled_evaluation_targets/usenix_test_set/python-3.12/17376/17376-normalized.py)
44. 17474-normalized.py [RECONSTRUCTION FAILURE] (path: /syssec-nas0/pyc-research/compiled_evaluation_targets/usenix_test_set/python-3.12/17474/17474-normalized.py)
45. 17505-normalized.py [COMPILE ERROR] (path: /syssec-nas0/pyc-research/compiled_evaluation_targets/usenix_test_set/python-3.12/17505/17505-normalized.py)
46. 17645-normalized.py [RECONSTRUCTION FAILURE] (path: /syssec-nas0/pyc-research/compiled_evaluation_targets/usenix_test_set/python-3.12/17645/17645-normalized.py)
47. 17727-normalized.py [RECONSTRUCTION FAILURE] (path: /syssec-nas0/pyc-research/compiled_evaluation_targets/usenix_test_set/python-3.12/17727/17727-normalized.py)
48. 18049-normalized.py [COMPILE ERROR] (path: /syssec-nas0/pyc-research/compiled_evaluation_targets/usenix_test_set/python-3.12/18049/18049-normalized.py)
49. 18984-normalized.py [RECONSTRUCTION FAILURE] (path: /syssec-nas0/pyc-research/compiled_evaluation_targets/usenix_test_set/python-3.12/18984/18984-normalized.py)
50. 19261-normalized.py [RECONSTRUCTION FAILURE] (path: /syssec-nas0/pyc-research/compiled_evaluation_targets/usenix_test_set/python-3.12/19261/19261-normalized.py)
51. 19327-normalized.py [RECONSTRUCTION FAILURE] (path: /syssec-nas0/pyc-research/compiled_evaluation_targets/usenix_test_set/python-3.12/19327/19327-normalized.py)
52. 1984-normalized.py [COMPILE ERROR] (path: /syssec-nas0/pyc-research/compiled_evaluation_targets/usenix_test_set/python-3.12/1984/1984-normalized.py)
53. 1988-normalized.py [RECONSTRUCTION FAILURE] (path: /syssec-nas0/pyc-research/compiled_evaluation_targets/usenix_test_set/python-3.12/1988/1988-normalized.py)
54. 19950-normalized.py [COMPILE ERROR] (path: /syssec-nas0/pyc-research/compiled_evaluation_targets/usenix_test_set/python-3.12/19950/19950-normalized.py)
55. 20064-normalized.py [COMPILE ERROR] (path: /syssec-nas0/pyc-research/compiled_evaluation_targets/usenix_test_set/python-3.12/20064/20064-normalized.py)
56. 20111-normalized.py [RECONSTRUCTION FAILURE] (path: /syssec-nas0/pyc-research/compiled_evaluation_targets/usenix_test_set/python-3.12/20111/20111-normalized.py)
57. 20140-normalized.py [RECONSTRUCTION FAILURE] (path: /syssec-nas0/pyc-research/compiled_evaluation_targets/usenix_test_set/python-3.12/20140/20140-normalized.py)
58. 20445-normalized.py [COMPILE ERROR] (path: /syssec-nas0/pyc-research/compiled_evaluation_targets/usenix_test_set/python-3.12/20445/20445-normalized.py)
59. 20452-normalized.py [COMPILE ERROR] (path: /syssec-nas0/pyc-research/compiled_evaluation_targets/usenix_test_set/python-3.12/20452/20452-normalized.py)
60. 20619-normalized.py [RECONSTRUCTION FAILURE] (path: /syssec-nas0/pyc-research/compiled_evaluation_targets/usenix_test_set/python-3.12/20619/20619-normalized.py)
61. 20946-normalized.py [RECONSTRUCTION FAILURE] (path: /syssec-nas0/pyc-research/compiled_evaluation_targets/usenix_test_set/python-3.12/20946/20946-normalized.py)
62. 21245-normalized.py [COMPILE ERROR] (path: /syssec-nas0/pyc-research/compiled_evaluation_targets/usenix_test_set/python-3.12/21245/21245-normalized.py)
63. 21564-normalized.py [RECONSTRUCTION FAILURE] (path: /syssec-nas0/pyc-research/compiled_evaluation_targets/usenix_test_set/python-3.12/21564/21564-normalized.py)
64. 21583-normalized.py [COMPILE ERROR] (path: /syssec-nas0/pyc-research/compiled_evaluation_targets/usenix_test_set/python-3.12/21583/21583-normalized.py)
65. 21605-normalized.py [RECONSTRUCTION FAILURE] (path: /syssec-nas0/pyc-research/compiled_evaluation_targets/usenix_test_set/python-3.12/21605/21605-normalized.py)
66. 21984-normalized.py [RECONSTRUCTION FAILURE] (path: /syssec-nas0/pyc-research/compiled_evaluation_targets/usenix_test_set/python-3.12/21984/21984-normalized.py)
67. 22039-normalized.py [COMPILE ERROR] (path: /syssec-nas0/pyc-research/compiled_evaluation_targets/usenix_test_set/python-3.12/22039/22039-normalized.py)
68. 22049-normalized.py [COMPILE ERROR] (path: /syssec-nas0/pyc-research/compiled_evaluation_targets/usenix_test_set/python-3.12/22049/22049-normalized.py)
69. 2395-normalized.py [COMPILE ERROR] (path: /syssec-nas0/pyc-research/compiled_evaluation_targets/usenix_test_set/python-3.12/2395/2395-normalized.py)
70. 264-normalized.py [COMPILE ERROR] (path: /syssec-nas0/pyc-research/compiled_evaluation_targets/usenix_test_set/python-3.12/264/264-normalized.py)
71. 277-normalized.py [RECONSTRUCTION FAILURE] (path: /syssec-nas0/pyc-research/compiled_evaluation_targets/usenix_test_set/python-3.12/277/277-normalized.py)
72. 2929-normalized.py [COMPILE ERROR] (path: /syssec-nas0/pyc-research/compiled_evaluation_targets/usenix_test_set/python-3.12/2929/2929-normalized.py)
73. 3080-normalized.py [RECONSTRUCTION FAILURE] (path: /syssec-nas0/pyc-research/compiled_evaluation_targets/usenix_test_set/python-3.12/3080/3080-normalized.py)
74. 3240-normalized.py [COMPILE ERROR] (path: /syssec-nas0/pyc-research/compiled_evaluation_targets/usenix_test_set/python-3.12/3240/3240-normalized.py)
75. 34-normalized.py [COMPILE ERROR] (path: /syssec-nas0/pyc-research/compiled_evaluation_targets/usenix_test_set/python-3.12/34/34-normalized.py)
76. 3477-normalized.py [RECONSTRUCTION FAILURE] (path: /syssec-nas0/pyc-research/compiled_evaluation_targets/usenix_test_set/python-3.12/3477/3477-normalized.py)
77. 3630-normalized.py [COMPILE ERROR] (path: /syssec-nas0/pyc-research/compiled_evaluation_targets/usenix_test_set/python-3.12/3630/3630-normalized.py)
78. 4171-normalized.py [COMPILE ERROR] (path: /syssec-nas0/pyc-research/compiled_evaluation_targets/usenix_test_set/python-3.12/4171/4171-normalized.py)
79. 5316-normalized.py [COMPILE ERROR] (path: /syssec-nas0/pyc-research/compiled_evaluation_targets/usenix_test_set/python-3.12/5316/5316-normalized.py)
80. 5322-normalized.py [COMPILE ERROR] (path: /syssec-nas0/pyc-research/compiled_evaluation_targets/usenix_test_set/python-3.12/5322/5322-normalized.py)
81. 5450-normalized.py [COMPILE ERROR] (path: /syssec-nas0/pyc-research/compiled_evaluation_targets/usenix_test_set/python-3.12/5450/5450-normalized.py)
82. 6561-normalized.py [RECONSTRUCTION FAILURE] (path: /syssec-nas0/pyc-research/compiled_evaluation_targets/usenix_test_set/python-3.12/6561/6561-normalized.py)
83. 6584-normalized.py [COMPILE ERROR] (path: /syssec-nas0/pyc-research/compiled_evaluation_targets/usenix_test_set/python-3.12/6584/6584-normalized.py)
84. 6633-normalized.py [RECONSTRUCTION FAILURE] (path: /syssec-nas0/pyc-research/compiled_evaluation_targets/usenix_test_set/python-3.12/6633/6633-normalized.py)
85. 6854-normalized.py [COMPILE ERROR] (path: /syssec-nas0/pyc-research/compiled_evaluation_targets/usenix_test_set/python-3.12/6854/6854-normalized.py)
86. 6906-normalized.py [COMPILE ERROR] (path: /syssec-nas0/pyc-research/compiled_evaluation_targets/usenix_test_set/python-3.12/6906/6906-normalized.py)
87. 6937-normalized.py [RECONSTRUCTION FAILURE] (path: /syssec-nas0/pyc-research/compiled_evaluation_targets/usenix_test_set/python-3.12/6937/6937-normalized.py)
88. 7096-normalized.py [RECONSTRUCTION FAILURE] (path: /syssec-nas0/pyc-research/compiled_evaluation_targets/usenix_test_set/python-3.12/7096/7096-normalized.py)
89. 7219-normalized.py [RECONSTRUCTION FAILURE] (path: /syssec-nas0/pyc-research/compiled_evaluation_targets/usenix_test_set/python-3.12/7219/7219-normalized.py)
90. 7223-normalized.py [RECONSTRUCTION FAILURE] (path: /syssec-nas0/pyc-research/compiled_evaluation_targets/usenix_test_set/python-3.12/7223/7223-normalized.py)
91. 7368-normalized.py [COMPILE ERROR] (path: /syssec-nas0/pyc-research/compiled_evaluation_targets/usenix_test_set/python-3.12/7368/7368-normalized.py)
92. 7548-normalized.py [RECONSTRUCTION FAILURE] (path: /syssec-nas0/pyc-research/compiled_evaluation_targets/usenix_test_set/python-3.12/7548/7548-normalized.py)
93. 7850-normalized.py [RECONSTRUCTION FAILURE] (path: /syssec-nas0/pyc-research/compiled_evaluation_targets/usenix_test_set/python-3.12/7850/7850-normalized.py)
94. 7865-normalized.py [COMPILE ERROR] (path: /syssec-nas0/pyc-research/compiled_evaluation_targets/usenix_test_set/python-3.12/7865/7865-normalized.py)
95. 8155-normalized.py [RECONSTRUCTION FAILURE] (path: /syssec-nas0/pyc-research/compiled_evaluation_targets/usenix_test_set/python-3.12/8155/8155-normalized.py)
96. 8493-normalized.py [COMPILE ERROR] (path: /syssec-nas0/pyc-research/compiled_evaluation_targets/usenix_test_set/python-3.12/8493/8493-normalized.py)
97. 8494-normalized.py [COMPILE ERROR] (path: /syssec-nas0/pyc-research/compiled_evaluation_targets/usenix_test_set/python-3.12/8494/8494-normalized.py)
98. 8559-normalized.py [RECONSTRUCTION FAILURE] (path: /syssec-nas0/pyc-research/compiled_evaluation_targets/usenix_test_set/python-3.12/8559/8559-normalized.py)
99. 9230-normalized.py [RECONSTRUCTION FAILURE] (path: /syssec-nas0/pyc-research/compiled_evaluation_targets/usenix_test_set/python-3.12/9230/9230-normalized.py)
100. 925-normalized.py [RECONSTRUCTION FAILURE] (path: /syssec-nas0/pyc-research/compiled_evaluation_targets/usenix_test_set/python-3.12/925/925-normalized.py)
101. 9604-normalized.py [RECONSTRUCTION FAILURE] (path: /syssec-nas0/pyc-research/compiled_evaluation_targets/usenix_test_set/python-3.12/9604/9604-normalized.py)
102. AttributeNodes.py [RECONSTRUCTION FAILURE] (path: /syssec-nas0/pyc-research/compiled_evaluation_targets/usenix_test_set/python-3.12/05b5e94439fe4956b0c61007b78226192fabb03558e4c3cad42279d96c561eb17944fb585d5f820d21c4570907b7f2bc8a02ff8ac3aff6045e887818dc4f7435/AttributeNodes.py)
103. ChildrenHavingMixins.py [RECONSTRUCTION FAILURE] (path: /syssec-nas0/pyc-research/compiled_evaluation_targets/usenix_test_set/python-3.12/dcb414a1afcb1edb6d7bb0151a4ad24c86190a9ae4e49deb56d3d6f89eb35c97e78e1a96b60226702cb8474037846aeb5b5d72ae67d7892ef3e68745cf365add/ChildrenHavingMixins.py)
104. Docker.py [RECONSTRUCTION FAILURE] (path: /syssec-nas0/pyc-research/compiled_evaluation_targets/usenix_test_set/python-3.12/f0974f739296bb8627ece86d6b6942582dff38f962cd7d65283ef5259bb3ce5ec2ffc1fe41fb157e3dbd68189cd5011f70bcc3c0c4ba9b458bc93693232e9cf6/Docker.py)
105. FileManager.py [RECONSTRUCTION FAILURE] (path: /syssec-nas0/pyc-research/compiled_evaluation_targets/usenix_test_set/python-3.12/57ad54bc79944aa18b3a81567f75b6892f5725dad79cdfaa5fd2608b23a81034fb530abc563ccb843625282d83db81166857efdd34b8f1a131a61dce51ee66a1/FileManager.py)
106. GeneticAlgorithm.py [COMPILE ERROR] (path: /syssec-nas0/pyc-research/compiled_evaluation_targets/usenix_test_set/python-3.12/906842a96f866080826950088ca39796495fe1a1f5c804861963aa85c40b5b68a412a6aea1345849cebf7352870a640a27b4239f13c294ff9b8579dac3216186/GeneticAlgorithm.py)
107. History.py [RECONSTRUCTION FAILURE] (path: /syssec-nas0/pyc-research/compiled_evaluation_targets/usenix_test_set/python-3.12/13b8cb14ce707c439c4244b014ed15d022c38b2406176984ea46ef08d2454842f001122d7ff6a3a3c5f52d1e1b1614885366cd3e8153589c97f43056b3747fd1/History.py)
108. IRAF_Reduction.py [RECONSTRUCTION FAILURE] (path: /syssec-nas0/pyc-research/compiled_evaluation_targets/usenix_test_set/python-3.12/40820f844d9c624e8c3e0777bbffa3586f7597a9886acb295d44f10bb05ffa5e5b288afa1af23d6b466c0392111a9e76008feae9ec48d97b604c70835bb059f6/IRAF_Reduction.py)
109. InfinityFlow_Utilities.py [COMPILE ERROR] (path: /syssec-nas0/pyc-research/compiled_evaluation_targets/usenix_test_set/python-3.12/157c98a8789f51f4ced9c4091ce9c5bfe830da8f01e515a4dc242f01e261ebdee6c1f079b0c4287e78b4b515098a7fe83139e01809f5264c3a173e1e8b3ae08e/InfinityFlow_Utilities.py)
110. LogicOfflineJobFakeBroker.py [RECONSTRUCTION FAILURE] (path: /syssec-nas0/pyc-research/compiled_evaluation_targets/usenix_test_set/python-3.12/77928dbf85509050a834af1c46270cf4c92786efe338dfdf5f8e95a11260ac6468db2ed004b375bcee30fead1fe3bc718ff2a39b961e94f179a36ddff253a308/LogicOfflineJobFakeBroker.py)
111. Memoize.py [RECONSTRUCTION FAILURE] (path: /syssec-nas0/pyc-research/compiled_evaluation_targets/usenix_test_set/python-3.12/060f62bf756ea872b8bf82ff6383cc10f2cc34c3d1d621767dc72d3662b6df9ad76b6656197524fa8dc4bf118cc24399aadd9e7886be8fc5b5c23059006b27e5/Memoize.py)
112. NotifyRyver.py [COMPILE ERROR] (path: /syssec-nas0/pyc-research/compiled_evaluation_targets/usenix_test_set/python-3.12/6d343ee5495ed08133701c2bdd9380e77387ac43f05be2d5754ff70a535bdb5ae8dd3057842591744f7d34e2a2971af9f477416c7fc65527890e50503aeb78e2/NotifyRyver.py)
113. PackageMetadataNodes.py [RECONSTRUCTION FAILURE] (path: /syssec-nas0/pyc-research/compiled_evaluation_targets/usenix_test_set/python-3.12/aa28ef4e8bd5a8322fa87f7b2a7e1e5e8e11f735433c70707c7251678f51ce5110fc7710727833e5f615d92386a41f91da687c9cc73b68f64cacfbc19996b5ab/PackageMetadataNodes.py)
114. RET504.py [RECONSTRUCTION FAILURE] (path: /syssec-nas0/pyc-research/compiled_evaluation_targets/usenix_test_set/python-3.12/daa8ceb4f6ee0a3c4242b80c8b6dcdeed62906ff241c3e671a00941d43f33f4605b9b15571e89644d3d66c18f98b3c16f842c28b88b4e40f8d6770dd578dbc0c/RET504.py)
115. RET506.py [RECONSTRUCTION FAILURE] (path: /syssec-nas0/pyc-research/compiled_evaluation_targets/usenix_test_set/python-3.12/cb2fc17a7d73f974fce7b2bc9687b5b2e9c9e520fb43e7c67d50f5cd4e8bc335114bfe90f36fba2730a5b12acc7bee7c819768cbfd0b94379e320b4009973d88/RET506.py)
116. Service.py [RECONSTRUCTION FAILURE] (path: /syssec-nas0/pyc-research/compiled_evaluation_targets/usenix_test_set/python-3.12/928e6c3d406b699bba6f7d4f1fa0611af093251b6983d250b37f8b92ff1e6114723bc3295389b311444398b93d8e4f644904766fb9845d6c3e4d9e3a69fa7b96/Service.py)
117. SharedClassNameHandler.py [RECONSTRUCTION FAILURE] (path: /syssec-nas0/pyc-research/compiled_evaluation_targets/usenix_test_set/python-3.12/80b4ac8699da09e9a43ef5d017c089f021aa1049dfc3a5a5b57591cfd5948394aa387e180aaf0845a7d9c309576b47e6ba0fb9578ed505a283791417d4c5334c/SharedClassNameHandler.py)
118. TVarFigureSpec.py [RECONSTRUCTION FAILURE] (path: /syssec-nas0/pyc-research/compiled_evaluation_targets/usenix_test_set/python-3.12/6616b881ab4b9b0942dfdc3d41d7a1e49bdef50897cada0e645d3b941757fedf061dcd4f5852949d381f1276a41d8c9ff1ed11240d635283145a3c3a01edb5e7/TVarFigureSpec.py)
119. UserPool.py [RECONSTRUCTION FAILURE] (path: /syssec-nas0/pyc-research/compiled_evaluation_targets/usenix_test_set/python-3.12/70286e6605ae4b31bef53233888bb54d04b47656200a071a2c679384c94be64de1aae5e826c48fe5504972db50710947ecd6ecb8758575a20c35dcc188206128/UserPool.py)
120. Utility.py [RECONSTRUCTION FAILURE] (path: /syssec-nas0/pyc-research/compiled_evaluation_targets/usenix_test_set/python-3.12/0931ff8871d5102275e13c7fa4e6862c4beb1f833a1fc3ccb8853e332365dcc61ccafb29665fc97afa34cd92d1206bbf39a601fd7c697079f13d4ebce703d9d7/Utility.py)
121. VortexTcpMemoryLeakPayloadTest.py [COMPILE ERROR] (path: /syssec-nas0/pyc-research/compiled_evaluation_targets/usenix_test_set/python-3.12/23b1c62d5b00c824059ae360348cbf3c72c31fb6bc981051cf52d9f902201be355d949be4656576da1eea2ebb4a97a74bde96781dd1a0392d98788608951d066/VortexTcpMemoryLeakPayloadTest.py)
122. __main__.py [COMPILE ERROR] (path: /syssec-nas0/pyc-research/compiled_evaluation_targets/usenix_test_set/python-3.12/2155c2df322aaefb5671d3991f5a555a0498239fef87985cdb1cee639518a5f6b4d26096ac7298a36c4619e4212cfd09863e44bf276ef322899e0903308f2975/__main__.py)
123. __main__.py [COMPILE ERROR] (path: /syssec-nas0/pyc-research/compiled_evaluation_targets/usenix_test_set/python-3.12/958297d91487041aecbf0e74ebfba23de908f4a8cf7fc02eb28319b378520830ac6890a3ee0bf3e65f5aaafac62d6014dac4138fbcd181e62f44700e65933be5/__main__.py)
124. _fileobjectposix.py [COMPILE ERROR] (path: /syssec-nas0/pyc-research/compiled_evaluation_targets/usenix_test_set/python-3.12/4cd9c561cae81f5fb527b46be6380adc0c8726b9ff4af665558e6818b71a96ac581e5ac08d2190c43c7b5be397b9bee386dd74fc58eb3fe83657ee6e0ae34eb3/_fileobjectposix.py)
125. _pslinux.py [COMPILE ERROR] (path: /syssec-nas0/pyc-research/compiled_evaluation_targets/usenix_test_set/python-3.12/3dc2b2e1804a6e00edd9873cf7b12ecfecc4c4eb68d56923db73db6bd67daea277a57990154bf0391f389af4077771bc286b68bc4528b0bce07243fc75768e86/_pslinux.py)
126. _reader.py [COMPILE ERROR] (path: /syssec-nas0/pyc-research/compiled_evaluation_targets/usenix_test_set/python-3.12/11a63dd9377450f3d00148b7d005f8ef1b3f7d4cca78702cdc892f565c9ba55d4fc2f3f0ac6bbab1a9968ed5590a0331f5039f24dfef3cdd152a52109dc0266b/_reader.py)
127. _tecplot.py [RECONSTRUCTION FAILURE] (path: /syssec-nas0/pyc-research/compiled_evaluation_targets/usenix_test_set/python-3.12/daa808fea7126e59be15232f00cd2be3503b9b4e29846cd31686949888c3b67ee95988d445c781d9c1cbffefd4007a2b4f18e755cdbb54da4492e72c2c994766/_tecplot.py)
128. _version.py [COMPILE ERROR] (path: /syssec-nas0/pyc-research/compiled_evaluation_targets/usenix_test_set/python-3.12/dffcc8d5499a7b92a6fb7af7bbc8ecf27439e16ec10ca716295d2a79ca903b5d6c18e8607e6bfffd8952c2d60ab6f9a6ecfe8aa2ed757ca0b8d1645ca102b250/_version.py)
129. acme.py [RECONSTRUCTION FAILURE] (path: /syssec-nas0/pyc-research/compiled_evaluation_targets/usenix_test_set/python-3.12/5c5b1fccb2bc1620cd5b091ca672ee9b3230b7439bc651fcc9637dea569ce0e91380e3a0ccbf9c12760d31c703663dc08c3614423512823a1b8c01c260fb3324/acme.py)
130. actioncontroller.py [COMPILE ERROR] (path: /syssec-nas0/pyc-research/compiled_evaluation_targets/usenix_test_set/python-3.12/3b3c6531b4c875a8c8a66566dcedaaab7c6dfe097bff7bf7bf0b00bee13ff4ce76816ace4e3936422ac7e7534571ec87978afd2f19fe5131e0ae309c5a8a3716/actioncontroller.py)
131. adapter.py [COMPILE ERROR] (path: /syssec-nas0/pyc-research/compiled_evaluation_targets/usenix_test_set/python-3.12/90adfbb55d9823001a500ccef17b56acead81f4eb10eded3ee78c6107af3fa221beb222c87a68ab3bd4033764889ab313053dbe3d29501013dce18cae5c5615b/adapter.py)
132. adaptivegreedy.py [COMPILE ERROR] (path: /syssec-nas0/pyc-research/compiled_evaluation_targets/usenix_test_set/python-3.12/0216940ebc56919f58d53da0bef5efa9bd0dc537788fecc44a081aea3014de54d3fdaa1891698ef7a677b5a705e5ff316c9057e5107c0c33507c2863590bead2/adaptivegreedy.py)
133. agent1.py [COMPILE ERROR] (path: /syssec-nas0/pyc-research/compiled_evaluation_targets/usenix_test_set/python-3.12/410462cd2466321ac53fd8eb5324bdf638208ee22dd508860ab87eae0a327029ec7a40d48c8214c165ca7082cf700e473ff23c8c5dda9dec67aec8244cdd38f8/agent1.py)
134. aliases.py [COMPILE ERROR] (path: /syssec-nas0/pyc-research/compiled_evaluation_targets/usenix_test_set/python-3.12/4e8858ea6e77601ff8b520869f21fa274bc9e1b559dac0f7e53d4a4f8ebc13fe097975395c64395cabf9f7ed6e41a5137728d44c23070ebde457ed2d884e88c6/aliases.py)
135. api.py [COMPILE ERROR] (path: /syssec-nas0/pyc-research/compiled_evaluation_targets/usenix_test_set/python-3.12/556e9b94a3354791b440b1d8b0c1e1ae3e7f0f2e51034d5846fd131709419db2a6cb8985125974e93e6a194db8187fc8c9df22a0d5a942af5b94a108fc0d401a/api.py)
136. api.py [COMPILE ERROR] (path: /syssec-nas0/pyc-research/compiled_evaluation_targets/usenix_test_set/python-3.12/75756b16713040aa5b384a90bda2524eae5e92a4e0cf3063aae05bfd714ecf4652011eef0ff9c633e344f244c90b641bf998beca633707009042a112ad3da9cb/api.py)
137. api.py [COMPILE ERROR] (path: /syssec-nas0/pyc-research/compiled_evaluation_targets/usenix_test_set/python-3.12/90c3deef6451f68b810838e2885bb3f7222412b94ad2b1ce95503deba7403570faf79cb229997b5d79206444c66d3e44b558df150aa0dda6c295392b7c15f0d8/api.py)
138. api_client.py [COMPILE ERROR] (path: /syssec-nas0/pyc-research/compiled_evaluation_targets/usenix_test_set/python-3.12/1dc20f687c762058897aefa7398495b75d7d8dd6ccd381f6499dc57f0928988129aee0b7892311820588ffdca6412744d6998c9bdf15d5859751cddf7efe1d00/api_client.py)
139. api_client.py [COMPILE ERROR] (path: /syssec-nas0/pyc-research/compiled_evaluation_targets/usenix_test_set/python-3.12/d229ef54e9e213999d6cdd37283108869c5bd8e5687b68bd5bdb58a4440bb58246b6003143097d9448f59ca633e55a5d5c594b840e7ec3502a92ed469f237b1e/api_client.py)
140. app.py [COMPILE ERROR] (path: /syssec-nas0/pyc-research/compiled_evaluation_targets/usenix_test_set/python-3.12/66d30b7e76cf29f736f7f5589e6a49ea7ecc31ff51b719b743f7c62773bc7fb3e3bde03fbb48a3688c93d85297c71c8f957776029aa0193cde866d4b456f0392/app.py)
141. app.py [COMPILE ERROR] (path: /syssec-nas0/pyc-research/compiled_evaluation_targets/usenix_test_set/python-3.12/c0649bfffa482217fb6e9d7af7303bc114931737ac86c12d22fad5176ba12464d052fa2a94bb70c42d910472d7d1936c22996c1d410aeb2dc3b52d5478364670/app.py)
142. app_config.py [COMPILE ERROR] (path: /syssec-nas0/pyc-research/compiled_evaluation_targets/usenix_test_set/python-3.12/7fa92c8992e447bd52db5fedf3a76a9b2d1545f1c7a7ca8742a045125159770c9ac78ca26931a14d99e4b387a667c2199a9aeea365642e0359d223cab9e15d99/app_config.py)
143. archive_util.py [RECONSTRUCTION FAILURE] (path: /syssec-nas0/pyc-research/compiled_evaluation_targets/usenix_test_set/python-3.12/f11cb101c6d2054b2494ff99bf343f29f53d70e46b24787f999665cedcac1f6064eb1a99bd79fc338ab7107198f20872fb4a2a1d41780b794736f6fc06e115c4/archive_util.py)
144. auth.py [RECONSTRUCTION FAILURE] (path: /syssec-nas0/pyc-research/compiled_evaluation_targets/usenix_test_set/python-3.12/39b886ef6847de425da3c2608bd78016269f80865299bab55e785df3cf898e95e36e36e227b3d4a8e750cb362e3adb7d1695f7fc6fb4ab1b54dd14cfea3e0f81/auth.py)
145. az_cis_check4.py [COMPILE ERROR] (path: /syssec-nas0/pyc-research/compiled_evaluation_targets/usenix_test_set/python-3.12/62b1b85ea82cf7eeec7a14145857c1ac63bd1d5a703ea5369b53f5c7a386e984c0de8cb2db1033ec2a594a0920e17d7e963d669204ebfc8847094c288e228e03/az_cis_check4.py)
146. base.py [COMPILE ERROR] (path: /syssec-nas0/pyc-research/compiled_evaluation_targets/usenix_test_set/python-3.12/528ab1ba7ee6d420f1d0ed729e0f7f99a847e8d5fdce296b96941f39e6422dd749e8ed155380c093a6d8f6e4a331d9756b52805530a3727a638597efec63ccef/base.py)
147. base.py [COMPILE ERROR] (path: /syssec-nas0/pyc-research/compiled_evaluation_targets/usenix_test_set/python-3.12/53de9c1b842e62a9723ee8fc11b7ecc5e41db13890dd2567c92ccb5cfe6a34f359a51834a7cd565acc2c883c35186691f14e75f82d04d99c38195cbb9d85d80d/base.py)
148. base.py [RECONSTRUCTION FAILURE] (path: /syssec-nas0/pyc-research/compiled_evaluation_targets/usenix_test_set/python-3.12/f8ea39dcd4f6e91b8dc21c66ed5504f104b3d2ad29c8a66d40be164e1b1ad2e932a422db60afc183ac9220ea0f2292088bb0907ca999746f654da7816aa9807a/base.py)
149. base_runner.py [RECONSTRUCTION FAILURE] (path: /syssec-nas0/pyc-research/compiled_evaluation_targets/usenix_test_set/python-3.12/0eb2aa8746f65ed9751f1805d43e0ce03ed3fd59236dc50680b896195d122efc0b58fa576ef419df1a7b61a9e5f871496410d074b6ec2c51e6ec88c91224555f/base_runner.py)
150. basecallbackendpoint.py [COMPILE ERROR] (path: /syssec-nas0/pyc-research/compiled_evaluation_targets/usenix_test_set/python-3.12/281a9998479afbf4e802edd613b0721cab992247d06c6bbc0f19ff9b21e5163cb0c4d8d60f9bd12068f6b235764ced9df8bdaf8eed64a1f73003240d9a54487a/basecallbackendpoint.py)
151. best_ip_async.py [COMPILE ERROR] (path: /syssec-nas0/pyc-research/compiled_evaluation_targets/usenix_test_set/python-3.12/dc0f3bda2119b204cedf94f1ceeef7d0644997a0d20a74cfae13098f354a4de96bccb5a127712b3db957f587039bce29b5979dd6b21e923be719ca88ddf8a95c/best_ip_async.py)
152. bezier.py [RECONSTRUCTION FAILURE] (path: /syssec-nas0/pyc-research/compiled_evaluation_targets/usenix_test_set/python-3.12/7b1400a6460c531bdfc7a0ae0bc5729896e5f191f499c002eaefdbe6cd39167dd4f0df909f4b1484a1afc631a69cdddb94d0197659a154d0670cbe5250efda08/bezier.py)
153. bigip_node.py [COMPILE ERROR] (path: /syssec-nas0/pyc-research/compiled_evaluation_targets/usenix_test_set/python-3.12/a5e592cb022ddbfa628e3146c694b0d4288f6c572ad253ed4e58b847a9a94aeb81937340dbc71fb61c09e6241bcf530f80b87a3b44ff8de1eed3ea51f9f0d64c/bigip_node.py)
154. bittrex.py [RECONSTRUCTION FAILURE] (path: /syssec-nas0/pyc-research/compiled_evaluation_targets/usenix_test_set/python-3.12/b0189a081a8e64c63377958bfc5acbaf925e5b50e6e9d1bc85212ab01d1cf93e6f3a573f29414aaf454366c3610b3c73ebda98c056021583d119d9669e35c844/bittrex.py)
155. bitwarden_mod.py [RECONSTRUCTION FAILURE] (path: /syssec-nas0/pyc-research/compiled_evaluation_targets/usenix_test_set/python-3.12/5e938952cedef5198f20ec73cc50cfa9d1ce107a9999dff04e4892ad690368d1a64f72863ea016b3d76277cf34734c942a69c3319af51ee64ad0a13dba91a13f/bitwarden_mod.py)
156. blockchaincom.py [RECONSTRUCTION FAILURE] (path: /syssec-nas0/pyc-research/compiled_evaluation_targets/usenix_test_set/python-3.12/8e7ef2d38cdd83762969037e93d9d7de822689840f81a217a5b972c209e75ceb5834eb1bffd0f279c29bafbd77b05eac5e839767ad20491050fd0d8afe17c379/blockchaincom.py)
157. bootstrap.py [COMPILE ERROR] (path: /syssec-nas0/pyc-research/compiled_evaluation_targets/usenix_test_set/python-3.12/4ea7064fc96cf5a31a5fa58cf8e08ce370d14896743add918dcd9a1717d4ec82e2604fc1d518591de2290fe84dfec48240635fa79d114694535dbd3a070a2505/bootstrap.py)
158. build_tracker.py [RECONSTRUCTION FAILURE] (path: /syssec-nas0/pyc-research/compiled_evaluation_targets/usenix_test_set/python-3.12/5115847d368b223bd927eb62852aa5076c6616290c845016f0a1a9be890b4111873fc699ae3589d0ebe2b47859653c529f4c72fcc5e8b34a4cead7c40e927189/build_tracker.py)
159. build_tracker.py [RECONSTRUCTION FAILURE] (path: /syssec-nas0/pyc-research/compiled_evaluation_targets/usenix_test_set/python-3.12/55375049be521005e898649efda0e3f8d8a821160644b25eefd0e42c17028eccee76917de135a0059896ced0de4bf4d68cce42e0adcd1b8910bf05f143923142/build_tracker.py)
160. button.py [COMPILE ERROR] (path: /syssec-nas0/pyc-research/compiled_evaluation_targets/usenix_test_set/python-3.12/ee8af1201ae8307f57f5d0da2a148c04906a5d7864ccbf56ca5fee149dc2707c372b00d7f402fb0c01b6bbbae811cf4bb0cbeb5c83981354d219d96f01177443/button.py)
161. cache.py [COMPILE ERROR] (path: /syssec-nas0/pyc-research/compiled_evaluation_targets/usenix_test_set/python-3.12/a67c49030ac038ffcc65765bff78c774cd4c7736de936c3984bb5a294435449a0e772a2f0292546ab764e72c809fb87078bf20ecb5af626f382031e0eeab7659/cache.py)
162. cache.py [COMPILE ERROR] (path: /syssec-nas0/pyc-research/compiled_evaluation_targets/usenix_test_set/python-3.12/cf520a10ba107d08d628b9e6b54d1ca736c48d6fde28bb20ac61a1ce504dab98035fe49f9b134b440720ba905e6dd1887ffdb00884a45dedf6bbc18f4ea6b595/cache.py)
163. canteraKineticsParametersParser.py [RECONSTRUCTION FAILURE] (path: /syssec-nas0/pyc-research/compiled_evaluation_targets/usenix_test_set/python-3.12/dcccae6c70246ff2ec28e525b295d62377bbf4be3f88a3ec9e571cb4e44855ec2a7e4b27b119dc59f899d0f29c40b692385d435522494375882c8cc093b6fd98/canteraKineticsParametersParser.py)
164. case.py [RECONSTRUCTION FAILURE] (path: /syssec-nas0/pyc-research/compiled_evaluation_targets/usenix_test_set/python-3.12/4cf1f7aba324aa0b14ac982a64b415d45039253858665b9794e798b7891266634bd8fb41aefbd80f09e7d2af1bf2cec61b2c084299195fc5af67d120c153badb/case.py)
165. category.py [RECONSTRUCTION FAILURE] (path: /syssec-nas0/pyc-research/compiled_evaluation_targets/usenix_test_set/python-3.12/100e0e7720a3e5a4c6ee4eaf2b2f05313831b380cb18238ff778b774ee11bcc02eb2c39a13d8d6e0a146a2cd02e7e7519e1814083ebd23382f832949287a4f5f/category.py)
166. cgminer.py [COMPILE ERROR] (path: /syssec-nas0/pyc-research/compiled_evaluation_targets/usenix_test_set/python-3.12/ce7ae1335667dd726e0a712162e4b00a283d15a95e0d3b16c77676ceef1ad19284c2a7179fc169bed28bf975e2f028dc2341c2714177aa23d9150f52f2b255f1/cgminer.py)
167. chain.py [RECONSTRUCTION FAILURE] (path: /syssec-nas0/pyc-research/compiled_evaluation_targets/usenix_test_set/python-3.12/36fc5f3ce4d77f845f23b65d158345a408f0210cefac81cb20bc7e1a7b9e97df313b14299076a74fcb462ac224c233052b8e4f87eb8830aa2b1020943038dc08/chain.py)
168. cli.py [COMPILE ERROR] (path: /syssec-nas0/pyc-research/compiled_evaluation_targets/usenix_test_set/python-3.12/39d060036fe999f34fa5cf8cb9308a44ff42ef017acad09731c0f0cf3456fcfd5856cc48c5b75dd9ff6bcb9f25572261700a6eb0bb51bbbfa33992b2f892a5e1/cli.py)
169. client.py [COMPILE ERROR] (path: /syssec-nas0/pyc-research/compiled_evaluation_targets/usenix_test_set/python-3.12/5e9d0380ed6fc4b0e5166ebcbdfb23a953338f08a3468c8c87478dfed1d7d46bf610ad3daae9fc084ec63be133b43621e59d6a6b6ad0d717cbd9bffebe3dce62/client.py)
170. client.py [COMPILE ERROR] (path: /syssec-nas0/pyc-research/compiled_evaluation_targets/usenix_test_set/python-3.12/8620392e2370c75c01b59a0c69ffd376d2e4cda1ad91e8a99cc9ce2f90ccda6c04695ae124e213a2996e4a1447e0db364bf1b3dc49322bab36d9f219cdc21956/client.py)
171. client.py [COMPILE ERROR] (path: /syssec-nas0/pyc-research/compiled_evaluation_targets/usenix_test_set/python-3.12/aeb8234487890a8001ef57de9179022719b15d2d01a7deb1b0af56f9631a8befe4c048f1132aacf7c03f1c293df6d5d3380fcf6de3e93c84e88b56db81349030/client.py)
172. climate.py [COMPILE ERROR] (path: /syssec-nas0/pyc-research/compiled_evaluation_targets/usenix_test_set/python-3.12/fc92cbd4cfa0179c20115104e541d2824a07ef10d9db32758c128b0048a0862c36899ed68b1e028d06efe7c082fddeb101ef8ec6f4bd4fc3fe8c694f5c985510/climate.py)
173. cloud_init.py [COMPILE ERROR] (path: /syssec-nas0/pyc-research/compiled_evaluation_targets/usenix_test_set/python-3.12/eea8d532f7881a25e483b8568d31ce02aec3eae8b76a2e2ac94981926c4ad714fb42f9e79c8be51ce49b6c2883b823e196f6e1132e9003fee3bfb4631659608d/cloud_init.py)
174. code_parser.py [RECONSTRUCTION FAILURE] (path: /syssec-nas0/pyc-research/compiled_evaluation_targets/usenix_test_set/python-3.12/9ddd47cc1e10f1a824daf3bc99774025e5cf2cb4eef4809994c12f6f4a22b0dd546a34758940620ed1edef9adb846a9e154768eebc08a9b4cb85421f638e9296/code_parser.py)
175. command_list.py [RECONSTRUCTION FAILURE] (path: /syssec-nas0/pyc-research/compiled_evaluation_targets/usenix_test_set/python-3.12/549520a03970d6cf3836f20954da1c79b7c35898994a88af446e12b1c9460efc766e3a5922aa7c9b6dd65a1304bfb6af8c8a7ddce3d9195ead1f2fe5ffd5ba9e/command_list.py)
176. commands.py [RECONSTRUCTION FAILURE] (path: /syssec-nas0/pyc-research/compiled_evaluation_targets/usenix_test_set/python-3.12/ea338d4d8107a953ea518c99a3bdacf9b9dcc7d945154ec8d7767e7d148a75303d863f422862c9eda6fca92b45675a7dbc7bf149b2792af59839f3bf8b6d5661/commands.py)
177. common.py [COMPILE ERROR] (path: /syssec-nas0/pyc-research/compiled_evaluation_targets/usenix_test_set/python-3.12/ac5cf3e7c3070387be0dda8adbf21e7be8cc5626a1f765f705f3d5a9247a6b53440b728497783601d31738a93ed386cda2e986afc2502582fc72aeb9300f83be/common.py)
178. common.py [COMPILE ERROR] (path: /syssec-nas0/pyc-research/compiled_evaluation_targets/usenix_test_set/python-3.12/e3d1bf3a3521c8b7d91edb167fd79e8c33f33449dbdce5525aab2d9e75cfb8211cf766567219dac7496ee55e6442d326b3a282b2d3993e6247d522dc5b6e93ff/common.py)
179. common.py [RECONSTRUCTION FAILURE] (path: /syssec-nas0/pyc-research/compiled_evaluation_targets/usenix_test_set/python-3.12/437d13e9263e380d41d8334ea865d824c2c44cc26f00251ed6c025fd5379ba54c5c96c4c422ff48e0099a3d29c3e99188a964d32dd6a18b9c9859b7605e7df9a/common.py)
180. compat.py [COMPILE ERROR] (path: /syssec-nas0/pyc-research/compiled_evaluation_targets/usenix_test_set/python-3.12/992dafc4657443904f98170017c7b0d1812101f24b9d03c83d26a97d8973099689c71144851be3bc8212d90af169df492699d1633517039b2e5da25706972c3b/compat.py)
181. compete.py [COMPILE ERROR] (path: /syssec-nas0/pyc-research/compiled_evaluation_targets/usenix_test_set/python-3.12/cf43e881ed19f24a2d1bca17bf70848176f01922ad8f94028493e54a3f3e89f44cf64100503e462fcde5c6fee62bdfc5b0ec4724f911e61c7225568eb1276229/compete.py)
182. compiler.py [RECONSTRUCTION FAILURE] (path: /syssec-nas0/pyc-research/compiled_evaluation_targets/usenix_test_set/python-3.12/d3ee194eaf362660db6a0068823c1a852b56b930e0d1c76d98cabac21a27ef20723e796ca23b9ecc53ba01d0e1c3d7f56758a16c95ce0b9509295f3dd7bad51c/compiler.py)
183. compression.py [COMPILE ERROR] (path: /syssec-nas0/pyc-research/compiled_evaluation_targets/usenix_test_set/python-3.12/7686b2640036bbb57ed1bbd2889a1999175d9f9f4318bda0ea8c8cf1cf17739b1867e361d4c5d4ee1dc642b56b02cf5b87524fc89fd87c1edf587267e31bf7b3/compression.py)
184. config.py [COMPILE ERROR] (path: /syssec-nas0/pyc-research/compiled_evaluation_targets/usenix_test_set/python-3.12/26aa5943c11f7dd614d6d6f5be4d0e0e8bd526129931366d762c02daaedf1a6133ca0b9748eaec83f26b56731fee210836ee880f4091aaa1b677dc7341e2188a/config.py)
185. config.py [COMPILE ERROR] (path: /syssec-nas0/pyc-research/compiled_evaluation_targets/usenix_test_set/python-3.12/278198bbdcf4e886366c00cd121bad6aa07be6c69d9e98bb54beb927201b2b3c90136cce870177c9c254305b439a5dce3d511d61ccf2a643369ef7d794d81f42/config.py)
186. config.py [RECONSTRUCTION FAILURE] (path: /syssec-nas0/pyc-research/compiled_evaluation_targets/usenix_test_set/python-3.12/c58e8910cdb1dbecaa778087a7f9fc341b8a2b727f9866b4842bed4d117c89cb0182c5d88b8d5153d361ee79fde38cbcb60c76b502a7ca89bf5b1b6b8d042cdd/config.py)
187. config_flow.py [COMPILE ERROR] (path: /syssec-nas0/pyc-research/compiled_evaluation_targets/usenix_test_set/python-3.12/205fedf7441c0cc6ac636181d432815db97b95b82e84f6930e937b5b42a7b64abd764ab98c51e74c410b25a4ed5697782b55713c0e308cd5e499646707ab35e9/config_flow.py)
188. configuration.py [COMPILE ERROR] (path: /syssec-nas0/pyc-research/compiled_evaluation_targets/usenix_test_set/python-3.12/0e25706b814e5b1ce031b8707b4e447c2a03583f87a106d1aadfa459fb0bbccd363eb7822e144fa7dbc0ade604ede90210dfd35ff88222ebd7c9cd7076d4b911/configuration.py)
189. connector.py [RECONSTRUCTION FAILURE] (path: /syssec-nas0/pyc-research/compiled_evaluation_targets/usenix_test_set/python-3.12/2528008aeab264799b209b3596cf9682d3ec9611689e335da62937a441e6a1446281911fdb1005aeeb8b5d49b5bbf7856257ac64fe3b544697b7a405fa9d6f44/connector.py)
190. container_helper.py [COMPILE ERROR] (path: /syssec-nas0/pyc-research/compiled_evaluation_targets/usenix_test_set/python-3.12/24592f5b74866a8f908a7b31ce6ec6a0594420708c875d9cd0a4db951a942f1405681d4c70b6e7fa4495cbe889719c399ab649d105371b5b691a44d6a12dd2c2/container_helper.py)
191. controlled_gate_test.py [COMPILE ERROR] (path: /syssec-nas0/pyc-research/compiled_evaluation_targets/usenix_test_set/python-3.12/7a3d58d1867aaaaf90d9565868f3dfb37a796870fd7b22534fb728deee2186e1be81fb5f3d1741598e01729a8c0d043bd2cc02ea54e8200f7ea35e06032f0b27/controlled_gate_test.py)
192. conv3d_alter_op.py [COMPILE ERROR] (path: /syssec-nas0/pyc-research/compiled_evaluation_targets/usenix_test_set/python-3.12/5ab413e2b7c4d701c99f9d0d71dd031b5f50eee7ee2b0471648d5f66ee2ad81622f1c9baaa8414ccb96323ea6b1ab3db4dfa9db34e3d9b52e84a708cc29dfbf6/conv3d_alter_op.py)
193. convert.py [RECONSTRUCTION FAILURE] (path: /syssec-nas0/pyc-research/compiled_evaluation_targets/usenix_test_set/python-3.12/715fa5d97a3ed9dcee1ce01d53f995e75a0096e86490cae5b3091513a94cbe30828a0944d5576418c9c827387eea36293f8876d18765aaf7efe85159d77dde54/convert.py)
194. convert_img.py [RECONSTRUCTION FAILURE] (path: /syssec-nas0/pyc-research/compiled_evaluation_targets/usenix_test_set/python-3.12/2280e63e0dfe45e8e9cc3714e8292b17ea39016f7913ac9b3f9bf677e59e97806e0e022973d69a79550130d4c3b939e68b0ab04eb4f3e2df6b76b1b7cc5343fa/convert_img.py)
195. core.py [COMPILE ERROR] (path: /syssec-nas0/pyc-research/compiled_evaluation_targets/usenix_test_set/python-3.12/777dd179f5295f188238e7381d6e5e6e1c8355ddb304cc8dd239718158a13693fb5b2b72d5676a4ab6f520546048da61f2349648238ecf423d922bf5bc9e8e13/core.py)
196. couple.py [RECONSTRUCTION FAILURE] (path: /syssec-nas0/pyc-research/compiled_evaluation_targets/usenix_test_set/python-3.12/1c2e7400dab3032fd2ea847f1736fa763617f0523e3f9f71231c972a4270bedde7633be4cb5b38eb66b0c515577c98b239a1d05ca0091910b9e11c7a8396bcdb/couple.py)
197. csv.py [COMPILE ERROR] (path: /syssec-nas0/pyc-research/compiled_evaluation_targets/usenix_test_set/python-3.12/73349d7e40de4c211643144705c393d524a63bab4e33ab73e6fc7934eb8cfbe1d057b39b292fc6bd9cfcd134ddb46d1d310e78f4ef9b089baabe397df1f4305e/csv.py)
198. current_thread_executor.py [RECONSTRUCTION FAILURE] (path: /syssec-nas0/pyc-research/compiled_evaluation_targets/usenix_test_set/python-3.12/24704292332390a07da4ee413618bbaf845893f062376a22d2e7ad5da8232ea53f0e60e3333e47377217cce41963e45a2e58e4b7e4b497a93abb876866262fba/current_thread_executor.py)
199. custom_policies_integration.py [COMPILE ERROR] (path: /syssec-nas0/pyc-research/compiled_evaluation_targets/usenix_test_set/python-3.12/38df3cca09350cde024ffb52047d770fd23928d75fba9c3fe6f4b1c40b197b47bbf3da00c1e17c0f6f4b9bc0d25d97a2430f95437bfd3ccdb341f61432ff5d0a/custom_policies_integration.py)
200. data.py [COMPILE ERROR] (path: /syssec-nas0/pyc-research/compiled_evaluation_targets/usenix_test_set/python-3.12/dd7bee742879bd178e8ae00c3e6c78694a9b556cab6cb248a68eb732e9d7e7aad192541932abb7cbdb5f7ea63b38246d6c17dbc8830c39e7b251e6e248728035/data.py)
201. data.py [RECONSTRUCTION FAILURE] (path: /syssec-nas0/pyc-research/compiled_evaluation_targets/usenix_test_set/python-3.12/bbd9a57bf96727f0ea92157a0b00247a96ab090c2ebefe145b475698cdd41d0601a9ee4b6c254928098dd86f351fa5adf06d5c5bc06628739631fa63f8c1c67b/data.py)
202. dataset_providers.py [COMPILE ERROR] (path: /syssec-nas0/pyc-research/compiled_evaluation_targets/usenix_test_set/python-3.12/aa8febc11b0fa251f887f8ee0267c88818233aaf99d9e0bbfee42239eabb408c923d23963a5f3c60d8ad40c56fc3aa4f8db48652580d32e916fa5ff5a61f197c/dataset_providers.py)
203. dataset_providers.py [COMPILE ERROR] (path: /syssec-nas0/pyc-research/compiled_evaluation_targets/usenix_test_set/python-3.12/ed61dbdcee61d2c3301c90bfbfc95b7ea456212ae68d5f0ea0f9a1ce18bdb33f44f756eda0964e9bee747493992204f4b385001086c5f64f1e60c5075e81ac37/dataset_providers.py)
204. debug_executor.py [RECONSTRUCTION FAILURE] (path: /syssec-nas0/pyc-research/compiled_evaluation_targets/usenix_test_set/python-3.12/1c982d7cf62dd95bb8bc462006e7e2a777821a12cdb401d7b4639e0d08898fed4848eff0ea8d86c24483afa07af0a6128b93e683286da7f992918024887d59cf/debug_executor.py)
205. decoder_loader.py [COMPILE ERROR] (path: /syssec-nas0/pyc-research/compiled_evaluation_targets/usenix_test_set/python-3.12/86a1a6aac49f23b4c629032c95f61267c4f6a459561dee9b14068b26453696e4cb394c4df8229ba03407ddbc053e2b071ee766f9f9d7c554a3cb7f4a45626965/decoder_loader.py)
206. deephys.py [RECONSTRUCTION FAILURE] (path: /syssec-nas0/pyc-research/compiled_evaluation_targets/usenix_test_set/python-3.12/3a2b3ddc588c54d1f30a22b1bc3927300690106f0c1423b7f26c7e3e473b7c96a2b9b724d734aeb4c1762735d980893c0694885ebbd76d246f96c9595551c092/deephys.py)
207. delete.py [RECONSTRUCTION FAILURE] (path: /syssec-nas0/pyc-research/compiled_evaluation_targets/usenix_test_set/python-3.12/e179207821a8d66b135b002439562231bff33635adc6475fddbfc474b38d7ba3030990c79e5b66727ee17bc2a284b2917afbc94a9015fcfa542e0d94451a56fb/delete.py)
208. delivery_shipment.py [RECONSTRUCTION FAILURE] (path: /syssec-nas0/pyc-research/compiled_evaluation_targets/usenix_test_set/python-3.12/306cfcc590c2813b9d6af74a9fd73e3a42cc8d1fa28f8087e74bcbefcab98b73a921d2385c29416b3422b1fa0417c3bab27fe2bd46f55529910f56fd61d643c2/delivery_shipment.py)
209. distribute_utils.py [RECONSTRUCTION FAILURE] (path: /syssec-nas0/pyc-research/compiled_evaluation_targets/usenix_test_set/python-3.12/e18f25d363de6e40cc4bb03fada36ec13766bbafff03731ea3ec15a7ad7cb0b326952169fc291d0aed8dca9b7da5ec4b8e636e729a998c59087a5ffdc92fd92e/distribute_utils.py)
210. document.py [RECONSTRUCTION FAILURE] (path: /syssec-nas0/pyc-research/compiled_evaluation_targets/usenix_test_set/python-3.12/a876711910f48c1165df1ee3a426add5f343a09dc25bf1ce1ed70080fb5415f03a5f4ec353cccd073c454bf0b877aa79c02a4fe76f5d53511ce8d6cef596becf/document.py)
211. draft_diff.py [COMPILE ERROR] (path: /syssec-nas0/pyc-research/compiled_evaluation_targets/usenix_test_set/python-3.12/2105618ea46731051e7137a687fbe7ecc3b9864a715ab0cb0907e6ce43d8f71ddbd8f10f26a064e0b12179687451d588607d82360d2ffa5f27fe9bcbc3f4c8a0/draft_diff.py)
212. driver.py [COMPILE ERROR] (path: /syssec-nas0/pyc-research/compiled_evaluation_targets/usenix_test_set/python-3.12/64719785210dcbe5d58c69f02c38f29a43e21aee07993d23f173f5a3e3ee071881386c83ee2f2eb9f4754c3d8f64ce16f5b3520ac96fa185870849bbd04e65b4/driver.py)
213. ecdf.py [RECONSTRUCTION FAILURE] (path: /syssec-nas0/pyc-research/compiled_evaluation_targets/usenix_test_set/python-3.12/78cbb1efa93ae2d758d6e8a88fe029601ebf9305712c5f055f4a61b74e6608bd49ef49e409ea4d202b51c92272c3ec719ccafee4db32b801ee10e0e337cb8155/ecdf.py)
214. email_auth_plugin.py [COMPILE ERROR] (path: /syssec-nas0/pyc-research/compiled_evaluation_targets/usenix_test_set/python-3.12/d631d1141184e84dbbb2d277d2e25b7e3cef27c7b6518a367f12540d21c20e835bc9cdf06e3b4a383d34b21063775c3a09553194cca99f8ce44353deff0592b4/email_auth_plugin.py)
215. engine.py [COMPILE ERROR] (path: /syssec-nas0/pyc-research/compiled_evaluation_targets/usenix_test_set/python-3.12/a0c91758708c30cf81d9b28dad13b4a0aca3768c7567cf8cd44b93efa66b90975839180b6a7454db858952022341bda3be3a20e8f263c8fcbc297f11522796cc/engine.py)
216. es.py [COMPILE ERROR] (path: /syssec-nas0/pyc-research/compiled_evaluation_targets/usenix_test_set/python-3.12/3572599aea1ac3c627725f41f8061d30d133f6ddff861358a83e5ea2df1ffbd91a520831e8cf2a10752fb071256f5f1b29085a683c56db40d632a1cf01dbcb23/es.py)
217. evaluate_sbd.py [COMPILE ERROR] (path: /syssec-nas0/pyc-research/compiled_evaluation_targets/usenix_test_set/python-3.12/b225d04a0dadd1af2bdb94806bec5ee3a506b938e054665eb5f14ab69e4623d4949aaafd9edd3e6d1134850c127f22c82ecf98b2ea0244c9ab9199dba6f3c13f/evaluate_sbd.py)
218. event.py [RECONSTRUCTION FAILURE] (path: /syssec-nas0/pyc-research/compiled_evaluation_targets/usenix_test_set/python-3.12/ced1f660843e9a96e06190df855da0fc4f94a50471e6f4143d6f259e8e85feebe662aae48d09b03cc77805e70e1be7d4a8918c3813c3eed07d192cd06ae8e0e2/event.py)
219. events.py [COMPILE ERROR] (path: /syssec-nas0/pyc-research/compiled_evaluation_targets/usenix_test_set/python-3.12/32da20fafeba008e3d5b73b0608d811343b6008645ebb446515adbf8f0b4f830629dd7bc310ce32934d02f08386481ba6fcbf0ed8a3ccdd267b52c643f03f3b6/events.py)
220. exception_handlers.py [COMPILE ERROR] (path: /syssec-nas0/pyc-research/compiled_evaluation_targets/usenix_test_set/python-3.12/72f2006ff274a1ef7b95c69cdc3c73af3f2ce3dec8918222b40ee4d2a561c15db0731f9967eb6c27918ae9a99df2cb98db513fccb800e36f0b8bfa5cb600cca7/exception_handlers.py)
221. exchange.py [COMPILE ERROR] (path: /syssec-nas0/pyc-research/compiled_evaluation_targets/usenix_test_set/python-3.12/207de057ef63c391f88906a4502e83f565a21c8dafd71e538fa72f0cccbdb40362dfccca80ac74cdda18d45bd623d81fcde1c089d864645d1fd28fb41c7f58bc/exchange.py)
222. export.py [COMPILE ERROR] (path: /syssec-nas0/pyc-research/compiled_evaluation_targets/usenix_test_set/python-3.12/75955dcd80a0c4f6c77525d6046bd1737f43a7494bfad37916b0bc6c6101c21d2b84a5247d45aef1186c729f84d5faeb8885140dde72a8563e8c1db8c0111592/export.py)
223. file_io.py [COMPILE ERROR] (path: /syssec-nas0/pyc-research/compiled_evaluation_targets/usenix_test_set/python-3.12/179485b361eacac5884667d7d7374a4ac6c07249285325a5669344c9f71e3169310965ec88e0f16cd9f14f50cc08eada47d93ef7d4ec067700365c63f9fc5f29/file_io.py)
224. fixedclassifier.py [RECONSTRUCTION FAILURE] (path: /syssec-nas0/pyc-research/compiled_evaluation_targets/usenix_test_set/python-3.12/4578bce1d9260192930a329402a1950c81cfc244f5bd9b96318637f307e9686ccd0abd1f39882030b3d8671aaf362e9aaf4c82dd000e5c1ca14eb57281508fe2/fixedclassifier.py)
225. flict_config.py [COMPILE ERROR] (path: /syssec-nas0/pyc-research/compiled_evaluation_targets/usenix_test_set/python-3.12/8f94c5e465d39b12a3f9923e1ddd8777a7b4854793a38dbcd583debcde7e2562deb08bd468782265b24d012bb9f4517a0d6ae5d9a230b8ac67600f8763af3925/flict_config.py)
226. fns.py [COMPILE ERROR] (path: /syssec-nas0/pyc-research/compiled_evaluation_targets/usenix_test_set/python-3.12/13c110210b211d3c1027e9fda052628eab0d8dcdfbb1012282027347049b2057de5b09a6c07767bd1d3d4feb72fe56cbf9a778ad72b011a66c050b042ac65419/fns.py)
227. format_spec.py [RECONSTRUCTION FAILURE] (path: /syssec-nas0/pyc-research/compiled_evaluation_targets/usenix_test_set/python-3.12/39e72cb2bddc8b72f468b773d48ed8a4fa6ae85648ad33027d2454e4d6281afc22e9fa8506f4249857c35e1226879efc34fd2579bbcfccb902ff9b479b95c7e0/format_spec.py)
228. frame_base.py [COMPILE ERROR] (path: /syssec-nas0/pyc-research/compiled_evaluation_targets/usenix_test_set/python-3.12/4e4a3b2514cf681ab9c9ffa1d40eb22cc45567762037bb723003c2faf563618d29eded256460443a09039ef1280e6e1513bf4ec03767a1d9ed07d515f4017deb/frame_base.py)
229. gdm.py [COMPILE ERROR] (path: /syssec-nas0/pyc-research/compiled_evaluation_targets/usenix_test_set/python-3.12/37290885c451e7f3ec76d92320832fa291f112f11571b60aca18a26c68d50ebdb30a21accffb303ccb83e439fe3abd86970b44f009d564422e6d863eff3c61df/gdm.py)
230. gdocs.py [RECONSTRUCTION FAILURE] (path: /syssec-nas0/pyc-research/compiled_evaluation_targets/usenix_test_set/python-3.12/b0e484a7d413aae902ea956eb43a58009ccd33fed8088108bd4f96a52723014292cce4d4b532a6aeba690c5bc9eaff24560de54b4760b86faf4807c18088ec58/gdocs.py)
231. gen_data_rft_export.py [RECONSTRUCTION FAILURE] (path: /syssec-nas0/pyc-research/compiled_evaluation_targets/usenix_test_set/python-3.12/9cfe6aee9d4c591a05d9ea95504635381a703a673c49e29b590bf0fae205c5e832af155d0cc774cfa88abcc0919434a80251e2dd2e62e2dbca011b95868fc52c/gen_data_rft_export.py)
232. gen_image_ops.py [COMPILE ERROR] (path: /syssec-nas0/pyc-research/compiled_evaluation_targets/usenix_test_set/python-3.12/999bc21524713b748867b3158dea753d9aa0cc5199edd18747232d269adb6d415642dc5738e643ed071f8342a437cfce51a86bc1804796969f990ca78c1b5412/gen_image_ops.py)
233. generic.py [COMPILE ERROR] (path: /syssec-nas0/pyc-research/compiled_evaluation_targets/usenix_test_set/python-3.12/a47f68856c8ae9322ac9d570382cb5df77f7cb1b18db470277f051284973c45134fb7224f43b2eb92d6fa74f9850a4aee17ad1240387292156a0a22c45e51169/generic.py)
234. generic.py [RECONSTRUCTION FAILURE] (path: /syssec-nas0/pyc-research/compiled_evaluation_targets/usenix_test_set/python-3.12/d00b530ef7cad6c74113936940c58b5d9b135f1cca5eea2b9a4855f7df6a17e0a236bb00ab5f179d6942cd679e7ffc44e73aee2c31d55396cf77d5208bb31bf0/generic.py)
235. genetic.py [RECONSTRUCTION FAILURE] (path: /syssec-nas0/pyc-research/compiled_evaluation_targets/usenix_test_set/python-3.12/8757a16ce5e82b2e4c8caaa13929a3a4614afb4c56b5a8fb5b94b64814155448a23194316ea07ea38cb16643eae1d5742d9057bcc8dc826fb11ffa936bf61f5a/genetic.py)
236. gerrit.py [COMPILE ERROR] (path: /syssec-nas0/pyc-research/compiled_evaluation_targets/usenix_test_set/python-3.12/af337628c2908249af7d945563ae4310623f81a3e22f2da5682395e81c858bd5754e0eca8891319677b70035f7bf163333b9da2fef91f300464e6de62bbd1c6a/gerrit.py)
237. git.py [RECONSTRUCTION FAILURE] (path: /syssec-nas0/pyc-research/compiled_evaluation_targets/usenix_test_set/python-3.12/ab0a10cd82d32ea695b1f880ae9f18bf355845f8dcd177a63a0bc2041a73103a88b5bb0423356a5aed801ffd5c74eadfea662e3c8729df0ff1066f875ddbcb38/git.py)
238. github.py [RECONSTRUCTION FAILURE] (path: /syssec-nas0/pyc-research/compiled_evaluation_targets/usenix_test_set/python-3.12/7bc6eda4c96166a483cf0731dd600640553e0e58a8f5d674a7be4ad4c9c1165b383902e76f78a295cb7cb9106f627e15d81fcf5026ab74f0f8c8e9e3b7171c1f/github.py)
239. gitlab_housekeeping.py [COMPILE ERROR] (path: /syssec-nas0/pyc-research/compiled_evaluation_targets/usenix_test_set/python-3.12/149239392ac4ec9a5d49aa4a78ccfbfd0664de6f44eb855c3d452e072fc364a431a93b2e069973d226421acd9f223601df091123270a90b78ebcf215911f076d/gitlab_housekeeping.py)
240. goto.py [COMPILE ERROR] (path: /syssec-nas0/pyc-research/compiled_evaluation_targets/usenix_test_set/python-3.12/299137a11ac93e0ff73d950a6863ab7a84635014708bfb4cd09e1d51ea77af768e9c021f5526be993f6f804d29558aeaace0b3a2039f28a0b72d6028038b06ac/goto.py)
241. gradients_util.py [COMPILE ERROR] (path: /syssec-nas0/pyc-research/compiled_evaluation_targets/usenix_test_set/python-3.12/5648588e01f4c2bcc04811c614dedb27d318d1b9b2671edb26271215ea5674ef96d05ba9f5fd4117d6ccd02b17ccc5772f3d7f9c2e34291fcebf426c86a2df64/gradients_util.py)
242. grid_finder.py [COMPILE ERROR] (path: /syssec-nas0/pyc-research/compiled_evaluation_targets/usenix_test_set/python-3.12/9adb7cace7418536c7432515bcdeb74b3ce556902914e1788bdd9ed8bc0b79769ad0ed3f1534ff8cc5b3833e77494b02883fc782f9ae8f9d804fd3705156e6af/grid_finder.py)
243. hashing.py [COMPILE ERROR] (path: /syssec-nas0/pyc-research/compiled_evaluation_targets/usenix_test_set/python-3.12/dfc3be2ec5c99d4c3ed686bbaf9dfccb48cd23e5950825c01e70c6d2253bba1392c6900feef618e4e549a81f56950af98fe641bd44b3a40258be603c59f27da7/hashing.py)
244. hide_utils.py [COMPILE ERROR] (path: /syssec-nas0/pyc-research/compiled_evaluation_targets/usenix_test_set/python-3.12/3e9b640265aa654cda4581e3cf6418aaa817f1fcd6feedc06f35dec3c6dbe7d8f18d98c5ac4c49409745f7b89a0016c11ad0a5bd89133de147958fd86000dbae/hide_utils.py)
245. horde.py [COMPILE ERROR] (path: /syssec-nas0/pyc-research/compiled_evaluation_targets/usenix_test_set/python-3.12/f2c969dbb7090a6f06b07f97ecd9fa08b9bda8ad19f0298cc212d5e724ce5edf1079b47daa0bc6ed0769a526ece29a7751c15df3eb64a6daf0a7470b9239a469/horde.py)
246. hourly_market.py [RECONSTRUCTION FAILURE] (path: /syssec-nas0/pyc-research/compiled_evaluation_targets/usenix_test_set/python-3.12/930b3b7b0230241cbac45666027779601d88fcad4bd9a001487fbc951fa95860efb7efb9999a332544b02657b26f853ed37b745a28be7db7bebbeaebd41caa22/hourly_market.py)
247. html_embed.py [RECONSTRUCTION FAILURE] (path: /syssec-nas0/pyc-research/compiled_evaluation_targets/usenix_test_set/python-3.12/9a17a5d98270642bcdc7df83843bfc3c70cf64dad5bc0dcd755956873723fa289e63e3c34f677b1b2e3ce0daf53ca7c7f257954e79d05d3a53f8824dc2607310/html_embed.py)
248. http_client.py [COMPILE ERROR] (path: /syssec-nas0/pyc-research/compiled_evaluation_targets/usenix_test_set/python-3.12/75195eed5eb8f6149d580556992a29f25c2bd1e4a55864ef1e0cae34bc38172af9147507e4cf0b8d3575c01023be5eddee347114fff17c04c6215d208f81925a/http_client.py)
249. huobi.py [RECONSTRUCTION FAILURE] (path: /syssec-nas0/pyc-research/compiled_evaluation_targets/usenix_test_set/python-3.12/0ca8bdab8e703cade31c64c89582b74a7de7bf864064d917172058fd290934900f22cd8577549d8b7302a8607abf224211686eaab8c47f69f64b8ff86bfd1fc1/huobi.py)
250. iam.py [RECONSTRUCTION FAILURE] (path: /syssec-nas0/pyc-research/compiled_evaluation_targets/usenix_test_set/python-3.12/5c18998e99a71f26959cac3f1bda5d4480752707c3fd70f13cc1ae21c71f49a8e5557ea1786822f592947575b58aa5da131fda478d22cd25a22aedd1585958e8/iam.py)
251. identity.py [COMPILE ERROR] (path: /syssec-nas0/pyc-research/compiled_evaluation_targets/usenix_test_set/python-3.12/2f351d3f845f920ecba68a6c3e9347b964967c60aa38157cea3b08d758a5dd05cbc194715e88cb592cb2e93427ecebd318479eb3a908e5f1b414c167ee8ec9c0/identity.py)
252. info.py [RECONSTRUCTION FAILURE] (path: /syssec-nas0/pyc-research/compiled_evaluation_targets/usenix_test_set/python-3.12/5b408dd2684bc57b5412313fe43f4a77d3be22d1b961facbeec3287ced3113ab991389224bb4408b00e87bf94dac6ee66fee3c32344d1ed9ad382747e5272e07/info.py)
253. information.py [COMPILE ERROR] (path: /syssec-nas0/pyc-research/compiled_evaluation_targets/usenix_test_set/python-3.12/ec93898595f29ddfed0893ed9ffbccd07f005eb5e329997293abbde90c03b1ae1e2b33489d6d267f81a1f6f94a9e63c404a8b4fc057732651f9f56d956b3cc70/information.py)
254. init_route.py [COMPILE ERROR] (path: /syssec-nas0/pyc-research/compiled_evaluation_targets/usenix_test_set/python-3.12/4891fb5f3d65ca5059ce9c9676b63115e3764e63a95339ea1698bec1e6551e677168aeb8769277358b64f62fb49307972b8efb2e23f30dbe41e94c752f2ea4fa/init_route.py)
255. input.py [RECONSTRUCTION FAILURE] (path: /syssec-nas0/pyc-research/compiled_evaluation_targets/usenix_test_set/python-3.12/4f48007ebf96ca10c41a087e282a16fcabd4e668a1d85dd47fa5d4979b463788f22eabf524017ad5ef3167c52856dcf02a52d95cdbf76aac8c440b1176902749/input.py)
256. input_spec.py [COMPILE ERROR] (path: /syssec-nas0/pyc-research/compiled_evaluation_targets/usenix_test_set/python-3.12/e93c355e44b261b2059f878d60baf482836beb2057030b8fd0406b043e32a5e1de32dc747d2afe6bd90d2c33ddfa3c3d0eeca8558bfca81b8eb4d11a806f1c89/input_spec.py)
257. install.py [COMPILE ERROR] (path: /syssec-nas0/pyc-research/compiled_evaluation_targets/usenix_test_set/python-3.12/ffbbd47346632ced7c335e3fd9f108521233b44c9ac16433e36df9ddedf6fdf018323b82f8341443d4b86b6dd75cc4eef473b09400abe31ee4592a9c9ebbc2db/install.py)
258. intent.py [COMPILE ERROR] (path: /syssec-nas0/pyc-research/compiled_evaluation_targets/usenix_test_set/python-3.12/ce2c0094f9d77c1d04e616e22dfbdfb78efad93ccd93f6b317815bc57046a8b7bad982ab5b74ea67a0cb06657d4ac76cf8d6f0d15ec69f77287ef5187b2e25de/intent.py)
259. interval.py [RECONSTRUCTION FAILURE] (path: /syssec-nas0/pyc-research/compiled_evaluation_targets/usenix_test_set/python-3.12/4e167e445620006fc577a863d4fb3637a862184baa280817cf606245d22ca62594ee61146695fbf1c9e769e6e50a1cac3b15998a823f4eba26b4f472a256072e/interval.py)
260. interval_lifecycle.py [COMPILE ERROR] (path: /syssec-nas0/pyc-research/compiled_evaluation_targets/usenix_test_set/python-3.12/39dd3de8a559eb00074c5244936139667e258d4aef62d1750bcedff287311bdfbf63adc3ecfe8c07c1ca525a6c6e978b167e9c2f457b7eb9b0dbc886f393e276/interval_lifecycle.py)
261. iterator.py [COMPILE ERROR] (path: /syssec-nas0/pyc-research/compiled_evaluation_targets/usenix_test_set/python-3.12/6b292028392c316b624bea1345952b3aaf3d04b7398d39c64e80e7caa8b113d8b6ab540cdf956e02b78dec1b3187817ce41f61d0c0b64d7d756c35b9cf2e1c98/iterator.py)
262. jinja2_debug.py [COMPILE ERROR] (path: /syssec-nas0/pyc-research/compiled_evaluation_targets/usenix_test_set/python-3.12/d7066f719f9e8e30e2a90c0e1c0f59cf4951c0226e477a3961949274899396491ba9f8d27ed4adbd19a609a0ce4bbe9bb437eed3be00f576cdf20ac7401fecfb/jinja2_debug.py)
263. job.py [COMPILE ERROR] (path: /syssec-nas0/pyc-research/compiled_evaluation_targets/usenix_test_set/python-3.12/725e2f198c267e8eed07dee213c2fa0c5ac6d0cfe2749a2d68ab19990cb2dabf02cbf0579e55d0952205354f66f8aaa5bd4e9682d0d168ab455fbc2947040cca/job.py)
264. job.py [COMPILE ERROR] (path: /syssec-nas0/pyc-research/compiled_evaluation_targets/usenix_test_set/python-3.12/82eec94ca7098abfb0066b6bd225c11bb4eecd18c9f4cffd42b6f1ccafaf452005d2e1b8a85faef6d2d1c27bff26798fdca9a09b0792f3fe38c40c5fb2ef86ff/job.py)
265. json_format.py [COMPILE ERROR] (path: /syssec-nas0/pyc-research/compiled_evaluation_targets/usenix_test_set/python-3.12/811d12c92e619883d55077105a66ffc49f9a135e6ab4eabb4abbe6ab3faa92ed27b295d5f78a9d2a68951e7d6210e9cedd17047c4cc41a59a0ec42bc6b009ad0/json_format.py)
266. keras.py [RECONSTRUCTION FAILURE] (path: /syssec-nas0/pyc-research/compiled_evaluation_targets/usenix_test_set/python-3.12/7c8c1e60f94e9fceebb95b119b33914485a7c0cdb829881cfaaff7d7faaeef9b0af8a986d9afcff85be4c4009d3bf5e655a9761102f467449205aab947b1affe/keras.py)
267. keyvalues.py [RECONSTRUCTION FAILURE] (path: /syssec-nas0/pyc-research/compiled_evaluation_targets/usenix_test_set/python-3.12/3e2f6916afc2d8c43cb25a6db0418a3aedb662e3566aa6f085912e3460565ee21c92a430d4f67599a4a1e2c7e4d452180eca112113ebe7048c9e642baccdbe77/keyvalues.py)
268. kvr_dskdm1230.py [COMPILE ERROR] (path: /syssec-nas0/pyc-research/compiled_evaluation_targets/usenix_test_set/python-3.12/ddd53c62c0c4efbe20932fc0bd44f57d745efb5917e088c668c754ecdaca8c776dc6674350bc0837c5204f0aab4addf0aacce67eedf7f77741e1c2a9b9f7c9cb/kvr_dskdm1230.py)
269. layer_norm.py [RECONSTRUCTION FAILURE] (path: /syssec-nas0/pyc-research/compiled_evaluation_targets/usenix_test_set/python-3.12/030b332c8762fd486faf80ea78b5a587f0a01c9157b38524007063a3f864b4a1265d9c2e5e8b1e8a6101417e89acf9f0a38d8a2a1a609844e7741cc11e805208/layer_norm.py)
270. ldap.py [COMPILE ERROR] (path: /syssec-nas0/pyc-research/compiled_evaluation_targets/usenix_test_set/python-3.12/9ac5b88a7da5ebd28c050dc78b82f0281d29f6b168103f23cd780afcd53d9fbb5a8d9293e843b3b2b2b0e5c9df5ad35de1c6e098c10923d2dbadd5748bdfd3de/ldap.py)
271. legacy_cell_wrappers.py [RECONSTRUCTION FAILURE] (path: /syssec-nas0/pyc-research/compiled_evaluation_targets/usenix_test_set/python-3.12/6cbfb40913d204fb61d4cf9ee542c1572148e4de65785f95b4c2a89df6ecc823508bfc14b0ae2d8dea98135732d9442f551e4bd3e0c4ad6c466bf2d497e1d374/legacy_cell_wrappers.py)
272. lex_attrs.py [RECONSTRUCTION FAILURE] (path: /syssec-nas0/pyc-research/compiled_evaluation_targets/usenix_test_set/python-3.12/459ec14e28556c899ee002ca5285bb361771e43295f962834ee033d6ff6e233a5d8022448be859cea9c7d033b30ac1967f95f46f33290d926e39139d6411549b/lex_attrs.py)
273. lib.py [RECONSTRUCTION FAILURE] (path: /syssec-nas0/pyc-research/compiled_evaluation_targets/usenix_test_set/python-3.12/fd5686194ffcff6fc29a1d74be29e6cf119d3594bf5befd8c60fb20fd5f566dae253d57a353e45755e55cd22fa0abd29392c03764a759b587b484dded3bbabcd/lib.py)
274. lib_backup.py [COMPILE ERROR] (path: /syssec-nas0/pyc-research/compiled_evaluation_targets/usenix_test_set/python-3.12/bf62423ec4b76f5e73585215a512942a1ea250f4e9b11d3bafe922689aeda1fd9a5f561332d8e95e176f1dea55a82104ec2f41af63680ce68436b66c51cb0067/lib_backup.py)
275. linenotify.py [COMPILE ERROR] (path: /syssec-nas0/pyc-research/compiled_evaluation_targets/usenix_test_set/python-3.12/722ca3e81041928fcf9f9995790128538e01184e8f7ff90a0ed80563ea2b915f774afbfabf97ff296ebb826e74545af089c3828a4e2d45145d85317bd8bfbec4/linenotify.py)
276. loader.py [COMPILE ERROR] (path: /syssec-nas0/pyc-research/compiled_evaluation_targets/usenix_test_set/python-3.12/06bd23c76f46501eef32a0d2c4c7889e2385f4657c50c548d7f643551e1692868a2a8a60d2e2b00fa79f661b608714bdb867ae5230bccc53eca0f0e623ec338c/loader.py)
277. loader.py [COMPILE ERROR] (path: /syssec-nas0/pyc-research/compiled_evaluation_targets/usenix_test_set/python-3.12/165996b4d7e08724204ddcb904ab832bc1eccadd66fdd294457ea9fd8d98b98cb19da77ded96548a4a46c089967413123231d356f9fad2f61cf572afa9c402ae/loader.py)
278. loading_prompt_interceptor.py [COMPILE ERROR] (path: /syssec-nas0/pyc-research/compiled_evaluation_targets/usenix_test_set/python-3.12/53f17fd3c2fada8d9a784059d7ce9ca4fd27ca86527bcbd169f269b75773e4a46c1898d7901c27581dc38666f09862519e3756327946f1ca784cfd755625cd5c/loading_prompt_interceptor.py)
279. local.py [RECONSTRUCTION FAILURE] (path: /syssec-nas0/pyc-research/compiled_evaluation_targets/usenix_test_set/python-3.12/16baf36c42b094aeb40740736d1017a73775fdb7c2d857bc09fad246fd8adcabf85df2780c42d08789fc40a34b3ce2f1c0ec32bcdc2e9340a25aad3fdb546623/local.py)
280. local_project_config.py [COMPILE ERROR] (path: /syssec-nas0/pyc-research/compiled_evaluation_targets/usenix_test_set/python-3.12/71d0e41dddd1d3a4ad9bd314e80b944cb148b234a853acaaa7bf6405ca9c8c932957dca01de5617df71c70f51277327a5b70476e634052ebfb2cfcbf1a866a7a/local_project_config.py)
281. log_view.py [COMPILE ERROR] (path: /syssec-nas0/pyc-research/compiled_evaluation_targets/usenix_test_set/python-3.12/178b56efffd3bf832efb44ba7322816793c16a4d8b32d4fb5f33b48512e0c4def66df5cebfbc5e5b33c685c89d9f67bd41ab6f51b0eeb3d208c7502a6c4933a2/log_view.py)
282. logger.py [COMPILE ERROR] (path: /syssec-nas0/pyc-research/compiled_evaluation_targets/usenix_test_set/python-3.12/1e8aa996533bd98bb5bc48e6a539f85c9e7ec952a65879d9638c61aa303add64c2f7da404a26a1666c1a4e089750406fe5f862dc8346a3861254c4393ac7a12e/logger.py)
283. logger.py [RECONSTRUCTION FAILURE] (path: /syssec-nas0/pyc-research/compiled_evaluation_targets/usenix_test_set/python-3.12/9d702b853334aec7447382d42a3597b757694d047e9943dfc9584de0f4cecbd70e0441016435605e645d69001de850fe8793a88d82089665eed18e304c69fb10/logger.py)
284. ls.py [RECONSTRUCTION FAILURE] (path: /syssec-nas0/pyc-research/compiled_evaluation_targets/usenix_test_set/python-3.12/0e105bf3fac776a22e7d274e91267859a138111dbf82d1646953b3e3386f8fa55e0d1ae48c6a97e802e38572b45d13493ec4e1376274aecce14fd2c2374a7dff/ls.py)
285. macroserver.py [COMPILE ERROR] (path: /syssec-nas0/pyc-research/compiled_evaluation_targets/usenix_test_set/python-3.12/ae369c846522915ad9e08c63dc190ac116e9fc44e855c8576f215f8662657764a872b1ad14d15f9e72bf559c6563cf5cd8c0ad07c29864727b1a6cabc45a047a/macroserver.py)
286. magnet.py [COMPILE ERROR] (path: /syssec-nas0/pyc-research/compiled_evaluation_targets/usenix_test_set/python-3.12/e8a7a2e0eb04a45d427bdb2c512b059109420d229f9be5dc6cd51cee2fefee9ea614264d5fc7dd2bec33cfae27f7c61da915f6354bbdd1b9102311ce5f00eb33/magnet.py)
287. math_grad.py [COMPILE ERROR] (path: /syssec-nas0/pyc-research/compiled_evaluation_targets/usenix_test_set/python-3.12/dec7ab7f96054af2d9dff76b1a6983e065fb672aa3e916080c1231aa5b5e1d8188caf0b12ef0153d8ec8d6d358b6d89acaccaa7bfef25bee7f66b74ebf9829d9/math_grad.py)
288. matrices.py [COMPILE ERROR] (path: /syssec-nas0/pyc-research/compiled_evaluation_targets/usenix_test_set/python-3.12/fe1166c5c420fdf2df2851aa1f484eea48ebb73f1d31e06242432996a0d5cb3a69a7a68aa150c55c84776b4d0a1d08e7a292cc4bd3910349b6ef8c6011dea41f/matrices.py)
289. metaclass.py [COMPILE ERROR] (path: /syssec-nas0/pyc-research/compiled_evaluation_targets/usenix_test_set/python-3.12/e314f5f755c2940c1e033c5c0bfcfb6412090099b0e794b42f88ca1e280ca1566fa001f26905e709c3b57439d6905cf43a9061f791fb52f52c29e7e9ed865544/metaclass.py)
290. mo_archive_pruner.py [RECONSTRUCTION FAILURE] (path: /syssec-nas0/pyc-research/compiled_evaluation_targets/usenix_test_set/python-3.12/f590bb25c0d4b4146045a632d9f5cba08a8c271e77dd8129088ad70d8ff15a8f17272249642232ac199677e6db080749af2a12d7202fc60c50aba698c1bc8cf5/mo_archive_pruner.py)
291. mobi_index.py [RECONSTRUCTION FAILURE] (path: /syssec-nas0/pyc-research/compiled_evaluation_targets/usenix_test_set/python-3.12/07d3fd18079d225d57f7f864b6382cc4d34b99d25d73da78f55ee5397d8c59013f4592a53783c6a719d7cf885ac001681ee74df0dfb8749ba70a365977dbd67c/mobi_index.py)
292. modules.py [RECONSTRUCTION FAILURE] (path: /syssec-nas0/pyc-research/compiled_evaluation_targets/usenix_test_set/python-3.12/87b4ce37abb18749fb4635c80ead9de60098a047b9689f9e192fdc88582342bc221edc4504ba645d322686a2cf048f5f2141d2c3d5b109463c8d7a2efc222bb0/modules.py)
293. moving_averages.py [RECONSTRUCTION FAILURE] (path: /syssec-nas0/pyc-research/compiled_evaluation_targets/usenix_test_set/python-3.12/5e987afb11bd4ae69a5dd7f45890fb820465d5587adf04738020ab01294e8ad6102cdf281a2f7d4c61f3893341c3adfbf7c95233d522cb35b5266baee1dbf45a/moving_averages.py)
294. mtv.py [COMPILE ERROR] (path: /syssec-nas0/pyc-research/compiled_evaluation_targets/usenix_test_set/python-3.12/2cffa091502bcd49fe1d4cef4a94a0acbc22c365c54213895216e38eac35d6bcf48687b2bb056f43264a81170c12ba5d8f5035a06522bac93e3c16bd955c8173/mtv.py)
295. mvr.py [RECONSTRUCTION FAILURE] (path: /syssec-nas0/pyc-research/compiled_evaluation_targets/usenix_test_set/python-3.12/338c185438eca62b9d5f0028ff363d09ef6ea45b1e0688dbe8de35704c05252584076f35e2870afbc6afb903e6239a44f2f7b1863111851cec4e9348735a9879/mvr.py)
296. neighbors.py [RECONSTRUCTION FAILURE] (path: /syssec-nas0/pyc-research/compiled_evaluation_targets/usenix_test_set/python-3.12/a7617adb0c35daee0e21d526a5a88eefaae98270d8f3c215152ad2401f05612f8dfeecbe1ac842062dfc6e7402b4615104d1f1bff5d10220d380e196e6490e5c/neighbors.py)
297. nlp2cron.py [COMPILE ERROR] (path: /syssec-nas0/pyc-research/compiled_evaluation_targets/usenix_test_set/python-3.12/1a2a0f472e9fb44cc5bb51b8f9087ac3a7cf5f937f79dac813197a6b578a57ecbbb1aac0b6585705320e7918bd73840d8eff7d423ca0b1fae3f6eb74aa26f5e9/nlp2cron.py)
298. no_set_for_loop.py [COMPILE ERROR] (path: /syssec-nas0/pyc-research/compiled_evaluation_targets/usenix_test_set/python-3.12/045b56c1ea3c463c77a228094cd80a89a8ba0abb1c06aa9d8fced25db26572d7967c24617f9a586320bee9dc11210073d6f1978494d3945610ce4058692a9db3/no_set_for_loop.py)
299. node.py [RECONSTRUCTION FAILURE] (path: /syssec-nas0/pyc-research/compiled_evaluation_targets/usenix_test_set/python-3.12/11c569da5982ec918257febdc6ee16e7df05dcdeb25405b450c43e3b5e17fd44979b82276347d0b68f0831d75417fa653c06df0ec46ef371bd8ea48536f69377/node.py)
300. note.py [RECONSTRUCTION FAILURE] (path: /syssec-nas0/pyc-research/compiled_evaluation_targets/usenix_test_set/python-3.12/a1652820b22683af8caf56be1c218a81fb1ac541dbe6aba2406b2b68934c413e7944580e43cb2a39cc212bf6037e6d259320236590f4cf46d573ba9c15a3d597/note.py)
301. nsq_route.py [RECONSTRUCTION FAILURE] (path: /syssec-nas0/pyc-research/compiled_evaluation_targets/usenix_test_set/python-3.12/362850697094a7a1c561244e8ec5d455bb085ed58c39734bc7b513a090225c70665964d1157e2a8a952c3233e958f104d85614617542467f3817243da2254e8a/nsq_route.py)
302. ocr.py [RECONSTRUCTION FAILURE] (path: /syssec-nas0/pyc-research/compiled_evaluation_targets/usenix_test_set/python-3.12/f304e8c9963de2601e7a283b78bc4e43c4c70ab961a743dfd02323453e0894c1a019114174972eae9d6cbd839566644b3bd9e1d0a2c2822f7782156423cbdd9c/ocr.py)
303. old.py [COMPILE ERROR] (path: /syssec-nas0/pyc-research/compiled_evaluation_targets/usenix_test_set/python-3.12/f9d7e6438f4ac9ad73a7e47522c0bfa57c3f21651f526a2121787820b4ffdc0426bc1209862be1ef169719521404cb4b48fccf1185007e5f06d05b3aa1557107/old.py)
304. ome_tiff.py [COMPILE ERROR] (path: /syssec-nas0/pyc-research/compiled_evaluation_targets/usenix_test_set/python-3.12/6710749f23afa2e5f61f5ae1f0269b78aa78f14d6444823652b877cccef54254b460e9164289ad7e7d51a44047df851ceb245176af7be97d376a8d00fb3db1b8/ome_tiff.py)
305. ops_debug.py [RECONSTRUCTION FAILURE] (path: /syssec-nas0/pyc-research/compiled_evaluation_targets/usenix_test_set/python-3.12/77d61ae9b8bd3e52ef96fa95006d1dbeadf0146e0d32d4767855bafe9678b52b3852121dc659fb6887198a54fb9528e1d8e3325ad52800b147e4640dfe3eccce/ops_debug.py)
306. party.py [COMPILE ERROR] (path: /syssec-nas0/pyc-research/compiled_evaluation_targets/usenix_test_set/python-3.12/377a8a7908bda0850aee334e8ce1c025a51229f38ee97ad8bc4e7c73bb8e1ec264b08e3895bcd3312a3d93168851bbd43a662765dfb4e3aa07c510fafc59413b/party.py)
307. pg_pi_measure.py [COMPILE ERROR] (path: /syssec-nas0/pyc-research/compiled_evaluation_targets/usenix_test_set/python-3.12/66e63209911280e12844b09149232e8aecc04c9576303489038d4b6e5e06e03d5ba36ee69c292430d77ff941ccffde151ce6a42b1c176c3a4bf49efd669415e9/pg_pi_measure.py)
308. phc.py [RUNTIME ERROR] (path: /syssec-nas0/pyc-research/compiled_evaluation_targets/usenix_test_set/python-3.12/b025c59e8c656aa2528af998fb330c650edf561ab41b29587c2bc0bd2ece8cf9407fc9e4f208c52ecd8d4df765f43d3060b4d22e2594241dad87bbce638b89a7/phc.py)
309. pipeline.py [COMPILE ERROR] (path: /syssec-nas0/pyc-research/compiled_evaluation_targets/usenix_test_set/python-3.12/4ba20f5a25174f2f3e06a6ed825b9721b9ecb2404024c91059be083041c0ad65ff38a83652ccc7e8e2a0dc15a563752153e09dbce7567484571da90c4e545a12/pipeline.py)
310. pkfont.py [RECONSTRUCTION FAILURE] (path: /syssec-nas0/pyc-research/compiled_evaluation_targets/usenix_test_set/python-3.12/3bcbd7e8376302af4aa0a0d664b6938a04821283b48aae124137ead2efa508ed6da8b5b8675977696a51701220532aed5872e5ce708df2f6932bc188dba8c8c8/pkfont.py)
311. platform.py [RECONSTRUCTION FAILURE] (path: /syssec-nas0/pyc-research/compiled_evaluation_targets/usenix_test_set/python-3.12/b9abbf8bfb32a6e79a5d2214682818f8615bb9efd4ab25bb42aa1e5721bb592f232e494b3914c0a4ab94f6e94a6a764312c398ed7bfe650afd127630abd6e635/platform.py)
312. plots.py [COMPILE ERROR] (path: /syssec-nas0/pyc-research/compiled_evaluation_targets/usenix_test_set/python-3.12/98ec30943dab93397c1927d854d28e7c4f84a008a2fbe33451ea3a1454f96740338a2b969db90740d0367fe3acc5da5e111d11fe2b3be5efb84144ca6d7d1bce/plots.py)
313. plugins.py [COMPILE ERROR] (path: /syssec-nas0/pyc-research/compiled_evaluation_targets/usenix_test_set/python-3.12/f00bde1a7bdb97d892bc24d356463bca33989d6d2e05d5d2a1092618de0956ff322de7238204f2d3594b66678a88e7f94d80001c8c1596152a24a011f0678be6/plugins.py)
314. post.py [RECONSTRUCTION FAILURE] (path: /syssec-nas0/pyc-research/compiled_evaluation_targets/usenix_test_set/python-3.12/74c742354d7ea5760e0fbd980816c54c436e3569bd60ddad33017e854f6810603d832ff83c8da1dd6838b6875515d4d0314db67a1f70129c5663aeb7d666b71f/post.py)
315. post.py [RECONSTRUCTION FAILURE] (path: /syssec-nas0/pyc-research/compiled_evaluation_targets/usenix_test_set/python-3.12/c94ca0b9a995fd1f6a5eb435be4821f28d70082640fcc7169cb0697b26f2064ea15dfb1d978cf55d2ea1a0a1a2d2ea30e43d468cc19904610f8d878a0156435e/post.py)
316. powervr.py [COMPILE ERROR] (path: /syssec-nas0/pyc-research/compiled_evaluation_targets/usenix_test_set/python-3.12/b5089ffac8647197143b66dfdff4b4cc62ddc61b489e2bda9e3cf988c29b91c033b48b8dccd543210c088d4d15489c52567c9b99cef391a9ccf4cc67cf723c66/powervr.py)
317. problem_specification.py [COMPILE ERROR] (path: /syssec-nas0/pyc-research/compiled_evaluation_targets/usenix_test_set/python-3.12/cbed7605b8f71582bd7b77dbb2a84c07be7253d9cc52240ad342aea291a631183d67a71796d3be9a7b1882f4b0e009c7a611d70b974183656921b269010ffbf7/problem_specification.py)
318. processors.py [RECONSTRUCTION FAILURE] (path: /syssec-nas0/pyc-research/compiled_evaluation_targets/usenix_test_set/python-3.12/887e1e40d9eec30b7a390ba280e1d05d2fe026c02ebc4bf76a151487292c6b4bfdacf49762b8a4aaf4641c416e39598bf3cd38bfbe02fa447b6d40a253a2922f/processors.py)
319. projection.py [RECONSTRUCTION FAILURE] (path: /syssec-nas0/pyc-research/compiled_evaluation_targets/usenix_test_set/python-3.12/5a2b5963f5fd20d02274dad979a35a32b0c1c2c062291e875cd540e712533043f3eed0a5d390a89f22360ca8e6372c3c29595cde6d0caa53d63bc189e61db34b/projection.py)
320. proxmox.py [COMPILE ERROR] (path: /syssec-nas0/pyc-research/compiled_evaluation_targets/usenix_test_set/python-3.12/fbd60ddfcea2e16fa7e65bdaa94a05578d92ed4bd8e238ae9d40b2517f1f503a02af8b145c8e89eefe55759a65c3ba055964aeb2e27c2dd34d55efe32fa2e93a/proxmox.py)
321. psuset.py [RECONSTRUCTION FAILURE] (path: /syssec-nas0/pyc-research/compiled_evaluation_targets/usenix_test_set/python-3.12/bd4d2c830c13c1cbcf5694651b0c39b64000520dea33bc7ba5958b3f5f3031f90525b0304e114fc32699626451895e93e398239ba1aa745aabc0b1c27ab6c1cc/psuset.py)
322. pyproject_toml.py [RECONSTRUCTION FAILURE] (path: /syssec-nas0/pyc-research/compiled_evaluation_targets/usenix_test_set/python-3.12/b25857ca52823a4b1650f103b216ab3bedc4dcd0cc772dc2e52f57df63a0d3075755aaaa361b387a3ab0f842d01099f883df3c7c6cc5a33606d3e5e71ec9a356/pyproject_toml.py)
323. pytest_check_libs.py [RECONSTRUCTION FAILURE] (path: /syssec-nas0/pyc-research/compiled_evaluation_targets/usenix_test_set/python-3.12/70f1f1cada66df9074888b4c8ea3d0cc38b3be946089ac4f32b14c26b093a0fcfc9fc7500dace6365de7c1d50308cfcad0d0cf59e7760acf1730d834ad95f15f/pytest_check_libs.py)
324. python.py [COMPILE ERROR] (path: /syssec-nas0/pyc-research/compiled_evaluation_targets/usenix_test_set/python-3.12/f06110e27806ca908dbb6f641834a8495cf4fdb3a7afc1f9cb2cb4882173d7009f3debf3a69d13f6d32176baf61ea22b612c200bbdf3493c1b9b62f5fda86d01/python.py)
325. query_result.py [COMPILE ERROR] (path: /syssec-nas0/pyc-research/compiled_evaluation_targets/usenix_test_set/python-3.12/b44e6e553cd8ceefcdcc90db922c0dffe04e2016984aaa8745f532574e13bb425fef07e008026641b96d68ab5725372ecbbbfc52be243bbbfdd4f3573f5a29ba/query_result.py)
326. readers.py [COMPILE ERROR] (path: /syssec-nas0/pyc-research/compiled_evaluation_targets/usenix_test_set/python-3.12/981c02accb75a98866e29d82dda320992e65df639e5358368008e177efff789dc03aadb877ba39ff270b13e5d78fcf121c41cc2924aa9489164204670ac55912/readers.py)
327. readers.py [RECONSTRUCTION FAILURE] (path: /syssec-nas0/pyc-research/compiled_evaluation_targets/usenix_test_set/python-3.12/292458ebbf2798030d10328b0e2c372d0ad4b811da1321050465df27c87d2b45b2cdf07f3d51ffa5a15665f8752742d45759e13d8ee5502a5d1ad92767b1e8ce/readers.py)
328. readers.py [RECONSTRUCTION FAILURE] (path: /syssec-nas0/pyc-research/compiled_evaluation_targets/usenix_test_set/python-3.12/49aeb0fd86a64fdc66ab1b78333e9e9dc3d3213c739146cea2ce88d596bc77b20498088fa63938e88b30180dc7603980d5af895c8a53616646c3372e016f9d40/readers.py)
329. referring_video_object_segmentation_pipeline.py [COMPILE ERROR] (path: /syssec-nas0/pyc-research/compiled_evaluation_targets/usenix_test_set/python-3.12/d9ab91f72e2e6c5fdad4bf1351d0585d333c6a52799350dba5ae80289973e4dc0ccecbedea5f1c5b66d76ef2266855142c015069fb7e78136768e783621ccbef/referring_video_object_segmentation_pipeline.py)
330. renderer.py [RECONSTRUCTION FAILURE] (path: /syssec-nas0/pyc-research/compiled_evaluation_targets/usenix_test_set/python-3.12/acc2056c36386bc377bbe529fe7d7f1b671072e769c71a5568483a23f5c3c4a1c3fda87ad3401b8d583ffc911c293bb8ac1a4168576f9aabcb16fc679e88d131/renderer.py)
331. req_install.py [RECONSTRUCTION FAILURE] (path: /syssec-nas0/pyc-research/compiled_evaluation_targets/usenix_test_set/python-3.12/3fb071e493a542ec15e107737d4f92e32cda9ee46ee5ac838eabd2c028a31bfed8b72197ed33f8cc8ea7fa2a0b262b38d86da5e4634a55168a51a44409f76bc7/req_install.py)
332. resolver.py [COMPILE ERROR] (path: /syssec-nas0/pyc-research/compiled_evaluation_targets/usenix_test_set/python-3.12/903b60923df37a1c9ae4cd8f18df9e8aaaf1937493cd9b52272fc5a28df2c8ebdb4cc23338fe984037cc0bfa6bbe466aaeaafde59746c108c0afccb6e46d9264/resolver.py)
333. response.py [COMPILE ERROR] (path: /syssec-nas0/pyc-research/compiled_evaluation_targets/usenix_test_set/python-3.12/715f92026406370dfe7054392b0f3a7e1722ea58eec8aa29b19b58329bb265ad59dfb6647348efa238935d47bd3b79bcd39e0968e32725874834528c10390630/response.py)
334. revChatGPT.py [COMPILE ERROR] (path: /syssec-nas0/pyc-research/compiled_evaluation_targets/usenix_test_set/python-3.12/9d3258a76bf781ef26b07ddd418c8bb3e0760385d7ee3011538e2e0629eb7addeb9face0aa5ca1836ad95136633fe2a4e75b2ef38aa169c81d343235eb9e2406/revChatGPT.py)
335. roi_align_python.py [RECONSTRUCTION FAILURE] (path: /syssec-nas0/pyc-research/compiled_evaluation_targets/usenix_test_set/python-3.12/ba335f7f6571c7b40d59916d66b8f4a3a77b25cdc5a9f81206968aec28241f15cc1afffd923dfd59eb626a839c432b68882d97af13bc750a5d0b1c2693f23303/roi_align_python.py)
336. rpc.py [RECONSTRUCTION FAILURE] (path: /syssec-nas0/pyc-research/compiled_evaluation_targets/usenix_test_set/python-3.12/a56160182ac993e2465218e3278e46889a1d1c031e6a04360d30bf4e0c20f2160089f99ae1f9f688021082fe513813117cb31fc56f3dffed2cc2f82e59f4dbbd/rpc.py)
337. rtcrtpsender.py [COMPILE ERROR] (path: /syssec-nas0/pyc-research/compiled_evaluation_targets/usenix_test_set/python-3.12/2eb1b54d5e42d7d9eac34490c83da8586955b614b97c6aef2b2b63f86463cea2200d873c34c732b3cc536ee2d2a41a005cefb80781e34679fa263a1eb68f3a08/rtcrtpsender.py)
338. run_all.py [COMPILE ERROR] (path: /syssec-nas0/pyc-research/compiled_evaluation_targets/usenix_test_set/python-3.12/fe50871af19d072b8b60a0a39e59f48ebeb2856f5304814f7a00a510984985978f05746f1b71a5a9d6115ba91146ccf297fd2e849775cf74b188d9010d505237/run_all.py)
339. saas_connector.py [COMPILE ERROR] (path: /syssec-nas0/pyc-research/compiled_evaluation_targets/usenix_test_set/python-3.12/30e9c160f4ff6be06fe15032e174f5cb8311bf353e066a12c5f48da6af5448c3dad6dfd78034034c03c17cf49134c4bc3099fb4fce796e73b5a8da91e8b23671/saas_connector.py)
340. sample.py [COMPILE ERROR] (path: /syssec-nas0/pyc-research/compiled_evaluation_targets/usenix_test_set/python-3.12/ed98ef14f342b0b2c67d232080e30ae4e5039ff7f4c1354c487d8748200733b1ca9c8cdeb0f9c7af4fdaf29abb703512a4497353868b9570fc6cbd4e84010f03/sample.py)
341. scaleio.py [RECONSTRUCTION FAILURE] (path: /syssec-nas0/pyc-research/compiled_evaluation_targets/usenix_test_set/python-3.12/4d07fe7c2788787c191dc6c0f3b10427dc0b48873ac5a191ce59d5fbcf908cd58faf388eef473e8aa926c36ab40b99a28c035c8ef362682eb1456369678a23e7/scaleio.py)
342. schemas.py [COMPILE ERROR] (path: /syssec-nas0/pyc-research/compiled_evaluation_targets/usenix_test_set/python-3.12/045cf9f46846d988ada51284223e1d0d233ad2ac09fc1d0cf392d1dbc2e30d159a06b89b73f43150a5da1807588891e22fd3947981147e946a0e862617e06fea/schemas.py)
343. scmclient.py [RECONSTRUCTION FAILURE] (path: /syssec-nas0/pyc-research/compiled_evaluation_targets/usenix_test_set/python-3.12/118b2a1f7f9cbf2afe4b71c077de5cc28160e8aef73b7e367e3fc432b419ec3feccb462c896a91cf779ee4a4a4980c7302fa04144e69672fba9974cdfe33f096/scmclient.py)
344. scraper.py [RECONSTRUCTION FAILURE] (path: /syssec-nas0/pyc-research/compiled_evaluation_targets/usenix_test_set/python-3.12/0e2dcf37b136fdd356252318ab1801544f5681038dfe56408f910646f38425a6dfdfa6dfe65d396918c9075fde11e35de965a33e567366555ee34276f1c4396f/scraper.py)
345. screenshots.py [COMPILE ERROR] (path: /syssec-nas0/pyc-research/compiled_evaluation_targets/usenix_test_set/python-3.12/984f2a8f89ba47db288555e4862eb163784aac9a5ab6fd3f067ff3d642a1cf87753b4f9bee66b435199cfa1195331311b842732771fc3ed3744b4c21166d79ed/screenshots.py)
346. search.py [COMPILE ERROR] (path: /syssec-nas0/pyc-research/compiled_evaluation_targets/usenix_test_set/python-3.12/b80be56c6bd751dec60ae8ffdd3f72f34edc2727dc43388824aa47ccee3ca25ea2d8af028cf2fe719529bf128e1766f3f9d8fd10ea445f68242ad24145cf6387/search.py)
347. secured_cookie_value.py [RECONSTRUCTION FAILURE] (path: /syssec-nas0/pyc-research/compiled_evaluation_targets/usenix_test_set/python-3.12/ee2b7bea7a4d158c02fcc05b3f6e1c613227bec0491999f6fa92f32de8538880995f2378ed8d3813805040e1fe5c78260929829467cadac45174375304b751eb/secured_cookie_value.py)
348. segmentation_losses.py [RECONSTRUCTION FAILURE] (path: /syssec-nas0/pyc-research/compiled_evaluation_targets/usenix_test_set/python-3.12/99047ffe0d1b2e341a015aaf31758ffbe92dbc7a0cdee4547210f5f902a95d628dd2e36d96da642116ba8dda12a65f70ff21762b3443cc9cf48fd0bb33b68a91/segmentation_losses.py)
349. semantics_utils.py [RECONSTRUCTION FAILURE] (path: /syssec-nas0/pyc-research/compiled_evaluation_targets/usenix_test_set/python-3.12/62d458e428a77097a72aa09482ed804d326b8652209da904667da53f19f7347cfbf757771e9c4904f1ed61b8dcb4f8d19d1c658cf8ce8e7b7af5fbbc86b2bc29/semantics_utils.py)
350. send_code.py [COMPILE ERROR] (path: /syssec-nas0/pyc-research/compiled_evaluation_targets/usenix_test_set/python-3.12/5837d66e8ff8f509876162d9743f125e0e09e063bf49363246ef486243f7d05dc2a7c14afd48a12e86014c68e4931870bafb9f3ff95424eb06c2faccd121e372/send_code.py)
351. serv_config.py [RECONSTRUCTION FAILURE] (path: /syssec-nas0/pyc-research/compiled_evaluation_targets/usenix_test_set/python-3.12/9b346e46eede13c6fb9228bfda674304349d944400eeec9ad277d33aee94f068087851f5f67076d4825f9378479257da55de7944a375060530f1728af4661094/serv_config.py)
352. server.py [COMPILE ERROR] (path: /syssec-nas0/pyc-research/compiled_evaluation_targets/usenix_test_set/python-3.12/1e7373a3896f1c6f1a4cd0657eebbe39ecb090327c961342f3e83faa839ef13c006c0c46b9f9f069e58f97ae49724c6d1064f68c0e20d17af2c155fe0ca7900c/server.py)
353. server.py [COMPILE ERROR] (path: /syssec-nas0/pyc-research/compiled_evaluation_targets/usenix_test_set/python-3.12/51cfe9f9267e456838ff14167187b394c00275a78f7012f390cda50cf432020cc37c5ff22a1beab9b0f4758b52938c50f0d30e3a74698e6a7e76835a0abd9f4e/server.py)
354. service_models.py [COMPILE ERROR] (path: /syssec-nas0/pyc-research/compiled_evaluation_targets/usenix_test_set/python-3.12/f8ff8a3d1f1873b2d92156da3def0e46fa27a508e91625c64c6d846567b9616e470a8dbe727c60c6d36e133179ee0801f972cc1e3f8a94b0c21cbefd08b2214e/service_models.py)
355. smtp.py [COMPILE ERROR] (path: /syssec-nas0/pyc-research/compiled_evaluation_targets/usenix_test_set/python-3.12/3f53a43b3336070fa1da8bd906f17f9e8a083606f6c1f3189d36d2a6fb52ae066b6fa3e0c6795440cacef1640079457da21ff6e3fe6b5b95dc36e844f38c45b6/smtp.py)
356. sobol.py [RECONSTRUCTION FAILURE] (path: /syssec-nas0/pyc-research/compiled_evaluation_targets/usenix_test_set/python-3.12/38291538b4b7da02a6e99643c67bfc94d7ce3f7ee82d4bf4b0ea69d76d0de02958ec11c6905542bbd7daf81b8ee3d4e809e745bd460d82f87f74e6b15d108160/sobol.py)
357. source_remote.py [COMPILE ERROR] (path: /syssec-nas0/pyc-research/compiled_evaluation_targets/usenix_test_set/python-3.12/d102a82064eed7d2de13fd2268cbf957a688456114e1191306d4ef9f0cc7c0dafefcf74c8045638ff61a6397a2be3122a2d25919212662d36efccb683251ca40/source_remote.py)
358. source_util.py [RECONSTRUCTION FAILURE] (path: /syssec-nas0/pyc-research/compiled_evaluation_targets/usenix_test_set/python-3.12/f80a6267c6a80d36c4fe4057d0a453fc65f9f47bc5c517c667a9983f4baf27c034e7fc0060d4e5bb394f24ef1e173857c381c42b7ece33ecc4143c2902485525/source_util.py)
359. specifiers.py [COMPILE ERROR] (path: /syssec-nas0/pyc-research/compiled_evaluation_targets/usenix_test_set/python-3.12/aca7458f816c47b2739570c403518e8c88385a80db7d577d185c8002d973072b6517b5a0ae15c220228b36bd0f881432f2aca23ddaa0f96f665d292ad739d320/specifiers.py)
360. sponsored_guest_portal.py [COMPILE ERROR] (path: /syssec-nas0/pyc-research/compiled_evaluation_targets/usenix_test_set/python-3.12/76a6df95eac1f565aae286c07cbcd55e044f2dba63c2729952df41846828035df6f1c2bae46efa5101e9e31a3a8e139b165fae16124a4fb5d87f7c6e232fea5f/sponsored_guest_portal.py)
361. sqlcompiler.py [RECONSTRUCTION FAILURE] (path: /syssec-nas0/pyc-research/compiled_evaluation_targets/usenix_test_set/python-3.12/9ffe2f2b45b189cc45bafd6720073a3721cb54cdbef7821df4a7199444507922a9547653e7d564b07a5cda2d9aa1a9ed5d05e62ed1c2a910e6f34f54eed7a5a3/sqlcompiler.py)
362. starfourhundredgiglan.py [RECONSTRUCTION FAILURE] (path: /syssec-nas0/pyc-research/compiled_evaluation_targets/usenix_test_set/python-3.12/67770d418bdab573ac5b426fa0c94cec24c94de38fdc016aba7e294f164995dd4d27a96c5ceef2d48e5c2006de1b10001cf338acbb7eaf6093b3677075d0915d/starfourhundredgiglan.py)
363. static_env.py [RECONSTRUCTION FAILURE] (path: /syssec-nas0/pyc-research/compiled_evaluation_targets/usenix_test_set/python-3.12/0fa7da710e6e84fca83d9e4933d0c4b1e3b2409e7c8fede389ba25747fcb5df103840fdd0ac3a3cca65936436015885de8703fb92e98b2049b7c474ce8bb2caa/static_env.py)
364. stock_lhb_sina.py [COMPILE ERROR] (path: /syssec-nas0/pyc-research/compiled_evaluation_targets/usenix_test_set/python-3.12/d9d783cb5f07b3fbcfe0dcf27599d2d39d261fd4e93cf0d53dc279adb93e51079f2e624ec3bed03039fd1401efcfc458c17bc2a7594699e9e432eb221aa2cac5/stock_lhb_sina.py)
365. stop_on_threshold.py [RECONSTRUCTION FAILURE] (path: /syssec-nas0/pyc-research/compiled_evaluation_targets/usenix_test_set/python-3.12/7fe0e2a4c385bbd70ea090e4694ad1f302c43c66fcf542c394c91493580c5e95f56b45ad7101943de369acca6287c2f6cbb288c91ddcfc1fa87f3172bd6d0ee1/stop_on_threshold.py)
366. story.py [RECONSTRUCTION FAILURE] (path: /syssec-nas0/pyc-research/compiled_evaluation_targets/usenix_test_set/python-3.12/4cf31b0d60ea94e9f6b3e6446e924a16b560a2e85dce670aba2ed892971ba705f1f382e5ae1fe25fbb212f9826087f524a358040837c5817e553d73be768d2ec/story.py)
367. structure_learning.py [RECONSTRUCTION FAILURE] (path: /syssec-nas0/pyc-research/compiled_evaluation_targets/usenix_test_set/python-3.12/326148351debf175d51ff8b42f45f522cca8c1076495d38b1c1266b25b575a86f8837a843a0ddcb10a77873bac4bb383e6707d0c722e1531a89fc4332baef261/structure_learning.py)
368. switch.py [COMPILE ERROR] (path: /syssec-nas0/pyc-research/compiled_evaluation_targets/usenix_test_set/python-3.12/ce43e8a447d78d482673350181c6925795857e1e3f483529026550d52c3248a4493bb9cce2e1ec350c133875f8891f543aab59888297f109a3b6bb1ca484d43a/switch.py)
369. sync.py [RECONSTRUCTION FAILURE] (path: /syssec-nas0/pyc-research/compiled_evaluation_targets/usenix_test_set/python-3.12/60d58ae3f0c57d108bd71c4368ee4f64a36a02195f6685c27c12b20aa9724f03bb7a91ab7078718e218340a5173f31c7d6e67909fd7be3d9c5446ae51e8d08d0/sync.py)
370. system_info.py [COMPILE ERROR] (path: /syssec-nas0/pyc-research/compiled_evaluation_targets/usenix_test_set/python-3.12/5af58f5fa20c6c6dcb4dd4873aec454acf5b5bb0ccd76dd416aed46c078e99ee95dab91bd3512b35b558bea078d1458b618d7a32e8eac712f53e9c9e86890d3e/system_info.py)
371. sysutils.py [COMPILE ERROR] (path: /syssec-nas0/pyc-research/compiled_evaluation_targets/usenix_test_set/python-3.12/5e162ea864128d8222bb7d5f9e56723c7f81d4818d1a954272419f58b77f533264a968144bf2c4f7d37a429feccacf3e5c72f426d899f7e9fc73612f7757f302/sysutils.py)
372. tafunc.py [COMPILE ERROR] (path: /syssec-nas0/pyc-research/compiled_evaluation_targets/usenix_test_set/python-3.12/21350773ebba0981f8f407721439f0ead15e2512d05b64025f66966d208883328222062cc29655f88b394b1b3de14e9ca18e5c36679a5502bc7b1eb937238ef0/tafunc.py)
373. tensor_shape.py [RECONSTRUCTION FAILURE] (path: /syssec-nas0/pyc-research/compiled_evaluation_targets/usenix_test_set/python-3.12/ac631b69887a05f8b4027cefff3741658ad319d8e74985e18097700545662c03f2cee25feb0cce64683ad9043ab1134aaead421ff219bb48bd5caef7030e46ed/tensor_shape.py)
374. terraform_users.py [RECONSTRUCTION FAILURE] (path: /syssec-nas0/pyc-research/compiled_evaluation_targets/usenix_test_set/python-3.12/2334ea37f5f70750adb226d7aec5a19fa9be20845d6333fd15b6b12137b0cde2dabd98d061f93fa32a60fe87bd4030a2530540363ceeaf76d6f675fa5b4a69ca/terraform_users.py)
375. test_app.py [COMPILE ERROR] (path: /syssec-nas0/pyc-research/compiled_evaluation_targets/usenix_test_set/python-3.12/a1d4077d542628b80d6e72199245104d83f0955819c870134a0e9028ecb0d89a24fa881c2f4a8f026e550683069b20b28a9169ae30e92ec60a67620595f1a848/test_app.py)
376. test_cuts.py [COMPILE ERROR] (path: /syssec-nas0/pyc-research/compiled_evaluation_targets/usenix_test_set/python-3.12/21936af9ec59ec9870d0a0dded08f69ec6dec937661f3156c6611e9ef61510cf94b51b9dce102c2d5f32a8ec44eaef0b701159fdcc6bd3e9e94fa883e64d0c9e/test_cuts.py)
377. test_export_fits.py [COMPILE ERROR] (path: /syssec-nas0/pyc-research/compiled_evaluation_targets/usenix_test_set/python-3.12/8fabca408a89ef4a716d7f42fde67c3b56dbbe735424fa7e1ef59ba4dc20e8500026e92fde6f352940a8c7d7618ea121e5297f2866d70c3249dee82245b23c60/test_export_fits.py)
378. test_interactiveshell.py [RECONSTRUCTION FAILURE] (path: /syssec-nas0/pyc-research/compiled_evaluation_targets/usenix_test_set/python-3.12/6e3d9a9879ba7a2f87ceea3267f6495367b6901a3a62ab5ca1956b572f732ea8e4bf764112443009e67106dee288707cdc74cb4ccb1de47f638407dc265c9690/test_interactiveshell.py)
379. test_lockedh5.py [RECONSTRUCTION FAILURE] (path: /syssec-nas0/pyc-research/compiled_evaluation_targets/usenix_test_set/python-3.12/f57ffd296f228db8342d316e3a6bbef651c39c0bd0a585f3e7e773f37309068d4357edf713812849de211da05f1523e3dc6f70f949c8732527a917218565f299/test_lockedh5.py)
380. test_misc.py [COMPILE ERROR] (path: /syssec-nas0/pyc-research/compiled_evaluation_targets/usenix_test_set/python-3.12/4fd8062ca760560c7deb84d4b478cd74449cd92c29ec71531d6cb8d307245adfac929d0f2ac463dbe0cb7f4c7039e3ca84ab5637dc31d8e7648634f642350913/test_misc.py)
381. test_paragraph_classification.py [RECONSTRUCTION FAILURE] (path: /syssec-nas0/pyc-research/compiled_evaluation_targets/usenix_test_set/python-3.12/caebd3c9d94768b108c0caa360745d3a0816ed8958586bd7b781c294fe632355b8d099b4810d206c700c188d2ee8eed0efe284151e14ce37799565353bb51517/test_paragraph_classification.py)
382. test_readlines.py [RECONSTRUCTION FAILURE] (path: /syssec-nas0/pyc-research/compiled_evaluation_targets/usenix_test_set/python-3.12/db32d74af8c649ab73db09bd3994d61db0632b509f186cffa919b1add3354fab933325253fcd47b8dac628253c1416bbb10ae1fc1eef6b0baba0a62774461a4c/test_readlines.py)
383. test_repl.py [RECONSTRUCTION FAILURE] (path: /syssec-nas0/pyc-research/compiled_evaluation_targets/usenix_test_set/python-3.12/8f1f36ad5203da22ffc220aded9edbbdedab0c550a814cff2c796415190cd08297619a9361429d58d7ec9aa2678d1337630337581dd406521a8811b354e80da4/test_repl.py)
384. test_script.py [RECONSTRUCTION FAILURE] (path: /syssec-nas0/pyc-research/compiled_evaluation_targets/usenix_test_set/python-3.12/6c0b8b91347e2ee8afa8caa2f5ea75d7cef8c7490df71a868488aabcc7fb17a8a2c2fac4d38ac50ac231d9f7b6d80e6345d76b14e5eb3e089bbbeb1ebcafbe18/test_script.py)
385. test_session_controller.py [COMPILE ERROR] (path: /syssec-nas0/pyc-research/compiled_evaluation_targets/usenix_test_set/python-3.12/b7cf636c01a6db8eaa8d68ee32bd72af709b74372b9d254653fc0b7c884eb78338b8f641fdbd8edc2c6a4364c7d2f24c11972f0ecfac418b8004662d40a55a1e/test_session_controller.py)
386. test_stata.py [COMPILE ERROR] (path: /syssec-nas0/pyc-research/compiled_evaluation_targets/usenix_test_set/python-3.12/45a5c3713460f9c2a0c0547ae2ba035aca9f6c28111877390a9f9f7549fd9fc920021d731cc861533bc0d886a8584714908b7fb62b0740411ccd3654d05c375d/test_stata.py)
387. text.py [RUNTIME ERROR] (path: /syssec-nas0/pyc-research/compiled_evaluation_targets/usenix_test_set/python-3.12/ca29c7d5f88e1c6cdd260088b4d692fe758f4633b9266c6600c916ec502723ee6cab0111678572eb357cca9755a6323d93a2bba17dc635f4abdbb9d9541a975d/text.py)
388. texturecompress.py [RECONSTRUCTION FAILURE] (path: /syssec-nas0/pyc-research/compiled_evaluation_targets/usenix_test_set/python-3.12/cb54c857afc213b06ada9a573541cf63913cc7672a72a992ffe40bd724a610ea3fa8fb22c9facb5816ed8acab9c5723251bc817d961bc99bc0e2941f1630e1c2/texturecompress.py)
389. tf_decorator.py [RECONSTRUCTION FAILURE] (path: /syssec-nas0/pyc-research/compiled_evaluation_targets/usenix_test_set/python-3.12/254c689ac47da6c3f3cb3866791e1ef398c610a944010f95afe45b1d3dca168bb5b790a1dd450fb5420ace468b65d0c2e1ec7e405472d869c8210304eef609c7/tf_decorator.py)
390. tf_leveldb.py [RECONSTRUCTION FAILURE] (path: /syssec-nas0/pyc-research/compiled_evaluation_targets/usenix_test_set/python-3.12/d2fe40d06a6617cf9d4ae4e05b1d250c43e8b1983955a842bd18b5bc89911bdc7d27c9209f209a9e2a79635463117e398fff1007975233a6131de59086797c7b/tf_leveldb.py)
391. time_stats_generator.py [COMPILE ERROR] (path: /syssec-nas0/pyc-research/compiled_evaluation_targets/usenix_test_set/python-3.12/e305fecede7a4b76550995209751b7b9a9c650b022f2b5bbbe902fa68d20418583f5f52a16df8e848634d0df3ebd1b394974cbdc6bacc78da6da07871069adcb/time_stats_generator.py)
392. tokenizer.py [RECONSTRUCTION FAILURE] (path: /syssec-nas0/pyc-research/compiled_evaluation_targets/usenix_test_set/python-3.12/12ce9242a1055a6b5a0c042e5efa554829d399194e4050148d88b585fb1f8f23e6828f65258e411e13ed10a33194b44edc23bd2889c493a6e86bfc60a8240eb0/tokenizer.py)
393. tools.py [RUNTIME ERROR] (path: /syssec-nas0/pyc-research/compiled_evaluation_targets/usenix_test_set/python-3.12/14920d907cd7c08763023fe6ab3b9840dad434322919ed3fc0e435f406014a05db6fc80f4a147e7ea6ff21f0ed03a7e1a366f375b913cfbc88271e2a048c7e42/tools.py)
394. tracked_thread.py [COMPILE ERROR] (path: /syssec-nas0/pyc-research/compiled_evaluation_targets/usenix_test_set/python-3.12/759ac99e27475c933cf685b0a66d632ef13b9a5c18c0cb9b432232b66ddf106c2e151f2071e19056398a2e147bb78f903245f484b60aaba0aaf52bdb0f4faa88/tracked_thread.py)
395. tracker.py [COMPILE ERROR] (path: /syssec-nas0/pyc-research/compiled_evaluation_targets/usenix_test_set/python-3.12/2de1b380508d964b2cda7a1777cc1bc10c0b840475e712c992d605faaffdb1ce6f4d74e0b589e36c8a4c23f7ca8ff86b328d4ba7ea33cf093d27115e9f4155b0/tracker.py)
396. tracking_async_web_channel.py [COMPILE ERROR] (path: /syssec-nas0/pyc-research/compiled_evaluation_targets/usenix_test_set/python-3.12/6b471bbbc6f9d56084d19aee4fbfa1913b6e43135a1713abff8776197c14e6f4451c518c492acdaf73d745340adeb1674d53c0d9c50859f100a86562619fa67b/tracking_async_web_channel.py)
397. transform.py [COMPILE ERROR] (path: /syssec-nas0/pyc-research/compiled_evaluation_targets/usenix_test_set/python-3.12/7bf250992e72d9739c20ece85d6f33f0f11151263c9b63565bbf40e86670388cc0649f7e1e8c69b19e8efca7551921b7f60c1e26998282f37aa81ace6dbb00d4/transform.py)
398. tui.py [COMPILE ERROR] (path: /syssec-nas0/pyc-research/compiled_evaluation_targets/usenix_test_set/python-3.12/5e7552039d58a8ea0ed28f29b52ab65627ce9a3530bb41b8dc20ebd8dd85b079968c33e217e192a2a9ff3e264e048b2505380b7bb50531a734e7876600abe279/tui.py)
399. tunnel.py [COMPILE ERROR] (path: /syssec-nas0/pyc-research/compiled_evaluation_targets/usenix_test_set/python-3.12/5e0bae32c002f88ce7523e688bb5f69e24aacf981757bd57a3b545f6298e9d751092960c44eb2fd2087ddbdd4aaae2f54bfc13ef12d6b22fe57e3543d7d9d1d9/tunnel.py)
400. type.py [RECONSTRUCTION FAILURE] (path: /syssec-nas0/pyc-research/compiled_evaluation_targets/usenix_test_set/python-3.12/2a1cf45f9fe2ac350f041d0b3e18959401d0ae88489b01e73d65883c364ac78b050aa0b246b12cc5d69bb4dd536cbd605e7f765e9827205e204adae7459eefec/type.py)
401. types.py [RECONSTRUCTION FAILURE] (path: /syssec-nas0/pyc-research/compiled_evaluation_targets/usenix_test_set/python-3.12/7be97164110cc7e5e3683a3cf62d8aa8e144687de2ed377a116e25b7444c544480d500c51cd574e0deb897fbb577404f38b65c8bbc42a2ee34f5674b0ac6fafe/types.py)
402. unfuddle.py [COMPILE ERROR] (path: /syssec-nas0/pyc-research/compiled_evaluation_targets/usenix_test_set/python-3.12/85ba58e4e5c299dd1aa75e011df101af8c02cbc5095adcb21093f4caf488fb7d93b4d2772e82e0bdf335abfe2e265ade5daf99c9a23f2a8ec14cc0d60e5d187c/unfuddle.py)
403. unitofwork.py [RECONSTRUCTION FAILURE] (path: /syssec-nas0/pyc-research/compiled_evaluation_targets/usenix_test_set/python-3.12/55a8e022808f0fcb58f0882f0c739bbce3156bfb5b9f53f7ce4038a6f84216347f581f6e22562457faded992533475621a345aa7c0ac49bca3667b1651c68989/unitofwork.py)
404. universe.py [COMPILE ERROR] (path: /syssec-nas0/pyc-research/compiled_evaluation_targets/usenix_test_set/python-3.12/06ab004839a2e1dd31a7e6cf420a07de4e2d3d619345e9ba7291b0d9739123e5ec600fad145f7a912d6e4a1e1caa2aa12a284f88e256cfb52ff3fe8ed6cfabab/universe.py)
405. unknown.py [RECONSTRUCTION FAILURE] (path: /syssec-nas0/pyc-research/compiled_evaluation_targets/usenix_test_set/python-3.12/de1b82132af368c59afc3c6c91e9028780b33ffe1c777d6e4ccf92a523618b7f5b184e7b028da5b24926c239990a91021a6ddc3dc2c639257ea2239342b984af/unknown.py)
406. upload_file_service [2022.8.26].py [COMPILE ERROR] (path: /syssec-nas0/pyc-research/compiled_evaluation_targets/usenix_test_set/python-3.12/88935e3ec53dc58592912b43cd90553431353a33811a1434a10eb772704b8f03829c1517e384ea68c12db8ba168db719ed7f225cc54d27f489d2bbd68eac2aa6/upload_file_service [2022.8.26].py)
407. util.py [COMPILE ERROR] (path: /syssec-nas0/pyc-research/compiled_evaluation_targets/usenix_test_set/python-3.12/173664a641938d81ad2214de37929d6ce75c82e22c585f7457e1c974950d64d8732b1935d0cf5505f248ad7dd6124e1e48a09fce4a87ca0cb655bf37b9bda984/util.py)
408. util.py [COMPILE ERROR] (path: /syssec-nas0/pyc-research/compiled_evaluation_targets/usenix_test_set/python-3.12/afd87882e5a6e9253a2fb57e4be76ee1f1cdc2cba28c76551f7ad6719c9fdd888d66a2940a2d3a0128dc91d88ac21928df34504500fd711aa4b86cf83d7db5d4/util.py)
409. utils.py [COMPILE ERROR] (path: /syssec-nas0/pyc-research/compiled_evaluation_targets/usenix_test_set/python-3.12/1b3a452dd92080f02b2e45554c837eb9307cde04636e6fb5ed67635036d398b05c81b741ebea817e497a0afe60f9483303a56aba8f18c088eec8cba5b49b15e0/utils.py)
410. utils.py [COMPILE ERROR] (path: /syssec-nas0/pyc-research/compiled_evaluation_targets/usenix_test_set/python-3.12/2b127d1e5201a4fdfd1f5b62874303220ddb1770de1cfed0f3096f86475b1d1d7700419f6e430bd561a6f0b674dfdb1edeac0542a0884c024ed2342df0d13a1c/utils.py)
411. utils.py [COMPILE ERROR] (path: /syssec-nas0/pyc-research/compiled_evaluation_targets/usenix_test_set/python-3.12/5e795d8ce4b5f17f9192977a1406545897247da0a4ecb4da4144674e38a6e32b9ec0e61def1a3f003314512407c694b25612e6e0e84e562256961aceb0a40dc5/utils.py)
412. utils.py [COMPILE ERROR] (path: /syssec-nas0/pyc-research/compiled_evaluation_targets/usenix_test_set/python-3.12/a201699110d6e06b5c3fcc2f3c12db9180f842409ac99d03286642835aef0dc6f101cfd4101f04a0b1588eed2ccb77105142ae46e9e99bf410816f555ab11190/utils.py)
413. utils.py [COMPILE ERROR] (path: /syssec-nas0/pyc-research/compiled_evaluation_targets/usenix_test_set/python-3.12/bf090408ae7810d39ff1faadeb6f17f5b8baf5dd25b7940828bfacafd9f737260cbdd8672fe3e1c19a9aabc09421e118855a0d47f1dbaf0aa03710c50b1caf8d/utils.py)
414. utils.py [RECONSTRUCTION FAILURE] (path: /syssec-nas0/pyc-research/compiled_evaluation_targets/usenix_test_set/python-3.12/1527730a6740d076746560df2b16254899131725c4bcdd88f9e1c71c227ecba13d9f950d5dc501736da4cd8d770dd5c6667ea5ab76d999afd110cab29c8b311b/utils.py)
415. utypes.py [RECONSTRUCTION FAILURE] (path: /syssec-nas0/pyc-research/compiled_evaluation_targets/usenix_test_set/python-3.12/62e1202c14217245d475532c4ec7af57e54d6e91656997af475081f14416bdca6fb0e62701fa7dc9733bc3acdea7f1f2d745c5746097a33b274aa9afa4df0c5d/utypes.py)
416. uxf.py [COMPILE ERROR] (path: /syssec-nas0/pyc-research/compiled_evaluation_targets/usenix_test_set/python-3.12/dd6d8948f22c10ddc76338271f084b5ffbdf8dd7542f34534f3b5a5c6d2c0d55a81047eb74662a0156c2d5ef62d8ed75579520376540dc5200a1f07b40ffc2c8/uxf.py)
417. values.py [COMPILE ERROR] (path: /syssec-nas0/pyc-research/compiled_evaluation_targets/usenix_test_set/python-3.12/86e34de67958450d591321f631587a1d6004642b4a14d9699615cfdf65332f00bcdd295d7fab7c67c77515e9762b3cac0f986166026b72f1fc2e8c44373761f7/values.py)
418. versioneer.py [COMPILE ERROR] (path: /syssec-nas0/pyc-research/compiled_evaluation_targets/usenix_test_set/python-3.12/ec69e9b826eecbe23b5697426f42e4c6419f61f32942421e2969615b6b8262bfd55cad108e905dde15c33c3045b91648ba22ce09c44efb2d7b73dd404c2d2bfc/versioneer.py)
419. video_reader.py [COMPILE ERROR] (path: /syssec-nas0/pyc-research/compiled_evaluation_targets/usenix_test_set/python-3.12/dfff6f08815f3a1d602e46a250104653c7a9beba7cf59828a452b88f536f97578da238fd3d05376d4ba6ff778830ee83c3d077c9a9ffcf7f7578942ff4ab62ce/video_reader.py)
420. views.py [COMPILE ERROR] (path: /syssec-nas0/pyc-research/compiled_evaluation_targets/usenix_test_set/python-3.12/3fd06313ca4411e2f3c6579ae9bd3400443ca6646b50d7ba00f40a816c7a3443bd40b49bc7d892311306a99a9400c125698aed23b6ae7cba5ec56220b5f567e3/views.py)
421. views.py [RECONSTRUCTION FAILURE] (path: /syssec-nas0/pyc-research/compiled_evaluation_targets/usenix_test_set/python-3.12/810104722d80b0367b9d53f14960dd72760905530fe03f6c65cc34b4f52a655e5bcfdc9378f8ba43d27064d4dfef81ed5adc181824e55f08a7063a239036f40b/views.py)
422. web_test.py [RECONSTRUCTION FAILURE] (path: /syssec-nas0/pyc-research/compiled_evaluation_targets/usenix_test_set/python-3.12/a1c59c9625b86f0da697da06b3448ef66b84706e6bc4ce473fa0bf1b551666bbdcdba0ac537afd342923b5fbff5a3e7e54c5f7fa3972c59b811b43fdbfeda1e6/web_test.py)
423. websocket_server.py [COMPILE ERROR] (path: /syssec-nas0/pyc-research/compiled_evaluation_targets/usenix_test_set/python-3.12/db9f9f6fb6104de111fdc0a42a17918f115fe92e1c95d6bad8834e628c3c036a11e9d5b27b5babb05e3a80379974070b42ca9f7bf35501494930f41b6386ba98/websocket_server.py)
424. windowDevelop.py [RUNTIME ERROR] (path: /syssec-nas0/pyc-research/compiled_evaluation_targets/usenix_test_set/python-3.12/65fac04376a5536ac05dee58f464be1b78350155dac1b0cef08748109c2f62d27c60e14443f4eef3a5d12006f7e88c081f59ca62e43acc32ad86d2a3b9d24f33/windowDevelop.py)
425. wireless_profile.py [COMPILE ERROR] (path: /syssec-nas0/pyc-research/compiled_evaluation_targets/usenix_test_set/python-3.12/7e975453092f478b1ae2addaa1b33e75a18ef00cd2bdf2458a1b105d6a9c73259afac891d6ec956eae5fac40937e9ed7b95613cd6e193d53842faebe787b5e73/wireless_profile.py)
426. worker.py [COMPILE ERROR] (path: /syssec-nas0/pyc-research/compiled_evaluation_targets/usenix_test_set/python-3.12/d70bd8abc8ffcca47e29564cb281e25e80a5a4124ef99e63bc67c4712ebe2ee017629c9c4b0256ab97c775bce16f7b64a18b343f16d74785c99cd1558b894496/worker.py)
427. worker.py [COMPILE ERROR] (path: /syssec-nas0/pyc-research/compiled_evaluation_targets/usenix_test_set/python-3.12/e84a69c47764277f34a796f49176063f5af05ad22b5fdfcb951d88edbeb80507f6004d1af380b23d4cde96ed87d8024cf352e1f0f12f4e38b5e19de2749a5f0f/worker.py)
428. wrangler_utils.py [RECONSTRUCTION FAILURE] (path: /syssec-nas0/pyc-research/compiled_evaluation_targets/usenix_test_set/python-3.12/fc45d8730c74a594b4da86c537032cd312d3609bd37659734933214b073a64eeb59eb42688bb732a450697b3bfcd59f9354adb59a470e1f4c26e583dfbe3fe49/wrangler_utils.py)
429. yizhibo_facepp_compare.py [RECONSTRUCTION FAILURE] (path: /syssec-nas0/pyc-research/compiled_evaluation_targets/usenix_test_set/python-3.12/49a0a745baccf20c88042529f9ebe4895a5af4dddb6459aca37dfe5b5990524caf929625bc3839d5557f092f189d487627d994aab65a90fcb5b827791e4841a7/yizhibo_facepp_compare.py)
430. zone_record_api.py [COMPILE ERROR] (path: /syssec-nas0/pyc-research/compiled_evaluation_targets/usenix_test_set/python-3.12/229ed2d0657a96e40250b3e05b7e91e29d99ecd5855c4a6f685dba13fa72770a78fb1a6ae5c1a011c98c8e3001467fe7832437111aca935352901e261f2b67c5/zone_record_api.py)
431. zylaalignpanel.py [COMPILE ERROR] (path: /syssec-nas0/pyc-research/compiled_evaluation_targets/usenix_test_set/python-3.12/7ca0a5e84178573c50af2b5cbce325128cff0dc98fc60c5749fb3ca45560b1fd99644993186f9b25a8033861d9cd5937d89b3dd35d5d532b6e5ece997c10a6ba/zylaalignpanel.py)

=== Detailed Breakdown ===

Runtime Errors:
1. phc.py (path: /syssec-nas0/pyc-research/compiled_evaluation_targets/usenix_test_set/python-3.12/b025c59e8c656aa2528af998fb330c650edf561ab41b29587c2bc0bd2ece8cf9407fc9e4f208c52ecd8d4df765f43d3060b4d22e2594241dad87bbce638b89a7/phc.py)
2. text.py (path: /syssec-nas0/pyc-research/compiled_evaluation_targets/usenix_test_set/python-3.12/ca29c7d5f88e1c6cdd260088b4d692fe758f4633b9266c6600c916ec502723ee6cab0111678572eb357cca9755a6323d93a2bba17dc635f4abdbb9d9541a975d/text.py)
3. tools.py (path: /syssec-nas0/pyc-research/compiled_evaluation_targets/usenix_test_set/python-3.12/14920d907cd7c08763023fe6ab3b9840dad434322919ed3fc0e435f406014a05db6fc80f4a147e7ea6ff21f0ed03a7e1a366f375b913cfbc88271e2a048c7e42/tools.py)
4. windowDevelop.py (path: /syssec-nas0/pyc-research/compiled_evaluation_targets/usenix_test_set/python-3.12/65fac04376a5536ac05dee58f464be1b78350155dac1b0cef08748109c2f62d27c60e14443f4eef3a5d12006f7e88c081f59ca62e43acc32ad86d2a3b9d24f33/windowDevelop.py)

Compile Errors:
1. 10822-normalized.py (path: /syssec-nas0/pyc-research/compiled_evaluation_targets/usenix_test_set/python-3.12/10822/10822-normalized.py)
2. 12082-normalized.py (path: /syssec-nas0/pyc-research/compiled_evaluation_targets/usenix_test_set/python-3.12/12082/12082-normalized.py)
3. 12181-normalized.py (path: /syssec-nas0/pyc-research/compiled_evaluation_targets/usenix_test_set/python-3.12/12181/12181-normalized.py)
4. 12304-normalized.py (path: /syssec-nas0/pyc-research/compiled_evaluation_targets/usenix_test_set/python-3.12/12304/12304-normalized.py)
5. 12506-normalized.py (path: /syssec-nas0/pyc-research/compiled_evaluation_targets/usenix_test_set/python-3.12/12506/12506-normalized.py)
6. 12509-normalized.py (path: /syssec-nas0/pyc-research/compiled_evaluation_targets/usenix_test_set/python-3.12/12509/12509-normalized.py)
7. 12641-normalized.py (path: /syssec-nas0/pyc-research/compiled_evaluation_targets/usenix_test_set/python-3.12/12641/12641-normalized.py)
8. 12678-normalized.py (path: /syssec-nas0/pyc-research/compiled_evaluation_targets/usenix_test_set/python-3.12/12678/12678-normalized.py)
9. 12911-normalized.py (path: /syssec-nas0/pyc-research/compiled_evaluation_targets/usenix_test_set/python-3.12/12911/12911-normalized.py)
10. 14056-normalized.py (path: /syssec-nas0/pyc-research/compiled_evaluation_targets/usenix_test_set/python-3.12/14056/14056-normalized.py)
11. 15016-normalized.py (path: /syssec-nas0/pyc-research/compiled_evaluation_targets/usenix_test_set/python-3.12/15016/15016-normalized.py)
12. 15172-normalized.py (path: /syssec-nas0/pyc-research/compiled_evaluation_targets/usenix_test_set/python-3.12/15172/15172-normalized.py)
13. 15218-normalized.py (path: /syssec-nas0/pyc-research/compiled_evaluation_targets/usenix_test_set/python-3.12/15218/15218-normalized.py)
14. 15325-normalized.py (path: /syssec-nas0/pyc-research/compiled_evaluation_targets/usenix_test_set/python-3.12/15325/15325-normalized.py)
15. 15397-normalized.py (path: /syssec-nas0/pyc-research/compiled_evaluation_targets/usenix_test_set/python-3.12/15397/15397-normalized.py)
16. 16104-normalized.py (path: /syssec-nas0/pyc-research/compiled_evaluation_targets/usenix_test_set/python-3.12/16104/16104-normalized.py)
17. 16216-normalized.py (path: /syssec-nas0/pyc-research/compiled_evaluation_targets/usenix_test_set/python-3.12/16216/16216-normalized.py)
18. 16522-normalized.py (path: /syssec-nas0/pyc-research/compiled_evaluation_targets/usenix_test_set/python-3.12/16522/16522-normalized.py)
19. 16795-normalized.py (path: /syssec-nas0/pyc-research/compiled_evaluation_targets/usenix_test_set/python-3.12/16795/16795-normalized.py)
20. 17189-normalized.py (path: /syssec-nas0/pyc-research/compiled_evaluation_targets/usenix_test_set/python-3.12/17189/17189-normalized.py)
21. 17505-normalized.py (path: /syssec-nas0/pyc-research/compiled_evaluation_targets/usenix_test_set/python-3.12/17505/17505-normalized.py)
22. 18049-normalized.py (path: /syssec-nas0/pyc-research/compiled_evaluation_targets/usenix_test_set/python-3.12/18049/18049-normalized.py)
23. 1984-normalized.py (path: /syssec-nas0/pyc-research/compiled_evaluation_targets/usenix_test_set/python-3.12/1984/1984-normalized.py)
24. 19950-normalized.py (path: /syssec-nas0/pyc-research/compiled_evaluation_targets/usenix_test_set/python-3.12/19950/19950-normalized.py)
25. 20064-normalized.py (path: /syssec-nas0/pyc-research/compiled_evaluation_targets/usenix_test_set/python-3.12/20064/20064-normalized.py)
26. 20445-normalized.py (path: /syssec-nas0/pyc-research/compiled_evaluation_targets/usenix_test_set/python-3.12/20445/20445-normalized.py)
27. 20452-normalized.py (path: /syssec-nas0/pyc-research/compiled_evaluation_targets/usenix_test_set/python-3.12/20452/20452-normalized.py)
28. 21245-normalized.py (path: /syssec-nas0/pyc-research/compiled_evaluation_targets/usenix_test_set/python-3.12/21245/21245-normalized.py)
29. 21583-normalized.py (path: /syssec-nas0/pyc-research/compiled_evaluation_targets/usenix_test_set/python-3.12/21583/21583-normalized.py)
30. 22039-normalized.py (path: /syssec-nas0/pyc-research/compiled_evaluation_targets/usenix_test_set/python-3.12/22039/22039-normalized.py)
31. 22049-normalized.py (path: /syssec-nas0/pyc-research/compiled_evaluation_targets/usenix_test_set/python-3.12/22049/22049-normalized.py)
32. 2395-normalized.py (path: /syssec-nas0/pyc-research/compiled_evaluation_targets/usenix_test_set/python-3.12/2395/2395-normalized.py)
33. 264-normalized.py (path: /syssec-nas0/pyc-research/compiled_evaluation_targets/usenix_test_set/python-3.12/264/264-normalized.py)
34. 2929-normalized.py (path: /syssec-nas0/pyc-research/compiled_evaluation_targets/usenix_test_set/python-3.12/2929/2929-normalized.py)
35. 3240-normalized.py (path: /syssec-nas0/pyc-research/compiled_evaluation_targets/usenix_test_set/python-3.12/3240/3240-normalized.py)
36. 34-normalized.py (path: /syssec-nas0/pyc-research/compiled_evaluation_targets/usenix_test_set/python-3.12/34/34-normalized.py)
37. 3630-normalized.py (path: /syssec-nas0/pyc-research/compiled_evaluation_targets/usenix_test_set/python-3.12/3630/3630-normalized.py)
38. 4171-normalized.py (path: /syssec-nas0/pyc-research/compiled_evaluation_targets/usenix_test_set/python-3.12/4171/4171-normalized.py)
39. 5316-normalized.py (path: /syssec-nas0/pyc-research/compiled_evaluation_targets/usenix_test_set/python-3.12/5316/5316-normalized.py)
40. 5322-normalized.py (path: /syssec-nas0/pyc-research/compiled_evaluation_targets/usenix_test_set/python-3.12/5322/5322-normalized.py)
41. 5450-normalized.py (path: /syssec-nas0/pyc-research/compiled_evaluation_targets/usenix_test_set/python-3.12/5450/5450-normalized.py)
42. 6584-normalized.py (path: /syssec-nas0/pyc-research/compiled_evaluation_targets/usenix_test_set/python-3.12/6584/6584-normalized.py)
43. 6854-normalized.py (path: /syssec-nas0/pyc-research/compiled_evaluation_targets/usenix_test_set/python-3.12/6854/6854-normalized.py)
44. 6906-normalized.py (path: /syssec-nas0/pyc-research/compiled_evaluation_targets/usenix_test_set/python-3.12/6906/6906-normalized.py)
45. 7368-normalized.py (path: /syssec-nas0/pyc-research/compiled_evaluation_targets/usenix_test_set/python-3.12/7368/7368-normalized.py)
46. 7865-normalized.py (path: /syssec-nas0/pyc-research/compiled_evaluation_targets/usenix_test_set/python-3.12/7865/7865-normalized.py)
47. 8493-normalized.py (path: /syssec-nas0/pyc-research/compiled_evaluation_targets/usenix_test_set/python-3.12/8493/8493-normalized.py)
48. 8494-normalized.py (path: /syssec-nas0/pyc-research/compiled_evaluation_targets/usenix_test_set/python-3.12/8494/8494-normalized.py)
49. GeneticAlgorithm.py (path: /syssec-nas0/pyc-research/compiled_evaluation_targets/usenix_test_set/python-3.12/906842a96f866080826950088ca39796495fe1a1f5c804861963aa85c40b5b68a412a6aea1345849cebf7352870a640a27b4239f13c294ff9b8579dac3216186/GeneticAlgorithm.py)
50. InfinityFlow_Utilities.py (path: /syssec-nas0/pyc-research/compiled_evaluation_targets/usenix_test_set/python-3.12/157c98a8789f51f4ced9c4091ce9c5bfe830da8f01e515a4dc242f01e261ebdee6c1f079b0c4287e78b4b515098a7fe83139e01809f5264c3a173e1e8b3ae08e/InfinityFlow_Utilities.py)
51. NotifyRyver.py (path: /syssec-nas0/pyc-research/compiled_evaluation_targets/usenix_test_set/python-3.12/6d343ee5495ed08133701c2bdd9380e77387ac43f05be2d5754ff70a535bdb5ae8dd3057842591744f7d34e2a2971af9f477416c7fc65527890e50503aeb78e2/NotifyRyver.py)
52. VortexTcpMemoryLeakPayloadTest.py (path: /syssec-nas0/pyc-research/compiled_evaluation_targets/usenix_test_set/python-3.12/23b1c62d5b00c824059ae360348cbf3c72c31fb6bc981051cf52d9f902201be355d949be4656576da1eea2ebb4a97a74bde96781dd1a0392d98788608951d066/VortexTcpMemoryLeakPayloadTest.py)
53. __main__.py (path: /syssec-nas0/pyc-research/compiled_evaluation_targets/usenix_test_set/python-3.12/2155c2df322aaefb5671d3991f5a555a0498239fef87985cdb1cee639518a5f6b4d26096ac7298a36c4619e4212cfd09863e44bf276ef322899e0903308f2975/__main__.py)
54. __main__.py (path: /syssec-nas0/pyc-research/compiled_evaluation_targets/usenix_test_set/python-3.12/958297d91487041aecbf0e74ebfba23de908f4a8cf7fc02eb28319b378520830ac6890a3ee0bf3e65f5aaafac62d6014dac4138fbcd181e62f44700e65933be5/__main__.py)
55. _fileobjectposix.py (path: /syssec-nas0/pyc-research/compiled_evaluation_targets/usenix_test_set/python-3.12/4cd9c561cae81f5fb527b46be6380adc0c8726b9ff4af665558e6818b71a96ac581e5ac08d2190c43c7b5be397b9bee386dd74fc58eb3fe83657ee6e0ae34eb3/_fileobjectposix.py)
56. _pslinux.py (path: /syssec-nas0/pyc-research/compiled_evaluation_targets/usenix_test_set/python-3.12/3dc2b2e1804a6e00edd9873cf7b12ecfecc4c4eb68d56923db73db6bd67daea277a57990154bf0391f389af4077771bc286b68bc4528b0bce07243fc75768e86/_pslinux.py)
57. _reader.py (path: /syssec-nas0/pyc-research/compiled_evaluation_targets/usenix_test_set/python-3.12/11a63dd9377450f3d00148b7d005f8ef1b3f7d4cca78702cdc892f565c9ba55d4fc2f3f0ac6bbab1a9968ed5590a0331f5039f24dfef3cdd152a52109dc0266b/_reader.py)
58. _version.py (path: /syssec-nas0/pyc-research/compiled_evaluation_targets/usenix_test_set/python-3.12/dffcc8d5499a7b92a6fb7af7bbc8ecf27439e16ec10ca716295d2a79ca903b5d6c18e8607e6bfffd8952c2d60ab6f9a6ecfe8aa2ed757ca0b8d1645ca102b250/_version.py)
59. actioncontroller.py (path: /syssec-nas0/pyc-research/compiled_evaluation_targets/usenix_test_set/python-3.12/3b3c6531b4c875a8c8a66566dcedaaab7c6dfe097bff7bf7bf0b00bee13ff4ce76816ace4e3936422ac7e7534571ec87978afd2f19fe5131e0ae309c5a8a3716/actioncontroller.py)
60. adapter.py (path: /syssec-nas0/pyc-research/compiled_evaluation_targets/usenix_test_set/python-3.12/90adfbb55d9823001a500ccef17b56acead81f4eb10eded3ee78c6107af3fa221beb222c87a68ab3bd4033764889ab313053dbe3d29501013dce18cae5c5615b/adapter.py)
61. adaptivegreedy.py (path: /syssec-nas0/pyc-research/compiled_evaluation_targets/usenix_test_set/python-3.12/0216940ebc56919f58d53da0bef5efa9bd0dc537788fecc44a081aea3014de54d3fdaa1891698ef7a677b5a705e5ff316c9057e5107c0c33507c2863590bead2/adaptivegreedy.py)
62. agent1.py (path: /syssec-nas0/pyc-research/compiled_evaluation_targets/usenix_test_set/python-3.12/410462cd2466321ac53fd8eb5324bdf638208ee22dd508860ab87eae0a327029ec7a40d48c8214c165ca7082cf700e473ff23c8c5dda9dec67aec8244cdd38f8/agent1.py)
63. aliases.py (path: /syssec-nas0/pyc-research/compiled_evaluation_targets/usenix_test_set/python-3.12/4e8858ea6e77601ff8b520869f21fa274bc9e1b559dac0f7e53d4a4f8ebc13fe097975395c64395cabf9f7ed6e41a5137728d44c23070ebde457ed2d884e88c6/aliases.py)
64. api.py (path: /syssec-nas0/pyc-research/compiled_evaluation_targets/usenix_test_set/python-3.12/556e9b94a3354791b440b1d8b0c1e1ae3e7f0f2e51034d5846fd131709419db2a6cb8985125974e93e6a194db8187fc8c9df22a0d5a942af5b94a108fc0d401a/api.py)
65. api.py (path: /syssec-nas0/pyc-research/compiled_evaluation_targets/usenix_test_set/python-3.12/75756b16713040aa5b384a90bda2524eae5e92a4e0cf3063aae05bfd714ecf4652011eef0ff9c633e344f244c90b641bf998beca633707009042a112ad3da9cb/api.py)
66. api.py (path: /syssec-nas0/pyc-research/compiled_evaluation_targets/usenix_test_set/python-3.12/90c3deef6451f68b810838e2885bb3f7222412b94ad2b1ce95503deba7403570faf79cb229997b5d79206444c66d3e44b558df150aa0dda6c295392b7c15f0d8/api.py)
67. api_client.py (path: /syssec-nas0/pyc-research/compiled_evaluation_targets/usenix_test_set/python-3.12/1dc20f687c762058897aefa7398495b75d7d8dd6ccd381f6499dc57f0928988129aee0b7892311820588ffdca6412744d6998c9bdf15d5859751cddf7efe1d00/api_client.py)
68. api_client.py (path: /syssec-nas0/pyc-research/compiled_evaluation_targets/usenix_test_set/python-3.12/d229ef54e9e213999d6cdd37283108869c5bd8e5687b68bd5bdb58a4440bb58246b6003143097d9448f59ca633e55a5d5c594b840e7ec3502a92ed469f237b1e/api_client.py)
69. app.py (path: /syssec-nas0/pyc-research/compiled_evaluation_targets/usenix_test_set/python-3.12/66d30b7e76cf29f736f7f5589e6a49ea7ecc31ff51b719b743f7c62773bc7fb3e3bde03fbb48a3688c93d85297c71c8f957776029aa0193cde866d4b456f0392/app.py)
70. app.py (path: /syssec-nas0/pyc-research/compiled_evaluation_targets/usenix_test_set/python-3.12/c0649bfffa482217fb6e9d7af7303bc114931737ac86c12d22fad5176ba12464d052fa2a94bb70c42d910472d7d1936c22996c1d410aeb2dc3b52d5478364670/app.py)
71. app_config.py (path: /syssec-nas0/pyc-research/compiled_evaluation_targets/usenix_test_set/python-3.12/7fa92c8992e447bd52db5fedf3a76a9b2d1545f1c7a7ca8742a045125159770c9ac78ca26931a14d99e4b387a667c2199a9aeea365642e0359d223cab9e15d99/app_config.py)
72. az_cis_check4.py (path: /syssec-nas0/pyc-research/compiled_evaluation_targets/usenix_test_set/python-3.12/62b1b85ea82cf7eeec7a14145857c1ac63bd1d5a703ea5369b53f5c7a386e984c0de8cb2db1033ec2a594a0920e17d7e963d669204ebfc8847094c288e228e03/az_cis_check4.py)
73. base.py (path: /syssec-nas0/pyc-research/compiled_evaluation_targets/usenix_test_set/python-3.12/528ab1ba7ee6d420f1d0ed729e0f7f99a847e8d5fdce296b96941f39e6422dd749e8ed155380c093a6d8f6e4a331d9756b52805530a3727a638597efec63ccef/base.py)
74. base.py (path: /syssec-nas0/pyc-research/compiled_evaluation_targets/usenix_test_set/python-3.12/53de9c1b842e62a9723ee8fc11b7ecc5e41db13890dd2567c92ccb5cfe6a34f359a51834a7cd565acc2c883c35186691f14e75f82d04d99c38195cbb9d85d80d/base.py)
75. basecallbackendpoint.py (path: /syssec-nas0/pyc-research/compiled_evaluation_targets/usenix_test_set/python-3.12/281a9998479afbf4e802edd613b0721cab992247d06c6bbc0f19ff9b21e5163cb0c4d8d60f9bd12068f6b235764ced9df8bdaf8eed64a1f73003240d9a54487a/basecallbackendpoint.py)
76. best_ip_async.py (path: /syssec-nas0/pyc-research/compiled_evaluation_targets/usenix_test_set/python-3.12/dc0f3bda2119b204cedf94f1ceeef7d0644997a0d20a74cfae13098f354a4de96bccb5a127712b3db957f587039bce29b5979dd6b21e923be719ca88ddf8a95c/best_ip_async.py)
77. bigip_node.py (path: /syssec-nas0/pyc-research/compiled_evaluation_targets/usenix_test_set/python-3.12/a5e592cb022ddbfa628e3146c694b0d4288f6c572ad253ed4e58b847a9a94aeb81937340dbc71fb61c09e6241bcf530f80b87a3b44ff8de1eed3ea51f9f0d64c/bigip_node.py)
78. bootstrap.py (path: /syssec-nas0/pyc-research/compiled_evaluation_targets/usenix_test_set/python-3.12/4ea7064fc96cf5a31a5fa58cf8e08ce370d14896743add918dcd9a1717d4ec82e2604fc1d518591de2290fe84dfec48240635fa79d114694535dbd3a070a2505/bootstrap.py)
79. button.py (path: /syssec-nas0/pyc-research/compiled_evaluation_targets/usenix_test_set/python-3.12/ee8af1201ae8307f57f5d0da2a148c04906a5d7864ccbf56ca5fee149dc2707c372b00d7f402fb0c01b6bbbae811cf4bb0cbeb5c83981354d219d96f01177443/button.py)
80. cache.py (path: /syssec-nas0/pyc-research/compiled_evaluation_targets/usenix_test_set/python-3.12/a67c49030ac038ffcc65765bff78c774cd4c7736de936c3984bb5a294435449a0e772a2f0292546ab764e72c809fb87078bf20ecb5af626f382031e0eeab7659/cache.py)
81. cache.py (path: /syssec-nas0/pyc-research/compiled_evaluation_targets/usenix_test_set/python-3.12/cf520a10ba107d08d628b9e6b54d1ca736c48d6fde28bb20ac61a1ce504dab98035fe49f9b134b440720ba905e6dd1887ffdb00884a45dedf6bbc18f4ea6b595/cache.py)
82. cgminer.py (path: /syssec-nas0/pyc-research/compiled_evaluation_targets/usenix_test_set/python-3.12/ce7ae1335667dd726e0a712162e4b00a283d15a95e0d3b16c77676ceef1ad19284c2a7179fc169bed28bf975e2f028dc2341c2714177aa23d9150f52f2b255f1/cgminer.py)
83. cli.py (path: /syssec-nas0/pyc-research/compiled_evaluation_targets/usenix_test_set/python-3.12/39d060036fe999f34fa5cf8cb9308a44ff42ef017acad09731c0f0cf3456fcfd5856cc48c5b75dd9ff6bcb9f25572261700a6eb0bb51bbbfa33992b2f892a5e1/cli.py)
84. client.py (path: /syssec-nas0/pyc-research/compiled_evaluation_targets/usenix_test_set/python-3.12/5e9d0380ed6fc4b0e5166ebcbdfb23a953338f08a3468c8c87478dfed1d7d46bf610ad3daae9fc084ec63be133b43621e59d6a6b6ad0d717cbd9bffebe3dce62/client.py)
85. client.py (path: /syssec-nas0/pyc-research/compiled_evaluation_targets/usenix_test_set/python-3.12/8620392e2370c75c01b59a0c69ffd376d2e4cda1ad91e8a99cc9ce2f90ccda6c04695ae124e213a2996e4a1447e0db364bf1b3dc49322bab36d9f219cdc21956/client.py)
86. client.py (path: /syssec-nas0/pyc-research/compiled_evaluation_targets/usenix_test_set/python-3.12/aeb8234487890a8001ef57de9179022719b15d2d01a7deb1b0af56f9631a8befe4c048f1132aacf7c03f1c293df6d5d3380fcf6de3e93c84e88b56db81349030/client.py)
87. climate.py (path: /syssec-nas0/pyc-research/compiled_evaluation_targets/usenix_test_set/python-3.12/fc92cbd4cfa0179c20115104e541d2824a07ef10d9db32758c128b0048a0862c36899ed68b1e028d06efe7c082fddeb101ef8ec6f4bd4fc3fe8c694f5c985510/climate.py)
88. cloud_init.py (path: /syssec-nas0/pyc-research/compiled_evaluation_targets/usenix_test_set/python-3.12/eea8d532f7881a25e483b8568d31ce02aec3eae8b76a2e2ac94981926c4ad714fb42f9e79c8be51ce49b6c2883b823e196f6e1132e9003fee3bfb4631659608d/cloud_init.py)
89. common.py (path: /syssec-nas0/pyc-research/compiled_evaluation_targets/usenix_test_set/python-3.12/ac5cf3e7c3070387be0dda8adbf21e7be8cc5626a1f765f705f3d5a9247a6b53440b728497783601d31738a93ed386cda2e986afc2502582fc72aeb9300f83be/common.py)
90. common.py (path: /syssec-nas0/pyc-research/compiled_evaluation_targets/usenix_test_set/python-3.12/e3d1bf3a3521c8b7d91edb167fd79e8c33f33449dbdce5525aab2d9e75cfb8211cf766567219dac7496ee55e6442d326b3a282b2d3993e6247d522dc5b6e93ff/common.py)
91. compat.py (path: /syssec-nas0/pyc-research/compiled_evaluation_targets/usenix_test_set/python-3.12/992dafc4657443904f98170017c7b0d1812101f24b9d03c83d26a97d8973099689c71144851be3bc8212d90af169df492699d1633517039b2e5da25706972c3b/compat.py)
92. compete.py (path: /syssec-nas0/pyc-research/compiled_evaluation_targets/usenix_test_set/python-3.12/cf43e881ed19f24a2d1bca17bf70848176f01922ad8f94028493e54a3f3e89f44cf64100503e462fcde5c6fee62bdfc5b0ec4724f911e61c7225568eb1276229/compete.py)
93. compression.py (path: /syssec-nas0/pyc-research/compiled_evaluation_targets/usenix_test_set/python-3.12/7686b2640036bbb57ed1bbd2889a1999175d9f9f4318bda0ea8c8cf1cf17739b1867e361d4c5d4ee1dc642b56b02cf5b87524fc89fd87c1edf587267e31bf7b3/compression.py)
94. config.py (path: /syssec-nas0/pyc-research/compiled_evaluation_targets/usenix_test_set/python-3.12/26aa5943c11f7dd614d6d6f5be4d0e0e8bd526129931366d762c02daaedf1a6133ca0b9748eaec83f26b56731fee210836ee880f4091aaa1b677dc7341e2188a/config.py)
95. config.py (path: /syssec-nas0/pyc-research/compiled_evaluation_targets/usenix_test_set/python-3.12/278198bbdcf4e886366c00cd121bad6aa07be6c69d9e98bb54beb927201b2b3c90136cce870177c9c254305b439a5dce3d511d61ccf2a643369ef7d794d81f42/config.py)
96. config_flow.py (path: /syssec-nas0/pyc-research/compiled_evaluation_targets/usenix_test_set/python-3.12/205fedf7441c0cc6ac636181d432815db97b95b82e84f6930e937b5b42a7b64abd764ab98c51e74c410b25a4ed5697782b55713c0e308cd5e499646707ab35e9/config_flow.py)
97. configuration.py (path: /syssec-nas0/pyc-research/compiled_evaluation_targets/usenix_test_set/python-3.12/0e25706b814e5b1ce031b8707b4e447c2a03583f87a106d1aadfa459fb0bbccd363eb7822e144fa7dbc0ade604ede90210dfd35ff88222ebd7c9cd7076d4b911/configuration.py)
98. container_helper.py (path: /syssec-nas0/pyc-research/compiled_evaluation_targets/usenix_test_set/python-3.12/24592f5b74866a8f908a7b31ce6ec6a0594420708c875d9cd0a4db951a942f1405681d4c70b6e7fa4495cbe889719c399ab649d105371b5b691a44d6a12dd2c2/container_helper.py)
99. controlled_gate_test.py (path: /syssec-nas0/pyc-research/compiled_evaluation_targets/usenix_test_set/python-3.12/7a3d58d1867aaaaf90d9565868f3dfb37a796870fd7b22534fb728deee2186e1be81fb5f3d1741598e01729a8c0d043bd2cc02ea54e8200f7ea35e06032f0b27/controlled_gate_test.py)
100. conv3d_alter_op.py (path: /syssec-nas0/pyc-research/compiled_evaluation_targets/usenix_test_set/python-3.12/5ab413e2b7c4d701c99f9d0d71dd031b5f50eee7ee2b0471648d5f66ee2ad81622f1c9baaa8414ccb96323ea6b1ab3db4dfa9db34e3d9b52e84a708cc29dfbf6/conv3d_alter_op.py)
101. core.py (path: /syssec-nas0/pyc-research/compiled_evaluation_targets/usenix_test_set/python-3.12/777dd179f5295f188238e7381d6e5e6e1c8355ddb304cc8dd239718158a13693fb5b2b72d5676a4ab6f520546048da61f2349648238ecf423d922bf5bc9e8e13/core.py)
102. csv.py (path: /syssec-nas0/pyc-research/compiled_evaluation_targets/usenix_test_set/python-3.12/73349d7e40de4c211643144705c393d524a63bab4e33ab73e6fc7934eb8cfbe1d057b39b292fc6bd9cfcd134ddb46d1d310e78f4ef9b089baabe397df1f4305e/csv.py)
103. custom_policies_integration.py (path: /syssec-nas0/pyc-research/compiled_evaluation_targets/usenix_test_set/python-3.12/38df3cca09350cde024ffb52047d770fd23928d75fba9c3fe6f4b1c40b197b47bbf3da00c1e17c0f6f4b9bc0d25d97a2430f95437bfd3ccdb341f61432ff5d0a/custom_policies_integration.py)
104. data.py (path: /syssec-nas0/pyc-research/compiled_evaluation_targets/usenix_test_set/python-3.12/dd7bee742879bd178e8ae00c3e6c78694a9b556cab6cb248a68eb732e9d7e7aad192541932abb7cbdb5f7ea63b38246d6c17dbc8830c39e7b251e6e248728035/data.py)
105. dataset_providers.py (path: /syssec-nas0/pyc-research/compiled_evaluation_targets/usenix_test_set/python-3.12/aa8febc11b0fa251f887f8ee0267c88818233aaf99d9e0bbfee42239eabb408c923d23963a5f3c60d8ad40c56fc3aa4f8db48652580d32e916fa5ff5a61f197c/dataset_providers.py)
106. dataset_providers.py (path: /syssec-nas0/pyc-research/compiled_evaluation_targets/usenix_test_set/python-3.12/ed61dbdcee61d2c3301c90bfbfc95b7ea456212ae68d5f0ea0f9a1ce18bdb33f44f756eda0964e9bee747493992204f4b385001086c5f64f1e60c5075e81ac37/dataset_providers.py)
107. decoder_loader.py (path: /syssec-nas0/pyc-research/compiled_evaluation_targets/usenix_test_set/python-3.12/86a1a6aac49f23b4c629032c95f61267c4f6a459561dee9b14068b26453696e4cb394c4df8229ba03407ddbc053e2b071ee766f9f9d7c554a3cb7f4a45626965/decoder_loader.py)
108. draft_diff.py (path: /syssec-nas0/pyc-research/compiled_evaluation_targets/usenix_test_set/python-3.12/2105618ea46731051e7137a687fbe7ecc3b9864a715ab0cb0907e6ce43d8f71ddbd8f10f26a064e0b12179687451d588607d82360d2ffa5f27fe9bcbc3f4c8a0/draft_diff.py)
109. driver.py (path: /syssec-nas0/pyc-research/compiled_evaluation_targets/usenix_test_set/python-3.12/64719785210dcbe5d58c69f02c38f29a43e21aee07993d23f173f5a3e3ee071881386c83ee2f2eb9f4754c3d8f64ce16f5b3520ac96fa185870849bbd04e65b4/driver.py)
110. email_auth_plugin.py (path: /syssec-nas0/pyc-research/compiled_evaluation_targets/usenix_test_set/python-3.12/d631d1141184e84dbbb2d277d2e25b7e3cef27c7b6518a367f12540d21c20e835bc9cdf06e3b4a383d34b21063775c3a09553194cca99f8ce44353deff0592b4/email_auth_plugin.py)
111. engine.py (path: /syssec-nas0/pyc-research/compiled_evaluation_targets/usenix_test_set/python-3.12/a0c91758708c30cf81d9b28dad13b4a0aca3768c7567cf8cd44b93efa66b90975839180b6a7454db858952022341bda3be3a20e8f263c8fcbc297f11522796cc/engine.py)
112. es.py (path: /syssec-nas0/pyc-research/compiled_evaluation_targets/usenix_test_set/python-3.12/3572599aea1ac3c627725f41f8061d30d133f6ddff861358a83e5ea2df1ffbd91a520831e8cf2a10752fb071256f5f1b29085a683c56db40d632a1cf01dbcb23/es.py)
113. evaluate_sbd.py (path: /syssec-nas0/pyc-research/compiled_evaluation_targets/usenix_test_set/python-3.12/b225d04a0dadd1af2bdb94806bec5ee3a506b938e054665eb5f14ab69e4623d4949aaafd9edd3e6d1134850c127f22c82ecf98b2ea0244c9ab9199dba6f3c13f/evaluate_sbd.py)
114. events.py (path: /syssec-nas0/pyc-research/compiled_evaluation_targets/usenix_test_set/python-3.12/32da20fafeba008e3d5b73b0608d811343b6008645ebb446515adbf8f0b4f830629dd7bc310ce32934d02f08386481ba6fcbf0ed8a3ccdd267b52c643f03f3b6/events.py)
115. exception_handlers.py (path: /syssec-nas0/pyc-research/compiled_evaluation_targets/usenix_test_set/python-3.12/72f2006ff274a1ef7b95c69cdc3c73af3f2ce3dec8918222b40ee4d2a561c15db0731f9967eb6c27918ae9a99df2cb98db513fccb800e36f0b8bfa5cb600cca7/exception_handlers.py)
116. exchange.py (path: /syssec-nas0/pyc-research/compiled_evaluation_targets/usenix_test_set/python-3.12/207de057ef63c391f88906a4502e83f565a21c8dafd71e538fa72f0cccbdb40362dfccca80ac74cdda18d45bd623d81fcde1c089d864645d1fd28fb41c7f58bc/exchange.py)
117. export.py (path: /syssec-nas0/pyc-research/compiled_evaluation_targets/usenix_test_set/python-3.12/75955dcd80a0c4f6c77525d6046bd1737f43a7494bfad37916b0bc6c6101c21d2b84a5247d45aef1186c729f84d5faeb8885140dde72a8563e8c1db8c0111592/export.py)
118. file_io.py (path: /syssec-nas0/pyc-research/compiled_evaluation_targets/usenix_test_set/python-3.12/179485b361eacac5884667d7d7374a4ac6c07249285325a5669344c9f71e3169310965ec88e0f16cd9f14f50cc08eada47d93ef7d4ec067700365c63f9fc5f29/file_io.py)
119. flict_config.py (path: /syssec-nas0/pyc-research/compiled_evaluation_targets/usenix_test_set/python-3.12/8f94c5e465d39b12a3f9923e1ddd8777a7b4854793a38dbcd583debcde7e2562deb08bd468782265b24d012bb9f4517a0d6ae5d9a230b8ac67600f8763af3925/flict_config.py)
120. fns.py (path: /syssec-nas0/pyc-research/compiled_evaluation_targets/usenix_test_set/python-3.12/13c110210b211d3c1027e9fda052628eab0d8dcdfbb1012282027347049b2057de5b09a6c07767bd1d3d4feb72fe56cbf9a778ad72b011a66c050b042ac65419/fns.py)
121. frame_base.py (path: /syssec-nas0/pyc-research/compiled_evaluation_targets/usenix_test_set/python-3.12/4e4a3b2514cf681ab9c9ffa1d40eb22cc45567762037bb723003c2faf563618d29eded256460443a09039ef1280e6e1513bf4ec03767a1d9ed07d515f4017deb/frame_base.py)
122. gdm.py (path: /syssec-nas0/pyc-research/compiled_evaluation_targets/usenix_test_set/python-3.12/37290885c451e7f3ec76d92320832fa291f112f11571b60aca18a26c68d50ebdb30a21accffb303ccb83e439fe3abd86970b44f009d564422e6d863eff3c61df/gdm.py)
123. gen_image_ops.py (path: /syssec-nas0/pyc-research/compiled_evaluation_targets/usenix_test_set/python-3.12/999bc21524713b748867b3158dea753d9aa0cc5199edd18747232d269adb6d415642dc5738e643ed071f8342a437cfce51a86bc1804796969f990ca78c1b5412/gen_image_ops.py)
124. generic.py (path: /syssec-nas0/pyc-research/compiled_evaluation_targets/usenix_test_set/python-3.12/a47f68856c8ae9322ac9d570382cb5df77f7cb1b18db470277f051284973c45134fb7224f43b2eb92d6fa74f9850a4aee17ad1240387292156a0a22c45e51169/generic.py)
125. gerrit.py (path: /syssec-nas0/pyc-research/compiled_evaluation_targets/usenix_test_set/python-3.12/af337628c2908249af7d945563ae4310623f81a3e22f2da5682395e81c858bd5754e0eca8891319677b70035f7bf163333b9da2fef91f300464e6de62bbd1c6a/gerrit.py)
126. gitlab_housekeeping.py (path: /syssec-nas0/pyc-research/compiled_evaluation_targets/usenix_test_set/python-3.12/149239392ac4ec9a5d49aa4a78ccfbfd0664de6f44eb855c3d452e072fc364a431a93b2e069973d226421acd9f223601df091123270a90b78ebcf215911f076d/gitlab_housekeeping.py)
127. goto.py (path: /syssec-nas0/pyc-research/compiled_evaluation_targets/usenix_test_set/python-3.12/299137a11ac93e0ff73d950a6863ab7a84635014708bfb4cd09e1d51ea77af768e9c021f5526be993f6f804d29558aeaace0b3a2039f28a0b72d6028038b06ac/goto.py)
128. gradients_util.py (path: /syssec-nas0/pyc-research/compiled_evaluation_targets/usenix_test_set/python-3.12/5648588e01f4c2bcc04811c614dedb27d318d1b9b2671edb26271215ea5674ef96d05ba9f5fd4117d6ccd02b17ccc5772f3d7f9c2e34291fcebf426c86a2df64/gradients_util.py)
129. grid_finder.py (path: /syssec-nas0/pyc-research/compiled_evaluation_targets/usenix_test_set/python-3.12/9adb7cace7418536c7432515bcdeb74b3ce556902914e1788bdd9ed8bc0b79769ad0ed3f1534ff8cc5b3833e77494b02883fc782f9ae8f9d804fd3705156e6af/grid_finder.py)
130. hashing.py (path: /syssec-nas0/pyc-research/compiled_evaluation_targets/usenix_test_set/python-3.12/dfc3be2ec5c99d4c3ed686bbaf9dfccb48cd23e5950825c01e70c6d2253bba1392c6900feef618e4e549a81f56950af98fe641bd44b3a40258be603c59f27da7/hashing.py)
131. hide_utils.py (path: /syssec-nas0/pyc-research/compiled_evaluation_targets/usenix_test_set/python-3.12/3e9b640265aa654cda4581e3cf6418aaa817f1fcd6feedc06f35dec3c6dbe7d8f18d98c5ac4c49409745f7b89a0016c11ad0a5bd89133de147958fd86000dbae/hide_utils.py)
132. horde.py (path: /syssec-nas0/pyc-research/compiled_evaluation_targets/usenix_test_set/python-3.12/f2c969dbb7090a6f06b07f97ecd9fa08b9bda8ad19f0298cc212d5e724ce5edf1079b47daa0bc6ed0769a526ece29a7751c15df3eb64a6daf0a7470b9239a469/horde.py)
133. http_client.py (path: /syssec-nas0/pyc-research/compiled_evaluation_targets/usenix_test_set/python-3.12/75195eed5eb8f6149d580556992a29f25c2bd1e4a55864ef1e0cae34bc38172af9147507e4cf0b8d3575c01023be5eddee347114fff17c04c6215d208f81925a/http_client.py)
134. identity.py (path: /syssec-nas0/pyc-research/compiled_evaluation_targets/usenix_test_set/python-3.12/2f351d3f845f920ecba68a6c3e9347b964967c60aa38157cea3b08d758a5dd05cbc194715e88cb592cb2e93427ecebd318479eb3a908e5f1b414c167ee8ec9c0/identity.py)
135. information.py (path: /syssec-nas0/pyc-research/compiled_evaluation_targets/usenix_test_set/python-3.12/ec93898595f29ddfed0893ed9ffbccd07f005eb5e329997293abbde90c03b1ae1e2b33489d6d267f81a1f6f94a9e63c404a8b4fc057732651f9f56d956b3cc70/information.py)
136. init_route.py (path: /syssec-nas0/pyc-research/compiled_evaluation_targets/usenix_test_set/python-3.12/4891fb5f3d65ca5059ce9c9676b63115e3764e63a95339ea1698bec1e6551e677168aeb8769277358b64f62fb49307972b8efb2e23f30dbe41e94c752f2ea4fa/init_route.py)
137. input_spec.py (path: /syssec-nas0/pyc-research/compiled_evaluation_targets/usenix_test_set/python-3.12/e93c355e44b261b2059f878d60baf482836beb2057030b8fd0406b043e32a5e1de32dc747d2afe6bd90d2c33ddfa3c3d0eeca8558bfca81b8eb4d11a806f1c89/input_spec.py)
138. install.py (path: /syssec-nas0/pyc-research/compiled_evaluation_targets/usenix_test_set/python-3.12/ffbbd47346632ced7c335e3fd9f108521233b44c9ac16433e36df9ddedf6fdf018323b82f8341443d4b86b6dd75cc4eef473b09400abe31ee4592a9c9ebbc2db/install.py)
139. intent.py (path: /syssec-nas0/pyc-research/compiled_evaluation_targets/usenix_test_set/python-3.12/ce2c0094f9d77c1d04e616e22dfbdfb78efad93ccd93f6b317815bc57046a8b7bad982ab5b74ea67a0cb06657d4ac76cf8d6f0d15ec69f77287ef5187b2e25de/intent.py)
140. interval_lifecycle.py (path: /syssec-nas0/pyc-research/compiled_evaluation_targets/usenix_test_set/python-3.12/39dd3de8a559eb00074c5244936139667e258d4aef62d1750bcedff287311bdfbf63adc3ecfe8c07c1ca525a6c6e978b167e9c2f457b7eb9b0dbc886f393e276/interval_lifecycle.py)
141. iterator.py (path: /syssec-nas0/pyc-research/compiled_evaluation_targets/usenix_test_set/python-3.12/6b292028392c316b624bea1345952b3aaf3d04b7398d39c64e80e7caa8b113d8b6ab540cdf956e02b78dec1b3187817ce41f61d0c0b64d7d756c35b9cf2e1c98/iterator.py)
142. jinja2_debug.py (path: /syssec-nas0/pyc-research/compiled_evaluation_targets/usenix_test_set/python-3.12/d7066f719f9e8e30e2a90c0e1c0f59cf4951c0226e477a3961949274899396491ba9f8d27ed4adbd19a609a0ce4bbe9bb437eed3be00f576cdf20ac7401fecfb/jinja2_debug.py)
143. job.py (path: /syssec-nas0/pyc-research/compiled_evaluation_targets/usenix_test_set/python-3.12/725e2f198c267e8eed07dee213c2fa0c5ac6d0cfe2749a2d68ab19990cb2dabf02cbf0579e55d0952205354f66f8aaa5bd4e9682d0d168ab455fbc2947040cca/job.py)
144. job.py (path: /syssec-nas0/pyc-research/compiled_evaluation_targets/usenix_test_set/python-3.12/82eec94ca7098abfb0066b6bd225c11bb4eecd18c9f4cffd42b6f1ccafaf452005d2e1b8a85faef6d2d1c27bff26798fdca9a09b0792f3fe38c40c5fb2ef86ff/job.py)
145. json_format.py (path: /syssec-nas0/pyc-research/compiled_evaluation_targets/usenix_test_set/python-3.12/811d12c92e619883d55077105a66ffc49f9a135e6ab4eabb4abbe6ab3faa92ed27b295d5f78a9d2a68951e7d6210e9cedd17047c4cc41a59a0ec42bc6b009ad0/json_format.py)
146. kvr_dskdm1230.py (path: /syssec-nas0/pyc-research/compiled_evaluation_targets/usenix_test_set/python-3.12/ddd53c62c0c4efbe20932fc0bd44f57d745efb5917e088c668c754ecdaca8c776dc6674350bc0837c5204f0aab4addf0aacce67eedf7f77741e1c2a9b9f7c9cb/kvr_dskdm1230.py)
147. ldap.py (path: /syssec-nas0/pyc-research/compiled_evaluation_targets/usenix_test_set/python-3.12/9ac5b88a7da5ebd28c050dc78b82f0281d29f6b168103f23cd780afcd53d9fbb5a8d9293e843b3b2b2b0e5c9df5ad35de1c6e098c10923d2dbadd5748bdfd3de/ldap.py)
148. lib_backup.py (path: /syssec-nas0/pyc-research/compiled_evaluation_targets/usenix_test_set/python-3.12/bf62423ec4b76f5e73585215a512942a1ea250f4e9b11d3bafe922689aeda1fd9a5f561332d8e95e176f1dea55a82104ec2f41af63680ce68436b66c51cb0067/lib_backup.py)
149. linenotify.py (path: /syssec-nas0/pyc-research/compiled_evaluation_targets/usenix_test_set/python-3.12/722ca3e81041928fcf9f9995790128538e01184e8f7ff90a0ed80563ea2b915f774afbfabf97ff296ebb826e74545af089c3828a4e2d45145d85317bd8bfbec4/linenotify.py)
150. loader.py (path: /syssec-nas0/pyc-research/compiled_evaluation_targets/usenix_test_set/python-3.12/06bd23c76f46501eef32a0d2c4c7889e2385f4657c50c548d7f643551e1692868a2a8a60d2e2b00fa79f661b608714bdb867ae5230bccc53eca0f0e623ec338c/loader.py)
151. loader.py (path: /syssec-nas0/pyc-research/compiled_evaluation_targets/usenix_test_set/python-3.12/165996b4d7e08724204ddcb904ab832bc1eccadd66fdd294457ea9fd8d98b98cb19da77ded96548a4a46c089967413123231d356f9fad2f61cf572afa9c402ae/loader.py)
152. loading_prompt_interceptor.py (path: /syssec-nas0/pyc-research/compiled_evaluation_targets/usenix_test_set/python-3.12/53f17fd3c2fada8d9a784059d7ce9ca4fd27ca86527bcbd169f269b75773e4a46c1898d7901c27581dc38666f09862519e3756327946f1ca784cfd755625cd5c/loading_prompt_interceptor.py)
153. local_project_config.py (path: /syssec-nas0/pyc-research/compiled_evaluation_targets/usenix_test_set/python-3.12/71d0e41dddd1d3a4ad9bd314e80b944cb148b234a853acaaa7bf6405ca9c8c932957dca01de5617df71c70f51277327a5b70476e634052ebfb2cfcbf1a866a7a/local_project_config.py)
154. log_view.py (path: /syssec-nas0/pyc-research/compiled_evaluation_targets/usenix_test_set/python-3.12/178b56efffd3bf832efb44ba7322816793c16a4d8b32d4fb5f33b48512e0c4def66df5cebfbc5e5b33c685c89d9f67bd41ab6f51b0eeb3d208c7502a6c4933a2/log_view.py)
155. logger.py (path: /syssec-nas0/pyc-research/compiled_evaluation_targets/usenix_test_set/python-3.12/1e8aa996533bd98bb5bc48e6a539f85c9e7ec952a65879d9638c61aa303add64c2f7da404a26a1666c1a4e089750406fe5f862dc8346a3861254c4393ac7a12e/logger.py)
156. macroserver.py (path: /syssec-nas0/pyc-research/compiled_evaluation_targets/usenix_test_set/python-3.12/ae369c846522915ad9e08c63dc190ac116e9fc44e855c8576f215f8662657764a872b1ad14d15f9e72bf559c6563cf5cd8c0ad07c29864727b1a6cabc45a047a/macroserver.py)
157. magnet.py (path: /syssec-nas0/pyc-research/compiled_evaluation_targets/usenix_test_set/python-3.12/e8a7a2e0eb04a45d427bdb2c512b059109420d229f9be5dc6cd51cee2fefee9ea614264d5fc7dd2bec33cfae27f7c61da915f6354bbdd1b9102311ce5f00eb33/magnet.py)
158. math_grad.py (path: /syssec-nas0/pyc-research/compiled_evaluation_targets/usenix_test_set/python-3.12/dec7ab7f96054af2d9dff76b1a6983e065fb672aa3e916080c1231aa5b5e1d8188caf0b12ef0153d8ec8d6d358b6d89acaccaa7bfef25bee7f66b74ebf9829d9/math_grad.py)
159. matrices.py (path: /syssec-nas0/pyc-research/compiled_evaluation_targets/usenix_test_set/python-3.12/fe1166c5c420fdf2df2851aa1f484eea48ebb73f1d31e06242432996a0d5cb3a69a7a68aa150c55c84776b4d0a1d08e7a292cc4bd3910349b6ef8c6011dea41f/matrices.py)
160. metaclass.py (path: /syssec-nas0/pyc-research/compiled_evaluation_targets/usenix_test_set/python-3.12/e314f5f755c2940c1e033c5c0bfcfb6412090099b0e794b42f88ca1e280ca1566fa001f26905e709c3b57439d6905cf43a9061f791fb52f52c29e7e9ed865544/metaclass.py)
161. mtv.py (path: /syssec-nas0/pyc-research/compiled_evaluation_targets/usenix_test_set/python-3.12/2cffa091502bcd49fe1d4cef4a94a0acbc22c365c54213895216e38eac35d6bcf48687b2bb056f43264a81170c12ba5d8f5035a06522bac93e3c16bd955c8173/mtv.py)
162. nlp2cron.py (path: /syssec-nas0/pyc-research/compiled_evaluation_targets/usenix_test_set/python-3.12/1a2a0f472e9fb44cc5bb51b8f9087ac3a7cf5f937f79dac813197a6b578a57ecbbb1aac0b6585705320e7918bd73840d8eff7d423ca0b1fae3f6eb74aa26f5e9/nlp2cron.py)
163. no_set_for_loop.py (path: /syssec-nas0/pyc-research/compiled_evaluation_targets/usenix_test_set/python-3.12/045b56c1ea3c463c77a228094cd80a89a8ba0abb1c06aa9d8fced25db26572d7967c24617f9a586320bee9dc11210073d6f1978494d3945610ce4058692a9db3/no_set_for_loop.py)
164. old.py (path: /syssec-nas0/pyc-research/compiled_evaluation_targets/usenix_test_set/python-3.12/f9d7e6438f4ac9ad73a7e47522c0bfa57c3f21651f526a2121787820b4ffdc0426bc1209862be1ef169719521404cb4b48fccf1185007e5f06d05b3aa1557107/old.py)
165. ome_tiff.py (path: /syssec-nas0/pyc-research/compiled_evaluation_targets/usenix_test_set/python-3.12/6710749f23afa2e5f61f5ae1f0269b78aa78f14d6444823652b877cccef54254b460e9164289ad7e7d51a44047df851ceb245176af7be97d376a8d00fb3db1b8/ome_tiff.py)
166. party.py (path: /syssec-nas0/pyc-research/compiled_evaluation_targets/usenix_test_set/python-3.12/377a8a7908bda0850aee334e8ce1c025a51229f38ee97ad8bc4e7c73bb8e1ec264b08e3895bcd3312a3d93168851bbd43a662765dfb4e3aa07c510fafc59413b/party.py)
167. pg_pi_measure.py (path: /syssec-nas0/pyc-research/compiled_evaluation_targets/usenix_test_set/python-3.12/66e63209911280e12844b09149232e8aecc04c9576303489038d4b6e5e06e03d5ba36ee69c292430d77ff941ccffde151ce6a42b1c176c3a4bf49efd669415e9/pg_pi_measure.py)
168. pipeline.py (path: /syssec-nas0/pyc-research/compiled_evaluation_targets/usenix_test_set/python-3.12/4ba20f5a25174f2f3e06a6ed825b9721b9ecb2404024c91059be083041c0ad65ff38a83652ccc7e8e2a0dc15a563752153e09dbce7567484571da90c4e545a12/pipeline.py)
169. plots.py (path: /syssec-nas0/pyc-research/compiled_evaluation_targets/usenix_test_set/python-3.12/98ec30943dab93397c1927d854d28e7c4f84a008a2fbe33451ea3a1454f96740338a2b969db90740d0367fe3acc5da5e111d11fe2b3be5efb84144ca6d7d1bce/plots.py)
170. plugins.py (path: /syssec-nas0/pyc-research/compiled_evaluation_targets/usenix_test_set/python-3.12/f00bde1a7bdb97d892bc24d356463bca33989d6d2e05d5d2a1092618de0956ff322de7238204f2d3594b66678a88e7f94d80001c8c1596152a24a011f0678be6/plugins.py)
171. powervr.py (path: /syssec-nas0/pyc-research/compiled_evaluation_targets/usenix_test_set/python-3.12/b5089ffac8647197143b66dfdff4b4cc62ddc61b489e2bda9e3cf988c29b91c033b48b8dccd543210c088d4d15489c52567c9b99cef391a9ccf4cc67cf723c66/powervr.py)
172. problem_specification.py (path: /syssec-nas0/pyc-research/compiled_evaluation_targets/usenix_test_set/python-3.12/cbed7605b8f71582bd7b77dbb2a84c07be7253d9cc52240ad342aea291a631183d67a71796d3be9a7b1882f4b0e009c7a611d70b974183656921b269010ffbf7/problem_specification.py)
173. proxmox.py (path: /syssec-nas0/pyc-research/compiled_evaluation_targets/usenix_test_set/python-3.12/fbd60ddfcea2e16fa7e65bdaa94a05578d92ed4bd8e238ae9d40b2517f1f503a02af8b145c8e89eefe55759a65c3ba055964aeb2e27c2dd34d55efe32fa2e93a/proxmox.py)
174. python.py (path: /syssec-nas0/pyc-research/compiled_evaluation_targets/usenix_test_set/python-3.12/f06110e27806ca908dbb6f641834a8495cf4fdb3a7afc1f9cb2cb4882173d7009f3debf3a69d13f6d32176baf61ea22b612c200bbdf3493c1b9b62f5fda86d01/python.py)
175. query_result.py (path: /syssec-nas0/pyc-research/compiled_evaluation_targets/usenix_test_set/python-3.12/b44e6e553cd8ceefcdcc90db922c0dffe04e2016984aaa8745f532574e13bb425fef07e008026641b96d68ab5725372ecbbbfc52be243bbbfdd4f3573f5a29ba/query_result.py)
176. readers.py (path: /syssec-nas0/pyc-research/compiled_evaluation_targets/usenix_test_set/python-3.12/981c02accb75a98866e29d82dda320992e65df639e5358368008e177efff789dc03aadb877ba39ff270b13e5d78fcf121c41cc2924aa9489164204670ac55912/readers.py)
177. referring_video_object_segmentation_pipeline.py (path: /syssec-nas0/pyc-research/compiled_evaluation_targets/usenix_test_set/python-3.12/d9ab91f72e2e6c5fdad4bf1351d0585d333c6a52799350dba5ae80289973e4dc0ccecbedea5f1c5b66d76ef2266855142c015069fb7e78136768e783621ccbef/referring_video_object_segmentation_pipeline.py)
178. resolver.py (path: /syssec-nas0/pyc-research/compiled_evaluation_targets/usenix_test_set/python-3.12/903b60923df37a1c9ae4cd8f18df9e8aaaf1937493cd9b52272fc5a28df2c8ebdb4cc23338fe984037cc0bfa6bbe466aaeaafde59746c108c0afccb6e46d9264/resolver.py)
179. response.py (path: /syssec-nas0/pyc-research/compiled_evaluation_targets/usenix_test_set/python-3.12/715f92026406370dfe7054392b0f3a7e1722ea58eec8aa29b19b58329bb265ad59dfb6647348efa238935d47bd3b79bcd39e0968e32725874834528c10390630/response.py)
180. revChatGPT.py (path: /syssec-nas0/pyc-research/compiled_evaluation_targets/usenix_test_set/python-3.12/9d3258a76bf781ef26b07ddd418c8bb3e0760385d7ee3011538e2e0629eb7addeb9face0aa5ca1836ad95136633fe2a4e75b2ef38aa169c81d343235eb9e2406/revChatGPT.py)
181. rtcrtpsender.py (path: /syssec-nas0/pyc-research/compiled_evaluation_targets/usenix_test_set/python-3.12/2eb1b54d5e42d7d9eac34490c83da8586955b614b97c6aef2b2b63f86463cea2200d873c34c732b3cc536ee2d2a41a005cefb80781e34679fa263a1eb68f3a08/rtcrtpsender.py)
182. run_all.py (path: /syssec-nas0/pyc-research/compiled_evaluation_targets/usenix_test_set/python-3.12/fe50871af19d072b8b60a0a39e59f48ebeb2856f5304814f7a00a510984985978f05746f1b71a5a9d6115ba91146ccf297fd2e849775cf74b188d9010d505237/run_all.py)
183. saas_connector.py (path: /syssec-nas0/pyc-research/compiled_evaluation_targets/usenix_test_set/python-3.12/30e9c160f4ff6be06fe15032e174f5cb8311bf353e066a12c5f48da6af5448c3dad6dfd78034034c03c17cf49134c4bc3099fb4fce796e73b5a8da91e8b23671/saas_connector.py)
184. sample.py (path: /syssec-nas0/pyc-research/compiled_evaluation_targets/usenix_test_set/python-3.12/ed98ef14f342b0b2c67d232080e30ae4e5039ff7f4c1354c487d8748200733b1ca9c8cdeb0f9c7af4fdaf29abb703512a4497353868b9570fc6cbd4e84010f03/sample.py)
185. schemas.py (path: /syssec-nas0/pyc-research/compiled_evaluation_targets/usenix_test_set/python-3.12/045cf9f46846d988ada51284223e1d0d233ad2ac09fc1d0cf392d1dbc2e30d159a06b89b73f43150a5da1807588891e22fd3947981147e946a0e862617e06fea/schemas.py)
186. screenshots.py (path: /syssec-nas0/pyc-research/compiled_evaluation_targets/usenix_test_set/python-3.12/984f2a8f89ba47db288555e4862eb163784aac9a5ab6fd3f067ff3d642a1cf87753b4f9bee66b435199cfa1195331311b842732771fc3ed3744b4c21166d79ed/screenshots.py)
187. search.py (path: /syssec-nas0/pyc-research/compiled_evaluation_targets/usenix_test_set/python-3.12/b80be56c6bd751dec60ae8ffdd3f72f34edc2727dc43388824aa47ccee3ca25ea2d8af028cf2fe719529bf128e1766f3f9d8fd10ea445f68242ad24145cf6387/search.py)
188. send_code.py (path: /syssec-nas0/pyc-research/compiled_evaluation_targets/usenix_test_set/python-3.12/5837d66e8ff8f509876162d9743f125e0e09e063bf49363246ef486243f7d05dc2a7c14afd48a12e86014c68e4931870bafb9f3ff95424eb06c2faccd121e372/send_code.py)
189. server.py (path: /syssec-nas0/pyc-research/compiled_evaluation_targets/usenix_test_set/python-3.12/1e7373a3896f1c6f1a4cd0657eebbe39ecb090327c961342f3e83faa839ef13c006c0c46b9f9f069e58f97ae49724c6d1064f68c0e20d17af2c155fe0ca7900c/server.py)
190. server.py (path: /syssec-nas0/pyc-research/compiled_evaluation_targets/usenix_test_set/python-3.12/51cfe9f9267e456838ff14167187b394c00275a78f7012f390cda50cf432020cc37c5ff22a1beab9b0f4758b52938c50f0d30e3a74698e6a7e76835a0abd9f4e/server.py)
191. service_models.py (path: /syssec-nas0/pyc-research/compiled_evaluation_targets/usenix_test_set/python-3.12/f8ff8a3d1f1873b2d92156da3def0e46fa27a508e91625c64c6d846567b9616e470a8dbe727c60c6d36e133179ee0801f972cc1e3f8a94b0c21cbefd08b2214e/service_models.py)
192. smtp.py (path: /syssec-nas0/pyc-research/compiled_evaluation_targets/usenix_test_set/python-3.12/3f53a43b3336070fa1da8bd906f17f9e8a083606f6c1f3189d36d2a6fb52ae066b6fa3e0c6795440cacef1640079457da21ff6e3fe6b5b95dc36e844f38c45b6/smtp.py)
193. source_remote.py (path: /syssec-nas0/pyc-research/compiled_evaluation_targets/usenix_test_set/python-3.12/d102a82064eed7d2de13fd2268cbf957a688456114e1191306d4ef9f0cc7c0dafefcf74c8045638ff61a6397a2be3122a2d25919212662d36efccb683251ca40/source_remote.py)
194. specifiers.py (path: /syssec-nas0/pyc-research/compiled_evaluation_targets/usenix_test_set/python-3.12/aca7458f816c47b2739570c403518e8c88385a80db7d577d185c8002d973072b6517b5a0ae15c220228b36bd0f881432f2aca23ddaa0f96f665d292ad739d320/specifiers.py)
195. sponsored_guest_portal.py (path: /syssec-nas0/pyc-research/compiled_evaluation_targets/usenix_test_set/python-3.12/76a6df95eac1f565aae286c07cbcd55e044f2dba63c2729952df41846828035df6f1c2bae46efa5101e9e31a3a8e139b165fae16124a4fb5d87f7c6e232fea5f/sponsored_guest_portal.py)
196. stock_lhb_sina.py (path: /syssec-nas0/pyc-research/compiled_evaluation_targets/usenix_test_set/python-3.12/d9d783cb5f07b3fbcfe0dcf27599d2d39d261fd4e93cf0d53dc279adb93e51079f2e624ec3bed03039fd1401efcfc458c17bc2a7594699e9e432eb221aa2cac5/stock_lhb_sina.py)
197. switch.py (path: /syssec-nas0/pyc-research/compiled_evaluation_targets/usenix_test_set/python-3.12/ce43e8a447d78d482673350181c6925795857e1e3f483529026550d52c3248a4493bb9cce2e1ec350c133875f8891f543aab59888297f109a3b6bb1ca484d43a/switch.py)
198. system_info.py (path: /syssec-nas0/pyc-research/compiled_evaluation_targets/usenix_test_set/python-3.12/5af58f5fa20c6c6dcb4dd4873aec454acf5b5bb0ccd76dd416aed46c078e99ee95dab91bd3512b35b558bea078d1458b618d7a32e8eac712f53e9c9e86890d3e/system_info.py)
199. sysutils.py (path: /syssec-nas0/pyc-research/compiled_evaluation_targets/usenix_test_set/python-3.12/5e162ea864128d8222bb7d5f9e56723c7f81d4818d1a954272419f58b77f533264a968144bf2c4f7d37a429feccacf3e5c72f426d899f7e9fc73612f7757f302/sysutils.py)
200. tafunc.py (path: /syssec-nas0/pyc-research/compiled_evaluation_targets/usenix_test_set/python-3.12/21350773ebba0981f8f407721439f0ead15e2512d05b64025f66966d208883328222062cc29655f88b394b1b3de14e9ca18e5c36679a5502bc7b1eb937238ef0/tafunc.py)
201. test_app.py (path: /syssec-nas0/pyc-research/compiled_evaluation_targets/usenix_test_set/python-3.12/a1d4077d542628b80d6e72199245104d83f0955819c870134a0e9028ecb0d89a24fa881c2f4a8f026e550683069b20b28a9169ae30e92ec60a67620595f1a848/test_app.py)
202. test_cuts.py (path: /syssec-nas0/pyc-research/compiled_evaluation_targets/usenix_test_set/python-3.12/21936af9ec59ec9870d0a0dded08f69ec6dec937661f3156c6611e9ef61510cf94b51b9dce102c2d5f32a8ec44eaef0b701159fdcc6bd3e9e94fa883e64d0c9e/test_cuts.py)
203. test_export_fits.py (path: /syssec-nas0/pyc-research/compiled_evaluation_targets/usenix_test_set/python-3.12/8fabca408a89ef4a716d7f42fde67c3b56dbbe735424fa7e1ef59ba4dc20e8500026e92fde6f352940a8c7d7618ea121e5297f2866d70c3249dee82245b23c60/test_export_fits.py)
204. test_misc.py (path: /syssec-nas0/pyc-research/compiled_evaluation_targets/usenix_test_set/python-3.12/4fd8062ca760560c7deb84d4b478cd74449cd92c29ec71531d6cb8d307245adfac929d0f2ac463dbe0cb7f4c7039e3ca84ab5637dc31d8e7648634f642350913/test_misc.py)
205. test_session_controller.py (path: /syssec-nas0/pyc-research/compiled_evaluation_targets/usenix_test_set/python-3.12/b7cf636c01a6db8eaa8d68ee32bd72af709b74372b9d254653fc0b7c884eb78338b8f641fdbd8edc2c6a4364c7d2f24c11972f0ecfac418b8004662d40a55a1e/test_session_controller.py)
206. test_stata.py (path: /syssec-nas0/pyc-research/compiled_evaluation_targets/usenix_test_set/python-3.12/45a5c3713460f9c2a0c0547ae2ba035aca9f6c28111877390a9f9f7549fd9fc920021d731cc861533bc0d886a8584714908b7fb62b0740411ccd3654d05c375d/test_stata.py)
207. time_stats_generator.py (path: /syssec-nas0/pyc-research/compiled_evaluation_targets/usenix_test_set/python-3.12/e305fecede7a4b76550995209751b7b9a9c650b022f2b5bbbe902fa68d20418583f5f52a16df8e848634d0df3ebd1b394974cbdc6bacc78da6da07871069adcb/time_stats_generator.py)
208. tracked_thread.py (path: /syssec-nas0/pyc-research/compiled_evaluation_targets/usenix_test_set/python-3.12/759ac99e27475c933cf685b0a66d632ef13b9a5c18c0cb9b432232b66ddf106c2e151f2071e19056398a2e147bb78f903245f484b60aaba0aaf52bdb0f4faa88/tracked_thread.py)
209. tracker.py (path: /syssec-nas0/pyc-research/compiled_evaluation_targets/usenix_test_set/python-3.12/2de1b380508d964b2cda7a1777cc1bc10c0b840475e712c992d605faaffdb1ce6f4d74e0b589e36c8a4c23f7ca8ff86b328d4ba7ea33cf093d27115e9f4155b0/tracker.py)
210. tracking_async_web_channel.py (path: /syssec-nas0/pyc-research/compiled_evaluation_targets/usenix_test_set/python-3.12/6b471bbbc6f9d56084d19aee4fbfa1913b6e43135a1713abff8776197c14e6f4451c518c492acdaf73d745340adeb1674d53c0d9c50859f100a86562619fa67b/tracking_async_web_channel.py)
211. transform.py (path: /syssec-nas0/pyc-research/compiled_evaluation_targets/usenix_test_set/python-3.12/7bf250992e72d9739c20ece85d6f33f0f11151263c9b63565bbf40e86670388cc0649f7e1e8c69b19e8efca7551921b7f60c1e26998282f37aa81ace6dbb00d4/transform.py)
212. tui.py (path: /syssec-nas0/pyc-research/compiled_evaluation_targets/usenix_test_set/python-3.12/5e7552039d58a8ea0ed28f29b52ab65627ce9a3530bb41b8dc20ebd8dd85b079968c33e217e192a2a9ff3e264e048b2505380b7bb50531a734e7876600abe279/tui.py)
213. tunnel.py (path: /syssec-nas0/pyc-research/compiled_evaluation_targets/usenix_test_set/python-3.12/5e0bae32c002f88ce7523e688bb5f69e24aacf981757bd57a3b545f6298e9d751092960c44eb2fd2087ddbdd4aaae2f54bfc13ef12d6b22fe57e3543d7d9d1d9/tunnel.py)
214. unfuddle.py (path: /syssec-nas0/pyc-research/compiled_evaluation_targets/usenix_test_set/python-3.12/85ba58e4e5c299dd1aa75e011df101af8c02cbc5095adcb21093f4caf488fb7d93b4d2772e82e0bdf335abfe2e265ade5daf99c9a23f2a8ec14cc0d60e5d187c/unfuddle.py)
215. universe.py (path: /syssec-nas0/pyc-research/compiled_evaluation_targets/usenix_test_set/python-3.12/06ab004839a2e1dd31a7e6cf420a07de4e2d3d619345e9ba7291b0d9739123e5ec600fad145f7a912d6e4a1e1caa2aa12a284f88e256cfb52ff3fe8ed6cfabab/universe.py)
216. upload_file_service [2022.8.26].py (path: /syssec-nas0/pyc-research/compiled_evaluation_targets/usenix_test_set/python-3.12/88935e3ec53dc58592912b43cd90553431353a33811a1434a10eb772704b8f03829c1517e384ea68c12db8ba168db719ed7f225cc54d27f489d2bbd68eac2aa6/upload_file_service [2022.8.26].py)
217. util.py (path: /syssec-nas0/pyc-research/compiled_evaluation_targets/usenix_test_set/python-3.12/173664a641938d81ad2214de37929d6ce75c82e22c585f7457e1c974950d64d8732b1935d0cf5505f248ad7dd6124e1e48a09fce4a87ca0cb655bf37b9bda984/util.py)
218. util.py (path: /syssec-nas0/pyc-research/compiled_evaluation_targets/usenix_test_set/python-3.12/afd87882e5a6e9253a2fb57e4be76ee1f1cdc2cba28c76551f7ad6719c9fdd888d66a2940a2d3a0128dc91d88ac21928df34504500fd711aa4b86cf83d7db5d4/util.py)
219. utils.py (path: /syssec-nas0/pyc-research/compiled_evaluation_targets/usenix_test_set/python-3.12/1b3a452dd92080f02b2e45554c837eb9307cde04636e6fb5ed67635036d398b05c81b741ebea817e497a0afe60f9483303a56aba8f18c088eec8cba5b49b15e0/utils.py)
220. utils.py (path: /syssec-nas0/pyc-research/compiled_evaluation_targets/usenix_test_set/python-3.12/2b127d1e5201a4fdfd1f5b62874303220ddb1770de1cfed0f3096f86475b1d1d7700419f6e430bd561a6f0b674dfdb1edeac0542a0884c024ed2342df0d13a1c/utils.py)
221. utils.py (path: /syssec-nas0/pyc-research/compiled_evaluation_targets/usenix_test_set/python-3.12/5e795d8ce4b5f17f9192977a1406545897247da0a4ecb4da4144674e38a6e32b9ec0e61def1a3f003314512407c694b25612e6e0e84e562256961aceb0a40dc5/utils.py)
222. utils.py (path: /syssec-nas0/pyc-research/compiled_evaluation_targets/usenix_test_set/python-3.12/a201699110d6e06b5c3fcc2f3c12db9180f842409ac99d03286642835aef0dc6f101cfd4101f04a0b1588eed2ccb77105142ae46e9e99bf410816f555ab11190/utils.py)
223. utils.py (path: /syssec-nas0/pyc-research/compiled_evaluation_targets/usenix_test_set/python-3.12/bf090408ae7810d39ff1faadeb6f17f5b8baf5dd25b7940828bfacafd9f737260cbdd8672fe3e1c19a9aabc09421e118855a0d47f1dbaf0aa03710c50b1caf8d/utils.py)
224. uxf.py (path: /syssec-nas0/pyc-research/compiled_evaluation_targets/usenix_test_set/python-3.12/dd6d8948f22c10ddc76338271f084b5ffbdf8dd7542f34534f3b5a5c6d2c0d55a81047eb74662a0156c2d5ef62d8ed75579520376540dc5200a1f07b40ffc2c8/uxf.py)
225. values.py (path: /syssec-nas0/pyc-research/compiled_evaluation_targets/usenix_test_set/python-3.12/86e34de67958450d591321f631587a1d6004642b4a14d9699615cfdf65332f00bcdd295d7fab7c67c77515e9762b3cac0f986166026b72f1fc2e8c44373761f7/values.py)
226. versioneer.py (path: /syssec-nas0/pyc-research/compiled_evaluation_targets/usenix_test_set/python-3.12/ec69e9b826eecbe23b5697426f42e4c6419f61f32942421e2969615b6b8262bfd55cad108e905dde15c33c3045b91648ba22ce09c44efb2d7b73dd404c2d2bfc/versioneer.py)
227. video_reader.py (path: /syssec-nas0/pyc-research/compiled_evaluation_targets/usenix_test_set/python-3.12/dfff6f08815f3a1d602e46a250104653c7a9beba7cf59828a452b88f536f97578da238fd3d05376d4ba6ff778830ee83c3d077c9a9ffcf7f7578942ff4ab62ce/video_reader.py)
228. views.py (path: /syssec-nas0/pyc-research/compiled_evaluation_targets/usenix_test_set/python-3.12/3fd06313ca4411e2f3c6579ae9bd3400443ca6646b50d7ba00f40a816c7a3443bd40b49bc7d892311306a99a9400c125698aed23b6ae7cba5ec56220b5f567e3/views.py)
229. websocket_server.py (path: /syssec-nas0/pyc-research/compiled_evaluation_targets/usenix_test_set/python-3.12/db9f9f6fb6104de111fdc0a42a17918f115fe92e1c95d6bad8834e628c3c036a11e9d5b27b5babb05e3a80379974070b42ca9f7bf35501494930f41b6386ba98/websocket_server.py)
230. wireless_profile.py (path: /syssec-nas0/pyc-research/compiled_evaluation_targets/usenix_test_set/python-3.12/7e975453092f478b1ae2addaa1b33e75a18ef00cd2bdf2458a1b105d6a9c73259afac891d6ec956eae5fac40937e9ed7b95613cd6e193d53842faebe787b5e73/wireless_profile.py)
231. worker.py (path: /syssec-nas0/pyc-research/compiled_evaluation_targets/usenix_test_set/python-3.12/d70bd8abc8ffcca47e29564cb281e25e80a5a4124ef99e63bc67c4712ebe2ee017629c9c4b0256ab97c775bce16f7b64a18b343f16d74785c99cd1558b894496/worker.py)
232. worker.py (path: /syssec-nas0/pyc-research/compiled_evaluation_targets/usenix_test_set/python-3.12/e84a69c47764277f34a796f49176063f5af05ad22b5fdfcb951d88edbeb80507f6004d1af380b23d4cde96ed87d8024cf352e1f0f12f4e38b5e19de2749a5f0f/worker.py)
233. zone_record_api.py (path: /syssec-nas0/pyc-research/compiled_evaluation_targets/usenix_test_set/python-3.12/229ed2d0657a96e40250b3e05b7e91e29d99ecd5855c4a6f685dba13fa72770a78fb1a6ae5c1a011c98c8e3001467fe7832437111aca935352901e261f2b67c5/zone_record_api.py)
234. zylaalignpanel.py (path: /syssec-nas0/pyc-research/compiled_evaluation_targets/usenix_test_set/python-3.12/7ca0a5e84178573c50af2b5cbce325128cff0dc98fc60c5749fb3ca45560b1fd99644993186f9b25a8033861d9cd5937d89b3dd35d5d532b6e5ece997c10a6ba/zylaalignpanel.py)

Reconstruction Failures:
1. 0056_auto_20200916_0959.py (path: /syssec-nas0/pyc-research/compiled_evaluation_targets/usenix_test_set/python-3.12/7399ac2c23c2bf38e0a84f47226ccca048827eb4f15283b5ea902d1bfbe5ebc550b4be0789b22c05af6693165d2e2445322b7911786fff16c7f9654032745f9d/0056_auto_20200916_0959.py)
2. 10067-normalized.py (path: /syssec-nas0/pyc-research/compiled_evaluation_targets/usenix_test_set/python-3.12/10067/10067-normalized.py)
3. 1191-normalized.py (path: /syssec-nas0/pyc-research/compiled_evaluation_targets/usenix_test_set/python-3.12/1191/1191-normalized.py)
4. 12134-normalized.py (path: /syssec-nas0/pyc-research/compiled_evaluation_targets/usenix_test_set/python-3.12/12134/12134-normalized.py)
5. 12308-normalized.py (path: /syssec-nas0/pyc-research/compiled_evaluation_targets/usenix_test_set/python-3.12/12308/12308-normalized.py)
6. 12332-normalized.py (path: /syssec-nas0/pyc-research/compiled_evaluation_targets/usenix_test_set/python-3.12/12332/12332-normalized.py)
7. 12489-normalized.py (path: /syssec-nas0/pyc-research/compiled_evaluation_targets/usenix_test_set/python-3.12/12489/12489-normalized.py)
8. 13253-normalized.py (path: /syssec-nas0/pyc-research/compiled_evaluation_targets/usenix_test_set/python-3.12/13253/13253-normalized.py)
9. 1340-normalized.py (path: /syssec-nas0/pyc-research/compiled_evaluation_targets/usenix_test_set/python-3.12/1340/1340-normalized.py)
10. 1352-normalized.py (path: /syssec-nas0/pyc-research/compiled_evaluation_targets/usenix_test_set/python-3.12/1352/1352-normalized.py)
11. 1460-normalized.py (path: /syssec-nas0/pyc-research/compiled_evaluation_targets/usenix_test_set/python-3.12/1460/1460-normalized.py)
12. 15028-normalized.py (path: /syssec-nas0/pyc-research/compiled_evaluation_targets/usenix_test_set/python-3.12/15028/15028-normalized.py)
13. 15117-normalized.py (path: /syssec-nas0/pyc-research/compiled_evaluation_targets/usenix_test_set/python-3.12/15117/15117-normalized.py)
14. 15409-normalized.py (path: /syssec-nas0/pyc-research/compiled_evaluation_targets/usenix_test_set/python-3.12/15409/15409-normalized.py)
15. 15940-normalized.py (path: /syssec-nas0/pyc-research/compiled_evaluation_targets/usenix_test_set/python-3.12/15940/15940-normalized.py)
16. 16035-normalized.py (path: /syssec-nas0/pyc-research/compiled_evaluation_targets/usenix_test_set/python-3.12/16035/16035-normalized.py)
17. 16056-normalized.py (path: /syssec-nas0/pyc-research/compiled_evaluation_targets/usenix_test_set/python-3.12/16056/16056-normalized.py)
18. 16120-normalized.py (path: /syssec-nas0/pyc-research/compiled_evaluation_targets/usenix_test_set/python-3.12/16120/16120-normalized.py)
19. 16152-normalized.py (path: /syssec-nas0/pyc-research/compiled_evaluation_targets/usenix_test_set/python-3.12/16152/16152-normalized.py)
20. 16800-normalized.py (path: /syssec-nas0/pyc-research/compiled_evaluation_targets/usenix_test_set/python-3.12/16800/16800-normalized.py)
21. 17084-normalized.py (path: /syssec-nas0/pyc-research/compiled_evaluation_targets/usenix_test_set/python-3.12/17084/17084-normalized.py)
22. 1735-normalized.py (path: /syssec-nas0/pyc-research/compiled_evaluation_targets/usenix_test_set/python-3.12/1735/1735-normalized.py)
23. 17376-normalized.py (path: /syssec-nas0/pyc-research/compiled_evaluation_targets/usenix_test_set/python-3.12/17376/17376-normalized.py)
24. 17474-normalized.py (path: /syssec-nas0/pyc-research/compiled_evaluation_targets/usenix_test_set/python-3.12/17474/17474-normalized.py)
25. 17645-normalized.py (path: /syssec-nas0/pyc-research/compiled_evaluation_targets/usenix_test_set/python-3.12/17645/17645-normalized.py)
26. 17727-normalized.py (path: /syssec-nas0/pyc-research/compiled_evaluation_targets/usenix_test_set/python-3.12/17727/17727-normalized.py)
27. 18984-normalized.py (path: /syssec-nas0/pyc-research/compiled_evaluation_targets/usenix_test_set/python-3.12/18984/18984-normalized.py)
28. 19261-normalized.py (path: /syssec-nas0/pyc-research/compiled_evaluation_targets/usenix_test_set/python-3.12/19261/19261-normalized.py)
29. 19327-normalized.py (path: /syssec-nas0/pyc-research/compiled_evaluation_targets/usenix_test_set/python-3.12/19327/19327-normalized.py)
30. 1988-normalized.py (path: /syssec-nas0/pyc-research/compiled_evaluation_targets/usenix_test_set/python-3.12/1988/1988-normalized.py)
31. 20111-normalized.py (path: /syssec-nas0/pyc-research/compiled_evaluation_targets/usenix_test_set/python-3.12/20111/20111-normalized.py)
32. 20140-normalized.py (path: /syssec-nas0/pyc-research/compiled_evaluation_targets/usenix_test_set/python-3.12/20140/20140-normalized.py)
33. 20619-normalized.py (path: /syssec-nas0/pyc-research/compiled_evaluation_targets/usenix_test_set/python-3.12/20619/20619-normalized.py)
34. 20946-normalized.py (path: /syssec-nas0/pyc-research/compiled_evaluation_targets/usenix_test_set/python-3.12/20946/20946-normalized.py)
35. 21564-normalized.py (path: /syssec-nas0/pyc-research/compiled_evaluation_targets/usenix_test_set/python-3.12/21564/21564-normalized.py)
36. 21605-normalized.py (path: /syssec-nas0/pyc-research/compiled_evaluation_targets/usenix_test_set/python-3.12/21605/21605-normalized.py)
37. 21984-normalized.py (path: /syssec-nas0/pyc-research/compiled_evaluation_targets/usenix_test_set/python-3.12/21984/21984-normalized.py)
38. 277-normalized.py (path: /syssec-nas0/pyc-research/compiled_evaluation_targets/usenix_test_set/python-3.12/277/277-normalized.py)
39. 3080-normalized.py (path: /syssec-nas0/pyc-research/compiled_evaluation_targets/usenix_test_set/python-3.12/3080/3080-normalized.py)
40. 3477-normalized.py (path: /syssec-nas0/pyc-research/compiled_evaluation_targets/usenix_test_set/python-3.12/3477/3477-normalized.py)
41. 6561-normalized.py (path: /syssec-nas0/pyc-research/compiled_evaluation_targets/usenix_test_set/python-3.12/6561/6561-normalized.py)
42. 6633-normalized.py (path: /syssec-nas0/pyc-research/compiled_evaluation_targets/usenix_test_set/python-3.12/6633/6633-normalized.py)
43. 6937-normalized.py (path: /syssec-nas0/pyc-research/compiled_evaluation_targets/usenix_test_set/python-3.12/6937/6937-normalized.py)
44. 7096-normalized.py (path: /syssec-nas0/pyc-research/compiled_evaluation_targets/usenix_test_set/python-3.12/7096/7096-normalized.py)
45. 7219-normalized.py (path: /syssec-nas0/pyc-research/compiled_evaluation_targets/usenix_test_set/python-3.12/7219/7219-normalized.py)
46. 7223-normalized.py (path: /syssec-nas0/pyc-research/compiled_evaluation_targets/usenix_test_set/python-3.12/7223/7223-normalized.py)
47. 7548-normalized.py (path: /syssec-nas0/pyc-research/compiled_evaluation_targets/usenix_test_set/python-3.12/7548/7548-normalized.py)
48. 7850-normalized.py (path: /syssec-nas0/pyc-research/compiled_evaluation_targets/usenix_test_set/python-3.12/7850/7850-normalized.py)
49. 8155-normalized.py (path: /syssec-nas0/pyc-research/compiled_evaluation_targets/usenix_test_set/python-3.12/8155/8155-normalized.py)
50. 8559-normalized.py (path: /syssec-nas0/pyc-research/compiled_evaluation_targets/usenix_test_set/python-3.12/8559/8559-normalized.py)
51. 9230-normalized.py (path: /syssec-nas0/pyc-research/compiled_evaluation_targets/usenix_test_set/python-3.12/9230/9230-normalized.py)
52. 925-normalized.py (path: /syssec-nas0/pyc-research/compiled_evaluation_targets/usenix_test_set/python-3.12/925/925-normalized.py)
53. 9604-normalized.py (path: /syssec-nas0/pyc-research/compiled_evaluation_targets/usenix_test_set/python-3.12/9604/9604-normalized.py)
54. AttributeNodes.py (path: /syssec-nas0/pyc-research/compiled_evaluation_targets/usenix_test_set/python-3.12/05b5e94439fe4956b0c61007b78226192fabb03558e4c3cad42279d96c561eb17944fb585d5f820d21c4570907b7f2bc8a02ff8ac3aff6045e887818dc4f7435/AttributeNodes.py)
55. ChildrenHavingMixins.py (path: /syssec-nas0/pyc-research/compiled_evaluation_targets/usenix_test_set/python-3.12/dcb414a1afcb1edb6d7bb0151a4ad24c86190a9ae4e49deb56d3d6f89eb35c97e78e1a96b60226702cb8474037846aeb5b5d72ae67d7892ef3e68745cf365add/ChildrenHavingMixins.py)
56. Docker.py (path: /syssec-nas0/pyc-research/compiled_evaluation_targets/usenix_test_set/python-3.12/f0974f739296bb8627ece86d6b6942582dff38f962cd7d65283ef5259bb3ce5ec2ffc1fe41fb157e3dbd68189cd5011f70bcc3c0c4ba9b458bc93693232e9cf6/Docker.py)
57. FileManager.py (path: /syssec-nas0/pyc-research/compiled_evaluation_targets/usenix_test_set/python-3.12/57ad54bc79944aa18b3a81567f75b6892f5725dad79cdfaa5fd2608b23a81034fb530abc563ccb843625282d83db81166857efdd34b8f1a131a61dce51ee66a1/FileManager.py)
58. History.py (path: /syssec-nas0/pyc-research/compiled_evaluation_targets/usenix_test_set/python-3.12/13b8cb14ce707c439c4244b014ed15d022c38b2406176984ea46ef08d2454842f001122d7ff6a3a3c5f52d1e1b1614885366cd3e8153589c97f43056b3747fd1/History.py)
59. IRAF_Reduction.py (path: /syssec-nas0/pyc-research/compiled_evaluation_targets/usenix_test_set/python-3.12/40820f844d9c624e8c3e0777bbffa3586f7597a9886acb295d44f10bb05ffa5e5b288afa1af23d6b466c0392111a9e76008feae9ec48d97b604c70835bb059f6/IRAF_Reduction.py)
60. LogicOfflineJobFakeBroker.py (path: /syssec-nas0/pyc-research/compiled_evaluation_targets/usenix_test_set/python-3.12/77928dbf85509050a834af1c46270cf4c92786efe338dfdf5f8e95a11260ac6468db2ed004b375bcee30fead1fe3bc718ff2a39b961e94f179a36ddff253a308/LogicOfflineJobFakeBroker.py)
61. Memoize.py (path: /syssec-nas0/pyc-research/compiled_evaluation_targets/usenix_test_set/python-3.12/060f62bf756ea872b8bf82ff6383cc10f2cc34c3d1d621767dc72d3662b6df9ad76b6656197524fa8dc4bf118cc24399aadd9e7886be8fc5b5c23059006b27e5/Memoize.py)
62. PackageMetadataNodes.py (path: /syssec-nas0/pyc-research/compiled_evaluation_targets/usenix_test_set/python-3.12/aa28ef4e8bd5a8322fa87f7b2a7e1e5e8e11f735433c70707c7251678f51ce5110fc7710727833e5f615d92386a41f91da687c9cc73b68f64cacfbc19996b5ab/PackageMetadataNodes.py)
63. RET504.py (path: /syssec-nas0/pyc-research/compiled_evaluation_targets/usenix_test_set/python-3.12/daa8ceb4f6ee0a3c4242b80c8b6dcdeed62906ff241c3e671a00941d43f33f4605b9b15571e89644d3d66c18f98b3c16f842c28b88b4e40f8d6770dd578dbc0c/RET504.py)
64. RET506.py (path: /syssec-nas0/pyc-research/compiled_evaluation_targets/usenix_test_set/python-3.12/cb2fc17a7d73f974fce7b2bc9687b5b2e9c9e520fb43e7c67d50f5cd4e8bc335114bfe90f36fba2730a5b12acc7bee7c819768cbfd0b94379e320b4009973d88/RET506.py)
65. Service.py (path: /syssec-nas0/pyc-research/compiled_evaluation_targets/usenix_test_set/python-3.12/928e6c3d406b699bba6f7d4f1fa0611af093251b6983d250b37f8b92ff1e6114723bc3295389b311444398b93d8e4f644904766fb9845d6c3e4d9e3a69fa7b96/Service.py)
66. SharedClassNameHandler.py (path: /syssec-nas0/pyc-research/compiled_evaluation_targets/usenix_test_set/python-3.12/80b4ac8699da09e9a43ef5d017c089f021aa1049dfc3a5a5b57591cfd5948394aa387e180aaf0845a7d9c309576b47e6ba0fb9578ed505a283791417d4c5334c/SharedClassNameHandler.py)
67. TVarFigureSpec.py (path: /syssec-nas0/pyc-research/compiled_evaluation_targets/usenix_test_set/python-3.12/6616b881ab4b9b0942dfdc3d41d7a1e49bdef50897cada0e645d3b941757fedf061dcd4f5852949d381f1276a41d8c9ff1ed11240d635283145a3c3a01edb5e7/TVarFigureSpec.py)
68. UserPool.py (path: /syssec-nas0/pyc-research/compiled_evaluation_targets/usenix_test_set/python-3.12/70286e6605ae4b31bef53233888bb54d04b47656200a071a2c679384c94be64de1aae5e826c48fe5504972db50710947ecd6ecb8758575a20c35dcc188206128/UserPool.py)
69. Utility.py (path: /syssec-nas0/pyc-research/compiled_evaluation_targets/usenix_test_set/python-3.12/0931ff8871d5102275e13c7fa4e6862c4beb1f833a1fc3ccb8853e332365dcc61ccafb29665fc97afa34cd92d1206bbf39a601fd7c697079f13d4ebce703d9d7/Utility.py)
70. _tecplot.py (path: /syssec-nas0/pyc-research/compiled_evaluation_targets/usenix_test_set/python-3.12/daa808fea7126e59be15232f00cd2be3503b9b4e29846cd31686949888c3b67ee95988d445c781d9c1cbffefd4007a2b4f18e755cdbb54da4492e72c2c994766/_tecplot.py)
71. acme.py (path: /syssec-nas0/pyc-research/compiled_evaluation_targets/usenix_test_set/python-3.12/5c5b1fccb2bc1620cd5b091ca672ee9b3230b7439bc651fcc9637dea569ce0e91380e3a0ccbf9c12760d31c703663dc08c3614423512823a1b8c01c260fb3324/acme.py)
72. archive_util.py (path: /syssec-nas0/pyc-research/compiled_evaluation_targets/usenix_test_set/python-3.12/f11cb101c6d2054b2494ff99bf343f29f53d70e46b24787f999665cedcac1f6064eb1a99bd79fc338ab7107198f20872fb4a2a1d41780b794736f6fc06e115c4/archive_util.py)
73. auth.py (path: /syssec-nas0/pyc-research/compiled_evaluation_targets/usenix_test_set/python-3.12/39b886ef6847de425da3c2608bd78016269f80865299bab55e785df3cf898e95e36e36e227b3d4a8e750cb362e3adb7d1695f7fc6fb4ab1b54dd14cfea3e0f81/auth.py)
74. base.py (path: /syssec-nas0/pyc-research/compiled_evaluation_targets/usenix_test_set/python-3.12/f8ea39dcd4f6e91b8dc21c66ed5504f104b3d2ad29c8a66d40be164e1b1ad2e932a422db60afc183ac9220ea0f2292088bb0907ca999746f654da7816aa9807a/base.py)
75. base_runner.py (path: /syssec-nas0/pyc-research/compiled_evaluation_targets/usenix_test_set/python-3.12/0eb2aa8746f65ed9751f1805d43e0ce03ed3fd59236dc50680b896195d122efc0b58fa576ef419df1a7b61a9e5f871496410d074b6ec2c51e6ec88c91224555f/base_runner.py)
76. bezier.py (path: /syssec-nas0/pyc-research/compiled_evaluation_targets/usenix_test_set/python-3.12/7b1400a6460c531bdfc7a0ae0bc5729896e5f191f499c002eaefdbe6cd39167dd4f0df909f4b1484a1afc631a69cdddb94d0197659a154d0670cbe5250efda08/bezier.py)
77. bittrex.py (path: /syssec-nas0/pyc-research/compiled_evaluation_targets/usenix_test_set/python-3.12/b0189a081a8e64c63377958bfc5acbaf925e5b50e6e9d1bc85212ab01d1cf93e6f3a573f29414aaf454366c3610b3c73ebda98c056021583d119d9669e35c844/bittrex.py)
78. bitwarden_mod.py (path: /syssec-nas0/pyc-research/compiled_evaluation_targets/usenix_test_set/python-3.12/5e938952cedef5198f20ec73cc50cfa9d1ce107a9999dff04e4892ad690368d1a64f72863ea016b3d76277cf34734c942a69c3319af51ee64ad0a13dba91a13f/bitwarden_mod.py)
79. blockchaincom.py (path: /syssec-nas0/pyc-research/compiled_evaluation_targets/usenix_test_set/python-3.12/8e7ef2d38cdd83762969037e93d9d7de822689840f81a217a5b972c209e75ceb5834eb1bffd0f279c29bafbd77b05eac5e839767ad20491050fd0d8afe17c379/blockchaincom.py)
80. build_tracker.py (path: /syssec-nas0/pyc-research/compiled_evaluation_targets/usenix_test_set/python-3.12/5115847d368b223bd927eb62852aa5076c6616290c845016f0a1a9be890b4111873fc699ae3589d0ebe2b47859653c529f4c72fcc5e8b34a4cead7c40e927189/build_tracker.py)
81. build_tracker.py (path: /syssec-nas0/pyc-research/compiled_evaluation_targets/usenix_test_set/python-3.12/55375049be521005e898649efda0e3f8d8a821160644b25eefd0e42c17028eccee76917de135a0059896ced0de4bf4d68cce42e0adcd1b8910bf05f143923142/build_tracker.py)
82. canteraKineticsParametersParser.py (path: /syssec-nas0/pyc-research/compiled_evaluation_targets/usenix_test_set/python-3.12/dcccae6c70246ff2ec28e525b295d62377bbf4be3f88a3ec9e571cb4e44855ec2a7e4b27b119dc59f899d0f29c40b692385d435522494375882c8cc093b6fd98/canteraKineticsParametersParser.py)
83. case.py (path: /syssec-nas0/pyc-research/compiled_evaluation_targets/usenix_test_set/python-3.12/4cf1f7aba324aa0b14ac982a64b415d45039253858665b9794e798b7891266634bd8fb41aefbd80f09e7d2af1bf2cec61b2c084299195fc5af67d120c153badb/case.py)
84. category.py (path: /syssec-nas0/pyc-research/compiled_evaluation_targets/usenix_test_set/python-3.12/100e0e7720a3e5a4c6ee4eaf2b2f05313831b380cb18238ff778b774ee11bcc02eb2c39a13d8d6e0a146a2cd02e7e7519e1814083ebd23382f832949287a4f5f/category.py)
85. chain.py (path: /syssec-nas0/pyc-research/compiled_evaluation_targets/usenix_test_set/python-3.12/36fc5f3ce4d77f845f23b65d158345a408f0210cefac81cb20bc7e1a7b9e97df313b14299076a74fcb462ac224c233052b8e4f87eb8830aa2b1020943038dc08/chain.py)
86. code_parser.py (path: /syssec-nas0/pyc-research/compiled_evaluation_targets/usenix_test_set/python-3.12/9ddd47cc1e10f1a824daf3bc99774025e5cf2cb4eef4809994c12f6f4a22b0dd546a34758940620ed1edef9adb846a9e154768eebc08a9b4cb85421f638e9296/code_parser.py)
87. command_list.py (path: /syssec-nas0/pyc-research/compiled_evaluation_targets/usenix_test_set/python-3.12/549520a03970d6cf3836f20954da1c79b7c35898994a88af446e12b1c9460efc766e3a5922aa7c9b6dd65a1304bfb6af8c8a7ddce3d9195ead1f2fe5ffd5ba9e/command_list.py)
88. commands.py (path: /syssec-nas0/pyc-research/compiled_evaluation_targets/usenix_test_set/python-3.12/ea338d4d8107a953ea518c99a3bdacf9b9dcc7d945154ec8d7767e7d148a75303d863f422862c9eda6fca92b45675a7dbc7bf149b2792af59839f3bf8b6d5661/commands.py)
89. common.py (path: /syssec-nas0/pyc-research/compiled_evaluation_targets/usenix_test_set/python-3.12/437d13e9263e380d41d8334ea865d824c2c44cc26f00251ed6c025fd5379ba54c5c96c4c422ff48e0099a3d29c3e99188a964d32dd6a18b9c9859b7605e7df9a/common.py)
90. compiler.py (path: /syssec-nas0/pyc-research/compiled_evaluation_targets/usenix_test_set/python-3.12/d3ee194eaf362660db6a0068823c1a852b56b930e0d1c76d98cabac21a27ef20723e796ca23b9ecc53ba01d0e1c3d7f56758a16c95ce0b9509295f3dd7bad51c/compiler.py)
91. config.py (path: /syssec-nas0/pyc-research/compiled_evaluation_targets/usenix_test_set/python-3.12/c58e8910cdb1dbecaa778087a7f9fc341b8a2b727f9866b4842bed4d117c89cb0182c5d88b8d5153d361ee79fde38cbcb60c76b502a7ca89bf5b1b6b8d042cdd/config.py)
92. connector.py (path: /syssec-nas0/pyc-research/compiled_evaluation_targets/usenix_test_set/python-3.12/2528008aeab264799b209b3596cf9682d3ec9611689e335da62937a441e6a1446281911fdb1005aeeb8b5d49b5bbf7856257ac64fe3b544697b7a405fa9d6f44/connector.py)
93. convert.py (path: /syssec-nas0/pyc-research/compiled_evaluation_targets/usenix_test_set/python-3.12/715fa5d97a3ed9dcee1ce01d53f995e75a0096e86490cae5b3091513a94cbe30828a0944d5576418c9c827387eea36293f8876d18765aaf7efe85159d77dde54/convert.py)
94. convert_img.py (path: /syssec-nas0/pyc-research/compiled_evaluation_targets/usenix_test_set/python-3.12/2280e63e0dfe45e8e9cc3714e8292b17ea39016f7913ac9b3f9bf677e59e97806e0e022973d69a79550130d4c3b939e68b0ab04eb4f3e2df6b76b1b7cc5343fa/convert_img.py)
95. couple.py (path: /syssec-nas0/pyc-research/compiled_evaluation_targets/usenix_test_set/python-3.12/1c2e7400dab3032fd2ea847f1736fa763617f0523e3f9f71231c972a4270bedde7633be4cb5b38eb66b0c515577c98b239a1d05ca0091910b9e11c7a8396bcdb/couple.py)
96. current_thread_executor.py (path: /syssec-nas0/pyc-research/compiled_evaluation_targets/usenix_test_set/python-3.12/24704292332390a07da4ee413618bbaf845893f062376a22d2e7ad5da8232ea53f0e60e3333e47377217cce41963e45a2e58e4b7e4b497a93abb876866262fba/current_thread_executor.py)
97. data.py (path: /syssec-nas0/pyc-research/compiled_evaluation_targets/usenix_test_set/python-3.12/bbd9a57bf96727f0ea92157a0b00247a96ab090c2ebefe145b475698cdd41d0601a9ee4b6c254928098dd86f351fa5adf06d5c5bc06628739631fa63f8c1c67b/data.py)
98. debug_executor.py (path: /syssec-nas0/pyc-research/compiled_evaluation_targets/usenix_test_set/python-3.12/1c982d7cf62dd95bb8bc462006e7e2a777821a12cdb401d7b4639e0d08898fed4848eff0ea8d86c24483afa07af0a6128b93e683286da7f992918024887d59cf/debug_executor.py)
99. deephys.py (path: /syssec-nas0/pyc-research/compiled_evaluation_targets/usenix_test_set/python-3.12/3a2b3ddc588c54d1f30a22b1bc3927300690106f0c1423b7f26c7e3e473b7c96a2b9b724d734aeb4c1762735d980893c0694885ebbd76d246f96c9595551c092/deephys.py)
100. delete.py (path: /syssec-nas0/pyc-research/compiled_evaluation_targets/usenix_test_set/python-3.12/e179207821a8d66b135b002439562231bff33635adc6475fddbfc474b38d7ba3030990c79e5b66727ee17bc2a284b2917afbc94a9015fcfa542e0d94451a56fb/delete.py)
101. delivery_shipment.py (path: /syssec-nas0/pyc-research/compiled_evaluation_targets/usenix_test_set/python-3.12/306cfcc590c2813b9d6af74a9fd73e3a42cc8d1fa28f8087e74bcbefcab98b73a921d2385c29416b3422b1fa0417c3bab27fe2bd46f55529910f56fd61d643c2/delivery_shipment.py)
102. distribute_utils.py (path: /syssec-nas0/pyc-research/compiled_evaluation_targets/usenix_test_set/python-3.12/e18f25d363de6e40cc4bb03fada36ec13766bbafff03731ea3ec15a7ad7cb0b326952169fc291d0aed8dca9b7da5ec4b8e636e729a998c59087a5ffdc92fd92e/distribute_utils.py)
103. document.py (path: /syssec-nas0/pyc-research/compiled_evaluation_targets/usenix_test_set/python-3.12/a876711910f48c1165df1ee3a426add5f343a09dc25bf1ce1ed70080fb5415f03a5f4ec353cccd073c454bf0b877aa79c02a4fe76f5d53511ce8d6cef596becf/document.py)
104. ecdf.py (path: /syssec-nas0/pyc-research/compiled_evaluation_targets/usenix_test_set/python-3.12/78cbb1efa93ae2d758d6e8a88fe029601ebf9305712c5f055f4a61b74e6608bd49ef49e409ea4d202b51c92272c3ec719ccafee4db32b801ee10e0e337cb8155/ecdf.py)
105. event.py (path: /syssec-nas0/pyc-research/compiled_evaluation_targets/usenix_test_set/python-3.12/ced1f660843e9a96e06190df855da0fc4f94a50471e6f4143d6f259e8e85feebe662aae48d09b03cc77805e70e1be7d4a8918c3813c3eed07d192cd06ae8e0e2/event.py)
106. fixedclassifier.py (path: /syssec-nas0/pyc-research/compiled_evaluation_targets/usenix_test_set/python-3.12/4578bce1d9260192930a329402a1950c81cfc244f5bd9b96318637f307e9686ccd0abd1f39882030b3d8671aaf362e9aaf4c82dd000e5c1ca14eb57281508fe2/fixedclassifier.py)
107. format_spec.py (path: /syssec-nas0/pyc-research/compiled_evaluation_targets/usenix_test_set/python-3.12/39e72cb2bddc8b72f468b773d48ed8a4fa6ae85648ad33027d2454e4d6281afc22e9fa8506f4249857c35e1226879efc34fd2579bbcfccb902ff9b479b95c7e0/format_spec.py)
108. gdocs.py (path: /syssec-nas0/pyc-research/compiled_evaluation_targets/usenix_test_set/python-3.12/b0e484a7d413aae902ea956eb43a58009ccd33fed8088108bd4f96a52723014292cce4d4b532a6aeba690c5bc9eaff24560de54b4760b86faf4807c18088ec58/gdocs.py)
109. gen_data_rft_export.py (path: /syssec-nas0/pyc-research/compiled_evaluation_targets/usenix_test_set/python-3.12/9cfe6aee9d4c591a05d9ea95504635381a703a673c49e29b590bf0fae205c5e832af155d0cc774cfa88abcc0919434a80251e2dd2e62e2dbca011b95868fc52c/gen_data_rft_export.py)
110. generic.py (path: /syssec-nas0/pyc-research/compiled_evaluation_targets/usenix_test_set/python-3.12/d00b530ef7cad6c74113936940c58b5d9b135f1cca5eea2b9a4855f7df6a17e0a236bb00ab5f179d6942cd679e7ffc44e73aee2c31d55396cf77d5208bb31bf0/generic.py)
111. genetic.py (path: /syssec-nas0/pyc-research/compiled_evaluation_targets/usenix_test_set/python-3.12/8757a16ce5e82b2e4c8caaa13929a3a4614afb4c56b5a8fb5b94b64814155448a23194316ea07ea38cb16643eae1d5742d9057bcc8dc826fb11ffa936bf61f5a/genetic.py)
112. git.py (path: /syssec-nas0/pyc-research/compiled_evaluation_targets/usenix_test_set/python-3.12/ab0a10cd82d32ea695b1f880ae9f18bf355845f8dcd177a63a0bc2041a73103a88b5bb0423356a5aed801ffd5c74eadfea662e3c8729df0ff1066f875ddbcb38/git.py)
113. github.py (path: /syssec-nas0/pyc-research/compiled_evaluation_targets/usenix_test_set/python-3.12/7bc6eda4c96166a483cf0731dd600640553e0e58a8f5d674a7be4ad4c9c1165b383902e76f78a295cb7cb9106f627e15d81fcf5026ab74f0f8c8e9e3b7171c1f/github.py)
114. hourly_market.py (path: /syssec-nas0/pyc-research/compiled_evaluation_targets/usenix_test_set/python-3.12/930b3b7b0230241cbac45666027779601d88fcad4bd9a001487fbc951fa95860efb7efb9999a332544b02657b26f853ed37b745a28be7db7bebbeaebd41caa22/hourly_market.py)
115. html_embed.py (path: /syssec-nas0/pyc-research/compiled_evaluation_targets/usenix_test_set/python-3.12/9a17a5d98270642bcdc7df83843bfc3c70cf64dad5bc0dcd755956873723fa289e63e3c34f677b1b2e3ce0daf53ca7c7f257954e79d05d3a53f8824dc2607310/html_embed.py)
116. huobi.py (path: /syssec-nas0/pyc-research/compiled_evaluation_targets/usenix_test_set/python-3.12/0ca8bdab8e703cade31c64c89582b74a7de7bf864064d917172058fd290934900f22cd8577549d8b7302a8607abf224211686eaab8c47f69f64b8ff86bfd1fc1/huobi.py)
117. iam.py (path: /syssec-nas0/pyc-research/compiled_evaluation_targets/usenix_test_set/python-3.12/5c18998e99a71f26959cac3f1bda5d4480752707c3fd70f13cc1ae21c71f49a8e5557ea1786822f592947575b58aa5da131fda478d22cd25a22aedd1585958e8/iam.py)
118. info.py (path: /syssec-nas0/pyc-research/compiled_evaluation_targets/usenix_test_set/python-3.12/5b408dd2684bc57b5412313fe43f4a77d3be22d1b961facbeec3287ced3113ab991389224bb4408b00e87bf94dac6ee66fee3c32344d1ed9ad382747e5272e07/info.py)
119. input.py (path: /syssec-nas0/pyc-research/compiled_evaluation_targets/usenix_test_set/python-3.12/4f48007ebf96ca10c41a087e282a16fcabd4e668a1d85dd47fa5d4979b463788f22eabf524017ad5ef3167c52856dcf02a52d95cdbf76aac8c440b1176902749/input.py)
120. interval.py (path: /syssec-nas0/pyc-research/compiled_evaluation_targets/usenix_test_set/python-3.12/4e167e445620006fc577a863d4fb3637a862184baa280817cf606245d22ca62594ee61146695fbf1c9e769e6e50a1cac3b15998a823f4eba26b4f472a256072e/interval.py)
121. keras.py (path: /syssec-nas0/pyc-research/compiled_evaluation_targets/usenix_test_set/python-3.12/7c8c1e60f94e9fceebb95b119b33914485a7c0cdb829881cfaaff7d7faaeef9b0af8a986d9afcff85be4c4009d3bf5e655a9761102f467449205aab947b1affe/keras.py)
122. keyvalues.py (path: /syssec-nas0/pyc-research/compiled_evaluation_targets/usenix_test_set/python-3.12/3e2f6916afc2d8c43cb25a6db0418a3aedb662e3566aa6f085912e3460565ee21c92a430d4f67599a4a1e2c7e4d452180eca112113ebe7048c9e642baccdbe77/keyvalues.py)
123. layer_norm.py (path: /syssec-nas0/pyc-research/compiled_evaluation_targets/usenix_test_set/python-3.12/030b332c8762fd486faf80ea78b5a587f0a01c9157b38524007063a3f864b4a1265d9c2e5e8b1e8a6101417e89acf9f0a38d8a2a1a609844e7741cc11e805208/layer_norm.py)
124. legacy_cell_wrappers.py (path: /syssec-nas0/pyc-research/compiled_evaluation_targets/usenix_test_set/python-3.12/6cbfb40913d204fb61d4cf9ee542c1572148e4de65785f95b4c2a89df6ecc823508bfc14b0ae2d8dea98135732d9442f551e4bd3e0c4ad6c466bf2d497e1d374/legacy_cell_wrappers.py)
125. lex_attrs.py (path: /syssec-nas0/pyc-research/compiled_evaluation_targets/usenix_test_set/python-3.12/459ec14e28556c899ee002ca5285bb361771e43295f962834ee033d6ff6e233a5d8022448be859cea9c7d033b30ac1967f95f46f33290d926e39139d6411549b/lex_attrs.py)
126. lib.py (path: /syssec-nas0/pyc-research/compiled_evaluation_targets/usenix_test_set/python-3.12/fd5686194ffcff6fc29a1d74be29e6cf119d3594bf5befd8c60fb20fd5f566dae253d57a353e45755e55cd22fa0abd29392c03764a759b587b484dded3bbabcd/lib.py)
127. local.py (path: /syssec-nas0/pyc-research/compiled_evaluation_targets/usenix_test_set/python-3.12/16baf36c42b094aeb40740736d1017a73775fdb7c2d857bc09fad246fd8adcabf85df2780c42d08789fc40a34b3ce2f1c0ec32bcdc2e9340a25aad3fdb546623/local.py)
128. logger.py (path: /syssec-nas0/pyc-research/compiled_evaluation_targets/usenix_test_set/python-3.12/9d702b853334aec7447382d42a3597b757694d047e9943dfc9584de0f4cecbd70e0441016435605e645d69001de850fe8793a88d82089665eed18e304c69fb10/logger.py)
129. ls.py (path: /syssec-nas0/pyc-research/compiled_evaluation_targets/usenix_test_set/python-3.12/0e105bf3fac776a22e7d274e91267859a138111dbf82d1646953b3e3386f8fa55e0d1ae48c6a97e802e38572b45d13493ec4e1376274aecce14fd2c2374a7dff/ls.py)
130. mo_archive_pruner.py (path: /syssec-nas0/pyc-research/compiled_evaluation_targets/usenix_test_set/python-3.12/f590bb25c0d4b4146045a632d9f5cba08a8c271e77dd8129088ad70d8ff15a8f17272249642232ac199677e6db080749af2a12d7202fc60c50aba698c1bc8cf5/mo_archive_pruner.py)
131. mobi_index.py (path: /syssec-nas0/pyc-research/compiled_evaluation_targets/usenix_test_set/python-3.12/07d3fd18079d225d57f7f864b6382cc4d34b99d25d73da78f55ee5397d8c59013f4592a53783c6a719d7cf885ac001681ee74df0dfb8749ba70a365977dbd67c/mobi_index.py)
132. modules.py (path: /syssec-nas0/pyc-research/compiled_evaluation_targets/usenix_test_set/python-3.12/87b4ce37abb18749fb4635c80ead9de60098a047b9689f9e192fdc88582342bc221edc4504ba645d322686a2cf048f5f2141d2c3d5b109463c8d7a2efc222bb0/modules.py)
133. moving_averages.py (path: /syssec-nas0/pyc-research/compiled_evaluation_targets/usenix_test_set/python-3.12/5e987afb11bd4ae69a5dd7f45890fb820465d5587adf04738020ab01294e8ad6102cdf281a2f7d4c61f3893341c3adfbf7c95233d522cb35b5266baee1dbf45a/moving_averages.py)
134. mvr.py (path: /syssec-nas0/pyc-research/compiled_evaluation_targets/usenix_test_set/python-3.12/338c185438eca62b9d5f0028ff363d09ef6ea45b1e0688dbe8de35704c05252584076f35e2870afbc6afb903e6239a44f2f7b1863111851cec4e9348735a9879/mvr.py)
135. neighbors.py (path: /syssec-nas0/pyc-research/compiled_evaluation_targets/usenix_test_set/python-3.12/a7617adb0c35daee0e21d526a5a88eefaae98270d8f3c215152ad2401f05612f8dfeecbe1ac842062dfc6e7402b4615104d1f1bff5d10220d380e196e6490e5c/neighbors.py)
136. node.py (path: /syssec-nas0/pyc-research/compiled_evaluation_targets/usenix_test_set/python-3.12/11c569da5982ec918257febdc6ee16e7df05dcdeb25405b450c43e3b5e17fd44979b82276347d0b68f0831d75417fa653c06df0ec46ef371bd8ea48536f69377/node.py)
137. note.py (path: /syssec-nas0/pyc-research/compiled_evaluation_targets/usenix_test_set/python-3.12/a1652820b22683af8caf56be1c218a81fb1ac541dbe6aba2406b2b68934c413e7944580e43cb2a39cc212bf6037e6d259320236590f4cf46d573ba9c15a3d597/note.py)
138. nsq_route.py (path: /syssec-nas0/pyc-research/compiled_evaluation_targets/usenix_test_set/python-3.12/362850697094a7a1c561244e8ec5d455bb085ed58c39734bc7b513a090225c70665964d1157e2a8a952c3233e958f104d85614617542467f3817243da2254e8a/nsq_route.py)
139. ocr.py (path: /syssec-nas0/pyc-research/compiled_evaluation_targets/usenix_test_set/python-3.12/f304e8c9963de2601e7a283b78bc4e43c4c70ab961a743dfd02323453e0894c1a019114174972eae9d6cbd839566644b3bd9e1d0a2c2822f7782156423cbdd9c/ocr.py)
140. ops_debug.py (path: /syssec-nas0/pyc-research/compiled_evaluation_targets/usenix_test_set/python-3.12/77d61ae9b8bd3e52ef96fa95006d1dbeadf0146e0d32d4767855bafe9678b52b3852121dc659fb6887198a54fb9528e1d8e3325ad52800b147e4640dfe3eccce/ops_debug.py)
141. pkfont.py (path: /syssec-nas0/pyc-research/compiled_evaluation_targets/usenix_test_set/python-3.12/3bcbd7e8376302af4aa0a0d664b6938a04821283b48aae124137ead2efa508ed6da8b5b8675977696a51701220532aed5872e5ce708df2f6932bc188dba8c8c8/pkfont.py)
142. platform.py (path: /syssec-nas0/pyc-research/compiled_evaluation_targets/usenix_test_set/python-3.12/b9abbf8bfb32a6e79a5d2214682818f8615bb9efd4ab25bb42aa1e5721bb592f232e494b3914c0a4ab94f6e94a6a764312c398ed7bfe650afd127630abd6e635/platform.py)
143. post.py (path: /syssec-nas0/pyc-research/compiled_evaluation_targets/usenix_test_set/python-3.12/74c742354d7ea5760e0fbd980816c54c436e3569bd60ddad33017e854f6810603d832ff83c8da1dd6838b6875515d4d0314db67a1f70129c5663aeb7d666b71f/post.py)
144. post.py (path: /syssec-nas0/pyc-research/compiled_evaluation_targets/usenix_test_set/python-3.12/c94ca0b9a995fd1f6a5eb435be4821f28d70082640fcc7169cb0697b26f2064ea15dfb1d978cf55d2ea1a0a1a2d2ea30e43d468cc19904610f8d878a0156435e/post.py)
145. processors.py (path: /syssec-nas0/pyc-research/compiled_evaluation_targets/usenix_test_set/python-3.12/887e1e40d9eec30b7a390ba280e1d05d2fe026c02ebc4bf76a151487292c6b4bfdacf49762b8a4aaf4641c416e39598bf3cd38bfbe02fa447b6d40a253a2922f/processors.py)
146. projection.py (path: /syssec-nas0/pyc-research/compiled_evaluation_targets/usenix_test_set/python-3.12/5a2b5963f5fd20d02274dad979a35a32b0c1c2c062291e875cd540e712533043f3eed0a5d390a89f22360ca8e6372c3c29595cde6d0caa53d63bc189e61db34b/projection.py)
147. psuset.py (path: /syssec-nas0/pyc-research/compiled_evaluation_targets/usenix_test_set/python-3.12/bd4d2c830c13c1cbcf5694651b0c39b64000520dea33bc7ba5958b3f5f3031f90525b0304e114fc32699626451895e93e398239ba1aa745aabc0b1c27ab6c1cc/psuset.py)
148. pyproject_toml.py (path: /syssec-nas0/pyc-research/compiled_evaluation_targets/usenix_test_set/python-3.12/b25857ca52823a4b1650f103b216ab3bedc4dcd0cc772dc2e52f57df63a0d3075755aaaa361b387a3ab0f842d01099f883df3c7c6cc5a33606d3e5e71ec9a356/pyproject_toml.py)
149. pytest_check_libs.py (path: /syssec-nas0/pyc-research/compiled_evaluation_targets/usenix_test_set/python-3.12/70f1f1cada66df9074888b4c8ea3d0cc38b3be946089ac4f32b14c26b093a0fcfc9fc7500dace6365de7c1d50308cfcad0d0cf59e7760acf1730d834ad95f15f/pytest_check_libs.py)
150. readers.py (path: /syssec-nas0/pyc-research/compiled_evaluation_targets/usenix_test_set/python-3.12/292458ebbf2798030d10328b0e2c372d0ad4b811da1321050465df27c87d2b45b2cdf07f3d51ffa5a15665f8752742d45759e13d8ee5502a5d1ad92767b1e8ce/readers.py)
151. readers.py (path: /syssec-nas0/pyc-research/compiled_evaluation_targets/usenix_test_set/python-3.12/49aeb0fd86a64fdc66ab1b78333e9e9dc3d3213c739146cea2ce88d596bc77b20498088fa63938e88b30180dc7603980d5af895c8a53616646c3372e016f9d40/readers.py)
152. renderer.py (path: /syssec-nas0/pyc-research/compiled_evaluation_targets/usenix_test_set/python-3.12/acc2056c36386bc377bbe529fe7d7f1b671072e769c71a5568483a23f5c3c4a1c3fda87ad3401b8d583ffc911c293bb8ac1a4168576f9aabcb16fc679e88d131/renderer.py)
153. req_install.py (path: /syssec-nas0/pyc-research/compiled_evaluation_targets/usenix_test_set/python-3.12/3fb071e493a542ec15e107737d4f92e32cda9ee46ee5ac838eabd2c028a31bfed8b72197ed33f8cc8ea7fa2a0b262b38d86da5e4634a55168a51a44409f76bc7/req_install.py)
154. roi_align_python.py (path: /syssec-nas0/pyc-research/compiled_evaluation_targets/usenix_test_set/python-3.12/ba335f7f6571c7b40d59916d66b8f4a3a77b25cdc5a9f81206968aec28241f15cc1afffd923dfd59eb626a839c432b68882d97af13bc750a5d0b1c2693f23303/roi_align_python.py)
155. rpc.py (path: /syssec-nas0/pyc-research/compiled_evaluation_targets/usenix_test_set/python-3.12/a56160182ac993e2465218e3278e46889a1d1c031e6a04360d30bf4e0c20f2160089f99ae1f9f688021082fe513813117cb31fc56f3dffed2cc2f82e59f4dbbd/rpc.py)
156. scaleio.py (path: /syssec-nas0/pyc-research/compiled_evaluation_targets/usenix_test_set/python-3.12/4d07fe7c2788787c191dc6c0f3b10427dc0b48873ac5a191ce59d5fbcf908cd58faf388eef473e8aa926c36ab40b99a28c035c8ef362682eb1456369678a23e7/scaleio.py)
157. scmclient.py (path: /syssec-nas0/pyc-research/compiled_evaluation_targets/usenix_test_set/python-3.12/118b2a1f7f9cbf2afe4b71c077de5cc28160e8aef73b7e367e3fc432b419ec3feccb462c896a91cf779ee4a4a4980c7302fa04144e69672fba9974cdfe33f096/scmclient.py)
158. scraper.py (path: /syssec-nas0/pyc-research/compiled_evaluation_targets/usenix_test_set/python-3.12/0e2dcf37b136fdd356252318ab1801544f5681038dfe56408f910646f38425a6dfdfa6dfe65d396918c9075fde11e35de965a33e567366555ee34276f1c4396f/scraper.py)
159. secured_cookie_value.py (path: /syssec-nas0/pyc-research/compiled_evaluation_targets/usenix_test_set/python-3.12/ee2b7bea7a4d158c02fcc05b3f6e1c613227bec0491999f6fa92f32de8538880995f2378ed8d3813805040e1fe5c78260929829467cadac45174375304b751eb/secured_cookie_value.py)
160. segmentation_losses.py (path: /syssec-nas0/pyc-research/compiled_evaluation_targets/usenix_test_set/python-3.12/99047ffe0d1b2e341a015aaf31758ffbe92dbc7a0cdee4547210f5f902a95d628dd2e36d96da642116ba8dda12a65f70ff21762b3443cc9cf48fd0bb33b68a91/segmentation_losses.py)
161. semantics_utils.py (path: /syssec-nas0/pyc-research/compiled_evaluation_targets/usenix_test_set/python-3.12/62d458e428a77097a72aa09482ed804d326b8652209da904667da53f19f7347cfbf757771e9c4904f1ed61b8dcb4f8d19d1c658cf8ce8e7b7af5fbbc86b2bc29/semantics_utils.py)
162. serv_config.py (path: /syssec-nas0/pyc-research/compiled_evaluation_targets/usenix_test_set/python-3.12/9b346e46eede13c6fb9228bfda674304349d944400eeec9ad277d33aee94f068087851f5f67076d4825f9378479257da55de7944a375060530f1728af4661094/serv_config.py)
163. sobol.py (path: /syssec-nas0/pyc-research/compiled_evaluation_targets/usenix_test_set/python-3.12/38291538b4b7da02a6e99643c67bfc94d7ce3f7ee82d4bf4b0ea69d76d0de02958ec11c6905542bbd7daf81b8ee3d4e809e745bd460d82f87f74e6b15d108160/sobol.py)
164. source_util.py (path: /syssec-nas0/pyc-research/compiled_evaluation_targets/usenix_test_set/python-3.12/f80a6267c6a80d36c4fe4057d0a453fc65f9f47bc5c517c667a9983f4baf27c034e7fc0060d4e5bb394f24ef1e173857c381c42b7ece33ecc4143c2902485525/source_util.py)
165. sqlcompiler.py (path: /syssec-nas0/pyc-research/compiled_evaluation_targets/usenix_test_set/python-3.12/9ffe2f2b45b189cc45bafd6720073a3721cb54cdbef7821df4a7199444507922a9547653e7d564b07a5cda2d9aa1a9ed5d05e62ed1c2a910e6f34f54eed7a5a3/sqlcompiler.py)
166. starfourhundredgiglan.py (path: /syssec-nas0/pyc-research/compiled_evaluation_targets/usenix_test_set/python-3.12/67770d418bdab573ac5b426fa0c94cec24c94de38fdc016aba7e294f164995dd4d27a96c5ceef2d48e5c2006de1b10001cf338acbb7eaf6093b3677075d0915d/starfourhundredgiglan.py)
167. static_env.py (path: /syssec-nas0/pyc-research/compiled_evaluation_targets/usenix_test_set/python-3.12/0fa7da710e6e84fca83d9e4933d0c4b1e3b2409e7c8fede389ba25747fcb5df103840fdd0ac3a3cca65936436015885de8703fb92e98b2049b7c474ce8bb2caa/static_env.py)
168. stop_on_threshold.py (path: /syssec-nas0/pyc-research/compiled_evaluation_targets/usenix_test_set/python-3.12/7fe0e2a4c385bbd70ea090e4694ad1f302c43c66fcf542c394c91493580c5e95f56b45ad7101943de369acca6287c2f6cbb288c91ddcfc1fa87f3172bd6d0ee1/stop_on_threshold.py)
169. story.py (path: /syssec-nas0/pyc-research/compiled_evaluation_targets/usenix_test_set/python-3.12/4cf31b0d60ea94e9f6b3e6446e924a16b560a2e85dce670aba2ed892971ba705f1f382e5ae1fe25fbb212f9826087f524a358040837c5817e553d73be768d2ec/story.py)
170. structure_learning.py (path: /syssec-nas0/pyc-research/compiled_evaluation_targets/usenix_test_set/python-3.12/326148351debf175d51ff8b42f45f522cca8c1076495d38b1c1266b25b575a86f8837a843a0ddcb10a77873bac4bb383e6707d0c722e1531a89fc4332baef261/structure_learning.py)
171. sync.py (path: /syssec-nas0/pyc-research/compiled_evaluation_targets/usenix_test_set/python-3.12/60d58ae3f0c57d108bd71c4368ee4f64a36a02195f6685c27c12b20aa9724f03bb7a91ab7078718e218340a5173f31c7d6e67909fd7be3d9c5446ae51e8d08d0/sync.py)
172. tensor_shape.py (path: /syssec-nas0/pyc-research/compiled_evaluation_targets/usenix_test_set/python-3.12/ac631b69887a05f8b4027cefff3741658ad319d8e74985e18097700545662c03f2cee25feb0cce64683ad9043ab1134aaead421ff219bb48bd5caef7030e46ed/tensor_shape.py)
173. terraform_users.py (path: /syssec-nas0/pyc-research/compiled_evaluation_targets/usenix_test_set/python-3.12/2334ea37f5f70750adb226d7aec5a19fa9be20845d6333fd15b6b12137b0cde2dabd98d061f93fa32a60fe87bd4030a2530540363ceeaf76d6f675fa5b4a69ca/terraform_users.py)
174. test_interactiveshell.py (path: /syssec-nas0/pyc-research/compiled_evaluation_targets/usenix_test_set/python-3.12/6e3d9a9879ba7a2f87ceea3267f6495367b6901a3a62ab5ca1956b572f732ea8e4bf764112443009e67106dee288707cdc74cb4ccb1de47f638407dc265c9690/test_interactiveshell.py)
175. test_lockedh5.py (path: /syssec-nas0/pyc-research/compiled_evaluation_targets/usenix_test_set/python-3.12/f57ffd296f228db8342d316e3a6bbef651c39c0bd0a585f3e7e773f37309068d4357edf713812849de211da05f1523e3dc6f70f949c8732527a917218565f299/test_lockedh5.py)
176. test_paragraph_classification.py (path: /syssec-nas0/pyc-research/compiled_evaluation_targets/usenix_test_set/python-3.12/caebd3c9d94768b108c0caa360745d3a0816ed8958586bd7b781c294fe632355b8d099b4810d206c700c188d2ee8eed0efe284151e14ce37799565353bb51517/test_paragraph_classification.py)
177. test_readlines.py (path: /syssec-nas0/pyc-research/compiled_evaluation_targets/usenix_test_set/python-3.12/db32d74af8c649ab73db09bd3994d61db0632b509f186cffa919b1add3354fab933325253fcd47b8dac628253c1416bbb10ae1fc1eef6b0baba0a62774461a4c/test_readlines.py)
178. test_repl.py (path: /syssec-nas0/pyc-research/compiled_evaluation_targets/usenix_test_set/python-3.12/8f1f36ad5203da22ffc220aded9edbbdedab0c550a814cff2c796415190cd08297619a9361429d58d7ec9aa2678d1337630337581dd406521a8811b354e80da4/test_repl.py)
179. test_script.py (path: /syssec-nas0/pyc-research/compiled_evaluation_targets/usenix_test_set/python-3.12/6c0b8b91347e2ee8afa8caa2f5ea75d7cef8c7490df71a868488aabcc7fb17a8a2c2fac4d38ac50ac231d9f7b6d80e6345d76b14e5eb3e089bbbeb1ebcafbe18/test_script.py)
180. texturecompress.py (path: /syssec-nas0/pyc-research/compiled_evaluation_targets/usenix_test_set/python-3.12/cb54c857afc213b06ada9a573541cf63913cc7672a72a992ffe40bd724a610ea3fa8fb22c9facb5816ed8acab9c5723251bc817d961bc99bc0e2941f1630e1c2/texturecompress.py)
181. tf_decorator.py (path: /syssec-nas0/pyc-research/compiled_evaluation_targets/usenix_test_set/python-3.12/254c689ac47da6c3f3cb3866791e1ef398c610a944010f95afe45b1d3dca168bb5b790a1dd450fb5420ace468b65d0c2e1ec7e405472d869c8210304eef609c7/tf_decorator.py)
182. tf_leveldb.py (path: /syssec-nas0/pyc-research/compiled_evaluation_targets/usenix_test_set/python-3.12/d2fe40d06a6617cf9d4ae4e05b1d250c43e8b1983955a842bd18b5bc89911bdc7d27c9209f209a9e2a79635463117e398fff1007975233a6131de59086797c7b/tf_leveldb.py)
183. tokenizer.py (path: /syssec-nas0/pyc-research/compiled_evaluation_targets/usenix_test_set/python-3.12/12ce9242a1055a6b5a0c042e5efa554829d399194e4050148d88b585fb1f8f23e6828f65258e411e13ed10a33194b44edc23bd2889c493a6e86bfc60a8240eb0/tokenizer.py)
184. type.py (path: /syssec-nas0/pyc-research/compiled_evaluation_targets/usenix_test_set/python-3.12/2a1cf45f9fe2ac350f041d0b3e18959401d0ae88489b01e73d65883c364ac78b050aa0b246b12cc5d69bb4dd536cbd605e7f765e9827205e204adae7459eefec/type.py)
185. types.py (path: /syssec-nas0/pyc-research/compiled_evaluation_targets/usenix_test_set/python-3.12/7be97164110cc7e5e3683a3cf62d8aa8e144687de2ed377a116e25b7444c544480d500c51cd574e0deb897fbb577404f38b65c8bbc42a2ee34f5674b0ac6fafe/types.py)
186. unitofwork.py (path: /syssec-nas0/pyc-research/compiled_evaluation_targets/usenix_test_set/python-3.12/55a8e022808f0fcb58f0882f0c739bbce3156bfb5b9f53f7ce4038a6f84216347f581f6e22562457faded992533475621a345aa7c0ac49bca3667b1651c68989/unitofwork.py)
187. unknown.py (path: /syssec-nas0/pyc-research/compiled_evaluation_targets/usenix_test_set/python-3.12/de1b82132af368c59afc3c6c91e9028780b33ffe1c777d6e4ccf92a523618b7f5b184e7b028da5b24926c239990a91021a6ddc3dc2c639257ea2239342b984af/unknown.py)
188. utils.py (path: /syssec-nas0/pyc-research/compiled_evaluation_targets/usenix_test_set/python-3.12/1527730a6740d076746560df2b16254899131725c4bcdd88f9e1c71c227ecba13d9f950d5dc501736da4cd8d770dd5c6667ea5ab76d999afd110cab29c8b311b/utils.py)
189. utypes.py (path: /syssec-nas0/pyc-research/compiled_evaluation_targets/usenix_test_set/python-3.12/62e1202c14217245d475532c4ec7af57e54d6e91656997af475081f14416bdca6fb0e62701fa7dc9733bc3acdea7f1f2d745c5746097a33b274aa9afa4df0c5d/utypes.py)
190. views.py (path: /syssec-nas0/pyc-research/compiled_evaluation_targets/usenix_test_set/python-3.12/810104722d80b0367b9d53f14960dd72760905530fe03f6c65cc34b4f52a655e5bcfdc9378f8ba43d27064d4dfef81ed5adc181824e55f08a7063a239036f40b/views.py)
191. web_test.py (path: /syssec-nas0/pyc-research/compiled_evaluation_targets/usenix_test_set/python-3.12/a1c59c9625b86f0da697da06b3448ef66b84706e6bc4ce473fa0bf1b551666bbdcdba0ac537afd342923b5fbff5a3e7e54c5f7fa3972c59b811b43fdbfeda1e6/web_test.py)
192. wrangler_utils.py (path: /syssec-nas0/pyc-research/compiled_evaluation_targets/usenix_test_set/python-3.12/fc45d8730c74a594b4da86c537032cd312d3609bd37659734933214b073a64eeb59eb42688bb732a450697b3bfcd59f9354adb59a470e1f4c26e583dfbe3fe49/wrangler_utils.py)
193. yizhibo_facepp_compare.py (path: /syssec-nas0/pyc-research/compiled_evaluation_targets/usenix_test_set/python-3.12/49a0a745baccf20c88042529f9ebe4895a5af4dddb6459aca37dfe5b5990524caf929625bc3839d5557f092f189d487627d994aab65a90fcb5b827791e4841a7/yizhibo_facepp_compare.py)
