Total files processed: 4991
Success: 4614 (92.4%)
Total failures: 377 (7.6%)
  - Reconstruction failures: 168
  - Compile errors: 208
  - Runtime errors: 1

=== All Failed Files (Sorted) ===
1. 10822-normalized.py [RECONSTRUCTION FAILURE] (path: /syssec-nas0/pyc-research/compiled_evaluation_targets/usenix_test_set/python-3.10/10822/10822-normalized.py)
2. 111-normalized.py [COMPILE ERROR] (path: /syssec-nas0/pyc-research/compiled_evaluation_targets/usenix_test_set/python-3.10/111/111-normalized.py)
3. 11571-normalized.py [RECONSTRUCTION FAILURE] (path: /syssec-nas0/pyc-research/compiled_evaluation_targets/usenix_test_set/python-3.10/11571/11571-normalized.py)
4. 1191-normalized.py [RECONSTRUCTION FAILURE] (path: /syssec-nas0/pyc-research/compiled_evaluation_targets/usenix_test_set/python-3.10/1191/1191-normalized.py)
5. 12082-normalized.py [COMPILE ERROR] (path: /syssec-nas0/pyc-research/compiled_evaluation_targets/usenix_test_set/python-3.10/12082/12082-normalized.py)
6. 12134-normalized.py [RECONSTRUCTION FAILURE] (path: /syssec-nas0/pyc-research/compiled_evaluation_targets/usenix_test_set/python-3.10/12134/12134-normalized.py)
7. 12181-normalized.py [COMPILE ERROR] (path: /syssec-nas0/pyc-research/compiled_evaluation_targets/usenix_test_set/python-3.10/12181/12181-normalized.py)
8. 12304-normalized.py [COMPILE ERROR] (path: /syssec-nas0/pyc-research/compiled_evaluation_targets/usenix_test_set/python-3.10/12304/12304-normalized.py)
9. 12489-normalized.py [RECONSTRUCTION FAILURE] (path: /syssec-nas0/pyc-research/compiled_evaluation_targets/usenix_test_set/python-3.10/12489/12489-normalized.py)
10. 12495-normalized.py [COMPILE ERROR] (path: /syssec-nas0/pyc-research/compiled_evaluation_targets/usenix_test_set/python-3.10/12495/12495-normalized.py)
11. 12506-normalized.py [COMPILE ERROR] (path: /syssec-nas0/pyc-research/compiled_evaluation_targets/usenix_test_set/python-3.10/12506/12506-normalized.py)
12. 12509-normalized.py [COMPILE ERROR] (path: /syssec-nas0/pyc-research/compiled_evaluation_targets/usenix_test_set/python-3.10/12509/12509-normalized.py)
13. 1255-normalized.py [RECONSTRUCTION FAILURE] (path: /syssec-nas0/pyc-research/compiled_evaluation_targets/usenix_test_set/python-3.10/1255/1255-normalized.py)
14. 12641-normalized.py [COMPILE ERROR] (path: /syssec-nas0/pyc-research/compiled_evaluation_targets/usenix_test_set/python-3.10/12641/12641-normalized.py)
15. 12678-normalized.py [COMPILE ERROR] (path: /syssec-nas0/pyc-research/compiled_evaluation_targets/usenix_test_set/python-3.10/12678/12678-normalized.py)
16. 12911-normalized.py [RECONSTRUCTION FAILURE] (path: /syssec-nas0/pyc-research/compiled_evaluation_targets/usenix_test_set/python-3.10/12911/12911-normalized.py)
17. 1340-normalized.py [RECONSTRUCTION FAILURE] (path: /syssec-nas0/pyc-research/compiled_evaluation_targets/usenix_test_set/python-3.10/1340/1340-normalized.py)
18. 1352-normalized.py [RECONSTRUCTION FAILURE] (path: /syssec-nas0/pyc-research/compiled_evaluation_targets/usenix_test_set/python-3.10/1352/1352-normalized.py)
19. 14056-normalized.py [COMPILE ERROR] (path: /syssec-nas0/pyc-research/compiled_evaluation_targets/usenix_test_set/python-3.10/14056/14056-normalized.py)
20. 1460-normalized.py [RECONSTRUCTION FAILURE] (path: /syssec-nas0/pyc-research/compiled_evaluation_targets/usenix_test_set/python-3.10/1460/1460-normalized.py)
21. 15016-normalized.py [COMPILE ERROR] (path: /syssec-nas0/pyc-research/compiled_evaluation_targets/usenix_test_set/python-3.10/15016/15016-normalized.py)
22. 15117-normalized.py [RECONSTRUCTION FAILURE] (path: /syssec-nas0/pyc-research/compiled_evaluation_targets/usenix_test_set/python-3.10/15117/15117-normalized.py)
23. 15172-normalized.py [COMPILE ERROR] (path: /syssec-nas0/pyc-research/compiled_evaluation_targets/usenix_test_set/python-3.10/15172/15172-normalized.py)
24. 15218-normalized.py [COMPILE ERROR] (path: /syssec-nas0/pyc-research/compiled_evaluation_targets/usenix_test_set/python-3.10/15218/15218-normalized.py)
25. 15238-normalized.py [RECONSTRUCTION FAILURE] (path: /syssec-nas0/pyc-research/compiled_evaluation_targets/usenix_test_set/python-3.10/15238/15238-normalized.py)
26. 15397-normalized.py [COMPILE ERROR] (path: /syssec-nas0/pyc-research/compiled_evaluation_targets/usenix_test_set/python-3.10/15397/15397-normalized.py)
27. 16014-normalized.py [COMPILE ERROR] (path: /syssec-nas0/pyc-research/compiled_evaluation_targets/usenix_test_set/python-3.10/16014/16014-normalized.py)
28. 16035-normalized.py [RECONSTRUCTION FAILURE] (path: /syssec-nas0/pyc-research/compiled_evaluation_targets/usenix_test_set/python-3.10/16035/16035-normalized.py)
29. 16104-normalized.py [COMPILE ERROR] (path: /syssec-nas0/pyc-research/compiled_evaluation_targets/usenix_test_set/python-3.10/16104/16104-normalized.py)
30. 16120-normalized.py [RECONSTRUCTION FAILURE] (path: /syssec-nas0/pyc-research/compiled_evaluation_targets/usenix_test_set/python-3.10/16120/16120-normalized.py)
31. 16216-normalized.py [COMPILE ERROR] (path: /syssec-nas0/pyc-research/compiled_evaluation_targets/usenix_test_set/python-3.10/16216/16216-normalized.py)
32. 16800-normalized.py [RECONSTRUCTION FAILURE] (path: /syssec-nas0/pyc-research/compiled_evaluation_targets/usenix_test_set/python-3.10/16800/16800-normalized.py)
33. 17189-normalized.py [RECONSTRUCTION FAILURE] (path: /syssec-nas0/pyc-research/compiled_evaluation_targets/usenix_test_set/python-3.10/17189/17189-normalized.py)
34. 1735-normalized.py [RECONSTRUCTION FAILURE] (path: /syssec-nas0/pyc-research/compiled_evaluation_targets/usenix_test_set/python-3.10/1735/1735-normalized.py)
35. 17376-normalized.py [COMPILE ERROR] (path: /syssec-nas0/pyc-research/compiled_evaluation_targets/usenix_test_set/python-3.10/17376/17376-normalized.py)
36. 17415-normalized.py [COMPILE ERROR] (path: /syssec-nas0/pyc-research/compiled_evaluation_targets/usenix_test_set/python-3.10/17415/17415-normalized.py)
37. 17430-normalized.py [COMPILE ERROR] (path: /syssec-nas0/pyc-research/compiled_evaluation_targets/usenix_test_set/python-3.10/17430/17430-normalized.py)
38. 17474-normalized.py [RECONSTRUCTION FAILURE] (path: /syssec-nas0/pyc-research/compiled_evaluation_targets/usenix_test_set/python-3.10/17474/17474-normalized.py)
39. 17727-normalized.py [RECONSTRUCTION FAILURE] (path: /syssec-nas0/pyc-research/compiled_evaluation_targets/usenix_test_set/python-3.10/17727/17727-normalized.py)
40. 18049-normalized.py [COMPILE ERROR] (path: /syssec-nas0/pyc-research/compiled_evaluation_targets/usenix_test_set/python-3.10/18049/18049-normalized.py)
41. 18984-normalized.py [RECONSTRUCTION FAILURE] (path: /syssec-nas0/pyc-research/compiled_evaluation_targets/usenix_test_set/python-3.10/18984/18984-normalized.py)
42. 19261-normalized.py [RECONSTRUCTION FAILURE] (path: /syssec-nas0/pyc-research/compiled_evaluation_targets/usenix_test_set/python-3.10/19261/19261-normalized.py)
43. 19327-normalized.py [RECONSTRUCTION FAILURE] (path: /syssec-nas0/pyc-research/compiled_evaluation_targets/usenix_test_set/python-3.10/19327/19327-normalized.py)
44. 19581-normalized.py [RECONSTRUCTION FAILURE] (path: /syssec-nas0/pyc-research/compiled_evaluation_targets/usenix_test_set/python-3.10/19581/19581-normalized.py)
45. 1984-normalized.py [COMPILE ERROR] (path: /syssec-nas0/pyc-research/compiled_evaluation_targets/usenix_test_set/python-3.10/1984/1984-normalized.py)
46. 19950-normalized.py [COMPILE ERROR] (path: /syssec-nas0/pyc-research/compiled_evaluation_targets/usenix_test_set/python-3.10/19950/19950-normalized.py)
47. 20064-normalized.py [RECONSTRUCTION FAILURE] (path: /syssec-nas0/pyc-research/compiled_evaluation_targets/usenix_test_set/python-3.10/20064/20064-normalized.py)
48. 20111-normalized.py [COMPILE ERROR] (path: /syssec-nas0/pyc-research/compiled_evaluation_targets/usenix_test_set/python-3.10/20111/20111-normalized.py)
49. 20445-normalized.py [COMPILE ERROR] (path: /syssec-nas0/pyc-research/compiled_evaluation_targets/usenix_test_set/python-3.10/20445/20445-normalized.py)
50. 20452-normalized.py [COMPILE ERROR] (path: /syssec-nas0/pyc-research/compiled_evaluation_targets/usenix_test_set/python-3.10/20452/20452-normalized.py)
51. 20619-normalized.py [RECONSTRUCTION FAILURE] (path: /syssec-nas0/pyc-research/compiled_evaluation_targets/usenix_test_set/python-3.10/20619/20619-normalized.py)
52. 20946-normalized.py [COMPILE ERROR] (path: /syssec-nas0/pyc-research/compiled_evaluation_targets/usenix_test_set/python-3.10/20946/20946-normalized.py)
53. 21100-normalized.py [RECONSTRUCTION FAILURE] (path: /syssec-nas0/pyc-research/compiled_evaluation_targets/usenix_test_set/python-3.10/21100/21100-normalized.py)
54. 21245-normalized.py [COMPILE ERROR] (path: /syssec-nas0/pyc-research/compiled_evaluation_targets/usenix_test_set/python-3.10/21245/21245-normalized.py)
55. 21489-normalized.py [COMPILE ERROR] (path: /syssec-nas0/pyc-research/compiled_evaluation_targets/usenix_test_set/python-3.10/21489/21489-normalized.py)
56. 21564-normalized.py [RECONSTRUCTION FAILURE] (path: /syssec-nas0/pyc-research/compiled_evaluation_targets/usenix_test_set/python-3.10/21564/21564-normalized.py)
57. 21583-normalized.py [COMPILE ERROR] (path: /syssec-nas0/pyc-research/compiled_evaluation_targets/usenix_test_set/python-3.10/21583/21583-normalized.py)
58. 21623-normalized.py [RECONSTRUCTION FAILURE] (path: /syssec-nas0/pyc-research/compiled_evaluation_targets/usenix_test_set/python-3.10/21623/21623-normalized.py)
59. 21753-normalized.py [RECONSTRUCTION FAILURE] (path: /syssec-nas0/pyc-research/compiled_evaluation_targets/usenix_test_set/python-3.10/21753/21753-normalized.py)
60. 21984-normalized.py [RECONSTRUCTION FAILURE] (path: /syssec-nas0/pyc-research/compiled_evaluation_targets/usenix_test_set/python-3.10/21984/21984-normalized.py)
61. 22019-normalized.py [RECONSTRUCTION FAILURE] (path: /syssec-nas0/pyc-research/compiled_evaluation_targets/usenix_test_set/python-3.10/22019/22019-normalized.py)
62. 22039-normalized.py [COMPILE ERROR] (path: /syssec-nas0/pyc-research/compiled_evaluation_targets/usenix_test_set/python-3.10/22039/22039-normalized.py)
63. 277-normalized.py [RECONSTRUCTION FAILURE] (path: /syssec-nas0/pyc-research/compiled_evaluation_targets/usenix_test_set/python-3.10/277/277-normalized.py)
64. 2929-normalized.py [COMPILE ERROR] (path: /syssec-nas0/pyc-research/compiled_evaluation_targets/usenix_test_set/python-3.10/2929/2929-normalized.py)
65. 3240-normalized.py [COMPILE ERROR] (path: /syssec-nas0/pyc-research/compiled_evaluation_targets/usenix_test_set/python-3.10/3240/3240-normalized.py)
66. 3535-normalized.py [RECONSTRUCTION FAILURE] (path: /syssec-nas0/pyc-research/compiled_evaluation_targets/usenix_test_set/python-3.10/3535/3535-normalized.py)
67. 3630-normalized.py [COMPILE ERROR] (path: /syssec-nas0/pyc-research/compiled_evaluation_targets/usenix_test_set/python-3.10/3630/3630-normalized.py)
68. 4590-normalized.py [RECONSTRUCTION FAILURE] (path: /syssec-nas0/pyc-research/compiled_evaluation_targets/usenix_test_set/python-3.10/4590/4590-normalized.py)
69. 4591-normalized.py [RECONSTRUCTION FAILURE] (path: /syssec-nas0/pyc-research/compiled_evaluation_targets/usenix_test_set/python-3.10/4591/4591-normalized.py)
70. 5316-normalized.py [COMPILE ERROR] (path: /syssec-nas0/pyc-research/compiled_evaluation_targets/usenix_test_set/python-3.10/5316/5316-normalized.py)
71. 5322-normalized.py [COMPILE ERROR] (path: /syssec-nas0/pyc-research/compiled_evaluation_targets/usenix_test_set/python-3.10/5322/5322-normalized.py)
72. 5450-normalized.py [COMPILE ERROR] (path: /syssec-nas0/pyc-research/compiled_evaluation_targets/usenix_test_set/python-3.10/5450/5450-normalized.py)
73. 5694-normalized.py [COMPILE ERROR] (path: /syssec-nas0/pyc-research/compiled_evaluation_targets/usenix_test_set/python-3.10/5694/5694-normalized.py)
74. 6584-normalized.py [RECONSTRUCTION FAILURE] (path: /syssec-nas0/pyc-research/compiled_evaluation_targets/usenix_test_set/python-3.10/6584/6584-normalized.py)
75. 6854-normalized.py [COMPILE ERROR] (path: /syssec-nas0/pyc-research/compiled_evaluation_targets/usenix_test_set/python-3.10/6854/6854-normalized.py)
76. 6937-normalized.py [RECONSTRUCTION FAILURE] (path: /syssec-nas0/pyc-research/compiled_evaluation_targets/usenix_test_set/python-3.10/6937/6937-normalized.py)
77. 7096-normalized.py [RECONSTRUCTION FAILURE] (path: /syssec-nas0/pyc-research/compiled_evaluation_targets/usenix_test_set/python-3.10/7096/7096-normalized.py)
78. 7368-normalized.py [COMPILE ERROR] (path: /syssec-nas0/pyc-research/compiled_evaluation_targets/usenix_test_set/python-3.10/7368/7368-normalized.py)
79. 7548-normalized.py [COMPILE ERROR] (path: /syssec-nas0/pyc-research/compiled_evaluation_targets/usenix_test_set/python-3.10/7548/7548-normalized.py)
80. 7865-normalized.py [RECONSTRUCTION FAILURE] (path: /syssec-nas0/pyc-research/compiled_evaluation_targets/usenix_test_set/python-3.10/7865/7865-normalized.py)
81. 8155-normalized.py [RECONSTRUCTION FAILURE] (path: /syssec-nas0/pyc-research/compiled_evaluation_targets/usenix_test_set/python-3.10/8155/8155-normalized.py)
82. 8493-normalized.py [COMPILE ERROR] (path: /syssec-nas0/pyc-research/compiled_evaluation_targets/usenix_test_set/python-3.10/8493/8493-normalized.py)
83. 8494-normalized.py [COMPILE ERROR] (path: /syssec-nas0/pyc-research/compiled_evaluation_targets/usenix_test_set/python-3.10/8494/8494-normalized.py)
84. 8559-normalized.py [RECONSTRUCTION FAILURE] (path: /syssec-nas0/pyc-research/compiled_evaluation_targets/usenix_test_set/python-3.10/8559/8559-normalized.py)
85. 8709-normalized.py [RECONSTRUCTION FAILURE] (path: /syssec-nas0/pyc-research/compiled_evaluation_targets/usenix_test_set/python-3.10/8709/8709-normalized.py)
86. 9034-normalized.py [RECONSTRUCTION FAILURE] (path: /syssec-nas0/pyc-research/compiled_evaluation_targets/usenix_test_set/python-3.10/9034/9034-normalized.py)
87. 9230-normalized.py [RECONSTRUCTION FAILURE] (path: /syssec-nas0/pyc-research/compiled_evaluation_targets/usenix_test_set/python-3.10/9230/9230-normalized.py)
88. 925-normalized.py [RECONSTRUCTION FAILURE] (path: /syssec-nas0/pyc-research/compiled_evaluation_targets/usenix_test_set/python-3.10/925/925-normalized.py)
89. 9553-normalized.py [COMPILE ERROR] (path: /syssec-nas0/pyc-research/compiled_evaluation_targets/usenix_test_set/python-3.10/9553/9553-normalized.py)
90. 9604-normalized.py [COMPILE ERROR] (path: /syssec-nas0/pyc-research/compiled_evaluation_targets/usenix_test_set/python-3.10/9604/9604-normalized.py)
91. 9684-normalized.py [RECONSTRUCTION FAILURE] (path: /syssec-nas0/pyc-research/compiled_evaluation_targets/usenix_test_set/python-3.10/9684/9684-normalized.py)
92. GeneticAlgorithm.py [COMPILE ERROR] (path: /syssec-nas0/pyc-research/compiled_evaluation_targets/usenix_test_set/python-3.10/906842a96f866080826950088ca39796495fe1a1f5c804861963aa85c40b5b68a412a6aea1345849cebf7352870a640a27b4239f13c294ff9b8579dac3216186/GeneticAlgorithm.py)
93. History.py [RECONSTRUCTION FAILURE] (path: /syssec-nas0/pyc-research/compiled_evaluation_targets/usenix_test_set/python-3.10/13b8cb14ce707c439c4244b014ed15d022c38b2406176984ea46ef08d2454842f001122d7ff6a3a3c5f52d1e1b1614885366cd3e8153589c97f43056b3747fd1/History.py)
94. IRAF_Reduction.py [RECONSTRUCTION FAILURE] (path: /syssec-nas0/pyc-research/compiled_evaluation_targets/usenix_test_set/python-3.10/40820f844d9c624e8c3e0777bbffa3586f7597a9886acb295d44f10bb05ffa5e5b288afa1af23d6b466c0392111a9e76008feae9ec48d97b604c70835bb059f6/IRAF_Reduction.py)
95. InfinityFlow_Utilities.py [COMPILE ERROR] (path: /syssec-nas0/pyc-research/compiled_evaluation_targets/usenix_test_set/python-3.10/157c98a8789f51f4ced9c4091ce9c5bfe830da8f01e515a4dc242f01e261ebdee6c1f079b0c4287e78b4b515098a7fe83139e01809f5264c3a173e1e8b3ae08e/InfinityFlow_Utilities.py)
96. LogicOfflineJobFakeBroker.py [RECONSTRUCTION FAILURE] (path: /syssec-nas0/pyc-research/compiled_evaluation_targets/usenix_test_set/python-3.10/77928dbf85509050a834af1c46270cf4c92786efe338dfdf5f8e95a11260ac6468db2ed004b375bcee30fead1fe3bc718ff2a39b961e94f179a36ddff253a308/LogicOfflineJobFakeBroker.py)
97. Memoize.py [RECONSTRUCTION FAILURE] (path: /syssec-nas0/pyc-research/compiled_evaluation_targets/usenix_test_set/python-3.10/060f62bf756ea872b8bf82ff6383cc10f2cc34c3d1d621767dc72d3662b6df9ad76b6656197524fa8dc4bf118cc24399aadd9e7886be8fc5b5c23059006b27e5/Memoize.py)
98. NotifyRyver.py [COMPILE ERROR] (path: /syssec-nas0/pyc-research/compiled_evaluation_targets/usenix_test_set/python-3.10/6d343ee5495ed08133701c2bdd9380e77387ac43f05be2d5754ff70a535bdb5ae8dd3057842591744f7d34e2a2971af9f477416c7fc65527890e50503aeb78e2/NotifyRyver.py)
99. PackageMetadataNodes.py [RECONSTRUCTION FAILURE] (path: /syssec-nas0/pyc-research/compiled_evaluation_targets/usenix_test_set/python-3.10/aa28ef4e8bd5a8322fa87f7b2a7e1e5e8e11f735433c70707c7251678f51ce5110fc7710727833e5f615d92386a41f91da687c9cc73b68f64cacfbc19996b5ab/PackageMetadataNodes.py)
100. RET504.py [RECONSTRUCTION FAILURE] (path: /syssec-nas0/pyc-research/compiled_evaluation_targets/usenix_test_set/python-3.10/daa8ceb4f6ee0a3c4242b80c8b6dcdeed62906ff241c3e671a00941d43f33f4605b9b15571e89644d3d66c18f98b3c16f842c28b88b4e40f8d6770dd578dbc0c/RET504.py)
101. RET506.py [RECONSTRUCTION FAILURE] (path: /syssec-nas0/pyc-research/compiled_evaluation_targets/usenix_test_set/python-3.10/cb2fc17a7d73f974fce7b2bc9687b5b2e9c9e520fb43e7c67d50f5cd4e8bc335114bfe90f36fba2730a5b12acc7bee7c819768cbfd0b94379e320b4009973d88/RET506.py)
102. Service.py [RECONSTRUCTION FAILURE] (path: /syssec-nas0/pyc-research/compiled_evaluation_targets/usenix_test_set/python-3.10/928e6c3d406b699bba6f7d4f1fa0611af093251b6983d250b37f8b92ff1e6114723bc3295389b311444398b93d8e4f644904766fb9845d6c3e4d9e3a69fa7b96/Service.py)
103. SharedClassNameHandler.py [RECONSTRUCTION FAILURE] (path: /syssec-nas0/pyc-research/compiled_evaluation_targets/usenix_test_set/python-3.10/80b4ac8699da09e9a43ef5d017c089f021aa1049dfc3a5a5b57591cfd5948394aa387e180aaf0845a7d9c309576b47e6ba0fb9578ed505a283791417d4c5334c/SharedClassNameHandler.py)
104. Utility.py [RECONSTRUCTION FAILURE] (path: /syssec-nas0/pyc-research/compiled_evaluation_targets/usenix_test_set/python-3.10/0931ff8871d5102275e13c7fa4e6862c4beb1f833a1fc3ccb8853e332365dcc61ccafb29665fc97afa34cd92d1206bbf39a601fd7c697079f13d4ebce703d9d7/Utility.py)
105. VortexTcpMemoryLeakPayloadTest.py [COMPILE ERROR] (path: /syssec-nas0/pyc-research/compiled_evaluation_targets/usenix_test_set/python-3.10/23b1c62d5b00c824059ae360348cbf3c72c31fb6bc981051cf52d9f902201be355d949be4656576da1eea2ebb4a97a74bde96781dd1a0392d98788608951d066/VortexTcpMemoryLeakPayloadTest.py)
106. __main__.py [COMPILE ERROR] (path: /syssec-nas0/pyc-research/compiled_evaluation_targets/usenix_test_set/python-3.10/958297d91487041aecbf0e74ebfba23de908f4a8cf7fc02eb28319b378520830ac6890a3ee0bf3e65f5aaafac62d6014dac4138fbcd181e62f44700e65933be5/__main__.py)
107. _fileobjectposix.py [COMPILE ERROR] (path: /syssec-nas0/pyc-research/compiled_evaluation_targets/usenix_test_set/python-3.10/4cd9c561cae81f5fb527b46be6380adc0c8726b9ff4af665558e6818b71a96ac581e5ac08d2190c43c7b5be397b9bee386dd74fc58eb3fe83657ee6e0ae34eb3/_fileobjectposix.py)
108. _pslinux.py [COMPILE ERROR] (path: /syssec-nas0/pyc-research/compiled_evaluation_targets/usenix_test_set/python-3.10/3dc2b2e1804a6e00edd9873cf7b12ecfecc4c4eb68d56923db73db6bd67daea277a57990154bf0391f389af4077771bc286b68bc4528b0bce07243fc75768e86/_pslinux.py)
109. _tecplot.py [RECONSTRUCTION FAILURE] (path: /syssec-nas0/pyc-research/compiled_evaluation_targets/usenix_test_set/python-3.10/daa808fea7126e59be15232f00cd2be3503b9b4e29846cd31686949888c3b67ee95988d445c781d9c1cbffefd4007a2b4f18e755cdbb54da4492e72c2c994766/_tecplot.py)
110. _utils.py [RECONSTRUCTION FAILURE] (path: /syssec-nas0/pyc-research/compiled_evaluation_targets/usenix_test_set/python-3.10/be14d8440d5c4d6defa281cf2d318dfce2aade28b5f5904f84388bd6c301dc42a086ac57eabbde291771e98203fd11942b4f64da4ef837a811f7280faca3b793/_utils.py)
111. actioncontroller.py [COMPILE ERROR] (path: /syssec-nas0/pyc-research/compiled_evaluation_targets/usenix_test_set/python-3.10/3b3c6531b4c875a8c8a66566dcedaaab7c6dfe097bff7bf7bf0b00bee13ff4ce76816ace4e3936422ac7e7534571ec87978afd2f19fe5131e0ae309c5a8a3716/actioncontroller.py)
112. adapter.py [COMPILE ERROR] (path: /syssec-nas0/pyc-research/compiled_evaluation_targets/usenix_test_set/python-3.10/90adfbb55d9823001a500ccef17b56acead81f4eb10eded3ee78c6107af3fa221beb222c87a68ab3bd4033764889ab313053dbe3d29501013dce18cae5c5615b/adapter.py)
113. adaptivegreedy.py [COMPILE ERROR] (path: /syssec-nas0/pyc-research/compiled_evaluation_targets/usenix_test_set/python-3.10/0216940ebc56919f58d53da0bef5efa9bd0dc537788fecc44a081aea3014de54d3fdaa1891698ef7a677b5a705e5ff316c9057e5107c0c33507c2863590bead2/adaptivegreedy.py)
114. agent1.py [COMPILE ERROR] (path: /syssec-nas0/pyc-research/compiled_evaluation_targets/usenix_test_set/python-3.10/410462cd2466321ac53fd8eb5324bdf638208ee22dd508860ab87eae0a327029ec7a40d48c8214c165ca7082cf700e473ff23c8c5dda9dec67aec8244cdd38f8/agent1.py)
115. aliases.py [COMPILE ERROR] (path: /syssec-nas0/pyc-research/compiled_evaluation_targets/usenix_test_set/python-3.10/4e8858ea6e77601ff8b520869f21fa274bc9e1b559dac0f7e53d4a4f8ebc13fe097975395c64395cabf9f7ed6e41a5137728d44c23070ebde457ed2d884e88c6/aliases.py)
116. api.py [COMPILE ERROR] (path: /syssec-nas0/pyc-research/compiled_evaluation_targets/usenix_test_set/python-3.10/556e9b94a3354791b440b1d8b0c1e1ae3e7f0f2e51034d5846fd131709419db2a6cb8985125974e93e6a194db8187fc8c9df22a0d5a942af5b94a108fc0d401a/api.py)
117. api.py [COMPILE ERROR] (path: /syssec-nas0/pyc-research/compiled_evaluation_targets/usenix_test_set/python-3.10/75756b16713040aa5b384a90bda2524eae5e92a4e0cf3063aae05bfd714ecf4652011eef0ff9c633e344f244c90b641bf998beca633707009042a112ad3da9cb/api.py)
118. api.py [COMPILE ERROR] (path: /syssec-nas0/pyc-research/compiled_evaluation_targets/usenix_test_set/python-3.10/90c3deef6451f68b810838e2885bb3f7222412b94ad2b1ce95503deba7403570faf79cb229997b5d79206444c66d3e44b558df150aa0dda6c295392b7c15f0d8/api.py)
119. api.py [RECONSTRUCTION FAILURE] (path: /syssec-nas0/pyc-research/compiled_evaluation_targets/usenix_test_set/python-3.10/2a0ccc1345d0427799bcf03cec237c5d3f9e2603282b2c159b4ac4b1fd818acbcd9dfcb44f4193a2c48565724f04637596a2c8f3924bda27460ae1ada892adc1/api.py)
120. api_client.py [COMPILE ERROR] (path: /syssec-nas0/pyc-research/compiled_evaluation_targets/usenix_test_set/python-3.10/1dc20f687c762058897aefa7398495b75d7d8dd6ccd381f6499dc57f0928988129aee0b7892311820588ffdca6412744d6998c9bdf15d5859751cddf7efe1d00/api_client.py)
121. api_client.py [COMPILE ERROR] (path: /syssec-nas0/pyc-research/compiled_evaluation_targets/usenix_test_set/python-3.10/d229ef54e9e213999d6cdd37283108869c5bd8e5687b68bd5bdb58a4440bb58246b6003143097d9448f59ca633e55a5d5c594b840e7ec3502a92ed469f237b1e/api_client.py)
122. app.py [COMPILE ERROR] (path: /syssec-nas0/pyc-research/compiled_evaluation_targets/usenix_test_set/python-3.10/66d30b7e76cf29f736f7f5589e6a49ea7ecc31ff51b719b743f7c62773bc7fb3e3bde03fbb48a3688c93d85297c71c8f957776029aa0193cde866d4b456f0392/app.py)
123. app.py [RECONSTRUCTION FAILURE] (path: /syssec-nas0/pyc-research/compiled_evaluation_targets/usenix_test_set/python-3.10/c0649bfffa482217fb6e9d7af7303bc114931737ac86c12d22fad5176ba12464d052fa2a94bb70c42d910472d7d1936c22996c1d410aeb2dc3b52d5478364670/app.py)
124. archive_util.py [COMPILE ERROR] (path: /syssec-nas0/pyc-research/compiled_evaluation_targets/usenix_test_set/python-3.10/f11cb101c6d2054b2494ff99bf343f29f53d70e46b24787f999665cedcac1f6064eb1a99bd79fc338ab7107198f20872fb4a2a1d41780b794736f6fc06e115c4/archive_util.py)
125. az_cis_check4.py [COMPILE ERROR] (path: /syssec-nas0/pyc-research/compiled_evaluation_targets/usenix_test_set/python-3.10/62b1b85ea82cf7eeec7a14145857c1ac63bd1d5a703ea5369b53f5c7a386e984c0de8cb2db1033ec2a594a0920e17d7e963d669204ebfc8847094c288e228e03/az_cis_check4.py)
126. azure_rm_appgateway.py [COMPILE ERROR] (path: /syssec-nas0/pyc-research/compiled_evaluation_targets/usenix_test_set/python-3.10/9f7814dc03894c57f4dbb88614b07a422b312c688f29269c4d04bf7b9d43be08280fd1beb28bac9cc75981a83500d55ecb99be9d64b6d056af0c4dd3f5c44379/azure_rm_appgateway.py)
127. background.py [COMPILE ERROR] (path: /syssec-nas0/pyc-research/compiled_evaluation_targets/usenix_test_set/python-3.10/60cbf0f068049eff45dd0363e4e831fc3e473d436c5e3f3df64252aa4af58f4bb2e80fe882590c995852e53c7523db7895398c30d1cef6c2b4373308391b1d60/background.py)
128. base.py [COMPILE ERROR] (path: /syssec-nas0/pyc-research/compiled_evaluation_targets/usenix_test_set/python-3.10/528ab1ba7ee6d420f1d0ed729e0f7f99a847e8d5fdce296b96941f39e6422dd749e8ed155380c093a6d8f6e4a331d9756b52805530a3727a638597efec63ccef/base.py)
129. base.py [COMPILE ERROR] (path: /syssec-nas0/pyc-research/compiled_evaluation_targets/usenix_test_set/python-3.10/53de9c1b842e62a9723ee8fc11b7ecc5e41db13890dd2567c92ccb5cfe6a34f359a51834a7cd565acc2c883c35186691f14e75f82d04d99c38195cbb9d85d80d/base.py)
130. base.py [RECONSTRUCTION FAILURE] (path: /syssec-nas0/pyc-research/compiled_evaluation_targets/usenix_test_set/python-3.10/f8ea39dcd4f6e91b8dc21c66ed5504f104b3d2ad29c8a66d40be164e1b1ad2e932a422db60afc183ac9220ea0f2292088bb0907ca999746f654da7816aa9807a/base.py)
131. base_preprocessing_layer.py [RECONSTRUCTION FAILURE] (path: /syssec-nas0/pyc-research/compiled_evaluation_targets/usenix_test_set/python-3.10/45c80b04e62ce0c6caceaced3e44de604415046de4b2404d1498d4e4bd823a6519eb6f7624e99123c120b9e1849ec817b9762bd23b03a59190b04a22b6e2fdcd/base_preprocessing_layer.py)
132. base_resource_value_check.py [RECONSTRUCTION FAILURE] (path: /syssec-nas0/pyc-research/compiled_evaluation_targets/usenix_test_set/python-3.10/a1ce56d2f7fac1d19e84d45b710b9942638ade0a80220017f7b90d61a65bc47538620a76b212e5bd0c46e3b37a51c8161e3d3a2d56c2973cbb3f79fe882e807d/base_resource_value_check.py)
133. basecallbackendpoint.py [RECONSTRUCTION FAILURE] (path: /syssec-nas0/pyc-research/compiled_evaluation_targets/usenix_test_set/python-3.10/281a9998479afbf4e802edd613b0721cab992247d06c6bbc0f19ff9b21e5163cb0c4d8d60f9bd12068f6b235764ced9df8bdaf8eed64a1f73003240d9a54487a/basecallbackendpoint.py)
134. best_ip_async.py [COMPILE ERROR] (path: /syssec-nas0/pyc-research/compiled_evaluation_targets/usenix_test_set/python-3.10/dc0f3bda2119b204cedf94f1ceeef7d0644997a0d20a74cfae13098f354a4de96bccb5a127712b3db957f587039bce29b5979dd6b21e923be719ca88ddf8a95c/best_ip_async.py)
135. bezier.py [RECONSTRUCTION FAILURE] (path: /syssec-nas0/pyc-research/compiled_evaluation_targets/usenix_test_set/python-3.10/7b1400a6460c531bdfc7a0ae0bc5729896e5f191f499c002eaefdbe6cd39167dd4f0df909f4b1484a1afc631a69cdddb94d0197659a154d0670cbe5250efda08/bezier.py)
136. bflb_iot_tool.py [COMPILE ERROR] (path: /syssec-nas0/pyc-research/compiled_evaluation_targets/usenix_test_set/python-3.10/ae42fd7215aa22d832635e100a7f1d29fb9e618cd930add363453c0a7e65bcf637e97097029c635d33934a12c22cfb86a14c2535c631c01a1b0ba6202083f8f2/bflb_iot_tool.py)
137. bigip_node.py [COMPILE ERROR] (path: /syssec-nas0/pyc-research/compiled_evaluation_targets/usenix_test_set/python-3.10/a5e592cb022ddbfa628e3146c694b0d4288f6c572ad253ed4e58b847a9a94aeb81937340dbc71fb61c09e6241bcf530f80b87a3b44ff8de1eed3ea51f9f0d64c/bigip_node.py)
138. bitstamp.py [RECONSTRUCTION FAILURE] (path: /syssec-nas0/pyc-research/compiled_evaluation_targets/usenix_test_set/python-3.10/3747e3daadaa1940627048915cfa861a2d27476abf1d7ea34421d27fa861b4b85ea403c90e18332673589558523f762200d0d0ae6af7ab9dcef3b633dcc0b17e/bitstamp.py)
139. bootstrap.py [COMPILE ERROR] (path: /syssec-nas0/pyc-research/compiled_evaluation_targets/usenix_test_set/python-3.10/4ea7064fc96cf5a31a5fa58cf8e08ce370d14896743add918dcd9a1717d4ec82e2604fc1d518591de2290fe84dfec48240635fa79d114694535dbd3a070a2505/bootstrap.py)
140. build_tracker.py [RECONSTRUCTION FAILURE] (path: /syssec-nas0/pyc-research/compiled_evaluation_targets/usenix_test_set/python-3.10/5115847d368b223bd927eb62852aa5076c6616290c845016f0a1a9be890b4111873fc699ae3589d0ebe2b47859653c529f4c72fcc5e8b34a4cead7c40e927189/build_tracker.py)
141. build_tracker.py [RECONSTRUCTION FAILURE] (path: /syssec-nas0/pyc-research/compiled_evaluation_targets/usenix_test_set/python-3.10/55375049be521005e898649efda0e3f8d8a821160644b25eefd0e42c17028eccee76917de135a0059896ced0de4bf4d68cce42e0adcd1b8910bf05f143923142/build_tracker.py)
142. cache.py [COMPILE ERROR] (path: /syssec-nas0/pyc-research/compiled_evaluation_targets/usenix_test_set/python-3.10/cf520a10ba107d08d628b9e6b54d1ca736c48d6fde28bb20ac61a1ce504dab98035fe49f9b134b440720ba905e6dd1887ffdb00884a45dedf6bbc18f4ea6b595/cache.py)
143. cache.py [RECONSTRUCTION FAILURE] (path: /syssec-nas0/pyc-research/compiled_evaluation_targets/usenix_test_set/python-3.10/a67c49030ac038ffcc65765bff78c774cd4c7736de936c3984bb5a294435449a0e772a2f0292546ab764e72c809fb87078bf20ecb5af626f382031e0eeab7659/cache.py)
144. case.py [RECONSTRUCTION FAILURE] (path: /syssec-nas0/pyc-research/compiled_evaluation_targets/usenix_test_set/python-3.10/4cf1f7aba324aa0b14ac982a64b415d45039253858665b9794e798b7891266634bd8fb41aefbd80f09e7d2af1bf2cec61b2c084299195fc5af67d120c153badb/case.py)
145. chain.py [RECONSTRUCTION FAILURE] (path: /syssec-nas0/pyc-research/compiled_evaluation_targets/usenix_test_set/python-3.10/36fc5f3ce4d77f845f23b65d158345a408f0210cefac81cb20bc7e1a7b9e97df313b14299076a74fcb462ac224c233052b8e4f87eb8830aa2b1020943038dc08/chain.py)
146. cli.py [COMPILE ERROR] (path: /syssec-nas0/pyc-research/compiled_evaluation_targets/usenix_test_set/python-3.10/39d060036fe999f34fa5cf8cb9308a44ff42ef017acad09731c0f0cf3456fcfd5856cc48c5b75dd9ff6bcb9f25572261700a6eb0bb51bbbfa33992b2f892a5e1/cli.py)
147. cli.py [RECONSTRUCTION FAILURE] (path: /syssec-nas0/pyc-research/compiled_evaluation_targets/usenix_test_set/python-3.10/9ad9863385ac47f039280281429d855407ec370909e93542d2d95f5dbfcbb35a25e81abfce88f28d70a5de6c12895690879cfaf811dc0aaf4646c2d3da8e705d/cli.py)
148. client.py [COMPILE ERROR] (path: /syssec-nas0/pyc-research/compiled_evaluation_targets/usenix_test_set/python-3.10/5e9d0380ed6fc4b0e5166ebcbdfb23a953338f08a3468c8c87478dfed1d7d46bf610ad3daae9fc084ec63be133b43621e59d6a6b6ad0d717cbd9bffebe3dce62/client.py)
149. client.py [COMPILE ERROR] (path: /syssec-nas0/pyc-research/compiled_evaluation_targets/usenix_test_set/python-3.10/aeb8234487890a8001ef57de9179022719b15d2d01a7deb1b0af56f9631a8befe4c048f1132aacf7c03f1c293df6d5d3380fcf6de3e93c84e88b56db81349030/client.py)
150. client.py [RECONSTRUCTION FAILURE] (path: /syssec-nas0/pyc-research/compiled_evaluation_targets/usenix_test_set/python-3.10/8620392e2370c75c01b59a0c69ffd376d2e4cda1ad91e8a99cc9ce2f90ccda6c04695ae124e213a2996e4a1447e0db364bf1b3dc49322bab36d9f219cdc21956/client.py)
151. cloud_init.py [COMPILE ERROR] (path: /syssec-nas0/pyc-research/compiled_evaluation_targets/usenix_test_set/python-3.10/eea8d532f7881a25e483b8568d31ce02aec3eae8b76a2e2ac94981926c4ad714fb42f9e79c8be51ce49b6c2883b823e196f6e1132e9003fee3bfb4631659608d/cloud_init.py)
152. code_parser.py [RECONSTRUCTION FAILURE] (path: /syssec-nas0/pyc-research/compiled_evaluation_targets/usenix_test_set/python-3.10/9ddd47cc1e10f1a824daf3bc99774025e5cf2cb4eef4809994c12f6f4a22b0dd546a34758940620ed1edef9adb846a9e154768eebc08a9b4cb85421f638e9296/code_parser.py)
153. commandline.py [RECONSTRUCTION FAILURE] (path: /syssec-nas0/pyc-research/compiled_evaluation_targets/usenix_test_set/python-3.10/e4baab9d53a0440a7231f4210b1851570df8c464bdb54f117d055ad9ce41268fd2244015848e6826ff63ad3fc31fa6b4be9efd1911035790a869dd90b40c91ef/commandline.py)
154. common.py [COMPILE ERROR] (path: /syssec-nas0/pyc-research/compiled_evaluation_targets/usenix_test_set/python-3.10/e3d1bf3a3521c8b7d91edb167fd79e8c33f33449dbdce5525aab2d9e75cfb8211cf766567219dac7496ee55e6442d326b3a282b2d3993e6247d522dc5b6e93ff/common.py)
155. common.py [RECONSTRUCTION FAILURE] (path: /syssec-nas0/pyc-research/compiled_evaluation_targets/usenix_test_set/python-3.10/437d13e9263e380d41d8334ea865d824c2c44cc26f00251ed6c025fd5379ba54c5c96c4c422ff48e0099a3d29c3e99188a964d32dd6a18b9c9859b7605e7df9a/common.py)
156. compat.py [COMPILE ERROR] (path: /syssec-nas0/pyc-research/compiled_evaluation_targets/usenix_test_set/python-3.10/992dafc4657443904f98170017c7b0d1812101f24b9d03c83d26a97d8973099689c71144851be3bc8212d90af169df492699d1633517039b2e5da25706972c3b/compat.py)
157. compete.py [COMPILE ERROR] (path: /syssec-nas0/pyc-research/compiled_evaluation_targets/usenix_test_set/python-3.10/cf43e881ed19f24a2d1bca17bf70848176f01922ad8f94028493e54a3f3e89f44cf64100503e462fcde5c6fee62bdfc5b0ec4724f911e61c7225568eb1276229/compete.py)
158. compression.py [COMPILE ERROR] (path: /syssec-nas0/pyc-research/compiled_evaluation_targets/usenix_test_set/python-3.10/7686b2640036bbb57ed1bbd2889a1999175d9f9f4318bda0ea8c8cf1cf17739b1867e361d4c5d4ee1dc642b56b02cf5b87524fc89fd87c1edf587267e31bf7b3/compression.py)
159. config.py [COMPILE ERROR] (path: /syssec-nas0/pyc-research/compiled_evaluation_targets/usenix_test_set/python-3.10/26aa5943c11f7dd614d6d6f5be4d0e0e8bd526129931366d762c02daaedf1a6133ca0b9748eaec83f26b56731fee210836ee880f4091aaa1b677dc7341e2188a/config.py)
160. configuration.py [COMPILE ERROR] (path: /syssec-nas0/pyc-research/compiled_evaluation_targets/usenix_test_set/python-3.10/0e25706b814e5b1ce031b8707b4e447c2a03583f87a106d1aadfa459fb0bbccd363eb7822e144fa7dbc0ade604ede90210dfd35ff88222ebd7c9cd7076d4b911/configuration.py)
161. connector.py [RECONSTRUCTION FAILURE] (path: /syssec-nas0/pyc-research/compiled_evaluation_targets/usenix_test_set/python-3.10/2528008aeab264799b209b3596cf9682d3ec9611689e335da62937a441e6a1446281911fdb1005aeeb8b5d49b5bbf7856257ac64fe3b544697b7a405fa9d6f44/connector.py)
162. container_helper.py [COMPILE ERROR] (path: /syssec-nas0/pyc-research/compiled_evaluation_targets/usenix_test_set/python-3.10/24592f5b74866a8f908a7b31ce6ec6a0594420708c875d9cd0a4db951a942f1405681d4c70b6e7fa4495cbe889719c399ab649d105371b5b691a44d6a12dd2c2/container_helper.py)
163. controlled_gate_test.py [COMPILE ERROR] (path: /syssec-nas0/pyc-research/compiled_evaluation_targets/usenix_test_set/python-3.10/7a3d58d1867aaaaf90d9565868f3dfb37a796870fd7b22534fb728deee2186e1be81fb5f3d1741598e01729a8c0d043bd2cc02ea54e8200f7ea35e06032f0b27/controlled_gate_test.py)
164. conv3d_alter_op.py [COMPILE ERROR] (path: /syssec-nas0/pyc-research/compiled_evaluation_targets/usenix_test_set/python-3.10/5ab413e2b7c4d701c99f9d0d71dd031b5f50eee7ee2b0471648d5f66ee2ad81622f1c9baaa8414ccb96323ea6b1ab3db4dfa9db34e3d9b52e84a708cc29dfbf6/conv3d_alter_op.py)
165. core.py [COMPILE ERROR] (path: /syssec-nas0/pyc-research/compiled_evaluation_targets/usenix_test_set/python-3.10/777dd179f5295f188238e7381d6e5e6e1c8355ddb304cc8dd239718158a13693fb5b2b72d5676a4ab6f520546048da61f2349648238ecf423d922bf5bc9e8e13/core.py)
166. couple.py [RECONSTRUCTION FAILURE] (path: /syssec-nas0/pyc-research/compiled_evaluation_targets/usenix_test_set/python-3.10/1c2e7400dab3032fd2ea847f1736fa763617f0523e3f9f71231c972a4270bedde7633be4cb5b38eb66b0c515577c98b239a1d05ca0091910b9e11c7a8396bcdb/couple.py)
167. csv.py [COMPILE ERROR] (path: /syssec-nas0/pyc-research/compiled_evaluation_targets/usenix_test_set/python-3.10/73349d7e40de4c211643144705c393d524a63bab4e33ab73e6fc7934eb8cfbe1d057b39b292fc6bd9cfcd134ddb46d1d310e78f4ef9b089baabe397df1f4305e/csv.py)
168. current_thread_executor.py [RECONSTRUCTION FAILURE] (path: /syssec-nas0/pyc-research/compiled_evaluation_targets/usenix_test_set/python-3.10/24704292332390a07da4ee413618bbaf845893f062376a22d2e7ad5da8232ea53f0e60e3333e47377217cce41963e45a2e58e4b7e4b497a93abb876866262fba/current_thread_executor.py)
169. custom_policies_integration.py [COMPILE ERROR] (path: /syssec-nas0/pyc-research/compiled_evaluation_targets/usenix_test_set/python-3.10/38df3cca09350cde024ffb52047d770fd23928d75fba9c3fe6f4b1c40b197b47bbf3da00c1e17c0f6f4b9bc0d25d97a2430f95437bfd3ccdb341f61432ff5d0a/custom_policies_integration.py)
170. data.py [COMPILE ERROR] (path: /syssec-nas0/pyc-research/compiled_evaluation_targets/usenix_test_set/python-3.10/dd7bee742879bd178e8ae00c3e6c78694a9b556cab6cb248a68eb732e9d7e7aad192541932abb7cbdb5f7ea63b38246d6c17dbc8830c39e7b251e6e248728035/data.py)
171. data.py [RECONSTRUCTION FAILURE] (path: /syssec-nas0/pyc-research/compiled_evaluation_targets/usenix_test_set/python-3.10/bbd9a57bf96727f0ea92157a0b00247a96ab090c2ebefe145b475698cdd41d0601a9ee4b6c254928098dd86f351fa5adf06d5c5bc06628739631fa63f8c1c67b/data.py)
172. datacls.py [RECONSTRUCTION FAILURE] (path: /syssec-nas0/pyc-research/compiled_evaluation_targets/usenix_test_set/python-3.10/fdd2adc8c14adc1838e5c283a4fa1e52272e96f1c1b1092022be292bd94b15172a93ad8437447847876ae76376d3618c5988bbd0f811e53741794885d9bfb04b/datacls.py)
173. dataset_providers.py [COMPILE ERROR] (path: /syssec-nas0/pyc-research/compiled_evaluation_targets/usenix_test_set/python-3.10/aa8febc11b0fa251f887f8ee0267c88818233aaf99d9e0bbfee42239eabb408c923d23963a5f3c60d8ad40c56fc3aa4f8db48652580d32e916fa5ff5a61f197c/dataset_providers.py)
174. dataset_providers.py [COMPILE ERROR] (path: /syssec-nas0/pyc-research/compiled_evaluation_targets/usenix_test_set/python-3.10/ed61dbdcee61d2c3301c90bfbfc95b7ea456212ae68d5f0ea0f9a1ce18bdb33f44f756eda0964e9bee747493992204f4b385001086c5f64f1e60c5075e81ac37/dataset_providers.py)
175. debug_executor.py [RECONSTRUCTION FAILURE] (path: /syssec-nas0/pyc-research/compiled_evaluation_targets/usenix_test_set/python-3.10/1c982d7cf62dd95bb8bc462006e7e2a777821a12cdb401d7b4639e0d08898fed4848eff0ea8d86c24483afa07af0a6128b93e683286da7f992918024887d59cf/debug_executor.py)
176. decoder_loader.py [COMPILE ERROR] (path: /syssec-nas0/pyc-research/compiled_evaluation_targets/usenix_test_set/python-3.10/86a1a6aac49f23b4c629032c95f61267c4f6a459561dee9b14068b26453696e4cb394c4df8229ba03407ddbc053e2b071ee766f9f9d7c554a3cb7f4a45626965/decoder_loader.py)
177. deephys.py [RECONSTRUCTION FAILURE] (path: /syssec-nas0/pyc-research/compiled_evaluation_targets/usenix_test_set/python-3.10/3a2b3ddc588c54d1f30a22b1bc3927300690106f0c1423b7f26c7e3e473b7c96a2b9b724d734aeb4c1762735d980893c0694885ebbd76d246f96c9595551c092/deephys.py)
178. delete.py [COMPILE ERROR] (path: /syssec-nas0/pyc-research/compiled_evaluation_targets/usenix_test_set/python-3.10/e179207821a8d66b135b002439562231bff33635adc6475fddbfc474b38d7ba3030990c79e5b66727ee17bc2a284b2917afbc94a9015fcfa542e0d94451a56fb/delete.py)
179. delivery_shipment.py [RECONSTRUCTION FAILURE] (path: /syssec-nas0/pyc-research/compiled_evaluation_targets/usenix_test_set/python-3.10/306cfcc590c2813b9d6af74a9fd73e3a42cc8d1fa28f8087e74bcbefcab98b73a921d2385c29416b3422b1fa0417c3bab27fe2bd46f55529910f56fd61d643c2/delivery_shipment.py)
180. dispatcher.py [COMPILE ERROR] (path: /syssec-nas0/pyc-research/compiled_evaluation_targets/usenix_test_set/python-3.10/9017d160c9d3f4913054a685b1592028c0f8444a8b87342dea37b87d3103aec9197c9ade8487890ac896e860ccad9d92b380829ca3f3e3ed29259107235d9c89/dispatcher.py)
181. distill_model.py [RECONSTRUCTION FAILURE] (path: /syssec-nas0/pyc-research/compiled_evaluation_targets/usenix_test_set/python-3.10/960985c7822e36b97af032a9d67e25a710ce8843a53450f95cbca67281b6ea1a15f882df028d455be1b23f590027d44c2fca3e2b5f97e45ddf95193340f6c1ec/distill_model.py)
182. distribute_utils.py [RECONSTRUCTION FAILURE] (path: /syssec-nas0/pyc-research/compiled_evaluation_targets/usenix_test_set/python-3.10/e18f25d363de6e40cc4bb03fada36ec13766bbafff03731ea3ec15a7ad7cb0b326952169fc291d0aed8dca9b7da5ec4b8e636e729a998c59087a5ffdc92fd92e/distribute_utils.py)
183. docks.py [RECONSTRUCTION FAILURE] (path: /syssec-nas0/pyc-research/compiled_evaluation_targets/usenix_test_set/python-3.10/92f870ecffb356e3221d62ae250eaf05bb578eadd093817165e9ad1356dfa3c3bb39c350fd2032ae158b85b94c1798af100f4ebbf9d01116a47a60dae83ad0c3/docks.py)
184. document.py [RECONSTRUCTION FAILURE] (path: /syssec-nas0/pyc-research/compiled_evaluation_targets/usenix_test_set/python-3.10/a876711910f48c1165df1ee3a426add5f343a09dc25bf1ce1ed70080fb5415f03a5f4ec353cccd073c454bf0b877aa79c02a4fe76f5d53511ce8d6cef596becf/document.py)
185. draft_diff.py [RECONSTRUCTION FAILURE] (path: /syssec-nas0/pyc-research/compiled_evaluation_targets/usenix_test_set/python-3.10/2105618ea46731051e7137a687fbe7ecc3b9864a715ab0cb0907e6ce43d8f71ddbd8f10f26a064e0b12179687451d588607d82360d2ffa5f27fe9bcbc3f4c8a0/draft_diff.py)
186. driver.py [COMPILE ERROR] (path: /syssec-nas0/pyc-research/compiled_evaluation_targets/usenix_test_set/python-3.10/64719785210dcbe5d58c69f02c38f29a43e21aee07993d23f173f5a3e3ee071881386c83ee2f2eb9f4754c3d8f64ce16f5b3520ac96fa185870849bbd04e65b4/driver.py)
187. ecdf.py [RECONSTRUCTION FAILURE] (path: /syssec-nas0/pyc-research/compiled_evaluation_targets/usenix_test_set/python-3.10/78cbb1efa93ae2d758d6e8a88fe029601ebf9305712c5f055f4a61b74e6608bd49ef49e409ea4d202b51c92272c3ec719ccafee4db32b801ee10e0e337cb8155/ecdf.py)
188. email_auth_plugin.py [RECONSTRUCTION FAILURE] (path: /syssec-nas0/pyc-research/compiled_evaluation_targets/usenix_test_set/python-3.10/d631d1141184e84dbbb2d277d2e25b7e3cef27c7b6518a367f12540d21c20e835bc9cdf06e3b4a383d34b21063775c3a09553194cca99f8ce44353deff0592b4/email_auth_plugin.py)
189. engine.py [COMPILE ERROR] (path: /syssec-nas0/pyc-research/compiled_evaluation_targets/usenix_test_set/python-3.10/a0c91758708c30cf81d9b28dad13b4a0aca3768c7567cf8cd44b93efa66b90975839180b6a7454db858952022341bda3be3a20e8f263c8fcbc297f11522796cc/engine.py)
190. eraser.py [RECONSTRUCTION FAILURE] (path: /syssec-nas0/pyc-research/compiled_evaluation_targets/usenix_test_set/python-3.10/28088324b722273289a171bf5d8e5a5a9a5e4d55cfed92f3c8abeb36498896cd6fed008db09bb082f69932ee7214cefcedb232402147ccd8423666a6499a921f/eraser.py)
191. es.py [COMPILE ERROR] (path: /syssec-nas0/pyc-research/compiled_evaluation_targets/usenix_test_set/python-3.10/3572599aea1ac3c627725f41f8061d30d133f6ddff861358a83e5ea2df1ffbd91a520831e8cf2a10752fb071256f5f1b29085a683c56db40d632a1cf01dbcb23/es.py)
192. evaluate_sbd.py [COMPILE ERROR] (path: /syssec-nas0/pyc-research/compiled_evaluation_targets/usenix_test_set/python-3.10/b225d04a0dadd1af2bdb94806bec5ee3a506b938e054665eb5f14ab69e4623d4949aaafd9edd3e6d1134850c127f22c82ecf98b2ea0244c9ab9199dba6f3c13f/evaluate_sbd.py)
193. events.py [RECONSTRUCTION FAILURE] (path: /syssec-nas0/pyc-research/compiled_evaluation_targets/usenix_test_set/python-3.10/32da20fafeba008e3d5b73b0608d811343b6008645ebb446515adbf8f0b4f830629dd7bc310ce32934d02f08386481ba6fcbf0ed8a3ccdd267b52c643f03f3b6/events.py)
194. exchange.py [COMPILE ERROR] (path: /syssec-nas0/pyc-research/compiled_evaluation_targets/usenix_test_set/python-3.10/207de057ef63c391f88906a4502e83f565a21c8dafd71e538fa72f0cccbdb40362dfccca80ac74cdda18d45bd623d81fcde1c089d864645d1fd28fb41c7f58bc/exchange.py)
195. export.py [COMPILE ERROR] (path: /syssec-nas0/pyc-research/compiled_evaluation_targets/usenix_test_set/python-3.10/75955dcd80a0c4f6c77525d6046bd1737f43a7494bfad37916b0bc6c6101c21d2b84a5247d45aef1186c729f84d5faeb8885140dde72a8563e8c1db8c0111592/export.py)
196. file_io.py [COMPILE ERROR] (path: /syssec-nas0/pyc-research/compiled_evaluation_targets/usenix_test_set/python-3.10/179485b361eacac5884667d7d7374a4ac6c07249285325a5669344c9f71e3169310965ec88e0f16cd9f14f50cc08eada47d93ef7d4ec067700365c63f9fc5f29/file_io.py)
197. filebased.py [COMPILE ERROR] (path: /syssec-nas0/pyc-research/compiled_evaluation_targets/usenix_test_set/python-3.10/c23a267f40ecb5e8a151befc9204ec1b8b049c30a92c0d5fef67cc3804bfa8ad89cdc4dd2286b537a62980da72b75cefc196f89dd8a04168a78651b2cd65f1c4/filebased.py)
198. fns.py [COMPILE ERROR] (path: /syssec-nas0/pyc-research/compiled_evaluation_targets/usenix_test_set/python-3.10/13c110210b211d3c1027e9fda052628eab0d8dcdfbb1012282027347049b2057de5b09a6c07767bd1d3d4feb72fe56cbf9a778ad72b011a66c050b042ac65419/fns.py)
199. frame_base.py [COMPILE ERROR] (path: /syssec-nas0/pyc-research/compiled_evaluation_targets/usenix_test_set/python-3.10/4e4a3b2514cf681ab9c9ffa1d40eb22cc45567762037bb723003c2faf563618d29eded256460443a09039ef1280e6e1513bf4ec03767a1d9ed07d515f4017deb/frame_base.py)
200. gdm.py [COMPILE ERROR] (path: /syssec-nas0/pyc-research/compiled_evaluation_targets/usenix_test_set/python-3.10/37290885c451e7f3ec76d92320832fa291f112f11571b60aca18a26c68d50ebdb30a21accffb303ccb83e439fe3abd86970b44f009d564422e6d863eff3c61df/gdm.py)
201. gen_data_rft_export.py [RECONSTRUCTION FAILURE] (path: /syssec-nas0/pyc-research/compiled_evaluation_targets/usenix_test_set/python-3.10/9cfe6aee9d4c591a05d9ea95504635381a703a673c49e29b590bf0fae205c5e832af155d0cc774cfa88abcc0919434a80251e2dd2e62e2dbca011b95868fc52c/gen_data_rft_export.py)
202. gen_image_ops.py [COMPILE ERROR] (path: /syssec-nas0/pyc-research/compiled_evaluation_targets/usenix_test_set/python-3.10/999bc21524713b748867b3158dea753d9aa0cc5199edd18747232d269adb6d415642dc5738e643ed071f8342a437cfce51a86bc1804796969f990ca78c1b5412/gen_image_ops.py)
203. generic.py [COMPILE ERROR] (path: /syssec-nas0/pyc-research/compiled_evaluation_targets/usenix_test_set/python-3.10/a47f68856c8ae9322ac9d570382cb5df77f7cb1b18db470277f051284973c45134fb7224f43b2eb92d6fa74f9850a4aee17ad1240387292156a0a22c45e51169/generic.py)
204. gerrit.py [RECONSTRUCTION FAILURE] (path: /syssec-nas0/pyc-research/compiled_evaluation_targets/usenix_test_set/python-3.10/af337628c2908249af7d945563ae4310623f81a3e22f2da5682395e81c858bd5754e0eca8891319677b70035f7bf163333b9da2fef91f300464e6de62bbd1c6a/gerrit.py)
205. gitlab_housekeeping.py [COMPILE ERROR] (path: /syssec-nas0/pyc-research/compiled_evaluation_targets/usenix_test_set/python-3.10/149239392ac4ec9a5d49aa4a78ccfbfd0664de6f44eb855c3d452e072fc364a431a93b2e069973d226421acd9f223601df091123270a90b78ebcf215911f076d/gitlab_housekeeping.py)
206. goto.py [COMPILE ERROR] (path: /syssec-nas0/pyc-research/compiled_evaluation_targets/usenix_test_set/python-3.10/299137a11ac93e0ff73d950a6863ab7a84635014708bfb4cd09e1d51ea77af768e9c021f5526be993f6f804d29558aeaace0b3a2039f28a0b72d6028038b06ac/goto.py)
207. gradients_util.py [COMPILE ERROR] (path: /syssec-nas0/pyc-research/compiled_evaluation_targets/usenix_test_set/python-3.10/5648588e01f4c2bcc04811c614dedb27d318d1b9b2671edb26271215ea5674ef96d05ba9f5fd4117d6ccd02b17ccc5772f3d7f9c2e34291fcebf426c86a2df64/gradients_util.py)
208. grid_finder.py [COMPILE ERROR] (path: /syssec-nas0/pyc-research/compiled_evaluation_targets/usenix_test_set/python-3.10/9adb7cace7418536c7432515bcdeb74b3ce556902914e1788bdd9ed8bc0b79769ad0ed3f1534ff8cc5b3833e77494b02883fc782f9ae8f9d804fd3705156e6af/grid_finder.py)
209. hide_utils.py [COMPILE ERROR] (path: /syssec-nas0/pyc-research/compiled_evaluation_targets/usenix_test_set/python-3.10/3e9b640265aa654cda4581e3cf6418aaa817f1fcd6feedc06f35dec3c6dbe7d8f18d98c5ac4c49409745f7b89a0016c11ad0a5bd89133de147958fd86000dbae/hide_utils.py)
210. horde.py [COMPILE ERROR] (path: /syssec-nas0/pyc-research/compiled_evaluation_targets/usenix_test_set/python-3.10/f2c969dbb7090a6f06b07f97ecd9fa08b9bda8ad19f0298cc212d5e724ce5edf1079b47daa0bc6ed0769a526ece29a7751c15df3eb64a6daf0a7470b9239a469/horde.py)
211. hourly_market.py [RECONSTRUCTION FAILURE] (path: /syssec-nas0/pyc-research/compiled_evaluation_targets/usenix_test_set/python-3.10/930b3b7b0230241cbac45666027779601d88fcad4bd9a001487fbc951fa95860efb7efb9999a332544b02657b26f853ed37b745a28be7db7bebbeaebd41caa22/hourly_market.py)
212. html_embed.py [RECONSTRUCTION FAILURE] (path: /syssec-nas0/pyc-research/compiled_evaluation_targets/usenix_test_set/python-3.10/9a17a5d98270642bcdc7df83843bfc3c70cf64dad5bc0dcd755956873723fa289e63e3c34f677b1b2e3ce0daf53ca7c7f257954e79d05d3a53f8824dc2607310/html_embed.py)
213. http_client.py [COMPILE ERROR] (path: /syssec-nas0/pyc-research/compiled_evaluation_targets/usenix_test_set/python-3.10/75195eed5eb8f6149d580556992a29f25c2bd1e4a55864ef1e0cae34bc38172af9147507e4cf0b8d3575c01023be5eddee347114fff17c04c6215d208f81925a/http_client.py)
214. iam.py [RECONSTRUCTION FAILURE] (path: /syssec-nas0/pyc-research/compiled_evaluation_targets/usenix_test_set/python-3.10/5c18998e99a71f26959cac3f1bda5d4480752707c3fd70f13cc1ae21c71f49a8e5557ea1786822f592947575b58aa5da131fda478d22cd25a22aedd1585958e8/iam.py)
215. identity.py [COMPILE ERROR] (path: /syssec-nas0/pyc-research/compiled_evaluation_targets/usenix_test_set/python-3.10/2f351d3f845f920ecba68a6c3e9347b964967c60aa38157cea3b08d758a5dd05cbc194715e88cb592cb2e93427ecebd318479eb3a908e5f1b414c167ee8ec9c0/identity.py)
216. information.py [COMPILE ERROR] (path: /syssec-nas0/pyc-research/compiled_evaluation_targets/usenix_test_set/python-3.10/ec93898595f29ddfed0893ed9ffbccd07f005eb5e329997293abbde90c03b1ae1e2b33489d6d267f81a1f6f94a9e63c404a8b4fc057732651f9f56d956b3cc70/information.py)
217. init_route.py [COMPILE ERROR] (path: /syssec-nas0/pyc-research/compiled_evaluation_targets/usenix_test_set/python-3.10/4891fb5f3d65ca5059ce9c9676b63115e3764e63a95339ea1698bec1e6551e677168aeb8769277358b64f62fb49307972b8efb2e23f30dbe41e94c752f2ea4fa/init_route.py)
218. input.py [RECONSTRUCTION FAILURE] (path: /syssec-nas0/pyc-research/compiled_evaluation_targets/usenix_test_set/python-3.10/4f48007ebf96ca10c41a087e282a16fcabd4e668a1d85dd47fa5d4979b463788f22eabf524017ad5ef3167c52856dcf02a52d95cdbf76aac8c440b1176902749/input.py)
219. input_spec.py [COMPILE ERROR] (path: /syssec-nas0/pyc-research/compiled_evaluation_targets/usenix_test_set/python-3.10/e93c355e44b261b2059f878d60baf482836beb2057030b8fd0406b043e32a5e1de32dc747d2afe6bd90d2c33ddfa3c3d0eeca8558bfca81b8eb4d11a806f1c89/input_spec.py)
220. inputhookwx.py [COMPILE ERROR] (path: /syssec-nas0/pyc-research/compiled_evaluation_targets/usenix_test_set/python-3.10/cc708df685e630af7c5e7d7c0c8b1d33d15e4be7efdf9eed9a41f0f66c0fccbc215d3604527fc48bed82d6064456c80d7a913da6b081cb64b16ec9220aaa28dd/inputhookwx.py)
221. install.py [COMPILE ERROR] (path: /syssec-nas0/pyc-research/compiled_evaluation_targets/usenix_test_set/python-3.10/ffbbd47346632ced7c335e3fd9f108521233b44c9ac16433e36df9ddedf6fdf018323b82f8341443d4b86b6dd75cc4eef473b09400abe31ee4592a9c9ebbc2db/install.py)
222. iterator.py [COMPILE ERROR] (path: /syssec-nas0/pyc-research/compiled_evaluation_targets/usenix_test_set/python-3.10/6b292028392c316b624bea1345952b3aaf3d04b7398d39c64e80e7caa8b113d8b6ab540cdf956e02b78dec1b3187817ce41f61d0c0b64d7d756c35b9cf2e1c98/iterator.py)
223. jaml.py [RECONSTRUCTION FAILURE] (path: /syssec-nas0/pyc-research/compiled_evaluation_targets/usenix_test_set/python-3.10/257694b5f0e74171e032642d0c8bb515b76608972c7bd4767f1ff9061a3b9d5668f762e1cf50b262cd8f2eefbf974610fc997b82826ba0108b27f222c95c66d6/jaml.py)
224. jinja2_debug.py [COMPILE ERROR] (path: /syssec-nas0/pyc-research/compiled_evaluation_targets/usenix_test_set/python-3.10/d7066f719f9e8e30e2a90c0e1c0f59cf4951c0226e477a3961949274899396491ba9f8d27ed4adbd19a609a0ce4bbe9bb437eed3be00f576cdf20ac7401fecfb/jinja2_debug.py)
225. job.py [RECONSTRUCTION FAILURE] (path: /syssec-nas0/pyc-research/compiled_evaluation_targets/usenix_test_set/python-3.10/725e2f198c267e8eed07dee213c2fa0c5ac6d0cfe2749a2d68ab19990cb2dabf02cbf0579e55d0952205354f66f8aaa5bd4e9682d0d168ab455fbc2947040cca/job.py)
226. job.py [RECONSTRUCTION FAILURE] (path: /syssec-nas0/pyc-research/compiled_evaluation_targets/usenix_test_set/python-3.10/82eec94ca7098abfb0066b6bd225c11bb4eecd18c9f4cffd42b6f1ccafaf452005d2e1b8a85faef6d2d1c27bff26798fdca9a09b0792f3fe38c40c5fb2ef86ff/job.py)
227. json_format.py [COMPILE ERROR] (path: /syssec-nas0/pyc-research/compiled_evaluation_targets/usenix_test_set/python-3.10/811d12c92e619883d55077105a66ffc49f9a135e6ab4eabb4abbe6ab3faa92ed27b295d5f78a9d2a68951e7d6210e9cedd17047c4cc41a59a0ec42bc6b009ad0/json_format.py)
228. keras.py [RECONSTRUCTION FAILURE] (path: /syssec-nas0/pyc-research/compiled_evaluation_targets/usenix_test_set/python-3.10/7c8c1e60f94e9fceebb95b119b33914485a7c0cdb829881cfaaff7d7faaeef9b0af8a986d9afcff85be4c4009d3bf5e655a9761102f467449205aab947b1affe/keras.py)
229. keyvalues.py [RECONSTRUCTION FAILURE] (path: /syssec-nas0/pyc-research/compiled_evaluation_targets/usenix_test_set/python-3.10/3e2f6916afc2d8c43cb25a6db0418a3aedb662e3566aa6f085912e3460565ee21c92a430d4f67599a4a1e2c7e4d452180eca112113ebe7048c9e642baccdbe77/keyvalues.py)
230. kvr_dskdm1230.py [COMPILE ERROR] (path: /syssec-nas0/pyc-research/compiled_evaluation_targets/usenix_test_set/python-3.10/ddd53c62c0c4efbe20932fc0bd44f57d745efb5917e088c668c754ecdaca8c776dc6674350bc0837c5204f0aab4addf0aacce67eedf7f77741e1c2a9b9f7c9cb/kvr_dskdm1230.py)
231. ldap.py [COMPILE ERROR] (path: /syssec-nas0/pyc-research/compiled_evaluation_targets/usenix_test_set/python-3.10/9ac5b88a7da5ebd28c050dc78b82f0281d29f6b168103f23cd780afcd53d9fbb5a8d9293e843b3b2b2b0e5c9df5ad35de1c6e098c10923d2dbadd5748bdfd3de/ldap.py)
232. lex_attrs.py [RECONSTRUCTION FAILURE] (path: /syssec-nas0/pyc-research/compiled_evaluation_targets/usenix_test_set/python-3.10/459ec14e28556c899ee002ca5285bb361771e43295f962834ee033d6ff6e233a5d8022448be859cea9c7d033b30ac1967f95f46f33290d926e39139d6411549b/lex_attrs.py)
233. lib.py [RECONSTRUCTION FAILURE] (path: /syssec-nas0/pyc-research/compiled_evaluation_targets/usenix_test_set/python-3.10/fd5686194ffcff6fc29a1d74be29e6cf119d3594bf5befd8c60fb20fd5f566dae253d57a353e45755e55cd22fa0abd29392c03764a759b587b484dded3bbabcd/lib.py)
234. lib_backup.py [COMPILE ERROR] (path: /syssec-nas0/pyc-research/compiled_evaluation_targets/usenix_test_set/python-3.10/bf62423ec4b76f5e73585215a512942a1ea250f4e9b11d3bafe922689aeda1fd9a5f561332d8e95e176f1dea55a82104ec2f41af63680ce68436b66c51cb0067/lib_backup.py)
235. linenotify.py [RECONSTRUCTION FAILURE] (path: /syssec-nas0/pyc-research/compiled_evaluation_targets/usenix_test_set/python-3.10/722ca3e81041928fcf9f9995790128538e01184e8f7ff90a0ed80563ea2b915f774afbfabf97ff296ebb826e74545af089c3828a4e2d45145d85317bd8bfbec4/linenotify.py)
236. loader.py [COMPILE ERROR] (path: /syssec-nas0/pyc-research/compiled_evaluation_targets/usenix_test_set/python-3.10/06bd23c76f46501eef32a0d2c4c7889e2385f4657c50c548d7f643551e1692868a2a8a60d2e2b00fa79f661b608714bdb867ae5230bccc53eca0f0e623ec338c/loader.py)
237. loader.py [RECONSTRUCTION FAILURE] (path: /syssec-nas0/pyc-research/compiled_evaluation_targets/usenix_test_set/python-3.10/165996b4d7e08724204ddcb904ab832bc1eccadd66fdd294457ea9fd8d98b98cb19da77ded96548a4a46c089967413123231d356f9fad2f61cf572afa9c402ae/loader.py)
238. loading_prompt_interceptor.py [COMPILE ERROR] (path: /syssec-nas0/pyc-research/compiled_evaluation_targets/usenix_test_set/python-3.10/53f17fd3c2fada8d9a784059d7ce9ca4fd27ca86527bcbd169f269b75773e4a46c1898d7901c27581dc38666f09862519e3756327946f1ca784cfd755625cd5c/loading_prompt_interceptor.py)
239. local.py [RECONSTRUCTION FAILURE] (path: /syssec-nas0/pyc-research/compiled_evaluation_targets/usenix_test_set/python-3.10/16baf36c42b094aeb40740736d1017a73775fdb7c2d857bc09fad246fd8adcabf85df2780c42d08789fc40a34b3ce2f1c0ec32bcdc2e9340a25aad3fdb546623/local.py)
240. log_view.py [COMPILE ERROR] (path: /syssec-nas0/pyc-research/compiled_evaluation_targets/usenix_test_set/python-3.10/178b56efffd3bf832efb44ba7322816793c16a4d8b32d4fb5f33b48512e0c4def66df5cebfbc5e5b33c685c89d9f67bd41ab6f51b0eeb3d208c7502a6c4933a2/log_view.py)
241. logger.py [COMPILE ERROR] (path: /syssec-nas0/pyc-research/compiled_evaluation_targets/usenix_test_set/python-3.10/1e8aa996533bd98bb5bc48e6a539f85c9e7ec952a65879d9638c61aa303add64c2f7da404a26a1666c1a4e089750406fe5f862dc8346a3861254c4393ac7a12e/logger.py)
242. logger.py [RECONSTRUCTION FAILURE] (path: /syssec-nas0/pyc-research/compiled_evaluation_targets/usenix_test_set/python-3.10/9d702b853334aec7447382d42a3597b757694d047e9943dfc9584de0f4cecbd70e0441016435605e645d69001de850fe8793a88d82089665eed18e304c69fb10/logger.py)
243. logutils.py [RECONSTRUCTION FAILURE] (path: /syssec-nas0/pyc-research/compiled_evaluation_targets/usenix_test_set/python-3.10/3e7985a33a9bf832150530304d7143312b903c08ffa93d0fe4b453823b7b919b158ef2d3ca885f118ae01c7dc54a595c7ff7043712534cc86b21f1e60f86e25d/logutils.py)
244. macroserver.py [COMPILE ERROR] (path: /syssec-nas0/pyc-research/compiled_evaluation_targets/usenix_test_set/python-3.10/ae369c846522915ad9e08c63dc190ac116e9fc44e855c8576f215f8662657764a872b1ad14d15f9e72bf559c6563cf5cd8c0ad07c29864727b1a6cabc45a047a/macroserver.py)
245. magnet.py [COMPILE ERROR] (path: /syssec-nas0/pyc-research/compiled_evaluation_targets/usenix_test_set/python-3.10/e8a7a2e0eb04a45d427bdb2c512b059109420d229f9be5dc6cd51cee2fefee9ea614264d5fc7dd2bec33cfae27f7c61da915f6354bbdd1b9102311ce5f00eb33/magnet.py)
246. main.py [RECONSTRUCTION FAILURE] (path: /syssec-nas0/pyc-research/compiled_evaluation_targets/usenix_test_set/python-3.10/588a95ceeaa46f2fb7b3e6ea3adea17489f263714a64e73aed23463ce327de1c3821e1ce20792860ed486dfd2c989009d5c9bace8f7137565d692bdd8fd44489/main.py)
247. math_grad.py [COMPILE ERROR] (path: /syssec-nas0/pyc-research/compiled_evaluation_targets/usenix_test_set/python-3.10/dec7ab7f96054af2d9dff76b1a6983e065fb672aa3e916080c1231aa5b5e1d8188caf0b12ef0153d8ec8d6d358b6d89acaccaa7bfef25bee7f66b74ebf9829d9/math_grad.py)
248. matrices.py [COMPILE ERROR] (path: /syssec-nas0/pyc-research/compiled_evaluation_targets/usenix_test_set/python-3.10/fe1166c5c420fdf2df2851aa1f484eea48ebb73f1d31e06242432996a0d5cb3a69a7a68aa150c55c84776b4d0a1d08e7a292cc4bd3910349b6ef8c6011dea41f/matrices.py)
249. matrix.py [RECONSTRUCTION FAILURE] (path: /syssec-nas0/pyc-research/compiled_evaluation_targets/usenix_test_set/python-3.10/291705bb85cb8bac967f26006b69a65c36748d1a67b9acfc5a3366d148fad9d3c15e889e284117ce725b2d4b58e21a1dc11bb112cc3ca92eeb3181dbbfbd6749/matrix.py)
250. metaclass.py [COMPILE ERROR] (path: /syssec-nas0/pyc-research/compiled_evaluation_targets/usenix_test_set/python-3.10/e314f5f755c2940c1e033c5c0bfcfb6412090099b0e794b42f88ca1e280ca1566fa001f26905e709c3b57439d6905cf43a9061f791fb52f52c29e7e9ed865544/metaclass.py)
251. mo_archive_pruner.py [COMPILE ERROR] (path: /syssec-nas0/pyc-research/compiled_evaluation_targets/usenix_test_set/python-3.10/f590bb25c0d4b4146045a632d9f5cba08a8c271e77dd8129088ad70d8ff15a8f17272249642232ac199677e6db080749af2a12d7202fc60c50aba698c1bc8cf5/mo_archive_pruner.py)
252. mobi_index.py [RECONSTRUCTION FAILURE] (path: /syssec-nas0/pyc-research/compiled_evaluation_targets/usenix_test_set/python-3.10/07d3fd18079d225d57f7f864b6382cc4d34b99d25d73da78f55ee5397d8c59013f4592a53783c6a719d7cf885ac001681ee74df0dfb8749ba70a365977dbd67c/mobi_index.py)
253. modeling.py [COMPILE ERROR] (path: /syssec-nas0/pyc-research/compiled_evaluation_targets/usenix_test_set/python-3.10/4c2505523465b8254355fb0fd35a74eb41277868ebc7eca90ace6fc034dcaaf61b2eea0802cceb1a43e5324ea2884a440b3877e138522023986d2e9efddcace2/modeling.py)
254. modules.py [RECONSTRUCTION FAILURE] (path: /syssec-nas0/pyc-research/compiled_evaluation_targets/usenix_test_set/python-3.10/87b4ce37abb18749fb4635c80ead9de60098a047b9689f9e192fdc88582342bc221edc4504ba645d322686a2cf048f5f2141d2c3d5b109463c8d7a2efc222bb0/modules.py)
255. moving_averages.py [RECONSTRUCTION FAILURE] (path: /syssec-nas0/pyc-research/compiled_evaluation_targets/usenix_test_set/python-3.10/5e987afb11bd4ae69a5dd7f45890fb820465d5587adf04738020ab01294e8ad6102cdf281a2f7d4c61f3893341c3adfbf7c95233d522cb35b5266baee1dbf45a/moving_averages.py)
256. mtv.py [COMPILE ERROR] (path: /syssec-nas0/pyc-research/compiled_evaluation_targets/usenix_test_set/python-3.10/2cffa091502bcd49fe1d4cef4a94a0acbc22c365c54213895216e38eac35d6bcf48687b2bb056f43264a81170c12ba5d8f5035a06522bac93e3c16bd955c8173/mtv.py)
257. mvr.py [RECONSTRUCTION FAILURE] (path: /syssec-nas0/pyc-research/compiled_evaluation_targets/usenix_test_set/python-3.10/338c185438eca62b9d5f0028ff363d09ef6ea45b1e0688dbe8de35704c05252584076f35e2870afbc6afb903e6239a44f2f7b1863111851cec4e9348735a9879/mvr.py)
258. neo4j_helper.py [RECONSTRUCTION FAILURE] (path: /syssec-nas0/pyc-research/compiled_evaluation_targets/usenix_test_set/python-3.10/66b1d338cc1b003363c6f3c85791ac64574b3817f625e0e630b2a2d78b70c9c00ac920ade08e19191145fa3ef6cf23663c2b88466ca6aa1b2fb407e81a1f998b/neo4j_helper.py)
259. no_set_for_loop.py [COMPILE ERROR] (path: /syssec-nas0/pyc-research/compiled_evaluation_targets/usenix_test_set/python-3.10/045b56c1ea3c463c77a228094cd80a89a8ba0abb1c06aa9d8fced25db26572d7967c24617f9a586320bee9dc11210073d6f1978494d3945610ce4058692a9db3/no_set_for_loop.py)
260. note.py [RECONSTRUCTION FAILURE] (path: /syssec-nas0/pyc-research/compiled_evaluation_targets/usenix_test_set/python-3.10/a1652820b22683af8caf56be1c218a81fb1ac541dbe6aba2406b2b68934c413e7944580e43cb2a39cc212bf6037e6d259320236590f4cf46d573ba9c15a3d597/note.py)
261. numba_.py [RECONSTRUCTION FAILURE] (path: /syssec-nas0/pyc-research/compiled_evaluation_targets/usenix_test_set/python-3.10/155f5f35e9a1427c525c705bc9dfb50e075b378eba64d9738eaee390e35c7e68ab7cdbaa6d66f082af623e0ab1afa7c80d8a71ae82772d51602d9047ba876675/numba_.py)
262. oauth.py [RECONSTRUCTION FAILURE] (path: /syssec-nas0/pyc-research/compiled_evaluation_targets/usenix_test_set/python-3.10/34e5a3c6d433e051c9a38c55c4db1a9aa7e5f5169adfec2d3641fb001ce7744760a84374d81905c255fb3b98e388802143cf1c9ec05af0a0b0df35cd2585b022/oauth.py)
263. ocr.py [RECONSTRUCTION FAILURE] (path: /syssec-nas0/pyc-research/compiled_evaluation_targets/usenix_test_set/python-3.10/f304e8c9963de2601e7a283b78bc4e43c4c70ab961a743dfd02323453e0894c1a019114174972eae9d6cbd839566644b3bd9e1d0a2c2822f7782156423cbdd9c/ocr.py)
264. old.py [COMPILE ERROR] (path: /syssec-nas0/pyc-research/compiled_evaluation_targets/usenix_test_set/python-3.10/f9d7e6438f4ac9ad73a7e47522c0bfa57c3f21651f526a2121787820b4ffdc0426bc1209862be1ef169719521404cb4b48fccf1185007e5f06d05b3aa1557107/old.py)
265. ome_tiff.py [COMPILE ERROR] (path: /syssec-nas0/pyc-research/compiled_evaluation_targets/usenix_test_set/python-3.10/6710749f23afa2e5f61f5ae1f0269b78aa78f14d6444823652b877cccef54254b460e9164289ad7e7d51a44047df851ceb245176af7be97d376a8d00fb3db1b8/ome_tiff.py)
266. party.py [COMPILE ERROR] (path: /syssec-nas0/pyc-research/compiled_evaluation_targets/usenix_test_set/python-3.10/377a8a7908bda0850aee334e8ce1c025a51229f38ee97ad8bc4e7c73bb8e1ec264b08e3895bcd3312a3d93168851bbd43a662765dfb4e3aa07c510fafc59413b/party.py)
267. pipeline.py [COMPILE ERROR] (path: /syssec-nas0/pyc-research/compiled_evaluation_targets/usenix_test_set/python-3.10/4ba20f5a25174f2f3e06a6ed825b9721b9ecb2404024c91059be083041c0ad65ff38a83652ccc7e8e2a0dc15a563752153e09dbce7567484571da90c4e545a12/pipeline.py)
268. pkfont.py [RECONSTRUCTION FAILURE] (path: /syssec-nas0/pyc-research/compiled_evaluation_targets/usenix_test_set/python-3.10/3bcbd7e8376302af4aa0a0d664b6938a04821283b48aae124137ead2efa508ed6da8b5b8675977696a51701220532aed5872e5ce708df2f6932bc188dba8c8c8/pkfont.py)
269. platform.py [RECONSTRUCTION FAILURE] (path: /syssec-nas0/pyc-research/compiled_evaluation_targets/usenix_test_set/python-3.10/b9abbf8bfb32a6e79a5d2214682818f8615bb9efd4ab25bb42aa1e5721bb592f232e494b3914c0a4ab94f6e94a6a764312c398ed7bfe650afd127630abd6e635/platform.py)
270. plots.py [COMPILE ERROR] (path: /syssec-nas0/pyc-research/compiled_evaluation_targets/usenix_test_set/python-3.10/98ec30943dab93397c1927d854d28e7c4f84a008a2fbe33451ea3a1454f96740338a2b969db90740d0367fe3acc5da5e111d11fe2b3be5efb84144ca6d7d1bce/plots.py)
271. plugins.py [COMPILE ERROR] (path: /syssec-nas0/pyc-research/compiled_evaluation_targets/usenix_test_set/python-3.10/f00bde1a7bdb97d892bc24d356463bca33989d6d2e05d5d2a1092618de0956ff322de7238204f2d3594b66678a88e7f94d80001c8c1596152a24a011f0678be6/plugins.py)
272. post.py [COMPILE ERROR] (path: /syssec-nas0/pyc-research/compiled_evaluation_targets/usenix_test_set/python-3.10/74c742354d7ea5760e0fbd980816c54c436e3569bd60ddad33017e854f6810603d832ff83c8da1dd6838b6875515d4d0314db67a1f70129c5663aeb7d666b71f/post.py)
273. post.py [COMPILE ERROR] (path: /syssec-nas0/pyc-research/compiled_evaluation_targets/usenix_test_set/python-3.10/c94ca0b9a995fd1f6a5eb435be4821f28d70082640fcc7169cb0697b26f2064ea15dfb1d978cf55d2ea1a0a1a2d2ea30e43d468cc19904610f8d878a0156435e/post.py)
274. problem_specification.py [RECONSTRUCTION FAILURE] (path: /syssec-nas0/pyc-research/compiled_evaluation_targets/usenix_test_set/python-3.10/cbed7605b8f71582bd7b77dbb2a84c07be7253d9cc52240ad342aea291a631183d67a71796d3be9a7b1882f4b0e009c7a611d70b974183656921b269010ffbf7/problem_specification.py)
275. processors.py [RECONSTRUCTION FAILURE] (path: /syssec-nas0/pyc-research/compiled_evaluation_targets/usenix_test_set/python-3.10/887e1e40d9eec30b7a390ba280e1d05d2fe026c02ebc4bf76a151487292c6b4bfdacf49762b8a4aaf4641c416e39598bf3cd38bfbe02fa447b6d40a253a2922f/processors.py)
276. proxmox.py [COMPILE ERROR] (path: /syssec-nas0/pyc-research/compiled_evaluation_targets/usenix_test_set/python-3.10/fbd60ddfcea2e16fa7e65bdaa94a05578d92ed4bd8e238ae9d40b2517f1f503a02af8b145c8e89eefe55759a65c3ba055964aeb2e27c2dd34d55efe32fa2e93a/proxmox.py)
277. psuset.py [COMPILE ERROR] (path: /syssec-nas0/pyc-research/compiled_evaluation_targets/usenix_test_set/python-3.10/bd4d2c830c13c1cbcf5694651b0c39b64000520dea33bc7ba5958b3f5f3031f90525b0304e114fc32699626451895e93e398239ba1aa745aabc0b1c27ab6c1cc/psuset.py)
278. pytest_check_libs.py [COMPILE ERROR] (path: /syssec-nas0/pyc-research/compiled_evaluation_targets/usenix_test_set/python-3.10/70f1f1cada66df9074888b4c8ea3d0cc38b3be946089ac4f32b14c26b093a0fcfc9fc7500dace6365de7c1d50308cfcad0d0cf59e7760acf1730d834ad95f15f/pytest_check_libs.py)
279. python.py [COMPILE ERROR] (path: /syssec-nas0/pyc-research/compiled_evaluation_targets/usenix_test_set/python-3.10/f06110e27806ca908dbb6f641834a8495cf4fdb3a7afc1f9cb2cb4882173d7009f3debf3a69d13f6d32176baf61ea22b612c200bbdf3493c1b9b62f5fda86d01/python.py)
280. query_result.py [COMPILE ERROR] (path: /syssec-nas0/pyc-research/compiled_evaluation_targets/usenix_test_set/python-3.10/b44e6e553cd8ceefcdcc90db922c0dffe04e2016984aaa8745f532574e13bb425fef07e008026641b96d68ab5725372ecbbbfc52be243bbbfdd4f3573f5a29ba/query_result.py)
281. referring_video_object_segmentation_pipeline.py [COMPILE ERROR] (path: /syssec-nas0/pyc-research/compiled_evaluation_targets/usenix_test_set/python-3.10/d9ab91f72e2e6c5fdad4bf1351d0585d333c6a52799350dba5ae80289973e4dc0ccecbedea5f1c5b66d76ef2266855142c015069fb7e78136768e783621ccbef/referring_video_object_segmentation_pipeline.py)
282. report_g_supply_virtual_bill.py [COMPILE ERROR] (path: /syssec-nas0/pyc-research/compiled_evaluation_targets/usenix_test_set/python-3.10/e54d52ca477d9bc191d7e99f246d8e6c124df110219dfa9fb8334688288a9ad0aa0776bbb29e09ed7a47a58bf6fc9aa8649b0498b4187205d17f79da35ff2b41/report_g_supply_virtual_bill.py)
283. resolver.py [COMPILE ERROR] (path: /syssec-nas0/pyc-research/compiled_evaluation_targets/usenix_test_set/python-3.10/903b60923df37a1c9ae4cd8f18df9e8aaaf1937493cd9b52272fc5a28df2c8ebdb4cc23338fe984037cc0bfa6bbe466aaeaafde59746c108c0afccb6e46d9264/resolver.py)
284. response.py [COMPILE ERROR] (path: /syssec-nas0/pyc-research/compiled_evaluation_targets/usenix_test_set/python-3.10/715f92026406370dfe7054392b0f3a7e1722ea58eec8aa29b19b58329bb265ad59dfb6647348efa238935d47bd3b79bcd39e0968e32725874834528c10390630/response.py)
285. revChatGPT.py [COMPILE ERROR] (path: /syssec-nas0/pyc-research/compiled_evaluation_targets/usenix_test_set/python-3.10/9d3258a76bf781ef26b07ddd418c8bb3e0760385d7ee3011538e2e0629eb7addeb9face0aa5ca1836ad95136633fe2a4e75b2ef38aa169c81d343235eb9e2406/revChatGPT.py)
286. rhn_register.py [RECONSTRUCTION FAILURE] (path: /syssec-nas0/pyc-research/compiled_evaluation_targets/usenix_test_set/python-3.10/37c17a3b463308f0d784166da16763b4f727415e11decc5bcc98f4134731abb14d9e38aa5962371cbfbcd7d45e2e3ecb71968a744658b3090a31fdd3316d51ac/rhn_register.py)
287. roi_align_python.py [RECONSTRUCTION FAILURE] (path: /syssec-nas0/pyc-research/compiled_evaluation_targets/usenix_test_set/python-3.10/ba335f7f6571c7b40d59916d66b8f4a3a77b25cdc5a9f81206968aec28241f15cc1afffd923dfd59eb626a839c432b68882d97af13bc750a5d0b1c2693f23303/roi_align_python.py)
288. rpc.py [COMPILE ERROR] (path: /syssec-nas0/pyc-research/compiled_evaluation_targets/usenix_test_set/python-3.10/a56160182ac993e2465218e3278e46889a1d1c031e6a04360d30bf4e0c20f2160089f99ae1f9f688021082fe513813117cb31fc56f3dffed2cc2f82e59f4dbbd/rpc.py)
289. rtcrtpsender.py [COMPILE ERROR] (path: /syssec-nas0/pyc-research/compiled_evaluation_targets/usenix_test_set/python-3.10/2eb1b54d5e42d7d9eac34490c83da8586955b614b97c6aef2b2b63f86463cea2200d873c34c732b3cc536ee2d2a41a005cefb80781e34679fa263a1eb68f3a08/rtcrtpsender.py)
290. rubric_list.py [RECONSTRUCTION FAILURE] (path: /syssec-nas0/pyc-research/compiled_evaluation_targets/usenix_test_set/python-3.10/0e2c186d483bc03fe38a228a76d6ec80c855501f2e8e2de22d82db28415bac0e8a74596857983e2bf5e5e7c2a869e0bec25816aaa8eb913a8b77cb9d659a5563/rubric_list.py)
291. run_all.py [COMPILE ERROR] (path: /syssec-nas0/pyc-research/compiled_evaluation_targets/usenix_test_set/python-3.10/fe50871af19d072b8b60a0a39e59f48ebeb2856f5304814f7a00a510984985978f05746f1b71a5a9d6115ba91146ccf297fd2e849775cf74b188d9010d505237/run_all.py)
292. runtime_environment.py [RECONSTRUCTION FAILURE] (path: /syssec-nas0/pyc-research/compiled_evaluation_targets/usenix_test_set/python-3.10/8d724abf881bfd7b9ec1fad4690d3cfb7561a21912fb6a22a010b98d8000e38d9991888338e451251ab7fc18883cf6e363512606746169f743b3e6d12fc2e4a0/runtime_environment.py)
293. saas_connector.py [COMPILE ERROR] (path: /syssec-nas0/pyc-research/compiled_evaluation_targets/usenix_test_set/python-3.10/30e9c160f4ff6be06fe15032e174f5cb8311bf353e066a12c5f48da6af5448c3dad6dfd78034034c03c17cf49134c4bc3099fb4fce796e73b5a8da91e8b23671/saas_connector.py)
294. sample.py [COMPILE ERROR] (path: /syssec-nas0/pyc-research/compiled_evaluation_targets/usenix_test_set/python-3.10/ed98ef14f342b0b2c67d232080e30ae4e5039ff7f4c1354c487d8748200733b1ca9c8cdeb0f9c7af4fdaf29abb703512a4497353868b9570fc6cbd4e84010f03/sample.py)
295. scaleio.py [RECONSTRUCTION FAILURE] (path: /syssec-nas0/pyc-research/compiled_evaluation_targets/usenix_test_set/python-3.10/4d07fe7c2788787c191dc6c0f3b10427dc0b48873ac5a191ce59d5fbcf908cd58faf388eef473e8aa926c36ab40b99a28c035c8ef362682eb1456369678a23e7/scaleio.py)
296. schemas.py [RECONSTRUCTION FAILURE] (path: /syssec-nas0/pyc-research/compiled_evaluation_targets/usenix_test_set/python-3.10/045cf9f46846d988ada51284223e1d0d233ad2ac09fc1d0cf392d1dbc2e30d159a06b89b73f43150a5da1807588891e22fd3947981147e946a0e862617e06fea/schemas.py)
297. scraper.py [RECONSTRUCTION FAILURE] (path: /syssec-nas0/pyc-research/compiled_evaluation_targets/usenix_test_set/python-3.10/0e2dcf37b136fdd356252318ab1801544f5681038dfe56408f910646f38425a6dfdfa6dfe65d396918c9075fde11e35de965a33e567366555ee34276f1c4396f/scraper.py)
298. screenshots.py [COMPILE ERROR] (path: /syssec-nas0/pyc-research/compiled_evaluation_targets/usenix_test_set/python-3.10/984f2a8f89ba47db288555e4862eb163784aac9a5ab6fd3f067ff3d642a1cf87753b4f9bee66b435199cfa1195331311b842732771fc3ed3744b4c21166d79ed/screenshots.py)
299. search.py [COMPILE ERROR] (path: /syssec-nas0/pyc-research/compiled_evaluation_targets/usenix_test_set/python-3.10/b80be56c6bd751dec60ae8ffdd3f72f34edc2727dc43388824aa47ccee3ca25ea2d8af028cf2fe719529bf128e1766f3f9d8fd10ea445f68242ad24145cf6387/search.py)
300. secured_cookie_value.py [COMPILE ERROR] (path: /syssec-nas0/pyc-research/compiled_evaluation_targets/usenix_test_set/python-3.10/ee2b7bea7a4d158c02fcc05b3f6e1c613227bec0491999f6fa92f32de8538880995f2378ed8d3813805040e1fe5c78260929829467cadac45174375304b751eb/secured_cookie_value.py)
301. server.py [COMPILE ERROR] (path: /syssec-nas0/pyc-research/compiled_evaluation_targets/usenix_test_set/python-3.10/51cfe9f9267e456838ff14167187b394c00275a78f7012f390cda50cf432020cc37c5ff22a1beab9b0f4758b52938c50f0d30e3a74698e6a7e76835a0abd9f4e/server.py)
302. server.py [RECONSTRUCTION FAILURE] (path: /syssec-nas0/pyc-research/compiled_evaluation_targets/usenix_test_set/python-3.10/1e7373a3896f1c6f1a4cd0657eebbe39ecb090327c961342f3e83faa839ef13c006c0c46b9f9f069e58f97ae49724c6d1064f68c0e20d17af2c155fe0ca7900c/server.py)
303. service_models.py [RECONSTRUCTION FAILURE] (path: /syssec-nas0/pyc-research/compiled_evaluation_targets/usenix_test_set/python-3.10/f8ff8a3d1f1873b2d92156da3def0e46fa27a508e91625c64c6d846567b9616e470a8dbe727c60c6d36e133179ee0801f972cc1e3f8a94b0c21cbefd08b2214e/service_models.py)
304. smile.py [RECONSTRUCTION FAILURE] (path: /syssec-nas0/pyc-research/compiled_evaluation_targets/usenix_test_set/python-3.10/0c9652850cb4fe233734237d6ba0abf74354ab53971d2da9aedc999b4db32564dc38d07e9e034e258a3b2ec577d82660bee76c02a3bd047f179f1534f6c6b896/smile.py)
305. smoke_tests.py [RECONSTRUCTION FAILURE] (path: /syssec-nas0/pyc-research/compiled_evaluation_targets/usenix_test_set/python-3.10/c0027c9c3689082f216887cf5340e6f490ee5feb76f0fff92b4d5ea51a0e695a66fbdf30fea1c5aa844c8857a7b134843523a546b1b6c7f88cdc5e3591e627e5/smoke_tests.py)
306. smtp.py [COMPILE ERROR] (path: /syssec-nas0/pyc-research/compiled_evaluation_targets/usenix_test_set/python-3.10/3f53a43b3336070fa1da8bd906f17f9e8a083606f6c1f3189d36d2a6fb52ae066b6fa3e0c6795440cacef1640079457da21ff6e3fe6b5b95dc36e844f38c45b6/smtp.py)
307. sobol.py [RECONSTRUCTION FAILURE] (path: /syssec-nas0/pyc-research/compiled_evaluation_targets/usenix_test_set/python-3.10/38291538b4b7da02a6e99643c67bfc94d7ce3f7ee82d4bf4b0ea69d76d0de02958ec11c6905542bbd7daf81b8ee3d4e809e745bd460d82f87f74e6b15d108160/sobol.py)
308. source_util.py [RECONSTRUCTION FAILURE] (path: /syssec-nas0/pyc-research/compiled_evaluation_targets/usenix_test_set/python-3.10/f80a6267c6a80d36c4fe4057d0a453fc65f9f47bc5c517c667a9983f4baf27c034e7fc0060d4e5bb394f24ef1e173857c381c42b7ece33ecc4143c2902485525/source_util.py)
309. sponsored_guest_portal.py [COMPILE ERROR] (path: /syssec-nas0/pyc-research/compiled_evaluation_targets/usenix_test_set/python-3.10/76a6df95eac1f565aae286c07cbcd55e044f2dba63c2729952df41846828035df6f1c2bae46efa5101e9e31a3a8e139b165fae16124a4fb5d87f7c6e232fea5f/sponsored_guest_portal.py)
310. static_env.py [RECONSTRUCTION FAILURE] (path: /syssec-nas0/pyc-research/compiled_evaluation_targets/usenix_test_set/python-3.10/0fa7da710e6e84fca83d9e4933d0c4b1e3b2409e7c8fede389ba25747fcb5df103840fdd0ac3a3cca65936436015885de8703fb92e98b2049b7c474ce8bb2caa/static_env.py)
311. stock_lhb_sina.py [COMPILE ERROR] (path: /syssec-nas0/pyc-research/compiled_evaluation_targets/usenix_test_set/python-3.10/d9d783cb5f07b3fbcfe0dcf27599d2d39d261fd4e93cf0d53dc279adb93e51079f2e624ec3bed03039fd1401efcfc458c17bc2a7594699e9e432eb221aa2cac5/stock_lhb_sina.py)
312. stop_on_threshold.py [RECONSTRUCTION FAILURE] (path: /syssec-nas0/pyc-research/compiled_evaluation_targets/usenix_test_set/python-3.10/7fe0e2a4c385bbd70ea090e4694ad1f302c43c66fcf542c394c91493580c5e95f56b45ad7101943de369acca6287c2f6cbb288c91ddcfc1fa87f3172bd6d0ee1/stop_on_threshold.py)
313. story.py [RECONSTRUCTION FAILURE] (path: /syssec-nas0/pyc-research/compiled_evaluation_targets/usenix_test_set/python-3.10/4cf31b0d60ea94e9f6b3e6446e924a16b560a2e85dce670aba2ed892971ba705f1f382e5ae1fe25fbb212f9826087f524a358040837c5817e553d73be768d2ec/story.py)
314. switch.py [COMPILE ERROR] (path: /syssec-nas0/pyc-research/compiled_evaluation_targets/usenix_test_set/python-3.10/ce43e8a447d78d482673350181c6925795857e1e3f483529026550d52c3248a4493bb9cce2e1ec350c133875f8891f543aab59888297f109a3b6bb1ca484d43a/switch.py)
315. sync.py [COMPILE ERROR] (path: /syssec-nas0/pyc-research/compiled_evaluation_targets/usenix_test_set/python-3.10/60d58ae3f0c57d108bd71c4368ee4f64a36a02195f6685c27c12b20aa9724f03bb7a91ab7078718e218340a5173f31c7d6e67909fd7be3d9c5446ae51e8d08d0/sync.py)
316. system_info.py [COMPILE ERROR] (path: /syssec-nas0/pyc-research/compiled_evaluation_targets/usenix_test_set/python-3.10/5af58f5fa20c6c6dcb4dd4873aec454acf5b5bb0ccd76dd416aed46c078e99ee95dab91bd3512b35b558bea078d1458b618d7a32e8eac712f53e9c9e86890d3e/system_info.py)
317. sysutils.py [COMPILE ERROR] (path: /syssec-nas0/pyc-research/compiled_evaluation_targets/usenix_test_set/python-3.10/5e162ea864128d8222bb7d5f9e56723c7f81d4818d1a954272419f58b77f533264a968144bf2c4f7d37a429feccacf3e5c72f426d899f7e9fc73612f7757f302/sysutils.py)
318. task_base_model.py [COMPILE ERROR] (path: /syssec-nas0/pyc-research/compiled_evaluation_targets/usenix_test_set/python-3.10/3307d26213e4317bebc32410f9a048bc5ba10d27fb56933d22ef64131dfa255ae1508643bac6a517b26e31850d157117c9e96eb50546d1fd3c7600e1eae7ce69/task_base_model.py)
319. tasks.py [RECONSTRUCTION FAILURE] (path: /syssec-nas0/pyc-research/compiled_evaluation_targets/usenix_test_set/python-3.10/3598e2a0d13728524c29283f72eba01e6f01edc927ae21a0ba7ce6a6b52cf3eaeee9c366935f4714dc5761c46be5ddbb4d1bd11ed2868ca3a93686c311f58a5f/tasks.py)
320. tensor_shape.py [RECONSTRUCTION FAILURE] (path: /syssec-nas0/pyc-research/compiled_evaluation_targets/usenix_test_set/python-3.10/ac631b69887a05f8b4027cefff3741658ad319d8e74985e18097700545662c03f2cee25feb0cce64683ad9043ab1134aaead421ff219bb48bd5caef7030e46ed/tensor_shape.py)
321. test.py [RECONSTRUCTION FAILURE] (path: /syssec-nas0/pyc-research/compiled_evaluation_targets/usenix_test_set/python-3.10/eaed8a8991ef241cae8f5f8d6ffe5aa92d3cbf7a17879af3be14ab33e9af2b3a8c3092cf84b2a653f34ffed91bb7bf0cb98cffc70983b52c0c92e2c1205069da/test.py)
322. test_app.py [RECONSTRUCTION FAILURE] (path: /syssec-nas0/pyc-research/compiled_evaluation_targets/usenix_test_set/python-3.10/a1d4077d542628b80d6e72199245104d83f0955819c870134a0e9028ecb0d89a24fa881c2f4a8f026e550683069b20b28a9169ae30e92ec60a67620595f1a848/test_app.py)
323. test_export_fits.py [COMPILE ERROR] (path: /syssec-nas0/pyc-research/compiled_evaluation_targets/usenix_test_set/python-3.10/8fabca408a89ef4a716d7f42fde67c3b56dbbe735424fa7e1ef59ba4dc20e8500026e92fde6f352940a8c7d7618ea121e5297f2866d70c3249dee82245b23c60/test_export_fits.py)
324. test_interactiveshell.py [RECONSTRUCTION FAILURE] (path: /syssec-nas0/pyc-research/compiled_evaluation_targets/usenix_test_set/python-3.10/6e3d9a9879ba7a2f87ceea3267f6495367b6901a3a62ab5ca1956b572f732ea8e4bf764112443009e67106dee288707cdc74cb4ccb1de47f638407dc265c9690/test_interactiveshell.py)
325. test_interactivshell.py [RECONSTRUCTION FAILURE] (path: /syssec-nas0/pyc-research/compiled_evaluation_targets/usenix_test_set/python-3.10/83e314413069dabc8f367d26ca27b3d278dd3d12328b9c09c76cf2718974c1f48af395bb25efb61a9463567baf007f3704856d83cdae80a94c507b4787bb8237/test_interactivshell.py)
326. test_misc.py [COMPILE ERROR] (path: /syssec-nas0/pyc-research/compiled_evaluation_targets/usenix_test_set/python-3.10/4fd8062ca760560c7deb84d4b478cd74449cd92c29ec71531d6cb8d307245adfac929d0f2ac463dbe0cb7f4c7039e3ca84ab5637dc31d8e7648634f642350913/test_misc.py)
327. test_paragraph_classification.py [RECONSTRUCTION FAILURE] (path: /syssec-nas0/pyc-research/compiled_evaluation_targets/usenix_test_set/python-3.10/caebd3c9d94768b108c0caa360745d3a0816ed8958586bd7b781c294fe632355b8d099b4810d206c700c188d2ee8eed0efe284151e14ce37799565353bb51517/test_paragraph_classification.py)
328. test_remoteconfiguration.py [RECONSTRUCTION FAILURE] (path: /syssec-nas0/pyc-research/compiled_evaluation_targets/usenix_test_set/python-3.10/4d7abd0c76946d10fc1d5532a0ef60898de3ad959429099eabb92a8b579044e8cc1676bcf97694e025106c97706ac33b61b8b23baa9aa128a687d3d5ea40bee0/test_remoteconfiguration.py)
329. test_repl.py [RECONSTRUCTION FAILURE] (path: /syssec-nas0/pyc-research/compiled_evaluation_targets/usenix_test_set/python-3.10/8f1f36ad5203da22ffc220aded9edbbdedab0c550a814cff2c796415190cd08297619a9361429d58d7ec9aa2678d1337630337581dd406521a8811b354e80da4/test_repl.py)
330. test_script.py [RECONSTRUCTION FAILURE] (path: /syssec-nas0/pyc-research/compiled_evaluation_targets/usenix_test_set/python-3.10/6c0b8b91347e2ee8afa8caa2f5ea75d7cef8c7490df71a868488aabcc7fb17a8a2c2fac4d38ac50ac231d9f7b6d80e6345d76b14e5eb3e089bbbeb1ebcafbe18/test_script.py)
331. test_session_controller.py [COMPILE ERROR] (path: /syssec-nas0/pyc-research/compiled_evaluation_targets/usenix_test_set/python-3.10/b7cf636c01a6db8eaa8d68ee32bd72af709b74372b9d254653fc0b7c884eb78338b8f641fdbd8edc2c6a4364c7d2f24c11972f0ecfac418b8004662d40a55a1e/test_session_controller.py)
332. test_stata.py [COMPILE ERROR] (path: /syssec-nas0/pyc-research/compiled_evaluation_targets/usenix_test_set/python-3.10/45a5c3713460f9c2a0c0547ae2ba035aca9f6c28111877390a9f9f7549fd9fc920021d731cc861533bc0d886a8584714908b7fb62b0740411ccd3654d05c375d/test_stata.py)
333. test_to_csv.py [RECONSTRUCTION FAILURE] (path: /syssec-nas0/pyc-research/compiled_evaluation_targets/usenix_test_set/python-3.10/e4601eaed1dc3007fa0e8f797fd240c624e2c79b72a7d51cdd19e23bc9cf263c62bd6470f19971137234e4dd07af2f86f0f1c7f35684c36d36a621e56da80f32/test_to_csv.py)
334. test_unsatisfied.py [RECONSTRUCTION FAILURE] (path: /syssec-nas0/pyc-research/compiled_evaluation_targets/usenix_test_set/python-3.10/129e09ce052ce8ceb45f1a11e6b821c207878b69b69980a745c2bb2099d28982a796fdf1b4c114d217eb95d12ac24486fc4f621e4e548a81f2e9d7c6d2c14995/test_unsatisfied.py)
335. tests.py [RECONSTRUCTION FAILURE] (path: /syssec-nas0/pyc-research/compiled_evaluation_targets/usenix_test_set/python-3.10/a00a64c819b921884ee3514bb1fe497270232d354cec7deae55196af001cd6e1454554afd781d8c16a19fece41bafef52acc05b2630126d309eb077a801f59b9/tests.py)
336. tests.py [RECONSTRUCTION FAILURE] (path: /syssec-nas0/pyc-research/compiled_evaluation_targets/usenix_test_set/python-3.10/cb70a7a39536a80dd8c7e8798093c1255c2dfa2e4574ca4d82a659a38614ce0c6f90c4b00965269523c5bd14438a6dcec4c094e039ee32c4f27c26a7338e7729/tests.py)
337. text.py [RUNTIME ERROR] (path: /syssec-nas0/pyc-research/compiled_evaluation_targets/usenix_test_set/python-3.10/ca29c7d5f88e1c6cdd260088b4d692fe758f4633b9266c6600c916ec502723ee6cab0111678572eb357cca9755a6323d93a2bba17dc635f4abdbb9d9541a975d/text.py)
338. texturecompress.py [COMPILE ERROR] (path: /syssec-nas0/pyc-research/compiled_evaluation_targets/usenix_test_set/python-3.10/cb54c857afc213b06ada9a573541cf63913cc7672a72a992ffe40bd724a610ea3fa8fb22c9facb5816ed8acab9c5723251bc817d961bc99bc0e2941f1630e1c2/texturecompress.py)
339. tf_decorator.py [RECONSTRUCTION FAILURE] (path: /syssec-nas0/pyc-research/compiled_evaluation_targets/usenix_test_set/python-3.10/254c689ac47da6c3f3cb3866791e1ef398c610a944010f95afe45b1d3dca168bb5b790a1dd450fb5420ace468b65d0c2e1ec7e405472d869c8210304eef609c7/tf_decorator.py)
340. tf_leveldb.py [RECONSTRUCTION FAILURE] (path: /syssec-nas0/pyc-research/compiled_evaluation_targets/usenix_test_set/python-3.10/d2fe40d06a6617cf9d4ae4e05b1d250c43e8b1983955a842bd18b5bc89911bdc7d27c9209f209a9e2a79635463117e398fff1007975233a6131de59086797c7b/tf_leveldb.py)
341. time_stats_generator.py [COMPILE ERROR] (path: /syssec-nas0/pyc-research/compiled_evaluation_targets/usenix_test_set/python-3.10/e305fecede7a4b76550995209751b7b9a9c650b022f2b5bbbe902fa68d20418583f5f52a16df8e848634d0df3ebd1b394974cbdc6bacc78da6da07871069adcb/time_stats_generator.py)
342. tokenizer.py [RECONSTRUCTION FAILURE] (path: /syssec-nas0/pyc-research/compiled_evaluation_targets/usenix_test_set/python-3.10/12ce9242a1055a6b5a0c042e5efa554829d399194e4050148d88b585fb1f8f23e6828f65258e411e13ed10a33194b44edc23bd2889c493a6e86bfc60a8240eb0/tokenizer.py)
343. tools.py [COMPILE ERROR] (path: /syssec-nas0/pyc-research/compiled_evaluation_targets/usenix_test_set/python-3.10/14920d907cd7c08763023fe6ab3b9840dad434322919ed3fc0e435f406014a05db6fc80f4a147e7ea6ff21f0ed03a7e1a366f375b913cfbc88271e2a048c7e42/tools.py)
344. tracked_thread.py [COMPILE ERROR] (path: /syssec-nas0/pyc-research/compiled_evaluation_targets/usenix_test_set/python-3.10/759ac99e27475c933cf685b0a66d632ef13b9a5c18c0cb9b432232b66ddf106c2e151f2071e19056398a2e147bb78f903245f484b60aaba0aaf52bdb0f4faa88/tracked_thread.py)
345. tracker.py [RECONSTRUCTION FAILURE] (path: /syssec-nas0/pyc-research/compiled_evaluation_targets/usenix_test_set/python-3.10/2de1b380508d964b2cda7a1777cc1bc10c0b840475e712c992d605faaffdb1ce6f4d74e0b589e36c8a4c23f7ca8ff86b328d4ba7ea33cf093d27115e9f4155b0/tracker.py)
346. tracking_async_web_channel.py [COMPILE ERROR] (path: /syssec-nas0/pyc-research/compiled_evaluation_targets/usenix_test_set/python-3.10/6b471bbbc6f9d56084d19aee4fbfa1913b6e43135a1713abff8776197c14e6f4451c518c492acdaf73d745340adeb1674d53c0d9c50859f100a86562619fa67b/tracking_async_web_channel.py)
347. transform.py [COMPILE ERROR] (path: /syssec-nas0/pyc-research/compiled_evaluation_targets/usenix_test_set/python-3.10/7bf250992e72d9739c20ece85d6f33f0f11151263c9b63565bbf40e86670388cc0649f7e1e8c69b19e8efca7551921b7f60c1e26998282f37aa81ace6dbb00d4/transform.py)
348. trtc_client.py [RECONSTRUCTION FAILURE] (path: /syssec-nas0/pyc-research/compiled_evaluation_targets/usenix_test_set/python-3.10/bfd5e00dc7bf39ed6a1f712c3168601939da5e4e96717a43d676430fe177ecfd890bbd15661db5177e2a366926f6ef83d67228cfb714ed46d32baac6c13fb751/trtc_client.py)
349. tui.py [COMPILE ERROR] (path: /syssec-nas0/pyc-research/compiled_evaluation_targets/usenix_test_set/python-3.10/5e7552039d58a8ea0ed28f29b52ab65627ce9a3530bb41b8dc20ebd8dd85b079968c33e217e192a2a9ff3e264e048b2505380b7bb50531a734e7876600abe279/tui.py)
350. tunnel.py [COMPILE ERROR] (path: /syssec-nas0/pyc-research/compiled_evaluation_targets/usenix_test_set/python-3.10/5e0bae32c002f88ce7523e688bb5f69e24aacf981757bd57a3b545f6298e9d751092960c44eb2fd2087ddbdd4aaae2f54bfc13ef12d6b22fe57e3543d7d9d1d9/tunnel.py)
351. type.py [RECONSTRUCTION FAILURE] (path: /syssec-nas0/pyc-research/compiled_evaluation_targets/usenix_test_set/python-3.10/2a1cf45f9fe2ac350f041d0b3e18959401d0ae88489b01e73d65883c364ac78b050aa0b246b12cc5d69bb4dd536cbd605e7f765e9827205e204adae7459eefec/type.py)
352. unfuddle.py [COMPILE ERROR] (path: /syssec-nas0/pyc-research/compiled_evaluation_targets/usenix_test_set/python-3.10/85ba58e4e5c299dd1aa75e011df101af8c02cbc5095adcb21093f4caf488fb7d93b4d2772e82e0bdf335abfe2e265ade5daf99c9a23f2a8ec14cc0d60e5d187c/unfuddle.py)
353. universe.py [COMPILE ERROR] (path: /syssec-nas0/pyc-research/compiled_evaluation_targets/usenix_test_set/python-3.10/06ab004839a2e1dd31a7e6cf420a07de4e2d3d619345e9ba7291b0d9739123e5ec600fad145f7a912d6e4a1e1caa2aa12a284f88e256cfb52ff3fe8ed6cfabab/universe.py)
354. upload_file_service [2022.8.26].py [COMPILE ERROR] (path: /syssec-nas0/pyc-research/compiled_evaluation_targets/usenix_test_set/python-3.10/88935e3ec53dc58592912b43cd90553431353a33811a1434a10eb772704b8f03829c1517e384ea68c12db8ba168db719ed7f225cc54d27f489d2bbd68eac2aa6/upload_file_service [2022.8.26].py)
355. util.py [RECONSTRUCTION FAILURE] (path: /syssec-nas0/pyc-research/compiled_evaluation_targets/usenix_test_set/python-3.10/afd87882e5a6e9253a2fb57e4be76ee1f1cdc2cba28c76551f7ad6719c9fdd888d66a2940a2d3a0128dc91d88ac21928df34504500fd711aa4b86cf83d7db5d4/util.py)
356. utils.py [COMPILE ERROR] (path: /syssec-nas0/pyc-research/compiled_evaluation_targets/usenix_test_set/python-3.10/1b3a452dd92080f02b2e45554c837eb9307cde04636e6fb5ed67635036d398b05c81b741ebea817e497a0afe60f9483303a56aba8f18c088eec8cba5b49b15e0/utils.py)
357. utils.py [COMPILE ERROR] (path: /syssec-nas0/pyc-research/compiled_evaluation_targets/usenix_test_set/python-3.10/2b127d1e5201a4fdfd1f5b62874303220ddb1770de1cfed0f3096f86475b1d1d7700419f6e430bd561a6f0b674dfdb1edeac0542a0884c024ed2342df0d13a1c/utils.py)
358. utils.py [COMPILE ERROR] (path: /syssec-nas0/pyc-research/compiled_evaluation_targets/usenix_test_set/python-3.10/5e795d8ce4b5f17f9192977a1406545897247da0a4ecb4da4144674e38a6e32b9ec0e61def1a3f003314512407c694b25612e6e0e84e562256961aceb0a40dc5/utils.py)
359. utils.py [COMPILE ERROR] (path: /syssec-nas0/pyc-research/compiled_evaluation_targets/usenix_test_set/python-3.10/a201699110d6e06b5c3fcc2f3c12db9180f842409ac99d03286642835aef0dc6f101cfd4101f04a0b1588eed2ccb77105142ae46e9e99bf410816f555ab11190/utils.py)
360. utils.py [RECONSTRUCTION FAILURE] (path: /syssec-nas0/pyc-research/compiled_evaluation_targets/usenix_test_set/python-3.10/1527730a6740d076746560df2b16254899131725c4bcdd88f9e1c71c227ecba13d9f950d5dc501736da4cd8d770dd5c6667ea5ab76d999afd110cab29c8b311b/utils.py)
361. uxf.py [COMPILE ERROR] (path: /syssec-nas0/pyc-research/compiled_evaluation_targets/usenix_test_set/python-3.10/dd6d8948f22c10ddc76338271f084b5ffbdf8dd7542f34534f3b5a5c6d2c0d55a81047eb74662a0156c2d5ef62d8ed75579520376540dc5200a1f07b40ffc2c8/uxf.py)
362. values.py [COMPILE ERROR] (path: /syssec-nas0/pyc-research/compiled_evaluation_targets/usenix_test_set/python-3.10/86e34de67958450d591321f631587a1d6004642b4a14d9699615cfdf65332f00bcdd295d7fab7c67c77515e9762b3cac0f986166026b72f1fc2e8c44373761f7/values.py)
363. versioneer.py [COMPILE ERROR] (path: /syssec-nas0/pyc-research/compiled_evaluation_targets/usenix_test_set/python-3.10/ec69e9b826eecbe23b5697426f42e4c6419f61f32942421e2969615b6b8262bfd55cad108e905dde15c33c3045b91648ba22ce09c44efb2d7b73dd404c2d2bfc/versioneer.py)
364. video_reader.py [COMPILE ERROR] (path: /syssec-nas0/pyc-research/compiled_evaluation_targets/usenix_test_set/python-3.10/dfff6f08815f3a1d602e46a250104653c7a9beba7cf59828a452b88f536f97578da238fd3d05376d4ba6ff778830ee83c3d077c9a9ffcf7f7578942ff4ab62ce/video_reader.py)
365. views.py [COMPILE ERROR] (path: /syssec-nas0/pyc-research/compiled_evaluation_targets/usenix_test_set/python-3.10/3fd06313ca4411e2f3c6579ae9bd3400443ca6646b50d7ba00f40a816c7a3443bd40b49bc7d892311306a99a9400c125698aed23b6ae7cba5ec56220b5f567e3/views.py)
366. views.py [COMPILE ERROR] (path: /syssec-nas0/pyc-research/compiled_evaluation_targets/usenix_test_set/python-3.10/810104722d80b0367b9d53f14960dd72760905530fe03f6c65cc34b4f52a655e5bcfdc9378f8ba43d27064d4dfef81ed5adc181824e55f08a7063a239036f40b/views.py)
367. views.py [RECONSTRUCTION FAILURE] (path: /syssec-nas0/pyc-research/compiled_evaluation_targets/usenix_test_set/python-3.10/65dcd7d92349434f8db55212a703bd411ba49186a27e72ede217f105b2963ecd0dae6a65ce9205021747acfd1c965fede11343ac10a4d079b0b1a5f239de3353/views.py)
368. web_test.py [RECONSTRUCTION FAILURE] (path: /syssec-nas0/pyc-research/compiled_evaluation_targets/usenix_test_set/python-3.10/a1c59c9625b86f0da697da06b3448ef66b84706e6bc4ce473fa0bf1b551666bbdcdba0ac537afd342923b5fbff5a3e7e54c5f7fa3972c59b811b43fdbfeda1e6/web_test.py)
369. websocket_server.py [COMPILE ERROR] (path: /syssec-nas0/pyc-research/compiled_evaluation_targets/usenix_test_set/python-3.10/db9f9f6fb6104de111fdc0a42a17918f115fe92e1c95d6bad8834e628c3c036a11e9d5b27b5babb05e3a80379974070b42ca9f7bf35501494930f41b6386ba98/websocket_server.py)
370. windowDevelop.py [COMPILE ERROR] (path: /syssec-nas0/pyc-research/compiled_evaluation_targets/usenix_test_set/python-3.10/65fac04376a5536ac05dee58f464be1b78350155dac1b0cef08748109c2f62d27c60e14443f4eef3a5d12006f7e88c081f59ca62e43acc32ad86d2a3b9d24f33/windowDevelop.py)
371. wipe.py [RECONSTRUCTION FAILURE] (path: /syssec-nas0/pyc-research/compiled_evaluation_targets/usenix_test_set/python-3.10/303e8be99b216abbe3f9482d4c24d29acda450872fd0e828ade8222fc3bfb170045fc03d08974107e89c6941b0c491cf3e20dfcb34f789696ec54af81054af3b/wipe.py)
372. wireless_profile.py [COMPILE ERROR] (path: /syssec-nas0/pyc-research/compiled_evaluation_targets/usenix_test_set/python-3.10/7e975453092f478b1ae2addaa1b33e75a18ef00cd2bdf2458a1b105d6a9c73259afac891d6ec956eae5fac40937e9ed7b95613cd6e193d53842faebe787b5e73/wireless_profile.py)
373. worker.py [COMPILE ERROR] (path: /syssec-nas0/pyc-research/compiled_evaluation_targets/usenix_test_set/python-3.10/e84a69c47764277f34a796f49176063f5af05ad22b5fdfcb951d88edbeb80507f6004d1af380b23d4cde96ed87d8024cf352e1f0f12f4e38b5e19de2749a5f0f/worker.py)
374. xyzgrid.py [COMPILE ERROR] (path: /syssec-nas0/pyc-research/compiled_evaluation_targets/usenix_test_set/python-3.10/825363f94f1760d0889e06df93fdcf815450e2d868116f6f79947655c3e8bf46c7b5864e6079836e880f5b181e35e10e818cb21bbe4de4ce7d001fa977024e81/xyzgrid.py)
375. yizhibo_facepp_compare.py [RECONSTRUCTION FAILURE] (path: /syssec-nas0/pyc-research/compiled_evaluation_targets/usenix_test_set/python-3.10/49a0a745baccf20c88042529f9ebe4895a5af4dddb6459aca37dfe5b5990524caf929625bc3839d5557f092f189d487627d994aab65a90fcb5b827791e4841a7/yizhibo_facepp_compare.py)
376. zone_record_api.py [COMPILE ERROR] (path: /syssec-nas0/pyc-research/compiled_evaluation_targets/usenix_test_set/python-3.10/229ed2d0657a96e40250b3e05b7e91e29d99ecd5855c4a6f685dba13fa72770a78fb1a6ae5c1a011c98c8e3001467fe7832437111aca935352901e261f2b67c5/zone_record_api.py)
377. zylaalignpanel.py [COMPILE ERROR] (path: /syssec-nas0/pyc-research/compiled_evaluation_targets/usenix_test_set/python-3.10/7ca0a5e84178573c50af2b5cbce325128cff0dc98fc60c5749fb3ca45560b1fd99644993186f9b25a8033861d9cd5937d89b3dd35d5d532b6e5ece997c10a6ba/zylaalignpanel.py)

=== Detailed Breakdown ===

Runtime Errors:
1. text.py (path: /syssec-nas0/pyc-research/compiled_evaluation_targets/usenix_test_set/python-3.10/ca29c7d5f88e1c6cdd260088b4d692fe758f4633b9266c6600c916ec502723ee6cab0111678572eb357cca9755a6323d93a2bba17dc635f4abdbb9d9541a975d/text.py)

Compile Errors:
1. 111-normalized.py (path: /syssec-nas0/pyc-research/compiled_evaluation_targets/usenix_test_set/python-3.10/111/111-normalized.py)
2. 12082-normalized.py (path: /syssec-nas0/pyc-research/compiled_evaluation_targets/usenix_test_set/python-3.10/12082/12082-normalized.py)
3. 12181-normalized.py (path: /syssec-nas0/pyc-research/compiled_evaluation_targets/usenix_test_set/python-3.10/12181/12181-normalized.py)
4. 12304-normalized.py (path: /syssec-nas0/pyc-research/compiled_evaluation_targets/usenix_test_set/python-3.10/12304/12304-normalized.py)
5. 12495-normalized.py (path: /syssec-nas0/pyc-research/compiled_evaluation_targets/usenix_test_set/python-3.10/12495/12495-normalized.py)
6. 12506-normalized.py (path: /syssec-nas0/pyc-research/compiled_evaluation_targets/usenix_test_set/python-3.10/12506/12506-normalized.py)
7. 12509-normalized.py (path: /syssec-nas0/pyc-research/compiled_evaluation_targets/usenix_test_set/python-3.10/12509/12509-normalized.py)
8. 12641-normalized.py (path: /syssec-nas0/pyc-research/compiled_evaluation_targets/usenix_test_set/python-3.10/12641/12641-normalized.py)
9. 12678-normalized.py (path: /syssec-nas0/pyc-research/compiled_evaluation_targets/usenix_test_set/python-3.10/12678/12678-normalized.py)
10. 14056-normalized.py (path: /syssec-nas0/pyc-research/compiled_evaluation_targets/usenix_test_set/python-3.10/14056/14056-normalized.py)
11. 15016-normalized.py (path: /syssec-nas0/pyc-research/compiled_evaluation_targets/usenix_test_set/python-3.10/15016/15016-normalized.py)
12. 15172-normalized.py (path: /syssec-nas0/pyc-research/compiled_evaluation_targets/usenix_test_set/python-3.10/15172/15172-normalized.py)
13. 15218-normalized.py (path: /syssec-nas0/pyc-research/compiled_evaluation_targets/usenix_test_set/python-3.10/15218/15218-normalized.py)
14. 15397-normalized.py (path: /syssec-nas0/pyc-research/compiled_evaluation_targets/usenix_test_set/python-3.10/15397/15397-normalized.py)
15. 16014-normalized.py (path: /syssec-nas0/pyc-research/compiled_evaluation_targets/usenix_test_set/python-3.10/16014/16014-normalized.py)
16. 16104-normalized.py (path: /syssec-nas0/pyc-research/compiled_evaluation_targets/usenix_test_set/python-3.10/16104/16104-normalized.py)
17. 16216-normalized.py (path: /syssec-nas0/pyc-research/compiled_evaluation_targets/usenix_test_set/python-3.10/16216/16216-normalized.py)
18. 17376-normalized.py (path: /syssec-nas0/pyc-research/compiled_evaluation_targets/usenix_test_set/python-3.10/17376/17376-normalized.py)
19. 17415-normalized.py (path: /syssec-nas0/pyc-research/compiled_evaluation_targets/usenix_test_set/python-3.10/17415/17415-normalized.py)
20. 17430-normalized.py (path: /syssec-nas0/pyc-research/compiled_evaluation_targets/usenix_test_set/python-3.10/17430/17430-normalized.py)
21. 18049-normalized.py (path: /syssec-nas0/pyc-research/compiled_evaluation_targets/usenix_test_set/python-3.10/18049/18049-normalized.py)
22. 1984-normalized.py (path: /syssec-nas0/pyc-research/compiled_evaluation_targets/usenix_test_set/python-3.10/1984/1984-normalized.py)
23. 19950-normalized.py (path: /syssec-nas0/pyc-research/compiled_evaluation_targets/usenix_test_set/python-3.10/19950/19950-normalized.py)
24. 20111-normalized.py (path: /syssec-nas0/pyc-research/compiled_evaluation_targets/usenix_test_set/python-3.10/20111/20111-normalized.py)
25. 20445-normalized.py (path: /syssec-nas0/pyc-research/compiled_evaluation_targets/usenix_test_set/python-3.10/20445/20445-normalized.py)
26. 20452-normalized.py (path: /syssec-nas0/pyc-research/compiled_evaluation_targets/usenix_test_set/python-3.10/20452/20452-normalized.py)
27. 20946-normalized.py (path: /syssec-nas0/pyc-research/compiled_evaluation_targets/usenix_test_set/python-3.10/20946/20946-normalized.py)
28. 21245-normalized.py (path: /syssec-nas0/pyc-research/compiled_evaluation_targets/usenix_test_set/python-3.10/21245/21245-normalized.py)
29. 21489-normalized.py (path: /syssec-nas0/pyc-research/compiled_evaluation_targets/usenix_test_set/python-3.10/21489/21489-normalized.py)
30. 21583-normalized.py (path: /syssec-nas0/pyc-research/compiled_evaluation_targets/usenix_test_set/python-3.10/21583/21583-normalized.py)
31. 22039-normalized.py (path: /syssec-nas0/pyc-research/compiled_evaluation_targets/usenix_test_set/python-3.10/22039/22039-normalized.py)
32. 2929-normalized.py (path: /syssec-nas0/pyc-research/compiled_evaluation_targets/usenix_test_set/python-3.10/2929/2929-normalized.py)
33. 3240-normalized.py (path: /syssec-nas0/pyc-research/compiled_evaluation_targets/usenix_test_set/python-3.10/3240/3240-normalized.py)
34. 3630-normalized.py (path: /syssec-nas0/pyc-research/compiled_evaluation_targets/usenix_test_set/python-3.10/3630/3630-normalized.py)
35. 5316-normalized.py (path: /syssec-nas0/pyc-research/compiled_evaluation_targets/usenix_test_set/python-3.10/5316/5316-normalized.py)
36. 5322-normalized.py (path: /syssec-nas0/pyc-research/compiled_evaluation_targets/usenix_test_set/python-3.10/5322/5322-normalized.py)
37. 5450-normalized.py (path: /syssec-nas0/pyc-research/compiled_evaluation_targets/usenix_test_set/python-3.10/5450/5450-normalized.py)
38. 5694-normalized.py (path: /syssec-nas0/pyc-research/compiled_evaluation_targets/usenix_test_set/python-3.10/5694/5694-normalized.py)
39. 6854-normalized.py (path: /syssec-nas0/pyc-research/compiled_evaluation_targets/usenix_test_set/python-3.10/6854/6854-normalized.py)
40. 7368-normalized.py (path: /syssec-nas0/pyc-research/compiled_evaluation_targets/usenix_test_set/python-3.10/7368/7368-normalized.py)
41. 7548-normalized.py (path: /syssec-nas0/pyc-research/compiled_evaluation_targets/usenix_test_set/python-3.10/7548/7548-normalized.py)
42. 8493-normalized.py (path: /syssec-nas0/pyc-research/compiled_evaluation_targets/usenix_test_set/python-3.10/8493/8493-normalized.py)
43. 8494-normalized.py (path: /syssec-nas0/pyc-research/compiled_evaluation_targets/usenix_test_set/python-3.10/8494/8494-normalized.py)
44. 9553-normalized.py (path: /syssec-nas0/pyc-research/compiled_evaluation_targets/usenix_test_set/python-3.10/9553/9553-normalized.py)
45. 9604-normalized.py (path: /syssec-nas0/pyc-research/compiled_evaluation_targets/usenix_test_set/python-3.10/9604/9604-normalized.py)
46. GeneticAlgorithm.py (path: /syssec-nas0/pyc-research/compiled_evaluation_targets/usenix_test_set/python-3.10/906842a96f866080826950088ca39796495fe1a1f5c804861963aa85c40b5b68a412a6aea1345849cebf7352870a640a27b4239f13c294ff9b8579dac3216186/GeneticAlgorithm.py)
47. InfinityFlow_Utilities.py (path: /syssec-nas0/pyc-research/compiled_evaluation_targets/usenix_test_set/python-3.10/157c98a8789f51f4ced9c4091ce9c5bfe830da8f01e515a4dc242f01e261ebdee6c1f079b0c4287e78b4b515098a7fe83139e01809f5264c3a173e1e8b3ae08e/InfinityFlow_Utilities.py)
48. NotifyRyver.py (path: /syssec-nas0/pyc-research/compiled_evaluation_targets/usenix_test_set/python-3.10/6d343ee5495ed08133701c2bdd9380e77387ac43f05be2d5754ff70a535bdb5ae8dd3057842591744f7d34e2a2971af9f477416c7fc65527890e50503aeb78e2/NotifyRyver.py)
49. VortexTcpMemoryLeakPayloadTest.py (path: /syssec-nas0/pyc-research/compiled_evaluation_targets/usenix_test_set/python-3.10/23b1c62d5b00c824059ae360348cbf3c72c31fb6bc981051cf52d9f902201be355d949be4656576da1eea2ebb4a97a74bde96781dd1a0392d98788608951d066/VortexTcpMemoryLeakPayloadTest.py)
50. __main__.py (path: /syssec-nas0/pyc-research/compiled_evaluation_targets/usenix_test_set/python-3.10/958297d91487041aecbf0e74ebfba23de908f4a8cf7fc02eb28319b378520830ac6890a3ee0bf3e65f5aaafac62d6014dac4138fbcd181e62f44700e65933be5/__main__.py)
51. _fileobjectposix.py (path: /syssec-nas0/pyc-research/compiled_evaluation_targets/usenix_test_set/python-3.10/4cd9c561cae81f5fb527b46be6380adc0c8726b9ff4af665558e6818b71a96ac581e5ac08d2190c43c7b5be397b9bee386dd74fc58eb3fe83657ee6e0ae34eb3/_fileobjectposix.py)
52. _pslinux.py (path: /syssec-nas0/pyc-research/compiled_evaluation_targets/usenix_test_set/python-3.10/3dc2b2e1804a6e00edd9873cf7b12ecfecc4c4eb68d56923db73db6bd67daea277a57990154bf0391f389af4077771bc286b68bc4528b0bce07243fc75768e86/_pslinux.py)
53. actioncontroller.py (path: /syssec-nas0/pyc-research/compiled_evaluation_targets/usenix_test_set/python-3.10/3b3c6531b4c875a8c8a66566dcedaaab7c6dfe097bff7bf7bf0b00bee13ff4ce76816ace4e3936422ac7e7534571ec87978afd2f19fe5131e0ae309c5a8a3716/actioncontroller.py)
54. adapter.py (path: /syssec-nas0/pyc-research/compiled_evaluation_targets/usenix_test_set/python-3.10/90adfbb55d9823001a500ccef17b56acead81f4eb10eded3ee78c6107af3fa221beb222c87a68ab3bd4033764889ab313053dbe3d29501013dce18cae5c5615b/adapter.py)
55. adaptivegreedy.py (path: /syssec-nas0/pyc-research/compiled_evaluation_targets/usenix_test_set/python-3.10/0216940ebc56919f58d53da0bef5efa9bd0dc537788fecc44a081aea3014de54d3fdaa1891698ef7a677b5a705e5ff316c9057e5107c0c33507c2863590bead2/adaptivegreedy.py)
56. agent1.py (path: /syssec-nas0/pyc-research/compiled_evaluation_targets/usenix_test_set/python-3.10/410462cd2466321ac53fd8eb5324bdf638208ee22dd508860ab87eae0a327029ec7a40d48c8214c165ca7082cf700e473ff23c8c5dda9dec67aec8244cdd38f8/agent1.py)
57. aliases.py (path: /syssec-nas0/pyc-research/compiled_evaluation_targets/usenix_test_set/python-3.10/4e8858ea6e77601ff8b520869f21fa274bc9e1b559dac0f7e53d4a4f8ebc13fe097975395c64395cabf9f7ed6e41a5137728d44c23070ebde457ed2d884e88c6/aliases.py)
58. api.py (path: /syssec-nas0/pyc-research/compiled_evaluation_targets/usenix_test_set/python-3.10/556e9b94a3354791b440b1d8b0c1e1ae3e7f0f2e51034d5846fd131709419db2a6cb8985125974e93e6a194db8187fc8c9df22a0d5a942af5b94a108fc0d401a/api.py)
59. api.py (path: /syssec-nas0/pyc-research/compiled_evaluation_targets/usenix_test_set/python-3.10/75756b16713040aa5b384a90bda2524eae5e92a4e0cf3063aae05bfd714ecf4652011eef0ff9c633e344f244c90b641bf998beca633707009042a112ad3da9cb/api.py)
60. api.py (path: /syssec-nas0/pyc-research/compiled_evaluation_targets/usenix_test_set/python-3.10/90c3deef6451f68b810838e2885bb3f7222412b94ad2b1ce95503deba7403570faf79cb229997b5d79206444c66d3e44b558df150aa0dda6c295392b7c15f0d8/api.py)
61. api_client.py (path: /syssec-nas0/pyc-research/compiled_evaluation_targets/usenix_test_set/python-3.10/1dc20f687c762058897aefa7398495b75d7d8dd6ccd381f6499dc57f0928988129aee0b7892311820588ffdca6412744d6998c9bdf15d5859751cddf7efe1d00/api_client.py)
62. api_client.py (path: /syssec-nas0/pyc-research/compiled_evaluation_targets/usenix_test_set/python-3.10/d229ef54e9e213999d6cdd37283108869c5bd8e5687b68bd5bdb58a4440bb58246b6003143097d9448f59ca633e55a5d5c594b840e7ec3502a92ed469f237b1e/api_client.py)
63. app.py (path: /syssec-nas0/pyc-research/compiled_evaluation_targets/usenix_test_set/python-3.10/66d30b7e76cf29f736f7f5589e6a49ea7ecc31ff51b719b743f7c62773bc7fb3e3bde03fbb48a3688c93d85297c71c8f957776029aa0193cde866d4b456f0392/app.py)
64. archive_util.py (path: /syssec-nas0/pyc-research/compiled_evaluation_targets/usenix_test_set/python-3.10/f11cb101c6d2054b2494ff99bf343f29f53d70e46b24787f999665cedcac1f6064eb1a99bd79fc338ab7107198f20872fb4a2a1d41780b794736f6fc06e115c4/archive_util.py)
65. az_cis_check4.py (path: /syssec-nas0/pyc-research/compiled_evaluation_targets/usenix_test_set/python-3.10/62b1b85ea82cf7eeec7a14145857c1ac63bd1d5a703ea5369b53f5c7a386e984c0de8cb2db1033ec2a594a0920e17d7e963d669204ebfc8847094c288e228e03/az_cis_check4.py)
66. azure_rm_appgateway.py (path: /syssec-nas0/pyc-research/compiled_evaluation_targets/usenix_test_set/python-3.10/9f7814dc03894c57f4dbb88614b07a422b312c688f29269c4d04bf7b9d43be08280fd1beb28bac9cc75981a83500d55ecb99be9d64b6d056af0c4dd3f5c44379/azure_rm_appgateway.py)
67. background.py (path: /syssec-nas0/pyc-research/compiled_evaluation_targets/usenix_test_set/python-3.10/60cbf0f068049eff45dd0363e4e831fc3e473d436c5e3f3df64252aa4af58f4bb2e80fe882590c995852e53c7523db7895398c30d1cef6c2b4373308391b1d60/background.py)
68. base.py (path: /syssec-nas0/pyc-research/compiled_evaluation_targets/usenix_test_set/python-3.10/528ab1ba7ee6d420f1d0ed729e0f7f99a847e8d5fdce296b96941f39e6422dd749e8ed155380c093a6d8f6e4a331d9756b52805530a3727a638597efec63ccef/base.py)
69. base.py (path: /syssec-nas0/pyc-research/compiled_evaluation_targets/usenix_test_set/python-3.10/53de9c1b842e62a9723ee8fc11b7ecc5e41db13890dd2567c92ccb5cfe6a34f359a51834a7cd565acc2c883c35186691f14e75f82d04d99c38195cbb9d85d80d/base.py)
70. best_ip_async.py (path: /syssec-nas0/pyc-research/compiled_evaluation_targets/usenix_test_set/python-3.10/dc0f3bda2119b204cedf94f1ceeef7d0644997a0d20a74cfae13098f354a4de96bccb5a127712b3db957f587039bce29b5979dd6b21e923be719ca88ddf8a95c/best_ip_async.py)
71. bflb_iot_tool.py (path: /syssec-nas0/pyc-research/compiled_evaluation_targets/usenix_test_set/python-3.10/ae42fd7215aa22d832635e100a7f1d29fb9e618cd930add363453c0a7e65bcf637e97097029c635d33934a12c22cfb86a14c2535c631c01a1b0ba6202083f8f2/bflb_iot_tool.py)
72. bigip_node.py (path: /syssec-nas0/pyc-research/compiled_evaluation_targets/usenix_test_set/python-3.10/a5e592cb022ddbfa628e3146c694b0d4288f6c572ad253ed4e58b847a9a94aeb81937340dbc71fb61c09e6241bcf530f80b87a3b44ff8de1eed3ea51f9f0d64c/bigip_node.py)
73. bootstrap.py (path: /syssec-nas0/pyc-research/compiled_evaluation_targets/usenix_test_set/python-3.10/4ea7064fc96cf5a31a5fa58cf8e08ce370d14896743add918dcd9a1717d4ec82e2604fc1d518591de2290fe84dfec48240635fa79d114694535dbd3a070a2505/bootstrap.py)
74. cache.py (path: /syssec-nas0/pyc-research/compiled_evaluation_targets/usenix_test_set/python-3.10/cf520a10ba107d08d628b9e6b54d1ca736c48d6fde28bb20ac61a1ce504dab98035fe49f9b134b440720ba905e6dd1887ffdb00884a45dedf6bbc18f4ea6b595/cache.py)
75. cli.py (path: /syssec-nas0/pyc-research/compiled_evaluation_targets/usenix_test_set/python-3.10/39d060036fe999f34fa5cf8cb9308a44ff42ef017acad09731c0f0cf3456fcfd5856cc48c5b75dd9ff6bcb9f25572261700a6eb0bb51bbbfa33992b2f892a5e1/cli.py)
76. client.py (path: /syssec-nas0/pyc-research/compiled_evaluation_targets/usenix_test_set/python-3.10/5e9d0380ed6fc4b0e5166ebcbdfb23a953338f08a3468c8c87478dfed1d7d46bf610ad3daae9fc084ec63be133b43621e59d6a6b6ad0d717cbd9bffebe3dce62/client.py)
77. client.py (path: /syssec-nas0/pyc-research/compiled_evaluation_targets/usenix_test_set/python-3.10/aeb8234487890a8001ef57de9179022719b15d2d01a7deb1b0af56f9631a8befe4c048f1132aacf7c03f1c293df6d5d3380fcf6de3e93c84e88b56db81349030/client.py)
78. cloud_init.py (path: /syssec-nas0/pyc-research/compiled_evaluation_targets/usenix_test_set/python-3.10/eea8d532f7881a25e483b8568d31ce02aec3eae8b76a2e2ac94981926c4ad714fb42f9e79c8be51ce49b6c2883b823e196f6e1132e9003fee3bfb4631659608d/cloud_init.py)
79. common.py (path: /syssec-nas0/pyc-research/compiled_evaluation_targets/usenix_test_set/python-3.10/e3d1bf3a3521c8b7d91edb167fd79e8c33f33449dbdce5525aab2d9e75cfb8211cf766567219dac7496ee55e6442d326b3a282b2d3993e6247d522dc5b6e93ff/common.py)
80. compat.py (path: /syssec-nas0/pyc-research/compiled_evaluation_targets/usenix_test_set/python-3.10/992dafc4657443904f98170017c7b0d1812101f24b9d03c83d26a97d8973099689c71144851be3bc8212d90af169df492699d1633517039b2e5da25706972c3b/compat.py)
81. compete.py (path: /syssec-nas0/pyc-research/compiled_evaluation_targets/usenix_test_set/python-3.10/cf43e881ed19f24a2d1bca17bf70848176f01922ad8f94028493e54a3f3e89f44cf64100503e462fcde5c6fee62bdfc5b0ec4724f911e61c7225568eb1276229/compete.py)
82. compression.py (path: /syssec-nas0/pyc-research/compiled_evaluation_targets/usenix_test_set/python-3.10/7686b2640036bbb57ed1bbd2889a1999175d9f9f4318bda0ea8c8cf1cf17739b1867e361d4c5d4ee1dc642b56b02cf5b87524fc89fd87c1edf587267e31bf7b3/compression.py)
83. config.py (path: /syssec-nas0/pyc-research/compiled_evaluation_targets/usenix_test_set/python-3.10/26aa5943c11f7dd614d6d6f5be4d0e0e8bd526129931366d762c02daaedf1a6133ca0b9748eaec83f26b56731fee210836ee880f4091aaa1b677dc7341e2188a/config.py)
84. configuration.py (path: /syssec-nas0/pyc-research/compiled_evaluation_targets/usenix_test_set/python-3.10/0e25706b814e5b1ce031b8707b4e447c2a03583f87a106d1aadfa459fb0bbccd363eb7822e144fa7dbc0ade604ede90210dfd35ff88222ebd7c9cd7076d4b911/configuration.py)
85. container_helper.py (path: /syssec-nas0/pyc-research/compiled_evaluation_targets/usenix_test_set/python-3.10/24592f5b74866a8f908a7b31ce6ec6a0594420708c875d9cd0a4db951a942f1405681d4c70b6e7fa4495cbe889719c399ab649d105371b5b691a44d6a12dd2c2/container_helper.py)
86. controlled_gate_test.py (path: /syssec-nas0/pyc-research/compiled_evaluation_targets/usenix_test_set/python-3.10/7a3d58d1867aaaaf90d9565868f3dfb37a796870fd7b22534fb728deee2186e1be81fb5f3d1741598e01729a8c0d043bd2cc02ea54e8200f7ea35e06032f0b27/controlled_gate_test.py)
87. conv3d_alter_op.py (path: /syssec-nas0/pyc-research/compiled_evaluation_targets/usenix_test_set/python-3.10/5ab413e2b7c4d701c99f9d0d71dd031b5f50eee7ee2b0471648d5f66ee2ad81622f1c9baaa8414ccb96323ea6b1ab3db4dfa9db34e3d9b52e84a708cc29dfbf6/conv3d_alter_op.py)
88. core.py (path: /syssec-nas0/pyc-research/compiled_evaluation_targets/usenix_test_set/python-3.10/777dd179f5295f188238e7381d6e5e6e1c8355ddb304cc8dd239718158a13693fb5b2b72d5676a4ab6f520546048da61f2349648238ecf423d922bf5bc9e8e13/core.py)
89. csv.py (path: /syssec-nas0/pyc-research/compiled_evaluation_targets/usenix_test_set/python-3.10/73349d7e40de4c211643144705c393d524a63bab4e33ab73e6fc7934eb8cfbe1d057b39b292fc6bd9cfcd134ddb46d1d310e78f4ef9b089baabe397df1f4305e/csv.py)
90. custom_policies_integration.py (path: /syssec-nas0/pyc-research/compiled_evaluation_targets/usenix_test_set/python-3.10/38df3cca09350cde024ffb52047d770fd23928d75fba9c3fe6f4b1c40b197b47bbf3da00c1e17c0f6f4b9bc0d25d97a2430f95437bfd3ccdb341f61432ff5d0a/custom_policies_integration.py)
91. data.py (path: /syssec-nas0/pyc-research/compiled_evaluation_targets/usenix_test_set/python-3.10/dd7bee742879bd178e8ae00c3e6c78694a9b556cab6cb248a68eb732e9d7e7aad192541932abb7cbdb5f7ea63b38246d6c17dbc8830c39e7b251e6e248728035/data.py)
92. dataset_providers.py (path: /syssec-nas0/pyc-research/compiled_evaluation_targets/usenix_test_set/python-3.10/aa8febc11b0fa251f887f8ee0267c88818233aaf99d9e0bbfee42239eabb408c923d23963a5f3c60d8ad40c56fc3aa4f8db48652580d32e916fa5ff5a61f197c/dataset_providers.py)
93. dataset_providers.py (path: /syssec-nas0/pyc-research/compiled_evaluation_targets/usenix_test_set/python-3.10/ed61dbdcee61d2c3301c90bfbfc95b7ea456212ae68d5f0ea0f9a1ce18bdb33f44f756eda0964e9bee747493992204f4b385001086c5f64f1e60c5075e81ac37/dataset_providers.py)
94. decoder_loader.py (path: /syssec-nas0/pyc-research/compiled_evaluation_targets/usenix_test_set/python-3.10/86a1a6aac49f23b4c629032c95f61267c4f6a459561dee9b14068b26453696e4cb394c4df8229ba03407ddbc053e2b071ee766f9f9d7c554a3cb7f4a45626965/decoder_loader.py)
95. delete.py (path: /syssec-nas0/pyc-research/compiled_evaluation_targets/usenix_test_set/python-3.10/e179207821a8d66b135b002439562231bff33635adc6475fddbfc474b38d7ba3030990c79e5b66727ee17bc2a284b2917afbc94a9015fcfa542e0d94451a56fb/delete.py)
96. dispatcher.py (path: /syssec-nas0/pyc-research/compiled_evaluation_targets/usenix_test_set/python-3.10/9017d160c9d3f4913054a685b1592028c0f8444a8b87342dea37b87d3103aec9197c9ade8487890ac896e860ccad9d92b380829ca3f3e3ed29259107235d9c89/dispatcher.py)
97. driver.py (path: /syssec-nas0/pyc-research/compiled_evaluation_targets/usenix_test_set/python-3.10/64719785210dcbe5d58c69f02c38f29a43e21aee07993d23f173f5a3e3ee071881386c83ee2f2eb9f4754c3d8f64ce16f5b3520ac96fa185870849bbd04e65b4/driver.py)
98. engine.py (path: /syssec-nas0/pyc-research/compiled_evaluation_targets/usenix_test_set/python-3.10/a0c91758708c30cf81d9b28dad13b4a0aca3768c7567cf8cd44b93efa66b90975839180b6a7454db858952022341bda3be3a20e8f263c8fcbc297f11522796cc/engine.py)
99. es.py (path: /syssec-nas0/pyc-research/compiled_evaluation_targets/usenix_test_set/python-3.10/3572599aea1ac3c627725f41f8061d30d133f6ddff861358a83e5ea2df1ffbd91a520831e8cf2a10752fb071256f5f1b29085a683c56db40d632a1cf01dbcb23/es.py)
100. evaluate_sbd.py (path: /syssec-nas0/pyc-research/compiled_evaluation_targets/usenix_test_set/python-3.10/b225d04a0dadd1af2bdb94806bec5ee3a506b938e054665eb5f14ab69e4623d4949aaafd9edd3e6d1134850c127f22c82ecf98b2ea0244c9ab9199dba6f3c13f/evaluate_sbd.py)
101. exchange.py (path: /syssec-nas0/pyc-research/compiled_evaluation_targets/usenix_test_set/python-3.10/207de057ef63c391f88906a4502e83f565a21c8dafd71e538fa72f0cccbdb40362dfccca80ac74cdda18d45bd623d81fcde1c089d864645d1fd28fb41c7f58bc/exchange.py)
102. export.py (path: /syssec-nas0/pyc-research/compiled_evaluation_targets/usenix_test_set/python-3.10/75955dcd80a0c4f6c77525d6046bd1737f43a7494bfad37916b0bc6c6101c21d2b84a5247d45aef1186c729f84d5faeb8885140dde72a8563e8c1db8c0111592/export.py)
103. file_io.py (path: /syssec-nas0/pyc-research/compiled_evaluation_targets/usenix_test_set/python-3.10/179485b361eacac5884667d7d7374a4ac6c07249285325a5669344c9f71e3169310965ec88e0f16cd9f14f50cc08eada47d93ef7d4ec067700365c63f9fc5f29/file_io.py)
104. filebased.py (path: /syssec-nas0/pyc-research/compiled_evaluation_targets/usenix_test_set/python-3.10/c23a267f40ecb5e8a151befc9204ec1b8b049c30a92c0d5fef67cc3804bfa8ad89cdc4dd2286b537a62980da72b75cefc196f89dd8a04168a78651b2cd65f1c4/filebased.py)
105. fns.py (path: /syssec-nas0/pyc-research/compiled_evaluation_targets/usenix_test_set/python-3.10/13c110210b211d3c1027e9fda052628eab0d8dcdfbb1012282027347049b2057de5b09a6c07767bd1d3d4feb72fe56cbf9a778ad72b011a66c050b042ac65419/fns.py)
106. frame_base.py (path: /syssec-nas0/pyc-research/compiled_evaluation_targets/usenix_test_set/python-3.10/4e4a3b2514cf681ab9c9ffa1d40eb22cc45567762037bb723003c2faf563618d29eded256460443a09039ef1280e6e1513bf4ec03767a1d9ed07d515f4017deb/frame_base.py)
107. gdm.py (path: /syssec-nas0/pyc-research/compiled_evaluation_targets/usenix_test_set/python-3.10/37290885c451e7f3ec76d92320832fa291f112f11571b60aca18a26c68d50ebdb30a21accffb303ccb83e439fe3abd86970b44f009d564422e6d863eff3c61df/gdm.py)
108. gen_image_ops.py (path: /syssec-nas0/pyc-research/compiled_evaluation_targets/usenix_test_set/python-3.10/999bc21524713b748867b3158dea753d9aa0cc5199edd18747232d269adb6d415642dc5738e643ed071f8342a437cfce51a86bc1804796969f990ca78c1b5412/gen_image_ops.py)
109. generic.py (path: /syssec-nas0/pyc-research/compiled_evaluation_targets/usenix_test_set/python-3.10/a47f68856c8ae9322ac9d570382cb5df77f7cb1b18db470277f051284973c45134fb7224f43b2eb92d6fa74f9850a4aee17ad1240387292156a0a22c45e51169/generic.py)
110. gitlab_housekeeping.py (path: /syssec-nas0/pyc-research/compiled_evaluation_targets/usenix_test_set/python-3.10/149239392ac4ec9a5d49aa4a78ccfbfd0664de6f44eb855c3d452e072fc364a431a93b2e069973d226421acd9f223601df091123270a90b78ebcf215911f076d/gitlab_housekeeping.py)
111. goto.py (path: /syssec-nas0/pyc-research/compiled_evaluation_targets/usenix_test_set/python-3.10/299137a11ac93e0ff73d950a6863ab7a84635014708bfb4cd09e1d51ea77af768e9c021f5526be993f6f804d29558aeaace0b3a2039f28a0b72d6028038b06ac/goto.py)
112. gradients_util.py (path: /syssec-nas0/pyc-research/compiled_evaluation_targets/usenix_test_set/python-3.10/5648588e01f4c2bcc04811c614dedb27d318d1b9b2671edb26271215ea5674ef96d05ba9f5fd4117d6ccd02b17ccc5772f3d7f9c2e34291fcebf426c86a2df64/gradients_util.py)
113. grid_finder.py (path: /syssec-nas0/pyc-research/compiled_evaluation_targets/usenix_test_set/python-3.10/9adb7cace7418536c7432515bcdeb74b3ce556902914e1788bdd9ed8bc0b79769ad0ed3f1534ff8cc5b3833e77494b02883fc782f9ae8f9d804fd3705156e6af/grid_finder.py)
114. hide_utils.py (path: /syssec-nas0/pyc-research/compiled_evaluation_targets/usenix_test_set/python-3.10/3e9b640265aa654cda4581e3cf6418aaa817f1fcd6feedc06f35dec3c6dbe7d8f18d98c5ac4c49409745f7b89a0016c11ad0a5bd89133de147958fd86000dbae/hide_utils.py)
115. horde.py (path: /syssec-nas0/pyc-research/compiled_evaluation_targets/usenix_test_set/python-3.10/f2c969dbb7090a6f06b07f97ecd9fa08b9bda8ad19f0298cc212d5e724ce5edf1079b47daa0bc6ed0769a526ece29a7751c15df3eb64a6daf0a7470b9239a469/horde.py)
116. http_client.py (path: /syssec-nas0/pyc-research/compiled_evaluation_targets/usenix_test_set/python-3.10/75195eed5eb8f6149d580556992a29f25c2bd1e4a55864ef1e0cae34bc38172af9147507e4cf0b8d3575c01023be5eddee347114fff17c04c6215d208f81925a/http_client.py)
117. identity.py (path: /syssec-nas0/pyc-research/compiled_evaluation_targets/usenix_test_set/python-3.10/2f351d3f845f920ecba68a6c3e9347b964967c60aa38157cea3b08d758a5dd05cbc194715e88cb592cb2e93427ecebd318479eb3a908e5f1b414c167ee8ec9c0/identity.py)
118. information.py (path: /syssec-nas0/pyc-research/compiled_evaluation_targets/usenix_test_set/python-3.10/ec93898595f29ddfed0893ed9ffbccd07f005eb5e329997293abbde90c03b1ae1e2b33489d6d267f81a1f6f94a9e63c404a8b4fc057732651f9f56d956b3cc70/information.py)
119. init_route.py (path: /syssec-nas0/pyc-research/compiled_evaluation_targets/usenix_test_set/python-3.10/4891fb5f3d65ca5059ce9c9676b63115e3764e63a95339ea1698bec1e6551e677168aeb8769277358b64f62fb49307972b8efb2e23f30dbe41e94c752f2ea4fa/init_route.py)
120. input_spec.py (path: /syssec-nas0/pyc-research/compiled_evaluation_targets/usenix_test_set/python-3.10/e93c355e44b261b2059f878d60baf482836beb2057030b8fd0406b043e32a5e1de32dc747d2afe6bd90d2c33ddfa3c3d0eeca8558bfca81b8eb4d11a806f1c89/input_spec.py)
121. inputhookwx.py (path: /syssec-nas0/pyc-research/compiled_evaluation_targets/usenix_test_set/python-3.10/cc708df685e630af7c5e7d7c0c8b1d33d15e4be7efdf9eed9a41f0f66c0fccbc215d3604527fc48bed82d6064456c80d7a913da6b081cb64b16ec9220aaa28dd/inputhookwx.py)
122. install.py (path: /syssec-nas0/pyc-research/compiled_evaluation_targets/usenix_test_set/python-3.10/ffbbd47346632ced7c335e3fd9f108521233b44c9ac16433e36df9ddedf6fdf018323b82f8341443d4b86b6dd75cc4eef473b09400abe31ee4592a9c9ebbc2db/install.py)
123. iterator.py (path: /syssec-nas0/pyc-research/compiled_evaluation_targets/usenix_test_set/python-3.10/6b292028392c316b624bea1345952b3aaf3d04b7398d39c64e80e7caa8b113d8b6ab540cdf956e02b78dec1b3187817ce41f61d0c0b64d7d756c35b9cf2e1c98/iterator.py)
124. jinja2_debug.py (path: /syssec-nas0/pyc-research/compiled_evaluation_targets/usenix_test_set/python-3.10/d7066f719f9e8e30e2a90c0e1c0f59cf4951c0226e477a3961949274899396491ba9f8d27ed4adbd19a609a0ce4bbe9bb437eed3be00f576cdf20ac7401fecfb/jinja2_debug.py)
125. json_format.py (path: /syssec-nas0/pyc-research/compiled_evaluation_targets/usenix_test_set/python-3.10/811d12c92e619883d55077105a66ffc49f9a135e6ab4eabb4abbe6ab3faa92ed27b295d5f78a9d2a68951e7d6210e9cedd17047c4cc41a59a0ec42bc6b009ad0/json_format.py)
126. kvr_dskdm1230.py (path: /syssec-nas0/pyc-research/compiled_evaluation_targets/usenix_test_set/python-3.10/ddd53c62c0c4efbe20932fc0bd44f57d745efb5917e088c668c754ecdaca8c776dc6674350bc0837c5204f0aab4addf0aacce67eedf7f77741e1c2a9b9f7c9cb/kvr_dskdm1230.py)
127. ldap.py (path: /syssec-nas0/pyc-research/compiled_evaluation_targets/usenix_test_set/python-3.10/9ac5b88a7da5ebd28c050dc78b82f0281d29f6b168103f23cd780afcd53d9fbb5a8d9293e843b3b2b2b0e5c9df5ad35de1c6e098c10923d2dbadd5748bdfd3de/ldap.py)
128. lib_backup.py (path: /syssec-nas0/pyc-research/compiled_evaluation_targets/usenix_test_set/python-3.10/bf62423ec4b76f5e73585215a512942a1ea250f4e9b11d3bafe922689aeda1fd9a5f561332d8e95e176f1dea55a82104ec2f41af63680ce68436b66c51cb0067/lib_backup.py)
129. loader.py (path: /syssec-nas0/pyc-research/compiled_evaluation_targets/usenix_test_set/python-3.10/06bd23c76f46501eef32a0d2c4c7889e2385f4657c50c548d7f643551e1692868a2a8a60d2e2b00fa79f661b608714bdb867ae5230bccc53eca0f0e623ec338c/loader.py)
130. loading_prompt_interceptor.py (path: /syssec-nas0/pyc-research/compiled_evaluation_targets/usenix_test_set/python-3.10/53f17fd3c2fada8d9a784059d7ce9ca4fd27ca86527bcbd169f269b75773e4a46c1898d7901c27581dc38666f09862519e3756327946f1ca784cfd755625cd5c/loading_prompt_interceptor.py)
131. log_view.py (path: /syssec-nas0/pyc-research/compiled_evaluation_targets/usenix_test_set/python-3.10/178b56efffd3bf832efb44ba7322816793c16a4d8b32d4fb5f33b48512e0c4def66df5cebfbc5e5b33c685c89d9f67bd41ab6f51b0eeb3d208c7502a6c4933a2/log_view.py)
132. logger.py (path: /syssec-nas0/pyc-research/compiled_evaluation_targets/usenix_test_set/python-3.10/1e8aa996533bd98bb5bc48e6a539f85c9e7ec952a65879d9638c61aa303add64c2f7da404a26a1666c1a4e089750406fe5f862dc8346a3861254c4393ac7a12e/logger.py)
133. macroserver.py (path: /syssec-nas0/pyc-research/compiled_evaluation_targets/usenix_test_set/python-3.10/ae369c846522915ad9e08c63dc190ac116e9fc44e855c8576f215f8662657764a872b1ad14d15f9e72bf559c6563cf5cd8c0ad07c29864727b1a6cabc45a047a/macroserver.py)
134. magnet.py (path: /syssec-nas0/pyc-research/compiled_evaluation_targets/usenix_test_set/python-3.10/e8a7a2e0eb04a45d427bdb2c512b059109420d229f9be5dc6cd51cee2fefee9ea614264d5fc7dd2bec33cfae27f7c61da915f6354bbdd1b9102311ce5f00eb33/magnet.py)
135. math_grad.py (path: /syssec-nas0/pyc-research/compiled_evaluation_targets/usenix_test_set/python-3.10/dec7ab7f96054af2d9dff76b1a6983e065fb672aa3e916080c1231aa5b5e1d8188caf0b12ef0153d8ec8d6d358b6d89acaccaa7bfef25bee7f66b74ebf9829d9/math_grad.py)
136. matrices.py (path: /syssec-nas0/pyc-research/compiled_evaluation_targets/usenix_test_set/python-3.10/fe1166c5c420fdf2df2851aa1f484eea48ebb73f1d31e06242432996a0d5cb3a69a7a68aa150c55c84776b4d0a1d08e7a292cc4bd3910349b6ef8c6011dea41f/matrices.py)
137. metaclass.py (path: /syssec-nas0/pyc-research/compiled_evaluation_targets/usenix_test_set/python-3.10/e314f5f755c2940c1e033c5c0bfcfb6412090099b0e794b42f88ca1e280ca1566fa001f26905e709c3b57439d6905cf43a9061f791fb52f52c29e7e9ed865544/metaclass.py)
138. mo_archive_pruner.py (path: /syssec-nas0/pyc-research/compiled_evaluation_targets/usenix_test_set/python-3.10/f590bb25c0d4b4146045a632d9f5cba08a8c271e77dd8129088ad70d8ff15a8f17272249642232ac199677e6db080749af2a12d7202fc60c50aba698c1bc8cf5/mo_archive_pruner.py)
139. modeling.py (path: /syssec-nas0/pyc-research/compiled_evaluation_targets/usenix_test_set/python-3.10/4c2505523465b8254355fb0fd35a74eb41277868ebc7eca90ace6fc034dcaaf61b2eea0802cceb1a43e5324ea2884a440b3877e138522023986d2e9efddcace2/modeling.py)
140. mtv.py (path: /syssec-nas0/pyc-research/compiled_evaluation_targets/usenix_test_set/python-3.10/2cffa091502bcd49fe1d4cef4a94a0acbc22c365c54213895216e38eac35d6bcf48687b2bb056f43264a81170c12ba5d8f5035a06522bac93e3c16bd955c8173/mtv.py)
141. no_set_for_loop.py (path: /syssec-nas0/pyc-research/compiled_evaluation_targets/usenix_test_set/python-3.10/045b56c1ea3c463c77a228094cd80a89a8ba0abb1c06aa9d8fced25db26572d7967c24617f9a586320bee9dc11210073d6f1978494d3945610ce4058692a9db3/no_set_for_loop.py)
142. old.py (path: /syssec-nas0/pyc-research/compiled_evaluation_targets/usenix_test_set/python-3.10/f9d7e6438f4ac9ad73a7e47522c0bfa57c3f21651f526a2121787820b4ffdc0426bc1209862be1ef169719521404cb4b48fccf1185007e5f06d05b3aa1557107/old.py)
143. ome_tiff.py (path: /syssec-nas0/pyc-research/compiled_evaluation_targets/usenix_test_set/python-3.10/6710749f23afa2e5f61f5ae1f0269b78aa78f14d6444823652b877cccef54254b460e9164289ad7e7d51a44047df851ceb245176af7be97d376a8d00fb3db1b8/ome_tiff.py)
144. party.py (path: /syssec-nas0/pyc-research/compiled_evaluation_targets/usenix_test_set/python-3.10/377a8a7908bda0850aee334e8ce1c025a51229f38ee97ad8bc4e7c73bb8e1ec264b08e3895bcd3312a3d93168851bbd43a662765dfb4e3aa07c510fafc59413b/party.py)
145. pipeline.py (path: /syssec-nas0/pyc-research/compiled_evaluation_targets/usenix_test_set/python-3.10/4ba20f5a25174f2f3e06a6ed825b9721b9ecb2404024c91059be083041c0ad65ff38a83652ccc7e8e2a0dc15a563752153e09dbce7567484571da90c4e545a12/pipeline.py)
146. plots.py (path: /syssec-nas0/pyc-research/compiled_evaluation_targets/usenix_test_set/python-3.10/98ec30943dab93397c1927d854d28e7c4f84a008a2fbe33451ea3a1454f96740338a2b969db90740d0367fe3acc5da5e111d11fe2b3be5efb84144ca6d7d1bce/plots.py)
147. plugins.py (path: /syssec-nas0/pyc-research/compiled_evaluation_targets/usenix_test_set/python-3.10/f00bde1a7bdb97d892bc24d356463bca33989d6d2e05d5d2a1092618de0956ff322de7238204f2d3594b66678a88e7f94d80001c8c1596152a24a011f0678be6/plugins.py)
148. post.py (path: /syssec-nas0/pyc-research/compiled_evaluation_targets/usenix_test_set/python-3.10/74c742354d7ea5760e0fbd980816c54c436e3569bd60ddad33017e854f6810603d832ff83c8da1dd6838b6875515d4d0314db67a1f70129c5663aeb7d666b71f/post.py)
149. post.py (path: /syssec-nas0/pyc-research/compiled_evaluation_targets/usenix_test_set/python-3.10/c94ca0b9a995fd1f6a5eb435be4821f28d70082640fcc7169cb0697b26f2064ea15dfb1d978cf55d2ea1a0a1a2d2ea30e43d468cc19904610f8d878a0156435e/post.py)
150. proxmox.py (path: /syssec-nas0/pyc-research/compiled_evaluation_targets/usenix_test_set/python-3.10/fbd60ddfcea2e16fa7e65bdaa94a05578d92ed4bd8e238ae9d40b2517f1f503a02af8b145c8e89eefe55759a65c3ba055964aeb2e27c2dd34d55efe32fa2e93a/proxmox.py)
151. psuset.py (path: /syssec-nas0/pyc-research/compiled_evaluation_targets/usenix_test_set/python-3.10/bd4d2c830c13c1cbcf5694651b0c39b64000520dea33bc7ba5958b3f5f3031f90525b0304e114fc32699626451895e93e398239ba1aa745aabc0b1c27ab6c1cc/psuset.py)
152. pytest_check_libs.py (path: /syssec-nas0/pyc-research/compiled_evaluation_targets/usenix_test_set/python-3.10/70f1f1cada66df9074888b4c8ea3d0cc38b3be946089ac4f32b14c26b093a0fcfc9fc7500dace6365de7c1d50308cfcad0d0cf59e7760acf1730d834ad95f15f/pytest_check_libs.py)
153. python.py (path: /syssec-nas0/pyc-research/compiled_evaluation_targets/usenix_test_set/python-3.10/f06110e27806ca908dbb6f641834a8495cf4fdb3a7afc1f9cb2cb4882173d7009f3debf3a69d13f6d32176baf61ea22b612c200bbdf3493c1b9b62f5fda86d01/python.py)
154. query_result.py (path: /syssec-nas0/pyc-research/compiled_evaluation_targets/usenix_test_set/python-3.10/b44e6e553cd8ceefcdcc90db922c0dffe04e2016984aaa8745f532574e13bb425fef07e008026641b96d68ab5725372ecbbbfc52be243bbbfdd4f3573f5a29ba/query_result.py)
155. referring_video_object_segmentation_pipeline.py (path: /syssec-nas0/pyc-research/compiled_evaluation_targets/usenix_test_set/python-3.10/d9ab91f72e2e6c5fdad4bf1351d0585d333c6a52799350dba5ae80289973e4dc0ccecbedea5f1c5b66d76ef2266855142c015069fb7e78136768e783621ccbef/referring_video_object_segmentation_pipeline.py)
156. report_g_supply_virtual_bill.py (path: /syssec-nas0/pyc-research/compiled_evaluation_targets/usenix_test_set/python-3.10/e54d52ca477d9bc191d7e99f246d8e6c124df110219dfa9fb8334688288a9ad0aa0776bbb29e09ed7a47a58bf6fc9aa8649b0498b4187205d17f79da35ff2b41/report_g_supply_virtual_bill.py)
157. resolver.py (path: /syssec-nas0/pyc-research/compiled_evaluation_targets/usenix_test_set/python-3.10/903b60923df37a1c9ae4cd8f18df9e8aaaf1937493cd9b52272fc5a28df2c8ebdb4cc23338fe984037cc0bfa6bbe466aaeaafde59746c108c0afccb6e46d9264/resolver.py)
158. response.py (path: /syssec-nas0/pyc-research/compiled_evaluation_targets/usenix_test_set/python-3.10/715f92026406370dfe7054392b0f3a7e1722ea58eec8aa29b19b58329bb265ad59dfb6647348efa238935d47bd3b79bcd39e0968e32725874834528c10390630/response.py)
159. revChatGPT.py (path: /syssec-nas0/pyc-research/compiled_evaluation_targets/usenix_test_set/python-3.10/9d3258a76bf781ef26b07ddd418c8bb3e0760385d7ee3011538e2e0629eb7addeb9face0aa5ca1836ad95136633fe2a4e75b2ef38aa169c81d343235eb9e2406/revChatGPT.py)
160. rpc.py (path: /syssec-nas0/pyc-research/compiled_evaluation_targets/usenix_test_set/python-3.10/a56160182ac993e2465218e3278e46889a1d1c031e6a04360d30bf4e0c20f2160089f99ae1f9f688021082fe513813117cb31fc56f3dffed2cc2f82e59f4dbbd/rpc.py)
161. rtcrtpsender.py (path: /syssec-nas0/pyc-research/compiled_evaluation_targets/usenix_test_set/python-3.10/2eb1b54d5e42d7d9eac34490c83da8586955b614b97c6aef2b2b63f86463cea2200d873c34c732b3cc536ee2d2a41a005cefb80781e34679fa263a1eb68f3a08/rtcrtpsender.py)
162. run_all.py (path: /syssec-nas0/pyc-research/compiled_evaluation_targets/usenix_test_set/python-3.10/fe50871af19d072b8b60a0a39e59f48ebeb2856f5304814f7a00a510984985978f05746f1b71a5a9d6115ba91146ccf297fd2e849775cf74b188d9010d505237/run_all.py)
163. saas_connector.py (path: /syssec-nas0/pyc-research/compiled_evaluation_targets/usenix_test_set/python-3.10/30e9c160f4ff6be06fe15032e174f5cb8311bf353e066a12c5f48da6af5448c3dad6dfd78034034c03c17cf49134c4bc3099fb4fce796e73b5a8da91e8b23671/saas_connector.py)
164. sample.py (path: /syssec-nas0/pyc-research/compiled_evaluation_targets/usenix_test_set/python-3.10/ed98ef14f342b0b2c67d232080e30ae4e5039ff7f4c1354c487d8748200733b1ca9c8cdeb0f9c7af4fdaf29abb703512a4497353868b9570fc6cbd4e84010f03/sample.py)
165. screenshots.py (path: /syssec-nas0/pyc-research/compiled_evaluation_targets/usenix_test_set/python-3.10/984f2a8f89ba47db288555e4862eb163784aac9a5ab6fd3f067ff3d642a1cf87753b4f9bee66b435199cfa1195331311b842732771fc3ed3744b4c21166d79ed/screenshots.py)
166. search.py (path: /syssec-nas0/pyc-research/compiled_evaluation_targets/usenix_test_set/python-3.10/b80be56c6bd751dec60ae8ffdd3f72f34edc2727dc43388824aa47ccee3ca25ea2d8af028cf2fe719529bf128e1766f3f9d8fd10ea445f68242ad24145cf6387/search.py)
167. secured_cookie_value.py (path: /syssec-nas0/pyc-research/compiled_evaluation_targets/usenix_test_set/python-3.10/ee2b7bea7a4d158c02fcc05b3f6e1c613227bec0491999f6fa92f32de8538880995f2378ed8d3813805040e1fe5c78260929829467cadac45174375304b751eb/secured_cookie_value.py)
168. server.py (path: /syssec-nas0/pyc-research/compiled_evaluation_targets/usenix_test_set/python-3.10/51cfe9f9267e456838ff14167187b394c00275a78f7012f390cda50cf432020cc37c5ff22a1beab9b0f4758b52938c50f0d30e3a74698e6a7e76835a0abd9f4e/server.py)
169. smtp.py (path: /syssec-nas0/pyc-research/compiled_evaluation_targets/usenix_test_set/python-3.10/3f53a43b3336070fa1da8bd906f17f9e8a083606f6c1f3189d36d2a6fb52ae066b6fa3e0c6795440cacef1640079457da21ff6e3fe6b5b95dc36e844f38c45b6/smtp.py)
170. sponsored_guest_portal.py (path: /syssec-nas0/pyc-research/compiled_evaluation_targets/usenix_test_set/python-3.10/76a6df95eac1f565aae286c07cbcd55e044f2dba63c2729952df41846828035df6f1c2bae46efa5101e9e31a3a8e139b165fae16124a4fb5d87f7c6e232fea5f/sponsored_guest_portal.py)
171. stock_lhb_sina.py (path: /syssec-nas0/pyc-research/compiled_evaluation_targets/usenix_test_set/python-3.10/d9d783cb5f07b3fbcfe0dcf27599d2d39d261fd4e93cf0d53dc279adb93e51079f2e624ec3bed03039fd1401efcfc458c17bc2a7594699e9e432eb221aa2cac5/stock_lhb_sina.py)
172. switch.py (path: /syssec-nas0/pyc-research/compiled_evaluation_targets/usenix_test_set/python-3.10/ce43e8a447d78d482673350181c6925795857e1e3f483529026550d52c3248a4493bb9cce2e1ec350c133875f8891f543aab59888297f109a3b6bb1ca484d43a/switch.py)
173. sync.py (path: /syssec-nas0/pyc-research/compiled_evaluation_targets/usenix_test_set/python-3.10/60d58ae3f0c57d108bd71c4368ee4f64a36a02195f6685c27c12b20aa9724f03bb7a91ab7078718e218340a5173f31c7d6e67909fd7be3d9c5446ae51e8d08d0/sync.py)
174. system_info.py (path: /syssec-nas0/pyc-research/compiled_evaluation_targets/usenix_test_set/python-3.10/5af58f5fa20c6c6dcb4dd4873aec454acf5b5bb0ccd76dd416aed46c078e99ee95dab91bd3512b35b558bea078d1458b618d7a32e8eac712f53e9c9e86890d3e/system_info.py)
175. sysutils.py (path: /syssec-nas0/pyc-research/compiled_evaluation_targets/usenix_test_set/python-3.10/5e162ea864128d8222bb7d5f9e56723c7f81d4818d1a954272419f58b77f533264a968144bf2c4f7d37a429feccacf3e5c72f426d899f7e9fc73612f7757f302/sysutils.py)
176. task_base_model.py (path: /syssec-nas0/pyc-research/compiled_evaluation_targets/usenix_test_set/python-3.10/3307d26213e4317bebc32410f9a048bc5ba10d27fb56933d22ef64131dfa255ae1508643bac6a517b26e31850d157117c9e96eb50546d1fd3c7600e1eae7ce69/task_base_model.py)
177. test_export_fits.py (path: /syssec-nas0/pyc-research/compiled_evaluation_targets/usenix_test_set/python-3.10/8fabca408a89ef4a716d7f42fde67c3b56dbbe735424fa7e1ef59ba4dc20e8500026e92fde6f352940a8c7d7618ea121e5297f2866d70c3249dee82245b23c60/test_export_fits.py)
178. test_misc.py (path: /syssec-nas0/pyc-research/compiled_evaluation_targets/usenix_test_set/python-3.10/4fd8062ca760560c7deb84d4b478cd74449cd92c29ec71531d6cb8d307245adfac929d0f2ac463dbe0cb7f4c7039e3ca84ab5637dc31d8e7648634f642350913/test_misc.py)
179. test_session_controller.py (path: /syssec-nas0/pyc-research/compiled_evaluation_targets/usenix_test_set/python-3.10/b7cf636c01a6db8eaa8d68ee32bd72af709b74372b9d254653fc0b7c884eb78338b8f641fdbd8edc2c6a4364c7d2f24c11972f0ecfac418b8004662d40a55a1e/test_session_controller.py)
180. test_stata.py (path: /syssec-nas0/pyc-research/compiled_evaluation_targets/usenix_test_set/python-3.10/45a5c3713460f9c2a0c0547ae2ba035aca9f6c28111877390a9f9f7549fd9fc920021d731cc861533bc0d886a8584714908b7fb62b0740411ccd3654d05c375d/test_stata.py)
181. texturecompress.py (path: /syssec-nas0/pyc-research/compiled_evaluation_targets/usenix_test_set/python-3.10/cb54c857afc213b06ada9a573541cf63913cc7672a72a992ffe40bd724a610ea3fa8fb22c9facb5816ed8acab9c5723251bc817d961bc99bc0e2941f1630e1c2/texturecompress.py)
182. time_stats_generator.py (path: /syssec-nas0/pyc-research/compiled_evaluation_targets/usenix_test_set/python-3.10/e305fecede7a4b76550995209751b7b9a9c650b022f2b5bbbe902fa68d20418583f5f52a16df8e848634d0df3ebd1b394974cbdc6bacc78da6da07871069adcb/time_stats_generator.py)
183. tools.py (path: /syssec-nas0/pyc-research/compiled_evaluation_targets/usenix_test_set/python-3.10/14920d907cd7c08763023fe6ab3b9840dad434322919ed3fc0e435f406014a05db6fc80f4a147e7ea6ff21f0ed03a7e1a366f375b913cfbc88271e2a048c7e42/tools.py)
184. tracked_thread.py (path: /syssec-nas0/pyc-research/compiled_evaluation_targets/usenix_test_set/python-3.10/759ac99e27475c933cf685b0a66d632ef13b9a5c18c0cb9b432232b66ddf106c2e151f2071e19056398a2e147bb78f903245f484b60aaba0aaf52bdb0f4faa88/tracked_thread.py)
185. tracking_async_web_channel.py (path: /syssec-nas0/pyc-research/compiled_evaluation_targets/usenix_test_set/python-3.10/6b471bbbc6f9d56084d19aee4fbfa1913b6e43135a1713abff8776197c14e6f4451c518c492acdaf73d745340adeb1674d53c0d9c50859f100a86562619fa67b/tracking_async_web_channel.py)
186. transform.py (path: /syssec-nas0/pyc-research/compiled_evaluation_targets/usenix_test_set/python-3.10/7bf250992e72d9739c20ece85d6f33f0f11151263c9b63565bbf40e86670388cc0649f7e1e8c69b19e8efca7551921b7f60c1e26998282f37aa81ace6dbb00d4/transform.py)
187. tui.py (path: /syssec-nas0/pyc-research/compiled_evaluation_targets/usenix_test_set/python-3.10/5e7552039d58a8ea0ed28f29b52ab65627ce9a3530bb41b8dc20ebd8dd85b079968c33e217e192a2a9ff3e264e048b2505380b7bb50531a734e7876600abe279/tui.py)
188. tunnel.py (path: /syssec-nas0/pyc-research/compiled_evaluation_targets/usenix_test_set/python-3.10/5e0bae32c002f88ce7523e688bb5f69e24aacf981757bd57a3b545f6298e9d751092960c44eb2fd2087ddbdd4aaae2f54bfc13ef12d6b22fe57e3543d7d9d1d9/tunnel.py)
189. unfuddle.py (path: /syssec-nas0/pyc-research/compiled_evaluation_targets/usenix_test_set/python-3.10/85ba58e4e5c299dd1aa75e011df101af8c02cbc5095adcb21093f4caf488fb7d93b4d2772e82e0bdf335abfe2e265ade5daf99c9a23f2a8ec14cc0d60e5d187c/unfuddle.py)
190. universe.py (path: /syssec-nas0/pyc-research/compiled_evaluation_targets/usenix_test_set/python-3.10/06ab004839a2e1dd31a7e6cf420a07de4e2d3d619345e9ba7291b0d9739123e5ec600fad145f7a912d6e4a1e1caa2aa12a284f88e256cfb52ff3fe8ed6cfabab/universe.py)
191. upload_file_service [2022.8.26].py (path: /syssec-nas0/pyc-research/compiled_evaluation_targets/usenix_test_set/python-3.10/88935e3ec53dc58592912b43cd90553431353a33811a1434a10eb772704b8f03829c1517e384ea68c12db8ba168db719ed7f225cc54d27f489d2bbd68eac2aa6/upload_file_service [2022.8.26].py)
192. utils.py (path: /syssec-nas0/pyc-research/compiled_evaluation_targets/usenix_test_set/python-3.10/1b3a452dd92080f02b2e45554c837eb9307cde04636e6fb5ed67635036d398b05c81b741ebea817e497a0afe60f9483303a56aba8f18c088eec8cba5b49b15e0/utils.py)
193. utils.py (path: /syssec-nas0/pyc-research/compiled_evaluation_targets/usenix_test_set/python-3.10/2b127d1e5201a4fdfd1f5b62874303220ddb1770de1cfed0f3096f86475b1d1d7700419f6e430bd561a6f0b674dfdb1edeac0542a0884c024ed2342df0d13a1c/utils.py)
194. utils.py (path: /syssec-nas0/pyc-research/compiled_evaluation_targets/usenix_test_set/python-3.10/5e795d8ce4b5f17f9192977a1406545897247da0a4ecb4da4144674e38a6e32b9ec0e61def1a3f003314512407c694b25612e6e0e84e562256961aceb0a40dc5/utils.py)
195. utils.py (path: /syssec-nas0/pyc-research/compiled_evaluation_targets/usenix_test_set/python-3.10/a201699110d6e06b5c3fcc2f3c12db9180f842409ac99d03286642835aef0dc6f101cfd4101f04a0b1588eed2ccb77105142ae46e9e99bf410816f555ab11190/utils.py)
196. uxf.py (path: /syssec-nas0/pyc-research/compiled_evaluation_targets/usenix_test_set/python-3.10/dd6d8948f22c10ddc76338271f084b5ffbdf8dd7542f34534f3b5a5c6d2c0d55a81047eb74662a0156c2d5ef62d8ed75579520376540dc5200a1f07b40ffc2c8/uxf.py)
197. values.py (path: /syssec-nas0/pyc-research/compiled_evaluation_targets/usenix_test_set/python-3.10/86e34de67958450d591321f631587a1d6004642b4a14d9699615cfdf65332f00bcdd295d7fab7c67c77515e9762b3cac0f986166026b72f1fc2e8c44373761f7/values.py)
198. versioneer.py (path: /syssec-nas0/pyc-research/compiled_evaluation_targets/usenix_test_set/python-3.10/ec69e9b826eecbe23b5697426f42e4c6419f61f32942421e2969615b6b8262bfd55cad108e905dde15c33c3045b91648ba22ce09c44efb2d7b73dd404c2d2bfc/versioneer.py)
199. video_reader.py (path: /syssec-nas0/pyc-research/compiled_evaluation_targets/usenix_test_set/python-3.10/dfff6f08815f3a1d602e46a250104653c7a9beba7cf59828a452b88f536f97578da238fd3d05376d4ba6ff778830ee83c3d077c9a9ffcf7f7578942ff4ab62ce/video_reader.py)
200. views.py (path: /syssec-nas0/pyc-research/compiled_evaluation_targets/usenix_test_set/python-3.10/3fd06313ca4411e2f3c6579ae9bd3400443ca6646b50d7ba00f40a816c7a3443bd40b49bc7d892311306a99a9400c125698aed23b6ae7cba5ec56220b5f567e3/views.py)
201. views.py (path: /syssec-nas0/pyc-research/compiled_evaluation_targets/usenix_test_set/python-3.10/810104722d80b0367b9d53f14960dd72760905530fe03f6c65cc34b4f52a655e5bcfdc9378f8ba43d27064d4dfef81ed5adc181824e55f08a7063a239036f40b/views.py)
202. websocket_server.py (path: /syssec-nas0/pyc-research/compiled_evaluation_targets/usenix_test_set/python-3.10/db9f9f6fb6104de111fdc0a42a17918f115fe92e1c95d6bad8834e628c3c036a11e9d5b27b5babb05e3a80379974070b42ca9f7bf35501494930f41b6386ba98/websocket_server.py)
203. windowDevelop.py (path: /syssec-nas0/pyc-research/compiled_evaluation_targets/usenix_test_set/python-3.10/65fac04376a5536ac05dee58f464be1b78350155dac1b0cef08748109c2f62d27c60e14443f4eef3a5d12006f7e88c081f59ca62e43acc32ad86d2a3b9d24f33/windowDevelop.py)
204. wireless_profile.py (path: /syssec-nas0/pyc-research/compiled_evaluation_targets/usenix_test_set/python-3.10/7e975453092f478b1ae2addaa1b33e75a18ef00cd2bdf2458a1b105d6a9c73259afac891d6ec956eae5fac40937e9ed7b95613cd6e193d53842faebe787b5e73/wireless_profile.py)
205. worker.py (path: /syssec-nas0/pyc-research/compiled_evaluation_targets/usenix_test_set/python-3.10/e84a69c47764277f34a796f49176063f5af05ad22b5fdfcb951d88edbeb80507f6004d1af380b23d4cde96ed87d8024cf352e1f0f12f4e38b5e19de2749a5f0f/worker.py)
206. xyzgrid.py (path: /syssec-nas0/pyc-research/compiled_evaluation_targets/usenix_test_set/python-3.10/825363f94f1760d0889e06df93fdcf815450e2d868116f6f79947655c3e8bf46c7b5864e6079836e880f5b181e35e10e818cb21bbe4de4ce7d001fa977024e81/xyzgrid.py)
207. zone_record_api.py (path: /syssec-nas0/pyc-research/compiled_evaluation_targets/usenix_test_set/python-3.10/229ed2d0657a96e40250b3e05b7e91e29d99ecd5855c4a6f685dba13fa72770a78fb1a6ae5c1a011c98c8e3001467fe7832437111aca935352901e261f2b67c5/zone_record_api.py)
208. zylaalignpanel.py (path: /syssec-nas0/pyc-research/compiled_evaluation_targets/usenix_test_set/python-3.10/7ca0a5e84178573c50af2b5cbce325128cff0dc98fc60c5749fb3ca45560b1fd99644993186f9b25a8033861d9cd5937d89b3dd35d5d532b6e5ece997c10a6ba/zylaalignpanel.py)

Reconstruction Failures:
1. 10822-normalized.py (path: /syssec-nas0/pyc-research/compiled_evaluation_targets/usenix_test_set/python-3.10/10822/10822-normalized.py)
2. 11571-normalized.py (path: /syssec-nas0/pyc-research/compiled_evaluation_targets/usenix_test_set/python-3.10/11571/11571-normalized.py)
3. 1191-normalized.py (path: /syssec-nas0/pyc-research/compiled_evaluation_targets/usenix_test_set/python-3.10/1191/1191-normalized.py)
4. 12134-normalized.py (path: /syssec-nas0/pyc-research/compiled_evaluation_targets/usenix_test_set/python-3.10/12134/12134-normalized.py)
5. 12489-normalized.py (path: /syssec-nas0/pyc-research/compiled_evaluation_targets/usenix_test_set/python-3.10/12489/12489-normalized.py)
6. 1255-normalized.py (path: /syssec-nas0/pyc-research/compiled_evaluation_targets/usenix_test_set/python-3.10/1255/1255-normalized.py)
7. 12911-normalized.py (path: /syssec-nas0/pyc-research/compiled_evaluation_targets/usenix_test_set/python-3.10/12911/12911-normalized.py)
8. 1340-normalized.py (path: /syssec-nas0/pyc-research/compiled_evaluation_targets/usenix_test_set/python-3.10/1340/1340-normalized.py)
9. 1352-normalized.py (path: /syssec-nas0/pyc-research/compiled_evaluation_targets/usenix_test_set/python-3.10/1352/1352-normalized.py)
10. 1460-normalized.py (path: /syssec-nas0/pyc-research/compiled_evaluation_targets/usenix_test_set/python-3.10/1460/1460-normalized.py)
11. 15117-normalized.py (path: /syssec-nas0/pyc-research/compiled_evaluation_targets/usenix_test_set/python-3.10/15117/15117-normalized.py)
12. 15238-normalized.py (path: /syssec-nas0/pyc-research/compiled_evaluation_targets/usenix_test_set/python-3.10/15238/15238-normalized.py)
13. 16035-normalized.py (path: /syssec-nas0/pyc-research/compiled_evaluation_targets/usenix_test_set/python-3.10/16035/16035-normalized.py)
14. 16120-normalized.py (path: /syssec-nas0/pyc-research/compiled_evaluation_targets/usenix_test_set/python-3.10/16120/16120-normalized.py)
15. 16800-normalized.py (path: /syssec-nas0/pyc-research/compiled_evaluation_targets/usenix_test_set/python-3.10/16800/16800-normalized.py)
16. 17189-normalized.py (path: /syssec-nas0/pyc-research/compiled_evaluation_targets/usenix_test_set/python-3.10/17189/17189-normalized.py)
17. 1735-normalized.py (path: /syssec-nas0/pyc-research/compiled_evaluation_targets/usenix_test_set/python-3.10/1735/1735-normalized.py)
18. 17474-normalized.py (path: /syssec-nas0/pyc-research/compiled_evaluation_targets/usenix_test_set/python-3.10/17474/17474-normalized.py)
19. 17727-normalized.py (path: /syssec-nas0/pyc-research/compiled_evaluation_targets/usenix_test_set/python-3.10/17727/17727-normalized.py)
20. 18984-normalized.py (path: /syssec-nas0/pyc-research/compiled_evaluation_targets/usenix_test_set/python-3.10/18984/18984-normalized.py)
21. 19261-normalized.py (path: /syssec-nas0/pyc-research/compiled_evaluation_targets/usenix_test_set/python-3.10/19261/19261-normalized.py)
22. 19327-normalized.py (path: /syssec-nas0/pyc-research/compiled_evaluation_targets/usenix_test_set/python-3.10/19327/19327-normalized.py)
23. 19581-normalized.py (path: /syssec-nas0/pyc-research/compiled_evaluation_targets/usenix_test_set/python-3.10/19581/19581-normalized.py)
24. 20064-normalized.py (path: /syssec-nas0/pyc-research/compiled_evaluation_targets/usenix_test_set/python-3.10/20064/20064-normalized.py)
25. 20619-normalized.py (path: /syssec-nas0/pyc-research/compiled_evaluation_targets/usenix_test_set/python-3.10/20619/20619-normalized.py)
26. 21100-normalized.py (path: /syssec-nas0/pyc-research/compiled_evaluation_targets/usenix_test_set/python-3.10/21100/21100-normalized.py)
27. 21564-normalized.py (path: /syssec-nas0/pyc-research/compiled_evaluation_targets/usenix_test_set/python-3.10/21564/21564-normalized.py)
28. 21623-normalized.py (path: /syssec-nas0/pyc-research/compiled_evaluation_targets/usenix_test_set/python-3.10/21623/21623-normalized.py)
29. 21753-normalized.py (path: /syssec-nas0/pyc-research/compiled_evaluation_targets/usenix_test_set/python-3.10/21753/21753-normalized.py)
30. 21984-normalized.py (path: /syssec-nas0/pyc-research/compiled_evaluation_targets/usenix_test_set/python-3.10/21984/21984-normalized.py)
31. 22019-normalized.py (path: /syssec-nas0/pyc-research/compiled_evaluation_targets/usenix_test_set/python-3.10/22019/22019-normalized.py)
32. 277-normalized.py (path: /syssec-nas0/pyc-research/compiled_evaluation_targets/usenix_test_set/python-3.10/277/277-normalized.py)
33. 3535-normalized.py (path: /syssec-nas0/pyc-research/compiled_evaluation_targets/usenix_test_set/python-3.10/3535/3535-normalized.py)
34. 4590-normalized.py (path: /syssec-nas0/pyc-research/compiled_evaluation_targets/usenix_test_set/python-3.10/4590/4590-normalized.py)
35. 4591-normalized.py (path: /syssec-nas0/pyc-research/compiled_evaluation_targets/usenix_test_set/python-3.10/4591/4591-normalized.py)
36. 6584-normalized.py (path: /syssec-nas0/pyc-research/compiled_evaluation_targets/usenix_test_set/python-3.10/6584/6584-normalized.py)
37. 6937-normalized.py (path: /syssec-nas0/pyc-research/compiled_evaluation_targets/usenix_test_set/python-3.10/6937/6937-normalized.py)
38. 7096-normalized.py (path: /syssec-nas0/pyc-research/compiled_evaluation_targets/usenix_test_set/python-3.10/7096/7096-normalized.py)
39. 7865-normalized.py (path: /syssec-nas0/pyc-research/compiled_evaluation_targets/usenix_test_set/python-3.10/7865/7865-normalized.py)
40. 8155-normalized.py (path: /syssec-nas0/pyc-research/compiled_evaluation_targets/usenix_test_set/python-3.10/8155/8155-normalized.py)
41. 8559-normalized.py (path: /syssec-nas0/pyc-research/compiled_evaluation_targets/usenix_test_set/python-3.10/8559/8559-normalized.py)
42. 8709-normalized.py (path: /syssec-nas0/pyc-research/compiled_evaluation_targets/usenix_test_set/python-3.10/8709/8709-normalized.py)
43. 9034-normalized.py (path: /syssec-nas0/pyc-research/compiled_evaluation_targets/usenix_test_set/python-3.10/9034/9034-normalized.py)
44. 9230-normalized.py (path: /syssec-nas0/pyc-research/compiled_evaluation_targets/usenix_test_set/python-3.10/9230/9230-normalized.py)
45. 925-normalized.py (path: /syssec-nas0/pyc-research/compiled_evaluation_targets/usenix_test_set/python-3.10/925/925-normalized.py)
46. 9684-normalized.py (path: /syssec-nas0/pyc-research/compiled_evaluation_targets/usenix_test_set/python-3.10/9684/9684-normalized.py)
47. History.py (path: /syssec-nas0/pyc-research/compiled_evaluation_targets/usenix_test_set/python-3.10/13b8cb14ce707c439c4244b014ed15d022c38b2406176984ea46ef08d2454842f001122d7ff6a3a3c5f52d1e1b1614885366cd3e8153589c97f43056b3747fd1/History.py)
48. IRAF_Reduction.py (path: /syssec-nas0/pyc-research/compiled_evaluation_targets/usenix_test_set/python-3.10/40820f844d9c624e8c3e0777bbffa3586f7597a9886acb295d44f10bb05ffa5e5b288afa1af23d6b466c0392111a9e76008feae9ec48d97b604c70835bb059f6/IRAF_Reduction.py)
49. LogicOfflineJobFakeBroker.py (path: /syssec-nas0/pyc-research/compiled_evaluation_targets/usenix_test_set/python-3.10/77928dbf85509050a834af1c46270cf4c92786efe338dfdf5f8e95a11260ac6468db2ed004b375bcee30fead1fe3bc718ff2a39b961e94f179a36ddff253a308/LogicOfflineJobFakeBroker.py)
50. Memoize.py (path: /syssec-nas0/pyc-research/compiled_evaluation_targets/usenix_test_set/python-3.10/060f62bf756ea872b8bf82ff6383cc10f2cc34c3d1d621767dc72d3662b6df9ad76b6656197524fa8dc4bf118cc24399aadd9e7886be8fc5b5c23059006b27e5/Memoize.py)
51. PackageMetadataNodes.py (path: /syssec-nas0/pyc-research/compiled_evaluation_targets/usenix_test_set/python-3.10/aa28ef4e8bd5a8322fa87f7b2a7e1e5e8e11f735433c70707c7251678f51ce5110fc7710727833e5f615d92386a41f91da687c9cc73b68f64cacfbc19996b5ab/PackageMetadataNodes.py)
52. RET504.py (path: /syssec-nas0/pyc-research/compiled_evaluation_targets/usenix_test_set/python-3.10/daa8ceb4f6ee0a3c4242b80c8b6dcdeed62906ff241c3e671a00941d43f33f4605b9b15571e89644d3d66c18f98b3c16f842c28b88b4e40f8d6770dd578dbc0c/RET504.py)
53. RET506.py (path: /syssec-nas0/pyc-research/compiled_evaluation_targets/usenix_test_set/python-3.10/cb2fc17a7d73f974fce7b2bc9687b5b2e9c9e520fb43e7c67d50f5cd4e8bc335114bfe90f36fba2730a5b12acc7bee7c819768cbfd0b94379e320b4009973d88/RET506.py)
54. Service.py (path: /syssec-nas0/pyc-research/compiled_evaluation_targets/usenix_test_set/python-3.10/928e6c3d406b699bba6f7d4f1fa0611af093251b6983d250b37f8b92ff1e6114723bc3295389b311444398b93d8e4f644904766fb9845d6c3e4d9e3a69fa7b96/Service.py)
55. SharedClassNameHandler.py (path: /syssec-nas0/pyc-research/compiled_evaluation_targets/usenix_test_set/python-3.10/80b4ac8699da09e9a43ef5d017c089f021aa1049dfc3a5a5b57591cfd5948394aa387e180aaf0845a7d9c309576b47e6ba0fb9578ed505a283791417d4c5334c/SharedClassNameHandler.py)
56. Utility.py (path: /syssec-nas0/pyc-research/compiled_evaluation_targets/usenix_test_set/python-3.10/0931ff8871d5102275e13c7fa4e6862c4beb1f833a1fc3ccb8853e332365dcc61ccafb29665fc97afa34cd92d1206bbf39a601fd7c697079f13d4ebce703d9d7/Utility.py)
57. _tecplot.py (path: /syssec-nas0/pyc-research/compiled_evaluation_targets/usenix_test_set/python-3.10/daa808fea7126e59be15232f00cd2be3503b9b4e29846cd31686949888c3b67ee95988d445c781d9c1cbffefd4007a2b4f18e755cdbb54da4492e72c2c994766/_tecplot.py)
58. _utils.py (path: /syssec-nas0/pyc-research/compiled_evaluation_targets/usenix_test_set/python-3.10/be14d8440d5c4d6defa281cf2d318dfce2aade28b5f5904f84388bd6c301dc42a086ac57eabbde291771e98203fd11942b4f64da4ef837a811f7280faca3b793/_utils.py)
59. api.py (path: /syssec-nas0/pyc-research/compiled_evaluation_targets/usenix_test_set/python-3.10/2a0ccc1345d0427799bcf03cec237c5d3f9e2603282b2c159b4ac4b1fd818acbcd9dfcb44f4193a2c48565724f04637596a2c8f3924bda27460ae1ada892adc1/api.py)
60. app.py (path: /syssec-nas0/pyc-research/compiled_evaluation_targets/usenix_test_set/python-3.10/c0649bfffa482217fb6e9d7af7303bc114931737ac86c12d22fad5176ba12464d052fa2a94bb70c42d910472d7d1936c22996c1d410aeb2dc3b52d5478364670/app.py)
61. base.py (path: /syssec-nas0/pyc-research/compiled_evaluation_targets/usenix_test_set/python-3.10/f8ea39dcd4f6e91b8dc21c66ed5504f104b3d2ad29c8a66d40be164e1b1ad2e932a422db60afc183ac9220ea0f2292088bb0907ca999746f654da7816aa9807a/base.py)
62. base_preprocessing_layer.py (path: /syssec-nas0/pyc-research/compiled_evaluation_targets/usenix_test_set/python-3.10/45c80b04e62ce0c6caceaced3e44de604415046de4b2404d1498d4e4bd823a6519eb6f7624e99123c120b9e1849ec817b9762bd23b03a59190b04a22b6e2fdcd/base_preprocessing_layer.py)
63. base_resource_value_check.py (path: /syssec-nas0/pyc-research/compiled_evaluation_targets/usenix_test_set/python-3.10/a1ce56d2f7fac1d19e84d45b710b9942638ade0a80220017f7b90d61a65bc47538620a76b212e5bd0c46e3b37a51c8161e3d3a2d56c2973cbb3f79fe882e807d/base_resource_value_check.py)
64. basecallbackendpoint.py (path: /syssec-nas0/pyc-research/compiled_evaluation_targets/usenix_test_set/python-3.10/281a9998479afbf4e802edd613b0721cab992247d06c6bbc0f19ff9b21e5163cb0c4d8d60f9bd12068f6b235764ced9df8bdaf8eed64a1f73003240d9a54487a/basecallbackendpoint.py)
65. bezier.py (path: /syssec-nas0/pyc-research/compiled_evaluation_targets/usenix_test_set/python-3.10/7b1400a6460c531bdfc7a0ae0bc5729896e5f191f499c002eaefdbe6cd39167dd4f0df909f4b1484a1afc631a69cdddb94d0197659a154d0670cbe5250efda08/bezier.py)
66. bitstamp.py (path: /syssec-nas0/pyc-research/compiled_evaluation_targets/usenix_test_set/python-3.10/3747e3daadaa1940627048915cfa861a2d27476abf1d7ea34421d27fa861b4b85ea403c90e18332673589558523f762200d0d0ae6af7ab9dcef3b633dcc0b17e/bitstamp.py)
67. build_tracker.py (path: /syssec-nas0/pyc-research/compiled_evaluation_targets/usenix_test_set/python-3.10/5115847d368b223bd927eb62852aa5076c6616290c845016f0a1a9be890b4111873fc699ae3589d0ebe2b47859653c529f4c72fcc5e8b34a4cead7c40e927189/build_tracker.py)
68. build_tracker.py (path: /syssec-nas0/pyc-research/compiled_evaluation_targets/usenix_test_set/python-3.10/55375049be521005e898649efda0e3f8d8a821160644b25eefd0e42c17028eccee76917de135a0059896ced0de4bf4d68cce42e0adcd1b8910bf05f143923142/build_tracker.py)
69. cache.py (path: /syssec-nas0/pyc-research/compiled_evaluation_targets/usenix_test_set/python-3.10/a67c49030ac038ffcc65765bff78c774cd4c7736de936c3984bb5a294435449a0e772a2f0292546ab764e72c809fb87078bf20ecb5af626f382031e0eeab7659/cache.py)
70. case.py (path: /syssec-nas0/pyc-research/compiled_evaluation_targets/usenix_test_set/python-3.10/4cf1f7aba324aa0b14ac982a64b415d45039253858665b9794e798b7891266634bd8fb41aefbd80f09e7d2af1bf2cec61b2c084299195fc5af67d120c153badb/case.py)
71. chain.py (path: /syssec-nas0/pyc-research/compiled_evaluation_targets/usenix_test_set/python-3.10/36fc5f3ce4d77f845f23b65d158345a408f0210cefac81cb20bc7e1a7b9e97df313b14299076a74fcb462ac224c233052b8e4f87eb8830aa2b1020943038dc08/chain.py)
72. cli.py (path: /syssec-nas0/pyc-research/compiled_evaluation_targets/usenix_test_set/python-3.10/9ad9863385ac47f039280281429d855407ec370909e93542d2d95f5dbfcbb35a25e81abfce88f28d70a5de6c12895690879cfaf811dc0aaf4646c2d3da8e705d/cli.py)
73. client.py (path: /syssec-nas0/pyc-research/compiled_evaluation_targets/usenix_test_set/python-3.10/8620392e2370c75c01b59a0c69ffd376d2e4cda1ad91e8a99cc9ce2f90ccda6c04695ae124e213a2996e4a1447e0db364bf1b3dc49322bab36d9f219cdc21956/client.py)
74. code_parser.py (path: /syssec-nas0/pyc-research/compiled_evaluation_targets/usenix_test_set/python-3.10/9ddd47cc1e10f1a824daf3bc99774025e5cf2cb4eef4809994c12f6f4a22b0dd546a34758940620ed1edef9adb846a9e154768eebc08a9b4cb85421f638e9296/code_parser.py)
75. commandline.py (path: /syssec-nas0/pyc-research/compiled_evaluation_targets/usenix_test_set/python-3.10/e4baab9d53a0440a7231f4210b1851570df8c464bdb54f117d055ad9ce41268fd2244015848e6826ff63ad3fc31fa6b4be9efd1911035790a869dd90b40c91ef/commandline.py)
76. common.py (path: /syssec-nas0/pyc-research/compiled_evaluation_targets/usenix_test_set/python-3.10/437d13e9263e380d41d8334ea865d824c2c44cc26f00251ed6c025fd5379ba54c5c96c4c422ff48e0099a3d29c3e99188a964d32dd6a18b9c9859b7605e7df9a/common.py)
77. connector.py (path: /syssec-nas0/pyc-research/compiled_evaluation_targets/usenix_test_set/python-3.10/2528008aeab264799b209b3596cf9682d3ec9611689e335da62937a441e6a1446281911fdb1005aeeb8b5d49b5bbf7856257ac64fe3b544697b7a405fa9d6f44/connector.py)
78. couple.py (path: /syssec-nas0/pyc-research/compiled_evaluation_targets/usenix_test_set/python-3.10/1c2e7400dab3032fd2ea847f1736fa763617f0523e3f9f71231c972a4270bedde7633be4cb5b38eb66b0c515577c98b239a1d05ca0091910b9e11c7a8396bcdb/couple.py)
79. current_thread_executor.py (path: /syssec-nas0/pyc-research/compiled_evaluation_targets/usenix_test_set/python-3.10/24704292332390a07da4ee413618bbaf845893f062376a22d2e7ad5da8232ea53f0e60e3333e47377217cce41963e45a2e58e4b7e4b497a93abb876866262fba/current_thread_executor.py)
80. data.py (path: /syssec-nas0/pyc-research/compiled_evaluation_targets/usenix_test_set/python-3.10/bbd9a57bf96727f0ea92157a0b00247a96ab090c2ebefe145b475698cdd41d0601a9ee4b6c254928098dd86f351fa5adf06d5c5bc06628739631fa63f8c1c67b/data.py)
81. datacls.py (path: /syssec-nas0/pyc-research/compiled_evaluation_targets/usenix_test_set/python-3.10/fdd2adc8c14adc1838e5c283a4fa1e52272e96f1c1b1092022be292bd94b15172a93ad8437447847876ae76376d3618c5988bbd0f811e53741794885d9bfb04b/datacls.py)
82. debug_executor.py (path: /syssec-nas0/pyc-research/compiled_evaluation_targets/usenix_test_set/python-3.10/1c982d7cf62dd95bb8bc462006e7e2a777821a12cdb401d7b4639e0d08898fed4848eff0ea8d86c24483afa07af0a6128b93e683286da7f992918024887d59cf/debug_executor.py)
83. deephys.py (path: /syssec-nas0/pyc-research/compiled_evaluation_targets/usenix_test_set/python-3.10/3a2b3ddc588c54d1f30a22b1bc3927300690106f0c1423b7f26c7e3e473b7c96a2b9b724d734aeb4c1762735d980893c0694885ebbd76d246f96c9595551c092/deephys.py)
84. delivery_shipment.py (path: /syssec-nas0/pyc-research/compiled_evaluation_targets/usenix_test_set/python-3.10/306cfcc590c2813b9d6af74a9fd73e3a42cc8d1fa28f8087e74bcbefcab98b73a921d2385c29416b3422b1fa0417c3bab27fe2bd46f55529910f56fd61d643c2/delivery_shipment.py)
85. distill_model.py (path: /syssec-nas0/pyc-research/compiled_evaluation_targets/usenix_test_set/python-3.10/960985c7822e36b97af032a9d67e25a710ce8843a53450f95cbca67281b6ea1a15f882df028d455be1b23f590027d44c2fca3e2b5f97e45ddf95193340f6c1ec/distill_model.py)
86. distribute_utils.py (path: /syssec-nas0/pyc-research/compiled_evaluation_targets/usenix_test_set/python-3.10/e18f25d363de6e40cc4bb03fada36ec13766bbafff03731ea3ec15a7ad7cb0b326952169fc291d0aed8dca9b7da5ec4b8e636e729a998c59087a5ffdc92fd92e/distribute_utils.py)
87. docks.py (path: /syssec-nas0/pyc-research/compiled_evaluation_targets/usenix_test_set/python-3.10/92f870ecffb356e3221d62ae250eaf05bb578eadd093817165e9ad1356dfa3c3bb39c350fd2032ae158b85b94c1798af100f4ebbf9d01116a47a60dae83ad0c3/docks.py)
88. document.py (path: /syssec-nas0/pyc-research/compiled_evaluation_targets/usenix_test_set/python-3.10/a876711910f48c1165df1ee3a426add5f343a09dc25bf1ce1ed70080fb5415f03a5f4ec353cccd073c454bf0b877aa79c02a4fe76f5d53511ce8d6cef596becf/document.py)
89. draft_diff.py (path: /syssec-nas0/pyc-research/compiled_evaluation_targets/usenix_test_set/python-3.10/2105618ea46731051e7137a687fbe7ecc3b9864a715ab0cb0907e6ce43d8f71ddbd8f10f26a064e0b12179687451d588607d82360d2ffa5f27fe9bcbc3f4c8a0/draft_diff.py)
90. ecdf.py (path: /syssec-nas0/pyc-research/compiled_evaluation_targets/usenix_test_set/python-3.10/78cbb1efa93ae2d758d6e8a88fe029601ebf9305712c5f055f4a61b74e6608bd49ef49e409ea4d202b51c92272c3ec719ccafee4db32b801ee10e0e337cb8155/ecdf.py)
91. email_auth_plugin.py (path: /syssec-nas0/pyc-research/compiled_evaluation_targets/usenix_test_set/python-3.10/d631d1141184e84dbbb2d277d2e25b7e3cef27c7b6518a367f12540d21c20e835bc9cdf06e3b4a383d34b21063775c3a09553194cca99f8ce44353deff0592b4/email_auth_plugin.py)
92. eraser.py (path: /syssec-nas0/pyc-research/compiled_evaluation_targets/usenix_test_set/python-3.10/28088324b722273289a171bf5d8e5a5a9a5e4d55cfed92f3c8abeb36498896cd6fed008db09bb082f69932ee7214cefcedb232402147ccd8423666a6499a921f/eraser.py)
93. events.py (path: /syssec-nas0/pyc-research/compiled_evaluation_targets/usenix_test_set/python-3.10/32da20fafeba008e3d5b73b0608d811343b6008645ebb446515adbf8f0b4f830629dd7bc310ce32934d02f08386481ba6fcbf0ed8a3ccdd267b52c643f03f3b6/events.py)
94. gen_data_rft_export.py (path: /syssec-nas0/pyc-research/compiled_evaluation_targets/usenix_test_set/python-3.10/9cfe6aee9d4c591a05d9ea95504635381a703a673c49e29b590bf0fae205c5e832af155d0cc774cfa88abcc0919434a80251e2dd2e62e2dbca011b95868fc52c/gen_data_rft_export.py)
95. gerrit.py (path: /syssec-nas0/pyc-research/compiled_evaluation_targets/usenix_test_set/python-3.10/af337628c2908249af7d945563ae4310623f81a3e22f2da5682395e81c858bd5754e0eca8891319677b70035f7bf163333b9da2fef91f300464e6de62bbd1c6a/gerrit.py)
96. hourly_market.py (path: /syssec-nas0/pyc-research/compiled_evaluation_targets/usenix_test_set/python-3.10/930b3b7b0230241cbac45666027779601d88fcad4bd9a001487fbc951fa95860efb7efb9999a332544b02657b26f853ed37b745a28be7db7bebbeaebd41caa22/hourly_market.py)
97. html_embed.py (path: /syssec-nas0/pyc-research/compiled_evaluation_targets/usenix_test_set/python-3.10/9a17a5d98270642bcdc7df83843bfc3c70cf64dad5bc0dcd755956873723fa289e63e3c34f677b1b2e3ce0daf53ca7c7f257954e79d05d3a53f8824dc2607310/html_embed.py)
98. iam.py (path: /syssec-nas0/pyc-research/compiled_evaluation_targets/usenix_test_set/python-3.10/5c18998e99a71f26959cac3f1bda5d4480752707c3fd70f13cc1ae21c71f49a8e5557ea1786822f592947575b58aa5da131fda478d22cd25a22aedd1585958e8/iam.py)
99. input.py (path: /syssec-nas0/pyc-research/compiled_evaluation_targets/usenix_test_set/python-3.10/4f48007ebf96ca10c41a087e282a16fcabd4e668a1d85dd47fa5d4979b463788f22eabf524017ad5ef3167c52856dcf02a52d95cdbf76aac8c440b1176902749/input.py)
100. jaml.py (path: /syssec-nas0/pyc-research/compiled_evaluation_targets/usenix_test_set/python-3.10/257694b5f0e74171e032642d0c8bb515b76608972c7bd4767f1ff9061a3b9d5668f762e1cf50b262cd8f2eefbf974610fc997b82826ba0108b27f222c95c66d6/jaml.py)
101. job.py (path: /syssec-nas0/pyc-research/compiled_evaluation_targets/usenix_test_set/python-3.10/725e2f198c267e8eed07dee213c2fa0c5ac6d0cfe2749a2d68ab19990cb2dabf02cbf0579e55d0952205354f66f8aaa5bd4e9682d0d168ab455fbc2947040cca/job.py)
102. job.py (path: /syssec-nas0/pyc-research/compiled_evaluation_targets/usenix_test_set/python-3.10/82eec94ca7098abfb0066b6bd225c11bb4eecd18c9f4cffd42b6f1ccafaf452005d2e1b8a85faef6d2d1c27bff26798fdca9a09b0792f3fe38c40c5fb2ef86ff/job.py)
103. keras.py (path: /syssec-nas0/pyc-research/compiled_evaluation_targets/usenix_test_set/python-3.10/7c8c1e60f94e9fceebb95b119b33914485a7c0cdb829881cfaaff7d7faaeef9b0af8a986d9afcff85be4c4009d3bf5e655a9761102f467449205aab947b1affe/keras.py)
104. keyvalues.py (path: /syssec-nas0/pyc-research/compiled_evaluation_targets/usenix_test_set/python-3.10/3e2f6916afc2d8c43cb25a6db0418a3aedb662e3566aa6f085912e3460565ee21c92a430d4f67599a4a1e2c7e4d452180eca112113ebe7048c9e642baccdbe77/keyvalues.py)
105. lex_attrs.py (path: /syssec-nas0/pyc-research/compiled_evaluation_targets/usenix_test_set/python-3.10/459ec14e28556c899ee002ca5285bb361771e43295f962834ee033d6ff6e233a5d8022448be859cea9c7d033b30ac1967f95f46f33290d926e39139d6411549b/lex_attrs.py)
106. lib.py (path: /syssec-nas0/pyc-research/compiled_evaluation_targets/usenix_test_set/python-3.10/fd5686194ffcff6fc29a1d74be29e6cf119d3594bf5befd8c60fb20fd5f566dae253d57a353e45755e55cd22fa0abd29392c03764a759b587b484dded3bbabcd/lib.py)
107. linenotify.py (path: /syssec-nas0/pyc-research/compiled_evaluation_targets/usenix_test_set/python-3.10/722ca3e81041928fcf9f9995790128538e01184e8f7ff90a0ed80563ea2b915f774afbfabf97ff296ebb826e74545af089c3828a4e2d45145d85317bd8bfbec4/linenotify.py)
108. loader.py (path: /syssec-nas0/pyc-research/compiled_evaluation_targets/usenix_test_set/python-3.10/165996b4d7e08724204ddcb904ab832bc1eccadd66fdd294457ea9fd8d98b98cb19da77ded96548a4a46c089967413123231d356f9fad2f61cf572afa9c402ae/loader.py)
109. local.py (path: /syssec-nas0/pyc-research/compiled_evaluation_targets/usenix_test_set/python-3.10/16baf36c42b094aeb40740736d1017a73775fdb7c2d857bc09fad246fd8adcabf85df2780c42d08789fc40a34b3ce2f1c0ec32bcdc2e9340a25aad3fdb546623/local.py)
110. logger.py (path: /syssec-nas0/pyc-research/compiled_evaluation_targets/usenix_test_set/python-3.10/9d702b853334aec7447382d42a3597b757694d047e9943dfc9584de0f4cecbd70e0441016435605e645d69001de850fe8793a88d82089665eed18e304c69fb10/logger.py)
111. logutils.py (path: /syssec-nas0/pyc-research/compiled_evaluation_targets/usenix_test_set/python-3.10/3e7985a33a9bf832150530304d7143312b903c08ffa93d0fe4b453823b7b919b158ef2d3ca885f118ae01c7dc54a595c7ff7043712534cc86b21f1e60f86e25d/logutils.py)
112. main.py (path: /syssec-nas0/pyc-research/compiled_evaluation_targets/usenix_test_set/python-3.10/588a95ceeaa46f2fb7b3e6ea3adea17489f263714a64e73aed23463ce327de1c3821e1ce20792860ed486dfd2c989009d5c9bace8f7137565d692bdd8fd44489/main.py)
113. matrix.py (path: /syssec-nas0/pyc-research/compiled_evaluation_targets/usenix_test_set/python-3.10/291705bb85cb8bac967f26006b69a65c36748d1a67b9acfc5a3366d148fad9d3c15e889e284117ce725b2d4b58e21a1dc11bb112cc3ca92eeb3181dbbfbd6749/matrix.py)
114. mobi_index.py (path: /syssec-nas0/pyc-research/compiled_evaluation_targets/usenix_test_set/python-3.10/07d3fd18079d225d57f7f864b6382cc4d34b99d25d73da78f55ee5397d8c59013f4592a53783c6a719d7cf885ac001681ee74df0dfb8749ba70a365977dbd67c/mobi_index.py)
115. modules.py (path: /syssec-nas0/pyc-research/compiled_evaluation_targets/usenix_test_set/python-3.10/87b4ce37abb18749fb4635c80ead9de60098a047b9689f9e192fdc88582342bc221edc4504ba645d322686a2cf048f5f2141d2c3d5b109463c8d7a2efc222bb0/modules.py)
116. moving_averages.py (path: /syssec-nas0/pyc-research/compiled_evaluation_targets/usenix_test_set/python-3.10/5e987afb11bd4ae69a5dd7f45890fb820465d5587adf04738020ab01294e8ad6102cdf281a2f7d4c61f3893341c3adfbf7c95233d522cb35b5266baee1dbf45a/moving_averages.py)
117. mvr.py (path: /syssec-nas0/pyc-research/compiled_evaluation_targets/usenix_test_set/python-3.10/338c185438eca62b9d5f0028ff363d09ef6ea45b1e0688dbe8de35704c05252584076f35e2870afbc6afb903e6239a44f2f7b1863111851cec4e9348735a9879/mvr.py)
118. neo4j_helper.py (path: /syssec-nas0/pyc-research/compiled_evaluation_targets/usenix_test_set/python-3.10/66b1d338cc1b003363c6f3c85791ac64574b3817f625e0e630b2a2d78b70c9c00ac920ade08e19191145fa3ef6cf23663c2b88466ca6aa1b2fb407e81a1f998b/neo4j_helper.py)
119. note.py (path: /syssec-nas0/pyc-research/compiled_evaluation_targets/usenix_test_set/python-3.10/a1652820b22683af8caf56be1c218a81fb1ac541dbe6aba2406b2b68934c413e7944580e43cb2a39cc212bf6037e6d259320236590f4cf46d573ba9c15a3d597/note.py)
120. numba_.py (path: /syssec-nas0/pyc-research/compiled_evaluation_targets/usenix_test_set/python-3.10/155f5f35e9a1427c525c705bc9dfb50e075b378eba64d9738eaee390e35c7e68ab7cdbaa6d66f082af623e0ab1afa7c80d8a71ae82772d51602d9047ba876675/numba_.py)
121. oauth.py (path: /syssec-nas0/pyc-research/compiled_evaluation_targets/usenix_test_set/python-3.10/34e5a3c6d433e051c9a38c55c4db1a9aa7e5f5169adfec2d3641fb001ce7744760a84374d81905c255fb3b98e388802143cf1c9ec05af0a0b0df35cd2585b022/oauth.py)
122. ocr.py (path: /syssec-nas0/pyc-research/compiled_evaluation_targets/usenix_test_set/python-3.10/f304e8c9963de2601e7a283b78bc4e43c4c70ab961a743dfd02323453e0894c1a019114174972eae9d6cbd839566644b3bd9e1d0a2c2822f7782156423cbdd9c/ocr.py)
123. pkfont.py (path: /syssec-nas0/pyc-research/compiled_evaluation_targets/usenix_test_set/python-3.10/3bcbd7e8376302af4aa0a0d664b6938a04821283b48aae124137ead2efa508ed6da8b5b8675977696a51701220532aed5872e5ce708df2f6932bc188dba8c8c8/pkfont.py)
124. platform.py (path: /syssec-nas0/pyc-research/compiled_evaluation_targets/usenix_test_set/python-3.10/b9abbf8bfb32a6e79a5d2214682818f8615bb9efd4ab25bb42aa1e5721bb592f232e494b3914c0a4ab94f6e94a6a764312c398ed7bfe650afd127630abd6e635/platform.py)
125. problem_specification.py (path: /syssec-nas0/pyc-research/compiled_evaluation_targets/usenix_test_set/python-3.10/cbed7605b8f71582bd7b77dbb2a84c07be7253d9cc52240ad342aea291a631183d67a71796d3be9a7b1882f4b0e009c7a611d70b974183656921b269010ffbf7/problem_specification.py)
126. processors.py (path: /syssec-nas0/pyc-research/compiled_evaluation_targets/usenix_test_set/python-3.10/887e1e40d9eec30b7a390ba280e1d05d2fe026c02ebc4bf76a151487292c6b4bfdacf49762b8a4aaf4641c416e39598bf3cd38bfbe02fa447b6d40a253a2922f/processors.py)
127. rhn_register.py (path: /syssec-nas0/pyc-research/compiled_evaluation_targets/usenix_test_set/python-3.10/37c17a3b463308f0d784166da16763b4f727415e11decc5bcc98f4134731abb14d9e38aa5962371cbfbcd7d45e2e3ecb71968a744658b3090a31fdd3316d51ac/rhn_register.py)
128. roi_align_python.py (path: /syssec-nas0/pyc-research/compiled_evaluation_targets/usenix_test_set/python-3.10/ba335f7f6571c7b40d59916d66b8f4a3a77b25cdc5a9f81206968aec28241f15cc1afffd923dfd59eb626a839c432b68882d97af13bc750a5d0b1c2693f23303/roi_align_python.py)
129. rubric_list.py (path: /syssec-nas0/pyc-research/compiled_evaluation_targets/usenix_test_set/python-3.10/0e2c186d483bc03fe38a228a76d6ec80c855501f2e8e2de22d82db28415bac0e8a74596857983e2bf5e5e7c2a869e0bec25816aaa8eb913a8b77cb9d659a5563/rubric_list.py)
130. runtime_environment.py (path: /syssec-nas0/pyc-research/compiled_evaluation_targets/usenix_test_set/python-3.10/8d724abf881bfd7b9ec1fad4690d3cfb7561a21912fb6a22a010b98d8000e38d9991888338e451251ab7fc18883cf6e363512606746169f743b3e6d12fc2e4a0/runtime_environment.py)
131. scaleio.py (path: /syssec-nas0/pyc-research/compiled_evaluation_targets/usenix_test_set/python-3.10/4d07fe7c2788787c191dc6c0f3b10427dc0b48873ac5a191ce59d5fbcf908cd58faf388eef473e8aa926c36ab40b99a28c035c8ef362682eb1456369678a23e7/scaleio.py)
132. schemas.py (path: /syssec-nas0/pyc-research/compiled_evaluation_targets/usenix_test_set/python-3.10/045cf9f46846d988ada51284223e1d0d233ad2ac09fc1d0cf392d1dbc2e30d159a06b89b73f43150a5da1807588891e22fd3947981147e946a0e862617e06fea/schemas.py)
133. scraper.py (path: /syssec-nas0/pyc-research/compiled_evaluation_targets/usenix_test_set/python-3.10/0e2dcf37b136fdd356252318ab1801544f5681038dfe56408f910646f38425a6dfdfa6dfe65d396918c9075fde11e35de965a33e567366555ee34276f1c4396f/scraper.py)
134. server.py (path: /syssec-nas0/pyc-research/compiled_evaluation_targets/usenix_test_set/python-3.10/1e7373a3896f1c6f1a4cd0657eebbe39ecb090327c961342f3e83faa839ef13c006c0c46b9f9f069e58f97ae49724c6d1064f68c0e20d17af2c155fe0ca7900c/server.py)
135. service_models.py (path: /syssec-nas0/pyc-research/compiled_evaluation_targets/usenix_test_set/python-3.10/f8ff8a3d1f1873b2d92156da3def0e46fa27a508e91625c64c6d846567b9616e470a8dbe727c60c6d36e133179ee0801f972cc1e3f8a94b0c21cbefd08b2214e/service_models.py)
136. smile.py (path: /syssec-nas0/pyc-research/compiled_evaluation_targets/usenix_test_set/python-3.10/0c9652850cb4fe233734237d6ba0abf74354ab53971d2da9aedc999b4db32564dc38d07e9e034e258a3b2ec577d82660bee76c02a3bd047f179f1534f6c6b896/smile.py)
137. smoke_tests.py (path: /syssec-nas0/pyc-research/compiled_evaluation_targets/usenix_test_set/python-3.10/c0027c9c3689082f216887cf5340e6f490ee5feb76f0fff92b4d5ea51a0e695a66fbdf30fea1c5aa844c8857a7b134843523a546b1b6c7f88cdc5e3591e627e5/smoke_tests.py)
138. sobol.py (path: /syssec-nas0/pyc-research/compiled_evaluation_targets/usenix_test_set/python-3.10/38291538b4b7da02a6e99643c67bfc94d7ce3f7ee82d4bf4b0ea69d76d0de02958ec11c6905542bbd7daf81b8ee3d4e809e745bd460d82f87f74e6b15d108160/sobol.py)
139. source_util.py (path: /syssec-nas0/pyc-research/compiled_evaluation_targets/usenix_test_set/python-3.10/f80a6267c6a80d36c4fe4057d0a453fc65f9f47bc5c517c667a9983f4baf27c034e7fc0060d4e5bb394f24ef1e173857c381c42b7ece33ecc4143c2902485525/source_util.py)
140. static_env.py (path: /syssec-nas0/pyc-research/compiled_evaluation_targets/usenix_test_set/python-3.10/0fa7da710e6e84fca83d9e4933d0c4b1e3b2409e7c8fede389ba25747fcb5df103840fdd0ac3a3cca65936436015885de8703fb92e98b2049b7c474ce8bb2caa/static_env.py)
141. stop_on_threshold.py (path: /syssec-nas0/pyc-research/compiled_evaluation_targets/usenix_test_set/python-3.10/7fe0e2a4c385bbd70ea090e4694ad1f302c43c66fcf542c394c91493580c5e95f56b45ad7101943de369acca6287c2f6cbb288c91ddcfc1fa87f3172bd6d0ee1/stop_on_threshold.py)
142. story.py (path: /syssec-nas0/pyc-research/compiled_evaluation_targets/usenix_test_set/python-3.10/4cf31b0d60ea94e9f6b3e6446e924a16b560a2e85dce670aba2ed892971ba705f1f382e5ae1fe25fbb212f9826087f524a358040837c5817e553d73be768d2ec/story.py)
143. tasks.py (path: /syssec-nas0/pyc-research/compiled_evaluation_targets/usenix_test_set/python-3.10/3598e2a0d13728524c29283f72eba01e6f01edc927ae21a0ba7ce6a6b52cf3eaeee9c366935f4714dc5761c46be5ddbb4d1bd11ed2868ca3a93686c311f58a5f/tasks.py)
144. tensor_shape.py (path: /syssec-nas0/pyc-research/compiled_evaluation_targets/usenix_test_set/python-3.10/ac631b69887a05f8b4027cefff3741658ad319d8e74985e18097700545662c03f2cee25feb0cce64683ad9043ab1134aaead421ff219bb48bd5caef7030e46ed/tensor_shape.py)
145. test.py (path: /syssec-nas0/pyc-research/compiled_evaluation_targets/usenix_test_set/python-3.10/eaed8a8991ef241cae8f5f8d6ffe5aa92d3cbf7a17879af3be14ab33e9af2b3a8c3092cf84b2a653f34ffed91bb7bf0cb98cffc70983b52c0c92e2c1205069da/test.py)
146. test_app.py (path: /syssec-nas0/pyc-research/compiled_evaluation_targets/usenix_test_set/python-3.10/a1d4077d542628b80d6e72199245104d83f0955819c870134a0e9028ecb0d89a24fa881c2f4a8f026e550683069b20b28a9169ae30e92ec60a67620595f1a848/test_app.py)
147. test_interactiveshell.py (path: /syssec-nas0/pyc-research/compiled_evaluation_targets/usenix_test_set/python-3.10/6e3d9a9879ba7a2f87ceea3267f6495367b6901a3a62ab5ca1956b572f732ea8e4bf764112443009e67106dee288707cdc74cb4ccb1de47f638407dc265c9690/test_interactiveshell.py)
148. test_interactivshell.py (path: /syssec-nas0/pyc-research/compiled_evaluation_targets/usenix_test_set/python-3.10/83e314413069dabc8f367d26ca27b3d278dd3d12328b9c09c76cf2718974c1f48af395bb25efb61a9463567baf007f3704856d83cdae80a94c507b4787bb8237/test_interactivshell.py)
149. test_paragraph_classification.py (path: /syssec-nas0/pyc-research/compiled_evaluation_targets/usenix_test_set/python-3.10/caebd3c9d94768b108c0caa360745d3a0816ed8958586bd7b781c294fe632355b8d099b4810d206c700c188d2ee8eed0efe284151e14ce37799565353bb51517/test_paragraph_classification.py)
150. test_remoteconfiguration.py (path: /syssec-nas0/pyc-research/compiled_evaluation_targets/usenix_test_set/python-3.10/4d7abd0c76946d10fc1d5532a0ef60898de3ad959429099eabb92a8b579044e8cc1676bcf97694e025106c97706ac33b61b8b23baa9aa128a687d3d5ea40bee0/test_remoteconfiguration.py)
151. test_repl.py (path: /syssec-nas0/pyc-research/compiled_evaluation_targets/usenix_test_set/python-3.10/8f1f36ad5203da22ffc220aded9edbbdedab0c550a814cff2c796415190cd08297619a9361429d58d7ec9aa2678d1337630337581dd406521a8811b354e80da4/test_repl.py)
152. test_script.py (path: /syssec-nas0/pyc-research/compiled_evaluation_targets/usenix_test_set/python-3.10/6c0b8b91347e2ee8afa8caa2f5ea75d7cef8c7490df71a868488aabcc7fb17a8a2c2fac4d38ac50ac231d9f7b6d80e6345d76b14e5eb3e089bbbeb1ebcafbe18/test_script.py)
153. test_to_csv.py (path: /syssec-nas0/pyc-research/compiled_evaluation_targets/usenix_test_set/python-3.10/e4601eaed1dc3007fa0e8f797fd240c624e2c79b72a7d51cdd19e23bc9cf263c62bd6470f19971137234e4dd07af2f86f0f1c7f35684c36d36a621e56da80f32/test_to_csv.py)
154. test_unsatisfied.py (path: /syssec-nas0/pyc-research/compiled_evaluation_targets/usenix_test_set/python-3.10/129e09ce052ce8ceb45f1a11e6b821c207878b69b69980a745c2bb2099d28982a796fdf1b4c114d217eb95d12ac24486fc4f621e4e548a81f2e9d7c6d2c14995/test_unsatisfied.py)
155. tests.py (path: /syssec-nas0/pyc-research/compiled_evaluation_targets/usenix_test_set/python-3.10/a00a64c819b921884ee3514bb1fe497270232d354cec7deae55196af001cd6e1454554afd781d8c16a19fece41bafef52acc05b2630126d309eb077a801f59b9/tests.py)
156. tests.py (path: /syssec-nas0/pyc-research/compiled_evaluation_targets/usenix_test_set/python-3.10/cb70a7a39536a80dd8c7e8798093c1255c2dfa2e4574ca4d82a659a38614ce0c6f90c4b00965269523c5bd14438a6dcec4c094e039ee32c4f27c26a7338e7729/tests.py)
157. tf_decorator.py (path: /syssec-nas0/pyc-research/compiled_evaluation_targets/usenix_test_set/python-3.10/254c689ac47da6c3f3cb3866791e1ef398c610a944010f95afe45b1d3dca168bb5b790a1dd450fb5420ace468b65d0c2e1ec7e405472d869c8210304eef609c7/tf_decorator.py)
158. tf_leveldb.py (path: /syssec-nas0/pyc-research/compiled_evaluation_targets/usenix_test_set/python-3.10/d2fe40d06a6617cf9d4ae4e05b1d250c43e8b1983955a842bd18b5bc89911bdc7d27c9209f209a9e2a79635463117e398fff1007975233a6131de59086797c7b/tf_leveldb.py)
159. tokenizer.py (path: /syssec-nas0/pyc-research/compiled_evaluation_targets/usenix_test_set/python-3.10/12ce9242a1055a6b5a0c042e5efa554829d399194e4050148d88b585fb1f8f23e6828f65258e411e13ed10a33194b44edc23bd2889c493a6e86bfc60a8240eb0/tokenizer.py)
160. tracker.py (path: /syssec-nas0/pyc-research/compiled_evaluation_targets/usenix_test_set/python-3.10/2de1b380508d964b2cda7a1777cc1bc10c0b840475e712c992d605faaffdb1ce6f4d74e0b589e36c8a4c23f7ca8ff86b328d4ba7ea33cf093d27115e9f4155b0/tracker.py)
161. trtc_client.py (path: /syssec-nas0/pyc-research/compiled_evaluation_targets/usenix_test_set/python-3.10/bfd5e00dc7bf39ed6a1f712c3168601939da5e4e96717a43d676430fe177ecfd890bbd15661db5177e2a366926f6ef83d67228cfb714ed46d32baac6c13fb751/trtc_client.py)
162. type.py (path: /syssec-nas0/pyc-research/compiled_evaluation_targets/usenix_test_set/python-3.10/2a1cf45f9fe2ac350f041d0b3e18959401d0ae88489b01e73d65883c364ac78b050aa0b246b12cc5d69bb4dd536cbd605e7f765e9827205e204adae7459eefec/type.py)
163. util.py (path: /syssec-nas0/pyc-research/compiled_evaluation_targets/usenix_test_set/python-3.10/afd87882e5a6e9253a2fb57e4be76ee1f1cdc2cba28c76551f7ad6719c9fdd888d66a2940a2d3a0128dc91d88ac21928df34504500fd711aa4b86cf83d7db5d4/util.py)
164. utils.py (path: /syssec-nas0/pyc-research/compiled_evaluation_targets/usenix_test_set/python-3.10/1527730a6740d076746560df2b16254899131725c4bcdd88f9e1c71c227ecba13d9f950d5dc501736da4cd8d770dd5c6667ea5ab76d999afd110cab29c8b311b/utils.py)
165. views.py (path: /syssec-nas0/pyc-research/compiled_evaluation_targets/usenix_test_set/python-3.10/65dcd7d92349434f8db55212a703bd411ba49186a27e72ede217f105b2963ecd0dae6a65ce9205021747acfd1c965fede11343ac10a4d079b0b1a5f239de3353/views.py)
166. web_test.py (path: /syssec-nas0/pyc-research/compiled_evaluation_targets/usenix_test_set/python-3.10/a1c59c9625b86f0da697da06b3448ef66b84706e6bc4ce473fa0bf1b551666bbdcdba0ac537afd342923b5fbff5a3e7e54c5f7fa3972c59b811b43fdbfeda1e6/web_test.py)
167. wipe.py (path: /syssec-nas0/pyc-research/compiled_evaluation_targets/usenix_test_set/python-3.10/303e8be99b216abbe3f9482d4c24d29acda450872fd0e828ade8222fc3bfb170045fc03d08974107e89c6941b0c491cf3e20dfcb34f789696ec54af81054af3b/wipe.py)
168. yizhibo_facepp_compare.py (path: /syssec-nas0/pyc-research/compiled_evaluation_targets/usenix_test_set/python-3.10/49a0a745baccf20c88042529f9ebe4895a5af4dddb6459aca37dfe5b5990524caf929625bc3839d5557f092f189d487627d994aab65a90fcb5b827791e4841a7/yizhibo_facepp_compare.py)
