Total files processed: 4970
Success: 4548 (91.5%)
Total failures: 422 (8.5%)
  - Reconstruction failures: 211
  - Compile errors: 211
  - Runtime errors: 0

=== All Failed Files (Sorted) ===
1. 10067-normalized.py [RECONSTRUCTION FAILURE] (path: /syssec-nas0/pyc-research/compiled_evaluation_targets/usenix_test_set/python-3.9/10067/10067-normalized.py)
2. 10589-normalized.py [RECONSTRUCTION FAILURE] (path: /syssec-nas0/pyc-research/compiled_evaluation_targets/usenix_test_set/python-3.9/10589/10589-normalized.py)
3. 11408-normalized.py [COMPILE ERROR] (path: /syssec-nas0/pyc-research/compiled_evaluation_targets/usenix_test_set/python-3.9/11408/11408-normalized.py)
4. 11479-normalized.py [COMPILE ERROR] (path: /syssec-nas0/pyc-research/compiled_evaluation_targets/usenix_test_set/python-3.9/11479/11479-normalized.py)
5. 12082-normalized.py [COMPILE ERROR] (path: /syssec-nas0/pyc-research/compiled_evaluation_targets/usenix_test_set/python-3.9/12082/12082-normalized.py)
6. 12134-normalized.py [RECONSTRUCTION FAILURE] (path: /syssec-nas0/pyc-research/compiled_evaluation_targets/usenix_test_set/python-3.9/12134/12134-normalized.py)
7. 12181-normalized.py [COMPILE ERROR] (path: /syssec-nas0/pyc-research/compiled_evaluation_targets/usenix_test_set/python-3.9/12181/12181-normalized.py)
8. 12304-normalized.py [COMPILE ERROR] (path: /syssec-nas0/pyc-research/compiled_evaluation_targets/usenix_test_set/python-3.9/12304/12304-normalized.py)
9. 12332-normalized.py [RECONSTRUCTION FAILURE] (path: /syssec-nas0/pyc-research/compiled_evaluation_targets/usenix_test_set/python-3.9/12332/12332-normalized.py)
10. 12506-normalized.py [COMPILE ERROR] (path: /syssec-nas0/pyc-research/compiled_evaluation_targets/usenix_test_set/python-3.9/12506/12506-normalized.py)
11. 12509-normalized.py [COMPILE ERROR] (path: /syssec-nas0/pyc-research/compiled_evaluation_targets/usenix_test_set/python-3.9/12509/12509-normalized.py)
12. 1255-normalized.py [RECONSTRUCTION FAILURE] (path: /syssec-nas0/pyc-research/compiled_evaluation_targets/usenix_test_set/python-3.9/1255/1255-normalized.py)
13. 12595-normalized.py [RECONSTRUCTION FAILURE] (path: /syssec-nas0/pyc-research/compiled_evaluation_targets/usenix_test_set/python-3.9/12595/12595-normalized.py)
14. 12678-normalized.py [COMPILE ERROR] (path: /syssec-nas0/pyc-research/compiled_evaluation_targets/usenix_test_set/python-3.9/12678/12678-normalized.py)
15. 13253-normalized.py [RECONSTRUCTION FAILURE] (path: /syssec-nas0/pyc-research/compiled_evaluation_targets/usenix_test_set/python-3.9/13253/13253-normalized.py)
16. 1340-normalized.py [RECONSTRUCTION FAILURE] (path: /syssec-nas0/pyc-research/compiled_evaluation_targets/usenix_test_set/python-3.9/1340/1340-normalized.py)
17. 1352-normalized.py [RECONSTRUCTION FAILURE] (path: /syssec-nas0/pyc-research/compiled_evaluation_targets/usenix_test_set/python-3.9/1352/1352-normalized.py)
18. 14056-normalized.py [COMPILE ERROR] (path: /syssec-nas0/pyc-research/compiled_evaluation_targets/usenix_test_set/python-3.9/14056/14056-normalized.py)
19. 14247-normalized.py [RECONSTRUCTION FAILURE] (path: /syssec-nas0/pyc-research/compiled_evaluation_targets/usenix_test_set/python-3.9/14247/14247-normalized.py)
20. 1460-normalized.py [RECONSTRUCTION FAILURE] (path: /syssec-nas0/pyc-research/compiled_evaluation_targets/usenix_test_set/python-3.9/1460/1460-normalized.py)
21. 15016-normalized.py [COMPILE ERROR] (path: /syssec-nas0/pyc-research/compiled_evaluation_targets/usenix_test_set/python-3.9/15016/15016-normalized.py)
22. 15117-normalized.py [RECONSTRUCTION FAILURE] (path: /syssec-nas0/pyc-research/compiled_evaluation_targets/usenix_test_set/python-3.9/15117/15117-normalized.py)
23. 15172-normalized.py [COMPILE ERROR] (path: /syssec-nas0/pyc-research/compiled_evaluation_targets/usenix_test_set/python-3.9/15172/15172-normalized.py)
24. 15218-normalized.py [COMPILE ERROR] (path: /syssec-nas0/pyc-research/compiled_evaluation_targets/usenix_test_set/python-3.9/15218/15218-normalized.py)
25. 15238-normalized.py [RECONSTRUCTION FAILURE] (path: /syssec-nas0/pyc-research/compiled_evaluation_targets/usenix_test_set/python-3.9/15238/15238-normalized.py)
26. 15278-normalized.py [COMPILE ERROR] (path: /syssec-nas0/pyc-research/compiled_evaluation_targets/usenix_test_set/python-3.9/15278/15278-normalized.py)
27. 15325-normalized.py [RECONSTRUCTION FAILURE] (path: /syssec-nas0/pyc-research/compiled_evaluation_targets/usenix_test_set/python-3.9/15325/15325-normalized.py)
28. 15811-normalized.py [RECONSTRUCTION FAILURE] (path: /syssec-nas0/pyc-research/compiled_evaluation_targets/usenix_test_set/python-3.9/15811/15811-normalized.py)
29. 16035-normalized.py [COMPILE ERROR] (path: /syssec-nas0/pyc-research/compiled_evaluation_targets/usenix_test_set/python-3.9/16035/16035-normalized.py)
30. 16104-normalized.py [COMPILE ERROR] (path: /syssec-nas0/pyc-research/compiled_evaluation_targets/usenix_test_set/python-3.9/16104/16104-normalized.py)
31. 16120-normalized.py [RECONSTRUCTION FAILURE] (path: /syssec-nas0/pyc-research/compiled_evaluation_targets/usenix_test_set/python-3.9/16120/16120-normalized.py)
32. 16152-normalized.py [RECONSTRUCTION FAILURE] (path: /syssec-nas0/pyc-research/compiled_evaluation_targets/usenix_test_set/python-3.9/16152/16152-normalized.py)
33. 16670-normalized.py [RECONSTRUCTION FAILURE] (path: /syssec-nas0/pyc-research/compiled_evaluation_targets/usenix_test_set/python-3.9/16670/16670-normalized.py)
34. 16800-normalized.py [RECONSTRUCTION FAILURE] (path: /syssec-nas0/pyc-research/compiled_evaluation_targets/usenix_test_set/python-3.9/16800/16800-normalized.py)
35. 17084-normalized.py [RECONSTRUCTION FAILURE] (path: /syssec-nas0/pyc-research/compiled_evaluation_targets/usenix_test_set/python-3.9/17084/17084-normalized.py)
36. 17189-normalized.py [RECONSTRUCTION FAILURE] (path: /syssec-nas0/pyc-research/compiled_evaluation_targets/usenix_test_set/python-3.9/17189/17189-normalized.py)
37. 17415-normalized.py [COMPILE ERROR] (path: /syssec-nas0/pyc-research/compiled_evaluation_targets/usenix_test_set/python-3.9/17415/17415-normalized.py)
38. 17582-normalized.py [RECONSTRUCTION FAILURE] (path: /syssec-nas0/pyc-research/compiled_evaluation_targets/usenix_test_set/python-3.9/17582/17582-normalized.py)
39. 18519-normalized.py [COMPILE ERROR] (path: /syssec-nas0/pyc-research/compiled_evaluation_targets/usenix_test_set/python-3.9/18519/18519-normalized.py)
40. 18984-normalized.py [RECONSTRUCTION FAILURE] (path: /syssec-nas0/pyc-research/compiled_evaluation_targets/usenix_test_set/python-3.9/18984/18984-normalized.py)
41. 1988-normalized.py [RECONSTRUCTION FAILURE] (path: /syssec-nas0/pyc-research/compiled_evaluation_targets/usenix_test_set/python-3.9/1988/1988-normalized.py)
42. 19950-normalized.py [COMPILE ERROR] (path: /syssec-nas0/pyc-research/compiled_evaluation_targets/usenix_test_set/python-3.9/19950/19950-normalized.py)
43. 20111-normalized.py [COMPILE ERROR] (path: /syssec-nas0/pyc-research/compiled_evaluation_targets/usenix_test_set/python-3.9/20111/20111-normalized.py)
44. 20324-normalized.py [RECONSTRUCTION FAILURE] (path: /syssec-nas0/pyc-research/compiled_evaluation_targets/usenix_test_set/python-3.9/20324/20324-normalized.py)
45. 20445-normalized.py [COMPILE ERROR] (path: /syssec-nas0/pyc-research/compiled_evaluation_targets/usenix_test_set/python-3.9/20445/20445-normalized.py)
46. 20452-normalized.py [COMPILE ERROR] (path: /syssec-nas0/pyc-research/compiled_evaluation_targets/usenix_test_set/python-3.9/20452/20452-normalized.py)
47. 20946-normalized.py [COMPILE ERROR] (path: /syssec-nas0/pyc-research/compiled_evaluation_targets/usenix_test_set/python-3.9/20946/20946-normalized.py)
48. 21202-normalized.py [COMPILE ERROR] (path: /syssec-nas0/pyc-research/compiled_evaluation_targets/usenix_test_set/python-3.9/21202/21202-normalized.py)
49. 21245-normalized.py [COMPILE ERROR] (path: /syssec-nas0/pyc-research/compiled_evaluation_targets/usenix_test_set/python-3.9/21245/21245-normalized.py)
50. 21489-normalized.py [COMPILE ERROR] (path: /syssec-nas0/pyc-research/compiled_evaluation_targets/usenix_test_set/python-3.9/21489/21489-normalized.py)
51. 21564-normalized.py [COMPILE ERROR] (path: /syssec-nas0/pyc-research/compiled_evaluation_targets/usenix_test_set/python-3.9/21564/21564-normalized.py)
52. 21583-normalized.py [COMPILE ERROR] (path: /syssec-nas0/pyc-research/compiled_evaluation_targets/usenix_test_set/python-3.9/21583/21583-normalized.py)
53. 21605-normalized.py [RECONSTRUCTION FAILURE] (path: /syssec-nas0/pyc-research/compiled_evaluation_targets/usenix_test_set/python-3.9/21605/21605-normalized.py)
54. 21753-normalized.py [RECONSTRUCTION FAILURE] (path: /syssec-nas0/pyc-research/compiled_evaluation_targets/usenix_test_set/python-3.9/21753/21753-normalized.py)
55. 21803-normalized.py [RECONSTRUCTION FAILURE] (path: /syssec-nas0/pyc-research/compiled_evaluation_targets/usenix_test_set/python-3.9/21803/21803-normalized.py)
56. 21984-normalized.py [RECONSTRUCTION FAILURE] (path: /syssec-nas0/pyc-research/compiled_evaluation_targets/usenix_test_set/python-3.9/21984/21984-normalized.py)
57. 22039-normalized.py [COMPILE ERROR] (path: /syssec-nas0/pyc-research/compiled_evaluation_targets/usenix_test_set/python-3.9/22039/22039-normalized.py)
58. 2258-normalized.py [RECONSTRUCTION FAILURE] (path: /syssec-nas0/pyc-research/compiled_evaluation_targets/usenix_test_set/python-3.9/2258/2258-normalized.py)
59. 2325-normalized.py [RECONSTRUCTION FAILURE] (path: /syssec-nas0/pyc-research/compiled_evaluation_targets/usenix_test_set/python-3.9/2325/2325-normalized.py)
60. 277-normalized.py [RECONSTRUCTION FAILURE] (path: /syssec-nas0/pyc-research/compiled_evaluation_targets/usenix_test_set/python-3.9/277/277-normalized.py)
61. 3043-normalized.py [COMPILE ERROR] (path: /syssec-nas0/pyc-research/compiled_evaluation_targets/usenix_test_set/python-3.9/3043/3043-normalized.py)
62. 3080-normalized.py [RECONSTRUCTION FAILURE] (path: /syssec-nas0/pyc-research/compiled_evaluation_targets/usenix_test_set/python-3.9/3080/3080-normalized.py)
63. 3477-normalized.py [RECONSTRUCTION FAILURE] (path: /syssec-nas0/pyc-research/compiled_evaluation_targets/usenix_test_set/python-3.9/3477/3477-normalized.py)
64. 3535-normalized.py [RECONSTRUCTION FAILURE] (path: /syssec-nas0/pyc-research/compiled_evaluation_targets/usenix_test_set/python-3.9/3535/3535-normalized.py)
65. 3630-normalized.py [COMPILE ERROR] (path: /syssec-nas0/pyc-research/compiled_evaluation_targets/usenix_test_set/python-3.9/3630/3630-normalized.py)
66. 3905-normalized.py [RECONSTRUCTION FAILURE] (path: /syssec-nas0/pyc-research/compiled_evaluation_targets/usenix_test_set/python-3.9/3905/3905-normalized.py)
67. 4064-normalized.py [RECONSTRUCTION FAILURE] (path: /syssec-nas0/pyc-research/compiled_evaluation_targets/usenix_test_set/python-3.9/4064/4064-normalized.py)
68. 4538-normalized.py [RECONSTRUCTION FAILURE] (path: /syssec-nas0/pyc-research/compiled_evaluation_targets/usenix_test_set/python-3.9/4538/4538-normalized.py)
69. 5322-normalized.py [COMPILE ERROR] (path: /syssec-nas0/pyc-research/compiled_evaluation_targets/usenix_test_set/python-3.9/5322/5322-normalized.py)
70. 5450-normalized.py [COMPILE ERROR] (path: /syssec-nas0/pyc-research/compiled_evaluation_targets/usenix_test_set/python-3.9/5450/5450-normalized.py)
71. 5713-normalized.py [COMPILE ERROR] (path: /syssec-nas0/pyc-research/compiled_evaluation_targets/usenix_test_set/python-3.9/5713/5713-normalized.py)
72. 6633-normalized.py [RECONSTRUCTION FAILURE] (path: /syssec-nas0/pyc-research/compiled_evaluation_targets/usenix_test_set/python-3.9/6633/6633-normalized.py)
73. 6906-normalized.py [COMPILE ERROR] (path: /syssec-nas0/pyc-research/compiled_evaluation_targets/usenix_test_set/python-3.9/6906/6906-normalized.py)
74. 6937-normalized.py [RECONSTRUCTION FAILURE] (path: /syssec-nas0/pyc-research/compiled_evaluation_targets/usenix_test_set/python-3.9/6937/6937-normalized.py)
75. 6982-normalized.py [COMPILE ERROR] (path: /syssec-nas0/pyc-research/compiled_evaluation_targets/usenix_test_set/python-3.9/6982/6982-normalized.py)
76. 7075-normalized.py [RECONSTRUCTION FAILURE] (path: /syssec-nas0/pyc-research/compiled_evaluation_targets/usenix_test_set/python-3.9/7075/7075-normalized.py)
77. 7096-normalized.py [RECONSTRUCTION FAILURE] (path: /syssec-nas0/pyc-research/compiled_evaluation_targets/usenix_test_set/python-3.9/7096/7096-normalized.py)
78. 7196-normalized.py [RECONSTRUCTION FAILURE] (path: /syssec-nas0/pyc-research/compiled_evaluation_targets/usenix_test_set/python-3.9/7196/7196-normalized.py)
79. 7219-normalized.py [RECONSTRUCTION FAILURE] (path: /syssec-nas0/pyc-research/compiled_evaluation_targets/usenix_test_set/python-3.9/7219/7219-normalized.py)
80. 7223-normalized.py [RECONSTRUCTION FAILURE] (path: /syssec-nas0/pyc-research/compiled_evaluation_targets/usenix_test_set/python-3.9/7223/7223-normalized.py)
81. 7368-normalized.py [RECONSTRUCTION FAILURE] (path: /syssec-nas0/pyc-research/compiled_evaluation_targets/usenix_test_set/python-3.9/7368/7368-normalized.py)
82. 7487-normalized.py [RECONSTRUCTION FAILURE] (path: /syssec-nas0/pyc-research/compiled_evaluation_targets/usenix_test_set/python-3.9/7487/7487-normalized.py)
83. 7548-normalized.py [COMPILE ERROR] (path: /syssec-nas0/pyc-research/compiled_evaluation_targets/usenix_test_set/python-3.9/7548/7548-normalized.py)
84. 7850-normalized.py [RECONSTRUCTION FAILURE] (path: /syssec-nas0/pyc-research/compiled_evaluation_targets/usenix_test_set/python-3.9/7850/7850-normalized.py)
85. 7865-normalized.py [RECONSTRUCTION FAILURE] (path: /syssec-nas0/pyc-research/compiled_evaluation_targets/usenix_test_set/python-3.9/7865/7865-normalized.py)
86. 8155-normalized.py [RECONSTRUCTION FAILURE] (path: /syssec-nas0/pyc-research/compiled_evaluation_targets/usenix_test_set/python-3.9/8155/8155-normalized.py)
87. 8724-normalized.py [COMPILE ERROR] (path: /syssec-nas0/pyc-research/compiled_evaluation_targets/usenix_test_set/python-3.9/8724/8724-normalized.py)
88. 9230-normalized.py [COMPILE ERROR] (path: /syssec-nas0/pyc-research/compiled_evaluation_targets/usenix_test_set/python-3.9/9230/9230-normalized.py)
89. 925-normalized.py [RECONSTRUCTION FAILURE] (path: /syssec-nas0/pyc-research/compiled_evaluation_targets/usenix_test_set/python-3.9/925/925-normalized.py)
90. 9326-normalized.py [RECONSTRUCTION FAILURE] (path: /syssec-nas0/pyc-research/compiled_evaluation_targets/usenix_test_set/python-3.9/9326/9326-normalized.py)
91. 9553-normalized.py [COMPILE ERROR] (path: /syssec-nas0/pyc-research/compiled_evaluation_targets/usenix_test_set/python-3.9/9553/9553-normalized.py)
92. 9604-normalized.py [COMPILE ERROR] (path: /syssec-nas0/pyc-research/compiled_evaluation_targets/usenix_test_set/python-3.9/9604/9604-normalized.py)
93. 9846-normalized.py [COMPILE ERROR] (path: /syssec-nas0/pyc-research/compiled_evaluation_targets/usenix_test_set/python-3.9/9846/9846-normalized.py)
94. 9967-normalized.py [COMPILE ERROR] (path: /syssec-nas0/pyc-research/compiled_evaluation_targets/usenix_test_set/python-3.9/9967/9967-normalized.py)
95. AttributeNodes.py [RECONSTRUCTION FAILURE] (path: /syssec-nas0/pyc-research/compiled_evaluation_targets/usenix_test_set/python-3.9/05b5e94439fe4956b0c61007b78226192fabb03558e4c3cad42279d96c561eb17944fb585d5f820d21c4570907b7f2bc8a02ff8ac3aff6045e887818dc4f7435/AttributeNodes.py)
96. Docker.py [RECONSTRUCTION FAILURE] (path: /syssec-nas0/pyc-research/compiled_evaluation_targets/usenix_test_set/python-3.9/f0974f739296bb8627ece86d6b6942582dff38f962cd7d65283ef5259bb3ce5ec2ffc1fe41fb157e3dbd68189cd5011f70bcc3c0c4ba9b458bc93693232e9cf6/Docker.py)
97. EmailAgent.py [RECONSTRUCTION FAILURE] (path: /syssec-nas0/pyc-research/compiled_evaluation_targets/usenix_test_set/python-3.9/3557a2f8b37e7f83bf5b1faf13bc417757b488318a731218c6ac7fcea1601734ae839c9bd7f3c5a70a53b3a2a5bbb95dbe276c71912e85d817b6c4ebd7716b86/EmailAgent.py)
98. ExporterTEX.py [COMPILE ERROR] (path: /syssec-nas0/pyc-research/compiled_evaluation_targets/usenix_test_set/python-3.9/2e61f21dbf189c366ee6f2200e8dc799189597cebe427c38bcf352da94267f0f65ae61649b1f38adfd96ba68b1619ebce35e31630bf8ea9bece800fdb83b2a63/ExporterTEX.py)
99. FileManager.py [RECONSTRUCTION FAILURE] (path: /syssec-nas0/pyc-research/compiled_evaluation_targets/usenix_test_set/python-3.9/57ad54bc79944aa18b3a81567f75b6892f5725dad79cdfaa5fd2608b23a81034fb530abc563ccb843625282d83db81166857efdd34b8f1a131a61dce51ee66a1/FileManager.py)
100. GeneticAlgorithm.py [COMPILE ERROR] (path: /syssec-nas0/pyc-research/compiled_evaluation_targets/usenix_test_set/python-3.9/906842a96f866080826950088ca39796495fe1a1f5c804861963aa85c40b5b68a412a6aea1345849cebf7352870a640a27b4239f13c294ff9b8579dac3216186/GeneticAlgorithm.py)
101. History.py [RECONSTRUCTION FAILURE] (path: /syssec-nas0/pyc-research/compiled_evaluation_targets/usenix_test_set/python-3.9/13b8cb14ce707c439c4244b014ed15d022c38b2406176984ea46ef08d2454842f001122d7ff6a3a3c5f52d1e1b1614885366cd3e8153589c97f43056b3747fd1/History.py)
102. IRAF_Reduction.py [COMPILE ERROR] (path: /syssec-nas0/pyc-research/compiled_evaluation_targets/usenix_test_set/python-3.9/40820f844d9c624e8c3e0777bbffa3586f7597a9886acb295d44f10bb05ffa5e5b288afa1af23d6b466c0392111a9e76008feae9ec48d97b604c70835bb059f6/IRAF_Reduction.py)
103. InfinityFlow_Utilities.py [COMPILE ERROR] (path: /syssec-nas0/pyc-research/compiled_evaluation_targets/usenix_test_set/python-3.9/157c98a8789f51f4ced9c4091ce9c5bfe830da8f01e515a4dc242f01e261ebdee6c1f079b0c4287e78b4b515098a7fe83139e01809f5264c3a173e1e8b3ae08e/InfinityFlow_Utilities.py)
104. LogicOfflineJobFakeBroker.py [RECONSTRUCTION FAILURE] (path: /syssec-nas0/pyc-research/compiled_evaluation_targets/usenix_test_set/python-3.9/77928dbf85509050a834af1c46270cf4c92786efe338dfdf5f8e95a11260ac6468db2ed004b375bcee30fead1fe3bc718ff2a39b961e94f179a36ddff253a308/LogicOfflineJobFakeBroker.py)
105. NotifyRyver.py [COMPILE ERROR] (path: /syssec-nas0/pyc-research/compiled_evaluation_targets/usenix_test_set/python-3.9/6d343ee5495ed08133701c2bdd9380e77387ac43f05be2d5754ff70a535bdb5ae8dd3057842591744f7d34e2a2971af9f477416c7fc65527890e50503aeb78e2/NotifyRyver.py)
106. OHConverter.py [RECONSTRUCTION FAILURE] (path: /syssec-nas0/pyc-research/compiled_evaluation_targets/usenix_test_set/python-3.9/23fc751af17263629094a44cccce24942e6bd1373ef7b3fe084b6ffe15987a10c7a5082c8ce7a50342a06722b2a9a7fb24380160ad59d521e553e9967b3535f2/OHConverter.py)
107. OutputComparison.py [COMPILE ERROR] (path: /syssec-nas0/pyc-research/compiled_evaluation_targets/usenix_test_set/python-3.9/a65d9c3099df5aa92818b2e410b1b40d08043c9db79c3e5ff1492bd226b6b84de29b3d8c51057915ebd0a907c86071ebe8c4fa79e952fae0a9b8eba353ede636/OutputComparison.py)
108. PolicyNoSrcAnyDstAny.py [RECONSTRUCTION FAILURE] (path: /syssec-nas0/pyc-research/compiled_evaluation_targets/usenix_test_set/python-3.9/b64771629a06f29df3f9cafe21bde201a35c51949f7b22598999f51a6156de2ffbe4b2c7ee557bde0346d5a4cd20e1a5eef6a3bf1972e6f944756969bc06f6e7/PolicyNoSrcAnyDstAny.py)
109. Preprocessing.py [RECONSTRUCTION FAILURE] (path: /syssec-nas0/pyc-research/compiled_evaluation_targets/usenix_test_set/python-3.9/2e55e9a05315ad44b86178deba806a348862bb8f288a5e8cb42f03e48785baea5a4d6c2775807338874e41be2b344f0870a91a932137addc43c317a6a31346a5/Preprocessing.py)
110. RET506.py [RECONSTRUCTION FAILURE] (path: /syssec-nas0/pyc-research/compiled_evaluation_targets/usenix_test_set/python-3.9/cb2fc17a7d73f974fce7b2bc9687b5b2e9c9e520fb43e7c67d50f5cd4e8bc335114bfe90f36fba2730a5b12acc7bee7c819768cbfd0b94379e320b4009973d88/RET506.py)
111. Service.py [RECONSTRUCTION FAILURE] (path: /syssec-nas0/pyc-research/compiled_evaluation_targets/usenix_test_set/python-3.9/928e6c3d406b699bba6f7d4f1fa0611af093251b6983d250b37f8b92ff1e6114723bc3295389b311444398b93d8e4f644904766fb9845d6c3e4d9e3a69fa7b96/Service.py)
112. SharedClassNameHandler.py [RECONSTRUCTION FAILURE] (path: /syssec-nas0/pyc-research/compiled_evaluation_targets/usenix_test_set/python-3.9/80b4ac8699da09e9a43ef5d017c089f021aa1049dfc3a5a5b57591cfd5948394aa387e180aaf0845a7d9c309576b47e6ba0fb9578ed505a283791417d4c5334c/SharedClassNameHandler.py)
113. Utility.py [RECONSTRUCTION FAILURE] (path: /syssec-nas0/pyc-research/compiled_evaluation_targets/usenix_test_set/python-3.9/0931ff8871d5102275e13c7fa4e6862c4beb1f833a1fc3ccb8853e332365dcc61ccafb29665fc97afa34cd92d1206bbf39a601fd7c697079f13d4ebce703d9d7/Utility.py)
114. __main__.py [COMPILE ERROR] (path: /syssec-nas0/pyc-research/compiled_evaluation_targets/usenix_test_set/python-3.9/958297d91487041aecbf0e74ebfba23de908f4a8cf7fc02eb28319b378520830ac6890a3ee0bf3e65f5aaafac62d6014dac4138fbcd181e62f44700e65933be5/__main__.py)
115. _fileobjectposix.py [RECONSTRUCTION FAILURE] (path: /syssec-nas0/pyc-research/compiled_evaluation_targets/usenix_test_set/python-3.9/4cd9c561cae81f5fb527b46be6380adc0c8726b9ff4af665558e6818b71a96ac581e5ac08d2190c43c7b5be397b9bee386dd74fc58eb3fe83657ee6e0ae34eb3/_fileobjectposix.py)
116. _pslinux.py [COMPILE ERROR] (path: /syssec-nas0/pyc-research/compiled_evaluation_targets/usenix_test_set/python-3.9/3dc2b2e1804a6e00edd9873cf7b12ecfecc4c4eb68d56923db73db6bd67daea277a57990154bf0391f389af4077771bc286b68bc4528b0bce07243fc75768e86/_pslinux.py)
117. _reader.py [RECONSTRUCTION FAILURE] (path: /syssec-nas0/pyc-research/compiled_evaluation_targets/usenix_test_set/python-3.9/11a63dd9377450f3d00148b7d005f8ef1b3f7d4cca78702cdc892f565c9ba55d4fc2f3f0ac6bbab1a9968ed5590a0331f5039f24dfef3cdd152a52109dc0266b/_reader.py)
118. _tecplot.py [COMPILE ERROR] (path: /syssec-nas0/pyc-research/compiled_evaluation_targets/usenix_test_set/python-3.9/daa808fea7126e59be15232f00cd2be3503b9b4e29846cd31686949888c3b67ee95988d445c781d9c1cbffefd4007a2b4f18e755cdbb54da4492e72c2c994766/_tecplot.py)
119. a10_service_group.py [RECONSTRUCTION FAILURE] (path: /syssec-nas0/pyc-research/compiled_evaluation_targets/usenix_test_set/python-3.9/313a50558d353f863f88d98ad1d1d4d0fd1f8f5c490f59d572da759a75ef1244874a4399ccacd86b48f1c5f32d3e824445f4b3884ded81fe370772822d607666/a10_service_group.py)
120. account.py [COMPILE ERROR] (path: /syssec-nas0/pyc-research/compiled_evaluation_targets/usenix_test_set/python-3.9/5b2bfcf48be1169e43a449ffa9dbef9a19b980ee6d4449d1c50efc95b653ae6fb2ecf89a576491d7ecaba02f34254cd74067bce7a764ee71b784bc1554894bc5/account.py)
121. acme.py [RECONSTRUCTION FAILURE] (path: /syssec-nas0/pyc-research/compiled_evaluation_targets/usenix_test_set/python-3.9/5c5b1fccb2bc1620cd5b091ca672ee9b3230b7439bc651fcc9637dea569ce0e91380e3a0ccbf9c12760d31c703663dc08c3614423512823a1b8c01c260fb3324/acme.py)
122. actioncontroller.py [COMPILE ERROR] (path: /syssec-nas0/pyc-research/compiled_evaluation_targets/usenix_test_set/python-3.9/3b3c6531b4c875a8c8a66566dcedaaab7c6dfe097bff7bf7bf0b00bee13ff4ce76816ace4e3936422ac7e7534571ec87978afd2f19fe5131e0ae309c5a8a3716/actioncontroller.py)
123. adapter.py [COMPILE ERROR] (path: /syssec-nas0/pyc-research/compiled_evaluation_targets/usenix_test_set/python-3.9/90adfbb55d9823001a500ccef17b56acead81f4eb10eded3ee78c6107af3fa221beb222c87a68ab3bd4033764889ab313053dbe3d29501013dce18cae5c5615b/adapter.py)
124. adaptivegreedy.py [COMPILE ERROR] (path: /syssec-nas0/pyc-research/compiled_evaluation_targets/usenix_test_set/python-3.9/0216940ebc56919f58d53da0bef5efa9bd0dc537788fecc44a081aea3014de54d3fdaa1891698ef7a677b5a705e5ff316c9057e5107c0c33507c2863590bead2/adaptivegreedy.py)
125. aix_inittab.py [RECONSTRUCTION FAILURE] (path: /syssec-nas0/pyc-research/compiled_evaluation_targets/usenix_test_set/python-3.9/0048170a9c7a983c284d4bb10a969fa012e6073e0b7d93a6ddb77ffa477a99627b114924acb6ab02e5e97078424e6dce6d4dacdc9061fb0ee23d228945672d6c/aix_inittab.py)
126. aliases.py [COMPILE ERROR] (path: /syssec-nas0/pyc-research/compiled_evaluation_targets/usenix_test_set/python-3.9/4e8858ea6e77601ff8b520869f21fa274bc9e1b559dac0f7e53d4a4f8ebc13fe097975395c64395cabf9f7ed6e41a5137728d44c23070ebde457ed2d884e88c6/aliases.py)
127. analyzer.py [RECONSTRUCTION FAILURE] (path: /syssec-nas0/pyc-research/compiled_evaluation_targets/usenix_test_set/python-3.9/ed7b3471ac409149aed84a811222a3e1201402489bc160cfb8a80992ff9e3625ebc57629cfb0d8c5141e7d148088f5c7cf189be4a7559c7b5199d5a26f28d4be/analyzer.py)
128. api.py [COMPILE ERROR] (path: /syssec-nas0/pyc-research/compiled_evaluation_targets/usenix_test_set/python-3.9/90c3deef6451f68b810838e2885bb3f7222412b94ad2b1ce95503deba7403570faf79cb229997b5d79206444c66d3e44b558df150aa0dda6c295392b7c15f0d8/api.py)
129. api.py [RECONSTRUCTION FAILURE] (path: /syssec-nas0/pyc-research/compiled_evaluation_targets/usenix_test_set/python-3.9/75756b16713040aa5b384a90bda2524eae5e92a4e0cf3063aae05bfd714ecf4652011eef0ff9c633e344f244c90b641bf998beca633707009042a112ad3da9cb/api.py)
130. app.py [COMPILE ERROR] (path: /syssec-nas0/pyc-research/compiled_evaluation_targets/usenix_test_set/python-3.9/66d30b7e76cf29f736f7f5589e6a49ea7ecc31ff51b719b743f7c62773bc7fb3e3bde03fbb48a3688c93d85297c71c8f957776029aa0193cde866d4b456f0392/app.py)
131. app.py [RECONSTRUCTION FAILURE] (path: /syssec-nas0/pyc-research/compiled_evaluation_targets/usenix_test_set/python-3.9/c0649bfffa482217fb6e9d7af7303bc114931737ac86c12d22fad5176ba12464d052fa2a94bb70c42d910472d7d1936c22996c1d410aeb2dc3b52d5478364670/app.py)
132. asset.py [RECONSTRUCTION FAILURE] (path: /syssec-nas0/pyc-research/compiled_evaluation_targets/usenix_test_set/python-3.9/907a196d4ef249bb3ca2912330d0e8ce8990152cc43dc3bfa8c118be9429b5058b8edf15dd72b46199f3ca6dafbf29dee53093a71c00ac334bdddfe486b0cfbb/asset.py)
133. auth.py [RECONSTRUCTION FAILURE] (path: /syssec-nas0/pyc-research/compiled_evaluation_targets/usenix_test_set/python-3.9/39b886ef6847de425da3c2608bd78016269f80865299bab55e785df3cf898e95e36e36e227b3d4a8e750cb362e3adb7d1695f7fc6fb4ab1b54dd14cfea3e0f81/auth.py)
134. auth.py [RECONSTRUCTION FAILURE] (path: /syssec-nas0/pyc-research/compiled_evaluation_targets/usenix_test_set/python-3.9/475368749dfcb253a29b497d75e91dccdc2cb2181d12c575f9ded6f3d80009d218e5bcf317058b3bd73e5bb766dd26fc8a2a9c15f89af40a5e3e4c138279a3c9/auth.py)
135. az_cis_check4.py [COMPILE ERROR] (path: /syssec-nas0/pyc-research/compiled_evaluation_targets/usenix_test_set/python-3.9/62b1b85ea82cf7eeec7a14145857c1ac63bd1d5a703ea5369b53f5c7a386e984c0de8cb2db1033ec2a594a0920e17d7e963d669204ebfc8847094c288e228e03/az_cis_check4.py)
136. base.py [COMPILE ERROR] (path: /syssec-nas0/pyc-research/compiled_evaluation_targets/usenix_test_set/python-3.9/53de9c1b842e62a9723ee8fc11b7ecc5e41db13890dd2567c92ccb5cfe6a34f359a51834a7cd565acc2c883c35186691f14e75f82d04d99c38195cbb9d85d80d/base.py)
137. base.py [RECONSTRUCTION FAILURE] (path: /syssec-nas0/pyc-research/compiled_evaluation_targets/usenix_test_set/python-3.9/f8ea39dcd4f6e91b8dc21c66ed5504f104b3d2ad29c8a66d40be164e1b1ad2e932a422db60afc183ac9220ea0f2292088bb0907ca999746f654da7816aa9807a/base.py)
138. base_resource_value_check.py [RECONSTRUCTION FAILURE] (path: /syssec-nas0/pyc-research/compiled_evaluation_targets/usenix_test_set/python-3.9/a1ce56d2f7fac1d19e84d45b710b9942638ade0a80220017f7b90d61a65bc47538620a76b212e5bd0c46e3b37a51c8161e3d3a2d56c2973cbb3f79fe882e807d/base_resource_value_check.py)
139. base_runner.py [RECONSTRUCTION FAILURE] (path: /syssec-nas0/pyc-research/compiled_evaluation_targets/usenix_test_set/python-3.9/0eb2aa8746f65ed9751f1805d43e0ce03ed3fd59236dc50680b896195d122efc0b58fa576ef419df1a7b61a9e5f871496410d074b6ec2c51e6ec88c91224555f/base_runner.py)
140. basecallbackendpoint.py [RECONSTRUCTION FAILURE] (path: /syssec-nas0/pyc-research/compiled_evaluation_targets/usenix_test_set/python-3.9/281a9998479afbf4e802edd613b0721cab992247d06c6bbc0f19ff9b21e5163cb0c4d8d60f9bd12068f6b235764ced9df8bdaf8eed64a1f73003240d9a54487a/basecallbackendpoint.py)
141. behavior.py [RECONSTRUCTION FAILURE] (path: /syssec-nas0/pyc-research/compiled_evaluation_targets/usenix_test_set/python-3.9/da4490ecebbdf0f10e220c70418ef4ea9be9ec7b8b70a5ce6932f80e9a6c5031db31a2938feb1bf4d3ee961ff28c6caa447e07dd56c16861a3a349ea4501bed7/behavior.py)
142. best_ip_async.py [COMPILE ERROR] (path: /syssec-nas0/pyc-research/compiled_evaluation_targets/usenix_test_set/python-3.9/dc0f3bda2119b204cedf94f1ceeef7d0644997a0d20a74cfae13098f354a4de96bccb5a127712b3db957f587039bce29b5979dd6b21e923be719ca88ddf8a95c/best_ip_async.py)
143. bezier.py [RECONSTRUCTION FAILURE] (path: /syssec-nas0/pyc-research/compiled_evaluation_targets/usenix_test_set/python-3.9/7b1400a6460c531bdfc7a0ae0bc5729896e5f191f499c002eaefdbe6cd39167dd4f0df909f4b1484a1afc631a69cdddb94d0197659a154d0670cbe5250efda08/bezier.py)
144. bigip_node.py [COMPILE ERROR] (path: /syssec-nas0/pyc-research/compiled_evaluation_targets/usenix_test_set/python-3.9/a5e592cb022ddbfa628e3146c694b0d4288f6c572ad253ed4e58b847a9a94aeb81937340dbc71fb61c09e6241bcf530f80b87a3b44ff8de1eed3ea51f9f0d64c/bigip_node.py)
145. bitstamp.py [RECONSTRUCTION FAILURE] (path: /syssec-nas0/pyc-research/compiled_evaluation_targets/usenix_test_set/python-3.9/3747e3daadaa1940627048915cfa861a2d27476abf1d7ea34421d27fa861b4b85ea403c90e18332673589558523f762200d0d0ae6af7ab9dcef3b633dcc0b17e/bitstamp.py)
146. bittrex.py [RECONSTRUCTION FAILURE] (path: /syssec-nas0/pyc-research/compiled_evaluation_targets/usenix_test_set/python-3.9/b0189a081a8e64c63377958bfc5acbaf925e5b50e6e9d1bc85212ab01d1cf93e6f3a573f29414aaf454366c3610b3c73ebda98c056021583d119d9669e35c844/bittrex.py)
147. bitwarden_mod.py [RECONSTRUCTION FAILURE] (path: /syssec-nas0/pyc-research/compiled_evaluation_targets/usenix_test_set/python-3.9/5e938952cedef5198f20ec73cc50cfa9d1ce107a9999dff04e4892ad690368d1a64f72863ea016b3d76277cf34734c942a69c3319af51ee64ad0a13dba91a13f/bitwarden_mod.py)
148. blockchaincom.py [RECONSTRUCTION FAILURE] (path: /syssec-nas0/pyc-research/compiled_evaluation_targets/usenix_test_set/python-3.9/8e7ef2d38cdd83762969037e93d9d7de822689840f81a217a5b972c209e75ceb5834eb1bffd0f279c29bafbd77b05eac5e839767ad20491050fd0d8afe17c379/blockchaincom.py)
149. bootstrap.py [COMPILE ERROR] (path: /syssec-nas0/pyc-research/compiled_evaluation_targets/usenix_test_set/python-3.9/4ea7064fc96cf5a31a5fa58cf8e08ce370d14896743add918dcd9a1717d4ec82e2604fc1d518591de2290fe84dfec48240635fa79d114694535dbd3a070a2505/bootstrap.py)
150. build_tracker.py [RECONSTRUCTION FAILURE] (path: /syssec-nas0/pyc-research/compiled_evaluation_targets/usenix_test_set/python-3.9/5115847d368b223bd927eb62852aa5076c6616290c845016f0a1a9be890b4111873fc699ae3589d0ebe2b47859653c529f4c72fcc5e8b34a4cead7c40e927189/build_tracker.py)
151. build_tracker.py [RECONSTRUCTION FAILURE] (path: /syssec-nas0/pyc-research/compiled_evaluation_targets/usenix_test_set/python-3.9/55375049be521005e898649efda0e3f8d8a821160644b25eefd0e42c17028eccee76917de135a0059896ced0de4bf4d68cce42e0adcd1b8910bf05f143923142/build_tracker.py)
152. cache.py [COMPILE ERROR] (path: /syssec-nas0/pyc-research/compiled_evaluation_targets/usenix_test_set/python-3.9/cf520a10ba107d08d628b9e6b54d1ca736c48d6fde28bb20ac61a1ce504dab98035fe49f9b134b440720ba905e6dd1887ffdb00884a45dedf6bbc18f4ea6b595/cache.py)
153. cache.py [RECONSTRUCTION FAILURE] (path: /syssec-nas0/pyc-research/compiled_evaluation_targets/usenix_test_set/python-3.9/a67c49030ac038ffcc65765bff78c774cd4c7736de936c3984bb5a294435449a0e772a2f0292546ab764e72c809fb87078bf20ecb5af626f382031e0eeab7659/cache.py)
154. case.py [COMPILE ERROR] (path: /syssec-nas0/pyc-research/compiled_evaluation_targets/usenix_test_set/python-3.9/4cf1f7aba324aa0b14ac982a64b415d45039253858665b9794e798b7891266634bd8fb41aefbd80f09e7d2af1bf2cec61b2c084299195fc5af67d120c153badb/case.py)
155. category.py [RECONSTRUCTION FAILURE] (path: /syssec-nas0/pyc-research/compiled_evaluation_targets/usenix_test_set/python-3.9/100e0e7720a3e5a4c6ee4eaf2b2f05313831b380cb18238ff778b774ee11bcc02eb2c39a13d8d6e0a146a2cd02e7e7519e1814083ebd23382f832949287a4f5f/category.py)
156. chain.py [RECONSTRUCTION FAILURE] (path: /syssec-nas0/pyc-research/compiled_evaluation_targets/usenix_test_set/python-3.9/36fc5f3ce4d77f845f23b65d158345a408f0210cefac81cb20bc7e1a7b9e97df313b14299076a74fcb462ac224c233052b8e4f87eb8830aa2b1020943038dc08/chain.py)
157. cli.py [COMPILE ERROR] (path: /syssec-nas0/pyc-research/compiled_evaluation_targets/usenix_test_set/python-3.9/39d060036fe999f34fa5cf8cb9308a44ff42ef017acad09731c0f0cf3456fcfd5856cc48c5b75dd9ff6bcb9f25572261700a6eb0bb51bbbfa33992b2f892a5e1/cli.py)
158. client.py [COMPILE ERROR] (path: /syssec-nas0/pyc-research/compiled_evaluation_targets/usenix_test_set/python-3.9/5e9d0380ed6fc4b0e5166ebcbdfb23a953338f08a3468c8c87478dfed1d7d46bf610ad3daae9fc084ec63be133b43621e59d6a6b6ad0d717cbd9bffebe3dce62/client.py)
159. client.py [COMPILE ERROR] (path: /syssec-nas0/pyc-research/compiled_evaluation_targets/usenix_test_set/python-3.9/aeb8234487890a8001ef57de9179022719b15d2d01a7deb1b0af56f9631a8befe4c048f1132aacf7c03f1c293df6d5d3380fcf6de3e93c84e88b56db81349030/client.py)
160. climate.py [RECONSTRUCTION FAILURE] (path: /syssec-nas0/pyc-research/compiled_evaluation_targets/usenix_test_set/python-3.9/fc92cbd4cfa0179c20115104e541d2824a07ef10d9db32758c128b0048a0862c36899ed68b1e028d06efe7c082fddeb101ef8ec6f4bd4fc3fe8c694f5c985510/climate.py)
161. cloud_init.py [COMPILE ERROR] (path: /syssec-nas0/pyc-research/compiled_evaluation_targets/usenix_test_set/python-3.9/eea8d532f7881a25e483b8568d31ce02aec3eae8b76a2e2ac94981926c4ad714fb42f9e79c8be51ce49b6c2883b823e196f6e1132e9003fee3bfb4631659608d/cloud_init.py)
162. code_parser.py [RECONSTRUCTION FAILURE] (path: /syssec-nas0/pyc-research/compiled_evaluation_targets/usenix_test_set/python-3.9/9ddd47cc1e10f1a824daf3bc99774025e5cf2cb4eef4809994c12f6f4a22b0dd546a34758940620ed1edef9adb846a9e154768eebc08a9b4cb85421f638e9296/code_parser.py)
163. command_list.py [COMPILE ERROR] (path: /syssec-nas0/pyc-research/compiled_evaluation_targets/usenix_test_set/python-3.9/549520a03970d6cf3836f20954da1c79b7c35898994a88af446e12b1c9460efc766e3a5922aa7c9b6dd65a1304bfb6af8c8a7ddce3d9195ead1f2fe5ffd5ba9e/command_list.py)
164. commandline.py [RECONSTRUCTION FAILURE] (path: /syssec-nas0/pyc-research/compiled_evaluation_targets/usenix_test_set/python-3.9/e4baab9d53a0440a7231f4210b1851570df8c464bdb54f117d055ad9ce41268fd2244015848e6826ff63ad3fc31fa6b4be9efd1911035790a869dd90b40c91ef/commandline.py)
165. commands.py [COMPILE ERROR] (path: /syssec-nas0/pyc-research/compiled_evaluation_targets/usenix_test_set/python-3.9/ea338d4d8107a953ea518c99a3bdacf9b9dcc7d945154ec8d7767e7d148a75303d863f422862c9eda6fca92b45675a7dbc7bf149b2792af59839f3bf8b6d5661/commands.py)
166. common.py [COMPILE ERROR] (path: /syssec-nas0/pyc-research/compiled_evaluation_targets/usenix_test_set/python-3.9/437d13e9263e380d41d8334ea865d824c2c44cc26f00251ed6c025fd5379ba54c5c96c4c422ff48e0099a3d29c3e99188a964d32dd6a18b9c9859b7605e7df9a/common.py)
167. common.py [RECONSTRUCTION FAILURE] (path: /syssec-nas0/pyc-research/compiled_evaluation_targets/usenix_test_set/python-3.9/4af550dc409e05f5d3bd35d13736446f031425b12b5cc1f268121723568f8396c18241c7b7d7c032fb9aa3f90f4072b34e0c8e5fecf7c738c4b03ac7ded54895/common.py)
168. common.py [RECONSTRUCTION FAILURE] (path: /syssec-nas0/pyc-research/compiled_evaluation_targets/usenix_test_set/python-3.9/e3d1bf3a3521c8b7d91edb167fd79e8c33f33449dbdce5525aab2d9e75cfb8211cf766567219dac7496ee55e6442d326b3a282b2d3993e6247d522dc5b6e93ff/common.py)
169. compat.py [COMPILE ERROR] (path: /syssec-nas0/pyc-research/compiled_evaluation_targets/usenix_test_set/python-3.9/992dafc4657443904f98170017c7b0d1812101f24b9d03c83d26a97d8973099689c71144851be3bc8212d90af169df492699d1633517039b2e5da25706972c3b/compat.py)
170. compete.py [COMPILE ERROR] (path: /syssec-nas0/pyc-research/compiled_evaluation_targets/usenix_test_set/python-3.9/cf43e881ed19f24a2d1bca17bf70848176f01922ad8f94028493e54a3f3e89f44cf64100503e462fcde5c6fee62bdfc5b0ec4724f911e61c7225568eb1276229/compete.py)
171. compression.py [COMPILE ERROR] (path: /syssec-nas0/pyc-research/compiled_evaluation_targets/usenix_test_set/python-3.9/7686b2640036bbb57ed1bbd2889a1999175d9f9f4318bda0ea8c8cf1cf17739b1867e361d4c5d4ee1dc642b56b02cf5b87524fc89fd87c1edf587267e31bf7b3/compression.py)
172. configuration.py [COMPILE ERROR] (path: /syssec-nas0/pyc-research/compiled_evaluation_targets/usenix_test_set/python-3.9/0e25706b814e5b1ce031b8707b4e447c2a03583f87a106d1aadfa459fb0bbccd363eb7822e144fa7dbc0ade604ede90210dfd35ff88222ebd7c9cd7076d4b911/configuration.py)
173. container_helper.py [COMPILE ERROR] (path: /syssec-nas0/pyc-research/compiled_evaluation_targets/usenix_test_set/python-3.9/24592f5b74866a8f908a7b31ce6ec6a0594420708c875d9cd0a4db951a942f1405681d4c70b6e7fa4495cbe889719c399ab649d105371b5b691a44d6a12dd2c2/container_helper.py)
174. controlled_gate_test.py [COMPILE ERROR] (path: /syssec-nas0/pyc-research/compiled_evaluation_targets/usenix_test_set/python-3.9/7a3d58d1867aaaaf90d9565868f3dfb37a796870fd7b22534fb728deee2186e1be81fb5f3d1741598e01729a8c0d043bd2cc02ea54e8200f7ea35e06032f0b27/controlled_gate_test.py)
175. conv3d_alter_op.py [COMPILE ERROR] (path: /syssec-nas0/pyc-research/compiled_evaluation_targets/usenix_test_set/python-3.9/5ab413e2b7c4d701c99f9d0d71dd031b5f50eee7ee2b0471648d5f66ee2ad81622f1c9baaa8414ccb96323ea6b1ab3db4dfa9db34e3d9b52e84a708cc29dfbf6/conv3d_alter_op.py)
176. convert.py [RECONSTRUCTION FAILURE] (path: /syssec-nas0/pyc-research/compiled_evaluation_targets/usenix_test_set/python-3.9/064fa8f906e7eabb950caa8938b94745adf86ffe16d9de515646e6831586712f9a089fdecc24220d4113c8eeb1cdc701d4d068be5505aec7aeab1733d5bd5d0b/convert.py)
177. convert_img.py [RECONSTRUCTION FAILURE] (path: /syssec-nas0/pyc-research/compiled_evaluation_targets/usenix_test_set/python-3.9/2280e63e0dfe45e8e9cc3714e8292b17ea39016f7913ac9b3f9bf677e59e97806e0e022973d69a79550130d4c3b939e68b0ab04eb4f3e2df6b76b1b7cc5343fa/convert_img.py)
178. core.py [COMPILE ERROR] (path: /syssec-nas0/pyc-research/compiled_evaluation_targets/usenix_test_set/python-3.9/777dd179f5295f188238e7381d6e5e6e1c8355ddb304cc8dd239718158a13693fb5b2b72d5676a4ab6f520546048da61f2349648238ecf423d922bf5bc9e8e13/core.py)
179. couple.py [RECONSTRUCTION FAILURE] (path: /syssec-nas0/pyc-research/compiled_evaluation_targets/usenix_test_set/python-3.9/1c2e7400dab3032fd2ea847f1736fa763617f0523e3f9f71231c972a4270bedde7633be4cb5b38eb66b0c515577c98b239a1d05ca0091910b9e11c7a8396bcdb/couple.py)
180. crawler.py [COMPILE ERROR] (path: /syssec-nas0/pyc-research/compiled_evaluation_targets/usenix_test_set/python-3.9/39a1f0b3a9a8987e93d69a64b70c147f5ad8857dd452dc168db51d5daa8d23153f24a325acf3e71ba37ee40e6d4d3e8ee6ebabac14e009023563599791828855/crawler.py)
181. csv.py [COMPILE ERROR] (path: /syssec-nas0/pyc-research/compiled_evaluation_targets/usenix_test_set/python-3.9/73349d7e40de4c211643144705c393d524a63bab4e33ab73e6fc7934eb8cfbe1d057b39b292fc6bd9cfcd134ddb46d1d310e78f4ef9b089baabe397df1f4305e/csv.py)
182. customTitlebarWindow.py [COMPILE ERROR] (path: /syssec-nas0/pyc-research/compiled_evaluation_targets/usenix_test_set/python-3.9/8dbd3751ddc566449969add7b80ec0953df0f534bab197ab5fdd762ce4a2382f54b0201ac7abc60632be746134f587e914250582ed4d5cb16c79eb4be9cd27a1/customTitlebarWindow.py)
183. custom_policies_integration.py [COMPILE ERROR] (path: /syssec-nas0/pyc-research/compiled_evaluation_targets/usenix_test_set/python-3.9/38df3cca09350cde024ffb52047d770fd23928d75fba9c3fe6f4b1c40b197b47bbf3da00c1e17c0f6f4b9bc0d25d97a2430f95437bfd3ccdb341f61432ff5d0a/custom_policies_integration.py)
184. data.py [RECONSTRUCTION FAILURE] (path: /syssec-nas0/pyc-research/compiled_evaluation_targets/usenix_test_set/python-3.9/bbd9a57bf96727f0ea92157a0b00247a96ab090c2ebefe145b475698cdd41d0601a9ee4b6c254928098dd86f351fa5adf06d5c5bc06628739631fa63f8c1c67b/data.py)
185. datacls.py [COMPILE ERROR] (path: /syssec-nas0/pyc-research/compiled_evaluation_targets/usenix_test_set/python-3.9/fdd2adc8c14adc1838e5c283a4fa1e52272e96f1c1b1092022be292bd94b15172a93ad8437447847876ae76376d3618c5988bbd0f811e53741794885d9bfb04b/datacls.py)
186. dataset_providers.py [COMPILE ERROR] (path: /syssec-nas0/pyc-research/compiled_evaluation_targets/usenix_test_set/python-3.9/aa8febc11b0fa251f887f8ee0267c88818233aaf99d9e0bbfee42239eabb408c923d23963a5f3c60d8ad40c56fc3aa4f8db48652580d32e916fa5ff5a61f197c/dataset_providers.py)
187. dataset_providers.py [COMPILE ERROR] (path: /syssec-nas0/pyc-research/compiled_evaluation_targets/usenix_test_set/python-3.9/ed61dbdcee61d2c3301c90bfbfc95b7ea456212ae68d5f0ea0f9a1ce18bdb33f44f756eda0964e9bee747493992204f4b385001086c5f64f1e60c5075e81ac37/dataset_providers.py)
188. decoder_loader.py [COMPILE ERROR] (path: /syssec-nas0/pyc-research/compiled_evaluation_targets/usenix_test_set/python-3.9/86a1a6aac49f23b4c629032c95f61267c4f6a459561dee9b14068b26453696e4cb394c4df8229ba03407ddbc053e2b071ee766f9f9d7c554a3cb7f4a45626965/decoder_loader.py)
189. deephys.py [RECONSTRUCTION FAILURE] (path: /syssec-nas0/pyc-research/compiled_evaluation_targets/usenix_test_set/python-3.9/3a2b3ddc588c54d1f30a22b1bc3927300690106f0c1423b7f26c7e3e473b7c96a2b9b724d734aeb4c1762735d980893c0694885ebbd76d246f96c9595551c092/deephys.py)
190. delete.py [COMPILE ERROR] (path: /syssec-nas0/pyc-research/compiled_evaluation_targets/usenix_test_set/python-3.9/e179207821a8d66b135b002439562231bff33635adc6475fddbfc474b38d7ba3030990c79e5b66727ee17bc2a284b2917afbc94a9015fcfa542e0d94451a56fb/delete.py)
191. delivery_shipment.py [RECONSTRUCTION FAILURE] (path: /syssec-nas0/pyc-research/compiled_evaluation_targets/usenix_test_set/python-3.9/306cfcc590c2813b9d6af74a9fd73e3a42cc8d1fa28f8087e74bcbefcab98b73a921d2385c29416b3422b1fa0417c3bab27fe2bd46f55529910f56fd61d643c2/delivery_shipment.py)
192. directconnect_connection.py [RECONSTRUCTION FAILURE] (path: /syssec-nas0/pyc-research/compiled_evaluation_targets/usenix_test_set/python-3.9/ef248defc77bc827dd5b88efd1dcc22d93b0b22b3f491f1c35767c46bde2a4175a4f48be37f8c0845a2b1bafd89468f14f6f92a3336233e230fe155beb11a239/directconnect_connection.py)
193. distill_model.py [RECONSTRUCTION FAILURE] (path: /syssec-nas0/pyc-research/compiled_evaluation_targets/usenix_test_set/python-3.9/960985c7822e36b97af032a9d67e25a710ce8843a53450f95cbca67281b6ea1a15f882df028d455be1b23f590027d44c2fca3e2b5f97e45ddf95193340f6c1ec/distill_model.py)
194. distribute_utils.py [RECONSTRUCTION FAILURE] (path: /syssec-nas0/pyc-research/compiled_evaluation_targets/usenix_test_set/python-3.9/e18f25d363de6e40cc4bb03fada36ec13766bbafff03731ea3ec15a7ad7cb0b326952169fc291d0aed8dca9b7da5ec4b8e636e729a998c59087a5ffdc92fd92e/distribute_utils.py)
195. dnnl.py [COMPILE ERROR] (path: /syssec-nas0/pyc-research/compiled_evaluation_targets/usenix_test_set/python-3.9/827c7ef1b0b2d004e139a77a194e18ece1d8349bd973083e888e5deb4d4a50c7e6b04198f11924791e59349c79647b0ab06f9ab5164baea88825f69ff5458f61/dnnl.py)
196. draft_diff.py [COMPILE ERROR] (path: /syssec-nas0/pyc-research/compiled_evaluation_targets/usenix_test_set/python-3.9/2105618ea46731051e7137a687fbe7ecc3b9864a715ab0cb0907e6ce43d8f71ddbd8f10f26a064e0b12179687451d588607d82360d2ffa5f27fe9bcbc3f4c8a0/draft_diff.py)
197. drivers.py [RECONSTRUCTION FAILURE] (path: /syssec-nas0/pyc-research/compiled_evaluation_targets/usenix_test_set/python-3.9/3b72455f37dcfd3be6e8538fe295879cd14f03f8e861a70322ce818d8cc7abd69681fd369edd27d8339653d0abc48d362db77d04a2fa7cab70def455e2f33f0a/drivers.py)
198. ebsd_detector.py [RECONSTRUCTION FAILURE] (path: /syssec-nas0/pyc-research/compiled_evaluation_targets/usenix_test_set/python-3.9/226b16c1c4bf164d55ce98b8aac610a0d816c8a8b841463b91069c2d3ea63ae3824c73dfded2a8bc86e0acdf848ed7f7cec78175a593bb04f1f8946d3bfffb02/ebsd_detector.py)
199. ecdf.py [RECONSTRUCTION FAILURE] (path: /syssec-nas0/pyc-research/compiled_evaluation_targets/usenix_test_set/python-3.9/78cbb1efa93ae2d758d6e8a88fe029601ebf9305712c5f055f4a61b74e6608bd49ef49e409ea4d202b51c92272c3ec719ccafee4db32b801ee10e0e337cb8155/ecdf.py)
200. engine.py [COMPILE ERROR] (path: /syssec-nas0/pyc-research/compiled_evaluation_targets/usenix_test_set/python-3.9/a0c91758708c30cf81d9b28dad13b4a0aca3768c7567cf8cd44b93efa66b90975839180b6a7454db858952022341bda3be3a20e8f263c8fcbc297f11522796cc/engine.py)
201. es.py [COMPILE ERROR] (path: /syssec-nas0/pyc-research/compiled_evaluation_targets/usenix_test_set/python-3.9/3572599aea1ac3c627725f41f8061d30d133f6ddff861358a83e5ea2df1ffbd91a520831e8cf2a10752fb071256f5f1b29085a683c56db40d632a1cf01dbcb23/es.py)
202. evaluate_sbd.py [COMPILE ERROR] (path: /syssec-nas0/pyc-research/compiled_evaluation_targets/usenix_test_set/python-3.9/b225d04a0dadd1af2bdb94806bec5ee3a506b938e054665eb5f14ab69e4623d4949aaafd9edd3e6d1134850c127f22c82ecf98b2ea0244c9ab9199dba6f3c13f/evaluate_sbd.py)
203. event.py [RECONSTRUCTION FAILURE] (path: /syssec-nas0/pyc-research/compiled_evaluation_targets/usenix_test_set/python-3.9/ced1f660843e9a96e06190df855da0fc4f94a50471e6f4143d6f259e8e85feebe662aae48d09b03cc77805e70e1be7d4a8918c3813c3eed07d192cd06ae8e0e2/event.py)
204. events.py [RECONSTRUCTION FAILURE] (path: /syssec-nas0/pyc-research/compiled_evaluation_targets/usenix_test_set/python-3.9/32da20fafeba008e3d5b73b0608d811343b6008645ebb446515adbf8f0b4f830629dd7bc310ce32934d02f08386481ba6fcbf0ed8a3ccdd267b52c643f03f3b6/events.py)
205. excel_tools.py [COMPILE ERROR] (path: /syssec-nas0/pyc-research/compiled_evaluation_targets/usenix_test_set/python-3.9/49b7f46684b0bb775a258de808255c7c23b5abda90229c13339d3ae3ef4b3291a511f19005a131e64d014e12d7e7e99d1d0adb83c1365eabaece3f5577a9d579/excel_tools.py)
206. exchange.py [COMPILE ERROR] (path: /syssec-nas0/pyc-research/compiled_evaluation_targets/usenix_test_set/python-3.9/207de057ef63c391f88906a4502e83f565a21c8dafd71e538fa72f0cccbdb40362dfccca80ac74cdda18d45bd623d81fcde1c089d864645d1fd28fb41c7f58bc/exchange.py)
207. exmo.py [RECONSTRUCTION FAILURE] (path: /syssec-nas0/pyc-research/compiled_evaluation_targets/usenix_test_set/python-3.9/0ea301c5bbc3a6bfc3336de606fe556ff9175b34ad400533836b919466c2d1c850ce2f1455f8819ac7d00c718cbf33784388a75c4b45c81d1140c42cffa19d05/exmo.py)
208. export.py [COMPILE ERROR] (path: /syssec-nas0/pyc-research/compiled_evaluation_targets/usenix_test_set/python-3.9/75955dcd80a0c4f6c77525d6046bd1737f43a7494bfad37916b0bc6c6101c21d2b84a5247d45aef1186c729f84d5faeb8885140dde72a8563e8c1db8c0111592/export.py)
209. fields.py [RECONSTRUCTION FAILURE] (path: /syssec-nas0/pyc-research/compiled_evaluation_targets/usenix_test_set/python-3.9/14c97271b5dbc978b88ad312bd4a41365477271fdb7ddb4480b7c20b86866bef420fae838a81043f446328178a7b47b7bd1f87d53f043898e22d68289c1422eb/fields.py)
210. file_io.py [COMPILE ERROR] (path: /syssec-nas0/pyc-research/compiled_evaluation_targets/usenix_test_set/python-3.9/179485b361eacac5884667d7d7374a4ac6c07249285325a5669344c9f71e3169310965ec88e0f16cd9f14f50cc08eada47d93ef7d4ec067700365c63f9fc5f29/file_io.py)
211. filter.py [RECONSTRUCTION FAILURE] (path: /syssec-nas0/pyc-research/compiled_evaluation_targets/usenix_test_set/python-3.9/955d0b6af5cd61f9ef6bb2da223dec678f7b7c65602b0ca94efcd128f00ac05735d0e684cecf3b1199418c04e65cf55d3b70308d1e573ff06552d5596ef9cd78/filter.py)
212. fixedclassifier.py [RECONSTRUCTION FAILURE] (path: /syssec-nas0/pyc-research/compiled_evaluation_targets/usenix_test_set/python-3.9/4578bce1d9260192930a329402a1950c81cfc244f5bd9b96318637f307e9686ccd0abd1f39882030b3d8671aaf362e9aaf4c82dd000e5c1ca14eb57281508fe2/fixedclassifier.py)
213. fns.py [COMPILE ERROR] (path: /syssec-nas0/pyc-research/compiled_evaluation_targets/usenix_test_set/python-3.9/13c110210b211d3c1027e9fda052628eab0d8dcdfbb1012282027347049b2057de5b09a6c07767bd1d3d4feb72fe56cbf9a778ad72b011a66c050b042ac65419/fns.py)
214. format_spec.py [RECONSTRUCTION FAILURE] (path: /syssec-nas0/pyc-research/compiled_evaluation_targets/usenix_test_set/python-3.9/39e72cb2bddc8b72f468b773d48ed8a4fa6ae85648ad33027d2454e4d6281afc22e9fa8506f4249857c35e1226879efc34fd2579bbcfccb902ff9b479b95c7e0/format_spec.py)
215. frame_base.py [COMPILE ERROR] (path: /syssec-nas0/pyc-research/compiled_evaluation_targets/usenix_test_set/python-3.9/4e4a3b2514cf681ab9c9ffa1d40eb22cc45567762037bb723003c2faf563618d29eded256460443a09039ef1280e6e1513bf4ec03767a1d9ed07d515f4017deb/frame_base.py)
216. gdm.py [COMPILE ERROR] (path: /syssec-nas0/pyc-research/compiled_evaluation_targets/usenix_test_set/python-3.9/37290885c451e7f3ec76d92320832fa291f112f11571b60aca18a26c68d50ebdb30a21accffb303ccb83e439fe3abd86970b44f009d564422e6d863eff3c61df/gdm.py)
217. gen_data_rft_export.py [RECONSTRUCTION FAILURE] (path: /syssec-nas0/pyc-research/compiled_evaluation_targets/usenix_test_set/python-3.9/9cfe6aee9d4c591a05d9ea95504635381a703a673c49e29b590bf0fae205c5e832af155d0cc774cfa88abcc0919434a80251e2dd2e62e2dbca011b95868fc52c/gen_data_rft_export.py)
218. gen_image_ops.py [COMPILE ERROR] (path: /syssec-nas0/pyc-research/compiled_evaluation_targets/usenix_test_set/python-3.9/999bc21524713b748867b3158dea753d9aa0cc5199edd18747232d269adb6d415642dc5738e643ed071f8342a437cfce51a86bc1804796969f990ca78c1b5412/gen_image_ops.py)
219. generic.py [COMPILE ERROR] (path: /syssec-nas0/pyc-research/compiled_evaluation_targets/usenix_test_set/python-3.9/a47f68856c8ae9322ac9d570382cb5df77f7cb1b18db470277f051284973c45134fb7224f43b2eb92d6fa74f9850a4aee17ad1240387292156a0a22c45e51169/generic.py)
220. generic.py [RECONSTRUCTION FAILURE] (path: /syssec-nas0/pyc-research/compiled_evaluation_targets/usenix_test_set/python-3.9/d00b530ef7cad6c74113936940c58b5d9b135f1cca5eea2b9a4855f7df6a17e0a236bb00ab5f179d6942cd679e7ffc44e73aee2c31d55396cf77d5208bb31bf0/generic.py)
221. genetic.py [COMPILE ERROR] (path: /syssec-nas0/pyc-research/compiled_evaluation_targets/usenix_test_set/python-3.9/8757a16ce5e82b2e4c8caaa13929a3a4614afb4c56b5a8fb5b94b64814155448a23194316ea07ea38cb16643eae1d5742d9057bcc8dc826fb11ffa936bf61f5a/genetic.py)
222. github.py [RECONSTRUCTION FAILURE] (path: /syssec-nas0/pyc-research/compiled_evaluation_targets/usenix_test_set/python-3.9/7bc6eda4c96166a483cf0731dd600640553e0e58a8f5d674a7be4ad4c9c1165b383902e76f78a295cb7cb9106f627e15d81fcf5026ab74f0f8c8e9e3b7171c1f/github.py)
223. gitlab_housekeeping.py [COMPILE ERROR] (path: /syssec-nas0/pyc-research/compiled_evaluation_targets/usenix_test_set/python-3.9/149239392ac4ec9a5d49aa4a78ccfbfd0664de6f44eb855c3d452e072fc364a431a93b2e069973d226421acd9f223601df091123270a90b78ebcf215911f076d/gitlab_housekeeping.py)
224. goto.py [COMPILE ERROR] (path: /syssec-nas0/pyc-research/compiled_evaluation_targets/usenix_test_set/python-3.9/299137a11ac93e0ff73d950a6863ab7a84635014708bfb4cd09e1d51ea77af768e9c021f5526be993f6f804d29558aeaace0b3a2039f28a0b72d6028038b06ac/goto.py)
225. gradients_util.py [COMPILE ERROR] (path: /syssec-nas0/pyc-research/compiled_evaluation_targets/usenix_test_set/python-3.9/5648588e01f4c2bcc04811c614dedb27d318d1b9b2671edb26271215ea5674ef96d05ba9f5fd4117d6ccd02b17ccc5772f3d7f9c2e34291fcebf426c86a2df64/gradients_util.py)
226. graphsim.py [RECONSTRUCTION FAILURE] (path: /syssec-nas0/pyc-research/compiled_evaluation_targets/usenix_test_set/python-3.9/9f9e9dac8ff0d9f300f98939d540f49e67d9ccacfb3c8f55d8a67a548292a9ebce65b23d1f53d207b0a03a4e18771e9205ffcbfec3ec22738600ceca014d0651/graphsim.py)
227. graphviz.py [RECONSTRUCTION FAILURE] (path: /syssec-nas0/pyc-research/compiled_evaluation_targets/usenix_test_set/python-3.9/093823bf553094c6186e1c0fd2a2ccefc9e2b250279d5daa508350a3c52227ffd51303775818595404f9939ac5a3b2a19d981183685ed30c7eb03d2f71af689d/graphviz.py)
228. grid_finder.py [COMPILE ERROR] (path: /syssec-nas0/pyc-research/compiled_evaluation_targets/usenix_test_set/python-3.9/9adb7cace7418536c7432515bcdeb74b3ce556902914e1788bdd9ed8bc0b79769ad0ed3f1534ff8cc5b3833e77494b02883fc782f9ae8f9d804fd3705156e6af/grid_finder.py)
229. grizzly_user.py [RECONSTRUCTION FAILURE] (path: /syssec-nas0/pyc-research/compiled_evaluation_targets/usenix_test_set/python-3.9/ac5e17a26108d252ae28fbfb8c74f68b898fb82fe526812bc74387e826b13ecbbf5a00a3e2b988e2782a362e12e1794f1bfd44aae2dc361055f2014882ac249d/grizzly_user.py)
230. hashing.py [RECONSTRUCTION FAILURE] (path: /syssec-nas0/pyc-research/compiled_evaluation_targets/usenix_test_set/python-3.9/dfc3be2ec5c99d4c3ed686bbaf9dfccb48cd23e5950825c01e70c6d2253bba1392c6900feef618e4e549a81f56950af98fe641bd44b3a40258be603c59f27da7/hashing.py)
231. hide_utils.py [COMPILE ERROR] (path: /syssec-nas0/pyc-research/compiled_evaluation_targets/usenix_test_set/python-3.9/3e9b640265aa654cda4581e3cf6418aaa817f1fcd6feedc06f35dec3c6dbe7d8f18d98c5ac4c49409745f7b89a0016c11ad0a5bd89133de147958fd86000dbae/hide_utils.py)
232. html_embed.py [RECONSTRUCTION FAILURE] (path: /syssec-nas0/pyc-research/compiled_evaluation_targets/usenix_test_set/python-3.9/9a17a5d98270642bcdc7df83843bfc3c70cf64dad5bc0dcd755956873723fa289e63e3c34f677b1b2e3ce0daf53ca7c7f257954e79d05d3a53f8824dc2607310/html_embed.py)
233. http_client.py [COMPILE ERROR] (path: /syssec-nas0/pyc-research/compiled_evaluation_targets/usenix_test_set/python-3.9/75195eed5eb8f6149d580556992a29f25c2bd1e4a55864ef1e0cae34bc38172af9147507e4cf0b8d3575c01023be5eddee347114fff17c04c6215d208f81925a/http_client.py)
234. huobi.py [RECONSTRUCTION FAILURE] (path: /syssec-nas0/pyc-research/compiled_evaluation_targets/usenix_test_set/python-3.9/0ca8bdab8e703cade31c64c89582b74a7de7bf864064d917172058fd290934900f22cd8577549d8b7302a8607abf224211686eaab8c47f69f64b8ff86bfd1fc1/huobi.py)
235. iam.py [RECONSTRUCTION FAILURE] (path: /syssec-nas0/pyc-research/compiled_evaluation_targets/usenix_test_set/python-3.9/5c18998e99a71f26959cac3f1bda5d4480752707c3fd70f13cc1ae21c71f49a8e5557ea1786822f592947575b58aa5da131fda478d22cd25a22aedd1585958e8/iam.py)
236. identity.py [COMPILE ERROR] (path: /syssec-nas0/pyc-research/compiled_evaluation_targets/usenix_test_set/python-3.9/2f351d3f845f920ecba68a6c3e9347b964967c60aa38157cea3b08d758a5dd05cbc194715e88cb592cb2e93427ecebd318479eb3a908e5f1b414c167ee8ec9c0/identity.py)
237. info.py [RECONSTRUCTION FAILURE] (path: /syssec-nas0/pyc-research/compiled_evaluation_targets/usenix_test_set/python-3.9/5b408dd2684bc57b5412313fe43f4a77d3be22d1b961facbeec3287ced3113ab991389224bb4408b00e87bf94dac6ee66fee3c32344d1ed9ad382747e5272e07/info.py)
238. information.py [COMPILE ERROR] (path: /syssec-nas0/pyc-research/compiled_evaluation_targets/usenix_test_set/python-3.9/ec93898595f29ddfed0893ed9ffbccd07f005eb5e329997293abbde90c03b1ae1e2b33489d6d267f81a1f6f94a9e63c404a8b4fc057732651f9f56d956b3cc70/information.py)
239. init_route.py [COMPILE ERROR] (path: /syssec-nas0/pyc-research/compiled_evaluation_targets/usenix_test_set/python-3.9/4891fb5f3d65ca5059ce9c9676b63115e3764e63a95339ea1698bec1e6551e677168aeb8769277358b64f62fb49307972b8efb2e23f30dbe41e94c752f2ea4fa/init_route.py)
240. input.py [RECONSTRUCTION FAILURE] (path: /syssec-nas0/pyc-research/compiled_evaluation_targets/usenix_test_set/python-3.9/4f48007ebf96ca10c41a087e282a16fcabd4e668a1d85dd47fa5d4979b463788f22eabf524017ad5ef3167c52856dcf02a52d95cdbf76aac8c440b1176902749/input.py)
241. input_spec.py [COMPILE ERROR] (path: /syssec-nas0/pyc-research/compiled_evaluation_targets/usenix_test_set/python-3.9/e93c355e44b261b2059f878d60baf482836beb2057030b8fd0406b043e32a5e1de32dc747d2afe6bd90d2c33ddfa3c3d0eeca8558bfca81b8eb4d11a806f1c89/input_spec.py)
242. install.py [COMPILE ERROR] (path: /syssec-nas0/pyc-research/compiled_evaluation_targets/usenix_test_set/python-3.9/ffbbd47346632ced7c335e3fd9f108521233b44c9ac16433e36df9ddedf6fdf018323b82f8341443d4b86b6dd75cc4eef473b09400abe31ee4592a9c9ebbc2db/install.py)
243. intent.py [COMPILE ERROR] (path: /syssec-nas0/pyc-research/compiled_evaluation_targets/usenix_test_set/python-3.9/ce2c0094f9d77c1d04e616e22dfbdfb78efad93ccd93f6b317815bc57046a8b7bad982ab5b74ea67a0cb06657d4ac76cf8d6f0d15ec69f77287ef5187b2e25de/intent.py)
244. interaction_box.py [RECONSTRUCTION FAILURE] (path: /syssec-nas0/pyc-research/compiled_evaluation_targets/usenix_test_set/python-3.9/22c087a1a9befa281c494a84039e5927b46f70d5dd1f956ac33420a5fa6fec50d2ac57a397b22b97b1f4149a5d29d4567a40571787bb2bbee561676c83d632b6/interaction_box.py)
245. interpreter.py [RECONSTRUCTION FAILURE] (path: /syssec-nas0/pyc-research/compiled_evaluation_targets/usenix_test_set/python-3.9/4a37d1b843b25000a4482706ea3897806952a1883108ac90dcff386289b2f30cccb47711faf06eba92235e030ba7b47d9183bb0976fa69ed060d822713652547/interpreter.py)
246. interval.py [RECONSTRUCTION FAILURE] (path: /syssec-nas0/pyc-research/compiled_evaluation_targets/usenix_test_set/python-3.9/4e167e445620006fc577a863d4fb3637a862184baa280817cf606245d22ca62594ee61146695fbf1c9e769e6e50a1cac3b15998a823f4eba26b4f472a256072e/interval.py)
247. interval_lifecycle.py [COMPILE ERROR] (path: /syssec-nas0/pyc-research/compiled_evaluation_targets/usenix_test_set/python-3.9/39dd3de8a559eb00074c5244936139667e258d4aef62d1750bcedff287311bdfbf63adc3ecfe8c07c1ca525a6c6e978b167e9c2f457b7eb9b0dbc886f393e276/interval_lifecycle.py)
248. io_argoproj_events_v1alpha1_bitbucket_server_event_source.py [COMPILE ERROR] (path: /syssec-nas0/pyc-research/compiled_evaluation_targets/usenix_test_set/python-3.9/850830b8780fa4fb945ac7e1ea9233ed4b866cfe7cb08f591eb12abcbaa7b48561744bfe6206997a3d2e4a9493782be0534a3f1481c6b56f61863cb36ff15fed/io_argoproj_events_v1alpha1_bitbucket_server_event_source.py)
249. io_argoproj_events_v1alpha1_git_remote_config.py [COMPILE ERROR] (path: /syssec-nas0/pyc-research/compiled_evaluation_targets/usenix_test_set/python-3.9/d07de91bf713abada261d45d16f88900970f56e8af514d55afd86d07f00052f4676a85d8601faaf350c4224eeb8f40558ba0d736747cbf909b7ad5ef8b38131f/io_argoproj_events_v1alpha1_git_remote_config.py)
250. io_argoproj_workflow_v1alpha1_cluster_workflow_template_update_request.py [COMPILE ERROR] (path: /syssec-nas0/pyc-research/compiled_evaluation_targets/usenix_test_set/python-3.9/83722721ddf04c7db306fb56c19921255ccdcff1583bbe4610a6610a6e37ce9543bcf22efd0e5b7563e363db112583b277485732ac025708a6a6d0992e452a6f/io_argoproj_workflow_v1alpha1_cluster_workflow_template_update_request.py)
251. iterator.py [COMPILE ERROR] (path: /syssec-nas0/pyc-research/compiled_evaluation_targets/usenix_test_set/python-3.9/6b292028392c316b624bea1345952b3aaf3d04b7398d39c64e80e7caa8b113d8b6ab540cdf956e02b78dec1b3187817ce41f61d0c0b64d7d756c35b9cf2e1c98/iterator.py)
252. jacobian.py [RECONSTRUCTION FAILURE] (path: /syssec-nas0/pyc-research/compiled_evaluation_targets/usenix_test_set/python-3.9/773ce417008a2a9286c82fe6768fd3a3685fb3a5a453bdff22bcaf19dc9037beb73f0f910aa62b3e08641fce3217dc88479d4ec8801a794bba59ca4dc1c1354f/jacobian.py)
253. jinja2_debug.py [COMPILE ERROR] (path: /syssec-nas0/pyc-research/compiled_evaluation_targets/usenix_test_set/python-3.9/d7066f719f9e8e30e2a90c0e1c0f59cf4951c0226e477a3961949274899396491ba9f8d27ed4adbd19a609a0ce4bbe9bb437eed3be00f576cdf20ac7401fecfb/jinja2_debug.py)
254. job.py [RECONSTRUCTION FAILURE] (path: /syssec-nas0/pyc-research/compiled_evaluation_targets/usenix_test_set/python-3.9/725e2f198c267e8eed07dee213c2fa0c5ac6d0cfe2749a2d68ab19990cb2dabf02cbf0579e55d0952205354f66f8aaa5bd4e9682d0d168ab455fbc2947040cca/job.py)
255. job.py [RECONSTRUCTION FAILURE] (path: /syssec-nas0/pyc-research/compiled_evaluation_targets/usenix_test_set/python-3.9/82eec94ca7098abfb0066b6bd225c11bb4eecd18c9f4cffd42b6f1ccafaf452005d2e1b8a85faef6d2d1c27bff26798fdca9a09b0792f3fe38c40c5fb2ef86ff/job.py)
256. json_format.py [COMPILE ERROR] (path: /syssec-nas0/pyc-research/compiled_evaluation_targets/usenix_test_set/python-3.9/811d12c92e619883d55077105a66ffc49f9a135e6ab4eabb4abbe6ab3faa92ed27b295d5f78a9d2a68951e7d6210e9cedd17047c4cc41a59a0ec42bc6b009ad0/json_format.py)
257. keras.py [RECONSTRUCTION FAILURE] (path: /syssec-nas0/pyc-research/compiled_evaluation_targets/usenix_test_set/python-3.9/7c8c1e60f94e9fceebb95b119b33914485a7c0cdb829881cfaaff7d7faaeef9b0af8a986d9afcff85be4c4009d3bf5e655a9761102f467449205aab947b1affe/keras.py)
258. keyvalues.py [COMPILE ERROR] (path: /syssec-nas0/pyc-research/compiled_evaluation_targets/usenix_test_set/python-3.9/3e2f6916afc2d8c43cb25a6db0418a3aedb662e3566aa6f085912e3460565ee21c92a430d4f67599a4a1e2c7e4d452180eca112113ebe7048c9e642baccdbe77/keyvalues.py)
259. kodexa.py [RECONSTRUCTION FAILURE] (path: /syssec-nas0/pyc-research/compiled_evaluation_targets/usenix_test_set/python-3.9/6d9407bd5af45dee7d743ba1ba1908ac78e3d1ca3061b8d31ccea544c08d12e1b559e1c8d72bcf513a9f29699fad568b7be0c09fcbb3232e1fe2e076f73f04f5/kodexa.py)
260. kucoin.py [RECONSTRUCTION FAILURE] (path: /syssec-nas0/pyc-research/compiled_evaluation_targets/usenix_test_set/python-3.9/19c2c46d51211c467926842d792358ba35359c3f88f427661b5bd385926149c4d9fa355eb64a962fce6ba9e341bf22d3a09161aa4a16054453e12fdd131b72c9/kucoin.py)
261. kvr_dskdm1230.py [COMPILE ERROR] (path: /syssec-nas0/pyc-research/compiled_evaluation_targets/usenix_test_set/python-3.9/ddd53c62c0c4efbe20932fc0bd44f57d745efb5917e088c668c754ecdaca8c776dc6674350bc0837c5204f0aab4addf0aacce67eedf7f77741e1c2a9b9f7c9cb/kvr_dskdm1230.py)
262. layer_norm.py [RECONSTRUCTION FAILURE] (path: /syssec-nas0/pyc-research/compiled_evaluation_targets/usenix_test_set/python-3.9/030b332c8762fd486faf80ea78b5a587f0a01c9157b38524007063a3f864b4a1265d9c2e5e8b1e8a6101417e89acf9f0a38d8a2a1a609844e7741cc11e805208/layer_norm.py)
263. ldap.py [COMPILE ERROR] (path: /syssec-nas0/pyc-research/compiled_evaluation_targets/usenix_test_set/python-3.9/9ac5b88a7da5ebd28c050dc78b82f0281d29f6b168103f23cd780afcd53d9fbb5a8d9293e843b3b2b2b0e5c9df5ad35de1c6e098c10923d2dbadd5748bdfd3de/ldap.py)
264. legends.py [RECONSTRUCTION FAILURE] (path: /syssec-nas0/pyc-research/compiled_evaluation_targets/usenix_test_set/python-3.9/5697d9822922f59cc5b5be1183cbf1ef60f81bf47dc8394fcf48cf4e71ab4584e580c2ad7f8d88b84aabab1c0942efef110a711b8088b493a2da9696ae67e784/legends.py)
265. lex_attrs.py [RECONSTRUCTION FAILURE] (path: /syssec-nas0/pyc-research/compiled_evaluation_targets/usenix_test_set/python-3.9/459ec14e28556c899ee002ca5285bb361771e43295f962834ee033d6ff6e233a5d8022448be859cea9c7d033b30ac1967f95f46f33290d926e39139d6411549b/lex_attrs.py)
266. lib.py [RECONSTRUCTION FAILURE] (path: /syssec-nas0/pyc-research/compiled_evaluation_targets/usenix_test_set/python-3.9/fd5686194ffcff6fc29a1d74be29e6cf119d3594bf5befd8c60fb20fd5f566dae253d57a353e45755e55cd22fa0abd29392c03764a759b587b484dded3bbabcd/lib.py)
267. lib_backup.py [COMPILE ERROR] (path: /syssec-nas0/pyc-research/compiled_evaluation_targets/usenix_test_set/python-3.9/bf62423ec4b76f5e73585215a512942a1ea250f4e9b11d3bafe922689aeda1fd9a5f561332d8e95e176f1dea55a82104ec2f41af63680ce68436b66c51cb0067/lib_backup.py)
268. library.py [COMPILE ERROR] (path: /syssec-nas0/pyc-research/compiled_evaluation_targets/usenix_test_set/python-3.9/3260a9ff3452ac9746cfa0dde6d071167c76200ff8747b6bc253d635932fe035746b36060901764122b08f17d63f12fc590683535ab84ad721065262a13f91da/library.py)
269. linenotify.py [RECONSTRUCTION FAILURE] (path: /syssec-nas0/pyc-research/compiled_evaluation_targets/usenix_test_set/python-3.9/722ca3e81041928fcf9f9995790128538e01184e8f7ff90a0ed80563ea2b915f774afbfabf97ff296ebb826e74545af089c3828a4e2d45145d85317bd8bfbec4/linenotify.py)
270. loader.py [COMPILE ERROR] (path: /syssec-nas0/pyc-research/compiled_evaluation_targets/usenix_test_set/python-3.9/06bd23c76f46501eef32a0d2c4c7889e2385f4657c50c548d7f643551e1692868a2a8a60d2e2b00fa79f661b608714bdb867ae5230bccc53eca0f0e623ec338c/loader.py)
271. loader.py [RECONSTRUCTION FAILURE] (path: /syssec-nas0/pyc-research/compiled_evaluation_targets/usenix_test_set/python-3.9/165996b4d7e08724204ddcb904ab832bc1eccadd66fdd294457ea9fd8d98b98cb19da77ded96548a4a46c089967413123231d356f9fad2f61cf572afa9c402ae/loader.py)
272. local_search.py [COMPILE ERROR] (path: /syssec-nas0/pyc-research/compiled_evaluation_targets/usenix_test_set/python-3.9/ccb6eb0ecfd9b3c55c5bedce71b9671301fc18102882ab70c977a21eefffb0fec6a83ad470ec464185ddbcfed54eac6d6e9f6313c18f43842a0077660b28fc5c/local_search.py)
273. log_view.py [COMPILE ERROR] (path: /syssec-nas0/pyc-research/compiled_evaluation_targets/usenix_test_set/python-3.9/178b56efffd3bf832efb44ba7322816793c16a4d8b32d4fb5f33b48512e0c4def66df5cebfbc5e5b33c685c89d9f67bd41ab6f51b0eeb3d208c7502a6c4933a2/log_view.py)
274. logger.py [COMPILE ERROR] (path: /syssec-nas0/pyc-research/compiled_evaluation_targets/usenix_test_set/python-3.9/1e8aa996533bd98bb5bc48e6a539f85c9e7ec952a65879d9638c61aa303add64c2f7da404a26a1666c1a4e089750406fe5f862dc8346a3861254c4393ac7a12e/logger.py)
275. ls.py [RECONSTRUCTION FAILURE] (path: /syssec-nas0/pyc-research/compiled_evaluation_targets/usenix_test_set/python-3.9/0e105bf3fac776a22e7d274e91267859a138111dbf82d1646953b3e3386f8fa55e0d1ae48c6a97e802e38572b45d13493ec4e1376274aecce14fd2c2374a7dff/ls.py)
276. magnet.py [COMPILE ERROR] (path: /syssec-nas0/pyc-research/compiled_evaluation_targets/usenix_test_set/python-3.9/e8a7a2e0eb04a45d427bdb2c512b059109420d229f9be5dc6cd51cee2fefee9ea614264d5fc7dd2bec33cfae27f7c61da915f6354bbdd1b9102311ce5f00eb33/magnet.py)
277. main.py [RECONSTRUCTION FAILURE] (path: /syssec-nas0/pyc-research/compiled_evaluation_targets/usenix_test_set/python-3.9/588a95ceeaa46f2fb7b3e6ea3adea17489f263714a64e73aed23463ce327de1c3821e1ce20792860ed486dfd2c989009d5c9bace8f7137565d692bdd8fd44489/main.py)
278. math_grad.py [COMPILE ERROR] (path: /syssec-nas0/pyc-research/compiled_evaluation_targets/usenix_test_set/python-3.9/dec7ab7f96054af2d9dff76b1a6983e065fb672aa3e916080c1231aa5b5e1d8188caf0b12ef0153d8ec8d6d358b6d89acaccaa7bfef25bee7f66b74ebf9829d9/math_grad.py)
279. md_and_sec.py [RECONSTRUCTION FAILURE] (path: /syssec-nas0/pyc-research/compiled_evaluation_targets/usenix_test_set/python-3.9/35c0947e23435c5097a3552777bc2d55e55ccc4eeaf370eccbe9539fdb96cec482d8bb0fddfcc44cd92d6ae50d21ed4b018d4ec0e968c269e300a045b1e2537b/md_and_sec.py)
280. migrate_annotations.py [COMPILE ERROR] (path: /syssec-nas0/pyc-research/compiled_evaluation_targets/usenix_test_set/python-3.9/6329d98f8ea8ace2e1f7eee38b4e1d78e49e9356d95df8b6c66684cbda70d1b6ad8f97da9e9af2e5da8fca93d930f1a09b3d54e2c02c70d522ae2b2ed985054b/migrate_annotations.py)
281. mo_archive_pruner.py [COMPILE ERROR] (path: /syssec-nas0/pyc-research/compiled_evaluation_targets/usenix_test_set/python-3.9/f590bb25c0d4b4146045a632d9f5cba08a8c271e77dd8129088ad70d8ff15a8f17272249642232ac199677e6db080749af2a12d7202fc60c50aba698c1bc8cf5/mo_archive_pruner.py)
282. modeling.py [RECONSTRUCTION FAILURE] (path: /syssec-nas0/pyc-research/compiled_evaluation_targets/usenix_test_set/python-3.9/4c2505523465b8254355fb0fd35a74eb41277868ebc7eca90ace6fc034dcaaf61b2eea0802cceb1a43e5324ea2884a440b3877e138522023986d2e9efddcace2/modeling.py)
283. moving_averages.py [RECONSTRUCTION FAILURE] (path: /syssec-nas0/pyc-research/compiled_evaluation_targets/usenix_test_set/python-3.9/5e987afb11bd4ae69a5dd7f45890fb820465d5587adf04738020ab01294e8ad6102cdf281a2f7d4c61f3893341c3adfbf7c95233d522cb35b5266baee1dbf45a/moving_averages.py)
284. mtv.py [COMPILE ERROR] (path: /syssec-nas0/pyc-research/compiled_evaluation_targets/usenix_test_set/python-3.9/2cffa091502bcd49fe1d4cef4a94a0acbc22c365c54213895216e38eac35d6bcf48687b2bb056f43264a81170c12ba5d8f5035a06522bac93e3c16bd955c8173/mtv.py)
285. n0struct_references.py [RECONSTRUCTION FAILURE] (path: /syssec-nas0/pyc-research/compiled_evaluation_targets/usenix_test_set/python-3.9/63c38ed7aa2caac2d35fc08dac1bdc5973eca3f24204e01308285798228674b8ab98d24a07c25182060ca5de2da8aaed4bf503e0f8a67397effb5efc66019ef1/n0struct_references.py)
286. neighbors.py [RECONSTRUCTION FAILURE] (path: /syssec-nas0/pyc-research/compiled_evaluation_targets/usenix_test_set/python-3.9/a7617adb0c35daee0e21d526a5a88eefaae98270d8f3c215152ad2401f05612f8dfeecbe1ac842062dfc6e7402b4615104d1f1bff5d10220d380e196e6490e5c/neighbors.py)
287. neo4j_helper.py [COMPILE ERROR] (path: /syssec-nas0/pyc-research/compiled_evaluation_targets/usenix_test_set/python-3.9/66b1d338cc1b003363c6f3c85791ac64574b3817f625e0e630b2a2d78b70c9c00ac920ade08e19191145fa3ef6cf23663c2b88466ca6aa1b2fb407e81a1f998b/neo4j_helper.py)
288. nim.py [RECONSTRUCTION FAILURE] (path: /syssec-nas0/pyc-research/compiled_evaluation_targets/usenix_test_set/python-3.9/7f5faa1330c160665714c68f2704d7547c65aa657dcf4776c9c5ace31346c4bce6619aaceef44a69193cf855f60d1aebc4b8b3e94fc6edb57cfc9b292d5babfd/nim.py)
289. node.py [RECONSTRUCTION FAILURE] (path: /syssec-nas0/pyc-research/compiled_evaluation_targets/usenix_test_set/python-3.9/11c569da5982ec918257febdc6ee16e7df05dcdeb25405b450c43e3b5e17fd44979b82276347d0b68f0831d75417fa653c06df0ec46ef371bd8ea48536f69377/node.py)
290. nsq_route.py [RECONSTRUCTION FAILURE] (path: /syssec-nas0/pyc-research/compiled_evaluation_targets/usenix_test_set/python-3.9/362850697094a7a1c561244e8ec5d455bb085ed58c39734bc7b513a090225c70665964d1157e2a8a952c3233e958f104d85614617542467f3817243da2254e8a/nsq_route.py)
291. numba_.py [RECONSTRUCTION FAILURE] (path: /syssec-nas0/pyc-research/compiled_evaluation_targets/usenix_test_set/python-3.9/155f5f35e9a1427c525c705bc9dfb50e075b378eba64d9738eaee390e35c7e68ab7cdbaa6d66f082af623e0ab1afa7c80d8a71ae82772d51602d9047ba876675/numba_.py)
292. ocr.py [RECONSTRUCTION FAILURE] (path: /syssec-nas0/pyc-research/compiled_evaluation_targets/usenix_test_set/python-3.9/f304e8c9963de2601e7a283b78bc4e43c4c70ab961a743dfd02323453e0894c1a019114174972eae9d6cbd839566644b3bd9e1d0a2c2822f7782156423cbdd9c/ocr.py)
293. old.py [COMPILE ERROR] (path: /syssec-nas0/pyc-research/compiled_evaluation_targets/usenix_test_set/python-3.9/f9d7e6438f4ac9ad73a7e47522c0bfa57c3f21651f526a2121787820b4ffdc0426bc1209862be1ef169719521404cb4b48fccf1185007e5f06d05b3aa1557107/old.py)
294. ome_tiff.py [COMPILE ERROR] (path: /syssec-nas0/pyc-research/compiled_evaluation_targets/usenix_test_set/python-3.9/6710749f23afa2e5f61f5ae1f0269b78aa78f14d6444823652b877cccef54254b460e9164289ad7e7d51a44047df851ceb245176af7be97d376a8d00fb3db1b8/ome_tiff.py)
295. paginate.py [COMPILE ERROR] (path: /syssec-nas0/pyc-research/compiled_evaluation_targets/usenix_test_set/python-3.9/a8bfd14a0f014ed9f9803e834eda55ad7b297d13385b20b0cde324edd30af2c920cbda33e8377e32534dce443852ca20913b4e4f2d7b4254f2b9d3ce8d5b15aa/paginate.py)
296. parallel.py [RECONSTRUCTION FAILURE] (path: /syssec-nas0/pyc-research/compiled_evaluation_targets/usenix_test_set/python-3.9/43701dbfcb92a162227c076498d73ad9fc929885a9ac5ef2a4c86bd56c570a1df444c5b8e0fccb137880aaecde15fe40becb3a52aad7c2aedbd5f19d91822b77/parallel.py)
297. pat_data.py [COMPILE ERROR] (path: /syssec-nas0/pyc-research/compiled_evaluation_targets/usenix_test_set/python-3.9/d10883fac0f0970044d919ccceb3d251d8fd64db53fb84e383317a4544c139e73935f807dbd1748d82e65754f7cf486814f215c8ffe1fa6c6a2fd6595f53a0ad/pat_data.py)
298. pcapd.py [COMPILE ERROR] (path: /syssec-nas0/pyc-research/compiled_evaluation_targets/usenix_test_set/python-3.9/79fe122f09209c15bd24080d6d4ad8ec26b7778f01e874ae888509d91163cb0c6fc40c7700cc0bc19be1af492af37de7c2d9bdbf8299353810061cceb7333854/pcapd.py)
299. phc.py [RECONSTRUCTION FAILURE] (path: /syssec-nas0/pyc-research/compiled_evaluation_targets/usenix_test_set/python-3.9/b025c59e8c656aa2528af998fb330c650edf561ab41b29587c2bc0bd2ece8cf9407fc9e4f208c52ecd8d4df765f43d3060b4d22e2594241dad87bbce638b89a7/phc.py)
300. pipeline.py [COMPILE ERROR] (path: /syssec-nas0/pyc-research/compiled_evaluation_targets/usenix_test_set/python-3.9/4ba20f5a25174f2f3e06a6ed825b9721b9ecb2404024c91059be083041c0ad65ff38a83652ccc7e8e2a0dc15a563752153e09dbce7567484571da90c4e545a12/pipeline.py)
301. pkfont.py [RECONSTRUCTION FAILURE] (path: /syssec-nas0/pyc-research/compiled_evaluation_targets/usenix_test_set/python-3.9/3bcbd7e8376302af4aa0a0d664b6938a04821283b48aae124137ead2efa508ed6da8b5b8675977696a51701220532aed5872e5ce708df2f6932bc188dba8c8c8/pkfont.py)
302. platform.py [RECONSTRUCTION FAILURE] (path: /syssec-nas0/pyc-research/compiled_evaluation_targets/usenix_test_set/python-3.9/b9abbf8bfb32a6e79a5d2214682818f8615bb9efd4ab25bb42aa1e5721bb592f232e494b3914c0a4ab94f6e94a6a764312c398ed7bfe650afd127630abd6e635/platform.py)
303. plots.py [RECONSTRUCTION FAILURE] (path: /syssec-nas0/pyc-research/compiled_evaluation_targets/usenix_test_set/python-3.9/98ec30943dab93397c1927d854d28e7c4f84a008a2fbe33451ea3a1454f96740338a2b969db90740d0367fe3acc5da5e111d11fe2b3be5efb84144ca6d7d1bce/plots.py)
304. plugins.py [COMPILE ERROR] (path: /syssec-nas0/pyc-research/compiled_evaluation_targets/usenix_test_set/python-3.9/f00bde1a7bdb97d892bc24d356463bca33989d6d2e05d5d2a1092618de0956ff322de7238204f2d3594b66678a88e7f94d80001c8c1596152a24a011f0678be6/plugins.py)
305. pms_service_line.py [RECONSTRUCTION FAILURE] (path: /syssec-nas0/pyc-research/compiled_evaluation_targets/usenix_test_set/python-3.9/4b2ae674d2f3282ffe94163a1c9a9dd9d46af9d1d48a9ecbec861faaabde2f022b9d9d726e35e6e0ac84e29ba6be2949c3cc0bef5dfbebbd56a4f16b568b3e0a/pms_service_line.py)
306. post.py [COMPILE ERROR] (path: /syssec-nas0/pyc-research/compiled_evaluation_targets/usenix_test_set/python-3.9/74c742354d7ea5760e0fbd980816c54c436e3569bd60ddad33017e854f6810603d832ff83c8da1dd6838b6875515d4d0314db67a1f70129c5663aeb7d666b71f/post.py)
307. post.py [COMPILE ERROR] (path: /syssec-nas0/pyc-research/compiled_evaluation_targets/usenix_test_set/python-3.9/c94ca0b9a995fd1f6a5eb435be4821f28d70082640fcc7169cb0697b26f2064ea15dfb1d978cf55d2ea1a0a1a2d2ea30e43d468cc19904610f8d878a0156435e/post.py)
308. powervr.py [COMPILE ERROR] (path: /syssec-nas0/pyc-research/compiled_evaluation_targets/usenix_test_set/python-3.9/b5089ffac8647197143b66dfdff4b4cc62ddc61b489e2bda9e3cf988c29b91c033b48b8dccd543210c088d4d15489c52567c9b99cef391a9ccf4cc67cf723c66/powervr.py)
309. problem_specification.py [RECONSTRUCTION FAILURE] (path: /syssec-nas0/pyc-research/compiled_evaluation_targets/usenix_test_set/python-3.9/cbed7605b8f71582bd7b77dbb2a84c07be7253d9cc52240ad342aea291a631183d67a71796d3be9a7b1882f4b0e009c7a611d70b974183656921b269010ffbf7/problem_specification.py)
310. processors.py [RECONSTRUCTION FAILURE] (path: /syssec-nas0/pyc-research/compiled_evaluation_targets/usenix_test_set/python-3.9/887e1e40d9eec30b7a390ba280e1d05d2fe026c02ebc4bf76a151487292c6b4bfdacf49762b8a4aaf4641c416e39598bf3cd38bfbe02fa447b6d40a253a2922f/processors.py)
311. project.py [COMPILE ERROR] (path: /syssec-nas0/pyc-research/compiled_evaluation_targets/usenix_test_set/python-3.9/feada67d1617ccca55c3f9142bd99050ff546daf28d2d83cbf792c4affc5e144bc077a44f1ebd88232a4d627781765327eb87becfdb283ef681f55247cecf6eb/project.py)
312. proxmox.py [COMPILE ERROR] (path: /syssec-nas0/pyc-research/compiled_evaluation_targets/usenix_test_set/python-3.9/fbd60ddfcea2e16fa7e65bdaa94a05578d92ed4bd8e238ae9d40b2517f1f503a02af8b145c8e89eefe55759a65c3ba055964aeb2e27c2dd34d55efe32fa2e93a/proxmox.py)
313. psuset.py [COMPILE ERROR] (path: /syssec-nas0/pyc-research/compiled_evaluation_targets/usenix_test_set/python-3.9/bd4d2c830c13c1cbcf5694651b0c39b64000520dea33bc7ba5958b3f5f3031f90525b0304e114fc32699626451895e93e398239ba1aa745aabc0b1c27ab6c1cc/psuset.py)
314. py_utils.py [RECONSTRUCTION FAILURE] (path: /syssec-nas0/pyc-research/compiled_evaluation_targets/usenix_test_set/python-3.9/2f334f9e74a314724ff054ef7712134d52d91368f06477dc9472a7fef7b35c090a9015b5c5033f595b9b6dff49eaef83e06e0c3fc302f9a069e1ece0602d1802/py_utils.py)
315. pyproject_toml.py [RECONSTRUCTION FAILURE] (path: /syssec-nas0/pyc-research/compiled_evaluation_targets/usenix_test_set/python-3.9/b25857ca52823a4b1650f103b216ab3bedc4dcd0cc772dc2e52f57df63a0d3075755aaaa361b387a3ab0f842d01099f883df3c7c6cc5a33606d3e5e71ec9a356/pyproject_toml.py)
316. pytest_check_libs.py [RECONSTRUCTION FAILURE] (path: /syssec-nas0/pyc-research/compiled_evaluation_targets/usenix_test_set/python-3.9/70f1f1cada66df9074888b4c8ea3d0cc38b3be946089ac4f32b14c26b093a0fcfc9fc7500dace6365de7c1d50308cfcad0d0cf59e7760acf1730d834ad95f15f/pytest_check_libs.py)
317. python.py [COMPILE ERROR] (path: /syssec-nas0/pyc-research/compiled_evaluation_targets/usenix_test_set/python-3.9/f06110e27806ca908dbb6f641834a8495cf4fdb3a7afc1f9cb2cb4882173d7009f3debf3a69d13f6d32176baf61ea22b612c200bbdf3493c1b9b62f5fda86d01/python.py)
318. readers.py [RECONSTRUCTION FAILURE] (path: /syssec-nas0/pyc-research/compiled_evaluation_targets/usenix_test_set/python-3.9/292458ebbf2798030d10328b0e2c372d0ad4b811da1321050465df27c87d2b45b2cdf07f3d51ffa5a15665f8752742d45759e13d8ee5502a5d1ad92767b1e8ce/readers.py)
319. readers.py [RECONSTRUCTION FAILURE] (path: /syssec-nas0/pyc-research/compiled_evaluation_targets/usenix_test_set/python-3.9/49aeb0fd86a64fdc66ab1b78333e9e9dc3d3213c739146cea2ce88d596bc77b20498088fa63938e88b30180dc7603980d5af895c8a53616646c3372e016f9d40/readers.py)
320. referring_video_object_segmentation_pipeline.py [COMPILE ERROR] (path: /syssec-nas0/pyc-research/compiled_evaluation_targets/usenix_test_set/python-3.9/d9ab91f72e2e6c5fdad4bf1351d0585d333c6a52799350dba5ae80289973e4dc0ccecbedea5f1c5b66d76ef2266855142c015069fb7e78136768e783621ccbef/referring_video_object_segmentation_pipeline.py)
321. renderer.py [COMPILE ERROR] (path: /syssec-nas0/pyc-research/compiled_evaluation_targets/usenix_test_set/python-3.9/acc2056c36386bc377bbe529fe7d7f1b671072e769c71a5568483a23f5c3c4a1c3fda87ad3401b8d583ffc911c293bb8ac1a4168576f9aabcb16fc679e88d131/renderer.py)
322. resolver.py [COMPILE ERROR] (path: /syssec-nas0/pyc-research/compiled_evaluation_targets/usenix_test_set/python-3.9/903b60923df37a1c9ae4cd8f18df9e8aaaf1937493cd9b52272fc5a28df2c8ebdb4cc23338fe984037cc0bfa6bbe466aaeaafde59746c108c0afccb6e46d9264/resolver.py)
323. response.py [COMPILE ERROR] (path: /syssec-nas0/pyc-research/compiled_evaluation_targets/usenix_test_set/python-3.9/715f92026406370dfe7054392b0f3a7e1722ea58eec8aa29b19b58329bb265ad59dfb6647348efa238935d47bd3b79bcd39e0968e32725874834528c10390630/response.py)
324. responses.py [RECONSTRUCTION FAILURE] (path: /syssec-nas0/pyc-research/compiled_evaluation_targets/usenix_test_set/python-3.9/1e7cea9773b4afb1bae03101a3f177307fa7ad1e88e55e2325e391bb25153de056e2eeb75def61019b22bf90bb8a28b0f02740e82bb1b4e0f9facee8668530fd/responses.py)
325. revChatGPT.py [COMPILE ERROR] (path: /syssec-nas0/pyc-research/compiled_evaluation_targets/usenix_test_set/python-3.9/9d3258a76bf781ef26b07ddd418c8bb3e0760385d7ee3011538e2e0629eb7addeb9face0aa5ca1836ad95136633fe2a4e75b2ef38aa169c81d343235eb9e2406/revChatGPT.py)
326. rinex2snr.py [RECONSTRUCTION FAILURE] (path: /syssec-nas0/pyc-research/compiled_evaluation_targets/usenix_test_set/python-3.9/4b9b26eb954a2b10e042efd895454e7bfaacf4ea59cd4fd279d71f57fb74021775d7c81364a88339d3fbde02fa3dbbfb6d28a72ec0f1ac90716e486c3f60b1e5/rinex2snr.py)
327. roi_align_python.py [RECONSTRUCTION FAILURE] (path: /syssec-nas0/pyc-research/compiled_evaluation_targets/usenix_test_set/python-3.9/ba335f7f6571c7b40d59916d66b8f4a3a77b25cdc5a9f81206968aec28241f15cc1afffd923dfd59eb626a839c432b68882d97af13bc750a5d0b1c2693f23303/roi_align_python.py)
328. router.py [RECONSTRUCTION FAILURE] (path: /syssec-nas0/pyc-research/compiled_evaluation_targets/usenix_test_set/python-3.9/7527b5e875bec3f7b60ed1dd346cd05098bd6863f1d5d2a7115db6704f63cd582ff0962f56cbf524ac8430f36648caf940d25bb30084abf6512faf72323cc6a2/router.py)
329. rtcrtpsender.py [RECONSTRUCTION FAILURE] (path: /syssec-nas0/pyc-research/compiled_evaluation_targets/usenix_test_set/python-3.9/2eb1b54d5e42d7d9eac34490c83da8586955b614b97c6aef2b2b63f86463cea2200d873c34c732b3cc536ee2d2a41a005cefb80781e34679fa263a1eb68f3a08/rtcrtpsender.py)
330. rubric_list.py [COMPILE ERROR] (path: /syssec-nas0/pyc-research/compiled_evaluation_targets/usenix_test_set/python-3.9/0e2c186d483bc03fe38a228a76d6ec80c855501f2e8e2de22d82db28415bac0e8a74596857983e2bf5e5e7c2a869e0bec25816aaa8eb913a8b77cb9d659a5563/rubric_list.py)
331. run_all.py [COMPILE ERROR] (path: /syssec-nas0/pyc-research/compiled_evaluation_targets/usenix_test_set/python-3.9/fe50871af19d072b8b60a0a39e59f48ebeb2856f5304814f7a00a510984985978f05746f1b71a5a9d6115ba91146ccf297fd2e849775cf74b188d9010d505237/run_all.py)
332. runner_registry.py [RECONSTRUCTION FAILURE] (path: /syssec-nas0/pyc-research/compiled_evaluation_targets/usenix_test_set/python-3.9/5dae61feacb4bd465ccf3cb63fae06e00541e1ea04ed259fd37ead2d8d2f95009e087813f99771b71c8e8e69908bbfd288ce52a3f4b05e556152307b904efc89/runner_registry.py)
333. saas_connector.py [RECONSTRUCTION FAILURE] (path: /syssec-nas0/pyc-research/compiled_evaluation_targets/usenix_test_set/python-3.9/30e9c160f4ff6be06fe15032e174f5cb8311bf353e066a12c5f48da6af5448c3dad6dfd78034034c03c17cf49134c4bc3099fb4fce796e73b5a8da91e8b23671/saas_connector.py)
334. sale.py [RECONSTRUCTION FAILURE] (path: /syssec-nas0/pyc-research/compiled_evaluation_targets/usenix_test_set/python-3.9/6006f784540cb95908118418ed490ad5a9b9b530fdba50e26a5ca071d15a9d40635f9fff85633a9b1f6f07d72e553baee29132ac8371cee56162f66352f82617/sale.py)
335. sample.py [RECONSTRUCTION FAILURE] (path: /syssec-nas0/pyc-research/compiled_evaluation_targets/usenix_test_set/python-3.9/ed98ef14f342b0b2c67d232080e30ae4e5039ff7f4c1354c487d8748200733b1ca9c8cdeb0f9c7af4fdaf29abb703512a4497353868b9570fc6cbd4e84010f03/sample.py)
336. schemas.py [COMPILE ERROR] (path: /syssec-nas0/pyc-research/compiled_evaluation_targets/usenix_test_set/python-3.9/045cf9f46846d988ada51284223e1d0d233ad2ac09fc1d0cf392d1dbc2e30d159a06b89b73f43150a5da1807588891e22fd3947981147e946a0e862617e06fea/schemas.py)
337. scraper.py [COMPILE ERROR] (path: /syssec-nas0/pyc-research/compiled_evaluation_targets/usenix_test_set/python-3.9/0e2dcf37b136fdd356252318ab1801544f5681038dfe56408f910646f38425a6dfdfa6dfe65d396918c9075fde11e35de965a33e567366555ee34276f1c4396f/scraper.py)
338. screenshots.py [COMPILE ERROR] (path: /syssec-nas0/pyc-research/compiled_evaluation_targets/usenix_test_set/python-3.9/984f2a8f89ba47db288555e4862eb163784aac9a5ab6fd3f067ff3d642a1cf87753b4f9bee66b435199cfa1195331311b842732771fc3ed3744b4c21166d79ed/screenshots.py)
339. sd_spider.py [RECONSTRUCTION FAILURE] (path: /syssec-nas0/pyc-research/compiled_evaluation_targets/usenix_test_set/python-3.9/0c57aaceb2640d6935311703dac29599259f32e7d2bdac185f6882bf72444497b7d1f84c92ebf8d821c7a75e223b51c1cd1103b58cb0f74fac359326caf10ed1/sd_spider.py)
340. search.py [COMPILE ERROR] (path: /syssec-nas0/pyc-research/compiled_evaluation_targets/usenix_test_set/python-3.9/b80be56c6bd751dec60ae8ffdd3f72f34edc2727dc43388824aa47ccee3ca25ea2d8af028cf2fe719529bf128e1766f3f9d8fd10ea445f68242ad24145cf6387/search.py)
341. segmentation_losses.py [RECONSTRUCTION FAILURE] (path: /syssec-nas0/pyc-research/compiled_evaluation_targets/usenix_test_set/python-3.9/99047ffe0d1b2e341a015aaf31758ffbe92dbc7a0cdee4547210f5f902a95d628dd2e36d96da642116ba8dda12a65f70ff21762b3443cc9cf48fd0bb33b68a91/segmentation_losses.py)
342. send_code.py [RECONSTRUCTION FAILURE] (path: /syssec-nas0/pyc-research/compiled_evaluation_targets/usenix_test_set/python-3.9/5837d66e8ff8f509876162d9743f125e0e09e063bf49363246ef486243f7d05dc2a7c14afd48a12e86014c68e4931870bafb9f3ff95424eb06c2faccd121e372/send_code.py)
343. serv_config.py [RECONSTRUCTION FAILURE] (path: /syssec-nas0/pyc-research/compiled_evaluation_targets/usenix_test_set/python-3.9/9b346e46eede13c6fb9228bfda674304349d944400eeec9ad277d33aee94f068087851f5f67076d4825f9378479257da55de7944a375060530f1728af4661094/serv_config.py)
344. server.py [COMPILE ERROR] (path: /syssec-nas0/pyc-research/compiled_evaluation_targets/usenix_test_set/python-3.9/51cfe9f9267e456838ff14167187b394c00275a78f7012f390cda50cf432020cc37c5ff22a1beab9b0f4758b52938c50f0d30e3a74698e6a7e76835a0abd9f4e/server.py)
345. service_models.py [RECONSTRUCTION FAILURE] (path: /syssec-nas0/pyc-research/compiled_evaluation_targets/usenix_test_set/python-3.9/f8ff8a3d1f1873b2d92156da3def0e46fa27a508e91625c64c6d846567b9616e470a8dbe727c60c6d36e133179ee0801f972cc1e3f8a94b0c21cbefd08b2214e/service_models.py)
346. shanten.py [RECONSTRUCTION FAILURE] (path: /syssec-nas0/pyc-research/compiled_evaluation_targets/usenix_test_set/python-3.9/7634ebb955624024675bb1cbf9f637c09127ca01f2ffcab4d72c0cc9eb9d2d8d0383387f352c8f6242333d52dc133f24bae63742c70a2f457eb707d22467b62f/shanten.py)
347. simapro.py [COMPILE ERROR] (path: /syssec-nas0/pyc-research/compiled_evaluation_targets/usenix_test_set/python-3.9/b67c8550ec4f94b58c5047c6342d3cd463c8e77df71bdc203b912acbfb9ffa15231d6e29fbc11a576ad8f516285bb1f841bc31c61104029c89926523e258e8e0/simapro.py)
348. smile.py [COMPILE ERROR] (path: /syssec-nas0/pyc-research/compiled_evaluation_targets/usenix_test_set/python-3.9/0c9652850cb4fe233734237d6ba0abf74354ab53971d2da9aedc999b4db32564dc38d07e9e034e258a3b2ec577d82660bee76c02a3bd047f179f1534f6c6b896/smile.py)
349. smtp.py [COMPILE ERROR] (path: /syssec-nas0/pyc-research/compiled_evaluation_targets/usenix_test_set/python-3.9/3f53a43b3336070fa1da8bd906f17f9e8a083606f6c1f3189d36d2a6fb52ae066b6fa3e0c6795440cacef1640079457da21ff6e3fe6b5b95dc36e844f38c45b6/smtp.py)
350. source_util.py [RECONSTRUCTION FAILURE] (path: /syssec-nas0/pyc-research/compiled_evaluation_targets/usenix_test_set/python-3.9/f80a6267c6a80d36c4fe4057d0a453fc65f9f47bc5c517c667a9983f4baf27c034e7fc0060d4e5bb394f24ef1e173857c381c42b7ece33ecc4143c2902485525/source_util.py)
351. specifiers.py [COMPILE ERROR] (path: /syssec-nas0/pyc-research/compiled_evaluation_targets/usenix_test_set/python-3.9/aca7458f816c47b2739570c403518e8c88385a80db7d577d185c8002d973072b6517b5a0ae15c220228b36bd0f881432f2aca23ddaa0f96f665d292ad739d320/specifiers.py)
352. sponsored_guest_portal.py [COMPILE ERROR] (path: /syssec-nas0/pyc-research/compiled_evaluation_targets/usenix_test_set/python-3.9/76a6df95eac1f565aae286c07cbcd55e044f2dba63c2729952df41846828035df6f1c2bae46efa5101e9e31a3a8e139b165fae16124a4fb5d87f7c6e232fea5f/sponsored_guest_portal.py)
353. sqlcompiler.py [RECONSTRUCTION FAILURE] (path: /syssec-nas0/pyc-research/compiled_evaluation_targets/usenix_test_set/python-3.9/9ffe2f2b45b189cc45bafd6720073a3721cb54cdbef7821df4a7199444507922a9547653e7d564b07a5cda2d9aa1a9ed5d05e62ed1c2a910e6f34f54eed7a5a3/sqlcompiler.py)
354. starfourhundredgiglan.py [RECONSTRUCTION FAILURE] (path: /syssec-nas0/pyc-research/compiled_evaluation_targets/usenix_test_set/python-3.9/67770d418bdab573ac5b426fa0c94cec24c94de38fdc016aba7e294f164995dd4d27a96c5ceef2d48e5c2006de1b10001cf338acbb7eaf6093b3677075d0915d/starfourhundredgiglan.py)
355. static_env.py [RECONSTRUCTION FAILURE] (path: /syssec-nas0/pyc-research/compiled_evaluation_targets/usenix_test_set/python-3.9/0fa7da710e6e84fca83d9e4933d0c4b1e3b2409e7c8fede389ba25747fcb5df103840fdd0ac3a3cca65936436015885de8703fb92e98b2049b7c474ce8bb2caa/static_env.py)
356. stock_lhb_sina.py [COMPILE ERROR] (path: /syssec-nas0/pyc-research/compiled_evaluation_targets/usenix_test_set/python-3.9/d9d783cb5f07b3fbcfe0dcf27599d2d39d261fd4e93cf0d53dc279adb93e51079f2e624ec3bed03039fd1401efcfc458c17bc2a7594699e9e432eb221aa2cac5/stock_lhb_sina.py)
357. story.py [RECONSTRUCTION FAILURE] (path: /syssec-nas0/pyc-research/compiled_evaluation_targets/usenix_test_set/python-3.9/4cf31b0d60ea94e9f6b3e6446e924a16b560a2e85dce670aba2ed892971ba705f1f382e5ae1fe25fbb212f9826087f524a358040837c5817e553d73be768d2ec/story.py)
358. structure_learning.py [RECONSTRUCTION FAILURE] (path: /syssec-nas0/pyc-research/compiled_evaluation_targets/usenix_test_set/python-3.9/326148351debf175d51ff8b42f45f522cca8c1076495d38b1c1266b25b575a86f8837a843a0ddcb10a77873bac4bb383e6707d0c722e1531a89fc4332baef261/structure_learning.py)
359. subscribers.py [COMPILE ERROR] (path: /syssec-nas0/pyc-research/compiled_evaluation_targets/usenix_test_set/python-3.9/cc8daa058f296c5df67178ab3979081c59fd40fac1fca2863c92fabc1d3cf6e20d4587e3b17ddcd8d4553fd71043a2d1be1a10a3abadde88cccb36fe285b2ec5/subscribers.py)
360. switch.py [COMPILE ERROR] (path: /syssec-nas0/pyc-research/compiled_evaluation_targets/usenix_test_set/python-3.9/ce43e8a447d78d482673350181c6925795857e1e3f483529026550d52c3248a4493bb9cce2e1ec350c133875f8891f543aab59888297f109a3b6bb1ca484d43a/switch.py)
361. sync.py [RECONSTRUCTION FAILURE] (path: /syssec-nas0/pyc-research/compiled_evaluation_targets/usenix_test_set/python-3.9/60d58ae3f0c57d108bd71c4368ee4f64a36a02195f6685c27c12b20aa9724f03bb7a91ab7078718e218340a5173f31c7d6e67909fd7be3d9c5446ae51e8d08d0/sync.py)
362. system_info.py [COMPILE ERROR] (path: /syssec-nas0/pyc-research/compiled_evaluation_targets/usenix_test_set/python-3.9/5af58f5fa20c6c6dcb4dd4873aec454acf5b5bb0ccd76dd416aed46c078e99ee95dab91bd3512b35b558bea078d1458b618d7a32e8eac712f53e9c9e86890d3e/system_info.py)
363. sysutils.py [COMPILE ERROR] (path: /syssec-nas0/pyc-research/compiled_evaluation_targets/usenix_test_set/python-3.9/5e162ea864128d8222bb7d5f9e56723c7f81d4818d1a954272419f58b77f533264a968144bf2c4f7d37a429feccacf3e5c72f426d899f7e9fc73612f7757f302/sysutils.py)
364. tafunc.py [COMPILE ERROR] (path: /syssec-nas0/pyc-research/compiled_evaluation_targets/usenix_test_set/python-3.9/21350773ebba0981f8f407721439f0ead15e2512d05b64025f66966d208883328222062cc29655f88b394b1b3de14e9ca18e5c36679a5502bc7b1eb937238ef0/tafunc.py)
365. tasks.py [RECONSTRUCTION FAILURE] (path: /syssec-nas0/pyc-research/compiled_evaluation_targets/usenix_test_set/python-3.9/3598e2a0d13728524c29283f72eba01e6f01edc927ae21a0ba7ce6a6b52cf3eaeee9c366935f4714dc5761c46be5ddbb4d1bd11ed2868ca3a93686c311f58a5f/tasks.py)
366. tensor_shape.py [COMPILE ERROR] (path: /syssec-nas0/pyc-research/compiled_evaluation_targets/usenix_test_set/python-3.9/ac631b69887a05f8b4027cefff3741658ad319d8e74985e18097700545662c03f2cee25feb0cce64683ad9043ab1134aaead421ff219bb48bd5caef7030e46ed/tensor_shape.py)
367. terraform_users.py [RECONSTRUCTION FAILURE] (path: /syssec-nas0/pyc-research/compiled_evaluation_targets/usenix_test_set/python-3.9/2334ea37f5f70750adb226d7aec5a19fa9be20845d6333fd15b6b12137b0cde2dabd98d061f93fa32a60fe87bd4030a2530540363ceeaf76d6f675fa5b4a69ca/terraform_users.py)
368. test_cuts.py [RECONSTRUCTION FAILURE] (path: /syssec-nas0/pyc-research/compiled_evaluation_targets/usenix_test_set/python-3.9/21936af9ec59ec9870d0a0dded08f69ec6dec937661f3156c6611e9ef61510cf94b51b9dce102c2d5f32a8ec44eaef0b701159fdcc6bd3e9e94fa883e64d0c9e/test_cuts.py)
369. test_export_fits.py [COMPILE ERROR] (path: /syssec-nas0/pyc-research/compiled_evaluation_targets/usenix_test_set/python-3.9/8fabca408a89ef4a716d7f42fde67c3b56dbbe735424fa7e1ef59ba4dc20e8500026e92fde6f352940a8c7d7618ea121e5297f2866d70c3249dee82245b23c60/test_export_fits.py)
370. test_misc.py [COMPILE ERROR] (path: /syssec-nas0/pyc-research/compiled_evaluation_targets/usenix_test_set/python-3.9/4fd8062ca760560c7deb84d4b478cd74449cd92c29ec71531d6cb8d307245adfac929d0f2ac463dbe0cb7f4c7039e3ca84ab5637dc31d8e7648634f642350913/test_misc.py)
371. test_paragraph_classification.py [RECONSTRUCTION FAILURE] (path: /syssec-nas0/pyc-research/compiled_evaluation_targets/usenix_test_set/python-3.9/caebd3c9d94768b108c0caa360745d3a0816ed8958586bd7b781c294fe632355b8d099b4810d206c700c188d2ee8eed0efe284151e14ce37799565353bb51517/test_paragraph_classification.py)
372. test_session_controller.py [COMPILE ERROR] (path: /syssec-nas0/pyc-research/compiled_evaluation_targets/usenix_test_set/python-3.9/b7cf636c01a6db8eaa8d68ee32bd72af709b74372b9d254653fc0b7c884eb78338b8f641fdbd8edc2c6a4364c7d2f24c11972f0ecfac418b8004662d40a55a1e/test_session_controller.py)
373. test_stata.py [COMPILE ERROR] (path: /syssec-nas0/pyc-research/compiled_evaluation_targets/usenix_test_set/python-3.9/45a5c3713460f9c2a0c0547ae2ba035aca9f6c28111877390a9f9f7549fd9fc920021d731cc861533bc0d886a8584714908b7fb62b0740411ccd3654d05c375d/test_stata.py)
374. test_unsatisfied.py [RECONSTRUCTION FAILURE] (path: /syssec-nas0/pyc-research/compiled_evaluation_targets/usenix_test_set/python-3.9/129e09ce052ce8ceb45f1a11e6b821c207878b69b69980a745c2bb2099d28982a796fdf1b4c114d217eb95d12ac24486fc4f621e4e548a81f2e9d7c6d2c14995/test_unsatisfied.py)
375. testing.py [COMPILE ERROR] (path: /syssec-nas0/pyc-research/compiled_evaluation_targets/usenix_test_set/python-3.9/2f62488fb0d79ad97eadb4c49486fc0ac438dcf032e18c990862415d896bbe2b24b6f78c293f2f8d147b3499029bd292340daf97bb0e9d5cb4b41016f90198f1/testing.py)
376. text.py [COMPILE ERROR] (path: /syssec-nas0/pyc-research/compiled_evaluation_targets/usenix_test_set/python-3.9/ca29c7d5f88e1c6cdd260088b4d692fe758f4633b9266c6600c916ec502723ee6cab0111678572eb357cca9755a6323d93a2bba17dc635f4abdbb9d9541a975d/text.py)
377. texturecompress.py [RECONSTRUCTION FAILURE] (path: /syssec-nas0/pyc-research/compiled_evaluation_targets/usenix_test_set/python-3.9/cb54c857afc213b06ada9a573541cf63913cc7672a72a992ffe40bd724a610ea3fa8fb22c9facb5816ed8acab9c5723251bc817d961bc99bc0e2941f1630e1c2/texturecompress.py)
378. tf_decorator.py [RECONSTRUCTION FAILURE] (path: /syssec-nas0/pyc-research/compiled_evaluation_targets/usenix_test_set/python-3.9/254c689ac47da6c3f3cb3866791e1ef398c610a944010f95afe45b1d3dca168bb5b790a1dd450fb5420ace468b65d0c2e1ec7e405472d869c8210304eef609c7/tf_decorator.py)
379. tf_leveldb.py [RECONSTRUCTION FAILURE] (path: /syssec-nas0/pyc-research/compiled_evaluation_targets/usenix_test_set/python-3.9/d2fe40d06a6617cf9d4ae4e05b1d250c43e8b1983955a842bd18b5bc89911bdc7d27c9209f209a9e2a79635463117e398fff1007975233a6131de59086797c7b/tf_leveldb.py)
380. time.py [RECONSTRUCTION FAILURE] (path: /syssec-nas0/pyc-research/compiled_evaluation_targets/usenix_test_set/python-3.9/58d88a8e42ed399dd71426664c55e32b2e83a560d35d4de95247f365b68f265a3da5cd31a0eb36aae1b7cf0398ec30afbfc5740c8a7daceb9133daa49c2a43c8/time.py)
381. time_stats_generator.py [COMPILE ERROR] (path: /syssec-nas0/pyc-research/compiled_evaluation_targets/usenix_test_set/python-3.9/e305fecede7a4b76550995209751b7b9a9c650b022f2b5bbbe902fa68d20418583f5f52a16df8e848634d0df3ebd1b394974cbdc6bacc78da6da07871069adcb/time_stats_generator.py)
382. tnet.py [COMPILE ERROR] (path: /syssec-nas0/pyc-research/compiled_evaluation_targets/usenix_test_set/python-3.9/3bba3158df93199767153205bb13b73ac31046a1ec47ff63d6796344b1f981dc0e4ac819734d150d7151db1787f7a4304dddde471dc52d6792abb032f1bcc16b/tnet.py)
383. tokenizer.py [RECONSTRUCTION FAILURE] (path: /syssec-nas0/pyc-research/compiled_evaluation_targets/usenix_test_set/python-3.9/12ce9242a1055a6b5a0c042e5efa554829d399194e4050148d88b585fb1f8f23e6828f65258e411e13ed10a33194b44edc23bd2889c493a6e86bfc60a8240eb0/tokenizer.py)
384. tools.py [COMPILE ERROR] (path: /syssec-nas0/pyc-research/compiled_evaluation_targets/usenix_test_set/python-3.9/14920d907cd7c08763023fe6ab3b9840dad434322919ed3fc0e435f406014a05db6fc80f4a147e7ea6ff21f0ed03a7e1a366f375b913cfbc88271e2a048c7e42/tools.py)
385. tracked_thread.py [COMPILE ERROR] (path: /syssec-nas0/pyc-research/compiled_evaluation_targets/usenix_test_set/python-3.9/759ac99e27475c933cf685b0a66d632ef13b9a5c18c0cb9b432232b66ddf106c2e151f2071e19056398a2e147bb78f903245f484b60aaba0aaf52bdb0f4faa88/tracked_thread.py)
386. tracker.py [COMPILE ERROR] (path: /syssec-nas0/pyc-research/compiled_evaluation_targets/usenix_test_set/python-3.9/2de1b380508d964b2cda7a1777cc1bc10c0b840475e712c992d605faaffdb1ce6f4d74e0b589e36c8a4c23f7ca8ff86b328d4ba7ea33cf093d27115e9f4155b0/tracker.py)
387. tracking_async_web_channel.py [COMPILE ERROR] (path: /syssec-nas0/pyc-research/compiled_evaluation_targets/usenix_test_set/python-3.9/6b471bbbc6f9d56084d19aee4fbfa1913b6e43135a1713abff8776197c14e6f4451c518c492acdaf73d745340adeb1674d53c0d9c50859f100a86562619fa67b/tracking_async_web_channel.py)
388. transform.py [COMPILE ERROR] (path: /syssec-nas0/pyc-research/compiled_evaluation_targets/usenix_test_set/python-3.9/7bf250992e72d9739c20ece85d6f33f0f11151263c9b63565bbf40e86670388cc0649f7e1e8c69b19e8efca7551921b7f60c1e26998282f37aa81ace6dbb00d4/transform.py)
389. transforms.py [COMPILE ERROR] (path: /syssec-nas0/pyc-research/compiled_evaluation_targets/usenix_test_set/python-3.9/f2beedf6b028de819e792fdb988260ac6564e8120b93d3392ccb55dac8daa78872909d7321c1ceefda9f899c6ed406aef13a7a427085c742acac274bd66f1e3e/transforms.py)
390. trtc_client.py [RECONSTRUCTION FAILURE] (path: /syssec-nas0/pyc-research/compiled_evaluation_targets/usenix_test_set/python-3.9/bfd5e00dc7bf39ed6a1f712c3168601939da5e4e96717a43d676430fe177ecfd890bbd15661db5177e2a366926f6ef83d67228cfb714ed46d32baac6c13fb751/trtc_client.py)
391. tunnel.py [COMPILE ERROR] (path: /syssec-nas0/pyc-research/compiled_evaluation_targets/usenix_test_set/python-3.9/5e0bae32c002f88ce7523e688bb5f69e24aacf981757bd57a3b545f6298e9d751092960c44eb2fd2087ddbdd4aaae2f54bfc13ef12d6b22fe57e3543d7d9d1d9/tunnel.py)
392. types.py [RECONSTRUCTION FAILURE] (path: /syssec-nas0/pyc-research/compiled_evaluation_targets/usenix_test_set/python-3.9/7be97164110cc7e5e3683a3cf62d8aa8e144687de2ed377a116e25b7444c544480d500c51cd574e0deb897fbb577404f38b65c8bbc42a2ee34f5674b0ac6fafe/types.py)
393. unfuddle.py [COMPILE ERROR] (path: /syssec-nas0/pyc-research/compiled_evaluation_targets/usenix_test_set/python-3.9/85ba58e4e5c299dd1aa75e011df101af8c02cbc5095adcb21093f4caf488fb7d93b4d2772e82e0bdf335abfe2e265ade5daf99c9a23f2a8ec14cc0d60e5d187c/unfuddle.py)
394. unique.py [RECONSTRUCTION FAILURE] (path: /syssec-nas0/pyc-research/compiled_evaluation_targets/usenix_test_set/python-3.9/888296b66c3c76742025cc9bca8ea3dd33e1262d8bb93fe9e0c18c06ccc36ad529dcc22f48109736a482e6074d38a6a5a26435f9135af715985983c28b240e40/unique.py)
395. unitofwork.py [COMPILE ERROR] (path: /syssec-nas0/pyc-research/compiled_evaluation_targets/usenix_test_set/python-3.9/55a8e022808f0fcb58f0882f0c739bbce3156bfb5b9f53f7ce4038a6f84216347f581f6e22562457faded992533475621a345aa7c0ac49bca3667b1651c68989/unitofwork.py)
396. universe.py [COMPILE ERROR] (path: /syssec-nas0/pyc-research/compiled_evaluation_targets/usenix_test_set/python-3.9/06ab004839a2e1dd31a7e6cf420a07de4e2d3d619345e9ba7291b0d9739123e5ec600fad145f7a912d6e4a1e1caa2aa12a284f88e256cfb52ff3fe8ed6cfabab/universe.py)
397. upload_file_service [2022.8.26].py [COMPILE ERROR] (path: /syssec-nas0/pyc-research/compiled_evaluation_targets/usenix_test_set/python-3.9/88935e3ec53dc58592912b43cd90553431353a33811a1434a10eb772704b8f03829c1517e384ea68c12db8ba168db719ed7f225cc54d27f489d2bbd68eac2aa6/upload_file_service [2022.8.26].py)
398. util.py [RECONSTRUCTION FAILURE] (path: /syssec-nas0/pyc-research/compiled_evaluation_targets/usenix_test_set/python-3.9/d4514762c67eb8ddf5fa3cecbab9dd92f7383fa7d0663ea66c8c5ffc64d4814f997ee89842c49d8a7f52b673cebc7de59a6cb73a6f65acbf5d942e975fb78c8f/util.py)
399. utils.py [COMPILE ERROR] (path: /syssec-nas0/pyc-research/compiled_evaluation_targets/usenix_test_set/python-3.9/1b3a452dd92080f02b2e45554c837eb9307cde04636e6fb5ed67635036d398b05c81b741ebea817e497a0afe60f9483303a56aba8f18c088eec8cba5b49b15e0/utils.py)
400. utils.py [COMPILE ERROR] (path: /syssec-nas0/pyc-research/compiled_evaluation_targets/usenix_test_set/python-3.9/2b127d1e5201a4fdfd1f5b62874303220ddb1770de1cfed0f3096f86475b1d1d7700419f6e430bd561a6f0b674dfdb1edeac0542a0884c024ed2342df0d13a1c/utils.py)
401. utils.py [COMPILE ERROR] (path: /syssec-nas0/pyc-research/compiled_evaluation_targets/usenix_test_set/python-3.9/5e795d8ce4b5f17f9192977a1406545897247da0a4ecb4da4144674e38a6e32b9ec0e61def1a3f003314512407c694b25612e6e0e84e562256961aceb0a40dc5/utils.py)
402. utils.py [COMPILE ERROR] (path: /syssec-nas0/pyc-research/compiled_evaluation_targets/usenix_test_set/python-3.9/a201699110d6e06b5c3fcc2f3c12db9180f842409ac99d03286642835aef0dc6f101cfd4101f04a0b1588eed2ccb77105142ae46e9e99bf410816f555ab11190/utils.py)
403. utils.py [COMPILE ERROR] (path: /syssec-nas0/pyc-research/compiled_evaluation_targets/usenix_test_set/python-3.9/e40ecc531fd7292125a7068633c4128a4dd8f48efd4f18400de70047306708d16e56fbf99b27112a8eb5a5d8ea466c79d95e90b3838d982562e5bf49772966f9/utils.py)
404. utils.py [RECONSTRUCTION FAILURE] (path: /syssec-nas0/pyc-research/compiled_evaluation_targets/usenix_test_set/python-3.9/1527730a6740d076746560df2b16254899131725c4bcdd88f9e1c71c227ecba13d9f950d5dc501736da4cd8d770dd5c6667ea5ab76d999afd110cab29c8b311b/utils.py)
405. utils.py [RECONSTRUCTION FAILURE] (path: /syssec-nas0/pyc-research/compiled_evaluation_targets/usenix_test_set/python-3.9/1cd2fda535295998010bebc46174c71a7d79840ae47f5ef6548b309cf0d6371d19493310a24272ae2c67b4089ebaeb32b838071ddacd8a1cdcc57dc32ea0e472/utils.py)
406. utypes.py [RECONSTRUCTION FAILURE] (path: /syssec-nas0/pyc-research/compiled_evaluation_targets/usenix_test_set/python-3.9/62e1202c14217245d475532c4ec7af57e54d6e91656997af475081f14416bdca6fb0e62701fa7dc9733bc3acdea7f1f2d745c5746097a33b274aa9afa4df0c5d/utypes.py)
407. uxf.py [COMPILE ERROR] (path: /syssec-nas0/pyc-research/compiled_evaluation_targets/usenix_test_set/python-3.9/dd6d8948f22c10ddc76338271f084b5ffbdf8dd7542f34534f3b5a5c6d2c0d55a81047eb74662a0156c2d5ef62d8ed75579520376540dc5200a1f07b40ffc2c8/uxf.py)
408. values.py [COMPILE ERROR] (path: /syssec-nas0/pyc-research/compiled_evaluation_targets/usenix_test_set/python-3.9/86e34de67958450d591321f631587a1d6004642b4a14d9699615cfdf65332f00bcdd295d7fab7c67c77515e9762b3cac0f986166026b72f1fc2e8c44373761f7/values.py)
409. versioneer.py [COMPILE ERROR] (path: /syssec-nas0/pyc-research/compiled_evaluation_targets/usenix_test_set/python-3.9/ec69e9b826eecbe23b5697426f42e4c6419f61f32942421e2969615b6b8262bfd55cad108e905dde15c33c3045b91648ba22ce09c44efb2d7b73dd404c2d2bfc/versioneer.py)
410. video_reader.py [COMPILE ERROR] (path: /syssec-nas0/pyc-research/compiled_evaluation_targets/usenix_test_set/python-3.9/dfff6f08815f3a1d602e46a250104653c7a9beba7cf59828a452b88f536f97578da238fd3d05376d4ba6ff778830ee83c3d077c9a9ffcf7f7578942ff4ab62ce/video_reader.py)
411. views.py [COMPILE ERROR] (path: /syssec-nas0/pyc-research/compiled_evaluation_targets/usenix_test_set/python-3.9/3fd06313ca4411e2f3c6579ae9bd3400443ca6646b50d7ba00f40a816c7a3443bd40b49bc7d892311306a99a9400c125698aed23b6ae7cba5ec56220b5f567e3/views.py)
412. views.py [RECONSTRUCTION FAILURE] (path: /syssec-nas0/pyc-research/compiled_evaluation_targets/usenix_test_set/python-3.9/810104722d80b0367b9d53f14960dd72760905530fe03f6c65cc34b4f52a655e5bcfdc9378f8ba43d27064d4dfef81ed5adc181824e55f08a7063a239036f40b/views.py)
413. web_test.py [RECONSTRUCTION FAILURE] (path: /syssec-nas0/pyc-research/compiled_evaluation_targets/usenix_test_set/python-3.9/a1c59c9625b86f0da697da06b3448ef66b84706e6bc4ce473fa0bf1b551666bbdcdba0ac537afd342923b5fbff5a3e7e54c5f7fa3972c59b811b43fdbfeda1e6/web_test.py)
414. websocket_server.py [COMPILE ERROR] (path: /syssec-nas0/pyc-research/compiled_evaluation_targets/usenix_test_set/python-3.9/db9f9f6fb6104de111fdc0a42a17918f115fe92e1c95d6bad8834e628c3c036a11e9d5b27b5babb05e3a80379974070b42ca9f7bf35501494930f41b6386ba98/websocket_server.py)
415. wideres.py [RECONSTRUCTION FAILURE] (path: /syssec-nas0/pyc-research/compiled_evaluation_targets/usenix_test_set/python-3.9/d976692f73ec84848087ddc81166fb81b956063888e4706c359c659abc4b291b1e58ee01673d2e67aeefa0113b85a009a85b5de10f4a46fa90ea250efabafaae/wideres.py)
416. win32_utils.py [RECONSTRUCTION FAILURE] (path: /syssec-nas0/pyc-research/compiled_evaluation_targets/usenix_test_set/python-3.9/8788c0e6e3bedda6ca183f7e612a94330579f404d711930ecdacd7c5b1b94ceddd256abbf93f31a23eac6854f6681c608e2d79427c21c69446e033c28689f377/win32_utils.py)
417. windowDevelop.py [COMPILE ERROR] (path: /syssec-nas0/pyc-research/compiled_evaluation_targets/usenix_test_set/python-3.9/65fac04376a5536ac05dee58f464be1b78350155dac1b0cef08748109c2f62d27c60e14443f4eef3a5d12006f7e88c081f59ca62e43acc32ad86d2a3b9d24f33/windowDevelop.py)
418. wipe.py [RECONSTRUCTION FAILURE] (path: /syssec-nas0/pyc-research/compiled_evaluation_targets/usenix_test_set/python-3.9/303e8be99b216abbe3f9482d4c24d29acda450872fd0e828ade8222fc3bfb170045fc03d08974107e89c6941b0c491cf3e20dfcb34f789696ec54af81054af3b/wipe.py)
419. worker.py [COMPILE ERROR] (path: /syssec-nas0/pyc-research/compiled_evaluation_targets/usenix_test_set/python-3.9/e84a69c47764277f34a796f49176063f5af05ad22b5fdfcb951d88edbeb80507f6004d1af380b23d4cde96ed87d8024cf352e1f0f12f4e38b5e19de2749a5f0f/worker.py)
420. yinsuda_client.py [COMPILE ERROR] (path: /syssec-nas0/pyc-research/compiled_evaluation_targets/usenix_test_set/python-3.9/868e19f22bcb7f2bdae17442a8c8f1bbaf2eb2a0ccdc416ec0db096c200fdb2e8775d0a7cf1c9d46a690c0103f02f831ec664be3c182d61e3e0b01d5a9b6dd37/yinsuda_client.py)
421. yizhibo_facepp_compare.py [COMPILE ERROR] (path: /syssec-nas0/pyc-research/compiled_evaluation_targets/usenix_test_set/python-3.9/49a0a745baccf20c88042529f9ebe4895a5af4dddb6459aca37dfe5b5990524caf929625bc3839d5557f092f189d487627d994aab65a90fcb5b827791e4841a7/yizhibo_facepp_compare.py)
422. zone_record_api.py [COMPILE ERROR] (path: /syssec-nas0/pyc-research/compiled_evaluation_targets/usenix_test_set/python-3.9/229ed2d0657a96e40250b3e05b7e91e29d99ecd5855c4a6f685dba13fa72770a78fb1a6ae5c1a011c98c8e3001467fe7832437111aca935352901e261f2b67c5/zone_record_api.py)

=== Detailed Breakdown ===

Compile Errors:
1. 11408-normalized.py (path: /syssec-nas0/pyc-research/compiled_evaluation_targets/usenix_test_set/python-3.9/11408/11408-normalized.py)
2. 11479-normalized.py (path: /syssec-nas0/pyc-research/compiled_evaluation_targets/usenix_test_set/python-3.9/11479/11479-normalized.py)
3. 12082-normalized.py (path: /syssec-nas0/pyc-research/compiled_evaluation_targets/usenix_test_set/python-3.9/12082/12082-normalized.py)
4. 12181-normalized.py (path: /syssec-nas0/pyc-research/compiled_evaluation_targets/usenix_test_set/python-3.9/12181/12181-normalized.py)
5. 12304-normalized.py (path: /syssec-nas0/pyc-research/compiled_evaluation_targets/usenix_test_set/python-3.9/12304/12304-normalized.py)
6. 12506-normalized.py (path: /syssec-nas0/pyc-research/compiled_evaluation_targets/usenix_test_set/python-3.9/12506/12506-normalized.py)
7. 12509-normalized.py (path: /syssec-nas0/pyc-research/compiled_evaluation_targets/usenix_test_set/python-3.9/12509/12509-normalized.py)
8. 12678-normalized.py (path: /syssec-nas0/pyc-research/compiled_evaluation_targets/usenix_test_set/python-3.9/12678/12678-normalized.py)
9. 14056-normalized.py (path: /syssec-nas0/pyc-research/compiled_evaluation_targets/usenix_test_set/python-3.9/14056/14056-normalized.py)
10. 15016-normalized.py (path: /syssec-nas0/pyc-research/compiled_evaluation_targets/usenix_test_set/python-3.9/15016/15016-normalized.py)
11. 15172-normalized.py (path: /syssec-nas0/pyc-research/compiled_evaluation_targets/usenix_test_set/python-3.9/15172/15172-normalized.py)
12. 15218-normalized.py (path: /syssec-nas0/pyc-research/compiled_evaluation_targets/usenix_test_set/python-3.9/15218/15218-normalized.py)
13. 15278-normalized.py (path: /syssec-nas0/pyc-research/compiled_evaluation_targets/usenix_test_set/python-3.9/15278/15278-normalized.py)
14. 16035-normalized.py (path: /syssec-nas0/pyc-research/compiled_evaluation_targets/usenix_test_set/python-3.9/16035/16035-normalized.py)
15. 16104-normalized.py (path: /syssec-nas0/pyc-research/compiled_evaluation_targets/usenix_test_set/python-3.9/16104/16104-normalized.py)
16. 17415-normalized.py (path: /syssec-nas0/pyc-research/compiled_evaluation_targets/usenix_test_set/python-3.9/17415/17415-normalized.py)
17. 18519-normalized.py (path: /syssec-nas0/pyc-research/compiled_evaluation_targets/usenix_test_set/python-3.9/18519/18519-normalized.py)
18. 19950-normalized.py (path: /syssec-nas0/pyc-research/compiled_evaluation_targets/usenix_test_set/python-3.9/19950/19950-normalized.py)
19. 20111-normalized.py (path: /syssec-nas0/pyc-research/compiled_evaluation_targets/usenix_test_set/python-3.9/20111/20111-normalized.py)
20. 20445-normalized.py (path: /syssec-nas0/pyc-research/compiled_evaluation_targets/usenix_test_set/python-3.9/20445/20445-normalized.py)
21. 20452-normalized.py (path: /syssec-nas0/pyc-research/compiled_evaluation_targets/usenix_test_set/python-3.9/20452/20452-normalized.py)
22. 20946-normalized.py (path: /syssec-nas0/pyc-research/compiled_evaluation_targets/usenix_test_set/python-3.9/20946/20946-normalized.py)
23. 21202-normalized.py (path: /syssec-nas0/pyc-research/compiled_evaluation_targets/usenix_test_set/python-3.9/21202/21202-normalized.py)
24. 21245-normalized.py (path: /syssec-nas0/pyc-research/compiled_evaluation_targets/usenix_test_set/python-3.9/21245/21245-normalized.py)
25. 21489-normalized.py (path: /syssec-nas0/pyc-research/compiled_evaluation_targets/usenix_test_set/python-3.9/21489/21489-normalized.py)
26. 21564-normalized.py (path: /syssec-nas0/pyc-research/compiled_evaluation_targets/usenix_test_set/python-3.9/21564/21564-normalized.py)
27. 21583-normalized.py (path: /syssec-nas0/pyc-research/compiled_evaluation_targets/usenix_test_set/python-3.9/21583/21583-normalized.py)
28. 22039-normalized.py (path: /syssec-nas0/pyc-research/compiled_evaluation_targets/usenix_test_set/python-3.9/22039/22039-normalized.py)
29. 3043-normalized.py (path: /syssec-nas0/pyc-research/compiled_evaluation_targets/usenix_test_set/python-3.9/3043/3043-normalized.py)
30. 3630-normalized.py (path: /syssec-nas0/pyc-research/compiled_evaluation_targets/usenix_test_set/python-3.9/3630/3630-normalized.py)
31. 5322-normalized.py (path: /syssec-nas0/pyc-research/compiled_evaluation_targets/usenix_test_set/python-3.9/5322/5322-normalized.py)
32. 5450-normalized.py (path: /syssec-nas0/pyc-research/compiled_evaluation_targets/usenix_test_set/python-3.9/5450/5450-normalized.py)
33. 5713-normalized.py (path: /syssec-nas0/pyc-research/compiled_evaluation_targets/usenix_test_set/python-3.9/5713/5713-normalized.py)
34. 6906-normalized.py (path: /syssec-nas0/pyc-research/compiled_evaluation_targets/usenix_test_set/python-3.9/6906/6906-normalized.py)
35. 6982-normalized.py (path: /syssec-nas0/pyc-research/compiled_evaluation_targets/usenix_test_set/python-3.9/6982/6982-normalized.py)
36. 7548-normalized.py (path: /syssec-nas0/pyc-research/compiled_evaluation_targets/usenix_test_set/python-3.9/7548/7548-normalized.py)
37. 8724-normalized.py (path: /syssec-nas0/pyc-research/compiled_evaluation_targets/usenix_test_set/python-3.9/8724/8724-normalized.py)
38. 9230-normalized.py (path: /syssec-nas0/pyc-research/compiled_evaluation_targets/usenix_test_set/python-3.9/9230/9230-normalized.py)
39. 9553-normalized.py (path: /syssec-nas0/pyc-research/compiled_evaluation_targets/usenix_test_set/python-3.9/9553/9553-normalized.py)
40. 9604-normalized.py (path: /syssec-nas0/pyc-research/compiled_evaluation_targets/usenix_test_set/python-3.9/9604/9604-normalized.py)
41. 9846-normalized.py (path: /syssec-nas0/pyc-research/compiled_evaluation_targets/usenix_test_set/python-3.9/9846/9846-normalized.py)
42. 9967-normalized.py (path: /syssec-nas0/pyc-research/compiled_evaluation_targets/usenix_test_set/python-3.9/9967/9967-normalized.py)
43. ExporterTEX.py (path: /syssec-nas0/pyc-research/compiled_evaluation_targets/usenix_test_set/python-3.9/2e61f21dbf189c366ee6f2200e8dc799189597cebe427c38bcf352da94267f0f65ae61649b1f38adfd96ba68b1619ebce35e31630bf8ea9bece800fdb83b2a63/ExporterTEX.py)
44. GeneticAlgorithm.py (path: /syssec-nas0/pyc-research/compiled_evaluation_targets/usenix_test_set/python-3.9/906842a96f866080826950088ca39796495fe1a1f5c804861963aa85c40b5b68a412a6aea1345849cebf7352870a640a27b4239f13c294ff9b8579dac3216186/GeneticAlgorithm.py)
45. IRAF_Reduction.py (path: /syssec-nas0/pyc-research/compiled_evaluation_targets/usenix_test_set/python-3.9/40820f844d9c624e8c3e0777bbffa3586f7597a9886acb295d44f10bb05ffa5e5b288afa1af23d6b466c0392111a9e76008feae9ec48d97b604c70835bb059f6/IRAF_Reduction.py)
46. InfinityFlow_Utilities.py (path: /syssec-nas0/pyc-research/compiled_evaluation_targets/usenix_test_set/python-3.9/157c98a8789f51f4ced9c4091ce9c5bfe830da8f01e515a4dc242f01e261ebdee6c1f079b0c4287e78b4b515098a7fe83139e01809f5264c3a173e1e8b3ae08e/InfinityFlow_Utilities.py)
47. NotifyRyver.py (path: /syssec-nas0/pyc-research/compiled_evaluation_targets/usenix_test_set/python-3.9/6d343ee5495ed08133701c2bdd9380e77387ac43f05be2d5754ff70a535bdb5ae8dd3057842591744f7d34e2a2971af9f477416c7fc65527890e50503aeb78e2/NotifyRyver.py)
48. OutputComparison.py (path: /syssec-nas0/pyc-research/compiled_evaluation_targets/usenix_test_set/python-3.9/a65d9c3099df5aa92818b2e410b1b40d08043c9db79c3e5ff1492bd226b6b84de29b3d8c51057915ebd0a907c86071ebe8c4fa79e952fae0a9b8eba353ede636/OutputComparison.py)
49. __main__.py (path: /syssec-nas0/pyc-research/compiled_evaluation_targets/usenix_test_set/python-3.9/958297d91487041aecbf0e74ebfba23de908f4a8cf7fc02eb28319b378520830ac6890a3ee0bf3e65f5aaafac62d6014dac4138fbcd181e62f44700e65933be5/__main__.py)
50. _pslinux.py (path: /syssec-nas0/pyc-research/compiled_evaluation_targets/usenix_test_set/python-3.9/3dc2b2e1804a6e00edd9873cf7b12ecfecc4c4eb68d56923db73db6bd67daea277a57990154bf0391f389af4077771bc286b68bc4528b0bce07243fc75768e86/_pslinux.py)
51. _tecplot.py (path: /syssec-nas0/pyc-research/compiled_evaluation_targets/usenix_test_set/python-3.9/daa808fea7126e59be15232f00cd2be3503b9b4e29846cd31686949888c3b67ee95988d445c781d9c1cbffefd4007a2b4f18e755cdbb54da4492e72c2c994766/_tecplot.py)
52. account.py (path: /syssec-nas0/pyc-research/compiled_evaluation_targets/usenix_test_set/python-3.9/5b2bfcf48be1169e43a449ffa9dbef9a19b980ee6d4449d1c50efc95b653ae6fb2ecf89a576491d7ecaba02f34254cd74067bce7a764ee71b784bc1554894bc5/account.py)
53. actioncontroller.py (path: /syssec-nas0/pyc-research/compiled_evaluation_targets/usenix_test_set/python-3.9/3b3c6531b4c875a8c8a66566dcedaaab7c6dfe097bff7bf7bf0b00bee13ff4ce76816ace4e3936422ac7e7534571ec87978afd2f19fe5131e0ae309c5a8a3716/actioncontroller.py)
54. adapter.py (path: /syssec-nas0/pyc-research/compiled_evaluation_targets/usenix_test_set/python-3.9/90adfbb55d9823001a500ccef17b56acead81f4eb10eded3ee78c6107af3fa221beb222c87a68ab3bd4033764889ab313053dbe3d29501013dce18cae5c5615b/adapter.py)
55. adaptivegreedy.py (path: /syssec-nas0/pyc-research/compiled_evaluation_targets/usenix_test_set/python-3.9/0216940ebc56919f58d53da0bef5efa9bd0dc537788fecc44a081aea3014de54d3fdaa1891698ef7a677b5a705e5ff316c9057e5107c0c33507c2863590bead2/adaptivegreedy.py)
56. aliases.py (path: /syssec-nas0/pyc-research/compiled_evaluation_targets/usenix_test_set/python-3.9/4e8858ea6e77601ff8b520869f21fa274bc9e1b559dac0f7e53d4a4f8ebc13fe097975395c64395cabf9f7ed6e41a5137728d44c23070ebde457ed2d884e88c6/aliases.py)
57. api.py (path: /syssec-nas0/pyc-research/compiled_evaluation_targets/usenix_test_set/python-3.9/90c3deef6451f68b810838e2885bb3f7222412b94ad2b1ce95503deba7403570faf79cb229997b5d79206444c66d3e44b558df150aa0dda6c295392b7c15f0d8/api.py)
58. app.py (path: /syssec-nas0/pyc-research/compiled_evaluation_targets/usenix_test_set/python-3.9/66d30b7e76cf29f736f7f5589e6a49ea7ecc31ff51b719b743f7c62773bc7fb3e3bde03fbb48a3688c93d85297c71c8f957776029aa0193cde866d4b456f0392/app.py)
59. az_cis_check4.py (path: /syssec-nas0/pyc-research/compiled_evaluation_targets/usenix_test_set/python-3.9/62b1b85ea82cf7eeec7a14145857c1ac63bd1d5a703ea5369b53f5c7a386e984c0de8cb2db1033ec2a594a0920e17d7e963d669204ebfc8847094c288e228e03/az_cis_check4.py)
60. base.py (path: /syssec-nas0/pyc-research/compiled_evaluation_targets/usenix_test_set/python-3.9/53de9c1b842e62a9723ee8fc11b7ecc5e41db13890dd2567c92ccb5cfe6a34f359a51834a7cd565acc2c883c35186691f14e75f82d04d99c38195cbb9d85d80d/base.py)
61. best_ip_async.py (path: /syssec-nas0/pyc-research/compiled_evaluation_targets/usenix_test_set/python-3.9/dc0f3bda2119b204cedf94f1ceeef7d0644997a0d20a74cfae13098f354a4de96bccb5a127712b3db957f587039bce29b5979dd6b21e923be719ca88ddf8a95c/best_ip_async.py)
62. bigip_node.py (path: /syssec-nas0/pyc-research/compiled_evaluation_targets/usenix_test_set/python-3.9/a5e592cb022ddbfa628e3146c694b0d4288f6c572ad253ed4e58b847a9a94aeb81937340dbc71fb61c09e6241bcf530f80b87a3b44ff8de1eed3ea51f9f0d64c/bigip_node.py)
63. bootstrap.py (path: /syssec-nas0/pyc-research/compiled_evaluation_targets/usenix_test_set/python-3.9/4ea7064fc96cf5a31a5fa58cf8e08ce370d14896743add918dcd9a1717d4ec82e2604fc1d518591de2290fe84dfec48240635fa79d114694535dbd3a070a2505/bootstrap.py)
64. cache.py (path: /syssec-nas0/pyc-research/compiled_evaluation_targets/usenix_test_set/python-3.9/cf520a10ba107d08d628b9e6b54d1ca736c48d6fde28bb20ac61a1ce504dab98035fe49f9b134b440720ba905e6dd1887ffdb00884a45dedf6bbc18f4ea6b595/cache.py)
65. case.py (path: /syssec-nas0/pyc-research/compiled_evaluation_targets/usenix_test_set/python-3.9/4cf1f7aba324aa0b14ac982a64b415d45039253858665b9794e798b7891266634bd8fb41aefbd80f09e7d2af1bf2cec61b2c084299195fc5af67d120c153badb/case.py)
66. cli.py (path: /syssec-nas0/pyc-research/compiled_evaluation_targets/usenix_test_set/python-3.9/39d060036fe999f34fa5cf8cb9308a44ff42ef017acad09731c0f0cf3456fcfd5856cc48c5b75dd9ff6bcb9f25572261700a6eb0bb51bbbfa33992b2f892a5e1/cli.py)
67. client.py (path: /syssec-nas0/pyc-research/compiled_evaluation_targets/usenix_test_set/python-3.9/5e9d0380ed6fc4b0e5166ebcbdfb23a953338f08a3468c8c87478dfed1d7d46bf610ad3daae9fc084ec63be133b43621e59d6a6b6ad0d717cbd9bffebe3dce62/client.py)
68. client.py (path: /syssec-nas0/pyc-research/compiled_evaluation_targets/usenix_test_set/python-3.9/aeb8234487890a8001ef57de9179022719b15d2d01a7deb1b0af56f9631a8befe4c048f1132aacf7c03f1c293df6d5d3380fcf6de3e93c84e88b56db81349030/client.py)
69. cloud_init.py (path: /syssec-nas0/pyc-research/compiled_evaluation_targets/usenix_test_set/python-3.9/eea8d532f7881a25e483b8568d31ce02aec3eae8b76a2e2ac94981926c4ad714fb42f9e79c8be51ce49b6c2883b823e196f6e1132e9003fee3bfb4631659608d/cloud_init.py)
70. command_list.py (path: /syssec-nas0/pyc-research/compiled_evaluation_targets/usenix_test_set/python-3.9/549520a03970d6cf3836f20954da1c79b7c35898994a88af446e12b1c9460efc766e3a5922aa7c9b6dd65a1304bfb6af8c8a7ddce3d9195ead1f2fe5ffd5ba9e/command_list.py)
71. commands.py (path: /syssec-nas0/pyc-research/compiled_evaluation_targets/usenix_test_set/python-3.9/ea338d4d8107a953ea518c99a3bdacf9b9dcc7d945154ec8d7767e7d148a75303d863f422862c9eda6fca92b45675a7dbc7bf149b2792af59839f3bf8b6d5661/commands.py)
72. common.py (path: /syssec-nas0/pyc-research/compiled_evaluation_targets/usenix_test_set/python-3.9/437d13e9263e380d41d8334ea865d824c2c44cc26f00251ed6c025fd5379ba54c5c96c4c422ff48e0099a3d29c3e99188a964d32dd6a18b9c9859b7605e7df9a/common.py)
73. compat.py (path: /syssec-nas0/pyc-research/compiled_evaluation_targets/usenix_test_set/python-3.9/992dafc4657443904f98170017c7b0d1812101f24b9d03c83d26a97d8973099689c71144851be3bc8212d90af169df492699d1633517039b2e5da25706972c3b/compat.py)
74. compete.py (path: /syssec-nas0/pyc-research/compiled_evaluation_targets/usenix_test_set/python-3.9/cf43e881ed19f24a2d1bca17bf70848176f01922ad8f94028493e54a3f3e89f44cf64100503e462fcde5c6fee62bdfc5b0ec4724f911e61c7225568eb1276229/compete.py)
75. compression.py (path: /syssec-nas0/pyc-research/compiled_evaluation_targets/usenix_test_set/python-3.9/7686b2640036bbb57ed1bbd2889a1999175d9f9f4318bda0ea8c8cf1cf17739b1867e361d4c5d4ee1dc642b56b02cf5b87524fc89fd87c1edf587267e31bf7b3/compression.py)
76. configuration.py (path: /syssec-nas0/pyc-research/compiled_evaluation_targets/usenix_test_set/python-3.9/0e25706b814e5b1ce031b8707b4e447c2a03583f87a106d1aadfa459fb0bbccd363eb7822e144fa7dbc0ade604ede90210dfd35ff88222ebd7c9cd7076d4b911/configuration.py)
77. container_helper.py (path: /syssec-nas0/pyc-research/compiled_evaluation_targets/usenix_test_set/python-3.9/24592f5b74866a8f908a7b31ce6ec6a0594420708c875d9cd0a4db951a942f1405681d4c70b6e7fa4495cbe889719c399ab649d105371b5b691a44d6a12dd2c2/container_helper.py)
78. controlled_gate_test.py (path: /syssec-nas0/pyc-research/compiled_evaluation_targets/usenix_test_set/python-3.9/7a3d58d1867aaaaf90d9565868f3dfb37a796870fd7b22534fb728deee2186e1be81fb5f3d1741598e01729a8c0d043bd2cc02ea54e8200f7ea35e06032f0b27/controlled_gate_test.py)
79. conv3d_alter_op.py (path: /syssec-nas0/pyc-research/compiled_evaluation_targets/usenix_test_set/python-3.9/5ab413e2b7c4d701c99f9d0d71dd031b5f50eee7ee2b0471648d5f66ee2ad81622f1c9baaa8414ccb96323ea6b1ab3db4dfa9db34e3d9b52e84a708cc29dfbf6/conv3d_alter_op.py)
80. core.py (path: /syssec-nas0/pyc-research/compiled_evaluation_targets/usenix_test_set/python-3.9/777dd179f5295f188238e7381d6e5e6e1c8355ddb304cc8dd239718158a13693fb5b2b72d5676a4ab6f520546048da61f2349648238ecf423d922bf5bc9e8e13/core.py)
81. crawler.py (path: /syssec-nas0/pyc-research/compiled_evaluation_targets/usenix_test_set/python-3.9/39a1f0b3a9a8987e93d69a64b70c147f5ad8857dd452dc168db51d5daa8d23153f24a325acf3e71ba37ee40e6d4d3e8ee6ebabac14e009023563599791828855/crawler.py)
82. csv.py (path: /syssec-nas0/pyc-research/compiled_evaluation_targets/usenix_test_set/python-3.9/73349d7e40de4c211643144705c393d524a63bab4e33ab73e6fc7934eb8cfbe1d057b39b292fc6bd9cfcd134ddb46d1d310e78f4ef9b089baabe397df1f4305e/csv.py)
83. customTitlebarWindow.py (path: /syssec-nas0/pyc-research/compiled_evaluation_targets/usenix_test_set/python-3.9/8dbd3751ddc566449969add7b80ec0953df0f534bab197ab5fdd762ce4a2382f54b0201ac7abc60632be746134f587e914250582ed4d5cb16c79eb4be9cd27a1/customTitlebarWindow.py)
84. custom_policies_integration.py (path: /syssec-nas0/pyc-research/compiled_evaluation_targets/usenix_test_set/python-3.9/38df3cca09350cde024ffb52047d770fd23928d75fba9c3fe6f4b1c40b197b47bbf3da00c1e17c0f6f4b9bc0d25d97a2430f95437bfd3ccdb341f61432ff5d0a/custom_policies_integration.py)
85. datacls.py (path: /syssec-nas0/pyc-research/compiled_evaluation_targets/usenix_test_set/python-3.9/fdd2adc8c14adc1838e5c283a4fa1e52272e96f1c1b1092022be292bd94b15172a93ad8437447847876ae76376d3618c5988bbd0f811e53741794885d9bfb04b/datacls.py)
86. dataset_providers.py (path: /syssec-nas0/pyc-research/compiled_evaluation_targets/usenix_test_set/python-3.9/aa8febc11b0fa251f887f8ee0267c88818233aaf99d9e0bbfee42239eabb408c923d23963a5f3c60d8ad40c56fc3aa4f8db48652580d32e916fa5ff5a61f197c/dataset_providers.py)
87. dataset_providers.py (path: /syssec-nas0/pyc-research/compiled_evaluation_targets/usenix_test_set/python-3.9/ed61dbdcee61d2c3301c90bfbfc95b7ea456212ae68d5f0ea0f9a1ce18bdb33f44f756eda0964e9bee747493992204f4b385001086c5f64f1e60c5075e81ac37/dataset_providers.py)
88. decoder_loader.py (path: /syssec-nas0/pyc-research/compiled_evaluation_targets/usenix_test_set/python-3.9/86a1a6aac49f23b4c629032c95f61267c4f6a459561dee9b14068b26453696e4cb394c4df8229ba03407ddbc053e2b071ee766f9f9d7c554a3cb7f4a45626965/decoder_loader.py)
89. delete.py (path: /syssec-nas0/pyc-research/compiled_evaluation_targets/usenix_test_set/python-3.9/e179207821a8d66b135b002439562231bff33635adc6475fddbfc474b38d7ba3030990c79e5b66727ee17bc2a284b2917afbc94a9015fcfa542e0d94451a56fb/delete.py)
90. dnnl.py (path: /syssec-nas0/pyc-research/compiled_evaluation_targets/usenix_test_set/python-3.9/827c7ef1b0b2d004e139a77a194e18ece1d8349bd973083e888e5deb4d4a50c7e6b04198f11924791e59349c79647b0ab06f9ab5164baea88825f69ff5458f61/dnnl.py)
91. draft_diff.py (path: /syssec-nas0/pyc-research/compiled_evaluation_targets/usenix_test_set/python-3.9/2105618ea46731051e7137a687fbe7ecc3b9864a715ab0cb0907e6ce43d8f71ddbd8f10f26a064e0b12179687451d588607d82360d2ffa5f27fe9bcbc3f4c8a0/draft_diff.py)
92. engine.py (path: /syssec-nas0/pyc-research/compiled_evaluation_targets/usenix_test_set/python-3.9/a0c91758708c30cf81d9b28dad13b4a0aca3768c7567cf8cd44b93efa66b90975839180b6a7454db858952022341bda3be3a20e8f263c8fcbc297f11522796cc/engine.py)
93. es.py (path: /syssec-nas0/pyc-research/compiled_evaluation_targets/usenix_test_set/python-3.9/3572599aea1ac3c627725f41f8061d30d133f6ddff861358a83e5ea2df1ffbd91a520831e8cf2a10752fb071256f5f1b29085a683c56db40d632a1cf01dbcb23/es.py)
94. evaluate_sbd.py (path: /syssec-nas0/pyc-research/compiled_evaluation_targets/usenix_test_set/python-3.9/b225d04a0dadd1af2bdb94806bec5ee3a506b938e054665eb5f14ab69e4623d4949aaafd9edd3e6d1134850c127f22c82ecf98b2ea0244c9ab9199dba6f3c13f/evaluate_sbd.py)
95. excel_tools.py (path: /syssec-nas0/pyc-research/compiled_evaluation_targets/usenix_test_set/python-3.9/49b7f46684b0bb775a258de808255c7c23b5abda90229c13339d3ae3ef4b3291a511f19005a131e64d014e12d7e7e99d1d0adb83c1365eabaece3f5577a9d579/excel_tools.py)
96. exchange.py (path: /syssec-nas0/pyc-research/compiled_evaluation_targets/usenix_test_set/python-3.9/207de057ef63c391f88906a4502e83f565a21c8dafd71e538fa72f0cccbdb40362dfccca80ac74cdda18d45bd623d81fcde1c089d864645d1fd28fb41c7f58bc/exchange.py)
97. export.py (path: /syssec-nas0/pyc-research/compiled_evaluation_targets/usenix_test_set/python-3.9/75955dcd80a0c4f6c77525d6046bd1737f43a7494bfad37916b0bc6c6101c21d2b84a5247d45aef1186c729f84d5faeb8885140dde72a8563e8c1db8c0111592/export.py)
98. file_io.py (path: /syssec-nas0/pyc-research/compiled_evaluation_targets/usenix_test_set/python-3.9/179485b361eacac5884667d7d7374a4ac6c07249285325a5669344c9f71e3169310965ec88e0f16cd9f14f50cc08eada47d93ef7d4ec067700365c63f9fc5f29/file_io.py)
99. fns.py (path: /syssec-nas0/pyc-research/compiled_evaluation_targets/usenix_test_set/python-3.9/13c110210b211d3c1027e9fda052628eab0d8dcdfbb1012282027347049b2057de5b09a6c07767bd1d3d4feb72fe56cbf9a778ad72b011a66c050b042ac65419/fns.py)
100. frame_base.py (path: /syssec-nas0/pyc-research/compiled_evaluation_targets/usenix_test_set/python-3.9/4e4a3b2514cf681ab9c9ffa1d40eb22cc45567762037bb723003c2faf563618d29eded256460443a09039ef1280e6e1513bf4ec03767a1d9ed07d515f4017deb/frame_base.py)
101. gdm.py (path: /syssec-nas0/pyc-research/compiled_evaluation_targets/usenix_test_set/python-3.9/37290885c451e7f3ec76d92320832fa291f112f11571b60aca18a26c68d50ebdb30a21accffb303ccb83e439fe3abd86970b44f009d564422e6d863eff3c61df/gdm.py)
102. gen_image_ops.py (path: /syssec-nas0/pyc-research/compiled_evaluation_targets/usenix_test_set/python-3.9/999bc21524713b748867b3158dea753d9aa0cc5199edd18747232d269adb6d415642dc5738e643ed071f8342a437cfce51a86bc1804796969f990ca78c1b5412/gen_image_ops.py)
103. generic.py (path: /syssec-nas0/pyc-research/compiled_evaluation_targets/usenix_test_set/python-3.9/a47f68856c8ae9322ac9d570382cb5df77f7cb1b18db470277f051284973c45134fb7224f43b2eb92d6fa74f9850a4aee17ad1240387292156a0a22c45e51169/generic.py)
104. genetic.py (path: /syssec-nas0/pyc-research/compiled_evaluation_targets/usenix_test_set/python-3.9/8757a16ce5e82b2e4c8caaa13929a3a4614afb4c56b5a8fb5b94b64814155448a23194316ea07ea38cb16643eae1d5742d9057bcc8dc826fb11ffa936bf61f5a/genetic.py)
105. gitlab_housekeeping.py (path: /syssec-nas0/pyc-research/compiled_evaluation_targets/usenix_test_set/python-3.9/149239392ac4ec9a5d49aa4a78ccfbfd0664de6f44eb855c3d452e072fc364a431a93b2e069973d226421acd9f223601df091123270a90b78ebcf215911f076d/gitlab_housekeeping.py)
106. goto.py (path: /syssec-nas0/pyc-research/compiled_evaluation_targets/usenix_test_set/python-3.9/299137a11ac93e0ff73d950a6863ab7a84635014708bfb4cd09e1d51ea77af768e9c021f5526be993f6f804d29558aeaace0b3a2039f28a0b72d6028038b06ac/goto.py)
107. gradients_util.py (path: /syssec-nas0/pyc-research/compiled_evaluation_targets/usenix_test_set/python-3.9/5648588e01f4c2bcc04811c614dedb27d318d1b9b2671edb26271215ea5674ef96d05ba9f5fd4117d6ccd02b17ccc5772f3d7f9c2e34291fcebf426c86a2df64/gradients_util.py)
108. grid_finder.py (path: /syssec-nas0/pyc-research/compiled_evaluation_targets/usenix_test_set/python-3.9/9adb7cace7418536c7432515bcdeb74b3ce556902914e1788bdd9ed8bc0b79769ad0ed3f1534ff8cc5b3833e77494b02883fc782f9ae8f9d804fd3705156e6af/grid_finder.py)
109. hide_utils.py (path: /syssec-nas0/pyc-research/compiled_evaluation_targets/usenix_test_set/python-3.9/3e9b640265aa654cda4581e3cf6418aaa817f1fcd6feedc06f35dec3c6dbe7d8f18d98c5ac4c49409745f7b89a0016c11ad0a5bd89133de147958fd86000dbae/hide_utils.py)
110. http_client.py (path: /syssec-nas0/pyc-research/compiled_evaluation_targets/usenix_test_set/python-3.9/75195eed5eb8f6149d580556992a29f25c2bd1e4a55864ef1e0cae34bc38172af9147507e4cf0b8d3575c01023be5eddee347114fff17c04c6215d208f81925a/http_client.py)
111. identity.py (path: /syssec-nas0/pyc-research/compiled_evaluation_targets/usenix_test_set/python-3.9/2f351d3f845f920ecba68a6c3e9347b964967c60aa38157cea3b08d758a5dd05cbc194715e88cb592cb2e93427ecebd318479eb3a908e5f1b414c167ee8ec9c0/identity.py)
112. information.py (path: /syssec-nas0/pyc-research/compiled_evaluation_targets/usenix_test_set/python-3.9/ec93898595f29ddfed0893ed9ffbccd07f005eb5e329997293abbde90c03b1ae1e2b33489d6d267f81a1f6f94a9e63c404a8b4fc057732651f9f56d956b3cc70/information.py)
113. init_route.py (path: /syssec-nas0/pyc-research/compiled_evaluation_targets/usenix_test_set/python-3.9/4891fb5f3d65ca5059ce9c9676b63115e3764e63a95339ea1698bec1e6551e677168aeb8769277358b64f62fb49307972b8efb2e23f30dbe41e94c752f2ea4fa/init_route.py)
114. input_spec.py (path: /syssec-nas0/pyc-research/compiled_evaluation_targets/usenix_test_set/python-3.9/e93c355e44b261b2059f878d60baf482836beb2057030b8fd0406b043e32a5e1de32dc747d2afe6bd90d2c33ddfa3c3d0eeca8558bfca81b8eb4d11a806f1c89/input_spec.py)
115. install.py (path: /syssec-nas0/pyc-research/compiled_evaluation_targets/usenix_test_set/python-3.9/ffbbd47346632ced7c335e3fd9f108521233b44c9ac16433e36df9ddedf6fdf018323b82f8341443d4b86b6dd75cc4eef473b09400abe31ee4592a9c9ebbc2db/install.py)
116. intent.py (path: /syssec-nas0/pyc-research/compiled_evaluation_targets/usenix_test_set/python-3.9/ce2c0094f9d77c1d04e616e22dfbdfb78efad93ccd93f6b317815bc57046a8b7bad982ab5b74ea67a0cb06657d4ac76cf8d6f0d15ec69f77287ef5187b2e25de/intent.py)
117. interval_lifecycle.py (path: /syssec-nas0/pyc-research/compiled_evaluation_targets/usenix_test_set/python-3.9/39dd3de8a559eb00074c5244936139667e258d4aef62d1750bcedff287311bdfbf63adc3ecfe8c07c1ca525a6c6e978b167e9c2f457b7eb9b0dbc886f393e276/interval_lifecycle.py)
118. io_argoproj_events_v1alpha1_bitbucket_server_event_source.py (path: /syssec-nas0/pyc-research/compiled_evaluation_targets/usenix_test_set/python-3.9/850830b8780fa4fb945ac7e1ea9233ed4b866cfe7cb08f591eb12abcbaa7b48561744bfe6206997a3d2e4a9493782be0534a3f1481c6b56f61863cb36ff15fed/io_argoproj_events_v1alpha1_bitbucket_server_event_source.py)
119. io_argoproj_events_v1alpha1_git_remote_config.py (path: /syssec-nas0/pyc-research/compiled_evaluation_targets/usenix_test_set/python-3.9/d07de91bf713abada261d45d16f88900970f56e8af514d55afd86d07f00052f4676a85d8601faaf350c4224eeb8f40558ba0d736747cbf909b7ad5ef8b38131f/io_argoproj_events_v1alpha1_git_remote_config.py)
120. io_argoproj_workflow_v1alpha1_cluster_workflow_template_update_request.py (path: /syssec-nas0/pyc-research/compiled_evaluation_targets/usenix_test_set/python-3.9/83722721ddf04c7db306fb56c19921255ccdcff1583bbe4610a6610a6e37ce9543bcf22efd0e5b7563e363db112583b277485732ac025708a6a6d0992e452a6f/io_argoproj_workflow_v1alpha1_cluster_workflow_template_update_request.py)
121. iterator.py (path: /syssec-nas0/pyc-research/compiled_evaluation_targets/usenix_test_set/python-3.9/6b292028392c316b624bea1345952b3aaf3d04b7398d39c64e80e7caa8b113d8b6ab540cdf956e02b78dec1b3187817ce41f61d0c0b64d7d756c35b9cf2e1c98/iterator.py)
122. jinja2_debug.py (path: /syssec-nas0/pyc-research/compiled_evaluation_targets/usenix_test_set/python-3.9/d7066f719f9e8e30e2a90c0e1c0f59cf4951c0226e477a3961949274899396491ba9f8d27ed4adbd19a609a0ce4bbe9bb437eed3be00f576cdf20ac7401fecfb/jinja2_debug.py)
123. json_format.py (path: /syssec-nas0/pyc-research/compiled_evaluation_targets/usenix_test_set/python-3.9/811d12c92e619883d55077105a66ffc49f9a135e6ab4eabb4abbe6ab3faa92ed27b295d5f78a9d2a68951e7d6210e9cedd17047c4cc41a59a0ec42bc6b009ad0/json_format.py)
124. keyvalues.py (path: /syssec-nas0/pyc-research/compiled_evaluation_targets/usenix_test_set/python-3.9/3e2f6916afc2d8c43cb25a6db0418a3aedb662e3566aa6f085912e3460565ee21c92a430d4f67599a4a1e2c7e4d452180eca112113ebe7048c9e642baccdbe77/keyvalues.py)
125. kvr_dskdm1230.py (path: /syssec-nas0/pyc-research/compiled_evaluation_targets/usenix_test_set/python-3.9/ddd53c62c0c4efbe20932fc0bd44f57d745efb5917e088c668c754ecdaca8c776dc6674350bc0837c5204f0aab4addf0aacce67eedf7f77741e1c2a9b9f7c9cb/kvr_dskdm1230.py)
126. ldap.py (path: /syssec-nas0/pyc-research/compiled_evaluation_targets/usenix_test_set/python-3.9/9ac5b88a7da5ebd28c050dc78b82f0281d29f6b168103f23cd780afcd53d9fbb5a8d9293e843b3b2b2b0e5c9df5ad35de1c6e098c10923d2dbadd5748bdfd3de/ldap.py)
127. lib_backup.py (path: /syssec-nas0/pyc-research/compiled_evaluation_targets/usenix_test_set/python-3.9/bf62423ec4b76f5e73585215a512942a1ea250f4e9b11d3bafe922689aeda1fd9a5f561332d8e95e176f1dea55a82104ec2f41af63680ce68436b66c51cb0067/lib_backup.py)
128. library.py (path: /syssec-nas0/pyc-research/compiled_evaluation_targets/usenix_test_set/python-3.9/3260a9ff3452ac9746cfa0dde6d071167c76200ff8747b6bc253d635932fe035746b36060901764122b08f17d63f12fc590683535ab84ad721065262a13f91da/library.py)
129. loader.py (path: /syssec-nas0/pyc-research/compiled_evaluation_targets/usenix_test_set/python-3.9/06bd23c76f46501eef32a0d2c4c7889e2385f4657c50c548d7f643551e1692868a2a8a60d2e2b00fa79f661b608714bdb867ae5230bccc53eca0f0e623ec338c/loader.py)
130. local_search.py (path: /syssec-nas0/pyc-research/compiled_evaluation_targets/usenix_test_set/python-3.9/ccb6eb0ecfd9b3c55c5bedce71b9671301fc18102882ab70c977a21eefffb0fec6a83ad470ec464185ddbcfed54eac6d6e9f6313c18f43842a0077660b28fc5c/local_search.py)
131. log_view.py (path: /syssec-nas0/pyc-research/compiled_evaluation_targets/usenix_test_set/python-3.9/178b56efffd3bf832efb44ba7322816793c16a4d8b32d4fb5f33b48512e0c4def66df5cebfbc5e5b33c685c89d9f67bd41ab6f51b0eeb3d208c7502a6c4933a2/log_view.py)
132. logger.py (path: /syssec-nas0/pyc-research/compiled_evaluation_targets/usenix_test_set/python-3.9/1e8aa996533bd98bb5bc48e6a539f85c9e7ec952a65879d9638c61aa303add64c2f7da404a26a1666c1a4e089750406fe5f862dc8346a3861254c4393ac7a12e/logger.py)
133. magnet.py (path: /syssec-nas0/pyc-research/compiled_evaluation_targets/usenix_test_set/python-3.9/e8a7a2e0eb04a45d427bdb2c512b059109420d229f9be5dc6cd51cee2fefee9ea614264d5fc7dd2bec33cfae27f7c61da915f6354bbdd1b9102311ce5f00eb33/magnet.py)
134. math_grad.py (path: /syssec-nas0/pyc-research/compiled_evaluation_targets/usenix_test_set/python-3.9/dec7ab7f96054af2d9dff76b1a6983e065fb672aa3e916080c1231aa5b5e1d8188caf0b12ef0153d8ec8d6d358b6d89acaccaa7bfef25bee7f66b74ebf9829d9/math_grad.py)
135. migrate_annotations.py (path: /syssec-nas0/pyc-research/compiled_evaluation_targets/usenix_test_set/python-3.9/6329d98f8ea8ace2e1f7eee38b4e1d78e49e9356d95df8b6c66684cbda70d1b6ad8f97da9e9af2e5da8fca93d930f1a09b3d54e2c02c70d522ae2b2ed985054b/migrate_annotations.py)
136. mo_archive_pruner.py (path: /syssec-nas0/pyc-research/compiled_evaluation_targets/usenix_test_set/python-3.9/f590bb25c0d4b4146045a632d9f5cba08a8c271e77dd8129088ad70d8ff15a8f17272249642232ac199677e6db080749af2a12d7202fc60c50aba698c1bc8cf5/mo_archive_pruner.py)
137. mtv.py (path: /syssec-nas0/pyc-research/compiled_evaluation_targets/usenix_test_set/python-3.9/2cffa091502bcd49fe1d4cef4a94a0acbc22c365c54213895216e38eac35d6bcf48687b2bb056f43264a81170c12ba5d8f5035a06522bac93e3c16bd955c8173/mtv.py)
138. neo4j_helper.py (path: /syssec-nas0/pyc-research/compiled_evaluation_targets/usenix_test_set/python-3.9/66b1d338cc1b003363c6f3c85791ac64574b3817f625e0e630b2a2d78b70c9c00ac920ade08e19191145fa3ef6cf23663c2b88466ca6aa1b2fb407e81a1f998b/neo4j_helper.py)
139. old.py (path: /syssec-nas0/pyc-research/compiled_evaluation_targets/usenix_test_set/python-3.9/f9d7e6438f4ac9ad73a7e47522c0bfa57c3f21651f526a2121787820b4ffdc0426bc1209862be1ef169719521404cb4b48fccf1185007e5f06d05b3aa1557107/old.py)
140. ome_tiff.py (path: /syssec-nas0/pyc-research/compiled_evaluation_targets/usenix_test_set/python-3.9/6710749f23afa2e5f61f5ae1f0269b78aa78f14d6444823652b877cccef54254b460e9164289ad7e7d51a44047df851ceb245176af7be97d376a8d00fb3db1b8/ome_tiff.py)
141. paginate.py (path: /syssec-nas0/pyc-research/compiled_evaluation_targets/usenix_test_set/python-3.9/a8bfd14a0f014ed9f9803e834eda55ad7b297d13385b20b0cde324edd30af2c920cbda33e8377e32534dce443852ca20913b4e4f2d7b4254f2b9d3ce8d5b15aa/paginate.py)
142. pat_data.py (path: /syssec-nas0/pyc-research/compiled_evaluation_targets/usenix_test_set/python-3.9/d10883fac0f0970044d919ccceb3d251d8fd64db53fb84e383317a4544c139e73935f807dbd1748d82e65754f7cf486814f215c8ffe1fa6c6a2fd6595f53a0ad/pat_data.py)
143. pcapd.py (path: /syssec-nas0/pyc-research/compiled_evaluation_targets/usenix_test_set/python-3.9/79fe122f09209c15bd24080d6d4ad8ec26b7778f01e874ae888509d91163cb0c6fc40c7700cc0bc19be1af492af37de7c2d9bdbf8299353810061cceb7333854/pcapd.py)
144. pipeline.py (path: /syssec-nas0/pyc-research/compiled_evaluation_targets/usenix_test_set/python-3.9/4ba20f5a25174f2f3e06a6ed825b9721b9ecb2404024c91059be083041c0ad65ff38a83652ccc7e8e2a0dc15a563752153e09dbce7567484571da90c4e545a12/pipeline.py)
145. plugins.py (path: /syssec-nas0/pyc-research/compiled_evaluation_targets/usenix_test_set/python-3.9/f00bde1a7bdb97d892bc24d356463bca33989d6d2e05d5d2a1092618de0956ff322de7238204f2d3594b66678a88e7f94d80001c8c1596152a24a011f0678be6/plugins.py)
146. post.py (path: /syssec-nas0/pyc-research/compiled_evaluation_targets/usenix_test_set/python-3.9/74c742354d7ea5760e0fbd980816c54c436e3569bd60ddad33017e854f6810603d832ff83c8da1dd6838b6875515d4d0314db67a1f70129c5663aeb7d666b71f/post.py)
147. post.py (path: /syssec-nas0/pyc-research/compiled_evaluation_targets/usenix_test_set/python-3.9/c94ca0b9a995fd1f6a5eb435be4821f28d70082640fcc7169cb0697b26f2064ea15dfb1d978cf55d2ea1a0a1a2d2ea30e43d468cc19904610f8d878a0156435e/post.py)
148. powervr.py (path: /syssec-nas0/pyc-research/compiled_evaluation_targets/usenix_test_set/python-3.9/b5089ffac8647197143b66dfdff4b4cc62ddc61b489e2bda9e3cf988c29b91c033b48b8dccd543210c088d4d15489c52567c9b99cef391a9ccf4cc67cf723c66/powervr.py)
149. project.py (path: /syssec-nas0/pyc-research/compiled_evaluation_targets/usenix_test_set/python-3.9/feada67d1617ccca55c3f9142bd99050ff546daf28d2d83cbf792c4affc5e144bc077a44f1ebd88232a4d627781765327eb87becfdb283ef681f55247cecf6eb/project.py)
150. proxmox.py (path: /syssec-nas0/pyc-research/compiled_evaluation_targets/usenix_test_set/python-3.9/fbd60ddfcea2e16fa7e65bdaa94a05578d92ed4bd8e238ae9d40b2517f1f503a02af8b145c8e89eefe55759a65c3ba055964aeb2e27c2dd34d55efe32fa2e93a/proxmox.py)
151. psuset.py (path: /syssec-nas0/pyc-research/compiled_evaluation_targets/usenix_test_set/python-3.9/bd4d2c830c13c1cbcf5694651b0c39b64000520dea33bc7ba5958b3f5f3031f90525b0304e114fc32699626451895e93e398239ba1aa745aabc0b1c27ab6c1cc/psuset.py)
152. python.py (path: /syssec-nas0/pyc-research/compiled_evaluation_targets/usenix_test_set/python-3.9/f06110e27806ca908dbb6f641834a8495cf4fdb3a7afc1f9cb2cb4882173d7009f3debf3a69d13f6d32176baf61ea22b612c200bbdf3493c1b9b62f5fda86d01/python.py)
153. referring_video_object_segmentation_pipeline.py (path: /syssec-nas0/pyc-research/compiled_evaluation_targets/usenix_test_set/python-3.9/d9ab91f72e2e6c5fdad4bf1351d0585d333c6a52799350dba5ae80289973e4dc0ccecbedea5f1c5b66d76ef2266855142c015069fb7e78136768e783621ccbef/referring_video_object_segmentation_pipeline.py)
154. renderer.py (path: /syssec-nas0/pyc-research/compiled_evaluation_targets/usenix_test_set/python-3.9/acc2056c36386bc377bbe529fe7d7f1b671072e769c71a5568483a23f5c3c4a1c3fda87ad3401b8d583ffc911c293bb8ac1a4168576f9aabcb16fc679e88d131/renderer.py)
155. resolver.py (path: /syssec-nas0/pyc-research/compiled_evaluation_targets/usenix_test_set/python-3.9/903b60923df37a1c9ae4cd8f18df9e8aaaf1937493cd9b52272fc5a28df2c8ebdb4cc23338fe984037cc0bfa6bbe466aaeaafde59746c108c0afccb6e46d9264/resolver.py)
156. response.py (path: /syssec-nas0/pyc-research/compiled_evaluation_targets/usenix_test_set/python-3.9/715f92026406370dfe7054392b0f3a7e1722ea58eec8aa29b19b58329bb265ad59dfb6647348efa238935d47bd3b79bcd39e0968e32725874834528c10390630/response.py)
157. revChatGPT.py (path: /syssec-nas0/pyc-research/compiled_evaluation_targets/usenix_test_set/python-3.9/9d3258a76bf781ef26b07ddd418c8bb3e0760385d7ee3011538e2e0629eb7addeb9face0aa5ca1836ad95136633fe2a4e75b2ef38aa169c81d343235eb9e2406/revChatGPT.py)
158. rubric_list.py (path: /syssec-nas0/pyc-research/compiled_evaluation_targets/usenix_test_set/python-3.9/0e2c186d483bc03fe38a228a76d6ec80c855501f2e8e2de22d82db28415bac0e8a74596857983e2bf5e5e7c2a869e0bec25816aaa8eb913a8b77cb9d659a5563/rubric_list.py)
159. run_all.py (path: /syssec-nas0/pyc-research/compiled_evaluation_targets/usenix_test_set/python-3.9/fe50871af19d072b8b60a0a39e59f48ebeb2856f5304814f7a00a510984985978f05746f1b71a5a9d6115ba91146ccf297fd2e849775cf74b188d9010d505237/run_all.py)
160. schemas.py (path: /syssec-nas0/pyc-research/compiled_evaluation_targets/usenix_test_set/python-3.9/045cf9f46846d988ada51284223e1d0d233ad2ac09fc1d0cf392d1dbc2e30d159a06b89b73f43150a5da1807588891e22fd3947981147e946a0e862617e06fea/schemas.py)
161. scraper.py (path: /syssec-nas0/pyc-research/compiled_evaluation_targets/usenix_test_set/python-3.9/0e2dcf37b136fdd356252318ab1801544f5681038dfe56408f910646f38425a6dfdfa6dfe65d396918c9075fde11e35de965a33e567366555ee34276f1c4396f/scraper.py)
162. screenshots.py (path: /syssec-nas0/pyc-research/compiled_evaluation_targets/usenix_test_set/python-3.9/984f2a8f89ba47db288555e4862eb163784aac9a5ab6fd3f067ff3d642a1cf87753b4f9bee66b435199cfa1195331311b842732771fc3ed3744b4c21166d79ed/screenshots.py)
163. search.py (path: /syssec-nas0/pyc-research/compiled_evaluation_targets/usenix_test_set/python-3.9/b80be56c6bd751dec60ae8ffdd3f72f34edc2727dc43388824aa47ccee3ca25ea2d8af028cf2fe719529bf128e1766f3f9d8fd10ea445f68242ad24145cf6387/search.py)
164. server.py (path: /syssec-nas0/pyc-research/compiled_evaluation_targets/usenix_test_set/python-3.9/51cfe9f9267e456838ff14167187b394c00275a78f7012f390cda50cf432020cc37c5ff22a1beab9b0f4758b52938c50f0d30e3a74698e6a7e76835a0abd9f4e/server.py)
165. simapro.py (path: /syssec-nas0/pyc-research/compiled_evaluation_targets/usenix_test_set/python-3.9/b67c8550ec4f94b58c5047c6342d3cd463c8e77df71bdc203b912acbfb9ffa15231d6e29fbc11a576ad8f516285bb1f841bc31c61104029c89926523e258e8e0/simapro.py)
166. smile.py (path: /syssec-nas0/pyc-research/compiled_evaluation_targets/usenix_test_set/python-3.9/0c9652850cb4fe233734237d6ba0abf74354ab53971d2da9aedc999b4db32564dc38d07e9e034e258a3b2ec577d82660bee76c02a3bd047f179f1534f6c6b896/smile.py)
167. smtp.py (path: /syssec-nas0/pyc-research/compiled_evaluation_targets/usenix_test_set/python-3.9/3f53a43b3336070fa1da8bd906f17f9e8a083606f6c1f3189d36d2a6fb52ae066b6fa3e0c6795440cacef1640079457da21ff6e3fe6b5b95dc36e844f38c45b6/smtp.py)
168. specifiers.py (path: /syssec-nas0/pyc-research/compiled_evaluation_targets/usenix_test_set/python-3.9/aca7458f816c47b2739570c403518e8c88385a80db7d577d185c8002d973072b6517b5a0ae15c220228b36bd0f881432f2aca23ddaa0f96f665d292ad739d320/specifiers.py)
169. sponsored_guest_portal.py (path: /syssec-nas0/pyc-research/compiled_evaluation_targets/usenix_test_set/python-3.9/76a6df95eac1f565aae286c07cbcd55e044f2dba63c2729952df41846828035df6f1c2bae46efa5101e9e31a3a8e139b165fae16124a4fb5d87f7c6e232fea5f/sponsored_guest_portal.py)
170. stock_lhb_sina.py (path: /syssec-nas0/pyc-research/compiled_evaluation_targets/usenix_test_set/python-3.9/d9d783cb5f07b3fbcfe0dcf27599d2d39d261fd4e93cf0d53dc279adb93e51079f2e624ec3bed03039fd1401efcfc458c17bc2a7594699e9e432eb221aa2cac5/stock_lhb_sina.py)
171. subscribers.py (path: /syssec-nas0/pyc-research/compiled_evaluation_targets/usenix_test_set/python-3.9/cc8daa058f296c5df67178ab3979081c59fd40fac1fca2863c92fabc1d3cf6e20d4587e3b17ddcd8d4553fd71043a2d1be1a10a3abadde88cccb36fe285b2ec5/subscribers.py)
172. switch.py (path: /syssec-nas0/pyc-research/compiled_evaluation_targets/usenix_test_set/python-3.9/ce43e8a447d78d482673350181c6925795857e1e3f483529026550d52c3248a4493bb9cce2e1ec350c133875f8891f543aab59888297f109a3b6bb1ca484d43a/switch.py)
173. system_info.py (path: /syssec-nas0/pyc-research/compiled_evaluation_targets/usenix_test_set/python-3.9/5af58f5fa20c6c6dcb4dd4873aec454acf5b5bb0ccd76dd416aed46c078e99ee95dab91bd3512b35b558bea078d1458b618d7a32e8eac712f53e9c9e86890d3e/system_info.py)
174. sysutils.py (path: /syssec-nas0/pyc-research/compiled_evaluation_targets/usenix_test_set/python-3.9/5e162ea864128d8222bb7d5f9e56723c7f81d4818d1a954272419f58b77f533264a968144bf2c4f7d37a429feccacf3e5c72f426d899f7e9fc73612f7757f302/sysutils.py)
175. tafunc.py (path: /syssec-nas0/pyc-research/compiled_evaluation_targets/usenix_test_set/python-3.9/21350773ebba0981f8f407721439f0ead15e2512d05b64025f66966d208883328222062cc29655f88b394b1b3de14e9ca18e5c36679a5502bc7b1eb937238ef0/tafunc.py)
176. tensor_shape.py (path: /syssec-nas0/pyc-research/compiled_evaluation_targets/usenix_test_set/python-3.9/ac631b69887a05f8b4027cefff3741658ad319d8e74985e18097700545662c03f2cee25feb0cce64683ad9043ab1134aaead421ff219bb48bd5caef7030e46ed/tensor_shape.py)
177. test_export_fits.py (path: /syssec-nas0/pyc-research/compiled_evaluation_targets/usenix_test_set/python-3.9/8fabca408a89ef4a716d7f42fde67c3b56dbbe735424fa7e1ef59ba4dc20e8500026e92fde6f352940a8c7d7618ea121e5297f2866d70c3249dee82245b23c60/test_export_fits.py)
178. test_misc.py (path: /syssec-nas0/pyc-research/compiled_evaluation_targets/usenix_test_set/python-3.9/4fd8062ca760560c7deb84d4b478cd74449cd92c29ec71531d6cb8d307245adfac929d0f2ac463dbe0cb7f4c7039e3ca84ab5637dc31d8e7648634f642350913/test_misc.py)
179. test_session_controller.py (path: /syssec-nas0/pyc-research/compiled_evaluation_targets/usenix_test_set/python-3.9/b7cf636c01a6db8eaa8d68ee32bd72af709b74372b9d254653fc0b7c884eb78338b8f641fdbd8edc2c6a4364c7d2f24c11972f0ecfac418b8004662d40a55a1e/test_session_controller.py)
180. test_stata.py (path: /syssec-nas0/pyc-research/compiled_evaluation_targets/usenix_test_set/python-3.9/45a5c3713460f9c2a0c0547ae2ba035aca9f6c28111877390a9f9f7549fd9fc920021d731cc861533bc0d886a8584714908b7fb62b0740411ccd3654d05c375d/test_stata.py)
181. testing.py (path: /syssec-nas0/pyc-research/compiled_evaluation_targets/usenix_test_set/python-3.9/2f62488fb0d79ad97eadb4c49486fc0ac438dcf032e18c990862415d896bbe2b24b6f78c293f2f8d147b3499029bd292340daf97bb0e9d5cb4b41016f90198f1/testing.py)
182. text.py (path: /syssec-nas0/pyc-research/compiled_evaluation_targets/usenix_test_set/python-3.9/ca29c7d5f88e1c6cdd260088b4d692fe758f4633b9266c6600c916ec502723ee6cab0111678572eb357cca9755a6323d93a2bba17dc635f4abdbb9d9541a975d/text.py)
183. time_stats_generator.py (path: /syssec-nas0/pyc-research/compiled_evaluation_targets/usenix_test_set/python-3.9/e305fecede7a4b76550995209751b7b9a9c650b022f2b5bbbe902fa68d20418583f5f52a16df8e848634d0df3ebd1b394974cbdc6bacc78da6da07871069adcb/time_stats_generator.py)
184. tnet.py (path: /syssec-nas0/pyc-research/compiled_evaluation_targets/usenix_test_set/python-3.9/3bba3158df93199767153205bb13b73ac31046a1ec47ff63d6796344b1f981dc0e4ac819734d150d7151db1787f7a4304dddde471dc52d6792abb032f1bcc16b/tnet.py)
185. tools.py (path: /syssec-nas0/pyc-research/compiled_evaluation_targets/usenix_test_set/python-3.9/14920d907cd7c08763023fe6ab3b9840dad434322919ed3fc0e435f406014a05db6fc80f4a147e7ea6ff21f0ed03a7e1a366f375b913cfbc88271e2a048c7e42/tools.py)
186. tracked_thread.py (path: /syssec-nas0/pyc-research/compiled_evaluation_targets/usenix_test_set/python-3.9/759ac99e27475c933cf685b0a66d632ef13b9a5c18c0cb9b432232b66ddf106c2e151f2071e19056398a2e147bb78f903245f484b60aaba0aaf52bdb0f4faa88/tracked_thread.py)
187. tracker.py (path: /syssec-nas0/pyc-research/compiled_evaluation_targets/usenix_test_set/python-3.9/2de1b380508d964b2cda7a1777cc1bc10c0b840475e712c992d605faaffdb1ce6f4d74e0b589e36c8a4c23f7ca8ff86b328d4ba7ea33cf093d27115e9f4155b0/tracker.py)
188. tracking_async_web_channel.py (path: /syssec-nas0/pyc-research/compiled_evaluation_targets/usenix_test_set/python-3.9/6b471bbbc6f9d56084d19aee4fbfa1913b6e43135a1713abff8776197c14e6f4451c518c492acdaf73d745340adeb1674d53c0d9c50859f100a86562619fa67b/tracking_async_web_channel.py)
189. transform.py (path: /syssec-nas0/pyc-research/compiled_evaluation_targets/usenix_test_set/python-3.9/7bf250992e72d9739c20ece85d6f33f0f11151263c9b63565bbf40e86670388cc0649f7e1e8c69b19e8efca7551921b7f60c1e26998282f37aa81ace6dbb00d4/transform.py)
190. transforms.py (path: /syssec-nas0/pyc-research/compiled_evaluation_targets/usenix_test_set/python-3.9/f2beedf6b028de819e792fdb988260ac6564e8120b93d3392ccb55dac8daa78872909d7321c1ceefda9f899c6ed406aef13a7a427085c742acac274bd66f1e3e/transforms.py)
191. tunnel.py (path: /syssec-nas0/pyc-research/compiled_evaluation_targets/usenix_test_set/python-3.9/5e0bae32c002f88ce7523e688bb5f69e24aacf981757bd57a3b545f6298e9d751092960c44eb2fd2087ddbdd4aaae2f54bfc13ef12d6b22fe57e3543d7d9d1d9/tunnel.py)
192. unfuddle.py (path: /syssec-nas0/pyc-research/compiled_evaluation_targets/usenix_test_set/python-3.9/85ba58e4e5c299dd1aa75e011df101af8c02cbc5095adcb21093f4caf488fb7d93b4d2772e82e0bdf335abfe2e265ade5daf99c9a23f2a8ec14cc0d60e5d187c/unfuddle.py)
193. unitofwork.py (path: /syssec-nas0/pyc-research/compiled_evaluation_targets/usenix_test_set/python-3.9/55a8e022808f0fcb58f0882f0c739bbce3156bfb5b9f53f7ce4038a6f84216347f581f6e22562457faded992533475621a345aa7c0ac49bca3667b1651c68989/unitofwork.py)
194. universe.py (path: /syssec-nas0/pyc-research/compiled_evaluation_targets/usenix_test_set/python-3.9/06ab004839a2e1dd31a7e6cf420a07de4e2d3d619345e9ba7291b0d9739123e5ec600fad145f7a912d6e4a1e1caa2aa12a284f88e256cfb52ff3fe8ed6cfabab/universe.py)
195. upload_file_service [2022.8.26].py (path: /syssec-nas0/pyc-research/compiled_evaluation_targets/usenix_test_set/python-3.9/88935e3ec53dc58592912b43cd90553431353a33811a1434a10eb772704b8f03829c1517e384ea68c12db8ba168db719ed7f225cc54d27f489d2bbd68eac2aa6/upload_file_service [2022.8.26].py)
196. utils.py (path: /syssec-nas0/pyc-research/compiled_evaluation_targets/usenix_test_set/python-3.9/1b3a452dd92080f02b2e45554c837eb9307cde04636e6fb5ed67635036d398b05c81b741ebea817e497a0afe60f9483303a56aba8f18c088eec8cba5b49b15e0/utils.py)
197. utils.py (path: /syssec-nas0/pyc-research/compiled_evaluation_targets/usenix_test_set/python-3.9/2b127d1e5201a4fdfd1f5b62874303220ddb1770de1cfed0f3096f86475b1d1d7700419f6e430bd561a6f0b674dfdb1edeac0542a0884c024ed2342df0d13a1c/utils.py)
198. utils.py (path: /syssec-nas0/pyc-research/compiled_evaluation_targets/usenix_test_set/python-3.9/5e795d8ce4b5f17f9192977a1406545897247da0a4ecb4da4144674e38a6e32b9ec0e61def1a3f003314512407c694b25612e6e0e84e562256961aceb0a40dc5/utils.py)
199. utils.py (path: /syssec-nas0/pyc-research/compiled_evaluation_targets/usenix_test_set/python-3.9/a201699110d6e06b5c3fcc2f3c12db9180f842409ac99d03286642835aef0dc6f101cfd4101f04a0b1588eed2ccb77105142ae46e9e99bf410816f555ab11190/utils.py)
200. utils.py (path: /syssec-nas0/pyc-research/compiled_evaluation_targets/usenix_test_set/python-3.9/e40ecc531fd7292125a7068633c4128a4dd8f48efd4f18400de70047306708d16e56fbf99b27112a8eb5a5d8ea466c79d95e90b3838d982562e5bf49772966f9/utils.py)
201. uxf.py (path: /syssec-nas0/pyc-research/compiled_evaluation_targets/usenix_test_set/python-3.9/dd6d8948f22c10ddc76338271f084b5ffbdf8dd7542f34534f3b5a5c6d2c0d55a81047eb74662a0156c2d5ef62d8ed75579520376540dc5200a1f07b40ffc2c8/uxf.py)
202. values.py (path: /syssec-nas0/pyc-research/compiled_evaluation_targets/usenix_test_set/python-3.9/86e34de67958450d591321f631587a1d6004642b4a14d9699615cfdf65332f00bcdd295d7fab7c67c77515e9762b3cac0f986166026b72f1fc2e8c44373761f7/values.py)
203. versioneer.py (path: /syssec-nas0/pyc-research/compiled_evaluation_targets/usenix_test_set/python-3.9/ec69e9b826eecbe23b5697426f42e4c6419f61f32942421e2969615b6b8262bfd55cad108e905dde15c33c3045b91648ba22ce09c44efb2d7b73dd404c2d2bfc/versioneer.py)
204. video_reader.py (path: /syssec-nas0/pyc-research/compiled_evaluation_targets/usenix_test_set/python-3.9/dfff6f08815f3a1d602e46a250104653c7a9beba7cf59828a452b88f536f97578da238fd3d05376d4ba6ff778830ee83c3d077c9a9ffcf7f7578942ff4ab62ce/video_reader.py)
205. views.py (path: /syssec-nas0/pyc-research/compiled_evaluation_targets/usenix_test_set/python-3.9/3fd06313ca4411e2f3c6579ae9bd3400443ca6646b50d7ba00f40a816c7a3443bd40b49bc7d892311306a99a9400c125698aed23b6ae7cba5ec56220b5f567e3/views.py)
206. websocket_server.py (path: /syssec-nas0/pyc-research/compiled_evaluation_targets/usenix_test_set/python-3.9/db9f9f6fb6104de111fdc0a42a17918f115fe92e1c95d6bad8834e628c3c036a11e9d5b27b5babb05e3a80379974070b42ca9f7bf35501494930f41b6386ba98/websocket_server.py)
207. windowDevelop.py (path: /syssec-nas0/pyc-research/compiled_evaluation_targets/usenix_test_set/python-3.9/65fac04376a5536ac05dee58f464be1b78350155dac1b0cef08748109c2f62d27c60e14443f4eef3a5d12006f7e88c081f59ca62e43acc32ad86d2a3b9d24f33/windowDevelop.py)
208. worker.py (path: /syssec-nas0/pyc-research/compiled_evaluation_targets/usenix_test_set/python-3.9/e84a69c47764277f34a796f49176063f5af05ad22b5fdfcb951d88edbeb80507f6004d1af380b23d4cde96ed87d8024cf352e1f0f12f4e38b5e19de2749a5f0f/worker.py)
209. yinsuda_client.py (path: /syssec-nas0/pyc-research/compiled_evaluation_targets/usenix_test_set/python-3.9/868e19f22bcb7f2bdae17442a8c8f1bbaf2eb2a0ccdc416ec0db096c200fdb2e8775d0a7cf1c9d46a690c0103f02f831ec664be3c182d61e3e0b01d5a9b6dd37/yinsuda_client.py)
210. yizhibo_facepp_compare.py (path: /syssec-nas0/pyc-research/compiled_evaluation_targets/usenix_test_set/python-3.9/49a0a745baccf20c88042529f9ebe4895a5af4dddb6459aca37dfe5b5990524caf929625bc3839d5557f092f189d487627d994aab65a90fcb5b827791e4841a7/yizhibo_facepp_compare.py)
211. zone_record_api.py (path: /syssec-nas0/pyc-research/compiled_evaluation_targets/usenix_test_set/python-3.9/229ed2d0657a96e40250b3e05b7e91e29d99ecd5855c4a6f685dba13fa72770a78fb1a6ae5c1a011c98c8e3001467fe7832437111aca935352901e261f2b67c5/zone_record_api.py)

Reconstruction Failures:
1. 10067-normalized.py (path: /syssec-nas0/pyc-research/compiled_evaluation_targets/usenix_test_set/python-3.9/10067/10067-normalized.py)
2. 10589-normalized.py (path: /syssec-nas0/pyc-research/compiled_evaluation_targets/usenix_test_set/python-3.9/10589/10589-normalized.py)
3. 12134-normalized.py (path: /syssec-nas0/pyc-research/compiled_evaluation_targets/usenix_test_set/python-3.9/12134/12134-normalized.py)
4. 12332-normalized.py (path: /syssec-nas0/pyc-research/compiled_evaluation_targets/usenix_test_set/python-3.9/12332/12332-normalized.py)
5. 1255-normalized.py (path: /syssec-nas0/pyc-research/compiled_evaluation_targets/usenix_test_set/python-3.9/1255/1255-normalized.py)
6. 12595-normalized.py (path: /syssec-nas0/pyc-research/compiled_evaluation_targets/usenix_test_set/python-3.9/12595/12595-normalized.py)
7. 13253-normalized.py (path: /syssec-nas0/pyc-research/compiled_evaluation_targets/usenix_test_set/python-3.9/13253/13253-normalized.py)
8. 1340-normalized.py (path: /syssec-nas0/pyc-research/compiled_evaluation_targets/usenix_test_set/python-3.9/1340/1340-normalized.py)
9. 1352-normalized.py (path: /syssec-nas0/pyc-research/compiled_evaluation_targets/usenix_test_set/python-3.9/1352/1352-normalized.py)
10. 14247-normalized.py (path: /syssec-nas0/pyc-research/compiled_evaluation_targets/usenix_test_set/python-3.9/14247/14247-normalized.py)
11. 1460-normalized.py (path: /syssec-nas0/pyc-research/compiled_evaluation_targets/usenix_test_set/python-3.9/1460/1460-normalized.py)
12. 15117-normalized.py (path: /syssec-nas0/pyc-research/compiled_evaluation_targets/usenix_test_set/python-3.9/15117/15117-normalized.py)
13. 15238-normalized.py (path: /syssec-nas0/pyc-research/compiled_evaluation_targets/usenix_test_set/python-3.9/15238/15238-normalized.py)
14. 15325-normalized.py (path: /syssec-nas0/pyc-research/compiled_evaluation_targets/usenix_test_set/python-3.9/15325/15325-normalized.py)
15. 15811-normalized.py (path: /syssec-nas0/pyc-research/compiled_evaluation_targets/usenix_test_set/python-3.9/15811/15811-normalized.py)
16. 16120-normalized.py (path: /syssec-nas0/pyc-research/compiled_evaluation_targets/usenix_test_set/python-3.9/16120/16120-normalized.py)
17. 16152-normalized.py (path: /syssec-nas0/pyc-research/compiled_evaluation_targets/usenix_test_set/python-3.9/16152/16152-normalized.py)
18. 16670-normalized.py (path: /syssec-nas0/pyc-research/compiled_evaluation_targets/usenix_test_set/python-3.9/16670/16670-normalized.py)
19. 16800-normalized.py (path: /syssec-nas0/pyc-research/compiled_evaluation_targets/usenix_test_set/python-3.9/16800/16800-normalized.py)
20. 17084-normalized.py (path: /syssec-nas0/pyc-research/compiled_evaluation_targets/usenix_test_set/python-3.9/17084/17084-normalized.py)
21. 17189-normalized.py (path: /syssec-nas0/pyc-research/compiled_evaluation_targets/usenix_test_set/python-3.9/17189/17189-normalized.py)
22. 17582-normalized.py (path: /syssec-nas0/pyc-research/compiled_evaluation_targets/usenix_test_set/python-3.9/17582/17582-normalized.py)
23. 18984-normalized.py (path: /syssec-nas0/pyc-research/compiled_evaluation_targets/usenix_test_set/python-3.9/18984/18984-normalized.py)
24. 1988-normalized.py (path: /syssec-nas0/pyc-research/compiled_evaluation_targets/usenix_test_set/python-3.9/1988/1988-normalized.py)
25. 20324-normalized.py (path: /syssec-nas0/pyc-research/compiled_evaluation_targets/usenix_test_set/python-3.9/20324/20324-normalized.py)
26. 21605-normalized.py (path: /syssec-nas0/pyc-research/compiled_evaluation_targets/usenix_test_set/python-3.9/21605/21605-normalized.py)
27. 21753-normalized.py (path: /syssec-nas0/pyc-research/compiled_evaluation_targets/usenix_test_set/python-3.9/21753/21753-normalized.py)
28. 21803-normalized.py (path: /syssec-nas0/pyc-research/compiled_evaluation_targets/usenix_test_set/python-3.9/21803/21803-normalized.py)
29. 21984-normalized.py (path: /syssec-nas0/pyc-research/compiled_evaluation_targets/usenix_test_set/python-3.9/21984/21984-normalized.py)
30. 2258-normalized.py (path: /syssec-nas0/pyc-research/compiled_evaluation_targets/usenix_test_set/python-3.9/2258/2258-normalized.py)
31. 2325-normalized.py (path: /syssec-nas0/pyc-research/compiled_evaluation_targets/usenix_test_set/python-3.9/2325/2325-normalized.py)
32. 277-normalized.py (path: /syssec-nas0/pyc-research/compiled_evaluation_targets/usenix_test_set/python-3.9/277/277-normalized.py)
33. 3080-normalized.py (path: /syssec-nas0/pyc-research/compiled_evaluation_targets/usenix_test_set/python-3.9/3080/3080-normalized.py)
34. 3477-normalized.py (path: /syssec-nas0/pyc-research/compiled_evaluation_targets/usenix_test_set/python-3.9/3477/3477-normalized.py)
35. 3535-normalized.py (path: /syssec-nas0/pyc-research/compiled_evaluation_targets/usenix_test_set/python-3.9/3535/3535-normalized.py)
36. 3905-normalized.py (path: /syssec-nas0/pyc-research/compiled_evaluation_targets/usenix_test_set/python-3.9/3905/3905-normalized.py)
37. 4064-normalized.py (path: /syssec-nas0/pyc-research/compiled_evaluation_targets/usenix_test_set/python-3.9/4064/4064-normalized.py)
38. 4538-normalized.py (path: /syssec-nas0/pyc-research/compiled_evaluation_targets/usenix_test_set/python-3.9/4538/4538-normalized.py)
39. 6633-normalized.py (path: /syssec-nas0/pyc-research/compiled_evaluation_targets/usenix_test_set/python-3.9/6633/6633-normalized.py)
40. 6937-normalized.py (path: /syssec-nas0/pyc-research/compiled_evaluation_targets/usenix_test_set/python-3.9/6937/6937-normalized.py)
41. 7075-normalized.py (path: /syssec-nas0/pyc-research/compiled_evaluation_targets/usenix_test_set/python-3.9/7075/7075-normalized.py)
42. 7096-normalized.py (path: /syssec-nas0/pyc-research/compiled_evaluation_targets/usenix_test_set/python-3.9/7096/7096-normalized.py)
43. 7196-normalized.py (path: /syssec-nas0/pyc-research/compiled_evaluation_targets/usenix_test_set/python-3.9/7196/7196-normalized.py)
44. 7219-normalized.py (path: /syssec-nas0/pyc-research/compiled_evaluation_targets/usenix_test_set/python-3.9/7219/7219-normalized.py)
45. 7223-normalized.py (path: /syssec-nas0/pyc-research/compiled_evaluation_targets/usenix_test_set/python-3.9/7223/7223-normalized.py)
46. 7368-normalized.py (path: /syssec-nas0/pyc-research/compiled_evaluation_targets/usenix_test_set/python-3.9/7368/7368-normalized.py)
47. 7487-normalized.py (path: /syssec-nas0/pyc-research/compiled_evaluation_targets/usenix_test_set/python-3.9/7487/7487-normalized.py)
48. 7850-normalized.py (path: /syssec-nas0/pyc-research/compiled_evaluation_targets/usenix_test_set/python-3.9/7850/7850-normalized.py)
49. 7865-normalized.py (path: /syssec-nas0/pyc-research/compiled_evaluation_targets/usenix_test_set/python-3.9/7865/7865-normalized.py)
50. 8155-normalized.py (path: /syssec-nas0/pyc-research/compiled_evaluation_targets/usenix_test_set/python-3.9/8155/8155-normalized.py)
51. 925-normalized.py (path: /syssec-nas0/pyc-research/compiled_evaluation_targets/usenix_test_set/python-3.9/925/925-normalized.py)
52. 9326-normalized.py (path: /syssec-nas0/pyc-research/compiled_evaluation_targets/usenix_test_set/python-3.9/9326/9326-normalized.py)
53. AttributeNodes.py (path: /syssec-nas0/pyc-research/compiled_evaluation_targets/usenix_test_set/python-3.9/05b5e94439fe4956b0c61007b78226192fabb03558e4c3cad42279d96c561eb17944fb585d5f820d21c4570907b7f2bc8a02ff8ac3aff6045e887818dc4f7435/AttributeNodes.py)
54. Docker.py (path: /syssec-nas0/pyc-research/compiled_evaluation_targets/usenix_test_set/python-3.9/f0974f739296bb8627ece86d6b6942582dff38f962cd7d65283ef5259bb3ce5ec2ffc1fe41fb157e3dbd68189cd5011f70bcc3c0c4ba9b458bc93693232e9cf6/Docker.py)
55. EmailAgent.py (path: /syssec-nas0/pyc-research/compiled_evaluation_targets/usenix_test_set/python-3.9/3557a2f8b37e7f83bf5b1faf13bc417757b488318a731218c6ac7fcea1601734ae839c9bd7f3c5a70a53b3a2a5bbb95dbe276c71912e85d817b6c4ebd7716b86/EmailAgent.py)
56. FileManager.py (path: /syssec-nas0/pyc-research/compiled_evaluation_targets/usenix_test_set/python-3.9/57ad54bc79944aa18b3a81567f75b6892f5725dad79cdfaa5fd2608b23a81034fb530abc563ccb843625282d83db81166857efdd34b8f1a131a61dce51ee66a1/FileManager.py)
57. History.py (path: /syssec-nas0/pyc-research/compiled_evaluation_targets/usenix_test_set/python-3.9/13b8cb14ce707c439c4244b014ed15d022c38b2406176984ea46ef08d2454842f001122d7ff6a3a3c5f52d1e1b1614885366cd3e8153589c97f43056b3747fd1/History.py)
58. LogicOfflineJobFakeBroker.py (path: /syssec-nas0/pyc-research/compiled_evaluation_targets/usenix_test_set/python-3.9/77928dbf85509050a834af1c46270cf4c92786efe338dfdf5f8e95a11260ac6468db2ed004b375bcee30fead1fe3bc718ff2a39b961e94f179a36ddff253a308/LogicOfflineJobFakeBroker.py)
59. OHConverter.py (path: /syssec-nas0/pyc-research/compiled_evaluation_targets/usenix_test_set/python-3.9/23fc751af17263629094a44cccce24942e6bd1373ef7b3fe084b6ffe15987a10c7a5082c8ce7a50342a06722b2a9a7fb24380160ad59d521e553e9967b3535f2/OHConverter.py)
60. PolicyNoSrcAnyDstAny.py (path: /syssec-nas0/pyc-research/compiled_evaluation_targets/usenix_test_set/python-3.9/b64771629a06f29df3f9cafe21bde201a35c51949f7b22598999f51a6156de2ffbe4b2c7ee557bde0346d5a4cd20e1a5eef6a3bf1972e6f944756969bc06f6e7/PolicyNoSrcAnyDstAny.py)
61. Preprocessing.py (path: /syssec-nas0/pyc-research/compiled_evaluation_targets/usenix_test_set/python-3.9/2e55e9a05315ad44b86178deba806a348862bb8f288a5e8cb42f03e48785baea5a4d6c2775807338874e41be2b344f0870a91a932137addc43c317a6a31346a5/Preprocessing.py)
62. RET506.py (path: /syssec-nas0/pyc-research/compiled_evaluation_targets/usenix_test_set/python-3.9/cb2fc17a7d73f974fce7b2bc9687b5b2e9c9e520fb43e7c67d50f5cd4e8bc335114bfe90f36fba2730a5b12acc7bee7c819768cbfd0b94379e320b4009973d88/RET506.py)
63. Service.py (path: /syssec-nas0/pyc-research/compiled_evaluation_targets/usenix_test_set/python-3.9/928e6c3d406b699bba6f7d4f1fa0611af093251b6983d250b37f8b92ff1e6114723bc3295389b311444398b93d8e4f644904766fb9845d6c3e4d9e3a69fa7b96/Service.py)
64. SharedClassNameHandler.py (path: /syssec-nas0/pyc-research/compiled_evaluation_targets/usenix_test_set/python-3.9/80b4ac8699da09e9a43ef5d017c089f021aa1049dfc3a5a5b57591cfd5948394aa387e180aaf0845a7d9c309576b47e6ba0fb9578ed505a283791417d4c5334c/SharedClassNameHandler.py)
65. Utility.py (path: /syssec-nas0/pyc-research/compiled_evaluation_targets/usenix_test_set/python-3.9/0931ff8871d5102275e13c7fa4e6862c4beb1f833a1fc3ccb8853e332365dcc61ccafb29665fc97afa34cd92d1206bbf39a601fd7c697079f13d4ebce703d9d7/Utility.py)
66. _fileobjectposix.py (path: /syssec-nas0/pyc-research/compiled_evaluation_targets/usenix_test_set/python-3.9/4cd9c561cae81f5fb527b46be6380adc0c8726b9ff4af665558e6818b71a96ac581e5ac08d2190c43c7b5be397b9bee386dd74fc58eb3fe83657ee6e0ae34eb3/_fileobjectposix.py)
67. _reader.py (path: /syssec-nas0/pyc-research/compiled_evaluation_targets/usenix_test_set/python-3.9/11a63dd9377450f3d00148b7d005f8ef1b3f7d4cca78702cdc892f565c9ba55d4fc2f3f0ac6bbab1a9968ed5590a0331f5039f24dfef3cdd152a52109dc0266b/_reader.py)
68. a10_service_group.py (path: /syssec-nas0/pyc-research/compiled_evaluation_targets/usenix_test_set/python-3.9/313a50558d353f863f88d98ad1d1d4d0fd1f8f5c490f59d572da759a75ef1244874a4399ccacd86b48f1c5f32d3e824445f4b3884ded81fe370772822d607666/a10_service_group.py)
69. acme.py (path: /syssec-nas0/pyc-research/compiled_evaluation_targets/usenix_test_set/python-3.9/5c5b1fccb2bc1620cd5b091ca672ee9b3230b7439bc651fcc9637dea569ce0e91380e3a0ccbf9c12760d31c703663dc08c3614423512823a1b8c01c260fb3324/acme.py)
70. aix_inittab.py (path: /syssec-nas0/pyc-research/compiled_evaluation_targets/usenix_test_set/python-3.9/0048170a9c7a983c284d4bb10a969fa012e6073e0b7d93a6ddb77ffa477a99627b114924acb6ab02e5e97078424e6dce6d4dacdc9061fb0ee23d228945672d6c/aix_inittab.py)
71. analyzer.py (path: /syssec-nas0/pyc-research/compiled_evaluation_targets/usenix_test_set/python-3.9/ed7b3471ac409149aed84a811222a3e1201402489bc160cfb8a80992ff9e3625ebc57629cfb0d8c5141e7d148088f5c7cf189be4a7559c7b5199d5a26f28d4be/analyzer.py)
72. api.py (path: /syssec-nas0/pyc-research/compiled_evaluation_targets/usenix_test_set/python-3.9/75756b16713040aa5b384a90bda2524eae5e92a4e0cf3063aae05bfd714ecf4652011eef0ff9c633e344f244c90b641bf998beca633707009042a112ad3da9cb/api.py)
73. app.py (path: /syssec-nas0/pyc-research/compiled_evaluation_targets/usenix_test_set/python-3.9/c0649bfffa482217fb6e9d7af7303bc114931737ac86c12d22fad5176ba12464d052fa2a94bb70c42d910472d7d1936c22996c1d410aeb2dc3b52d5478364670/app.py)
74. asset.py (path: /syssec-nas0/pyc-research/compiled_evaluation_targets/usenix_test_set/python-3.9/907a196d4ef249bb3ca2912330d0e8ce8990152cc43dc3bfa8c118be9429b5058b8edf15dd72b46199f3ca6dafbf29dee53093a71c00ac334bdddfe486b0cfbb/asset.py)
75. auth.py (path: /syssec-nas0/pyc-research/compiled_evaluation_targets/usenix_test_set/python-3.9/39b886ef6847de425da3c2608bd78016269f80865299bab55e785df3cf898e95e36e36e227b3d4a8e750cb362e3adb7d1695f7fc6fb4ab1b54dd14cfea3e0f81/auth.py)
76. auth.py (path: /syssec-nas0/pyc-research/compiled_evaluation_targets/usenix_test_set/python-3.9/475368749dfcb253a29b497d75e91dccdc2cb2181d12c575f9ded6f3d80009d218e5bcf317058b3bd73e5bb766dd26fc8a2a9c15f89af40a5e3e4c138279a3c9/auth.py)
77. base.py (path: /syssec-nas0/pyc-research/compiled_evaluation_targets/usenix_test_set/python-3.9/f8ea39dcd4f6e91b8dc21c66ed5504f104b3d2ad29c8a66d40be164e1b1ad2e932a422db60afc183ac9220ea0f2292088bb0907ca999746f654da7816aa9807a/base.py)
78. base_resource_value_check.py (path: /syssec-nas0/pyc-research/compiled_evaluation_targets/usenix_test_set/python-3.9/a1ce56d2f7fac1d19e84d45b710b9942638ade0a80220017f7b90d61a65bc47538620a76b212e5bd0c46e3b37a51c8161e3d3a2d56c2973cbb3f79fe882e807d/base_resource_value_check.py)
79. base_runner.py (path: /syssec-nas0/pyc-research/compiled_evaluation_targets/usenix_test_set/python-3.9/0eb2aa8746f65ed9751f1805d43e0ce03ed3fd59236dc50680b896195d122efc0b58fa576ef419df1a7b61a9e5f871496410d074b6ec2c51e6ec88c91224555f/base_runner.py)
80. basecallbackendpoint.py (path: /syssec-nas0/pyc-research/compiled_evaluation_targets/usenix_test_set/python-3.9/281a9998479afbf4e802edd613b0721cab992247d06c6bbc0f19ff9b21e5163cb0c4d8d60f9bd12068f6b235764ced9df8bdaf8eed64a1f73003240d9a54487a/basecallbackendpoint.py)
81. behavior.py (path: /syssec-nas0/pyc-research/compiled_evaluation_targets/usenix_test_set/python-3.9/da4490ecebbdf0f10e220c70418ef4ea9be9ec7b8b70a5ce6932f80e9a6c5031db31a2938feb1bf4d3ee961ff28c6caa447e07dd56c16861a3a349ea4501bed7/behavior.py)
82. bezier.py (path: /syssec-nas0/pyc-research/compiled_evaluation_targets/usenix_test_set/python-3.9/7b1400a6460c531bdfc7a0ae0bc5729896e5f191f499c002eaefdbe6cd39167dd4f0df909f4b1484a1afc631a69cdddb94d0197659a154d0670cbe5250efda08/bezier.py)
83. bitstamp.py (path: /syssec-nas0/pyc-research/compiled_evaluation_targets/usenix_test_set/python-3.9/3747e3daadaa1940627048915cfa861a2d27476abf1d7ea34421d27fa861b4b85ea403c90e18332673589558523f762200d0d0ae6af7ab9dcef3b633dcc0b17e/bitstamp.py)
84. bittrex.py (path: /syssec-nas0/pyc-research/compiled_evaluation_targets/usenix_test_set/python-3.9/b0189a081a8e64c63377958bfc5acbaf925e5b50e6e9d1bc85212ab01d1cf93e6f3a573f29414aaf454366c3610b3c73ebda98c056021583d119d9669e35c844/bittrex.py)
85. bitwarden_mod.py (path: /syssec-nas0/pyc-research/compiled_evaluation_targets/usenix_test_set/python-3.9/5e938952cedef5198f20ec73cc50cfa9d1ce107a9999dff04e4892ad690368d1a64f72863ea016b3d76277cf34734c942a69c3319af51ee64ad0a13dba91a13f/bitwarden_mod.py)
86. blockchaincom.py (path: /syssec-nas0/pyc-research/compiled_evaluation_targets/usenix_test_set/python-3.9/8e7ef2d38cdd83762969037e93d9d7de822689840f81a217a5b972c209e75ceb5834eb1bffd0f279c29bafbd77b05eac5e839767ad20491050fd0d8afe17c379/blockchaincom.py)
87. build_tracker.py (path: /syssec-nas0/pyc-research/compiled_evaluation_targets/usenix_test_set/python-3.9/5115847d368b223bd927eb62852aa5076c6616290c845016f0a1a9be890b4111873fc699ae3589d0ebe2b47859653c529f4c72fcc5e8b34a4cead7c40e927189/build_tracker.py)
88. build_tracker.py (path: /syssec-nas0/pyc-research/compiled_evaluation_targets/usenix_test_set/python-3.9/55375049be521005e898649efda0e3f8d8a821160644b25eefd0e42c17028eccee76917de135a0059896ced0de4bf4d68cce42e0adcd1b8910bf05f143923142/build_tracker.py)
89. cache.py (path: /syssec-nas0/pyc-research/compiled_evaluation_targets/usenix_test_set/python-3.9/a67c49030ac038ffcc65765bff78c774cd4c7736de936c3984bb5a294435449a0e772a2f0292546ab764e72c809fb87078bf20ecb5af626f382031e0eeab7659/cache.py)
90. category.py (path: /syssec-nas0/pyc-research/compiled_evaluation_targets/usenix_test_set/python-3.9/100e0e7720a3e5a4c6ee4eaf2b2f05313831b380cb18238ff778b774ee11bcc02eb2c39a13d8d6e0a146a2cd02e7e7519e1814083ebd23382f832949287a4f5f/category.py)
91. chain.py (path: /syssec-nas0/pyc-research/compiled_evaluation_targets/usenix_test_set/python-3.9/36fc5f3ce4d77f845f23b65d158345a408f0210cefac81cb20bc7e1a7b9e97df313b14299076a74fcb462ac224c233052b8e4f87eb8830aa2b1020943038dc08/chain.py)
92. climate.py (path: /syssec-nas0/pyc-research/compiled_evaluation_targets/usenix_test_set/python-3.9/fc92cbd4cfa0179c20115104e541d2824a07ef10d9db32758c128b0048a0862c36899ed68b1e028d06efe7c082fddeb101ef8ec6f4bd4fc3fe8c694f5c985510/climate.py)
93. code_parser.py (path: /syssec-nas0/pyc-research/compiled_evaluation_targets/usenix_test_set/python-3.9/9ddd47cc1e10f1a824daf3bc99774025e5cf2cb4eef4809994c12f6f4a22b0dd546a34758940620ed1edef9adb846a9e154768eebc08a9b4cb85421f638e9296/code_parser.py)
94. commandline.py (path: /syssec-nas0/pyc-research/compiled_evaluation_targets/usenix_test_set/python-3.9/e4baab9d53a0440a7231f4210b1851570df8c464bdb54f117d055ad9ce41268fd2244015848e6826ff63ad3fc31fa6b4be9efd1911035790a869dd90b40c91ef/commandline.py)
95. common.py (path: /syssec-nas0/pyc-research/compiled_evaluation_targets/usenix_test_set/python-3.9/4af550dc409e05f5d3bd35d13736446f031425b12b5cc1f268121723568f8396c18241c7b7d7c032fb9aa3f90f4072b34e0c8e5fecf7c738c4b03ac7ded54895/common.py)
96. common.py (path: /syssec-nas0/pyc-research/compiled_evaluation_targets/usenix_test_set/python-3.9/e3d1bf3a3521c8b7d91edb167fd79e8c33f33449dbdce5525aab2d9e75cfb8211cf766567219dac7496ee55e6442d326b3a282b2d3993e6247d522dc5b6e93ff/common.py)
97. convert.py (path: /syssec-nas0/pyc-research/compiled_evaluation_targets/usenix_test_set/python-3.9/064fa8f906e7eabb950caa8938b94745adf86ffe16d9de515646e6831586712f9a089fdecc24220d4113c8eeb1cdc701d4d068be5505aec7aeab1733d5bd5d0b/convert.py)
98. convert_img.py (path: /syssec-nas0/pyc-research/compiled_evaluation_targets/usenix_test_set/python-3.9/2280e63e0dfe45e8e9cc3714e8292b17ea39016f7913ac9b3f9bf677e59e97806e0e022973d69a79550130d4c3b939e68b0ab04eb4f3e2df6b76b1b7cc5343fa/convert_img.py)
99. couple.py (path: /syssec-nas0/pyc-research/compiled_evaluation_targets/usenix_test_set/python-3.9/1c2e7400dab3032fd2ea847f1736fa763617f0523e3f9f71231c972a4270bedde7633be4cb5b38eb66b0c515577c98b239a1d05ca0091910b9e11c7a8396bcdb/couple.py)
100. data.py (path: /syssec-nas0/pyc-research/compiled_evaluation_targets/usenix_test_set/python-3.9/bbd9a57bf96727f0ea92157a0b00247a96ab090c2ebefe145b475698cdd41d0601a9ee4b6c254928098dd86f351fa5adf06d5c5bc06628739631fa63f8c1c67b/data.py)
101. deephys.py (path: /syssec-nas0/pyc-research/compiled_evaluation_targets/usenix_test_set/python-3.9/3a2b3ddc588c54d1f30a22b1bc3927300690106f0c1423b7f26c7e3e473b7c96a2b9b724d734aeb4c1762735d980893c0694885ebbd76d246f96c9595551c092/deephys.py)
102. delivery_shipment.py (path: /syssec-nas0/pyc-research/compiled_evaluation_targets/usenix_test_set/python-3.9/306cfcc590c2813b9d6af74a9fd73e3a42cc8d1fa28f8087e74bcbefcab98b73a921d2385c29416b3422b1fa0417c3bab27fe2bd46f55529910f56fd61d643c2/delivery_shipment.py)
103. directconnect_connection.py (path: /syssec-nas0/pyc-research/compiled_evaluation_targets/usenix_test_set/python-3.9/ef248defc77bc827dd5b88efd1dcc22d93b0b22b3f491f1c35767c46bde2a4175a4f48be37f8c0845a2b1bafd89468f14f6f92a3336233e230fe155beb11a239/directconnect_connection.py)
104. distill_model.py (path: /syssec-nas0/pyc-research/compiled_evaluation_targets/usenix_test_set/python-3.9/960985c7822e36b97af032a9d67e25a710ce8843a53450f95cbca67281b6ea1a15f882df028d455be1b23f590027d44c2fca3e2b5f97e45ddf95193340f6c1ec/distill_model.py)
105. distribute_utils.py (path: /syssec-nas0/pyc-research/compiled_evaluation_targets/usenix_test_set/python-3.9/e18f25d363de6e40cc4bb03fada36ec13766bbafff03731ea3ec15a7ad7cb0b326952169fc291d0aed8dca9b7da5ec4b8e636e729a998c59087a5ffdc92fd92e/distribute_utils.py)
106. drivers.py (path: /syssec-nas0/pyc-research/compiled_evaluation_targets/usenix_test_set/python-3.9/3b72455f37dcfd3be6e8538fe295879cd14f03f8e861a70322ce818d8cc7abd69681fd369edd27d8339653d0abc48d362db77d04a2fa7cab70def455e2f33f0a/drivers.py)
107. ebsd_detector.py (path: /syssec-nas0/pyc-research/compiled_evaluation_targets/usenix_test_set/python-3.9/226b16c1c4bf164d55ce98b8aac610a0d816c8a8b841463b91069c2d3ea63ae3824c73dfded2a8bc86e0acdf848ed7f7cec78175a593bb04f1f8946d3bfffb02/ebsd_detector.py)
108. ecdf.py (path: /syssec-nas0/pyc-research/compiled_evaluation_targets/usenix_test_set/python-3.9/78cbb1efa93ae2d758d6e8a88fe029601ebf9305712c5f055f4a61b74e6608bd49ef49e409ea4d202b51c92272c3ec719ccafee4db32b801ee10e0e337cb8155/ecdf.py)
109. event.py (path: /syssec-nas0/pyc-research/compiled_evaluation_targets/usenix_test_set/python-3.9/ced1f660843e9a96e06190df855da0fc4f94a50471e6f4143d6f259e8e85feebe662aae48d09b03cc77805e70e1be7d4a8918c3813c3eed07d192cd06ae8e0e2/event.py)
110. events.py (path: /syssec-nas0/pyc-research/compiled_evaluation_targets/usenix_test_set/python-3.9/32da20fafeba008e3d5b73b0608d811343b6008645ebb446515adbf8f0b4f830629dd7bc310ce32934d02f08386481ba6fcbf0ed8a3ccdd267b52c643f03f3b6/events.py)
111. exmo.py (path: /syssec-nas0/pyc-research/compiled_evaluation_targets/usenix_test_set/python-3.9/0ea301c5bbc3a6bfc3336de606fe556ff9175b34ad400533836b919466c2d1c850ce2f1455f8819ac7d00c718cbf33784388a75c4b45c81d1140c42cffa19d05/exmo.py)
112. fields.py (path: /syssec-nas0/pyc-research/compiled_evaluation_targets/usenix_test_set/python-3.9/14c97271b5dbc978b88ad312bd4a41365477271fdb7ddb4480b7c20b86866bef420fae838a81043f446328178a7b47b7bd1f87d53f043898e22d68289c1422eb/fields.py)
113. filter.py (path: /syssec-nas0/pyc-research/compiled_evaluation_targets/usenix_test_set/python-3.9/955d0b6af5cd61f9ef6bb2da223dec678f7b7c65602b0ca94efcd128f00ac05735d0e684cecf3b1199418c04e65cf55d3b70308d1e573ff06552d5596ef9cd78/filter.py)
114. fixedclassifier.py (path: /syssec-nas0/pyc-research/compiled_evaluation_targets/usenix_test_set/python-3.9/4578bce1d9260192930a329402a1950c81cfc244f5bd9b96318637f307e9686ccd0abd1f39882030b3d8671aaf362e9aaf4c82dd000e5c1ca14eb57281508fe2/fixedclassifier.py)
115. format_spec.py (path: /syssec-nas0/pyc-research/compiled_evaluation_targets/usenix_test_set/python-3.9/39e72cb2bddc8b72f468b773d48ed8a4fa6ae85648ad33027d2454e4d6281afc22e9fa8506f4249857c35e1226879efc34fd2579bbcfccb902ff9b479b95c7e0/format_spec.py)
116. gen_data_rft_export.py (path: /syssec-nas0/pyc-research/compiled_evaluation_targets/usenix_test_set/python-3.9/9cfe6aee9d4c591a05d9ea95504635381a703a673c49e29b590bf0fae205c5e832af155d0cc774cfa88abcc0919434a80251e2dd2e62e2dbca011b95868fc52c/gen_data_rft_export.py)
117. generic.py (path: /syssec-nas0/pyc-research/compiled_evaluation_targets/usenix_test_set/python-3.9/d00b530ef7cad6c74113936940c58b5d9b135f1cca5eea2b9a4855f7df6a17e0a236bb00ab5f179d6942cd679e7ffc44e73aee2c31d55396cf77d5208bb31bf0/generic.py)
118. github.py (path: /syssec-nas0/pyc-research/compiled_evaluation_targets/usenix_test_set/python-3.9/7bc6eda4c96166a483cf0731dd600640553e0e58a8f5d674a7be4ad4c9c1165b383902e76f78a295cb7cb9106f627e15d81fcf5026ab74f0f8c8e9e3b7171c1f/github.py)
119. graphsim.py (path: /syssec-nas0/pyc-research/compiled_evaluation_targets/usenix_test_set/python-3.9/9f9e9dac8ff0d9f300f98939d540f49e67d9ccacfb3c8f55d8a67a548292a9ebce65b23d1f53d207b0a03a4e18771e9205ffcbfec3ec22738600ceca014d0651/graphsim.py)
120. graphviz.py (path: /syssec-nas0/pyc-research/compiled_evaluation_targets/usenix_test_set/python-3.9/093823bf553094c6186e1c0fd2a2ccefc9e2b250279d5daa508350a3c52227ffd51303775818595404f9939ac5a3b2a19d981183685ed30c7eb03d2f71af689d/graphviz.py)
121. grizzly_user.py (path: /syssec-nas0/pyc-research/compiled_evaluation_targets/usenix_test_set/python-3.9/ac5e17a26108d252ae28fbfb8c74f68b898fb82fe526812bc74387e826b13ecbbf5a00a3e2b988e2782a362e12e1794f1bfd44aae2dc361055f2014882ac249d/grizzly_user.py)
122. hashing.py (path: /syssec-nas0/pyc-research/compiled_evaluation_targets/usenix_test_set/python-3.9/dfc3be2ec5c99d4c3ed686bbaf9dfccb48cd23e5950825c01e70c6d2253bba1392c6900feef618e4e549a81f56950af98fe641bd44b3a40258be603c59f27da7/hashing.py)
123. html_embed.py (path: /syssec-nas0/pyc-research/compiled_evaluation_targets/usenix_test_set/python-3.9/9a17a5d98270642bcdc7df83843bfc3c70cf64dad5bc0dcd755956873723fa289e63e3c34f677b1b2e3ce0daf53ca7c7f257954e79d05d3a53f8824dc2607310/html_embed.py)
124. huobi.py (path: /syssec-nas0/pyc-research/compiled_evaluation_targets/usenix_test_set/python-3.9/0ca8bdab8e703cade31c64c89582b74a7de7bf864064d917172058fd290934900f22cd8577549d8b7302a8607abf224211686eaab8c47f69f64b8ff86bfd1fc1/huobi.py)
125. iam.py (path: /syssec-nas0/pyc-research/compiled_evaluation_targets/usenix_test_set/python-3.9/5c18998e99a71f26959cac3f1bda5d4480752707c3fd70f13cc1ae21c71f49a8e5557ea1786822f592947575b58aa5da131fda478d22cd25a22aedd1585958e8/iam.py)
126. info.py (path: /syssec-nas0/pyc-research/compiled_evaluation_targets/usenix_test_set/python-3.9/5b408dd2684bc57b5412313fe43f4a77d3be22d1b961facbeec3287ced3113ab991389224bb4408b00e87bf94dac6ee66fee3c32344d1ed9ad382747e5272e07/info.py)
127. input.py (path: /syssec-nas0/pyc-research/compiled_evaluation_targets/usenix_test_set/python-3.9/4f48007ebf96ca10c41a087e282a16fcabd4e668a1d85dd47fa5d4979b463788f22eabf524017ad5ef3167c52856dcf02a52d95cdbf76aac8c440b1176902749/input.py)
128. interaction_box.py (path: /syssec-nas0/pyc-research/compiled_evaluation_targets/usenix_test_set/python-3.9/22c087a1a9befa281c494a84039e5927b46f70d5dd1f956ac33420a5fa6fec50d2ac57a397b22b97b1f4149a5d29d4567a40571787bb2bbee561676c83d632b6/interaction_box.py)
129. interpreter.py (path: /syssec-nas0/pyc-research/compiled_evaluation_targets/usenix_test_set/python-3.9/4a37d1b843b25000a4482706ea3897806952a1883108ac90dcff386289b2f30cccb47711faf06eba92235e030ba7b47d9183bb0976fa69ed060d822713652547/interpreter.py)
130. interval.py (path: /syssec-nas0/pyc-research/compiled_evaluation_targets/usenix_test_set/python-3.9/4e167e445620006fc577a863d4fb3637a862184baa280817cf606245d22ca62594ee61146695fbf1c9e769e6e50a1cac3b15998a823f4eba26b4f472a256072e/interval.py)
131. jacobian.py (path: /syssec-nas0/pyc-research/compiled_evaluation_targets/usenix_test_set/python-3.9/773ce417008a2a9286c82fe6768fd3a3685fb3a5a453bdff22bcaf19dc9037beb73f0f910aa62b3e08641fce3217dc88479d4ec8801a794bba59ca4dc1c1354f/jacobian.py)
132. job.py (path: /syssec-nas0/pyc-research/compiled_evaluation_targets/usenix_test_set/python-3.9/725e2f198c267e8eed07dee213c2fa0c5ac6d0cfe2749a2d68ab19990cb2dabf02cbf0579e55d0952205354f66f8aaa5bd4e9682d0d168ab455fbc2947040cca/job.py)
133. job.py (path: /syssec-nas0/pyc-research/compiled_evaluation_targets/usenix_test_set/python-3.9/82eec94ca7098abfb0066b6bd225c11bb4eecd18c9f4cffd42b6f1ccafaf452005d2e1b8a85faef6d2d1c27bff26798fdca9a09b0792f3fe38c40c5fb2ef86ff/job.py)
134. keras.py (path: /syssec-nas0/pyc-research/compiled_evaluation_targets/usenix_test_set/python-3.9/7c8c1e60f94e9fceebb95b119b33914485a7c0cdb829881cfaaff7d7faaeef9b0af8a986d9afcff85be4c4009d3bf5e655a9761102f467449205aab947b1affe/keras.py)
135. kodexa.py (path: /syssec-nas0/pyc-research/compiled_evaluation_targets/usenix_test_set/python-3.9/6d9407bd5af45dee7d743ba1ba1908ac78e3d1ca3061b8d31ccea544c08d12e1b559e1c8d72bcf513a9f29699fad568b7be0c09fcbb3232e1fe2e076f73f04f5/kodexa.py)
136. kucoin.py (path: /syssec-nas0/pyc-research/compiled_evaluation_targets/usenix_test_set/python-3.9/19c2c46d51211c467926842d792358ba35359c3f88f427661b5bd385926149c4d9fa355eb64a962fce6ba9e341bf22d3a09161aa4a16054453e12fdd131b72c9/kucoin.py)
137. layer_norm.py (path: /syssec-nas0/pyc-research/compiled_evaluation_targets/usenix_test_set/python-3.9/030b332c8762fd486faf80ea78b5a587f0a01c9157b38524007063a3f864b4a1265d9c2e5e8b1e8a6101417e89acf9f0a38d8a2a1a609844e7741cc11e805208/layer_norm.py)
138. legends.py (path: /syssec-nas0/pyc-research/compiled_evaluation_targets/usenix_test_set/python-3.9/5697d9822922f59cc5b5be1183cbf1ef60f81bf47dc8394fcf48cf4e71ab4584e580c2ad7f8d88b84aabab1c0942efef110a711b8088b493a2da9696ae67e784/legends.py)
139. lex_attrs.py (path: /syssec-nas0/pyc-research/compiled_evaluation_targets/usenix_test_set/python-3.9/459ec14e28556c899ee002ca5285bb361771e43295f962834ee033d6ff6e233a5d8022448be859cea9c7d033b30ac1967f95f46f33290d926e39139d6411549b/lex_attrs.py)
140. lib.py (path: /syssec-nas0/pyc-research/compiled_evaluation_targets/usenix_test_set/python-3.9/fd5686194ffcff6fc29a1d74be29e6cf119d3594bf5befd8c60fb20fd5f566dae253d57a353e45755e55cd22fa0abd29392c03764a759b587b484dded3bbabcd/lib.py)
141. linenotify.py (path: /syssec-nas0/pyc-research/compiled_evaluation_targets/usenix_test_set/python-3.9/722ca3e81041928fcf9f9995790128538e01184e8f7ff90a0ed80563ea2b915f774afbfabf97ff296ebb826e74545af089c3828a4e2d45145d85317bd8bfbec4/linenotify.py)
142. loader.py (path: /syssec-nas0/pyc-research/compiled_evaluation_targets/usenix_test_set/python-3.9/165996b4d7e08724204ddcb904ab832bc1eccadd66fdd294457ea9fd8d98b98cb19da77ded96548a4a46c089967413123231d356f9fad2f61cf572afa9c402ae/loader.py)
143. ls.py (path: /syssec-nas0/pyc-research/compiled_evaluation_targets/usenix_test_set/python-3.9/0e105bf3fac776a22e7d274e91267859a138111dbf82d1646953b3e3386f8fa55e0d1ae48c6a97e802e38572b45d13493ec4e1376274aecce14fd2c2374a7dff/ls.py)
144. main.py (path: /syssec-nas0/pyc-research/compiled_evaluation_targets/usenix_test_set/python-3.9/588a95ceeaa46f2fb7b3e6ea3adea17489f263714a64e73aed23463ce327de1c3821e1ce20792860ed486dfd2c989009d5c9bace8f7137565d692bdd8fd44489/main.py)
145. md_and_sec.py (path: /syssec-nas0/pyc-research/compiled_evaluation_targets/usenix_test_set/python-3.9/35c0947e23435c5097a3552777bc2d55e55ccc4eeaf370eccbe9539fdb96cec482d8bb0fddfcc44cd92d6ae50d21ed4b018d4ec0e968c269e300a045b1e2537b/md_and_sec.py)
146. modeling.py (path: /syssec-nas0/pyc-research/compiled_evaluation_targets/usenix_test_set/python-3.9/4c2505523465b8254355fb0fd35a74eb41277868ebc7eca90ace6fc034dcaaf61b2eea0802cceb1a43e5324ea2884a440b3877e138522023986d2e9efddcace2/modeling.py)
147. moving_averages.py (path: /syssec-nas0/pyc-research/compiled_evaluation_targets/usenix_test_set/python-3.9/5e987afb11bd4ae69a5dd7f45890fb820465d5587adf04738020ab01294e8ad6102cdf281a2f7d4c61f3893341c3adfbf7c95233d522cb35b5266baee1dbf45a/moving_averages.py)
148. n0struct_references.py (path: /syssec-nas0/pyc-research/compiled_evaluation_targets/usenix_test_set/python-3.9/63c38ed7aa2caac2d35fc08dac1bdc5973eca3f24204e01308285798228674b8ab98d24a07c25182060ca5de2da8aaed4bf503e0f8a67397effb5efc66019ef1/n0struct_references.py)
149. neighbors.py (path: /syssec-nas0/pyc-research/compiled_evaluation_targets/usenix_test_set/python-3.9/a7617adb0c35daee0e21d526a5a88eefaae98270d8f3c215152ad2401f05612f8dfeecbe1ac842062dfc6e7402b4615104d1f1bff5d10220d380e196e6490e5c/neighbors.py)
150. nim.py (path: /syssec-nas0/pyc-research/compiled_evaluation_targets/usenix_test_set/python-3.9/7f5faa1330c160665714c68f2704d7547c65aa657dcf4776c9c5ace31346c4bce6619aaceef44a69193cf855f60d1aebc4b8b3e94fc6edb57cfc9b292d5babfd/nim.py)
151. node.py (path: /syssec-nas0/pyc-research/compiled_evaluation_targets/usenix_test_set/python-3.9/11c569da5982ec918257febdc6ee16e7df05dcdeb25405b450c43e3b5e17fd44979b82276347d0b68f0831d75417fa653c06df0ec46ef371bd8ea48536f69377/node.py)
152. nsq_route.py (path: /syssec-nas0/pyc-research/compiled_evaluation_targets/usenix_test_set/python-3.9/362850697094a7a1c561244e8ec5d455bb085ed58c39734bc7b513a090225c70665964d1157e2a8a952c3233e958f104d85614617542467f3817243da2254e8a/nsq_route.py)
153. numba_.py (path: /syssec-nas0/pyc-research/compiled_evaluation_targets/usenix_test_set/python-3.9/155f5f35e9a1427c525c705bc9dfb50e075b378eba64d9738eaee390e35c7e68ab7cdbaa6d66f082af623e0ab1afa7c80d8a71ae82772d51602d9047ba876675/numba_.py)
154. ocr.py (path: /syssec-nas0/pyc-research/compiled_evaluation_targets/usenix_test_set/python-3.9/f304e8c9963de2601e7a283b78bc4e43c4c70ab961a743dfd02323453e0894c1a019114174972eae9d6cbd839566644b3bd9e1d0a2c2822f7782156423cbdd9c/ocr.py)
155. parallel.py (path: /syssec-nas0/pyc-research/compiled_evaluation_targets/usenix_test_set/python-3.9/43701dbfcb92a162227c076498d73ad9fc929885a9ac5ef2a4c86bd56c570a1df444c5b8e0fccb137880aaecde15fe40becb3a52aad7c2aedbd5f19d91822b77/parallel.py)
156. phc.py (path: /syssec-nas0/pyc-research/compiled_evaluation_targets/usenix_test_set/python-3.9/b025c59e8c656aa2528af998fb330c650edf561ab41b29587c2bc0bd2ece8cf9407fc9e4f208c52ecd8d4df765f43d3060b4d22e2594241dad87bbce638b89a7/phc.py)
157. pkfont.py (path: /syssec-nas0/pyc-research/compiled_evaluation_targets/usenix_test_set/python-3.9/3bcbd7e8376302af4aa0a0d664b6938a04821283b48aae124137ead2efa508ed6da8b5b8675977696a51701220532aed5872e5ce708df2f6932bc188dba8c8c8/pkfont.py)
158. platform.py (path: /syssec-nas0/pyc-research/compiled_evaluation_targets/usenix_test_set/python-3.9/b9abbf8bfb32a6e79a5d2214682818f8615bb9efd4ab25bb42aa1e5721bb592f232e494b3914c0a4ab94f6e94a6a764312c398ed7bfe650afd127630abd6e635/platform.py)
159. plots.py (path: /syssec-nas0/pyc-research/compiled_evaluation_targets/usenix_test_set/python-3.9/98ec30943dab93397c1927d854d28e7c4f84a008a2fbe33451ea3a1454f96740338a2b969db90740d0367fe3acc5da5e111d11fe2b3be5efb84144ca6d7d1bce/plots.py)
160. pms_service_line.py (path: /syssec-nas0/pyc-research/compiled_evaluation_targets/usenix_test_set/python-3.9/4b2ae674d2f3282ffe94163a1c9a9dd9d46af9d1d48a9ecbec861faaabde2f022b9d9d726e35e6e0ac84e29ba6be2949c3cc0bef5dfbebbd56a4f16b568b3e0a/pms_service_line.py)
161. problem_specification.py (path: /syssec-nas0/pyc-research/compiled_evaluation_targets/usenix_test_set/python-3.9/cbed7605b8f71582bd7b77dbb2a84c07be7253d9cc52240ad342aea291a631183d67a71796d3be9a7b1882f4b0e009c7a611d70b974183656921b269010ffbf7/problem_specification.py)
162. processors.py (path: /syssec-nas0/pyc-research/compiled_evaluation_targets/usenix_test_set/python-3.9/887e1e40d9eec30b7a390ba280e1d05d2fe026c02ebc4bf76a151487292c6b4bfdacf49762b8a4aaf4641c416e39598bf3cd38bfbe02fa447b6d40a253a2922f/processors.py)
163. py_utils.py (path: /syssec-nas0/pyc-research/compiled_evaluation_targets/usenix_test_set/python-3.9/2f334f9e74a314724ff054ef7712134d52d91368f06477dc9472a7fef7b35c090a9015b5c5033f595b9b6dff49eaef83e06e0c3fc302f9a069e1ece0602d1802/py_utils.py)
164. pyproject_toml.py (path: /syssec-nas0/pyc-research/compiled_evaluation_targets/usenix_test_set/python-3.9/b25857ca52823a4b1650f103b216ab3bedc4dcd0cc772dc2e52f57df63a0d3075755aaaa361b387a3ab0f842d01099f883df3c7c6cc5a33606d3e5e71ec9a356/pyproject_toml.py)
165. pytest_check_libs.py (path: /syssec-nas0/pyc-research/compiled_evaluation_targets/usenix_test_set/python-3.9/70f1f1cada66df9074888b4c8ea3d0cc38b3be946089ac4f32b14c26b093a0fcfc9fc7500dace6365de7c1d50308cfcad0d0cf59e7760acf1730d834ad95f15f/pytest_check_libs.py)
166. readers.py (path: /syssec-nas0/pyc-research/compiled_evaluation_targets/usenix_test_set/python-3.9/292458ebbf2798030d10328b0e2c372d0ad4b811da1321050465df27c87d2b45b2cdf07f3d51ffa5a15665f8752742d45759e13d8ee5502a5d1ad92767b1e8ce/readers.py)
167. readers.py (path: /syssec-nas0/pyc-research/compiled_evaluation_targets/usenix_test_set/python-3.9/49aeb0fd86a64fdc66ab1b78333e9e9dc3d3213c739146cea2ce88d596bc77b20498088fa63938e88b30180dc7603980d5af895c8a53616646c3372e016f9d40/readers.py)
168. responses.py (path: /syssec-nas0/pyc-research/compiled_evaluation_targets/usenix_test_set/python-3.9/1e7cea9773b4afb1bae03101a3f177307fa7ad1e88e55e2325e391bb25153de056e2eeb75def61019b22bf90bb8a28b0f02740e82bb1b4e0f9facee8668530fd/responses.py)
169. rinex2snr.py (path: /syssec-nas0/pyc-research/compiled_evaluation_targets/usenix_test_set/python-3.9/4b9b26eb954a2b10e042efd895454e7bfaacf4ea59cd4fd279d71f57fb74021775d7c81364a88339d3fbde02fa3dbbfb6d28a72ec0f1ac90716e486c3f60b1e5/rinex2snr.py)
170. roi_align_python.py (path: /syssec-nas0/pyc-research/compiled_evaluation_targets/usenix_test_set/python-3.9/ba335f7f6571c7b40d59916d66b8f4a3a77b25cdc5a9f81206968aec28241f15cc1afffd923dfd59eb626a839c432b68882d97af13bc750a5d0b1c2693f23303/roi_align_python.py)
171. router.py (path: /syssec-nas0/pyc-research/compiled_evaluation_targets/usenix_test_set/python-3.9/7527b5e875bec3f7b60ed1dd346cd05098bd6863f1d5d2a7115db6704f63cd582ff0962f56cbf524ac8430f36648caf940d25bb30084abf6512faf72323cc6a2/router.py)
172. rtcrtpsender.py (path: /syssec-nas0/pyc-research/compiled_evaluation_targets/usenix_test_set/python-3.9/2eb1b54d5e42d7d9eac34490c83da8586955b614b97c6aef2b2b63f86463cea2200d873c34c732b3cc536ee2d2a41a005cefb80781e34679fa263a1eb68f3a08/rtcrtpsender.py)
173. runner_registry.py (path: /syssec-nas0/pyc-research/compiled_evaluation_targets/usenix_test_set/python-3.9/5dae61feacb4bd465ccf3cb63fae06e00541e1ea04ed259fd37ead2d8d2f95009e087813f99771b71c8e8e69908bbfd288ce52a3f4b05e556152307b904efc89/runner_registry.py)
174. saas_connector.py (path: /syssec-nas0/pyc-research/compiled_evaluation_targets/usenix_test_set/python-3.9/30e9c160f4ff6be06fe15032e174f5cb8311bf353e066a12c5f48da6af5448c3dad6dfd78034034c03c17cf49134c4bc3099fb4fce796e73b5a8da91e8b23671/saas_connector.py)
175. sale.py (path: /syssec-nas0/pyc-research/compiled_evaluation_targets/usenix_test_set/python-3.9/6006f784540cb95908118418ed490ad5a9b9b530fdba50e26a5ca071d15a9d40635f9fff85633a9b1f6f07d72e553baee29132ac8371cee56162f66352f82617/sale.py)
176. sample.py (path: /syssec-nas0/pyc-research/compiled_evaluation_targets/usenix_test_set/python-3.9/ed98ef14f342b0b2c67d232080e30ae4e5039ff7f4c1354c487d8748200733b1ca9c8cdeb0f9c7af4fdaf29abb703512a4497353868b9570fc6cbd4e84010f03/sample.py)
177. sd_spider.py (path: /syssec-nas0/pyc-research/compiled_evaluation_targets/usenix_test_set/python-3.9/0c57aaceb2640d6935311703dac29599259f32e7d2bdac185f6882bf72444497b7d1f84c92ebf8d821c7a75e223b51c1cd1103b58cb0f74fac359326caf10ed1/sd_spider.py)
178. segmentation_losses.py (path: /syssec-nas0/pyc-research/compiled_evaluation_targets/usenix_test_set/python-3.9/99047ffe0d1b2e341a015aaf31758ffbe92dbc7a0cdee4547210f5f902a95d628dd2e36d96da642116ba8dda12a65f70ff21762b3443cc9cf48fd0bb33b68a91/segmentation_losses.py)
179. send_code.py (path: /syssec-nas0/pyc-research/compiled_evaluation_targets/usenix_test_set/python-3.9/5837d66e8ff8f509876162d9743f125e0e09e063bf49363246ef486243f7d05dc2a7c14afd48a12e86014c68e4931870bafb9f3ff95424eb06c2faccd121e372/send_code.py)
180. serv_config.py (path: /syssec-nas0/pyc-research/compiled_evaluation_targets/usenix_test_set/python-3.9/9b346e46eede13c6fb9228bfda674304349d944400eeec9ad277d33aee94f068087851f5f67076d4825f9378479257da55de7944a375060530f1728af4661094/serv_config.py)
181. service_models.py (path: /syssec-nas0/pyc-research/compiled_evaluation_targets/usenix_test_set/python-3.9/f8ff8a3d1f1873b2d92156da3def0e46fa27a508e91625c64c6d846567b9616e470a8dbe727c60c6d36e133179ee0801f972cc1e3f8a94b0c21cbefd08b2214e/service_models.py)
182. shanten.py (path: /syssec-nas0/pyc-research/compiled_evaluation_targets/usenix_test_set/python-3.9/7634ebb955624024675bb1cbf9f637c09127ca01f2ffcab4d72c0cc9eb9d2d8d0383387f352c8f6242333d52dc133f24bae63742c70a2f457eb707d22467b62f/shanten.py)
183. source_util.py (path: /syssec-nas0/pyc-research/compiled_evaluation_targets/usenix_test_set/python-3.9/f80a6267c6a80d36c4fe4057d0a453fc65f9f47bc5c517c667a9983f4baf27c034e7fc0060d4e5bb394f24ef1e173857c381c42b7ece33ecc4143c2902485525/source_util.py)
184. sqlcompiler.py (path: /syssec-nas0/pyc-research/compiled_evaluation_targets/usenix_test_set/python-3.9/9ffe2f2b45b189cc45bafd6720073a3721cb54cdbef7821df4a7199444507922a9547653e7d564b07a5cda2d9aa1a9ed5d05e62ed1c2a910e6f34f54eed7a5a3/sqlcompiler.py)
185. starfourhundredgiglan.py (path: /syssec-nas0/pyc-research/compiled_evaluation_targets/usenix_test_set/python-3.9/67770d418bdab573ac5b426fa0c94cec24c94de38fdc016aba7e294f164995dd4d27a96c5ceef2d48e5c2006de1b10001cf338acbb7eaf6093b3677075d0915d/starfourhundredgiglan.py)
186. static_env.py (path: /syssec-nas0/pyc-research/compiled_evaluation_targets/usenix_test_set/python-3.9/0fa7da710e6e84fca83d9e4933d0c4b1e3b2409e7c8fede389ba25747fcb5df103840fdd0ac3a3cca65936436015885de8703fb92e98b2049b7c474ce8bb2caa/static_env.py)
187. story.py (path: /syssec-nas0/pyc-research/compiled_evaluation_targets/usenix_test_set/python-3.9/4cf31b0d60ea94e9f6b3e6446e924a16b560a2e85dce670aba2ed892971ba705f1f382e5ae1fe25fbb212f9826087f524a358040837c5817e553d73be768d2ec/story.py)
188. structure_learning.py (path: /syssec-nas0/pyc-research/compiled_evaluation_targets/usenix_test_set/python-3.9/326148351debf175d51ff8b42f45f522cca8c1076495d38b1c1266b25b575a86f8837a843a0ddcb10a77873bac4bb383e6707d0c722e1531a89fc4332baef261/structure_learning.py)
189. sync.py (path: /syssec-nas0/pyc-research/compiled_evaluation_targets/usenix_test_set/python-3.9/60d58ae3f0c57d108bd71c4368ee4f64a36a02195f6685c27c12b20aa9724f03bb7a91ab7078718e218340a5173f31c7d6e67909fd7be3d9c5446ae51e8d08d0/sync.py)
190. tasks.py (path: /syssec-nas0/pyc-research/compiled_evaluation_targets/usenix_test_set/python-3.9/3598e2a0d13728524c29283f72eba01e6f01edc927ae21a0ba7ce6a6b52cf3eaeee9c366935f4714dc5761c46be5ddbb4d1bd11ed2868ca3a93686c311f58a5f/tasks.py)
191. terraform_users.py (path: /syssec-nas0/pyc-research/compiled_evaluation_targets/usenix_test_set/python-3.9/2334ea37f5f70750adb226d7aec5a19fa9be20845d6333fd15b6b12137b0cde2dabd98d061f93fa32a60fe87bd4030a2530540363ceeaf76d6f675fa5b4a69ca/terraform_users.py)
192. test_cuts.py (path: /syssec-nas0/pyc-research/compiled_evaluation_targets/usenix_test_set/python-3.9/21936af9ec59ec9870d0a0dded08f69ec6dec937661f3156c6611e9ef61510cf94b51b9dce102c2d5f32a8ec44eaef0b701159fdcc6bd3e9e94fa883e64d0c9e/test_cuts.py)
193. test_paragraph_classification.py (path: /syssec-nas0/pyc-research/compiled_evaluation_targets/usenix_test_set/python-3.9/caebd3c9d94768b108c0caa360745d3a0816ed8958586bd7b781c294fe632355b8d099b4810d206c700c188d2ee8eed0efe284151e14ce37799565353bb51517/test_paragraph_classification.py)
194. test_unsatisfied.py (path: /syssec-nas0/pyc-research/compiled_evaluation_targets/usenix_test_set/python-3.9/129e09ce052ce8ceb45f1a11e6b821c207878b69b69980a745c2bb2099d28982a796fdf1b4c114d217eb95d12ac24486fc4f621e4e548a81f2e9d7c6d2c14995/test_unsatisfied.py)
195. texturecompress.py (path: /syssec-nas0/pyc-research/compiled_evaluation_targets/usenix_test_set/python-3.9/cb54c857afc213b06ada9a573541cf63913cc7672a72a992ffe40bd724a610ea3fa8fb22c9facb5816ed8acab9c5723251bc817d961bc99bc0e2941f1630e1c2/texturecompress.py)
196. tf_decorator.py (path: /syssec-nas0/pyc-research/compiled_evaluation_targets/usenix_test_set/python-3.9/254c689ac47da6c3f3cb3866791e1ef398c610a944010f95afe45b1d3dca168bb5b790a1dd450fb5420ace468b65d0c2e1ec7e405472d869c8210304eef609c7/tf_decorator.py)
197. tf_leveldb.py (path: /syssec-nas0/pyc-research/compiled_evaluation_targets/usenix_test_set/python-3.9/d2fe40d06a6617cf9d4ae4e05b1d250c43e8b1983955a842bd18b5bc89911bdc7d27c9209f209a9e2a79635463117e398fff1007975233a6131de59086797c7b/tf_leveldb.py)
198. time.py (path: /syssec-nas0/pyc-research/compiled_evaluation_targets/usenix_test_set/python-3.9/58d88a8e42ed399dd71426664c55e32b2e83a560d35d4de95247f365b68f265a3da5cd31a0eb36aae1b7cf0398ec30afbfc5740c8a7daceb9133daa49c2a43c8/time.py)
199. tokenizer.py (path: /syssec-nas0/pyc-research/compiled_evaluation_targets/usenix_test_set/python-3.9/12ce9242a1055a6b5a0c042e5efa554829d399194e4050148d88b585fb1f8f23e6828f65258e411e13ed10a33194b44edc23bd2889c493a6e86bfc60a8240eb0/tokenizer.py)
200. trtc_client.py (path: /syssec-nas0/pyc-research/compiled_evaluation_targets/usenix_test_set/python-3.9/bfd5e00dc7bf39ed6a1f712c3168601939da5e4e96717a43d676430fe177ecfd890bbd15661db5177e2a366926f6ef83d67228cfb714ed46d32baac6c13fb751/trtc_client.py)
201. types.py (path: /syssec-nas0/pyc-research/compiled_evaluation_targets/usenix_test_set/python-3.9/7be97164110cc7e5e3683a3cf62d8aa8e144687de2ed377a116e25b7444c544480d500c51cd574e0deb897fbb577404f38b65c8bbc42a2ee34f5674b0ac6fafe/types.py)
202. unique.py (path: /syssec-nas0/pyc-research/compiled_evaluation_targets/usenix_test_set/python-3.9/888296b66c3c76742025cc9bca8ea3dd33e1262d8bb93fe9e0c18c06ccc36ad529dcc22f48109736a482e6074d38a6a5a26435f9135af715985983c28b240e40/unique.py)
203. util.py (path: /syssec-nas0/pyc-research/compiled_evaluation_targets/usenix_test_set/python-3.9/d4514762c67eb8ddf5fa3cecbab9dd92f7383fa7d0663ea66c8c5ffc64d4814f997ee89842c49d8a7f52b673cebc7de59a6cb73a6f65acbf5d942e975fb78c8f/util.py)
204. utils.py (path: /syssec-nas0/pyc-research/compiled_evaluation_targets/usenix_test_set/python-3.9/1527730a6740d076746560df2b16254899131725c4bcdd88f9e1c71c227ecba13d9f950d5dc501736da4cd8d770dd5c6667ea5ab76d999afd110cab29c8b311b/utils.py)
205. utils.py (path: /syssec-nas0/pyc-research/compiled_evaluation_targets/usenix_test_set/python-3.9/1cd2fda535295998010bebc46174c71a7d79840ae47f5ef6548b309cf0d6371d19493310a24272ae2c67b4089ebaeb32b838071ddacd8a1cdcc57dc32ea0e472/utils.py)
206. utypes.py (path: /syssec-nas0/pyc-research/compiled_evaluation_targets/usenix_test_set/python-3.9/62e1202c14217245d475532c4ec7af57e54d6e91656997af475081f14416bdca6fb0e62701fa7dc9733bc3acdea7f1f2d745c5746097a33b274aa9afa4df0c5d/utypes.py)
207. views.py (path: /syssec-nas0/pyc-research/compiled_evaluation_targets/usenix_test_set/python-3.9/810104722d80b0367b9d53f14960dd72760905530fe03f6c65cc34b4f52a655e5bcfdc9378f8ba43d27064d4dfef81ed5adc181824e55f08a7063a239036f40b/views.py)
208. web_test.py (path: /syssec-nas0/pyc-research/compiled_evaluation_targets/usenix_test_set/python-3.9/a1c59c9625b86f0da697da06b3448ef66b84706e6bc4ce473fa0bf1b551666bbdcdba0ac537afd342923b5fbff5a3e7e54c5f7fa3972c59b811b43fdbfeda1e6/web_test.py)
209. wideres.py (path: /syssec-nas0/pyc-research/compiled_evaluation_targets/usenix_test_set/python-3.9/d976692f73ec84848087ddc81166fb81b956063888e4706c359c659abc4b291b1e58ee01673d2e67aeefa0113b85a009a85b5de10f4a46fa90ea250efabafaae/wideres.py)
210. win32_utils.py (path: /syssec-nas0/pyc-research/compiled_evaluation_targets/usenix_test_set/python-3.9/8788c0e6e3bedda6ca183f7e612a94330579f404d711930ecdacd7c5b1b94ceddd256abbf93f31a23eac6854f6681c608e2d79427c21c69446e033c28689f377/win32_utils.py)
211. wipe.py (path: /syssec-nas0/pyc-research/compiled_evaluation_targets/usenix_test_set/python-3.9/303e8be99b216abbe3f9482d4c24d29acda450872fd0e828ade8222fc3bfb170045fc03d08974107e89c6941b0c491cf3e20dfcb34f789696ec54af81054af3b/wipe.py)
