Total files processed: 4935
Success: 4465 (90.5%)
Total failures: 470 (9.5%)
  - Reconstruction failures: 198
  - Compile errors: 271
  - Runtime errors: 1

=== All Failed Files (Sorted) ===
1. 10067-normalized.py [RECONSTRUCTION FAILURE] (path: /syssec-nas0/pyc-research/compiled_evaluation_targets/usenix_test_set/python-3.7/10067/10067-normalized.py)
2. 10589-normalized.py [RECONSTRUCTION FAILURE] (path: /syssec-nas0/pyc-research/compiled_evaluation_targets/usenix_test_set/python-3.7/10589/10589-normalized.py)
3. 11408-normalized.py [COMPILE ERROR] (path: /syssec-nas0/pyc-research/compiled_evaluation_targets/usenix_test_set/python-3.7/11408/11408-normalized.py)
4. 11479-normalized.py [COMPILE ERROR] (path: /syssec-nas0/pyc-research/compiled_evaluation_targets/usenix_test_set/python-3.7/11479/11479-normalized.py)
5. 12134-normalized.py [COMPILE ERROR] (path: /syssec-nas0/pyc-research/compiled_evaluation_targets/usenix_test_set/python-3.7/12134/12134-normalized.py)
6. 12304-normalized.py [RECONSTRUCTION FAILURE] (path: /syssec-nas0/pyc-research/compiled_evaluation_targets/usenix_test_set/python-3.7/12304/12304-normalized.py)
7. 12308-normalized.py [RECONSTRUCTION FAILURE] (path: /syssec-nas0/pyc-research/compiled_evaluation_targets/usenix_test_set/python-3.7/12308/12308-normalized.py)
8. 12332-normalized.py [RECONSTRUCTION FAILURE] (path: /syssec-nas0/pyc-research/compiled_evaluation_targets/usenix_test_set/python-3.7/12332/12332-normalized.py)
9. 1255-normalized.py [RECONSTRUCTION FAILURE] (path: /syssec-nas0/pyc-research/compiled_evaluation_targets/usenix_test_set/python-3.7/1255/1255-normalized.py)
10. 12595-normalized.py [RECONSTRUCTION FAILURE] (path: /syssec-nas0/pyc-research/compiled_evaluation_targets/usenix_test_set/python-3.7/12595/12595-normalized.py)
11. 13253-normalized.py [COMPILE ERROR] (path: /syssec-nas0/pyc-research/compiled_evaluation_targets/usenix_test_set/python-3.7/13253/13253-normalized.py)
12. 13267-normalized.py [RECONSTRUCTION FAILURE] (path: /syssec-nas0/pyc-research/compiled_evaluation_targets/usenix_test_set/python-3.7/13267/13267-normalized.py)
13. 14056-normalized.py [COMPILE ERROR] (path: /syssec-nas0/pyc-research/compiled_evaluation_targets/usenix_test_set/python-3.7/14056/14056-normalized.py)
14. 14247-normalized.py [RECONSTRUCTION FAILURE] (path: /syssec-nas0/pyc-research/compiled_evaluation_targets/usenix_test_set/python-3.7/14247/14247-normalized.py)
15. 15016-normalized.py [COMPILE ERROR] (path: /syssec-nas0/pyc-research/compiled_evaluation_targets/usenix_test_set/python-3.7/15016/15016-normalized.py)
16. 15117-normalized.py [COMPILE ERROR] (path: /syssec-nas0/pyc-research/compiled_evaluation_targets/usenix_test_set/python-3.7/15117/15117-normalized.py)
17. 15238-normalized.py [COMPILE ERROR] (path: /syssec-nas0/pyc-research/compiled_evaluation_targets/usenix_test_set/python-3.7/15238/15238-normalized.py)
18. 15278-normalized.py [COMPILE ERROR] (path: /syssec-nas0/pyc-research/compiled_evaluation_targets/usenix_test_set/python-3.7/15278/15278-normalized.py)
19. 15325-normalized.py [RECONSTRUCTION FAILURE] (path: /syssec-nas0/pyc-research/compiled_evaluation_targets/usenix_test_set/python-3.7/15325/15325-normalized.py)
20. 15811-normalized.py [RECONSTRUCTION FAILURE] (path: /syssec-nas0/pyc-research/compiled_evaluation_targets/usenix_test_set/python-3.7/15811/15811-normalized.py)
21. 16035-normalized.py [COMPILE ERROR] (path: /syssec-nas0/pyc-research/compiled_evaluation_targets/usenix_test_set/python-3.7/16035/16035-normalized.py)
22. 16120-normalized.py [RECONSTRUCTION FAILURE] (path: /syssec-nas0/pyc-research/compiled_evaluation_targets/usenix_test_set/python-3.7/16120/16120-normalized.py)
23. 16152-normalized.py [RECONSTRUCTION FAILURE] (path: /syssec-nas0/pyc-research/compiled_evaluation_targets/usenix_test_set/python-3.7/16152/16152-normalized.py)
24. 16670-normalized.py [RECONSTRUCTION FAILURE] (path: /syssec-nas0/pyc-research/compiled_evaluation_targets/usenix_test_set/python-3.7/16670/16670-normalized.py)
25. 16800-normalized.py [COMPILE ERROR] (path: /syssec-nas0/pyc-research/compiled_evaluation_targets/usenix_test_set/python-3.7/16800/16800-normalized.py)
26. 17041-normalized.py [RECONSTRUCTION FAILURE] (path: /syssec-nas0/pyc-research/compiled_evaluation_targets/usenix_test_set/python-3.7/17041/17041-normalized.py)
27. 17084-normalized.py [RECONSTRUCTION FAILURE] (path: /syssec-nas0/pyc-research/compiled_evaluation_targets/usenix_test_set/python-3.7/17084/17084-normalized.py)
28. 17324-normalized.py [RECONSTRUCTION FAILURE] (path: /syssec-nas0/pyc-research/compiled_evaluation_targets/usenix_test_set/python-3.7/17324/17324-normalized.py)
29. 17333-normalized.py [RECONSTRUCTION FAILURE] (path: /syssec-nas0/pyc-research/compiled_evaluation_targets/usenix_test_set/python-3.7/17333/17333-normalized.py)
30. 17415-normalized.py [COMPILE ERROR] (path: /syssec-nas0/pyc-research/compiled_evaluation_targets/usenix_test_set/python-3.7/17415/17415-normalized.py)
31. 17430-normalized.py [COMPILE ERROR] (path: /syssec-nas0/pyc-research/compiled_evaluation_targets/usenix_test_set/python-3.7/17430/17430-normalized.py)
32. 17582-normalized.py [RECONSTRUCTION FAILURE] (path: /syssec-nas0/pyc-research/compiled_evaluation_targets/usenix_test_set/python-3.7/17582/17582-normalized.py)
33. 17816-normalized.py [RECONSTRUCTION FAILURE] (path: /syssec-nas0/pyc-research/compiled_evaluation_targets/usenix_test_set/python-3.7/17816/17816-normalized.py)
34. 18984-normalized.py [RECONSTRUCTION FAILURE] (path: /syssec-nas0/pyc-research/compiled_evaluation_targets/usenix_test_set/python-3.7/18984/18984-normalized.py)
35. 1988-normalized.py [RECONSTRUCTION FAILURE] (path: /syssec-nas0/pyc-research/compiled_evaluation_targets/usenix_test_set/python-3.7/1988/1988-normalized.py)
36. 20061-normalized.py [RECONSTRUCTION FAILURE] (path: /syssec-nas0/pyc-research/compiled_evaluation_targets/usenix_test_set/python-3.7/20061/20061-normalized.py)
37. 20111-normalized.py [COMPILE ERROR] (path: /syssec-nas0/pyc-research/compiled_evaluation_targets/usenix_test_set/python-3.7/20111/20111-normalized.py)
38. 20324-normalized.py [RECONSTRUCTION FAILURE] (path: /syssec-nas0/pyc-research/compiled_evaluation_targets/usenix_test_set/python-3.7/20324/20324-normalized.py)
39. 20452-normalized.py [RECONSTRUCTION FAILURE] (path: /syssec-nas0/pyc-research/compiled_evaluation_targets/usenix_test_set/python-3.7/20452/20452-normalized.py)
40. 20619-normalized.py [RECONSTRUCTION FAILURE] (path: /syssec-nas0/pyc-research/compiled_evaluation_targets/usenix_test_set/python-3.7/20619/20619-normalized.py)
41. 20946-normalized.py [COMPILE ERROR] (path: /syssec-nas0/pyc-research/compiled_evaluation_targets/usenix_test_set/python-3.7/20946/20946-normalized.py)
42. 21202-normalized.py [COMPILE ERROR] (path: /syssec-nas0/pyc-research/compiled_evaluation_targets/usenix_test_set/python-3.7/21202/21202-normalized.py)
43. 21245-normalized.py [COMPILE ERROR] (path: /syssec-nas0/pyc-research/compiled_evaluation_targets/usenix_test_set/python-3.7/21245/21245-normalized.py)
44. 21489-normalized.py [COMPILE ERROR] (path: /syssec-nas0/pyc-research/compiled_evaluation_targets/usenix_test_set/python-3.7/21489/21489-normalized.py)
45. 21564-normalized.py [RUNTIME ERROR] (path: /syssec-nas0/pyc-research/compiled_evaluation_targets/usenix_test_set/python-3.7/21564/21564-normalized.py)
46. 21646-normalized.py [RECONSTRUCTION FAILURE] (path: /syssec-nas0/pyc-research/compiled_evaluation_targets/usenix_test_set/python-3.7/21646/21646-normalized.py)
47. 21753-normalized.py [COMPILE ERROR] (path: /syssec-nas0/pyc-research/compiled_evaluation_targets/usenix_test_set/python-3.7/21753/21753-normalized.py)
48. 21803-normalized.py [RECONSTRUCTION FAILURE] (path: /syssec-nas0/pyc-research/compiled_evaluation_targets/usenix_test_set/python-3.7/21803/21803-normalized.py)
49. 21804-normalized.py [COMPILE ERROR] (path: /syssec-nas0/pyc-research/compiled_evaluation_targets/usenix_test_set/python-3.7/21804/21804-normalized.py)
50. 21984-normalized.py [COMPILE ERROR] (path: /syssec-nas0/pyc-research/compiled_evaluation_targets/usenix_test_set/python-3.7/21984/21984-normalized.py)
51. 22024-normalized.py [RECONSTRUCTION FAILURE] (path: /syssec-nas0/pyc-research/compiled_evaluation_targets/usenix_test_set/python-3.7/22024/22024-normalized.py)
52. 2258-normalized.py [RECONSTRUCTION FAILURE] (path: /syssec-nas0/pyc-research/compiled_evaluation_targets/usenix_test_set/python-3.7/2258/2258-normalized.py)
53. 2325-normalized.py [RECONSTRUCTION FAILURE] (path: /syssec-nas0/pyc-research/compiled_evaluation_targets/usenix_test_set/python-3.7/2325/2325-normalized.py)
54. 2907-normalized.py [RECONSTRUCTION FAILURE] (path: /syssec-nas0/pyc-research/compiled_evaluation_targets/usenix_test_set/python-3.7/2907/2907-normalized.py)
55. 3043-normalized.py [COMPILE ERROR] (path: /syssec-nas0/pyc-research/compiled_evaluation_targets/usenix_test_set/python-3.7/3043/3043-normalized.py)
56. 3080-normalized.py [RECONSTRUCTION FAILURE] (path: /syssec-nas0/pyc-research/compiled_evaluation_targets/usenix_test_set/python-3.7/3080/3080-normalized.py)
57. 3477-normalized.py [RECONSTRUCTION FAILURE] (path: /syssec-nas0/pyc-research/compiled_evaluation_targets/usenix_test_set/python-3.7/3477/3477-normalized.py)
58. 3905-normalized.py [RECONSTRUCTION FAILURE] (path: /syssec-nas0/pyc-research/compiled_evaluation_targets/usenix_test_set/python-3.7/3905/3905-normalized.py)
59. 4415-normalized.py [RECONSTRUCTION FAILURE] (path: /syssec-nas0/pyc-research/compiled_evaluation_targets/usenix_test_set/python-3.7/4415/4415-normalized.py)
60. 4538-normalized.py [RECONSTRUCTION FAILURE] (path: /syssec-nas0/pyc-research/compiled_evaluation_targets/usenix_test_set/python-3.7/4538/4538-normalized.py)
61. 5450-normalized.py [COMPILE ERROR] (path: /syssec-nas0/pyc-research/compiled_evaluation_targets/usenix_test_set/python-3.7/5450/5450-normalized.py)
62. 5628-normalized.py [RECONSTRUCTION FAILURE] (path: /syssec-nas0/pyc-research/compiled_evaluation_targets/usenix_test_set/python-3.7/5628/5628-normalized.py)
63. 5694-normalized.py [COMPILE ERROR] (path: /syssec-nas0/pyc-research/compiled_evaluation_targets/usenix_test_set/python-3.7/5694/5694-normalized.py)
64. 5713-normalized.py [COMPILE ERROR] (path: /syssec-nas0/pyc-research/compiled_evaluation_targets/usenix_test_set/python-3.7/5713/5713-normalized.py)
65. 5889-normalized.py [RECONSTRUCTION FAILURE] (path: /syssec-nas0/pyc-research/compiled_evaluation_targets/usenix_test_set/python-3.7/5889/5889-normalized.py)
66. 6633-normalized.py [RECONSTRUCTION FAILURE] (path: /syssec-nas0/pyc-research/compiled_evaluation_targets/usenix_test_set/python-3.7/6633/6633-normalized.py)
67. 6906-normalized.py [COMPILE ERROR] (path: /syssec-nas0/pyc-research/compiled_evaluation_targets/usenix_test_set/python-3.7/6906/6906-normalized.py)
68. 6982-normalized.py [COMPILE ERROR] (path: /syssec-nas0/pyc-research/compiled_evaluation_targets/usenix_test_set/python-3.7/6982/6982-normalized.py)
69. 7075-normalized.py [RECONSTRUCTION FAILURE] (path: /syssec-nas0/pyc-research/compiled_evaluation_targets/usenix_test_set/python-3.7/7075/7075-normalized.py)
70. 7096-normalized.py [RECONSTRUCTION FAILURE] (path: /syssec-nas0/pyc-research/compiled_evaluation_targets/usenix_test_set/python-3.7/7096/7096-normalized.py)
71. 7196-normalized.py [RECONSTRUCTION FAILURE] (path: /syssec-nas0/pyc-research/compiled_evaluation_targets/usenix_test_set/python-3.7/7196/7196-normalized.py)
72. 7219-normalized.py [RECONSTRUCTION FAILURE] (path: /syssec-nas0/pyc-research/compiled_evaluation_targets/usenix_test_set/python-3.7/7219/7219-normalized.py)
73. 7223-normalized.py [RECONSTRUCTION FAILURE] (path: /syssec-nas0/pyc-research/compiled_evaluation_targets/usenix_test_set/python-3.7/7223/7223-normalized.py)
74. 7368-normalized.py [RECONSTRUCTION FAILURE] (path: /syssec-nas0/pyc-research/compiled_evaluation_targets/usenix_test_set/python-3.7/7368/7368-normalized.py)
75. 7487-normalized.py [RECONSTRUCTION FAILURE] (path: /syssec-nas0/pyc-research/compiled_evaluation_targets/usenix_test_set/python-3.7/7487/7487-normalized.py)
76. 7548-normalized.py [COMPILE ERROR] (path: /syssec-nas0/pyc-research/compiled_evaluation_targets/usenix_test_set/python-3.7/7548/7548-normalized.py)
77. 7850-normalized.py [RECONSTRUCTION FAILURE] (path: /syssec-nas0/pyc-research/compiled_evaluation_targets/usenix_test_set/python-3.7/7850/7850-normalized.py)
78. 7865-normalized.py [RECONSTRUCTION FAILURE] (path: /syssec-nas0/pyc-research/compiled_evaluation_targets/usenix_test_set/python-3.7/7865/7865-normalized.py)
79. 8724-normalized.py [COMPILE ERROR] (path: /syssec-nas0/pyc-research/compiled_evaluation_targets/usenix_test_set/python-3.7/8724/8724-normalized.py)
80. 9230-normalized.py [RECONSTRUCTION FAILURE] (path: /syssec-nas0/pyc-research/compiled_evaluation_targets/usenix_test_set/python-3.7/9230/9230-normalized.py)
81. 9326-normalized.py [RECONSTRUCTION FAILURE] (path: /syssec-nas0/pyc-research/compiled_evaluation_targets/usenix_test_set/python-3.7/9326/9326-normalized.py)
82. 9553-normalized.py [RECONSTRUCTION FAILURE] (path: /syssec-nas0/pyc-research/compiled_evaluation_targets/usenix_test_set/python-3.7/9553/9553-normalized.py)
83. 9604-normalized.py [COMPILE ERROR] (path: /syssec-nas0/pyc-research/compiled_evaluation_targets/usenix_test_set/python-3.7/9604/9604-normalized.py)
84. 9846-normalized.py [COMPILE ERROR] (path: /syssec-nas0/pyc-research/compiled_evaluation_targets/usenix_test_set/python-3.7/9846/9846-normalized.py)
85. 9967-normalized.py [COMPILE ERROR] (path: /syssec-nas0/pyc-research/compiled_evaluation_targets/usenix_test_set/python-3.7/9967/9967-normalized.py)
86. AttributeNodes.py [RECONSTRUCTION FAILURE] (path: /syssec-nas0/pyc-research/compiled_evaluation_targets/usenix_test_set/python-3.7/05b5e94439fe4956b0c61007b78226192fabb03558e4c3cad42279d96c561eb17944fb585d5f820d21c4570907b7f2bc8a02ff8ac3aff6045e887818dc4f7435/AttributeNodes.py)
87. BranchTuple.py [COMPILE ERROR] (path: /syssec-nas0/pyc-research/compiled_evaluation_targets/usenix_test_set/python-3.7/23fcd9ad42c616600c67bfa882c4d11f73edb56da08e7a8b54c63c93188dfd4685421993897961adbbf24799ea64adad4f1215c0ef2b38522225816373af0320/BranchTuple.py)
88. DataManagement.py [COMPILE ERROR] (path: /syssec-nas0/pyc-research/compiled_evaluation_targets/usenix_test_set/python-3.7/c20c8b27cc72ad5f3a4c5853710549a7be990cafdeb34146a994093595a6bc48e92691598399432577e77aa4c91d4ed1d70bb9973dfe4212456579c71c3cfd70/DataManagement.py)
89. DisplacementAdaptiveMeshConstraint.py [COMPILE ERROR] (path: /syssec-nas0/pyc-research/compiled_evaluation_targets/usenix_test_set/python-3.7/89f2fbba0e91b23407c93784dc44f3a7d985b8eff7bed3c9943c53fa8cccf1c47158b22adb6fb541a3636c71e85225f20143bda6e99711f984943222ec05e1d5/DisplacementAdaptiveMeshConstraint.py)
90. Docker.py [RECONSTRUCTION FAILURE] (path: /syssec-nas0/pyc-research/compiled_evaluation_targets/usenix_test_set/python-3.7/f0974f739296bb8627ece86d6b6942582dff38f962cd7d65283ef5259bb3ce5ec2ffc1fe41fb157e3dbd68189cd5011f70bcc3c0c4ba9b458bc93693232e9cf6/Docker.py)
91. EmailAgent.py [RECONSTRUCTION FAILURE] (path: /syssec-nas0/pyc-research/compiled_evaluation_targets/usenix_test_set/python-3.7/3557a2f8b37e7f83bf5b1faf13bc417757b488318a731218c6ac7fcea1601734ae839c9bd7f3c5a70a53b3a2a5bbb95dbe276c71912e85d817b6c4ebd7716b86/EmailAgent.py)
92. ExporterTEX.py [COMPILE ERROR] (path: /syssec-nas0/pyc-research/compiled_evaluation_targets/usenix_test_set/python-3.7/2e61f21dbf189c366ee6f2200e8dc799189597cebe427c38bcf352da94267f0f65ae61649b1f38adfd96ba68b1619ebce35e31630bf8ea9bece800fdb83b2a63/ExporterTEX.py)
93. FileManager.py [RECONSTRUCTION FAILURE] (path: /syssec-nas0/pyc-research/compiled_evaluation_targets/usenix_test_set/python-3.7/57ad54bc79944aa18b3a81567f75b6892f5725dad79cdfaa5fd2608b23a81034fb530abc563ccb843625282d83db81166857efdd34b8f1a131a61dce51ee66a1/FileManager.py)
94. GeneticAlgorithm.py [COMPILE ERROR] (path: /syssec-nas0/pyc-research/compiled_evaluation_targets/usenix_test_set/python-3.7/906842a96f866080826950088ca39796495fe1a1f5c804861963aa85c40b5b68a412a6aea1345849cebf7352870a640a27b4239f13c294ff9b8579dac3216186/GeneticAlgorithm.py)
95. GitCliWithAutoRollback.py [COMPILE ERROR] (path: /syssec-nas0/pyc-research/compiled_evaluation_targets/usenix_test_set/python-3.7/dfd242a947298fe2962ce9a060ece74645e62c7134febff0ac4b33e4b123117dd747f5ca35223060eced0e302d52e695b9895c8d9bee3429403b006bd9d772f3/GitCliWithAutoRollback.py)
96. History.py [RECONSTRUCTION FAILURE] (path: /syssec-nas0/pyc-research/compiled_evaluation_targets/usenix_test_set/python-3.7/13b8cb14ce707c439c4244b014ed15d022c38b2406176984ea46ef08d2454842f001122d7ff6a3a3c5f52d1e1b1614885366cd3e8153589c97f43056b3747fd1/History.py)
97. IRAF_Reduction.py [COMPILE ERROR] (path: /syssec-nas0/pyc-research/compiled_evaluation_targets/usenix_test_set/python-3.7/40820f844d9c624e8c3e0777bbffa3586f7597a9886acb295d44f10bb05ffa5e5b288afa1af23d6b466c0392111a9e76008feae9ec48d97b604c70835bb059f6/IRAF_Reduction.py)
98. InfinityFlow_Utilities.py [COMPILE ERROR] (path: /syssec-nas0/pyc-research/compiled_evaluation_targets/usenix_test_set/python-3.7/157c98a8789f51f4ced9c4091ce9c5bfe830da8f01e515a4dc242f01e261ebdee6c1f079b0c4287e78b4b515098a7fe83139e01809f5264c3a173e1e8b3ae08e/InfinityFlow_Utilities.py)
99. LogicOfflineJobFakeBroker.py [RECONSTRUCTION FAILURE] (path: /syssec-nas0/pyc-research/compiled_evaluation_targets/usenix_test_set/python-3.7/77928dbf85509050a834af1c46270cf4c92786efe338dfdf5f8e95a11260ac6468db2ed004b375bcee30fead1fe3bc718ff2a39b961e94f179a36ddff253a308/LogicOfflineJobFakeBroker.py)
100. ModelJob.py [COMPILE ERROR] (path: /syssec-nas0/pyc-research/compiled_evaluation_targets/usenix_test_set/python-3.7/dc43ff4d8f5922d5253f8d4fbba5d2dcfe2e25f0048160b0fd49839d052db72286f8bf0c5a8cc8c78f8682ea697b0d621c8d2424666dd20f27e2f30ae5fc5469/ModelJob.py)
101. OHConverter.py [RECONSTRUCTION FAILURE] (path: /syssec-nas0/pyc-research/compiled_evaluation_targets/usenix_test_set/python-3.7/23fc751af17263629094a44cccce24942e6bd1373ef7b3fe084b6ffe15987a10c7a5082c8ce7a50342a06722b2a9a7fb24380160ad59d521e553e9967b3535f2/OHConverter.py)
102. OutputComparison.py [COMPILE ERROR] (path: /syssec-nas0/pyc-research/compiled_evaluation_targets/usenix_test_set/python-3.7/a65d9c3099df5aa92818b2e410b1b40d08043c9db79c3e5ff1492bd226b6b84de29b3d8c51057915ebd0a907c86071ebe8c4fa79e952fae0a9b8eba353ede636/OutputComparison.py)
103. PackageMetadataNodes.py [RECONSTRUCTION FAILURE] (path: /syssec-nas0/pyc-research/compiled_evaluation_targets/usenix_test_set/python-3.7/aa28ef4e8bd5a8322fa87f7b2a7e1e5e8e11f735433c70707c7251678f51ce5110fc7710727833e5f615d92386a41f91da687c9cc73b68f64cacfbc19996b5ab/PackageMetadataNodes.py)
104. PolicyNoSrcAnyDstAny.py [RECONSTRUCTION FAILURE] (path: /syssec-nas0/pyc-research/compiled_evaluation_targets/usenix_test_set/python-3.7/b64771629a06f29df3f9cafe21bde201a35c51949f7b22598999f51a6156de2ffbe4b2c7ee557bde0346d5a4cd20e1a5eef6a3bf1972e6f944756969bc06f6e7/PolicyNoSrcAnyDstAny.py)
105. Preprocessing.py [RECONSTRUCTION FAILURE] (path: /syssec-nas0/pyc-research/compiled_evaluation_targets/usenix_test_set/python-3.7/2e55e9a05315ad44b86178deba806a348862bb8f288a5e8cb42f03e48785baea5a4d6c2775807338874e41be2b344f0870a91a932137addc43c317a6a31346a5/Preprocessing.py)
106. PrintOrRender.py [COMPILE ERROR] (path: /syssec-nas0/pyc-research/compiled_evaluation_targets/usenix_test_set/python-3.7/5879f24d681e1b46c35d0d29d16737e7536541e9ffd96716020dcffda67f9c11518f4bf399fe149be689f632ea851085431e579cf861547ebcde2051ef8d7481/PrintOrRender.py)
107. RET506.py [RECONSTRUCTION FAILURE] (path: /syssec-nas0/pyc-research/compiled_evaluation_targets/usenix_test_set/python-3.7/cb2fc17a7d73f974fce7b2bc9687b5b2e9c9e520fb43e7c67d50f5cd4e8bc335114bfe90f36fba2730a5b12acc7bee7c819768cbfd0b94379e320b4009973d88/RET506.py)
108. SharedClassNameHandler.py [RECONSTRUCTION FAILURE] (path: /syssec-nas0/pyc-research/compiled_evaluation_targets/usenix_test_set/python-3.7/80b4ac8699da09e9a43ef5d017c089f021aa1049dfc3a5a5b57591cfd5948394aa387e180aaf0845a7d9c309576b47e6ba0fb9578ed505a283791417d4c5334c/SharedClassNameHandler.py)
109. SurfaceToSurfaceContactExp.py [COMPILE ERROR] (path: /syssec-nas0/pyc-research/compiled_evaluation_targets/usenix_test_set/python-3.7/daae5e8d2d8cc817e62ff3fdc66b097151073f930ca722c8ea7c3034a9bbee40511e708254e85276882b45cef8e9db41ef69df5e8443aa52d3acc638b03e00be/SurfaceToSurfaceContactExp.py)
110. _container.py [COMPILE ERROR] (path: /syssec-nas0/pyc-research/compiled_evaluation_targets/usenix_test_set/python-3.7/072a80350499f6f26dfaa824f877816806d1b81be7b3a0248c63e1f2423e24a046b4807afc0df0cf3817772bae7b7f8c7fe0677d2e3fafbe1f3025dae313809b/_container.py)
111. _fileobjectposix.py [COMPILE ERROR] (path: /syssec-nas0/pyc-research/compiled_evaluation_targets/usenix_test_set/python-3.7/4cd9c561cae81f5fb527b46be6380adc0c8726b9ff4af665558e6818b71a96ac581e5ac08d2190c43c7b5be397b9bee386dd74fc58eb3fe83657ee6e0ae34eb3/_fileobjectposix.py)
112. _pslinux.py [COMPILE ERROR] (path: /syssec-nas0/pyc-research/compiled_evaluation_targets/usenix_test_set/python-3.7/3dc2b2e1804a6e00edd9873cf7b12ecfecc4c4eb68d56923db73db6bd67daea277a57990154bf0391f389af4077771bc286b68bc4528b0bce07243fc75768e86/_pslinux.py)
113. _reader.py [RECONSTRUCTION FAILURE] (path: /syssec-nas0/pyc-research/compiled_evaluation_targets/usenix_test_set/python-3.7/11a63dd9377450f3d00148b7d005f8ef1b3f7d4cca78702cdc892f565c9ba55d4fc2f3f0ac6bbab1a9968ed5590a0331f5039f24dfef3cdd152a52109dc0266b/_reader.py)
114. _tecplot.py [COMPILE ERROR] (path: /syssec-nas0/pyc-research/compiled_evaluation_targets/usenix_test_set/python-3.7/daa808fea7126e59be15232f00cd2be3503b9b4e29846cd31686949888c3b67ee95988d445c781d9c1cbffefd4007a2b4f18e755cdbb54da4492e72c2c994766/_tecplot.py)
115. _xgboostcv.py [COMPILE ERROR] (path: /syssec-nas0/pyc-research/compiled_evaluation_targets/usenix_test_set/python-3.7/774721cdf2f02c963e464cd77bb7e7303c9ed7c29f97412605407d5201392dd29979d70edc2cda1b19913e5a2b79a59ec1a800b63e0d57e122877e9f7ccabbcc/_xgboostcv.py)
116. a10_service_group.py [RECONSTRUCTION FAILURE] (path: /syssec-nas0/pyc-research/compiled_evaluation_targets/usenix_test_set/python-3.7/313a50558d353f863f88d98ad1d1d4d0fd1f8f5c490f59d572da759a75ef1244874a4399ccacd86b48f1c5f32d3e824445f4b3884ded81fe370772822d607666/a10_service_group.py)
117. account.py [COMPILE ERROR] (path: /syssec-nas0/pyc-research/compiled_evaluation_targets/usenix_test_set/python-3.7/5b2bfcf48be1169e43a449ffa9dbef9a19b980ee6d4449d1c50efc95b653ae6fb2ecf89a576491d7ecaba02f34254cd74067bce7a764ee71b784bc1554894bc5/account.py)
118. acme.py [RECONSTRUCTION FAILURE] (path: /syssec-nas0/pyc-research/compiled_evaluation_targets/usenix_test_set/python-3.7/5c5b1fccb2bc1620cd5b091ca672ee9b3230b7439bc651fcc9637dea569ce0e91380e3a0ccbf9c12760d31c703663dc08c3614423512823a1b8c01c260fb3324/acme.py)
119. adamax.py [COMPILE ERROR] (path: /syssec-nas0/pyc-research/compiled_evaluation_targets/usenix_test_set/python-3.7/e83afcdca7525b9b7c14f3aa300b8a3224228a5d4faa3f4694fdd8f8ad91b714105dc51909405a90917defbadbccd61a9cce3d906183058ebd2c5ec779d09190/adamax.py)
120. adaptivegreedy.py [COMPILE ERROR] (path: /syssec-nas0/pyc-research/compiled_evaluation_targets/usenix_test_set/python-3.7/0216940ebc56919f58d53da0bef5efa9bd0dc537788fecc44a081aea3014de54d3fdaa1891698ef7a677b5a705e5ff316c9057e5107c0c33507c2863590bead2/adaptivegreedy.py)
121. aix_inittab.py [RECONSTRUCTION FAILURE] (path: /syssec-nas0/pyc-research/compiled_evaluation_targets/usenix_test_set/python-3.7/0048170a9c7a983c284d4bb10a969fa012e6073e0b7d93a6ddb77ffa477a99627b114924acb6ab02e5e97078424e6dce6d4dacdc9061fb0ee23d228945672d6c/aix_inittab.py)
122. analyzer.py [RECONSTRUCTION FAILURE] (path: /syssec-nas0/pyc-research/compiled_evaluation_targets/usenix_test_set/python-3.7/ed7b3471ac409149aed84a811222a3e1201402489bc160cfb8a80992ff9e3625ebc57629cfb0d8c5141e7d148088f5c7cf189be4a7559c7b5199d5a26f28d4be/analyzer.py)
123. api.py [COMPILE ERROR] (path: /syssec-nas0/pyc-research/compiled_evaluation_targets/usenix_test_set/python-3.7/556e9b94a3354791b440b1d8b0c1e1ae3e7f0f2e51034d5846fd131709419db2a6cb8985125974e93e6a194db8187fc8c9df22a0d5a942af5b94a108fc0d401a/api.py)
124. api.py [RECONSTRUCTION FAILURE] (path: /syssec-nas0/pyc-research/compiled_evaluation_targets/usenix_test_set/python-3.7/75756b16713040aa5b384a90bda2524eae5e92a4e0cf3063aae05bfd714ecf4652011eef0ff9c633e344f244c90b641bf998beca633707009042a112ad3da9cb/api.py)
125. app.py [COMPILE ERROR] (path: /syssec-nas0/pyc-research/compiled_evaluation_targets/usenix_test_set/python-3.7/66d30b7e76cf29f736f7f5589e6a49ea7ecc31ff51b719b743f7c62773bc7fb3e3bde03fbb48a3688c93d85297c71c8f957776029aa0193cde866d4b456f0392/app.py)
126. archive_util.py [RECONSTRUCTION FAILURE] (path: /syssec-nas0/pyc-research/compiled_evaluation_targets/usenix_test_set/python-3.7/f11cb101c6d2054b2494ff99bf343f29f53d70e46b24787f999665cedcac1f6064eb1a99bd79fc338ab7107198f20872fb4a2a1d41780b794736f6fc06e115c4/archive_util.py)
127. arith.py [COMPILE ERROR] (path: /syssec-nas0/pyc-research/compiled_evaluation_targets/usenix_test_set/python-3.7/45b238dbd089809582ff35b90927f1f0bb934b2ad2ad0c5fb011c8e3c94bd887462755e0a5c53c37f1a755b98c9869b2e1e6dbf19bb0890a591f72d8a6047542/arith.py)
128. asset.py [RECONSTRUCTION FAILURE] (path: /syssec-nas0/pyc-research/compiled_evaluation_targets/usenix_test_set/python-3.7/907a196d4ef249bb3ca2912330d0e8ce8990152cc43dc3bfa8c118be9429b5058b8edf15dd72b46199f3ca6dafbf29dee53093a71c00ac334bdddfe486b0cfbb/asset.py)
129. atlas.py [COMPILE ERROR] (path: /syssec-nas0/pyc-research/compiled_evaluation_targets/usenix_test_set/python-3.7/71dff70eba3da3b24ccdfa213481d4864521ca8ead8bd8b1fdb33220e06eb553366bc3d87c55cb7b39695de53403c96edc011f4634f885767a5e478d08c633cd/atlas.py)
130. attribute.py [COMPILE ERROR] (path: /syssec-nas0/pyc-research/compiled_evaluation_targets/usenix_test_set/python-3.7/e28c9d6e5e662a08290ad00470327ceddec99ef5f9fda5345a1d886bde7f62a4449a8aed261eaacbcfb14794a45455a8f5d9b2b142483bfe57e9c82aad809bbe/attribute.py)
131. auth.py [RECONSTRUCTION FAILURE] (path: /syssec-nas0/pyc-research/compiled_evaluation_targets/usenix_test_set/python-3.7/39b886ef6847de425da3c2608bd78016269f80865299bab55e785df3cf898e95e36e36e227b3d4a8e750cb362e3adb7d1695f7fc6fb4ab1b54dd14cfea3e0f81/auth.py)
132. base.py [COMPILE ERROR] (path: /syssec-nas0/pyc-research/compiled_evaluation_targets/usenix_test_set/python-3.7/53de9c1b842e62a9723ee8fc11b7ecc5e41db13890dd2567c92ccb5cfe6a34f359a51834a7cd565acc2c883c35186691f14e75f82d04d99c38195cbb9d85d80d/base.py)
133. base.py [COMPILE ERROR] (path: /syssec-nas0/pyc-research/compiled_evaluation_targets/usenix_test_set/python-3.7/5931322edcae9ce1628dd5bb61a9cc4c58bd16276ad935a74653ecb4206c690e83429962f30bdc9eeccf0cf380fd0a50082cedd1fe08f969920a42ca7109b3d4/base.py)
134. base.py [COMPILE ERROR] (path: /syssec-nas0/pyc-research/compiled_evaluation_targets/usenix_test_set/python-3.7/a26938b5396e2cf938f1e4c3f294d5d876eeab5bffea11abcb57c2d980877c24dfc922c56d40d01982e48b14019b07e6df89dc783db93d76feb36f231d20348d/base.py)
135. base.py [COMPILE ERROR] (path: /syssec-nas0/pyc-research/compiled_evaluation_targets/usenix_test_set/python-3.7/f8ea39dcd4f6e91b8dc21c66ed5504f104b3d2ad29c8a66d40be164e1b1ad2e932a422db60afc183ac9220ea0f2292088bb0907ca999746f654da7816aa9807a/base.py)
136. base.py [RECONSTRUCTION FAILURE] (path: /syssec-nas0/pyc-research/compiled_evaluation_targets/usenix_test_set/python-3.7/91b71c672e484592e43da12d2172d3a7a70f6357092170e74f179b5a8d6d731b9f4691854e9b065660d8fb2bdbdec4e02482fc0aeae0895efe2021a63505e9f6/base.py)
137. base_preprocessing_layer.py [COMPILE ERROR] (path: /syssec-nas0/pyc-research/compiled_evaluation_targets/usenix_test_set/python-3.7/45c80b04e62ce0c6caceaced3e44de604415046de4b2404d1498d4e4bd823a6519eb6f7624e99123c120b9e1849ec817b9762bd23b03a59190b04a22b6e2fdcd/base_preprocessing_layer.py)
138. base_resource_value_check.py [RECONSTRUCTION FAILURE] (path: /syssec-nas0/pyc-research/compiled_evaluation_targets/usenix_test_set/python-3.7/a1ce56d2f7fac1d19e84d45b710b9942638ade0a80220017f7b90d61a65bc47538620a76b212e5bd0c46e3b37a51c8161e3d3a2d56c2973cbb3f79fe882e807d/base_resource_value_check.py)
139. base_runner.py [RECONSTRUCTION FAILURE] (path: /syssec-nas0/pyc-research/compiled_evaluation_targets/usenix_test_set/python-3.7/0eb2aa8746f65ed9751f1805d43e0ce03ed3fd59236dc50680b896195d122efc0b58fa576ef419df1a7b61a9e5f871496410d074b6ec2c51e6ec88c91224555f/base_runner.py)
140. behavior.py [RECONSTRUCTION FAILURE] (path: /syssec-nas0/pyc-research/compiled_evaluation_targets/usenix_test_set/python-3.7/da4490ecebbdf0f10e220c70418ef4ea9be9ec7b8b70a5ce6932f80e9a6c5031db31a2938feb1bf4d3ee961ff28c6caa447e07dd56c16861a3a349ea4501bed7/behavior.py)
141. bezier.py [RECONSTRUCTION FAILURE] (path: /syssec-nas0/pyc-research/compiled_evaluation_targets/usenix_test_set/python-3.7/7b1400a6460c531bdfc7a0ae0bc5729896e5f191f499c002eaefdbe6cd39167dd4f0df909f4b1484a1afc631a69cdddb94d0197659a154d0670cbe5250efda08/bezier.py)
142. bigip_node.py [RECONSTRUCTION FAILURE] (path: /syssec-nas0/pyc-research/compiled_evaluation_targets/usenix_test_set/python-3.7/a5e592cb022ddbfa628e3146c694b0d4288f6c572ad253ed4e58b847a9a94aeb81937340dbc71fb61c09e6241bcf530f80b87a3b44ff8de1eed3ea51f9f0d64c/bigip_node.py)
143. bitstamp.py [RECONSTRUCTION FAILURE] (path: /syssec-nas0/pyc-research/compiled_evaluation_targets/usenix_test_set/python-3.7/3747e3daadaa1940627048915cfa861a2d27476abf1d7ea34421d27fa861b4b85ea403c90e18332673589558523f762200d0d0ae6af7ab9dcef3b633dcc0b17e/bitstamp.py)
144. bittrex.py [RECONSTRUCTION FAILURE] (path: /syssec-nas0/pyc-research/compiled_evaluation_targets/usenix_test_set/python-3.7/b0189a081a8e64c63377958bfc5acbaf925e5b50e6e9d1bc85212ab01d1cf93e6f3a573f29414aaf454366c3610b3c73ebda98c056021583d119d9669e35c844/bittrex.py)
145. bitwarden_mod.py [RECONSTRUCTION FAILURE] (path: /syssec-nas0/pyc-research/compiled_evaluation_targets/usenix_test_set/python-3.7/5e938952cedef5198f20ec73cc50cfa9d1ce107a9999dff04e4892ad690368d1a64f72863ea016b3d76277cf34734c942a69c3319af51ee64ad0a13dba91a13f/bitwarden_mod.py)
146. blockchaincom.py [RECONSTRUCTION FAILURE] (path: /syssec-nas0/pyc-research/compiled_evaluation_targets/usenix_test_set/python-3.7/8e7ef2d38cdd83762969037e93d9d7de822689840f81a217a5b972c209e75ceb5834eb1bffd0f279c29bafbd77b05eac5e839767ad20491050fd0d8afe17c379/blockchaincom.py)
147. bootstrap.py [COMPILE ERROR] (path: /syssec-nas0/pyc-research/compiled_evaluation_targets/usenix_test_set/python-3.7/4ea7064fc96cf5a31a5fa58cf8e08ce370d14896743add918dcd9a1717d4ec82e2604fc1d518591de2290fe84dfec48240635fa79d114694535dbd3a070a2505/bootstrap.py)
148. bot.py [COMPILE ERROR] (path: /syssec-nas0/pyc-research/compiled_evaluation_targets/usenix_test_set/python-3.7/c1dbd86a6c4f5ea97a9a9467d2f0a41396795dd4518daf5eaabd03a532219a168f451d5d09518f681411652232d4370869a10d1f8f880312d77570eec59f59e6/bot.py)
149. button.py [COMPILE ERROR] (path: /syssec-nas0/pyc-research/compiled_evaluation_targets/usenix_test_set/python-3.7/ee8af1201ae8307f57f5d0da2a148c04906a5d7864ccbf56ca5fee149dc2707c372b00d7f402fb0c01b6bbbae811cf4bb0cbeb5c83981354d219d96f01177443/button.py)
150. cache.py [RECONSTRUCTION FAILURE] (path: /syssec-nas0/pyc-research/compiled_evaluation_targets/usenix_test_set/python-3.7/cf520a10ba107d08d628b9e6b54d1ca736c48d6fde28bb20ac61a1ce504dab98035fe49f9b134b440720ba905e6dd1887ffdb00884a45dedf6bbc18f4ea6b595/cache.py)
151. case.py [COMPILE ERROR] (path: /syssec-nas0/pyc-research/compiled_evaluation_targets/usenix_test_set/python-3.7/4cf1f7aba324aa0b14ac982a64b415d45039253858665b9794e798b7891266634bd8fb41aefbd80f09e7d2af1bf2cec61b2c084299195fc5af67d120c153badb/case.py)
152. category.py [RECONSTRUCTION FAILURE] (path: /syssec-nas0/pyc-research/compiled_evaluation_targets/usenix_test_set/python-3.7/100e0e7720a3e5a4c6ee4eaf2b2f05313831b380cb18238ff778b774ee11bcc02eb2c39a13d8d6e0a146a2cd02e7e7519e1814083ebd23382f832949287a4f5f/category.py)
153. chain.py [COMPILE ERROR] (path: /syssec-nas0/pyc-research/compiled_evaluation_targets/usenix_test_set/python-3.7/36fc5f3ce4d77f845f23b65d158345a408f0210cefac81cb20bc7e1a7b9e97df313b14299076a74fcb462ac224c233052b8e4f87eb8830aa2b1020943038dc08/chain.py)
154. chat.py [COMPILE ERROR] (path: /syssec-nas0/pyc-research/compiled_evaluation_targets/usenix_test_set/python-3.7/325c8de5ddfa9e26b71ea1a52fbf93f34920f2910f3277d94491c68c5ab5de69167a0fdac82f0aa3bf6fdf35cf8ff7a42af395af110b14fc45af45d6574a9120/chat.py)
155. cli.py [RECONSTRUCTION FAILURE] (path: /syssec-nas0/pyc-research/compiled_evaluation_targets/usenix_test_set/python-3.7/39d060036fe999f34fa5cf8cb9308a44ff42ef017acad09731c0f0cf3456fcfd5856cc48c5b75dd9ff6bcb9f25572261700a6eb0bb51bbbfa33992b2f892a5e1/cli.py)
156. client.py [COMPILE ERROR] (path: /syssec-nas0/pyc-research/compiled_evaluation_targets/usenix_test_set/python-3.7/5e9d0380ed6fc4b0e5166ebcbdfb23a953338f08a3468c8c87478dfed1d7d46bf610ad3daae9fc084ec63be133b43621e59d6a6b6ad0d717cbd9bffebe3dce62/client.py)
157. clip.py [COMPILE ERROR] (path: /syssec-nas0/pyc-research/compiled_evaluation_targets/usenix_test_set/python-3.7/5f01e5be4bb9e9e4a4361e73b882496a0e09fee35a2daa4dccf417aaad19915164e96cb2b0b09dad65f7880643d94c06bda0fd89a26f7050066b92f763e575e2/clip.py)
158. cloud_init.py [RECONSTRUCTION FAILURE] (path: /syssec-nas0/pyc-research/compiled_evaluation_targets/usenix_test_set/python-3.7/eea8d532f7881a25e483b8568d31ce02aec3eae8b76a2e2ac94981926c4ad714fb42f9e79c8be51ce49b6c2883b823e196f6e1132e9003fee3bfb4631659608d/cloud_init.py)
159. code_parser.py [RECONSTRUCTION FAILURE] (path: /syssec-nas0/pyc-research/compiled_evaluation_targets/usenix_test_set/python-3.7/9ddd47cc1e10f1a824daf3bc99774025e5cf2cb4eef4809994c12f6f4a22b0dd546a34758940620ed1edef9adb846a9e154768eebc08a9b4cb85421f638e9296/code_parser.py)
160. command_list.py [COMPILE ERROR] (path: /syssec-nas0/pyc-research/compiled_evaluation_targets/usenix_test_set/python-3.7/549520a03970d6cf3836f20954da1c79b7c35898994a88af446e12b1c9460efc766e3a5922aa7c9b6dd65a1304bfb6af8c8a7ddce3d9195ead1f2fe5ffd5ba9e/command_list.py)
161. commands.py [RECONSTRUCTION FAILURE] (path: /syssec-nas0/pyc-research/compiled_evaluation_targets/usenix_test_set/python-3.7/ea338d4d8107a953ea518c99a3bdacf9b9dcc7d945154ec8d7767e7d148a75303d863f422862c9eda6fca92b45675a7dbc7bf149b2792af59839f3bf8b6d5661/commands.py)
162. common.py [COMPILE ERROR] (path: /syssec-nas0/pyc-research/compiled_evaluation_targets/usenix_test_set/python-3.7/437d13e9263e380d41d8334ea865d824c2c44cc26f00251ed6c025fd5379ba54c5c96c4c422ff48e0099a3d29c3e99188a964d32dd6a18b9c9859b7605e7df9a/common.py)
163. common.py [COMPILE ERROR] (path: /syssec-nas0/pyc-research/compiled_evaluation_targets/usenix_test_set/python-3.7/d65ec7ca6118f98dd7686b48df84acb40b53dbcd120dbd9478829c6fd427c397d300445a886944dc934944463cccf7f2104ce51db1f00a01c0847121596cb6b8/common.py)
164. common.py [COMPILE ERROR] (path: /syssec-nas0/pyc-research/compiled_evaluation_targets/usenix_test_set/python-3.7/e3d1bf3a3521c8b7d91edb167fd79e8c33f33449dbdce5525aab2d9e75cfb8211cf766567219dac7496ee55e6442d326b3a282b2d3993e6247d522dc5b6e93ff/common.py)
165. common.py [RECONSTRUCTION FAILURE] (path: /syssec-nas0/pyc-research/compiled_evaluation_targets/usenix_test_set/python-3.7/4af550dc409e05f5d3bd35d13736446f031425b12b5cc1f268121723568f8396c18241c7b7d7c032fb9aa3f90f4072b34e0c8e5fecf7c738c4b03ac7ded54895/common.py)
166. companies.py [COMPILE ERROR] (path: /syssec-nas0/pyc-research/compiled_evaluation_targets/usenix_test_set/python-3.7/7fc64521cc61b91b99fae6159eec1a2b64ca47a1c11c4899ec50c28f5f7609cf6e472818c2954cdd9e2fe84139d0345c7046ca132387f7e78d7033e5bf284b13/companies.py)
167. compat.py [COMPILE ERROR] (path: /syssec-nas0/pyc-research/compiled_evaluation_targets/usenix_test_set/python-3.7/992dafc4657443904f98170017c7b0d1812101f24b9d03c83d26a97d8973099689c71144851be3bc8212d90af169df492699d1633517039b2e5da25706972c3b/compat.py)
168. compete.py [COMPILE ERROR] (path: /syssec-nas0/pyc-research/compiled_evaluation_targets/usenix_test_set/python-3.7/cf43e881ed19f24a2d1bca17bf70848176f01922ad8f94028493e54a3f3e89f44cf64100503e462fcde5c6fee62bdfc5b0ec4724f911e61c7225568eb1276229/compete.py)
169. compressibility.py [COMPILE ERROR] (path: /syssec-nas0/pyc-research/compiled_evaluation_targets/usenix_test_set/python-3.7/1c737401a803ef49bcb151cc871c0a66e0eb313d096c74f7eb1db852aa6e8165ff263c85aefd35ee9f1206da4b8a667ea282bb368403bfa6dbd406a638a80ded/compressibility.py)
170. compression.py [COMPILE ERROR] (path: /syssec-nas0/pyc-research/compiled_evaluation_targets/usenix_test_set/python-3.7/7686b2640036bbb57ed1bbd2889a1999175d9f9f4318bda0ea8c8cf1cf17739b1867e361d4c5d4ee1dc642b56b02cf5b87524fc89fd87c1edf587267e31bf7b3/compression.py)
171. configuration.py [COMPILE ERROR] (path: /syssec-nas0/pyc-research/compiled_evaluation_targets/usenix_test_set/python-3.7/0e25706b814e5b1ce031b8707b4e447c2a03583f87a106d1aadfa459fb0bbccd363eb7822e144fa7dbc0ade604ede90210dfd35ff88222ebd7c9cd7076d4b911/configuration.py)
172. constraints.py [COMPILE ERROR] (path: /syssec-nas0/pyc-research/compiled_evaluation_targets/usenix_test_set/python-3.7/b1c7ffb8fd10c94c5d7e6cb89b1348938464dd4bd331e67376f1ad5b0a79c20cdd8840c21bc65299ab19e1f2f127c3ba168bd06418b4385d11252c5167327767/constraints.py)
173. container.py [COMPILE ERROR] (path: /syssec-nas0/pyc-research/compiled_evaluation_targets/usenix_test_set/python-3.7/d4c39abfa37a3ef8425c4952feb2e760f0741eb89b735748c310357ae02514ed2d4fa00ec7d6b79737c6067bb70ab27811179f9a488ec1f1fa4f7cdaeda614f0/container.py)
174. controlled_gate_test.py [COMPILE ERROR] (path: /syssec-nas0/pyc-research/compiled_evaluation_targets/usenix_test_set/python-3.7/7a3d58d1867aaaaf90d9565868f3dfb37a796870fd7b22534fb728deee2186e1be81fb5f3d1741598e01729a8c0d043bd2cc02ea54e8200f7ea35e06032f0b27/controlled_gate_test.py)
175. conv3d_alter_op.py [COMPILE ERROR] (path: /syssec-nas0/pyc-research/compiled_evaluation_targets/usenix_test_set/python-3.7/5ab413e2b7c4d701c99f9d0d71dd031b5f50eee7ee2b0471648d5f66ee2ad81622f1c9baaa8414ccb96323ea6b1ab3db4dfa9db34e3d9b52e84a708cc29dfbf6/conv3d_alter_op.py)
176. convert.py [RECONSTRUCTION FAILURE] (path: /syssec-nas0/pyc-research/compiled_evaluation_targets/usenix_test_set/python-3.7/064fa8f906e7eabb950caa8938b94745adf86ffe16d9de515646e6831586712f9a089fdecc24220d4113c8eeb1cdc701d4d068be5505aec7aeab1733d5bd5d0b/convert.py)
177. convert_img.py [RECONSTRUCTION FAILURE] (path: /syssec-nas0/pyc-research/compiled_evaluation_targets/usenix_test_set/python-3.7/2280e63e0dfe45e8e9cc3714e8292b17ea39016f7913ac9b3f9bf677e59e97806e0e022973d69a79550130d4c3b939e68b0ab04eb4f3e2df6b76b1b7cc5343fa/convert_img.py)
178. core.py [COMPILE ERROR] (path: /syssec-nas0/pyc-research/compiled_evaluation_targets/usenix_test_set/python-3.7/498739b4fa07620a7eca2514d32888ff51283104725b8fc9f4cb40a3ec50c6c522116f4bcf846bf30a249ee033ae11931479587de71297e087f095f04e1c69b6/core.py)
179. core.py [COMPILE ERROR] (path: /syssec-nas0/pyc-research/compiled_evaluation_targets/usenix_test_set/python-3.7/777dd179f5295f188238e7381d6e5e6e1c8355ddb304cc8dd239718158a13693fb5b2b72d5676a4ab6f520546048da61f2349648238ecf423d922bf5bc9e8e13/core.py)
180. core.py [COMPILE ERROR] (path: /syssec-nas0/pyc-research/compiled_evaluation_targets/usenix_test_set/python-3.7/9381c42904d165615addb1d272423fc42b1b456839de7861bcdc1f7cad204fb6dd6994e7df9869352af410c5466242a21dda535ecfcac60c643a13b571bbcafc/core.py)
181. couple.py [COMPILE ERROR] (path: /syssec-nas0/pyc-research/compiled_evaluation_targets/usenix_test_set/python-3.7/1c2e7400dab3032fd2ea847f1736fa763617f0523e3f9f71231c972a4270bedde7633be4cb5b38eb66b0c515577c98b239a1d05ca0091910b9e11c7a8396bcdb/couple.py)
182. crawler.py [COMPILE ERROR] (path: /syssec-nas0/pyc-research/compiled_evaluation_targets/usenix_test_set/python-3.7/39a1f0b3a9a8987e93d69a64b70c147f5ad8857dd452dc168db51d5daa8d23153f24a325acf3e71ba37ee40e6d4d3e8ee6ebabac14e009023563599791828855/crawler.py)
183. current_thread_executor.py [RECONSTRUCTION FAILURE] (path: /syssec-nas0/pyc-research/compiled_evaluation_targets/usenix_test_set/python-3.7/24704292332390a07da4ee413618bbaf845893f062376a22d2e7ad5da8232ea53f0e60e3333e47377217cce41963e45a2e58e4b7e4b497a93abb876866262fba/current_thread_executor.py)
184. customTitlebarWindow.py [COMPILE ERROR] (path: /syssec-nas0/pyc-research/compiled_evaluation_targets/usenix_test_set/python-3.7/8dbd3751ddc566449969add7b80ec0953df0f534bab197ab5fdd762ce4a2382f54b0201ac7abc60632be746134f587e914250582ed4d5cb16c79eb4be9cd27a1/customTitlebarWindow.py)
185. custom_gradient.py [RECONSTRUCTION FAILURE] (path: /syssec-nas0/pyc-research/compiled_evaluation_targets/usenix_test_set/python-3.7/a0ba9db495a85c282358bc8c46f125001c618b8d1892c4005ef780557bfde33a764f5929a3b7b59a25707d7091ef696ec2ffb283fbd0e3d63ba003f89cc590e6/custom_gradient.py)
186. custom_policies_integration.py [COMPILE ERROR] (path: /syssec-nas0/pyc-research/compiled_evaluation_targets/usenix_test_set/python-3.7/38df3cca09350cde024ffb52047d770fd23928d75fba9c3fe6f4b1c40b197b47bbf3da00c1e17c0f6f4b9bc0d25d97a2430f95437bfd3ccdb341f61432ff5d0a/custom_policies_integration.py)
187. data.py [RECONSTRUCTION FAILURE] (path: /syssec-nas0/pyc-research/compiled_evaluation_targets/usenix_test_set/python-3.7/bbd9a57bf96727f0ea92157a0b00247a96ab090c2ebefe145b475698cdd41d0601a9ee4b6c254928098dd86f351fa5adf06d5c5bc06628739631fa63f8c1c67b/data.py)
188. data_structs_v2.py [COMPILE ERROR] (path: /syssec-nas0/pyc-research/compiled_evaluation_targets/usenix_test_set/python-3.7/b8d068d64694e14752fe66f5a858f1f1b8386364ae3c76a207d618af6ed751a8cc85c3c790649532583939403ffe670b05dced8d69573242bf08c32863a9a038/data_structs_v2.py)
189. datacls.py [COMPILE ERROR] (path: /syssec-nas0/pyc-research/compiled_evaluation_targets/usenix_test_set/python-3.7/fdd2adc8c14adc1838e5c283a4fa1e52272e96f1c1b1092022be292bd94b15172a93ad8437447847876ae76376d3618c5988bbd0f811e53741794885d9bfb04b/datacls.py)
190. dataset_providers.py [COMPILE ERROR] (path: /syssec-nas0/pyc-research/compiled_evaluation_targets/usenix_test_set/python-3.7/aa8febc11b0fa251f887f8ee0267c88818233aaf99d9e0bbfee42239eabb408c923d23963a5f3c60d8ad40c56fc3aa4f8db48652580d32e916fa5ff5a61f197c/dataset_providers.py)
191. dataset_providers.py [COMPILE ERROR] (path: /syssec-nas0/pyc-research/compiled_evaluation_targets/usenix_test_set/python-3.7/ed61dbdcee61d2c3301c90bfbfc95b7ea456212ae68d5f0ea0f9a1ce18bdb33f44f756eda0964e9bee747493992204f4b385001086c5f64f1e60c5075e81ac37/dataset_providers.py)
192. decoder_loader.py [RECONSTRUCTION FAILURE] (path: /syssec-nas0/pyc-research/compiled_evaluation_targets/usenix_test_set/python-3.7/86a1a6aac49f23b4c629032c95f61267c4f6a459561dee9b14068b26453696e4cb394c4df8229ba03407ddbc053e2b071ee766f9f9d7c554a3cb7f4a45626965/decoder_loader.py)
193. deephys.py [COMPILE ERROR] (path: /syssec-nas0/pyc-research/compiled_evaluation_targets/usenix_test_set/python-3.7/3a2b3ddc588c54d1f30a22b1bc3927300690106f0c1423b7f26c7e3e473b7c96a2b9b724d734aeb4c1762735d980893c0694885ebbd76d246f96c9595551c092/deephys.py)
194. delete.py [COMPILE ERROR] (path: /syssec-nas0/pyc-research/compiled_evaluation_targets/usenix_test_set/python-3.7/e179207821a8d66b135b002439562231bff33635adc6475fddbfc474b38d7ba3030990c79e5b66727ee17bc2a284b2917afbc94a9015fcfa542e0d94451a56fb/delete.py)
195. delivery_shipment.py [RECONSTRUCTION FAILURE] (path: /syssec-nas0/pyc-research/compiled_evaluation_targets/usenix_test_set/python-3.7/306cfcc590c2813b9d6af74a9fd73e3a42cc8d1fa28f8087e74bcbefcab98b73a921d2385c29416b3422b1fa0417c3bab27fe2bd46f55529910f56fd61d643c2/delivery_shipment.py)
196. directconnect_connection.py [RECONSTRUCTION FAILURE] (path: /syssec-nas0/pyc-research/compiled_evaluation_targets/usenix_test_set/python-3.7/ef248defc77bc827dd5b88efd1dcc22d93b0b22b3f491f1c35767c46bde2a4175a4f48be37f8c0845a2b1bafd89468f14f6f92a3336233e230fe155beb11a239/directconnect_connection.py)
197. distill_model.py [COMPILE ERROR] (path: /syssec-nas0/pyc-research/compiled_evaluation_targets/usenix_test_set/python-3.7/960985c7822e36b97af032a9d67e25a710ce8843a53450f95cbca67281b6ea1a15f882df028d455be1b23f590027d44c2fca3e2b5f97e45ddf95193340f6c1ec/distill_model.py)
198. distribute_utils.py [RECONSTRUCTION FAILURE] (path: /syssec-nas0/pyc-research/compiled_evaluation_targets/usenix_test_set/python-3.7/e18f25d363de6e40cc4bb03fada36ec13766bbafff03731ea3ec15a7ad7cb0b326952169fc291d0aed8dca9b7da5ec4b8e636e729a998c59087a5ffdc92fd92e/distribute_utils.py)
199. dnnl.py [COMPILE ERROR] (path: /syssec-nas0/pyc-research/compiled_evaluation_targets/usenix_test_set/python-3.7/827c7ef1b0b2d004e139a77a194e18ece1d8349bd973083e888e5deb4d4a50c7e6b04198f11924791e59349c79647b0ab06f9ab5164baea88825f69ff5458f61/dnnl.py)
200. docker_binary.py [COMPILE ERROR] (path: /syssec-nas0/pyc-research/compiled_evaluation_targets/usenix_test_set/python-3.7/ef82c3b3f06600d17d82c2b866f3cfada88c63e2aa4e6fbe4b33aec926c7ae95c4ba6d6cac04985723d51dabbf9129463474126ac214640530b6d1db1faa04f1/docker_binary.py)
201. docker_inspect.py [COMPILE ERROR] (path: /syssec-nas0/pyc-research/compiled_evaluation_targets/usenix_test_set/python-3.7/1a18912524bff96f1fef1f8318ffcc6b0f6ec286f7432cfd67794ea32626b932605808ee73089142bac936c96070faef55d993944e09c4c1036961a0b160d987/docker_inspect.py)
202. document.py [RECONSTRUCTION FAILURE] (path: /syssec-nas0/pyc-research/compiled_evaluation_targets/usenix_test_set/python-3.7/a876711910f48c1165df1ee3a426add5f343a09dc25bf1ce1ed70080fb5415f03a5f4ec353cccd073c454bf0b877aa79c02a4fe76f5d53511ce8d6cef596becf/document.py)
203. document_grounded_dialog_generate_pipeline.py [COMPILE ERROR] (path: /syssec-nas0/pyc-research/compiled_evaluation_targets/usenix_test_set/python-3.7/c49feaa1657448b9dc1ebd2c1c3db6e8b552034d9dab199a7c98708b968639189d35ec5be8f0fdf50b5f1060552ee61556b6cc695e46cdbcd4fd0f8e581ed7de/document_grounded_dialog_generate_pipeline.py)
204. dpf_data_tree_grpcapi.py [COMPILE ERROR] (path: /syssec-nas0/pyc-research/compiled_evaluation_targets/usenix_test_set/python-3.7/8d79eb8e5cd6fa2dc8627ac31d31f962b2e4a92c4da4d8964c6ee27fb70cbe95eb1e484bf48d47a7507cdc1a4496f707bc71e01f8437696f929c8af10def286e/dpf_data_tree_grpcapi.py)
205. drivers.py [RECONSTRUCTION FAILURE] (path: /syssec-nas0/pyc-research/compiled_evaluation_targets/usenix_test_set/python-3.7/3b72455f37dcfd3be6e8538fe295879cd14f03f8e861a70322ce818d8cc7abd69681fd369edd27d8339653d0abc48d362db77d04a2fa7cab70def455e2f33f0a/drivers.py)
206. dynamic_preferences_registry.py [COMPILE ERROR] (path: /syssec-nas0/pyc-research/compiled_evaluation_targets/usenix_test_set/python-3.7/01931ffda1616b3fb535aa07182575eb3026a083963a49dfb09a9c208bc5301153873cda474cb3617dca79bcad1001daf4e9df73359414a6a0628289c310aa06/dynamic_preferences_registry.py)
207. ebsd_detector.py [RECONSTRUCTION FAILURE] (path: /syssec-nas0/pyc-research/compiled_evaluation_targets/usenix_test_set/python-3.7/226b16c1c4bf164d55ce98b8aac610a0d816c8a8b841463b91069c2d3ea63ae3824c73dfded2a8bc86e0acdf848ed7f7cec78175a593bb04f1f8946d3bfffb02/ebsd_detector.py)
208. ecdf.py [COMPILE ERROR] (path: /syssec-nas0/pyc-research/compiled_evaluation_targets/usenix_test_set/python-3.7/78cbb1efa93ae2d758d6e8a88fe029601ebf9305712c5f055f4a61b74e6608bd49ef49e409ea4d202b51c92272c3ec719ccafee4db32b801ee10e0e337cb8155/ecdf.py)
209. emotion_encoder_config.py [COMPILE ERROR] (path: /syssec-nas0/pyc-research/compiled_evaluation_targets/usenix_test_set/python-3.7/8b7735d7526ac4a93738de17d2ced7827bfe1d7510d25327c2b9a39aebd04b9539a8b4694587a305d21043c4f44c6aab0d15880d98682e153a38ac8d5169a6aa/emotion_encoder_config.py)
210. engine.py [COMPILE ERROR] (path: /syssec-nas0/pyc-research/compiled_evaluation_targets/usenix_test_set/python-3.7/a0c91758708c30cf81d9b28dad13b4a0aca3768c7567cf8cd44b93efa66b90975839180b6a7454db858952022341bda3be3a20e8f263c8fcbc297f11522796cc/engine.py)
211. envvarname.py [COMPILE ERROR] (path: /syssec-nas0/pyc-research/compiled_evaluation_targets/usenix_test_set/python-3.7/5e358f84b9edc6d292e27ee6b4547092faac66280ed130b7218e30dd4c372930d300ad0ef265459d79f03f8abff83ccf40db9530a3baa3656b5f58f3bbc7c82b/envvarname.py)
212. errors.py [COMPILE ERROR] (path: /syssec-nas0/pyc-research/compiled_evaluation_targets/usenix_test_set/python-3.7/e59366a66ad5248351c45e154c2a5bd5dbf0ed42fa6f3a98a5a9deb7ba8475826b894c9d2ccce1b2d24331fc76c58b50f9e0b3b61e4e1229d57de04c3507f2bf/errors.py)
213. evaluate_sbd.py [RECONSTRUCTION FAILURE] (path: /syssec-nas0/pyc-research/compiled_evaluation_targets/usenix_test_set/python-3.7/b225d04a0dadd1af2bdb94806bec5ee3a506b938e054665eb5f14ab69e4623d4949aaafd9edd3e6d1134850c127f22c82ecf98b2ea0244c9ab9199dba6f3c13f/evaluate_sbd.py)
214. evaluation.py [COMPILE ERROR] (path: /syssec-nas0/pyc-research/compiled_evaluation_targets/usenix_test_set/python-3.7/641dc8638eb970540eba0da8e0e18d65a1b1801c717f4c29b210bdbff46e5062551f1481ec700dc2356d10d0bdf8d452a5068d817871322a1a8047eb9097c684/evaluation.py)
215. event.py [RECONSTRUCTION FAILURE] (path: /syssec-nas0/pyc-research/compiled_evaluation_targets/usenix_test_set/python-3.7/ced1f660843e9a96e06190df855da0fc4f94a50471e6f4143d6f259e8e85feebe662aae48d09b03cc77805e70e1be7d4a8918c3813c3eed07d192cd06ae8e0e2/event.py)
216. events.py [COMPILE ERROR] (path: /syssec-nas0/pyc-research/compiled_evaluation_targets/usenix_test_set/python-3.7/32da20fafeba008e3d5b73b0608d811343b6008645ebb446515adbf8f0b4f830629dd7bc310ce32934d02f08386481ba6fcbf0ed8a3ccdd267b52c643f03f3b6/events.py)
217. excel_tools.py [COMPILE ERROR] (path: /syssec-nas0/pyc-research/compiled_evaluation_targets/usenix_test_set/python-3.7/49b7f46684b0bb775a258de808255c7c23b5abda90229c13339d3ae3ef4b3291a511f19005a131e64d014e12d7e7e99d1d0adb83c1365eabaece3f5577a9d579/excel_tools.py)
218. exchange.py [RECONSTRUCTION FAILURE] (path: /syssec-nas0/pyc-research/compiled_evaluation_targets/usenix_test_set/python-3.7/207de057ef63c391f88906a4502e83f565a21c8dafd71e538fa72f0cccbdb40362dfccca80ac74cdda18d45bd623d81fcde1c089d864645d1fd28fb41c7f58bc/exchange.py)
219. exmo.py [RECONSTRUCTION FAILURE] (path: /syssec-nas0/pyc-research/compiled_evaluation_targets/usenix_test_set/python-3.7/0ea301c5bbc3a6bfc3336de606fe556ff9175b34ad400533836b919466c2d1c850ce2f1455f8819ac7d00c718cbf33784388a75c4b45c81d1140c42cffa19d05/exmo.py)
220. export.py [COMPILE ERROR] (path: /syssec-nas0/pyc-research/compiled_evaluation_targets/usenix_test_set/python-3.7/75955dcd80a0c4f6c77525d6046bd1737f43a7494bfad37916b0bc6c6101c21d2b84a5247d45aef1186c729f84d5faeb8885140dde72a8563e8c1db8c0111592/export.py)
221. fields.py [RECONSTRUCTION FAILURE] (path: /syssec-nas0/pyc-research/compiled_evaluation_targets/usenix_test_set/python-3.7/14c97271b5dbc978b88ad312bd4a41365477271fdb7ddb4480b7c20b86866bef420fae838a81043f446328178a7b47b7bd1f87d53f043898e22d68289c1422eb/fields.py)
222. filter.py [RECONSTRUCTION FAILURE] (path: /syssec-nas0/pyc-research/compiled_evaluation_targets/usenix_test_set/python-3.7/955d0b6af5cd61f9ef6bb2da223dec678f7b7c65602b0ca94efcd128f00ac05735d0e684cecf3b1199418c04e65cf55d3b70308d1e573ff06552d5596ef9cd78/filter.py)
223. fixedclassifier.py [RECONSTRUCTION FAILURE] (path: /syssec-nas0/pyc-research/compiled_evaluation_targets/usenix_test_set/python-3.7/4578bce1d9260192930a329402a1950c81cfc244f5bd9b96318637f307e9686ccd0abd1f39882030b3d8671aaf362e9aaf4c82dd000e5c1ca14eb57281508fe2/fixedclassifier.py)
224. format_spec.py [RECONSTRUCTION FAILURE] (path: /syssec-nas0/pyc-research/compiled_evaluation_targets/usenix_test_set/python-3.7/39e72cb2bddc8b72f468b773d48ed8a4fa6ae85648ad33027d2454e4d6281afc22e9fa8506f4249857c35e1226879efc34fd2579bbcfccb902ff9b479b95c7e0/format_spec.py)
225. frame_base.py [COMPILE ERROR] (path: /syssec-nas0/pyc-research/compiled_evaluation_targets/usenix_test_set/python-3.7/4e4a3b2514cf681ab9c9ffa1d40eb22cc45567762037bb723003c2faf563618d29eded256460443a09039ef1280e6e1513bf4ec03767a1d9ed07d515f4017deb/frame_base.py)
226. fsaf.py [COMPILE ERROR] (path: /syssec-nas0/pyc-research/compiled_evaluation_targets/usenix_test_set/python-3.7/c13f67860f49fa376e09bd41ac2b1d3f39e6dd6f684fe6d7d1f691f7ebd3d67c7487f0ccc3894320daaed6837549a7917bdb3d47197817e64fe0b2ca29e3ab9c/fsaf.py)
227. functions_api.py [COMPILE ERROR] (path: /syssec-nas0/pyc-research/compiled_evaluation_targets/usenix_test_set/python-3.7/53aa4eff32581f7672ce9fdc07057dd922bb0c3b6878df96f995b0a5c9b5a904c2d48be4eca56e36be667c0a1239cd13b8cdb24bd648c462ddc1c42829e66179/functions_api.py)
228. gdm.py [COMPILE ERROR] (path: /syssec-nas0/pyc-research/compiled_evaluation_targets/usenix_test_set/python-3.7/37290885c451e7f3ec76d92320832fa291f112f11571b60aca18a26c68d50ebdb30a21accffb303ccb83e439fe3abd86970b44f009d564422e6d863eff3c61df/gdm.py)
229. generic.py [COMPILE ERROR] (path: /syssec-nas0/pyc-research/compiled_evaluation_targets/usenix_test_set/python-3.7/a47f68856c8ae9322ac9d570382cb5df77f7cb1b18db470277f051284973c45134fb7224f43b2eb92d6fa74f9850a4aee17ad1240387292156a0a22c45e51169/generic.py)
230. generic.py [RECONSTRUCTION FAILURE] (path: /syssec-nas0/pyc-research/compiled_evaluation_targets/usenix_test_set/python-3.7/d00b530ef7cad6c74113936940c58b5d9b135f1cca5eea2b9a4855f7df6a17e0a236bb00ab5f179d6942cd679e7ffc44e73aee2c31d55396cf77d5208bb31bf0/generic.py)
231. genetic.py [COMPILE ERROR] (path: /syssec-nas0/pyc-research/compiled_evaluation_targets/usenix_test_set/python-3.7/8757a16ce5e82b2e4c8caaa13929a3a4614afb4c56b5a8fb5b94b64814155448a23194316ea07ea38cb16643eae1d5742d9057bcc8dc826fb11ffa936bf61f5a/genetic.py)
232. get_session.py [COMPILE ERROR] (path: /syssec-nas0/pyc-research/compiled_evaluation_targets/usenix_test_set/python-3.7/dfa4d707b4b3e7905ea2034030a327ca1e23d5c97b9fbe95a6d40473734a7587662144a2026157c00e169fb344fd2f9ac42b6fecdf8991e4951390a300e23548/get_session.py)
233. github.py [RECONSTRUCTION FAILURE] (path: /syssec-nas0/pyc-research/compiled_evaluation_targets/usenix_test_set/python-3.7/7bc6eda4c96166a483cf0731dd600640553e0e58a8f5d674a7be4ad4c9c1165b383902e76f78a295cb7cb9106f627e15d81fcf5026ab74f0f8c8e9e3b7171c1f/github.py)
234. gitlab_housekeeping.py [RECONSTRUCTION FAILURE] (path: /syssec-nas0/pyc-research/compiled_evaluation_targets/usenix_test_set/python-3.7/149239392ac4ec9a5d49aa4a78ccfbfd0664de6f44eb855c3d452e072fc364a431a93b2e069973d226421acd9f223601df091123270a90b78ebcf215911f076d/gitlab_housekeeping.py)
235. global_max_pooling3d.py [COMPILE ERROR] (path: /syssec-nas0/pyc-research/compiled_evaluation_targets/usenix_test_set/python-3.7/0b6d73cebc364ebf3e9969b6025f61f0aed60f919586b22f35f9b4ee5abec2af4dca9c837820314e6ab11c2910d7e4e4112f97c3e11de6986d39f59c41ba3269/global_max_pooling3d.py)
236. goto.py [COMPILE ERROR] (path: /syssec-nas0/pyc-research/compiled_evaluation_targets/usenix_test_set/python-3.7/299137a11ac93e0ff73d950a6863ab7a84635014708bfb4cd09e1d51ea77af768e9c021f5526be993f6f804d29558aeaace0b3a2039f28a0b72d6028038b06ac/goto.py)
237. gradients_util.py [COMPILE ERROR] (path: /syssec-nas0/pyc-research/compiled_evaluation_targets/usenix_test_set/python-3.7/5648588e01f4c2bcc04811c614dedb27d318d1b9b2671edb26271215ea5674ef96d05ba9f5fd4117d6ccd02b17ccc5772f3d7f9c2e34291fcebf426c86a2df64/gradients_util.py)
238. graphsim.py [RECONSTRUCTION FAILURE] (path: /syssec-nas0/pyc-research/compiled_evaluation_targets/usenix_test_set/python-3.7/9f9e9dac8ff0d9f300f98939d540f49e67d9ccacfb3c8f55d8a67a548292a9ebce65b23d1f53d207b0a03a4e18771e9205ffcbfec3ec22738600ceca014d0651/graphsim.py)
239. graphviz.py [RECONSTRUCTION FAILURE] (path: /syssec-nas0/pyc-research/compiled_evaluation_targets/usenix_test_set/python-3.7/093823bf553094c6186e1c0fd2a2ccefc9e2b250279d5daa508350a3c52227ffd51303775818595404f9939ac5a3b2a19d981183685ed30c7eb03d2f71af689d/graphviz.py)
240. grid_finder.py [COMPILE ERROR] (path: /syssec-nas0/pyc-research/compiled_evaluation_targets/usenix_test_set/python-3.7/9adb7cace7418536c7432515bcdeb74b3ce556902914e1788bdd9ed8bc0b79769ad0ed3f1534ff8cc5b3833e77494b02883fc782f9ae8f9d804fd3705156e6af/grid_finder.py)
241. hashing.py [RECONSTRUCTION FAILURE] (path: /syssec-nas0/pyc-research/compiled_evaluation_targets/usenix_test_set/python-3.7/dfc3be2ec5c99d4c3ed686bbaf9dfccb48cd23e5950825c01e70c6d2253bba1392c6900feef618e4e549a81f56950af98fe641bd44b3a40258be603c59f27da7/hashing.py)
242. helpers.py [COMPILE ERROR] (path: /syssec-nas0/pyc-research/compiled_evaluation_targets/usenix_test_set/python-3.7/859b95b405820565087cf1f1137d30c3038b81d4e975c9133c465abcabdb8654f83363e98404d7d32a9fde3be07f4e39d3ed2eb3edf7622686798a5cb74456af/helpers.py)
243. html_embed.py [RECONSTRUCTION FAILURE] (path: /syssec-nas0/pyc-research/compiled_evaluation_targets/usenix_test_set/python-3.7/9a17a5d98270642bcdc7df83843bfc3c70cf64dad5bc0dcd755956873723fa289e63e3c34f677b1b2e3ce0daf53ca7c7f257954e79d05d3a53f8824dc2607310/html_embed.py)
244. http_client.py [RECONSTRUCTION FAILURE] (path: /syssec-nas0/pyc-research/compiled_evaluation_targets/usenix_test_set/python-3.7/75195eed5eb8f6149d580556992a29f25c2bd1e4a55864ef1e0cae34bc38172af9147507e4cf0b8d3575c01023be5eddee347114fff17c04c6215d208f81925a/http_client.py)
245. human_reconstruction_pipeline.py [COMPILE ERROR] (path: /syssec-nas0/pyc-research/compiled_evaluation_targets/usenix_test_set/python-3.7/8ca044640b8d127229a5827c00d3b00e6acf24e9aabcd87edc5de50621fe54d1ef4a256443c07a4586f0f8f0865369b438b01ab795f12b75a90c46721bc40853/human_reconstruction_pipeline.py)
246. huobi.py [COMPILE ERROR] (path: /syssec-nas0/pyc-research/compiled_evaluation_targets/usenix_test_set/python-3.7/0ca8bdab8e703cade31c64c89582b74a7de7bf864064d917172058fd290934900f22cd8577549d8b7302a8607abf224211686eaab8c47f69f64b8ff86bfd1fc1/huobi.py)
247. iam.py [RECONSTRUCTION FAILURE] (path: /syssec-nas0/pyc-research/compiled_evaluation_targets/usenix_test_set/python-3.7/5c18998e99a71f26959cac3f1bda5d4480752707c3fd70f13cc1ae21c71f49a8e5557ea1786822f592947575b58aa5da131fda478d22cd25a22aedd1585958e8/iam.py)
248. identity.py [COMPILE ERROR] (path: /syssec-nas0/pyc-research/compiled_evaluation_targets/usenix_test_set/python-3.7/2f351d3f845f920ecba68a6c3e9347b964967c60aa38157cea3b08d758a5dd05cbc194715e88cb592cb2e93427ecebd318479eb3a908e5f1b414c167ee8ec9c0/identity.py)
249. ideogram.py [COMPILE ERROR] (path: /syssec-nas0/pyc-research/compiled_evaluation_targets/usenix_test_set/python-3.7/ae09bde57e12d6544557ca428d820b6e4ab8923d558c39cab6763f1e318b3cb796197031d9f83a1c4ed6acd3c61c30a80f4fec0d969b749e4f24178aee57bd8e/ideogram.py)
250. image_quality_assessment_man.py [COMPILE ERROR] (path: /syssec-nas0/pyc-research/compiled_evaluation_targets/usenix_test_set/python-3.7/ea447cd2be7c8678d42cd49bd78b58d44485bbaa7eee2564d95c3adc99360b86941a1cebfee8df2315af88f9341abc4d0b9c648f92593eb8a4f2aa7b10ebac28/image_quality_assessment_man.py)
251. info.py [RECONSTRUCTION FAILURE] (path: /syssec-nas0/pyc-research/compiled_evaluation_targets/usenix_test_set/python-3.7/5b408dd2684bc57b5412313fe43f4a77d3be22d1b961facbeec3287ced3113ab991389224bb4408b00e87bf94dac6ee66fee3c32344d1ed9ad382747e5272e07/info.py)
252. input.py [RECONSTRUCTION FAILURE] (path: /syssec-nas0/pyc-research/compiled_evaluation_targets/usenix_test_set/python-3.7/4f48007ebf96ca10c41a087e282a16fcabd4e668a1d85dd47fa5d4979b463788f22eabf524017ad5ef3167c52856dcf02a52d95cdbf76aac8c440b1176902749/input.py)
253. input_spec.py [COMPILE ERROR] (path: /syssec-nas0/pyc-research/compiled_evaluation_targets/usenix_test_set/python-3.7/e93c355e44b261b2059f878d60baf482836beb2057030b8fd0406b043e32a5e1de32dc747d2afe6bd90d2c33ddfa3c3d0eeca8558bfca81b8eb4d11a806f1c89/input_spec.py)
254. interaction_box.py [RECONSTRUCTION FAILURE] (path: /syssec-nas0/pyc-research/compiled_evaluation_targets/usenix_test_set/python-3.7/22c087a1a9befa281c494a84039e5927b46f70d5dd1f956ac33420a5fa6fec50d2ac57a397b22b97b1f4149a5d29d4567a40571787bb2bbee561676c83d632b6/interaction_box.py)
255. interpreter.py [COMPILE ERROR] (path: /syssec-nas0/pyc-research/compiled_evaluation_targets/usenix_test_set/python-3.7/4a37d1b843b25000a4482706ea3897806952a1883108ac90dcff386289b2f30cccb47711faf06eba92235e030ba7b47d9183bb0976fa69ed060d822713652547/interpreter.py)
256. interval.py [COMPILE ERROR] (path: /syssec-nas0/pyc-research/compiled_evaluation_targets/usenix_test_set/python-3.7/4e167e445620006fc577a863d4fb3637a862184baa280817cf606245d22ca62594ee61146695fbf1c9e769e6e50a1cac3b15998a823f4eba26b4f472a256072e/interval.py)
257. interval_lifecycle.py [COMPILE ERROR] (path: /syssec-nas0/pyc-research/compiled_evaluation_targets/usenix_test_set/python-3.7/39dd3de8a559eb00074c5244936139667e258d4aef62d1750bcedff287311bdfbf63adc3ecfe8c07c1ca525a6c6e978b167e9c2f457b7eb9b0dbc886f393e276/interval_lifecycle.py)
258. io_argoproj_events_v1alpha1_bitbucket_server_event_source.py [COMPILE ERROR] (path: /syssec-nas0/pyc-research/compiled_evaluation_targets/usenix_test_set/python-3.7/850830b8780fa4fb945ac7e1ea9233ed4b866cfe7cb08f591eb12abcbaa7b48561744bfe6206997a3d2e4a9493782be0534a3f1481c6b56f61863cb36ff15fed/io_argoproj_events_v1alpha1_bitbucket_server_event_source.py)
259. io_argoproj_events_v1alpha1_git_remote_config.py [COMPILE ERROR] (path: /syssec-nas0/pyc-research/compiled_evaluation_targets/usenix_test_set/python-3.7/d07de91bf713abada261d45d16f88900970f56e8af514d55afd86d07f00052f4676a85d8601faaf350c4224eeb8f40558ba0d736747cbf909b7ad5ef8b38131f/io_argoproj_events_v1alpha1_git_remote_config.py)
260. io_argoproj_workflow_v1alpha1_cluster_workflow_template_update_request.py [COMPILE ERROR] (path: /syssec-nas0/pyc-research/compiled_evaluation_targets/usenix_test_set/python-3.7/83722721ddf04c7db306fb56c19921255ccdcff1583bbe4610a6610a6e37ce9543bcf22efd0e5b7563e363db112583b277485732ac025708a6a6d0992e452a6f/io_argoproj_workflow_v1alpha1_cluster_workflow_template_update_request.py)
261. iterator.py [COMPILE ERROR] (path: /syssec-nas0/pyc-research/compiled_evaluation_targets/usenix_test_set/python-3.7/6b292028392c316b624bea1345952b3aaf3d04b7398d39c64e80e7caa8b113d8b6ab540cdf956e02b78dec1b3187817ce41f61d0c0b64d7d756c35b9cf2e1c98/iterator.py)
262. jacobian.py [RECONSTRUCTION FAILURE] (path: /syssec-nas0/pyc-research/compiled_evaluation_targets/usenix_test_set/python-3.7/773ce417008a2a9286c82fe6768fd3a3685fb3a5a453bdff22bcaf19dc9037beb73f0f910aa62b3e08641fce3217dc88479d4ec8801a794bba59ca4dc1c1354f/jacobian.py)
263. jinja2_debug.py [COMPILE ERROR] (path: /syssec-nas0/pyc-research/compiled_evaluation_targets/usenix_test_set/python-3.7/d7066f719f9e8e30e2a90c0e1c0f59cf4951c0226e477a3961949274899396491ba9f8d27ed4adbd19a609a0ce4bbe9bb437eed3be00f576cdf20ac7401fecfb/jinja2_debug.py)
264. job.py [COMPILE ERROR] (path: /syssec-nas0/pyc-research/compiled_evaluation_targets/usenix_test_set/python-3.7/725e2f198c267e8eed07dee213c2fa0c5ac6d0cfe2749a2d68ab19990cb2dabf02cbf0579e55d0952205354f66f8aaa5bd4e9682d0d168ab455fbc2947040cca/job.py)
265. job.py [RECONSTRUCTION FAILURE] (path: /syssec-nas0/pyc-research/compiled_evaluation_targets/usenix_test_set/python-3.7/82eec94ca7098abfb0066b6bd225c11bb4eecd18c9f4cffd42b6f1ccafaf452005d2e1b8a85faef6d2d1c27bff26798fdca9a09b0792f3fe38c40c5fb2ef86ff/job.py)
266. json_format.py [COMPILE ERROR] (path: /syssec-nas0/pyc-research/compiled_evaluation_targets/usenix_test_set/python-3.7/811d12c92e619883d55077105a66ffc49f9a135e6ab4eabb4abbe6ab3faa92ed27b295d5f78a9d2a68951e7d6210e9cedd17047c4cc41a59a0ec42bc6b009ad0/json_format.py)
267. keras.py [RECONSTRUCTION FAILURE] (path: /syssec-nas0/pyc-research/compiled_evaluation_targets/usenix_test_set/python-3.7/7c8c1e60f94e9fceebb95b119b33914485a7c0cdb829881cfaaff7d7faaeef9b0af8a986d9afcff85be4c4009d3bf5e655a9761102f467449205aab947b1affe/keras.py)
268. keyvalues.py [RECONSTRUCTION FAILURE] (path: /syssec-nas0/pyc-research/compiled_evaluation_targets/usenix_test_set/python-3.7/3e2f6916afc2d8c43cb25a6db0418a3aedb662e3566aa6f085912e3460565ee21c92a430d4f67599a4a1e2c7e4d452180eca112113ebe7048c9e642baccdbe77/keyvalues.py)
269. kodexa.py [RECONSTRUCTION FAILURE] (path: /syssec-nas0/pyc-research/compiled_evaluation_targets/usenix_test_set/python-3.7/6d9407bd5af45dee7d743ba1ba1908ac78e3d1ca3061b8d31ccea544c08d12e1b559e1c8d72bcf513a9f29699fad568b7be0c09fcbb3232e1fe2e076f73f04f5/kodexa.py)
270. kucoin.py [RECONSTRUCTION FAILURE] (path: /syssec-nas0/pyc-research/compiled_evaluation_targets/usenix_test_set/python-3.7/19c2c46d51211c467926842d792358ba35359c3f88f427661b5bd385926149c4d9fa355eb64a962fce6ba9e341bf22d3a09161aa4a16054453e12fdd131b72c9/kucoin.py)
271. layer_norm.py [RECONSTRUCTION FAILURE] (path: /syssec-nas0/pyc-research/compiled_evaluation_targets/usenix_test_set/python-3.7/030b332c8762fd486faf80ea78b5a587f0a01c9157b38524007063a3f864b4a1265d9c2e5e8b1e8a6101417e89acf9f0a38d8a2a1a609844e7741cc11e805208/layer_norm.py)
272. ldap.py [COMPILE ERROR] (path: /syssec-nas0/pyc-research/compiled_evaluation_targets/usenix_test_set/python-3.7/9ac5b88a7da5ebd28c050dc78b82f0281d29f6b168103f23cd780afcd53d9fbb5a8d9293e843b3b2b2b0e5c9df5ad35de1c6e098c10923d2dbadd5748bdfd3de/ldap.py)
273. legacy_cell_wrappers.py [COMPILE ERROR] (path: /syssec-nas0/pyc-research/compiled_evaluation_targets/usenix_test_set/python-3.7/6cbfb40913d204fb61d4cf9ee542c1572148e4de65785f95b4c2a89df6ecc823508bfc14b0ae2d8dea98135732d9442f551e4bd3e0c4ad6c466bf2d497e1d374/legacy_cell_wrappers.py)
274. legends.py [COMPILE ERROR] (path: /syssec-nas0/pyc-research/compiled_evaluation_targets/usenix_test_set/python-3.7/5697d9822922f59cc5b5be1183cbf1ef60f81bf47dc8394fcf48cf4e71ab4584e580c2ad7f8d88b84aabab1c0942efef110a711b8088b493a2da9696ae67e784/legends.py)
275. lex_attrs.py [RECONSTRUCTION FAILURE] (path: /syssec-nas0/pyc-research/compiled_evaluation_targets/usenix_test_set/python-3.7/459ec14e28556c899ee002ca5285bb361771e43295f962834ee033d6ff6e233a5d8022448be859cea9c7d033b30ac1967f95f46f33290d926e39139d6411549b/lex_attrs.py)
276. lib.py [RECONSTRUCTION FAILURE] (path: /syssec-nas0/pyc-research/compiled_evaluation_targets/usenix_test_set/python-3.7/fd5686194ffcff6fc29a1d74be29e6cf119d3594bf5befd8c60fb20fd5f566dae253d57a353e45755e55cd22fa0abd29392c03764a759b587b484dded3bbabcd/lib.py)
277. lib_backup.py [COMPILE ERROR] (path: /syssec-nas0/pyc-research/compiled_evaluation_targets/usenix_test_set/python-3.7/bf62423ec4b76f5e73585215a512942a1ea250f4e9b11d3bafe922689aeda1fd9a5f561332d8e95e176f1dea55a82104ec2f41af63680ce68436b66c51cb0067/lib_backup.py)
278. library.py [COMPILE ERROR] (path: /syssec-nas0/pyc-research/compiled_evaluation_targets/usenix_test_set/python-3.7/3260a9ff3452ac9746cfa0dde6d071167c76200ff8747b6bc253d635932fe035746b36060901764122b08f17d63f12fc590683535ab84ad721065262a13f91da/library.py)
279. line_reader.py [COMPILE ERROR] (path: /syssec-nas0/pyc-research/compiled_evaluation_targets/usenix_test_set/python-3.7/f59c2dd8f2c6c595c9ef64f18030da30b083ff49c41f167e7f5be91d2e4b4494cd0f4a8268448d26036fcb40983c8e389b9e33568947b8e636b3bcf00c22e4c0/line_reader.py)
280. list.py [RECONSTRUCTION FAILURE] (path: /syssec-nas0/pyc-research/compiled_evaluation_targets/usenix_test_set/python-3.7/07332fbe37f70394c276ed66e9e80496c0c5666734c3b61ff659e5db855d50775a2aa041405b6f11dc5f2d7062ddcc5e08073b31dbc5386314d8dbb8938a5ec9/list.py)
281. loading_prompt_interceptor.py [COMPILE ERROR] (path: /syssec-nas0/pyc-research/compiled_evaluation_targets/usenix_test_set/python-3.7/53f17fd3c2fada8d9a784059d7ce9ca4fd27ca86527bcbd169f269b75773e4a46c1898d7901c27581dc38666f09862519e3756327946f1ca784cfd755625cd5c/loading_prompt_interceptor.py)
282. local.py [RECONSTRUCTION FAILURE] (path: /syssec-nas0/pyc-research/compiled_evaluation_targets/usenix_test_set/python-3.7/16baf36c42b094aeb40740736d1017a73775fdb7c2d857bc09fad246fd8adcabf85df2780c42d08789fc40a34b3ce2f1c0ec32bcdc2e9340a25aad3fdb546623/local.py)
283. ls.py [COMPILE ERROR] (path: /syssec-nas0/pyc-research/compiled_evaluation_targets/usenix_test_set/python-3.7/0e105bf3fac776a22e7d274e91267859a138111dbf82d1646953b3e3386f8fa55e0d1ae48c6a97e802e38572b45d13493ec4e1376274aecce14fd2c2374a7dff/ls.py)
284. machine_translation.py [COMPILE ERROR] (path: /syssec-nas0/pyc-research/compiled_evaluation_targets/usenix_test_set/python-3.7/54134dcfdfe7114e6d0c46d1d074191e1949ea6ada7ae228bacf7b163237b15aa181d158a8ee1742a46364c53094b9e88d63884775a1b39ee32447f53de73ef6/machine_translation.py)
285. maf_calculate_volume.py [RECONSTRUCTION FAILURE] (path: /syssec-nas0/pyc-research/compiled_evaluation_targets/usenix_test_set/python-3.7/abb5ea2d2bb4a3ec4d85e4a94c19d9090a07feb107ba68798253ea9fd6ee7e1efde786a27cc05f2a668cae2228180320a48b70b98be5ab8ac41ba4f30c4ab2fd/maf_calculate_volume.py)
286. map.py [COMPILE ERROR] (path: /syssec-nas0/pyc-research/compiled_evaluation_targets/usenix_test_set/python-3.7/c2f79f6e8c193c37eb7c55452a7c69676427f602f2134cdc202d13cb9ebbd387c14b3240f08aae8c4292e1d52c3b0321057b93598825f93e2f12ea76b6e69171/map.py)
287. math_grad.py [RECONSTRUCTION FAILURE] (path: /syssec-nas0/pyc-research/compiled_evaluation_targets/usenix_test_set/python-3.7/dec7ab7f96054af2d9dff76b1a6983e065fb672aa3e916080c1231aa5b5e1d8188caf0b12ef0153d8ec8d6d358b6d89acaccaa7bfef25bee7f66b74ebf9829d9/math_grad.py)
288. mhjsb_deeplabv3plus.py [COMPILE ERROR] (path: /syssec-nas0/pyc-research/compiled_evaluation_targets/usenix_test_set/python-3.7/33e4e603d768d8be997ea42ea3f20ae8f373adfa88b1c68fbe3ace3f2a364e193bcde564b2ec7e8d29c6274f41e5d3734f3e3ca9c13874b4cbdc43c27593cfcf/mhjsb_deeplabv3plus.py)
289. migrate_annotations.py [COMPILE ERROR] (path: /syssec-nas0/pyc-research/compiled_evaluation_targets/usenix_test_set/python-3.7/6329d98f8ea8ace2e1f7eee38b4e1d78e49e9356d95df8b6c66684cbda70d1b6ad8f97da9e9af2e5da8fca93d930f1a09b3d54e2c02c70d522ae2b2ed985054b/migrate_annotations.py)
290. mixin_not_mapped.py [COMPILE ERROR] (path: /syssec-nas0/pyc-research/compiled_evaluation_targets/usenix_test_set/python-3.7/67d6af871cc8adef4fed1df8199f9c63acf4cbc1551d0833462586957c0ac5bd94a43bf5284fd4c8b3e09f8ec8f218b4ca904623416228a08f5380879e38fe11/mixin_not_mapped.py)
291. mixin_one.py [COMPILE ERROR] (path: /syssec-nas0/pyc-research/compiled_evaluation_targets/usenix_test_set/python-3.7/aade44b7756f1b5bd2c127e84d446392ce05c0f9aa73bb3d03e95c0ada8cd9c8a504f36eb7519b39920f7e67ea3ab674239eacb9f79328ed06b486a58ae35263/mixin_one.py)
292. mo_archive_pruner.py [COMPILE ERROR] (path: /syssec-nas0/pyc-research/compiled_evaluation_targets/usenix_test_set/python-3.7/f590bb25c0d4b4146045a632d9f5cba08a8c271e77dd8129088ad70d8ff15a8f17272249642232ac199677e6db080749af2a12d7202fc60c50aba698c1bc8cf5/mo_archive_pruner.py)
293. model.py [COMPILE ERROR] (path: /syssec-nas0/pyc-research/compiled_evaluation_targets/usenix_test_set/python-3.7/6e3c0c374dae1e54520c14049abe588a4a1285171a6dbdaa22adf90693190e2f4c38a1f2d53f46b311a958efcf77dd07472f95b0e7d2d0f5b893414000bc62bb/model.py)
294. model.py [COMPILE ERROR] (path: /syssec-nas0/pyc-research/compiled_evaluation_targets/usenix_test_set/python-3.7/be07560ae2ec416c39613887839a5b8f867e51e2dec626805306249eecf5a39350dbc848acc16e93884b9758eec5eb0f364b790d14ce4693292c8234df014bfe/model.py)
295. model_se.py [COMPILE ERROR] (path: /syssec-nas0/pyc-research/compiled_evaluation_targets/usenix_test_set/python-3.7/b36ab87e47d2f10756e9e35b2c346715408684b436a733ae73e78f6deb9015d24a342861697affa9ff0726bd324e05db3331ca9b348c4438423808a190af687a/model_se.py)
296. modeling.py [COMPILE ERROR] (path: /syssec-nas0/pyc-research/compiled_evaluation_targets/usenix_test_set/python-3.7/4c2505523465b8254355fb0fd35a74eb41277868ebc7eca90ace6fc034dcaaf61b2eea0802cceb1a43e5324ea2884a440b3877e138522023986d2e9efddcace2/modeling.py)
297. n0struct_references.py [RECONSTRUCTION FAILURE] (path: /syssec-nas0/pyc-research/compiled_evaluation_targets/usenix_test_set/python-3.7/63c38ed7aa2caac2d35fc08dac1bdc5973eca3f24204e01308285798228674b8ab98d24a07c25182060ca5de2da8aaed4bf503e0f8a67397effb5efc66019ef1/n0struct_references.py)
298. neighbors.py [COMPILE ERROR] (path: /syssec-nas0/pyc-research/compiled_evaluation_targets/usenix_test_set/python-3.7/a7617adb0c35daee0e21d526a5a88eefaae98270d8f3c215152ad2401f05612f8dfeecbe1ac842062dfc6e7402b4615104d1f1bff5d10220d380e196e6490e5c/neighbors.py)
299. neo4j_helper.py [COMPILE ERROR] (path: /syssec-nas0/pyc-research/compiled_evaluation_targets/usenix_test_set/python-3.7/66b1d338cc1b003363c6f3c85791ac64574b3817f625e0e630b2a2d78b70c9c00ac920ade08e19191145fa3ef6cf23663c2b88466ca6aa1b2fb407e81a1f998b/neo4j_helper.py)
300. nim.py [RECONSTRUCTION FAILURE] (path: /syssec-nas0/pyc-research/compiled_evaluation_targets/usenix_test_set/python-3.7/7f5faa1330c160665714c68f2704d7547c65aa657dcf4776c9c5ace31346c4bce6619aaceef44a69193cf855f60d1aebc4b8b3e94fc6edb57cfc9b292d5babfd/nim.py)
301. node.py [RECONSTRUCTION FAILURE] (path: /syssec-nas0/pyc-research/compiled_evaluation_targets/usenix_test_set/python-3.7/11c569da5982ec918257febdc6ee16e7df05dcdeb25405b450c43e3b5e17fd44979b82276347d0b68f0831d75417fa653c06df0ec46ef371bd8ea48536f69377/node.py)
302. nodes.py [COMPILE ERROR] (path: /syssec-nas0/pyc-research/compiled_evaluation_targets/usenix_test_set/python-3.7/7f4a31c3b1e7d99aafc690dce3455128437bff322f067656bdcd437f7390d9c4a8f141d29f09464117707f64f2980706db1cfbfb7cbbf5307cb2329fad8a94d0/nodes.py)
303. npyimpl.py [RECONSTRUCTION FAILURE] (path: /syssec-nas0/pyc-research/compiled_evaluation_targets/usenix_test_set/python-3.7/0e61931e559c88000ff1c2c21b5aac2732545677c3e33f001b3c032357b42aa4edaf1816f3bfc5a3985edc3b0ce9dd7af20e8efa9ccafa0c30e216c4f65f7999/npyimpl.py)
304. nsq_route.py [RECONSTRUCTION FAILURE] (path: /syssec-nas0/pyc-research/compiled_evaluation_targets/usenix_test_set/python-3.7/362850697094a7a1c561244e8ec5d455bb085ed58c39734bc7b513a090225c70665964d1157e2a8a952c3233e958f104d85614617542467f3817243da2254e8a/nsq_route.py)
305. numba_.py [RECONSTRUCTION FAILURE] (path: /syssec-nas0/pyc-research/compiled_evaluation_targets/usenix_test_set/python-3.7/155f5f35e9a1427c525c705bc9dfb50e075b378eba64d9738eaee390e35c7e68ab7cdbaa6d66f082af623e0ab1afa7c80d8a71ae82772d51602d9047ba876675/numba_.py)
306. oauth.py [COMPILE ERROR] (path: /syssec-nas0/pyc-research/compiled_evaluation_targets/usenix_test_set/python-3.7/29b958e615c642953c584eb7b2bcffd098fee1dad2913e02e5c0aa96af8a82f765bf849c6e1660ecf928f849bbdeb508e923e0e8765999db7091a5ad6afecad1/oauth.py)
307. ocr.py [COMPILE ERROR] (path: /syssec-nas0/pyc-research/compiled_evaluation_targets/usenix_test_set/python-3.7/f304e8c9963de2601e7a283b78bc4e43c4c70ab961a743dfd02323453e0894c1a019114174972eae9d6cbd839566644b3bd9e1d0a2c2822f7782156423cbdd9c/ocr.py)
308. old.py [RECONSTRUCTION FAILURE] (path: /syssec-nas0/pyc-research/compiled_evaluation_targets/usenix_test_set/python-3.7/f9d7e6438f4ac9ad73a7e47522c0bfa57c3f21651f526a2121787820b4ffdc0426bc1209862be1ef169719521404cb4b48fccf1185007e5f06d05b3aa1557107/old.py)
309. oracle.py [COMPILE ERROR] (path: /syssec-nas0/pyc-research/compiled_evaluation_targets/usenix_test_set/python-3.7/e758024823bb4d246123f94a922ac1c19be2b1ef157eb7757f0dc05b7f33720d57b0cabd1c49d42ec13ba0f3c9ae19ea865c7252ff5de4837982870e368c98d9/oracle.py)
310. output.py [COMPILE ERROR] (path: /syssec-nas0/pyc-research/compiled_evaluation_targets/usenix_test_set/python-3.7/0450e1a74f2b709a12c8cd7178e19cdda62d2008f95f5c58fe1b2479dab8bc4371897fa226c5d9a497d6ce3c0352a81548b3b8516a5aa219cd5a84b5bb89e45c/output.py)
311. outputs.py [COMPILE ERROR] (path: /syssec-nas0/pyc-research/compiled_evaluation_targets/usenix_test_set/python-3.7/189ec1e761ae6734ab212c1790ca4c695755e17784aadc64cadc01e1331e97a1e7915851b99eeee3cafddfd9d5eecae180fd29a5a144e3c8bc9c97e52cbe4dd9/outputs.py)
312. outputs.py [COMPILE ERROR] (path: /syssec-nas0/pyc-research/compiled_evaluation_targets/usenix_test_set/python-3.7/40f7900aa35aa276c37ded520fc30e6576a2f8eb54ffe2523e430066cb5a7fe412abe3ced92e5a0f9c7c389f16348cfc1ad0571812ed729b5a91e75281687bc8/outputs.py)
313. outputs.py [COMPILE ERROR] (path: /syssec-nas0/pyc-research/compiled_evaluation_targets/usenix_test_set/python-3.7/5375ae33956bbfe3fbf6d6ceb46a323c76753f5a80e717b93b494c356996e89783cab937abf91e680359d2cfb063dd18cff1a02fa0849701e86446ed71c333fc/outputs.py)
314. outputs.py [COMPILE ERROR] (path: /syssec-nas0/pyc-research/compiled_evaluation_targets/usenix_test_set/python-3.7/6595a488d748591749e81824bb432be0cf8902973683667ba9c576e03b9d6e6af37a85e08d8c42584c80b564a16323abea017ef0fc6f33d37585b4ace1e00b45/outputs.py)
315. outputs.py [COMPILE ERROR] (path: /syssec-nas0/pyc-research/compiled_evaluation_targets/usenix_test_set/python-3.7/751b8f36cb20e0f15aec65a6faad8ea8d22a41d66623c8448bff5767720f00b8bd3a5f63df0274396e129b0277f6419650839913aab48914a7cc43f8c21ce3d3/outputs.py)
316. outputs.py [COMPILE ERROR] (path: /syssec-nas0/pyc-research/compiled_evaluation_targets/usenix_test_set/python-3.7/9a5835ab6ef7f0045b5b93eb255f947efe654f9d6918f341cd29a2cd72ec74dde218f2b36f6122d0dd21aeb5d1826f1651e992fd9432578b07a66ad80abb6e60/outputs.py)
317. outputs.py [COMPILE ERROR] (path: /syssec-nas0/pyc-research/compiled_evaluation_targets/usenix_test_set/python-3.7/d732a600e7f345dadcc410870ccad13240d82fd97d8eb1a25bdf8b36cf23a1397c843ecbf9bc5ecf1c710b06f2405046c748b03d451e49b7f9c762ce84bc14a2/outputs.py)
318. outputs.py [COMPILE ERROR] (path: /syssec-nas0/pyc-research/compiled_evaluation_targets/usenix_test_set/python-3.7/deb3f1a33fbb31d409ce0306133106ca0e7febe6e0e093495700891b39ed95be426222fb736def4c2da554135cb635deaaa7e4fa64e1948d5a56b018934fb8b9/outputs.py)
319. paginate.py [COMPILE ERROR] (path: /syssec-nas0/pyc-research/compiled_evaluation_targets/usenix_test_set/python-3.7/a8bfd14a0f014ed9f9803e834eda55ad7b297d13385b20b0cde324edd30af2c920cbda33e8377e32534dce443852ca20913b4e4f2d7b4254f2b9d3ce8d5b15aa/paginate.py)
320. parallel.py [RECONSTRUCTION FAILURE] (path: /syssec-nas0/pyc-research/compiled_evaluation_targets/usenix_test_set/python-3.7/43701dbfcb92a162227c076498d73ad9fc929885a9ac5ef2a4c86bd56c570a1df444c5b8e0fccb137880aaecde15fe40becb3a52aad7c2aedbd5f19d91822b77/parallel.py)
321. party.py [COMPILE ERROR] (path: /syssec-nas0/pyc-research/compiled_evaluation_targets/usenix_test_set/python-3.7/377a8a7908bda0850aee334e8ce1c025a51229f38ee97ad8bc4e7c73bb8e1ec264b08e3895bcd3312a3d93168851bbd43a662765dfb4e3aa07c510fafc59413b/party.py)
322. pat_data.py [COMPILE ERROR] (path: /syssec-nas0/pyc-research/compiled_evaluation_targets/usenix_test_set/python-3.7/d10883fac0f0970044d919ccceb3d251d8fd64db53fb84e383317a4544c139e73935f807dbd1748d82e65754f7cf486814f215c8ffe1fa6c6a2fd6595f53a0ad/pat_data.py)
323. patch.py [RECONSTRUCTION FAILURE] (path: /syssec-nas0/pyc-research/compiled_evaluation_targets/usenix_test_set/python-3.7/dcb9ebd8bcff996941a4a9b4332eecdeaadeddb060689c27c0adac07e0e24972953b5fd377e7734790c03f7892a83fed6096738f390f88e0672f0366f82d280a/patch.py)
324. patch_linecache.py [COMPILE ERROR] (path: /syssec-nas0/pyc-research/compiled_evaluation_targets/usenix_test_set/python-3.7/265610aa5facc31ae298fc188e8d92b047d7cbd7d3f3f46a8ee189649a14a9fc383591cde0ca9aed846514ab5d204c17fdbe78d7fa4990e8b26007251125ca8f/patch_linecache.py)
325. phc.py [RECONSTRUCTION FAILURE] (path: /syssec-nas0/pyc-research/compiled_evaluation_targets/usenix_test_set/python-3.7/b025c59e8c656aa2528af998fb330c650edf561ab41b29587c2bc0bd2ece8cf9407fc9e4f208c52ecd8d4df765f43d3060b4d22e2594241dad87bbce638b89a7/phc.py)
326. pipeline.py [COMPILE ERROR] (path: /syssec-nas0/pyc-research/compiled_evaluation_targets/usenix_test_set/python-3.7/4ba20f5a25174f2f3e06a6ed825b9721b9ecb2404024c91059be083041c0ad65ff38a83652ccc7e8e2a0dc15a563752153e09dbce7567484571da90c4e545a12/pipeline.py)
327. pkfont.py [COMPILE ERROR] (path: /syssec-nas0/pyc-research/compiled_evaluation_targets/usenix_test_set/python-3.7/3bcbd7e8376302af4aa0a0d664b6938a04821283b48aae124137ead2efa508ed6da8b5b8675977696a51701220532aed5872e5ce708df2f6932bc188dba8c8c8/pkfont.py)
328. pkg_config_test.py [COMPILE ERROR] (path: /syssec-nas0/pyc-research/compiled_evaluation_targets/usenix_test_set/python-3.7/f01b028bbe9be13390d128290dbdf028f489692d473b670caef778c2c38f2473c0caf055063fb11563dbfae33f0a3d7ae24c033dbd09afdb0b5fe16cccc18862/pkg_config_test.py)
329. plots.py [RECONSTRUCTION FAILURE] (path: /syssec-nas0/pyc-research/compiled_evaluation_targets/usenix_test_set/python-3.7/98ec30943dab93397c1927d854d28e7c4f84a008a2fbe33451ea3a1454f96740338a2b969db90740d0367fe3acc5da5e111d11fe2b3be5efb84144ca6d7d1bce/plots.py)
330. plugins.py [COMPILE ERROR] (path: /syssec-nas0/pyc-research/compiled_evaluation_targets/usenix_test_set/python-3.7/f00bde1a7bdb97d892bc24d356463bca33989d6d2e05d5d2a1092618de0956ff322de7238204f2d3594b66678a88e7f94d80001c8c1596152a24a011f0678be6/plugins.py)
331. pms_service_line.py [RECONSTRUCTION FAILURE] (path: /syssec-nas0/pyc-research/compiled_evaluation_targets/usenix_test_set/python-3.7/4b2ae674d2f3282ffe94163a1c9a9dd9d46af9d1d48a9ecbec861faaabde2f022b9d9d726e35e6e0ac84e29ba6be2949c3cc0bef5dfbebbd56a4f16b568b3e0a/pms_service_line.py)
332. post.py [COMPILE ERROR] (path: /syssec-nas0/pyc-research/compiled_evaluation_targets/usenix_test_set/python-3.7/74c742354d7ea5760e0fbd980816c54c436e3569bd60ddad33017e854f6810603d832ff83c8da1dd6838b6875515d4d0314db67a1f70129c5663aeb7d666b71f/post.py)
333. post.py [COMPILE ERROR] (path: /syssec-nas0/pyc-research/compiled_evaluation_targets/usenix_test_set/python-3.7/c94ca0b9a995fd1f6a5eb435be4821f28d70082640fcc7169cb0697b26f2064ea15dfb1d978cf55d2ea1a0a1a2d2ea30e43d468cc19904610f8d878a0156435e/post.py)
334. powervr.py [COMPILE ERROR] (path: /syssec-nas0/pyc-research/compiled_evaluation_targets/usenix_test_set/python-3.7/b5089ffac8647197143b66dfdff4b4cc62ddc61b489e2bda9e3cf988c29b91c033b48b8dccd543210c088d4d15489c52567c9b99cef391a9ccf4cc67cf723c66/powervr.py)
335. ppyoloe_head.py [COMPILE ERROR] (path: /syssec-nas0/pyc-research/compiled_evaluation_targets/usenix_test_set/python-3.7/d0ac543de353110fe7cd8370f3faceb9c0554525e007cd29ec2930dcef020a9225cc0d08e7f501157e50a20bd88a9131df6b0a8e7e290d3224a3fc257290c84d/ppyoloe_head.py)
336. problem_specification.py [RECONSTRUCTION FAILURE] (path: /syssec-nas0/pyc-research/compiled_evaluation_targets/usenix_test_set/python-3.7/cbed7605b8f71582bd7b77dbb2a84c07be7253d9cc52240ad342aea291a631183d67a71796d3be9a7b1882f4b0e009c7a611d70b974183656921b269010ffbf7/problem_specification.py)
337. processors.py [RECONSTRUCTION FAILURE] (path: /syssec-nas0/pyc-research/compiled_evaluation_targets/usenix_test_set/python-3.7/887e1e40d9eec30b7a390ba280e1d05d2fe026c02ebc4bf76a151487292c6b4bfdacf49762b8a4aaf4641c416e39598bf3cd38bfbe02fa447b6d40a253a2922f/processors.py)
338. project.py [COMPILE ERROR] (path: /syssec-nas0/pyc-research/compiled_evaluation_targets/usenix_test_set/python-3.7/feada67d1617ccca55c3f9142bd99050ff546daf28d2d83cbf792c4affc5e144bc077a44f1ebd88232a4d627781765327eb87becfdb283ef681f55247cecf6eb/project.py)
339. proxmox.py [COMPILE ERROR] (path: /syssec-nas0/pyc-research/compiled_evaluation_targets/usenix_test_set/python-3.7/fbd60ddfcea2e16fa7e65bdaa94a05578d92ed4bd8e238ae9d40b2517f1f503a02af8b145c8e89eefe55759a65c3ba055964aeb2e27c2dd34d55efe32fa2e93a/proxmox.py)
340. psuset.py [COMPILE ERROR] (path: /syssec-nas0/pyc-research/compiled_evaluation_targets/usenix_test_set/python-3.7/bd4d2c830c13c1cbcf5694651b0c39b64000520dea33bc7ba5958b3f5f3031f90525b0304e114fc32699626451895e93e398239ba1aa745aabc0b1c27ab6c1cc/psuset.py)
341. py_utils.py [RECONSTRUCTION FAILURE] (path: /syssec-nas0/pyc-research/compiled_evaluation_targets/usenix_test_set/python-3.7/2f334f9e74a314724ff054ef7712134d52d91368f06477dc9472a7fef7b35c090a9015b5c5033f595b9b6dff49eaef83e06e0c3fc302f9a069e1ece0602d1802/py_utils.py)
342. pytest_check_libs.py [RECONSTRUCTION FAILURE] (path: /syssec-nas0/pyc-research/compiled_evaluation_targets/usenix_test_set/python-3.7/70f1f1cada66df9074888b4c8ea3d0cc38b3be946089ac4f32b14c26b093a0fcfc9fc7500dace6365de7c1d50308cfcad0d0cf59e7760acf1730d834ad95f15f/pytest_check_libs.py)
343. qtran.py [COMPILE ERROR] (path: /syssec-nas0/pyc-research/compiled_evaluation_targets/usenix_test_set/python-3.7/5888ca4345250675c5f59ac47dbeb5996319d40658eb8d0d054f1efa8bc4b0212a3e68b07d2e80353c2030d268879408afc7ccab3cff46a16a6f5567ce64c27b/qtran.py)
344. random_user_illust.py [COMPILE ERROR] (path: /syssec-nas0/pyc-research/compiled_evaluation_targets/usenix_test_set/python-3.7/be40ed6ded3e537f465008b898d2861eaeeb716d5554fac8a250380a75fbcf6bcf6d1170926cfa9c53e32ca45dc7b1bd3bc902e4390bc78d5aaa8a6715764bc6/random_user_illust.py)
345. ranking.py [COMPILE ERROR] (path: /syssec-nas0/pyc-research/compiled_evaluation_targets/usenix_test_set/python-3.7/451d9bc92234fa9b00d5ef3bef4f82e44865047478b79cef644e23fe9de11ce7d3f991767cd939eccffd5b23ef6bad4827d45c286152972e62f374d7f0af1f31/ranking.py)
346. readers.py [COMPILE ERROR] (path: /syssec-nas0/pyc-research/compiled_evaluation_targets/usenix_test_set/python-3.7/292458ebbf2798030d10328b0e2c372d0ad4b811da1321050465df27c87d2b45b2cdf07f3d51ffa5a15665f8752742d45759e13d8ee5502a5d1ad92767b1e8ce/readers.py)
347. readers.py [RECONSTRUCTION FAILURE] (path: /syssec-nas0/pyc-research/compiled_evaluation_targets/usenix_test_set/python-3.7/49aeb0fd86a64fdc66ab1b78333e9e9dc3d3213c739146cea2ce88d596bc77b20498088fa63938e88b30180dc7603980d5af895c8a53616646c3372e016f9d40/readers.py)
348. records.py [COMPILE ERROR] (path: /syssec-nas0/pyc-research/compiled_evaluation_targets/usenix_test_set/python-3.7/48c1a5f64387e3e532ca8b2f793048485763e065c5a3b527dc879b1db0c3984d2c36d62afd29eef8b563e6f2f37f04ff2062c7ec419c0fa2bbee380a80a59c5b/records.py)
349. reduction_mapping_config.py [COMPILE ERROR] (path: /syssec-nas0/pyc-research/compiled_evaluation_targets/usenix_test_set/python-3.7/e102309e201f49fcbe24a73986888613278657c44ac92c423718524888651603220183415127bf6cdfd03470f937375ad9b81658eb27f0f007f98d84dd34dd7c/reduction_mapping_config.py)
350. referring_video_object_segmentation_pipeline.py [COMPILE ERROR] (path: /syssec-nas0/pyc-research/compiled_evaluation_targets/usenix_test_set/python-3.7/d9ab91f72e2e6c5fdad4bf1351d0585d333c6a52799350dba5ae80289973e4dc0ccecbedea5f1c5b66d76ef2266855142c015069fb7e78136768e783621ccbef/referring_video_object_segmentation_pipeline.py)
351. renderer.py [COMPILE ERROR] (path: /syssec-nas0/pyc-research/compiled_evaluation_targets/usenix_test_set/python-3.7/acc2056c36386bc377bbe529fe7d7f1b671072e769c71a5568483a23f5c3c4a1c3fda87ad3401b8d583ffc911c293bb8ac1a4168576f9aabcb16fc679e88d131/renderer.py)
352. reportviews.py [COMPILE ERROR] (path: /syssec-nas0/pyc-research/compiled_evaluation_targets/usenix_test_set/python-3.7/3fef1f622861cb8390cd581356e9cca8e0a5d8ab35decd5fb723959f4ea56df00972676f337d255a809fbd0771fc421df0e70dad935e4d507cf488c0f4278509/reportviews.py)
353. responses.py [RECONSTRUCTION FAILURE] (path: /syssec-nas0/pyc-research/compiled_evaluation_targets/usenix_test_set/python-3.7/1e7cea9773b4afb1bae03101a3f177307fa7ad1e88e55e2325e391bb25153de056e2eeb75def61019b22bf90bb8a28b0f02740e82bb1b4e0f9facee8668530fd/responses.py)
354. revChatGPT.py [COMPILE ERROR] (path: /syssec-nas0/pyc-research/compiled_evaluation_targets/usenix_test_set/python-3.7/9d3258a76bf781ef26b07ddd418c8bb3e0760385d7ee3011538e2e0629eb7addeb9face0aa5ca1836ad95136633fe2a4e75b2ef38aa169c81d343235eb9e2406/revChatGPT.py)
355. rinex2snr.py [RECONSTRUCTION FAILURE] (path: /syssec-nas0/pyc-research/compiled_evaluation_targets/usenix_test_set/python-3.7/4b9b26eb954a2b10e042efd895454e7bfaacf4ea59cd4fd279d71f57fb74021775d7c81364a88339d3fbde02fa3dbbfb6d28a72ec0f1ac90716e486c3f60b1e5/rinex2snr.py)
356. roi_align_python.py [RECONSTRUCTION FAILURE] (path: /syssec-nas0/pyc-research/compiled_evaluation_targets/usenix_test_set/python-3.7/ba335f7f6571c7b40d59916d66b8f4a3a77b25cdc5a9f81206968aec28241f15cc1afffd923dfd59eb626a839c432b68882d97af13bc750a5d0b1c2693f23303/roi_align_python.py)
357. router.py [RECONSTRUCTION FAILURE] (path: /syssec-nas0/pyc-research/compiled_evaluation_targets/usenix_test_set/python-3.7/7527b5e875bec3f7b60ed1dd346cd05098bd6863f1d5d2a7115db6704f63cd582ff0962f56cbf524ac8430f36648caf940d25bb30084abf6512faf72323cc6a2/router.py)
358. row_subset.py [COMPILE ERROR] (path: /syssec-nas0/pyc-research/compiled_evaluation_targets/usenix_test_set/python-3.7/a90a4a965a220de2138b10c700282b4c5aa911cf5c6f1d6dc54bc9f2af17d5b87f64738feed19556adf1e9825f05b5f95b7c158bdf35a186bbd6f94bc37cb7ee/row_subset.py)
359. rtcrtpsender.py [RECONSTRUCTION FAILURE] (path: /syssec-nas0/pyc-research/compiled_evaluation_targets/usenix_test_set/python-3.7/2eb1b54d5e42d7d9eac34490c83da8586955b614b97c6aef2b2b63f86463cea2200d873c34c732b3cc536ee2d2a41a005cefb80781e34679fa263a1eb68f3a08/rtcrtpsender.py)
360. rubric_list.py [COMPILE ERROR] (path: /syssec-nas0/pyc-research/compiled_evaluation_targets/usenix_test_set/python-3.7/0e2c186d483bc03fe38a228a76d6ec80c855501f2e8e2de22d82db28415bac0e8a74596857983e2bf5e5e7c2a869e0bec25816aaa8eb913a8b77cb9d659a5563/rubric_list.py)
361. run_all.py [COMPILE ERROR] (path: /syssec-nas0/pyc-research/compiled_evaluation_targets/usenix_test_set/python-3.7/fe50871af19d072b8b60a0a39e59f48ebeb2856f5304814f7a00a510984985978f05746f1b71a5a9d6115ba91146ccf297fd2e849775cf74b188d9010d505237/run_all.py)
362. runner_registry.py [RECONSTRUCTION FAILURE] (path: /syssec-nas0/pyc-research/compiled_evaluation_targets/usenix_test_set/python-3.7/5dae61feacb4bd465ccf3cb63fae06e00541e1ea04ed259fd37ead2d8d2f95009e087813f99771b71c8e8e69908bbfd288ce52a3f4b05e556152307b904efc89/runner_registry.py)
363. rured_reader.py [COMPILE ERROR] (path: /syssec-nas0/pyc-research/compiled_evaluation_targets/usenix_test_set/python-3.7/9346012165e27bc2d2418e8faabb3e04364f10c7023360605a1633633e80a95e74696324d6cccb7a24985e37e02932bfe7c427d2386e464de62dde0433f353c3/rured_reader.py)
364. saas_connector.py [RECONSTRUCTION FAILURE] (path: /syssec-nas0/pyc-research/compiled_evaluation_targets/usenix_test_set/python-3.7/30e9c160f4ff6be06fe15032e174f5cb8311bf353e066a12c5f48da6af5448c3dad6dfd78034034c03c17cf49134c4bc3099fb4fce796e73b5a8da91e8b23671/saas_connector.py)
365. sale.py [RECONSTRUCTION FAILURE] (path: /syssec-nas0/pyc-research/compiled_evaluation_targets/usenix_test_set/python-3.7/6006f784540cb95908118418ed490ad5a9b9b530fdba50e26a5ca071d15a9d40635f9fff85633a9b1f6f07d72e553baee29132ac8371cee56162f66352f82617/sale.py)
366. sample.py [RECONSTRUCTION FAILURE] (path: /syssec-nas0/pyc-research/compiled_evaluation_targets/usenix_test_set/python-3.7/ed98ef14f342b0b2c67d232080e30ae4e5039ff7f4c1354c487d8748200733b1ca9c8cdeb0f9c7af4fdaf29abb703512a4497353868b9570fc6cbd4e84010f03/sample.py)
367. scheduler.py [COMPILE ERROR] (path: /syssec-nas0/pyc-research/compiled_evaluation_targets/usenix_test_set/python-3.7/2fb59e64bdaf5ba6e2fec199dd8d0320a0afa59fc5fcb573c96cef97c54ecf1336afe29f1a94b3f47125f2e5aea215778fe1e44e6a5e7fe3090de7308cf89b7b/scheduler.py)
368. schemas.py [COMPILE ERROR] (path: /syssec-nas0/pyc-research/compiled_evaluation_targets/usenix_test_set/python-3.7/045cf9f46846d988ada51284223e1d0d233ad2ac09fc1d0cf392d1dbc2e30d159a06b89b73f43150a5da1807588891e22fd3947981147e946a0e862617e06fea/schemas.py)
369. scmclient.py [RECONSTRUCTION FAILURE] (path: /syssec-nas0/pyc-research/compiled_evaluation_targets/usenix_test_set/python-3.7/118b2a1f7f9cbf2afe4b71c077de5cc28160e8aef73b7e367e3fc432b419ec3feccb462c896a91cf779ee4a4a4980c7302fa04144e69672fba9974cdfe33f096/scmclient.py)
370. scraper.py [COMPILE ERROR] (path: /syssec-nas0/pyc-research/compiled_evaluation_targets/usenix_test_set/python-3.7/0e2dcf37b136fdd356252318ab1801544f5681038dfe56408f910646f38425a6dfdfa6dfe65d396918c9075fde11e35de965a33e567366555ee34276f1c4396f/scraper.py)
371. sd_spider.py [RECONSTRUCTION FAILURE] (path: /syssec-nas0/pyc-research/compiled_evaluation_targets/usenix_test_set/python-3.7/0c57aaceb2640d6935311703dac29599259f32e7d2bdac185f6882bf72444497b7d1f84c92ebf8d821c7a75e223b51c1cd1103b58cb0f74fac359326caf10ed1/sd_spider.py)
372. search.py [COMPILE ERROR] (path: /syssec-nas0/pyc-research/compiled_evaluation_targets/usenix_test_set/python-3.7/b80be56c6bd751dec60ae8ffdd3f72f34edc2727dc43388824aa47ccee3ca25ea2d8af028cf2fe719529bf128e1766f3f9d8fd10ea445f68242ad24145cf6387/search.py)
373. segmentation_dataset.py [COMPILE ERROR] (path: /syssec-nas0/pyc-research/compiled_evaluation_targets/usenix_test_set/python-3.7/55ebd9e03e79dccd234aa6b75bc5275a1fbb75a76c2001a17b00527183deeefc79f5b5875a0f445f1b01c8713c8b7bc6990cb713ec81c8edfb21d1e6f295dc4c/segmentation_dataset.py)
374. segmentation_losses.py [RECONSTRUCTION FAILURE] (path: /syssec-nas0/pyc-research/compiled_evaluation_targets/usenix_test_set/python-3.7/99047ffe0d1b2e341a015aaf31758ffbe92dbc7a0cdee4547210f5f902a95d628dd2e36d96da642116ba8dda12a65f70ff21762b3443cc9cf48fd0bb33b68a91/segmentation_losses.py)
375. send_code.py [RECONSTRUCTION FAILURE] (path: /syssec-nas0/pyc-research/compiled_evaluation_targets/usenix_test_set/python-3.7/5837d66e8ff8f509876162d9743f125e0e09e063bf49363246ef486243f7d05dc2a7c14afd48a12e86014c68e4931870bafb9f3ff95424eb06c2faccd121e372/send_code.py)
376. sensor.py [RECONSTRUCTION FAILURE] (path: /syssec-nas0/pyc-research/compiled_evaluation_targets/usenix_test_set/python-3.7/ef7cb37644794c0f3b35a8c11e5d52822f7cc4f1bdef821e8f40ad1304232d686a7037ea8c3fc87e108da76eeab2ebf758fd5734f00f100f96ca4b64849afb3d/sensor.py)
377. serv_config.py [RECONSTRUCTION FAILURE] (path: /syssec-nas0/pyc-research/compiled_evaluation_targets/usenix_test_set/python-3.7/9b346e46eede13c6fb9228bfda674304349d944400eeec9ad277d33aee94f068087851f5f67076d4825f9378479257da55de7944a375060530f1728af4661094/serv_config.py)
378. server.py [RECONSTRUCTION FAILURE] (path: /syssec-nas0/pyc-research/compiled_evaluation_targets/usenix_test_set/python-3.7/51cfe9f9267e456838ff14167187b394c00275a78f7012f390cda50cf432020cc37c5ff22a1beab9b0f4758b52938c50f0d30e3a74698e6a7e76835a0abd9f4e/server.py)
379. service_models.py [RECONSTRUCTION FAILURE] (path: /syssec-nas0/pyc-research/compiled_evaluation_targets/usenix_test_set/python-3.7/f8ff8a3d1f1873b2d92156da3def0e46fa27a508e91625c64c6d846567b9616e470a8dbe727c60c6d36e133179ee0801f972cc1e3f8a94b0c21cbefd08b2214e/service_models.py)
380. shanten.py [RECONSTRUCTION FAILURE] (path: /syssec-nas0/pyc-research/compiled_evaluation_targets/usenix_test_set/python-3.7/7634ebb955624024675bb1cbf9f637c09127ca01f2ffcab4d72c0cc9eb9d2d8d0383387f352c8f6242333d52dc133f24bae63742c70a2f457eb707d22467b62f/shanten.py)
381. simapro.py [COMPILE ERROR] (path: /syssec-nas0/pyc-research/compiled_evaluation_targets/usenix_test_set/python-3.7/b67c8550ec4f94b58c5047c6342d3cd463c8e77df71bdc203b912acbfb9ffa15231d6e29fbc11a576ad8f516285bb1f841bc31c61104029c89926523e258e8e0/simapro.py)
382. simplicial.py [COMPILE ERROR] (path: /syssec-nas0/pyc-research/compiled_evaluation_targets/usenix_test_set/python-3.7/aa042c04276ce17b69600d7271dd2aa7ef0afe66db9697e0a92207fb468e854f3f36be50f2d949148709e885c104b40c122002965c35c9bb14dd4c9da5951527/simplicial.py)
383. sink.py [COMPILE ERROR] (path: /syssec-nas0/pyc-research/compiled_evaluation_targets/usenix_test_set/python-3.7/474b05de82308cd65547061410258a577c586de559434e6f20d4de079d4322f236ef8973ca71ced41bbc0f02480b2d7c24e57fef67c3eaf6ecd2c211bebc65ad/sink.py)
384. smile.py [COMPILE ERROR] (path: /syssec-nas0/pyc-research/compiled_evaluation_targets/usenix_test_set/python-3.7/0c9652850cb4fe233734237d6ba0abf74354ab53971d2da9aedc999b4db32564dc38d07e9e034e258a3b2ec577d82660bee76c02a3bd047f179f1534f6c6b896/smile.py)
385. smtp.py [RECONSTRUCTION FAILURE] (path: /syssec-nas0/pyc-research/compiled_evaluation_targets/usenix_test_set/python-3.7/3f53a43b3336070fa1da8bd906f17f9e8a083606f6c1f3189d36d2a6fb52ae066b6fa3e0c6795440cacef1640079457da21ff6e3fe6b5b95dc36e844f38c45b6/smtp.py)
386. source_util.py [COMPILE ERROR] (path: /syssec-nas0/pyc-research/compiled_evaluation_targets/usenix_test_set/python-3.7/f80a6267c6a80d36c4fe4057d0a453fc65f9f47bc5c517c667a9983f4baf27c034e7fc0060d4e5bb394f24ef1e173857c381c42b7ece33ecc4143c2902485525/source_util.py)
387. specifiers.py [COMPILE ERROR] (path: /syssec-nas0/pyc-research/compiled_evaluation_targets/usenix_test_set/python-3.7/aca7458f816c47b2739570c403518e8c88385a80db7d577d185c8002d973072b6517b5a0ae15c220228b36bd0f881432f2aca23ddaa0f96f665d292ad739d320/specifiers.py)
388. sponsored_guest_portal.py [COMPILE ERROR] (path: /syssec-nas0/pyc-research/compiled_evaluation_targets/usenix_test_set/python-3.7/76a6df95eac1f565aae286c07cbcd55e044f2dba63c2729952df41846828035df6f1c2bae46efa5101e9e31a3a8e139b165fae16124a4fb5d87f7c6e232fea5f/sponsored_guest_portal.py)
389. sqlcompiler.py [RECONSTRUCTION FAILURE] (path: /syssec-nas0/pyc-research/compiled_evaluation_targets/usenix_test_set/python-3.7/9ffe2f2b45b189cc45bafd6720073a3721cb54cdbef7821df4a7199444507922a9547653e7d564b07a5cda2d9aa1a9ed5d05e62ed1c2a910e6f34f54eed7a5a3/sqlcompiler.py)
390. starfourhundredgiglan.py [RECONSTRUCTION FAILURE] (path: /syssec-nas0/pyc-research/compiled_evaluation_targets/usenix_test_set/python-3.7/67770d418bdab573ac5b426fa0c94cec24c94de38fdc016aba7e294f164995dd4d27a96c5ceef2d48e5c2006de1b10001cf338acbb7eaf6093b3677075d0915d/starfourhundredgiglan.py)
391. static_env.py [RECONSTRUCTION FAILURE] (path: /syssec-nas0/pyc-research/compiled_evaluation_targets/usenix_test_set/python-3.7/0fa7da710e6e84fca83d9e4933d0c4b1e3b2409e7c8fede389ba25747fcb5df103840fdd0ac3a3cca65936436015885de8703fb92e98b2049b7c474ce8bb2caa/static_env.py)
392. stock_board_concept_ths.py [RECONSTRUCTION FAILURE] (path: /syssec-nas0/pyc-research/compiled_evaluation_targets/usenix_test_set/python-3.7/fc578412b66c73649a21bbe05b4664a0441f81aa2b2d4ada3171145938f0fad7db743fa0715ab7ecf77e29e7aa72adc305ec28ae56954f7c15ca073503141285/stock_board_concept_ths.py)
393. stock_lhb_sina.py [COMPILE ERROR] (path: /syssec-nas0/pyc-research/compiled_evaluation_targets/usenix_test_set/python-3.7/d9d783cb5f07b3fbcfe0dcf27599d2d39d261fd4e93cf0d53dc279adb93e51079f2e624ec3bed03039fd1401efcfc458c17bc2a7594699e9e432eb221aa2cac5/stock_lhb_sina.py)
394. story.py [RECONSTRUCTION FAILURE] (path: /syssec-nas0/pyc-research/compiled_evaluation_targets/usenix_test_set/python-3.7/4cf31b0d60ea94e9f6b3e6446e924a16b560a2e85dce670aba2ed892971ba705f1f382e5ae1fe25fbb212f9826087f524a358040837c5817e553d73be768d2ec/story.py)
395. structure_learning.py [RECONSTRUCTION FAILURE] (path: /syssec-nas0/pyc-research/compiled_evaluation_targets/usenix_test_set/python-3.7/326148351debf175d51ff8b42f45f522cca8c1076495d38b1c1266b25b575a86f8837a843a0ddcb10a77873bac4bb383e6707d0c722e1531a89fc4332baef261/structure_learning.py)
396. subscribers.py [COMPILE ERROR] (path: /syssec-nas0/pyc-research/compiled_evaluation_targets/usenix_test_set/python-3.7/cc8daa058f296c5df67178ab3979081c59fd40fac1fca2863c92fabc1d3cf6e20d4587e3b17ddcd8d4553fd71043a2d1be1a10a3abadde88cccb36fe285b2ec5/subscribers.py)
397. swagger_interface_doc_handler.py [COMPILE ERROR] (path: /syssec-nas0/pyc-research/compiled_evaluation_targets/usenix_test_set/python-3.7/eac89d710e18e7fc5a1a416b6a73f61cb5457cca9436d0fd5f7a00a334a852546c520c604488522492c428f2f429b92669d9d1400a9b12ffc2812ee3e441ba57/swagger_interface_doc_handler.py)
398. switch.py [COMPILE ERROR] (path: /syssec-nas0/pyc-research/compiled_evaluation_targets/usenix_test_set/python-3.7/876089754fc87ce93e368e519839142277548fe030f8f755f23197f19e54169cadf2ec51538fbd7ad74f9e7056aaeeef7c8e1a0101115bdfdb52db2377d7228b/switch.py)
399. sync.py [RECONSTRUCTION FAILURE] (path: /syssec-nas0/pyc-research/compiled_evaluation_targets/usenix_test_set/python-3.7/60d58ae3f0c57d108bd71c4368ee4f64a36a02195f6685c27c12b20aa9724f03bb7a91ab7078718e218340a5173f31c7d6e67909fd7be3d9c5446ae51e8d08d0/sync.py)
400. system_info.py [COMPILE ERROR] (path: /syssec-nas0/pyc-research/compiled_evaluation_targets/usenix_test_set/python-3.7/5af58f5fa20c6c6dcb4dd4873aec454acf5b5bb0ccd76dd416aed46c078e99ee95dab91bd3512b35b558bea078d1458b618d7a32e8eac712f53e9c9e86890d3e/system_info.py)
401. sysutils.py [COMPILE ERROR] (path: /syssec-nas0/pyc-research/compiled_evaluation_targets/usenix_test_set/python-3.7/5e162ea864128d8222bb7d5f9e56723c7f81d4818d1a954272419f58b77f533264a968144bf2c4f7d37a429feccacf3e5c72f426d899f7e9fc73612f7757f302/sysutils.py)
402. tafunc.py [COMPILE ERROR] (path: /syssec-nas0/pyc-research/compiled_evaluation_targets/usenix_test_set/python-3.7/21350773ebba0981f8f407721439f0ead15e2512d05b64025f66966d208883328222062cc29655f88b394b1b3de14e9ca18e5c36679a5502bc7b1eb937238ef0/tafunc.py)
403. target_types_rules.py [COMPILE ERROR] (path: /syssec-nas0/pyc-research/compiled_evaluation_targets/usenix_test_set/python-3.7/bfa738fb2a2ed859f5bbe1d27af682bf1aa576ddbe40bcd56166369879429edccfd1cf53191211503a1128d819a8b9bff110c34045e1e60a07ba36ffd9d07654/target_types_rules.py)
404. tensor.py [COMPILE ERROR] (path: /syssec-nas0/pyc-research/compiled_evaluation_targets/usenix_test_set/python-3.7/02037515ce74552ef40d8829c495567c17e61838e8747a892a76a4b3c119f36de7e6f95221a70538704e67bdb380553a26f9a3ae530045abaeca5d21328bb5b9/tensor.py)
405. tensor_shape.py [COMPILE ERROR] (path: /syssec-nas0/pyc-research/compiled_evaluation_targets/usenix_test_set/python-3.7/ac631b69887a05f8b4027cefff3741658ad319d8e74985e18097700545662c03f2cee25feb0cce64683ad9043ab1134aaead421ff219bb48bd5caef7030e46ed/tensor_shape.py)
406. terraform_users.py [RECONSTRUCTION FAILURE] (path: /syssec-nas0/pyc-research/compiled_evaluation_targets/usenix_test_set/python-3.7/2334ea37f5f70750adb226d7aec5a19fa9be20845d6333fd15b6b12137b0cde2dabd98d061f93fa32a60fe87bd4030a2530540363ceeaf76d6f675fa5b4a69ca/terraform_users.py)
407. test_account_asset_management.py [COMPILE ERROR] (path: /syssec-nas0/pyc-research/compiled_evaluation_targets/usenix_test_set/python-3.7/7503ed2fd55842b2032e13923cf2a7ff181dc8a3761799164d579dc6ff8ce2f481a8494a98208e73dd4ca2de1e34f1fcbf1fa62da7d766b1ec8be92a64409ba7/test_account_asset_management.py)
408. test_app.py [COMPILE ERROR] (path: /syssec-nas0/pyc-research/compiled_evaluation_targets/usenix_test_set/python-3.7/a1d4077d542628b80d6e72199245104d83f0955819c870134a0e9028ecb0d89a24fa881c2f4a8f026e550683069b20b28a9169ae30e92ec60a67620595f1a848/test_app.py)
409. test_cli_mgmt_network_available.py [COMPILE ERROR] (path: /syssec-nas0/pyc-research/compiled_evaluation_targets/usenix_test_set/python-3.7/cc2646ba9dbc1994b8fce315e7880070e3f5f88a884f716c28806d9e495b2b9b217697b51cecfa200c86fc37c6789db2ae6cd61a0a9a8a002e6d710ed6a76279/test_cli_mgmt_network_available.py)
410. test_cuts.py [RECONSTRUCTION FAILURE] (path: /syssec-nas0/pyc-research/compiled_evaluation_targets/usenix_test_set/python-3.7/21936af9ec59ec9870d0a0dded08f69ec6dec937661f3156c6611e9ef61510cf94b51b9dce102c2d5f32a8ec44eaef0b701159fdcc6bd3e9e94fa883e64d0c9e/test_cuts.py)
411. test_db_returning.py [COMPILE ERROR] (path: /syssec-nas0/pyc-research/compiled_evaluation_targets/usenix_test_set/python-3.7/eed259ce17e34f97cc19c61195067c7e2c5d9cdea01adf74dfda92fc81f8a4bbbe0888e0151df32fd0f14d32d719786b6ff49c124c1917f2baa5f0392a6b3007/test_db_returning.py)
412. test_dupefilter.py [COMPILE ERROR] (path: /syssec-nas0/pyc-research/compiled_evaluation_targets/usenix_test_set/python-3.7/218bce6b4c985e48d32564931169490d02c3c8ddc49131e971b3b3be962735824be7d78905b3d208d3873346635ed263db4eb0a3776a142ba73bef06d2cdcf22/test_dupefilter.py)
413. test_export_fits.py [COMPILE ERROR] (path: /syssec-nas0/pyc-research/compiled_evaluation_targets/usenix_test_set/python-3.7/8fabca408a89ef4a716d7f42fde67c3b56dbbe735424fa7e1ef59ba4dc20e8500026e92fde6f352940a8c7d7618ea121e5297f2866d70c3249dee82245b23c60/test_export_fits.py)
414. test_jsonnet.py [COMPILE ERROR] (path: /syssec-nas0/pyc-research/compiled_evaluation_targets/usenix_test_set/python-3.7/3641f62a2685f9631d4ae92d81b2a632a2ad2610fe89d77db790f86ae822c2552429d83bc90581a6cd00e42215c823bd24337a601caa3059a16e0e5ae72303e0/test_jsonnet.py)
415. test_marine_parallel_collector.py [COMPILE ERROR] (path: /syssec-nas0/pyc-research/compiled_evaluation_targets/usenix_test_set/python-3.7/d42e83c60829692cf98fa435bed524fd30b122973bbf19b997c5abffd56184c16e214e0346b801bc3681181d8ac398ac24a923697951faf2844b9b0ab66be665/test_marine_parallel_collector.py)
416. test_misc.py [COMPILE ERROR] (path: /syssec-nas0/pyc-research/compiled_evaluation_targets/usenix_test_set/python-3.7/4fd8062ca760560c7deb84d4b478cd74449cd92c29ec71531d6cb8d307245adfac929d0f2ac463dbe0cb7f4c7039e3ca84ab5637dc31d8e7648634f642350913/test_misc.py)
417. test_multi_db.py [COMPILE ERROR] (path: /syssec-nas0/pyc-research/compiled_evaluation_targets/usenix_test_set/python-3.7/2a0cc1be06ffe9e9960ed9cacf2096934cf0a9582f1f78bf86fab9fb22dda4a14f4c051819ac20a0f8aa9ba462407b3071b8d1faef63b2167f3edd859b31b1bb/test_multi_db.py)
418. test_network_negative.py [COMPILE ERROR] (path: /syssec-nas0/pyc-research/compiled_evaluation_targets/usenix_test_set/python-3.7/71bf1ddd988e59ac2b9c5702723059b0aa7339d6106bf49b1d31db097009147d64e2fcffde2b03edc149f65cb33888392b789f941ec50da4b60acf4992d54325/test_network_negative.py)
419. test_ordinary_fields.py [COMPILE ERROR] (path: /syssec-nas0/pyc-research/compiled_evaluation_targets/usenix_test_set/python-3.7/e6078fea56074fea7ccf3d9314090f16a6264d6f7f18386e450a2def5e6fa373d426624167a294b47e98e1f043ea26521780064bbc378b24edf4f26c006beeb9/test_ordinary_fields.py)
420. test_paragraph_classification.py [COMPILE ERROR] (path: /syssec-nas0/pyc-research/compiled_evaluation_targets/usenix_test_set/python-3.7/caebd3c9d94768b108c0caa360745d3a0816ed8958586bd7b781c294fe632355b8d099b4810d206c700c188d2ee8eed0efe284151e14ce37799565353bb51517/test_paragraph_classification.py)
421. test_performance.py [COMPILE ERROR] (path: /syssec-nas0/pyc-research/compiled_evaluation_targets/usenix_test_set/python-3.7/22437238d442b35b73a1df7a8d737b87a59f99e0ec38a655608c0d77ec17d2f32f4bd536004cc4838bb4f22a9e2cb2151447bfce48d2714d7e64905894b2782d/test_performance.py)
422. test_stata.py [COMPILE ERROR] (path: /syssec-nas0/pyc-research/compiled_evaluation_targets/usenix_test_set/python-3.7/45a5c3713460f9c2a0c0547ae2ba035aca9f6c28111877390a9f9f7549fd9fc920021d731cc861533bc0d886a8584714908b7fb62b0740411ccd3654d05c375d/test_stata.py)
423. test_test.py [COMPILE ERROR] (path: /syssec-nas0/pyc-research/compiled_evaluation_targets/usenix_test_set/python-3.7/2bb515b63ee7ca18c42f964a186e7f465d57ec01d5907f6224ec858c6e11b4768422ef95795dcd38112479addc6d0378096086adca9998bdefc43e348c3b49c3/test_test.py)
424. test_unsatisfied.py [COMPILE ERROR] (path: /syssec-nas0/pyc-research/compiled_evaluation_targets/usenix_test_set/python-3.7/129e09ce052ce8ceb45f1a11e6b821c207878b69b69980a745c2bb2099d28982a796fdf1b4c114d217eb95d12ac24486fc4f621e4e548a81f2e9d7c6d2c14995/test_unsatisfied.py)
425. test_using_msbuild.py [COMPILE ERROR] (path: /syssec-nas0/pyc-research/compiled_evaluation_targets/usenix_test_set/python-3.7/bb72500984e622eae852d9597d043476d07652f4070f81975d3420ed25ccff41b310cff35c56eb223dfd64df43d1209d9879c714d22d8825e08bb4f4ee38172e/test_using_msbuild.py)
426. testing.py [COMPILE ERROR] (path: /syssec-nas0/pyc-research/compiled_evaluation_targets/usenix_test_set/python-3.7/2f62488fb0d79ad97eadb4c49486fc0ac438dcf032e18c990862415d896bbe2b24b6f78c293f2f8d147b3499029bd292340daf97bb0e9d5cb4b41016f90198f1/testing.py)
427. tests.py [COMPILE ERROR] (path: /syssec-nas0/pyc-research/compiled_evaluation_targets/usenix_test_set/python-3.7/cb70a7a39536a80dd8c7e8798093c1255c2dfa2e4574ca4d82a659a38614ce0c6f90c4b00965269523c5bd14438a6dcec4c094e039ee32c4f27c26a7338e7729/tests.py)
428. text.py [COMPILE ERROR] (path: /syssec-nas0/pyc-research/compiled_evaluation_targets/usenix_test_set/python-3.7/ca29c7d5f88e1c6cdd260088b4d692fe758f4633b9266c6600c916ec502723ee6cab0111678572eb357cca9755a6323d93a2bba17dc635f4abdbb9d9541a975d/text.py)
429. texturecompress.py [RECONSTRUCTION FAILURE] (path: /syssec-nas0/pyc-research/compiled_evaluation_targets/usenix_test_set/python-3.7/cb54c857afc213b06ada9a573541cf63913cc7672a72a992ffe40bd724a610ea3fa8fb22c9facb5816ed8acab9c5723251bc817d961bc99bc0e2941f1630e1c2/texturecompress.py)
430. tf_decorator.py [COMPILE ERROR] (path: /syssec-nas0/pyc-research/compiled_evaluation_targets/usenix_test_set/python-3.7/254c689ac47da6c3f3cb3866791e1ef398c610a944010f95afe45b1d3dca168bb5b790a1dd450fb5420ace468b65d0c2e1ec7e405472d869c8210304eef609c7/tf_decorator.py)
431. tf_leveldb.py [RECONSTRUCTION FAILURE] (path: /syssec-nas0/pyc-research/compiled_evaluation_targets/usenix_test_set/python-3.7/d2fe40d06a6617cf9d4ae4e05b1d250c43e8b1983955a842bd18b5bc89911bdc7d27c9209f209a9e2a79635463117e398fff1007975233a6131de59086797c7b/tf_leveldb.py)
432. time.py [RECONSTRUCTION FAILURE] (path: /syssec-nas0/pyc-research/compiled_evaluation_targets/usenix_test_set/python-3.7/58d88a8e42ed399dd71426664c55e32b2e83a560d35d4de95247f365b68f265a3da5cd31a0eb36aae1b7cf0398ec30afbfc5740c8a7daceb9133daa49c2a43c8/time.py)
433. time_stats_generator.py [COMPILE ERROR] (path: /syssec-nas0/pyc-research/compiled_evaluation_targets/usenix_test_set/python-3.7/e305fecede7a4b76550995209751b7b9a9c650b022f2b5bbbe902fa68d20418583f5f52a16df8e848634d0df3ebd1b394974cbdc6bacc78da6da07871069adcb/time_stats_generator.py)
434. tnet.py [COMPILE ERROR] (path: /syssec-nas0/pyc-research/compiled_evaluation_targets/usenix_test_set/python-3.7/3bba3158df93199767153205bb13b73ac31046a1ec47ff63d6796344b1f981dc0e4ac819734d150d7151db1787f7a4304dddde471dc52d6792abb032f1bcc16b/tnet.py)
435. tokenizer.py [RECONSTRUCTION FAILURE] (path: /syssec-nas0/pyc-research/compiled_evaluation_targets/usenix_test_set/python-3.7/12ce9242a1055a6b5a0c042e5efa554829d399194e4050148d88b585fb1f8f23e6828f65258e411e13ed10a33194b44edc23bd2889c493a6e86bfc60a8240eb0/tokenizer.py)
436. tools.py [COMPILE ERROR] (path: /syssec-nas0/pyc-research/compiled_evaluation_targets/usenix_test_set/python-3.7/14920d907cd7c08763023fe6ab3b9840dad434322919ed3fc0e435f406014a05db6fc80f4a147e7ea6ff21f0ed03a7e1a366f375b913cfbc88271e2a048c7e42/tools.py)
437. tracked_thread.py [COMPILE ERROR] (path: /syssec-nas0/pyc-research/compiled_evaluation_targets/usenix_test_set/python-3.7/759ac99e27475c933cf685b0a66d632ef13b9a5c18c0cb9b432232b66ddf106c2e151f2071e19056398a2e147bb78f903245f484b60aaba0aaf52bdb0f4faa88/tracked_thread.py)
438. tracker.py [COMPILE ERROR] (path: /syssec-nas0/pyc-research/compiled_evaluation_targets/usenix_test_set/python-3.7/2de1b380508d964b2cda7a1777cc1bc10c0b840475e712c992d605faaffdb1ce6f4d74e0b589e36c8a4c23f7ca8ff86b328d4ba7ea33cf093d27115e9f4155b0/tracker.py)
439. tracking_async_web_channel.py [COMPILE ERROR] (path: /syssec-nas0/pyc-research/compiled_evaluation_targets/usenix_test_set/python-3.7/6b471bbbc6f9d56084d19aee4fbfa1913b6e43135a1713abff8776197c14e6f4451c518c492acdaf73d745340adeb1674d53c0d9c50859f100a86562619fa67b/tracking_async_web_channel.py)
440. transforms.py [COMPILE ERROR] (path: /syssec-nas0/pyc-research/compiled_evaluation_targets/usenix_test_set/python-3.7/f2beedf6b028de819e792fdb988260ac6564e8120b93d3392ccb55dac8daa78872909d7321c1ceefda9f899c6ed406aef13a7a427085c742acac274bd66f1e3e/transforms.py)
441. tunnel.py [COMPILE ERROR] (path: /syssec-nas0/pyc-research/compiled_evaluation_targets/usenix_test_set/python-3.7/5e0bae32c002f88ce7523e688bb5f69e24aacf981757bd57a3b545f6298e9d751092960c44eb2fd2087ddbdd4aaae2f54bfc13ef12d6b22fe57e3543d7d9d1d9/tunnel.py)
442. types.py [RECONSTRUCTION FAILURE] (path: /syssec-nas0/pyc-research/compiled_evaluation_targets/usenix_test_set/python-3.7/7be97164110cc7e5e3683a3cf62d8aa8e144687de2ed377a116e25b7444c544480d500c51cd574e0deb897fbb577404f38b65c8bbc42a2ee34f5674b0ac6fafe/types.py)
443. unfuddle.py [RECONSTRUCTION FAILURE] (path: /syssec-nas0/pyc-research/compiled_evaluation_targets/usenix_test_set/python-3.7/85ba58e4e5c299dd1aa75e011df101af8c02cbc5095adcb21093f4caf488fb7d93b4d2772e82e0bdf335abfe2e265ade5daf99c9a23f2a8ec14cc0d60e5d187c/unfuddle.py)
444. unique.py [RECONSTRUCTION FAILURE] (path: /syssec-nas0/pyc-research/compiled_evaluation_targets/usenix_test_set/python-3.7/888296b66c3c76742025cc9bca8ea3dd33e1262d8bb93fe9e0c18c06ccc36ad529dcc22f48109736a482e6074d38a6a5a26435f9135af715985983c28b240e40/unique.py)
445. unitofwork.py [COMPILE ERROR] (path: /syssec-nas0/pyc-research/compiled_evaluation_targets/usenix_test_set/python-3.7/55a8e022808f0fcb58f0882f0c739bbce3156bfb5b9f53f7ce4038a6f84216347f581f6e22562457faded992533475621a345aa7c0ac49bca3667b1651c68989/unitofwork.py)
446. universe.py [COMPILE ERROR] (path: /syssec-nas0/pyc-research/compiled_evaluation_targets/usenix_test_set/python-3.7/06ab004839a2e1dd31a7e6cf420a07de4e2d3d619345e9ba7291b0d9739123e5ec600fad145f7a912d6e4a1e1caa2aa12a284f88e256cfb52ff3fe8ed6cfabab/universe.py)
447. upload_file_service [2022.8.26].py [RECONSTRUCTION FAILURE] (path: /syssec-nas0/pyc-research/compiled_evaluation_targets/usenix_test_set/python-3.7/88935e3ec53dc58592912b43cd90553431353a33811a1434a10eb772704b8f03829c1517e384ea68c12db8ba168db719ed7f225cc54d27f489d2bbd68eac2aa6/upload_file_service [2022.8.26].py)
448. user.py [COMPILE ERROR] (path: /syssec-nas0/pyc-research/compiled_evaluation_targets/usenix_test_set/python-3.7/e8af4111fcfb79bd96be86c028004b05d696f388df86169b4967da951e85ea837ed4484e9983d3ec0c9805212b400d22a749b1a297f0e285162d2ae9bfd3a99e/user.py)
449. util.py [COMPILE ERROR] (path: /syssec-nas0/pyc-research/compiled_evaluation_targets/usenix_test_set/python-3.7/173664a641938d81ad2214de37929d6ce75c82e22c585f7457e1c974950d64d8732b1935d0cf5505f248ad7dd6124e1e48a09fce4a87ca0cb655bf37b9bda984/util.py)
450. util.py [RECONSTRUCTION FAILURE] (path: /syssec-nas0/pyc-research/compiled_evaluation_targets/usenix_test_set/python-3.7/d4514762c67eb8ddf5fa3cecbab9dd92f7383fa7d0663ea66c8c5ffc64d4814f997ee89842c49d8a7f52b673cebc7de59a6cb73a6f65acbf5d942e975fb78c8f/util.py)
451. utils.py [COMPILE ERROR] (path: /syssec-nas0/pyc-research/compiled_evaluation_targets/usenix_test_set/python-3.7/1527730a6740d076746560df2b16254899131725c4bcdd88f9e1c71c227ecba13d9f950d5dc501736da4cd8d770dd5c6667ea5ab76d999afd110cab29c8b311b/utils.py)
452. utils.py [COMPILE ERROR] (path: /syssec-nas0/pyc-research/compiled_evaluation_targets/usenix_test_set/python-3.7/e40ecc531fd7292125a7068633c4128a4dd8f48efd4f18400de70047306708d16e56fbf99b27112a8eb5a5d8ea466c79d95e90b3838d982562e5bf49772966f9/utils.py)
453. utils.py [RECONSTRUCTION FAILURE] (path: /syssec-nas0/pyc-research/compiled_evaluation_targets/usenix_test_set/python-3.7/1cd2fda535295998010bebc46174c71a7d79840ae47f5ef6548b309cf0d6371d19493310a24272ae2c67b4089ebaeb32b838071ddacd8a1cdcc57dc32ea0e472/utils.py)
454. utils.py [RECONSTRUCTION FAILURE] (path: /syssec-nas0/pyc-research/compiled_evaluation_targets/usenix_test_set/python-3.7/2b127d1e5201a4fdfd1f5b62874303220ddb1770de1cfed0f3096f86475b1d1d7700419f6e430bd561a6f0b674dfdb1edeac0542a0884c024ed2342df0d13a1c/utils.py)
455. utypes.py [RECONSTRUCTION FAILURE] (path: /syssec-nas0/pyc-research/compiled_evaluation_targets/usenix_test_set/python-3.7/62e1202c14217245d475532c4ec7af57e54d6e91656997af475081f14416bdca6fb0e62701fa7dc9733bc3acdea7f1f2d745c5746097a33b274aa9afa4df0c5d/utypes.py)
456. uxf.py [COMPILE ERROR] (path: /syssec-nas0/pyc-research/compiled_evaluation_targets/usenix_test_set/python-3.7/dd6d8948f22c10ddc76338271f084b5ffbdf8dd7542f34534f3b5a5c6d2c0d55a81047eb74662a0156c2d5ef62d8ed75579520376540dc5200a1f07b40ffc2c8/uxf.py)
457. values.py [RECONSTRUCTION FAILURE] (path: /syssec-nas0/pyc-research/compiled_evaluation_targets/usenix_test_set/python-3.7/86e34de67958450d591321f631587a1d6004642b4a14d9699615cfdf65332f00bcdd295d7fab7c67c77515e9762b3cac0f986166026b72f1fc2e8c44373761f7/values.py)
458. versioneer.py [COMPILE ERROR] (path: /syssec-nas0/pyc-research/compiled_evaluation_targets/usenix_test_set/python-3.7/ec69e9b826eecbe23b5697426f42e4c6419f61f32942421e2969615b6b8262bfd55cad108e905dde15c33c3045b91648ba22ce09c44efb2d7b73dd404c2d2bfc/versioneer.py)
459. video_reader.py [COMPILE ERROR] (path: /syssec-nas0/pyc-research/compiled_evaluation_targets/usenix_test_set/python-3.7/dfff6f08815f3a1d602e46a250104653c7a9beba7cf59828a452b88f536f97578da238fd3d05376d4ba6ff778830ee83c3d077c9a9ffcf7f7578942ff4ab62ce/video_reader.py)
460. video_ssl.py [COMPILE ERROR] (path: /syssec-nas0/pyc-research/compiled_evaluation_targets/usenix_test_set/python-3.7/ab288e0b601bb61e10e80c1b6e1657e3ac6b082181538108126e08c8af5dd83af92e15b8838de17ba2c91627f97eb9d6d5b9505292c8fedc13ad86a99db047fd/video_ssl.py)
461. views.py [RECONSTRUCTION FAILURE] (path: /syssec-nas0/pyc-research/compiled_evaluation_targets/usenix_test_set/python-3.7/810104722d80b0367b9d53f14960dd72760905530fe03f6c65cc34b4f52a655e5bcfdc9378f8ba43d27064d4dfef81ed5adc181824e55f08a7063a239036f40b/views.py)
462. wav2vec2.py [COMPILE ERROR] (path: /syssec-nas0/pyc-research/compiled_evaluation_targets/usenix_test_set/python-3.7/a351b4a0ed00aa663327469f4e7f26cf8770bd882e526a45daa3f3e59085e46361d99f2a46dc4278b9efaf3ec0329ca6201d7892f86ae6c0f4aaec6d7e50b408/wav2vec2.py)
463. web_test.py [COMPILE ERROR] (path: /syssec-nas0/pyc-research/compiled_evaluation_targets/usenix_test_set/python-3.7/a1c59c9625b86f0da697da06b3448ef66b84706e6bc4ce473fa0bf1b551666bbdcdba0ac537afd342923b5fbff5a3e7e54c5f7fa3972c59b811b43fdbfeda1e6/web_test.py)
464. wideres.py [COMPILE ERROR] (path: /syssec-nas0/pyc-research/compiled_evaluation_targets/usenix_test_set/python-3.7/d976692f73ec84848087ddc81166fb81b956063888e4706c359c659abc4b291b1e58ee01673d2e67aeefa0113b85a009a85b5de10f4a46fa90ea250efabafaae/wideres.py)
465. win32_utils.py [RECONSTRUCTION FAILURE] (path: /syssec-nas0/pyc-research/compiled_evaluation_targets/usenix_test_set/python-3.7/8788c0e6e3bedda6ca183f7e612a94330579f404d711930ecdacd7c5b1b94ceddd256abbf93f31a23eac6854f6681c608e2d79427c21c69446e033c28689f377/win32_utils.py)
466. wipe.py [COMPILE ERROR] (path: /syssec-nas0/pyc-research/compiled_evaluation_targets/usenix_test_set/python-3.7/303e8be99b216abbe3f9482d4c24d29acda450872fd0e828ade8222fc3bfb170045fc03d08974107e89c6941b0c491cf3e20dfcb34f789696ec54af81054af3b/wipe.py)
467. worker.py [RECONSTRUCTION FAILURE] (path: /syssec-nas0/pyc-research/compiled_evaluation_targets/usenix_test_set/python-3.7/e84a69c47764277f34a796f49176063f5af05ad22b5fdfcb951d88edbeb80507f6004d1af380b23d4cde96ed87d8024cf352e1f0f12f4e38b5e19de2749a5f0f/worker.py)
468. yinsuda_client.py [RECONSTRUCTION FAILURE] (path: /syssec-nas0/pyc-research/compiled_evaluation_targets/usenix_test_set/python-3.7/868e19f22bcb7f2bdae17442a8c8f1bbaf2eb2a0ccdc416ec0db096c200fdb2e8775d0a7cf1c9d46a690c0103f02f831ec664be3c182d61e3e0b01d5a9b6dd37/yinsuda_client.py)
469. zombie_cluster_common_methods.py [RECONSTRUCTION FAILURE] (path: /syssec-nas0/pyc-research/compiled_evaluation_targets/usenix_test_set/python-3.7/f193659567c68683b5782bd264d8f8fbfd3dd38c8e88041c8573f0352f232e4af609ae4a36f605c867ce5c071c6df81d7bac060c8612f49c8a4c01c3953fe59b/zombie_cluster_common_methods.py)
470. zone_record_api.py [COMPILE ERROR] (path: /syssec-nas0/pyc-research/compiled_evaluation_targets/usenix_test_set/python-3.7/229ed2d0657a96e40250b3e05b7e91e29d99ecd5855c4a6f685dba13fa72770a78fb1a6ae5c1a011c98c8e3001467fe7832437111aca935352901e261f2b67c5/zone_record_api.py)

=== Detailed Breakdown ===

Runtime Errors:
1. 21564-normalized.py (path: /syssec-nas0/pyc-research/compiled_evaluation_targets/usenix_test_set/python-3.7/21564/21564-normalized.py)

Compile Errors:
1. 11408-normalized.py (path: /syssec-nas0/pyc-research/compiled_evaluation_targets/usenix_test_set/python-3.7/11408/11408-normalized.py)
2. 11479-normalized.py (path: /syssec-nas0/pyc-research/compiled_evaluation_targets/usenix_test_set/python-3.7/11479/11479-normalized.py)
3. 12134-normalized.py (path: /syssec-nas0/pyc-research/compiled_evaluation_targets/usenix_test_set/python-3.7/12134/12134-normalized.py)
4. 13253-normalized.py (path: /syssec-nas0/pyc-research/compiled_evaluation_targets/usenix_test_set/python-3.7/13253/13253-normalized.py)
5. 14056-normalized.py (path: /syssec-nas0/pyc-research/compiled_evaluation_targets/usenix_test_set/python-3.7/14056/14056-normalized.py)
6. 15016-normalized.py (path: /syssec-nas0/pyc-research/compiled_evaluation_targets/usenix_test_set/python-3.7/15016/15016-normalized.py)
7. 15117-normalized.py (path: /syssec-nas0/pyc-research/compiled_evaluation_targets/usenix_test_set/python-3.7/15117/15117-normalized.py)
8. 15238-normalized.py (path: /syssec-nas0/pyc-research/compiled_evaluation_targets/usenix_test_set/python-3.7/15238/15238-normalized.py)
9. 15278-normalized.py (path: /syssec-nas0/pyc-research/compiled_evaluation_targets/usenix_test_set/python-3.7/15278/15278-normalized.py)
10. 16035-normalized.py (path: /syssec-nas0/pyc-research/compiled_evaluation_targets/usenix_test_set/python-3.7/16035/16035-normalized.py)
11. 16800-normalized.py (path: /syssec-nas0/pyc-research/compiled_evaluation_targets/usenix_test_set/python-3.7/16800/16800-normalized.py)
12. 17415-normalized.py (path: /syssec-nas0/pyc-research/compiled_evaluation_targets/usenix_test_set/python-3.7/17415/17415-normalized.py)
13. 17430-normalized.py (path: /syssec-nas0/pyc-research/compiled_evaluation_targets/usenix_test_set/python-3.7/17430/17430-normalized.py)
14. 20111-normalized.py (path: /syssec-nas0/pyc-research/compiled_evaluation_targets/usenix_test_set/python-3.7/20111/20111-normalized.py)
15. 20946-normalized.py (path: /syssec-nas0/pyc-research/compiled_evaluation_targets/usenix_test_set/python-3.7/20946/20946-normalized.py)
16. 21202-normalized.py (path: /syssec-nas0/pyc-research/compiled_evaluation_targets/usenix_test_set/python-3.7/21202/21202-normalized.py)
17. 21245-normalized.py (path: /syssec-nas0/pyc-research/compiled_evaluation_targets/usenix_test_set/python-3.7/21245/21245-normalized.py)
18. 21489-normalized.py (path: /syssec-nas0/pyc-research/compiled_evaluation_targets/usenix_test_set/python-3.7/21489/21489-normalized.py)
19. 21753-normalized.py (path: /syssec-nas0/pyc-research/compiled_evaluation_targets/usenix_test_set/python-3.7/21753/21753-normalized.py)
20. 21804-normalized.py (path: /syssec-nas0/pyc-research/compiled_evaluation_targets/usenix_test_set/python-3.7/21804/21804-normalized.py)
21. 21984-normalized.py (path: /syssec-nas0/pyc-research/compiled_evaluation_targets/usenix_test_set/python-3.7/21984/21984-normalized.py)
22. 3043-normalized.py (path: /syssec-nas0/pyc-research/compiled_evaluation_targets/usenix_test_set/python-3.7/3043/3043-normalized.py)
23. 5450-normalized.py (path: /syssec-nas0/pyc-research/compiled_evaluation_targets/usenix_test_set/python-3.7/5450/5450-normalized.py)
24. 5694-normalized.py (path: /syssec-nas0/pyc-research/compiled_evaluation_targets/usenix_test_set/python-3.7/5694/5694-normalized.py)
25. 5713-normalized.py (path: /syssec-nas0/pyc-research/compiled_evaluation_targets/usenix_test_set/python-3.7/5713/5713-normalized.py)
26. 6906-normalized.py (path: /syssec-nas0/pyc-research/compiled_evaluation_targets/usenix_test_set/python-3.7/6906/6906-normalized.py)
27. 6982-normalized.py (path: /syssec-nas0/pyc-research/compiled_evaluation_targets/usenix_test_set/python-3.7/6982/6982-normalized.py)
28. 7548-normalized.py (path: /syssec-nas0/pyc-research/compiled_evaluation_targets/usenix_test_set/python-3.7/7548/7548-normalized.py)
29. 8724-normalized.py (path: /syssec-nas0/pyc-research/compiled_evaluation_targets/usenix_test_set/python-3.7/8724/8724-normalized.py)
30. 9604-normalized.py (path: /syssec-nas0/pyc-research/compiled_evaluation_targets/usenix_test_set/python-3.7/9604/9604-normalized.py)
31. 9846-normalized.py (path: /syssec-nas0/pyc-research/compiled_evaluation_targets/usenix_test_set/python-3.7/9846/9846-normalized.py)
32. 9967-normalized.py (path: /syssec-nas0/pyc-research/compiled_evaluation_targets/usenix_test_set/python-3.7/9967/9967-normalized.py)
33. BranchTuple.py (path: /syssec-nas0/pyc-research/compiled_evaluation_targets/usenix_test_set/python-3.7/23fcd9ad42c616600c67bfa882c4d11f73edb56da08e7a8b54c63c93188dfd4685421993897961adbbf24799ea64adad4f1215c0ef2b38522225816373af0320/BranchTuple.py)
34. DataManagement.py (path: /syssec-nas0/pyc-research/compiled_evaluation_targets/usenix_test_set/python-3.7/c20c8b27cc72ad5f3a4c5853710549a7be990cafdeb34146a994093595a6bc48e92691598399432577e77aa4c91d4ed1d70bb9973dfe4212456579c71c3cfd70/DataManagement.py)
35. DisplacementAdaptiveMeshConstraint.py (path: /syssec-nas0/pyc-research/compiled_evaluation_targets/usenix_test_set/python-3.7/89f2fbba0e91b23407c93784dc44f3a7d985b8eff7bed3c9943c53fa8cccf1c47158b22adb6fb541a3636c71e85225f20143bda6e99711f984943222ec05e1d5/DisplacementAdaptiveMeshConstraint.py)
36. ExporterTEX.py (path: /syssec-nas0/pyc-research/compiled_evaluation_targets/usenix_test_set/python-3.7/2e61f21dbf189c366ee6f2200e8dc799189597cebe427c38bcf352da94267f0f65ae61649b1f38adfd96ba68b1619ebce35e31630bf8ea9bece800fdb83b2a63/ExporterTEX.py)
37. GeneticAlgorithm.py (path: /syssec-nas0/pyc-research/compiled_evaluation_targets/usenix_test_set/python-3.7/906842a96f866080826950088ca39796495fe1a1f5c804861963aa85c40b5b68a412a6aea1345849cebf7352870a640a27b4239f13c294ff9b8579dac3216186/GeneticAlgorithm.py)
38. GitCliWithAutoRollback.py (path: /syssec-nas0/pyc-research/compiled_evaluation_targets/usenix_test_set/python-3.7/dfd242a947298fe2962ce9a060ece74645e62c7134febff0ac4b33e4b123117dd747f5ca35223060eced0e302d52e695b9895c8d9bee3429403b006bd9d772f3/GitCliWithAutoRollback.py)
39. IRAF_Reduction.py (path: /syssec-nas0/pyc-research/compiled_evaluation_targets/usenix_test_set/python-3.7/40820f844d9c624e8c3e0777bbffa3586f7597a9886acb295d44f10bb05ffa5e5b288afa1af23d6b466c0392111a9e76008feae9ec48d97b604c70835bb059f6/IRAF_Reduction.py)
40. InfinityFlow_Utilities.py (path: /syssec-nas0/pyc-research/compiled_evaluation_targets/usenix_test_set/python-3.7/157c98a8789f51f4ced9c4091ce9c5bfe830da8f01e515a4dc242f01e261ebdee6c1f079b0c4287e78b4b515098a7fe83139e01809f5264c3a173e1e8b3ae08e/InfinityFlow_Utilities.py)
41. ModelJob.py (path: /syssec-nas0/pyc-research/compiled_evaluation_targets/usenix_test_set/python-3.7/dc43ff4d8f5922d5253f8d4fbba5d2dcfe2e25f0048160b0fd49839d052db72286f8bf0c5a8cc8c78f8682ea697b0d621c8d2424666dd20f27e2f30ae5fc5469/ModelJob.py)
42. OutputComparison.py (path: /syssec-nas0/pyc-research/compiled_evaluation_targets/usenix_test_set/python-3.7/a65d9c3099df5aa92818b2e410b1b40d08043c9db79c3e5ff1492bd226b6b84de29b3d8c51057915ebd0a907c86071ebe8c4fa79e952fae0a9b8eba353ede636/OutputComparison.py)
43. PrintOrRender.py (path: /syssec-nas0/pyc-research/compiled_evaluation_targets/usenix_test_set/python-3.7/5879f24d681e1b46c35d0d29d16737e7536541e9ffd96716020dcffda67f9c11518f4bf399fe149be689f632ea851085431e579cf861547ebcde2051ef8d7481/PrintOrRender.py)
44. SurfaceToSurfaceContactExp.py (path: /syssec-nas0/pyc-research/compiled_evaluation_targets/usenix_test_set/python-3.7/daae5e8d2d8cc817e62ff3fdc66b097151073f930ca722c8ea7c3034a9bbee40511e708254e85276882b45cef8e9db41ef69df5e8443aa52d3acc638b03e00be/SurfaceToSurfaceContactExp.py)
45. _container.py (path: /syssec-nas0/pyc-research/compiled_evaluation_targets/usenix_test_set/python-3.7/072a80350499f6f26dfaa824f877816806d1b81be7b3a0248c63e1f2423e24a046b4807afc0df0cf3817772bae7b7f8c7fe0677d2e3fafbe1f3025dae313809b/_container.py)
46. _fileobjectposix.py (path: /syssec-nas0/pyc-research/compiled_evaluation_targets/usenix_test_set/python-3.7/4cd9c561cae81f5fb527b46be6380adc0c8726b9ff4af665558e6818b71a96ac581e5ac08d2190c43c7b5be397b9bee386dd74fc58eb3fe83657ee6e0ae34eb3/_fileobjectposix.py)
47. _pslinux.py (path: /syssec-nas0/pyc-research/compiled_evaluation_targets/usenix_test_set/python-3.7/3dc2b2e1804a6e00edd9873cf7b12ecfecc4c4eb68d56923db73db6bd67daea277a57990154bf0391f389af4077771bc286b68bc4528b0bce07243fc75768e86/_pslinux.py)
48. _tecplot.py (path: /syssec-nas0/pyc-research/compiled_evaluation_targets/usenix_test_set/python-3.7/daa808fea7126e59be15232f00cd2be3503b9b4e29846cd31686949888c3b67ee95988d445c781d9c1cbffefd4007a2b4f18e755cdbb54da4492e72c2c994766/_tecplot.py)
49. _xgboostcv.py (path: /syssec-nas0/pyc-research/compiled_evaluation_targets/usenix_test_set/python-3.7/774721cdf2f02c963e464cd77bb7e7303c9ed7c29f97412605407d5201392dd29979d70edc2cda1b19913e5a2b79a59ec1a800b63e0d57e122877e9f7ccabbcc/_xgboostcv.py)
50. account.py (path: /syssec-nas0/pyc-research/compiled_evaluation_targets/usenix_test_set/python-3.7/5b2bfcf48be1169e43a449ffa9dbef9a19b980ee6d4449d1c50efc95b653ae6fb2ecf89a576491d7ecaba02f34254cd74067bce7a764ee71b784bc1554894bc5/account.py)
51. adamax.py (path: /syssec-nas0/pyc-research/compiled_evaluation_targets/usenix_test_set/python-3.7/e83afcdca7525b9b7c14f3aa300b8a3224228a5d4faa3f4694fdd8f8ad91b714105dc51909405a90917defbadbccd61a9cce3d906183058ebd2c5ec779d09190/adamax.py)
52. adaptivegreedy.py (path: /syssec-nas0/pyc-research/compiled_evaluation_targets/usenix_test_set/python-3.7/0216940ebc56919f58d53da0bef5efa9bd0dc537788fecc44a081aea3014de54d3fdaa1891698ef7a677b5a705e5ff316c9057e5107c0c33507c2863590bead2/adaptivegreedy.py)
53. api.py (path: /syssec-nas0/pyc-research/compiled_evaluation_targets/usenix_test_set/python-3.7/556e9b94a3354791b440b1d8b0c1e1ae3e7f0f2e51034d5846fd131709419db2a6cb8985125974e93e6a194db8187fc8c9df22a0d5a942af5b94a108fc0d401a/api.py)
54. app.py (path: /syssec-nas0/pyc-research/compiled_evaluation_targets/usenix_test_set/python-3.7/66d30b7e76cf29f736f7f5589e6a49ea7ecc31ff51b719b743f7c62773bc7fb3e3bde03fbb48a3688c93d85297c71c8f957776029aa0193cde866d4b456f0392/app.py)
55. arith.py (path: /syssec-nas0/pyc-research/compiled_evaluation_targets/usenix_test_set/python-3.7/45b238dbd089809582ff35b90927f1f0bb934b2ad2ad0c5fb011c8e3c94bd887462755e0a5c53c37f1a755b98c9869b2e1e6dbf19bb0890a591f72d8a6047542/arith.py)
56. atlas.py (path: /syssec-nas0/pyc-research/compiled_evaluation_targets/usenix_test_set/python-3.7/71dff70eba3da3b24ccdfa213481d4864521ca8ead8bd8b1fdb33220e06eb553366bc3d87c55cb7b39695de53403c96edc011f4634f885767a5e478d08c633cd/atlas.py)
57. attribute.py (path: /syssec-nas0/pyc-research/compiled_evaluation_targets/usenix_test_set/python-3.7/e28c9d6e5e662a08290ad00470327ceddec99ef5f9fda5345a1d886bde7f62a4449a8aed261eaacbcfb14794a45455a8f5d9b2b142483bfe57e9c82aad809bbe/attribute.py)
58. base.py (path: /syssec-nas0/pyc-research/compiled_evaluation_targets/usenix_test_set/python-3.7/53de9c1b842e62a9723ee8fc11b7ecc5e41db13890dd2567c92ccb5cfe6a34f359a51834a7cd565acc2c883c35186691f14e75f82d04d99c38195cbb9d85d80d/base.py)
59. base.py (path: /syssec-nas0/pyc-research/compiled_evaluation_targets/usenix_test_set/python-3.7/5931322edcae9ce1628dd5bb61a9cc4c58bd16276ad935a74653ecb4206c690e83429962f30bdc9eeccf0cf380fd0a50082cedd1fe08f969920a42ca7109b3d4/base.py)
60. base.py (path: /syssec-nas0/pyc-research/compiled_evaluation_targets/usenix_test_set/python-3.7/a26938b5396e2cf938f1e4c3f294d5d876eeab5bffea11abcb57c2d980877c24dfc922c56d40d01982e48b14019b07e6df89dc783db93d76feb36f231d20348d/base.py)
61. base.py (path: /syssec-nas0/pyc-research/compiled_evaluation_targets/usenix_test_set/python-3.7/f8ea39dcd4f6e91b8dc21c66ed5504f104b3d2ad29c8a66d40be164e1b1ad2e932a422db60afc183ac9220ea0f2292088bb0907ca999746f654da7816aa9807a/base.py)
62. base_preprocessing_layer.py (path: /syssec-nas0/pyc-research/compiled_evaluation_targets/usenix_test_set/python-3.7/45c80b04e62ce0c6caceaced3e44de604415046de4b2404d1498d4e4bd823a6519eb6f7624e99123c120b9e1849ec817b9762bd23b03a59190b04a22b6e2fdcd/base_preprocessing_layer.py)
63. bootstrap.py (path: /syssec-nas0/pyc-research/compiled_evaluation_targets/usenix_test_set/python-3.7/4ea7064fc96cf5a31a5fa58cf8e08ce370d14896743add918dcd9a1717d4ec82e2604fc1d518591de2290fe84dfec48240635fa79d114694535dbd3a070a2505/bootstrap.py)
64. bot.py (path: /syssec-nas0/pyc-research/compiled_evaluation_targets/usenix_test_set/python-3.7/c1dbd86a6c4f5ea97a9a9467d2f0a41396795dd4518daf5eaabd03a532219a168f451d5d09518f681411652232d4370869a10d1f8f880312d77570eec59f59e6/bot.py)
65. button.py (path: /syssec-nas0/pyc-research/compiled_evaluation_targets/usenix_test_set/python-3.7/ee8af1201ae8307f57f5d0da2a148c04906a5d7864ccbf56ca5fee149dc2707c372b00d7f402fb0c01b6bbbae811cf4bb0cbeb5c83981354d219d96f01177443/button.py)
66. case.py (path: /syssec-nas0/pyc-research/compiled_evaluation_targets/usenix_test_set/python-3.7/4cf1f7aba324aa0b14ac982a64b415d45039253858665b9794e798b7891266634bd8fb41aefbd80f09e7d2af1bf2cec61b2c084299195fc5af67d120c153badb/case.py)
67. chain.py (path: /syssec-nas0/pyc-research/compiled_evaluation_targets/usenix_test_set/python-3.7/36fc5f3ce4d77f845f23b65d158345a408f0210cefac81cb20bc7e1a7b9e97df313b14299076a74fcb462ac224c233052b8e4f87eb8830aa2b1020943038dc08/chain.py)
68. chat.py (path: /syssec-nas0/pyc-research/compiled_evaluation_targets/usenix_test_set/python-3.7/325c8de5ddfa9e26b71ea1a52fbf93f34920f2910f3277d94491c68c5ab5de69167a0fdac82f0aa3bf6fdf35cf8ff7a42af395af110b14fc45af45d6574a9120/chat.py)
69. client.py (path: /syssec-nas0/pyc-research/compiled_evaluation_targets/usenix_test_set/python-3.7/5e9d0380ed6fc4b0e5166ebcbdfb23a953338f08a3468c8c87478dfed1d7d46bf610ad3daae9fc084ec63be133b43621e59d6a6b6ad0d717cbd9bffebe3dce62/client.py)
70. clip.py (path: /syssec-nas0/pyc-research/compiled_evaluation_targets/usenix_test_set/python-3.7/5f01e5be4bb9e9e4a4361e73b882496a0e09fee35a2daa4dccf417aaad19915164e96cb2b0b09dad65f7880643d94c06bda0fd89a26f7050066b92f763e575e2/clip.py)
71. command_list.py (path: /syssec-nas0/pyc-research/compiled_evaluation_targets/usenix_test_set/python-3.7/549520a03970d6cf3836f20954da1c79b7c35898994a88af446e12b1c9460efc766e3a5922aa7c9b6dd65a1304bfb6af8c8a7ddce3d9195ead1f2fe5ffd5ba9e/command_list.py)
72. common.py (path: /syssec-nas0/pyc-research/compiled_evaluation_targets/usenix_test_set/python-3.7/437d13e9263e380d41d8334ea865d824c2c44cc26f00251ed6c025fd5379ba54c5c96c4c422ff48e0099a3d29c3e99188a964d32dd6a18b9c9859b7605e7df9a/common.py)
73. common.py (path: /syssec-nas0/pyc-research/compiled_evaluation_targets/usenix_test_set/python-3.7/d65ec7ca6118f98dd7686b48df84acb40b53dbcd120dbd9478829c6fd427c397d300445a886944dc934944463cccf7f2104ce51db1f00a01c0847121596cb6b8/common.py)
74. common.py (path: /syssec-nas0/pyc-research/compiled_evaluation_targets/usenix_test_set/python-3.7/e3d1bf3a3521c8b7d91edb167fd79e8c33f33449dbdce5525aab2d9e75cfb8211cf766567219dac7496ee55e6442d326b3a282b2d3993e6247d522dc5b6e93ff/common.py)
75. companies.py (path: /syssec-nas0/pyc-research/compiled_evaluation_targets/usenix_test_set/python-3.7/7fc64521cc61b91b99fae6159eec1a2b64ca47a1c11c4899ec50c28f5f7609cf6e472818c2954cdd9e2fe84139d0345c7046ca132387f7e78d7033e5bf284b13/companies.py)
76. compat.py (path: /syssec-nas0/pyc-research/compiled_evaluation_targets/usenix_test_set/python-3.7/992dafc4657443904f98170017c7b0d1812101f24b9d03c83d26a97d8973099689c71144851be3bc8212d90af169df492699d1633517039b2e5da25706972c3b/compat.py)
77. compete.py (path: /syssec-nas0/pyc-research/compiled_evaluation_targets/usenix_test_set/python-3.7/cf43e881ed19f24a2d1bca17bf70848176f01922ad8f94028493e54a3f3e89f44cf64100503e462fcde5c6fee62bdfc5b0ec4724f911e61c7225568eb1276229/compete.py)
78. compressibility.py (path: /syssec-nas0/pyc-research/compiled_evaluation_targets/usenix_test_set/python-3.7/1c737401a803ef49bcb151cc871c0a66e0eb313d096c74f7eb1db852aa6e8165ff263c85aefd35ee9f1206da4b8a667ea282bb368403bfa6dbd406a638a80ded/compressibility.py)
79. compression.py (path: /syssec-nas0/pyc-research/compiled_evaluation_targets/usenix_test_set/python-3.7/7686b2640036bbb57ed1bbd2889a1999175d9f9f4318bda0ea8c8cf1cf17739b1867e361d4c5d4ee1dc642b56b02cf5b87524fc89fd87c1edf587267e31bf7b3/compression.py)
80. configuration.py (path: /syssec-nas0/pyc-research/compiled_evaluation_targets/usenix_test_set/python-3.7/0e25706b814e5b1ce031b8707b4e447c2a03583f87a106d1aadfa459fb0bbccd363eb7822e144fa7dbc0ade604ede90210dfd35ff88222ebd7c9cd7076d4b911/configuration.py)
81. constraints.py (path: /syssec-nas0/pyc-research/compiled_evaluation_targets/usenix_test_set/python-3.7/b1c7ffb8fd10c94c5d7e6cb89b1348938464dd4bd331e67376f1ad5b0a79c20cdd8840c21bc65299ab19e1f2f127c3ba168bd06418b4385d11252c5167327767/constraints.py)
82. container.py (path: /syssec-nas0/pyc-research/compiled_evaluation_targets/usenix_test_set/python-3.7/d4c39abfa37a3ef8425c4952feb2e760f0741eb89b735748c310357ae02514ed2d4fa00ec7d6b79737c6067bb70ab27811179f9a488ec1f1fa4f7cdaeda614f0/container.py)
83. controlled_gate_test.py (path: /syssec-nas0/pyc-research/compiled_evaluation_targets/usenix_test_set/python-3.7/7a3d58d1867aaaaf90d9565868f3dfb37a796870fd7b22534fb728deee2186e1be81fb5f3d1741598e01729a8c0d043bd2cc02ea54e8200f7ea35e06032f0b27/controlled_gate_test.py)
84. conv3d_alter_op.py (path: /syssec-nas0/pyc-research/compiled_evaluation_targets/usenix_test_set/python-3.7/5ab413e2b7c4d701c99f9d0d71dd031b5f50eee7ee2b0471648d5f66ee2ad81622f1c9baaa8414ccb96323ea6b1ab3db4dfa9db34e3d9b52e84a708cc29dfbf6/conv3d_alter_op.py)
85. core.py (path: /syssec-nas0/pyc-research/compiled_evaluation_targets/usenix_test_set/python-3.7/498739b4fa07620a7eca2514d32888ff51283104725b8fc9f4cb40a3ec50c6c522116f4bcf846bf30a249ee033ae11931479587de71297e087f095f04e1c69b6/core.py)
86. core.py (path: /syssec-nas0/pyc-research/compiled_evaluation_targets/usenix_test_set/python-3.7/777dd179f5295f188238e7381d6e5e6e1c8355ddb304cc8dd239718158a13693fb5b2b72d5676a4ab6f520546048da61f2349648238ecf423d922bf5bc9e8e13/core.py)
87. core.py (path: /syssec-nas0/pyc-research/compiled_evaluation_targets/usenix_test_set/python-3.7/9381c42904d165615addb1d272423fc42b1b456839de7861bcdc1f7cad204fb6dd6994e7df9869352af410c5466242a21dda535ecfcac60c643a13b571bbcafc/core.py)
88. couple.py (path: /syssec-nas0/pyc-research/compiled_evaluation_targets/usenix_test_set/python-3.7/1c2e7400dab3032fd2ea847f1736fa763617f0523e3f9f71231c972a4270bedde7633be4cb5b38eb66b0c515577c98b239a1d05ca0091910b9e11c7a8396bcdb/couple.py)
89. crawler.py (path: /syssec-nas0/pyc-research/compiled_evaluation_targets/usenix_test_set/python-3.7/39a1f0b3a9a8987e93d69a64b70c147f5ad8857dd452dc168db51d5daa8d23153f24a325acf3e71ba37ee40e6d4d3e8ee6ebabac14e009023563599791828855/crawler.py)
90. customTitlebarWindow.py (path: /syssec-nas0/pyc-research/compiled_evaluation_targets/usenix_test_set/python-3.7/8dbd3751ddc566449969add7b80ec0953df0f534bab197ab5fdd762ce4a2382f54b0201ac7abc60632be746134f587e914250582ed4d5cb16c79eb4be9cd27a1/customTitlebarWindow.py)
91. custom_policies_integration.py (path: /syssec-nas0/pyc-research/compiled_evaluation_targets/usenix_test_set/python-3.7/38df3cca09350cde024ffb52047d770fd23928d75fba9c3fe6f4b1c40b197b47bbf3da00c1e17c0f6f4b9bc0d25d97a2430f95437bfd3ccdb341f61432ff5d0a/custom_policies_integration.py)
92. data_structs_v2.py (path: /syssec-nas0/pyc-research/compiled_evaluation_targets/usenix_test_set/python-3.7/b8d068d64694e14752fe66f5a858f1f1b8386364ae3c76a207d618af6ed751a8cc85c3c790649532583939403ffe670b05dced8d69573242bf08c32863a9a038/data_structs_v2.py)
93. datacls.py (path: /syssec-nas0/pyc-research/compiled_evaluation_targets/usenix_test_set/python-3.7/fdd2adc8c14adc1838e5c283a4fa1e52272e96f1c1b1092022be292bd94b15172a93ad8437447847876ae76376d3618c5988bbd0f811e53741794885d9bfb04b/datacls.py)
94. dataset_providers.py (path: /syssec-nas0/pyc-research/compiled_evaluation_targets/usenix_test_set/python-3.7/aa8febc11b0fa251f887f8ee0267c88818233aaf99d9e0bbfee42239eabb408c923d23963a5f3c60d8ad40c56fc3aa4f8db48652580d32e916fa5ff5a61f197c/dataset_providers.py)
95. dataset_providers.py (path: /syssec-nas0/pyc-research/compiled_evaluation_targets/usenix_test_set/python-3.7/ed61dbdcee61d2c3301c90bfbfc95b7ea456212ae68d5f0ea0f9a1ce18bdb33f44f756eda0964e9bee747493992204f4b385001086c5f64f1e60c5075e81ac37/dataset_providers.py)
96. deephys.py (path: /syssec-nas0/pyc-research/compiled_evaluation_targets/usenix_test_set/python-3.7/3a2b3ddc588c54d1f30a22b1bc3927300690106f0c1423b7f26c7e3e473b7c96a2b9b724d734aeb4c1762735d980893c0694885ebbd76d246f96c9595551c092/deephys.py)
97. delete.py (path: /syssec-nas0/pyc-research/compiled_evaluation_targets/usenix_test_set/python-3.7/e179207821a8d66b135b002439562231bff33635adc6475fddbfc474b38d7ba3030990c79e5b66727ee17bc2a284b2917afbc94a9015fcfa542e0d94451a56fb/delete.py)
98. distill_model.py (path: /syssec-nas0/pyc-research/compiled_evaluation_targets/usenix_test_set/python-3.7/960985c7822e36b97af032a9d67e25a710ce8843a53450f95cbca67281b6ea1a15f882df028d455be1b23f590027d44c2fca3e2b5f97e45ddf95193340f6c1ec/distill_model.py)
99. dnnl.py (path: /syssec-nas0/pyc-research/compiled_evaluation_targets/usenix_test_set/python-3.7/827c7ef1b0b2d004e139a77a194e18ece1d8349bd973083e888e5deb4d4a50c7e6b04198f11924791e59349c79647b0ab06f9ab5164baea88825f69ff5458f61/dnnl.py)
100. docker_binary.py (path: /syssec-nas0/pyc-research/compiled_evaluation_targets/usenix_test_set/python-3.7/ef82c3b3f06600d17d82c2b866f3cfada88c63e2aa4e6fbe4b33aec926c7ae95c4ba6d6cac04985723d51dabbf9129463474126ac214640530b6d1db1faa04f1/docker_binary.py)
101. docker_inspect.py (path: /syssec-nas0/pyc-research/compiled_evaluation_targets/usenix_test_set/python-3.7/1a18912524bff96f1fef1f8318ffcc6b0f6ec286f7432cfd67794ea32626b932605808ee73089142bac936c96070faef55d993944e09c4c1036961a0b160d987/docker_inspect.py)
102. document_grounded_dialog_generate_pipeline.py (path: /syssec-nas0/pyc-research/compiled_evaluation_targets/usenix_test_set/python-3.7/c49feaa1657448b9dc1ebd2c1c3db6e8b552034d9dab199a7c98708b968639189d35ec5be8f0fdf50b5f1060552ee61556b6cc695e46cdbcd4fd0f8e581ed7de/document_grounded_dialog_generate_pipeline.py)
103. dpf_data_tree_grpcapi.py (path: /syssec-nas0/pyc-research/compiled_evaluation_targets/usenix_test_set/python-3.7/8d79eb8e5cd6fa2dc8627ac31d31f962b2e4a92c4da4d8964c6ee27fb70cbe95eb1e484bf48d47a7507cdc1a4496f707bc71e01f8437696f929c8af10def286e/dpf_data_tree_grpcapi.py)
104. dynamic_preferences_registry.py (path: /syssec-nas0/pyc-research/compiled_evaluation_targets/usenix_test_set/python-3.7/01931ffda1616b3fb535aa07182575eb3026a083963a49dfb09a9c208bc5301153873cda474cb3617dca79bcad1001daf4e9df73359414a6a0628289c310aa06/dynamic_preferences_registry.py)
105. ecdf.py (path: /syssec-nas0/pyc-research/compiled_evaluation_targets/usenix_test_set/python-3.7/78cbb1efa93ae2d758d6e8a88fe029601ebf9305712c5f055f4a61b74e6608bd49ef49e409ea4d202b51c92272c3ec719ccafee4db32b801ee10e0e337cb8155/ecdf.py)
106. emotion_encoder_config.py (path: /syssec-nas0/pyc-research/compiled_evaluation_targets/usenix_test_set/python-3.7/8b7735d7526ac4a93738de17d2ced7827bfe1d7510d25327c2b9a39aebd04b9539a8b4694587a305d21043c4f44c6aab0d15880d98682e153a38ac8d5169a6aa/emotion_encoder_config.py)
107. engine.py (path: /syssec-nas0/pyc-research/compiled_evaluation_targets/usenix_test_set/python-3.7/a0c91758708c30cf81d9b28dad13b4a0aca3768c7567cf8cd44b93efa66b90975839180b6a7454db858952022341bda3be3a20e8f263c8fcbc297f11522796cc/engine.py)
108. envvarname.py (path: /syssec-nas0/pyc-research/compiled_evaluation_targets/usenix_test_set/python-3.7/5e358f84b9edc6d292e27ee6b4547092faac66280ed130b7218e30dd4c372930d300ad0ef265459d79f03f8abff83ccf40db9530a3baa3656b5f58f3bbc7c82b/envvarname.py)
109. errors.py (path: /syssec-nas0/pyc-research/compiled_evaluation_targets/usenix_test_set/python-3.7/e59366a66ad5248351c45e154c2a5bd5dbf0ed42fa6f3a98a5a9deb7ba8475826b894c9d2ccce1b2d24331fc76c58b50f9e0b3b61e4e1229d57de04c3507f2bf/errors.py)
110. evaluation.py (path: /syssec-nas0/pyc-research/compiled_evaluation_targets/usenix_test_set/python-3.7/641dc8638eb970540eba0da8e0e18d65a1b1801c717f4c29b210bdbff46e5062551f1481ec700dc2356d10d0bdf8d452a5068d817871322a1a8047eb9097c684/evaluation.py)
111. events.py (path: /syssec-nas0/pyc-research/compiled_evaluation_targets/usenix_test_set/python-3.7/32da20fafeba008e3d5b73b0608d811343b6008645ebb446515adbf8f0b4f830629dd7bc310ce32934d02f08386481ba6fcbf0ed8a3ccdd267b52c643f03f3b6/events.py)
112. excel_tools.py (path: /syssec-nas0/pyc-research/compiled_evaluation_targets/usenix_test_set/python-3.7/49b7f46684b0bb775a258de808255c7c23b5abda90229c13339d3ae3ef4b3291a511f19005a131e64d014e12d7e7e99d1d0adb83c1365eabaece3f5577a9d579/excel_tools.py)
113. export.py (path: /syssec-nas0/pyc-research/compiled_evaluation_targets/usenix_test_set/python-3.7/75955dcd80a0c4f6c77525d6046bd1737f43a7494bfad37916b0bc6c6101c21d2b84a5247d45aef1186c729f84d5faeb8885140dde72a8563e8c1db8c0111592/export.py)
114. frame_base.py (path: /syssec-nas0/pyc-research/compiled_evaluation_targets/usenix_test_set/python-3.7/4e4a3b2514cf681ab9c9ffa1d40eb22cc45567762037bb723003c2faf563618d29eded256460443a09039ef1280e6e1513bf4ec03767a1d9ed07d515f4017deb/frame_base.py)
115. fsaf.py (path: /syssec-nas0/pyc-research/compiled_evaluation_targets/usenix_test_set/python-3.7/c13f67860f49fa376e09bd41ac2b1d3f39e6dd6f684fe6d7d1f691f7ebd3d67c7487f0ccc3894320daaed6837549a7917bdb3d47197817e64fe0b2ca29e3ab9c/fsaf.py)
116. functions_api.py (path: /syssec-nas0/pyc-research/compiled_evaluation_targets/usenix_test_set/python-3.7/53aa4eff32581f7672ce9fdc07057dd922bb0c3b6878df96f995b0a5c9b5a904c2d48be4eca56e36be667c0a1239cd13b8cdb24bd648c462ddc1c42829e66179/functions_api.py)
117. gdm.py (path: /syssec-nas0/pyc-research/compiled_evaluation_targets/usenix_test_set/python-3.7/37290885c451e7f3ec76d92320832fa291f112f11571b60aca18a26c68d50ebdb30a21accffb303ccb83e439fe3abd86970b44f009d564422e6d863eff3c61df/gdm.py)
118. generic.py (path: /syssec-nas0/pyc-research/compiled_evaluation_targets/usenix_test_set/python-3.7/a47f68856c8ae9322ac9d570382cb5df77f7cb1b18db470277f051284973c45134fb7224f43b2eb92d6fa74f9850a4aee17ad1240387292156a0a22c45e51169/generic.py)
119. genetic.py (path: /syssec-nas0/pyc-research/compiled_evaluation_targets/usenix_test_set/python-3.7/8757a16ce5e82b2e4c8caaa13929a3a4614afb4c56b5a8fb5b94b64814155448a23194316ea07ea38cb16643eae1d5742d9057bcc8dc826fb11ffa936bf61f5a/genetic.py)
120. get_session.py (path: /syssec-nas0/pyc-research/compiled_evaluation_targets/usenix_test_set/python-3.7/dfa4d707b4b3e7905ea2034030a327ca1e23d5c97b9fbe95a6d40473734a7587662144a2026157c00e169fb344fd2f9ac42b6fecdf8991e4951390a300e23548/get_session.py)
121. global_max_pooling3d.py (path: /syssec-nas0/pyc-research/compiled_evaluation_targets/usenix_test_set/python-3.7/0b6d73cebc364ebf3e9969b6025f61f0aed60f919586b22f35f9b4ee5abec2af4dca9c837820314e6ab11c2910d7e4e4112f97c3e11de6986d39f59c41ba3269/global_max_pooling3d.py)
122. goto.py (path: /syssec-nas0/pyc-research/compiled_evaluation_targets/usenix_test_set/python-3.7/299137a11ac93e0ff73d950a6863ab7a84635014708bfb4cd09e1d51ea77af768e9c021f5526be993f6f804d29558aeaace0b3a2039f28a0b72d6028038b06ac/goto.py)
123. gradients_util.py (path: /syssec-nas0/pyc-research/compiled_evaluation_targets/usenix_test_set/python-3.7/5648588e01f4c2bcc04811c614dedb27d318d1b9b2671edb26271215ea5674ef96d05ba9f5fd4117d6ccd02b17ccc5772f3d7f9c2e34291fcebf426c86a2df64/gradients_util.py)
124. grid_finder.py (path: /syssec-nas0/pyc-research/compiled_evaluation_targets/usenix_test_set/python-3.7/9adb7cace7418536c7432515bcdeb74b3ce556902914e1788bdd9ed8bc0b79769ad0ed3f1534ff8cc5b3833e77494b02883fc782f9ae8f9d804fd3705156e6af/grid_finder.py)
125. helpers.py (path: /syssec-nas0/pyc-research/compiled_evaluation_targets/usenix_test_set/python-3.7/859b95b405820565087cf1f1137d30c3038b81d4e975c9133c465abcabdb8654f83363e98404d7d32a9fde3be07f4e39d3ed2eb3edf7622686798a5cb74456af/helpers.py)
126. human_reconstruction_pipeline.py (path: /syssec-nas0/pyc-research/compiled_evaluation_targets/usenix_test_set/python-3.7/8ca044640b8d127229a5827c00d3b00e6acf24e9aabcd87edc5de50621fe54d1ef4a256443c07a4586f0f8f0865369b438b01ab795f12b75a90c46721bc40853/human_reconstruction_pipeline.py)
127. huobi.py (path: /syssec-nas0/pyc-research/compiled_evaluation_targets/usenix_test_set/python-3.7/0ca8bdab8e703cade31c64c89582b74a7de7bf864064d917172058fd290934900f22cd8577549d8b7302a8607abf224211686eaab8c47f69f64b8ff86bfd1fc1/huobi.py)
128. identity.py (path: /syssec-nas0/pyc-research/compiled_evaluation_targets/usenix_test_set/python-3.7/2f351d3f845f920ecba68a6c3e9347b964967c60aa38157cea3b08d758a5dd05cbc194715e88cb592cb2e93427ecebd318479eb3a908e5f1b414c167ee8ec9c0/identity.py)
129. ideogram.py (path: /syssec-nas0/pyc-research/compiled_evaluation_targets/usenix_test_set/python-3.7/ae09bde57e12d6544557ca428d820b6e4ab8923d558c39cab6763f1e318b3cb796197031d9f83a1c4ed6acd3c61c30a80f4fec0d969b749e4f24178aee57bd8e/ideogram.py)
130. image_quality_assessment_man.py (path: /syssec-nas0/pyc-research/compiled_evaluation_targets/usenix_test_set/python-3.7/ea447cd2be7c8678d42cd49bd78b58d44485bbaa7eee2564d95c3adc99360b86941a1cebfee8df2315af88f9341abc4d0b9c648f92593eb8a4f2aa7b10ebac28/image_quality_assessment_man.py)
131. input_spec.py (path: /syssec-nas0/pyc-research/compiled_evaluation_targets/usenix_test_set/python-3.7/e93c355e44b261b2059f878d60baf482836beb2057030b8fd0406b043e32a5e1de32dc747d2afe6bd90d2c33ddfa3c3d0eeca8558bfca81b8eb4d11a806f1c89/input_spec.py)
132. interpreter.py (path: /syssec-nas0/pyc-research/compiled_evaluation_targets/usenix_test_set/python-3.7/4a37d1b843b25000a4482706ea3897806952a1883108ac90dcff386289b2f30cccb47711faf06eba92235e030ba7b47d9183bb0976fa69ed060d822713652547/interpreter.py)
133. interval.py (path: /syssec-nas0/pyc-research/compiled_evaluation_targets/usenix_test_set/python-3.7/4e167e445620006fc577a863d4fb3637a862184baa280817cf606245d22ca62594ee61146695fbf1c9e769e6e50a1cac3b15998a823f4eba26b4f472a256072e/interval.py)
134. interval_lifecycle.py (path: /syssec-nas0/pyc-research/compiled_evaluation_targets/usenix_test_set/python-3.7/39dd3de8a559eb00074c5244936139667e258d4aef62d1750bcedff287311bdfbf63adc3ecfe8c07c1ca525a6c6e978b167e9c2f457b7eb9b0dbc886f393e276/interval_lifecycle.py)
135. io_argoproj_events_v1alpha1_bitbucket_server_event_source.py (path: /syssec-nas0/pyc-research/compiled_evaluation_targets/usenix_test_set/python-3.7/850830b8780fa4fb945ac7e1ea9233ed4b866cfe7cb08f591eb12abcbaa7b48561744bfe6206997a3d2e4a9493782be0534a3f1481c6b56f61863cb36ff15fed/io_argoproj_events_v1alpha1_bitbucket_server_event_source.py)
136. io_argoproj_events_v1alpha1_git_remote_config.py (path: /syssec-nas0/pyc-research/compiled_evaluation_targets/usenix_test_set/python-3.7/d07de91bf713abada261d45d16f88900970f56e8af514d55afd86d07f00052f4676a85d8601faaf350c4224eeb8f40558ba0d736747cbf909b7ad5ef8b38131f/io_argoproj_events_v1alpha1_git_remote_config.py)
137. io_argoproj_workflow_v1alpha1_cluster_workflow_template_update_request.py (path: /syssec-nas0/pyc-research/compiled_evaluation_targets/usenix_test_set/python-3.7/83722721ddf04c7db306fb56c19921255ccdcff1583bbe4610a6610a6e37ce9543bcf22efd0e5b7563e363db112583b277485732ac025708a6a6d0992e452a6f/io_argoproj_workflow_v1alpha1_cluster_workflow_template_update_request.py)
138. iterator.py (path: /syssec-nas0/pyc-research/compiled_evaluation_targets/usenix_test_set/python-3.7/6b292028392c316b624bea1345952b3aaf3d04b7398d39c64e80e7caa8b113d8b6ab540cdf956e02b78dec1b3187817ce41f61d0c0b64d7d756c35b9cf2e1c98/iterator.py)
139. jinja2_debug.py (path: /syssec-nas0/pyc-research/compiled_evaluation_targets/usenix_test_set/python-3.7/d7066f719f9e8e30e2a90c0e1c0f59cf4951c0226e477a3961949274899396491ba9f8d27ed4adbd19a609a0ce4bbe9bb437eed3be00f576cdf20ac7401fecfb/jinja2_debug.py)
140. job.py (path: /syssec-nas0/pyc-research/compiled_evaluation_targets/usenix_test_set/python-3.7/725e2f198c267e8eed07dee213c2fa0c5ac6d0cfe2749a2d68ab19990cb2dabf02cbf0579e55d0952205354f66f8aaa5bd4e9682d0d168ab455fbc2947040cca/job.py)
141. json_format.py (path: /syssec-nas0/pyc-research/compiled_evaluation_targets/usenix_test_set/python-3.7/811d12c92e619883d55077105a66ffc49f9a135e6ab4eabb4abbe6ab3faa92ed27b295d5f78a9d2a68951e7d6210e9cedd17047c4cc41a59a0ec42bc6b009ad0/json_format.py)
142. ldap.py (path: /syssec-nas0/pyc-research/compiled_evaluation_targets/usenix_test_set/python-3.7/9ac5b88a7da5ebd28c050dc78b82f0281d29f6b168103f23cd780afcd53d9fbb5a8d9293e843b3b2b2b0e5c9df5ad35de1c6e098c10923d2dbadd5748bdfd3de/ldap.py)
143. legacy_cell_wrappers.py (path: /syssec-nas0/pyc-research/compiled_evaluation_targets/usenix_test_set/python-3.7/6cbfb40913d204fb61d4cf9ee542c1572148e4de65785f95b4c2a89df6ecc823508bfc14b0ae2d8dea98135732d9442f551e4bd3e0c4ad6c466bf2d497e1d374/legacy_cell_wrappers.py)
144. legends.py (path: /syssec-nas0/pyc-research/compiled_evaluation_targets/usenix_test_set/python-3.7/5697d9822922f59cc5b5be1183cbf1ef60f81bf47dc8394fcf48cf4e71ab4584e580c2ad7f8d88b84aabab1c0942efef110a711b8088b493a2da9696ae67e784/legends.py)
145. lib_backup.py (path: /syssec-nas0/pyc-research/compiled_evaluation_targets/usenix_test_set/python-3.7/bf62423ec4b76f5e73585215a512942a1ea250f4e9b11d3bafe922689aeda1fd9a5f561332d8e95e176f1dea55a82104ec2f41af63680ce68436b66c51cb0067/lib_backup.py)
146. library.py (path: /syssec-nas0/pyc-research/compiled_evaluation_targets/usenix_test_set/python-3.7/3260a9ff3452ac9746cfa0dde6d071167c76200ff8747b6bc253d635932fe035746b36060901764122b08f17d63f12fc590683535ab84ad721065262a13f91da/library.py)
147. line_reader.py (path: /syssec-nas0/pyc-research/compiled_evaluation_targets/usenix_test_set/python-3.7/f59c2dd8f2c6c595c9ef64f18030da30b083ff49c41f167e7f5be91d2e4b4494cd0f4a8268448d26036fcb40983c8e389b9e33568947b8e636b3bcf00c22e4c0/line_reader.py)
148. loading_prompt_interceptor.py (path: /syssec-nas0/pyc-research/compiled_evaluation_targets/usenix_test_set/python-3.7/53f17fd3c2fada8d9a784059d7ce9ca4fd27ca86527bcbd169f269b75773e4a46c1898d7901c27581dc38666f09862519e3756327946f1ca784cfd755625cd5c/loading_prompt_interceptor.py)
149. ls.py (path: /syssec-nas0/pyc-research/compiled_evaluation_targets/usenix_test_set/python-3.7/0e105bf3fac776a22e7d274e91267859a138111dbf82d1646953b3e3386f8fa55e0d1ae48c6a97e802e38572b45d13493ec4e1376274aecce14fd2c2374a7dff/ls.py)
150. machine_translation.py (path: /syssec-nas0/pyc-research/compiled_evaluation_targets/usenix_test_set/python-3.7/54134dcfdfe7114e6d0c46d1d074191e1949ea6ada7ae228bacf7b163237b15aa181d158a8ee1742a46364c53094b9e88d63884775a1b39ee32447f53de73ef6/machine_translation.py)
151. map.py (path: /syssec-nas0/pyc-research/compiled_evaluation_targets/usenix_test_set/python-3.7/c2f79f6e8c193c37eb7c55452a7c69676427f602f2134cdc202d13cb9ebbd387c14b3240f08aae8c4292e1d52c3b0321057b93598825f93e2f12ea76b6e69171/map.py)
152. mhjsb_deeplabv3plus.py (path: /syssec-nas0/pyc-research/compiled_evaluation_targets/usenix_test_set/python-3.7/33e4e603d768d8be997ea42ea3f20ae8f373adfa88b1c68fbe3ace3f2a364e193bcde564b2ec7e8d29c6274f41e5d3734f3e3ca9c13874b4cbdc43c27593cfcf/mhjsb_deeplabv3plus.py)
153. migrate_annotations.py (path: /syssec-nas0/pyc-research/compiled_evaluation_targets/usenix_test_set/python-3.7/6329d98f8ea8ace2e1f7eee38b4e1d78e49e9356d95df8b6c66684cbda70d1b6ad8f97da9e9af2e5da8fca93d930f1a09b3d54e2c02c70d522ae2b2ed985054b/migrate_annotations.py)
154. mixin_not_mapped.py (path: /syssec-nas0/pyc-research/compiled_evaluation_targets/usenix_test_set/python-3.7/67d6af871cc8adef4fed1df8199f9c63acf4cbc1551d0833462586957c0ac5bd94a43bf5284fd4c8b3e09f8ec8f218b4ca904623416228a08f5380879e38fe11/mixin_not_mapped.py)
155. mixin_one.py (path: /syssec-nas0/pyc-research/compiled_evaluation_targets/usenix_test_set/python-3.7/aade44b7756f1b5bd2c127e84d446392ce05c0f9aa73bb3d03e95c0ada8cd9c8a504f36eb7519b39920f7e67ea3ab674239eacb9f79328ed06b486a58ae35263/mixin_one.py)
156. mo_archive_pruner.py (path: /syssec-nas0/pyc-research/compiled_evaluation_targets/usenix_test_set/python-3.7/f590bb25c0d4b4146045a632d9f5cba08a8c271e77dd8129088ad70d8ff15a8f17272249642232ac199677e6db080749af2a12d7202fc60c50aba698c1bc8cf5/mo_archive_pruner.py)
157. model.py (path: /syssec-nas0/pyc-research/compiled_evaluation_targets/usenix_test_set/python-3.7/6e3c0c374dae1e54520c14049abe588a4a1285171a6dbdaa22adf90693190e2f4c38a1f2d53f46b311a958efcf77dd07472f95b0e7d2d0f5b893414000bc62bb/model.py)
158. model.py (path: /syssec-nas0/pyc-research/compiled_evaluation_targets/usenix_test_set/python-3.7/be07560ae2ec416c39613887839a5b8f867e51e2dec626805306249eecf5a39350dbc848acc16e93884b9758eec5eb0f364b790d14ce4693292c8234df014bfe/model.py)
159. model_se.py (path: /syssec-nas0/pyc-research/compiled_evaluation_targets/usenix_test_set/python-3.7/b36ab87e47d2f10756e9e35b2c346715408684b436a733ae73e78f6deb9015d24a342861697affa9ff0726bd324e05db3331ca9b348c4438423808a190af687a/model_se.py)
160. modeling.py (path: /syssec-nas0/pyc-research/compiled_evaluation_targets/usenix_test_set/python-3.7/4c2505523465b8254355fb0fd35a74eb41277868ebc7eca90ace6fc034dcaaf61b2eea0802cceb1a43e5324ea2884a440b3877e138522023986d2e9efddcace2/modeling.py)
161. neighbors.py (path: /syssec-nas0/pyc-research/compiled_evaluation_targets/usenix_test_set/python-3.7/a7617adb0c35daee0e21d526a5a88eefaae98270d8f3c215152ad2401f05612f8dfeecbe1ac842062dfc6e7402b4615104d1f1bff5d10220d380e196e6490e5c/neighbors.py)
162. neo4j_helper.py (path: /syssec-nas0/pyc-research/compiled_evaluation_targets/usenix_test_set/python-3.7/66b1d338cc1b003363c6f3c85791ac64574b3817f625e0e630b2a2d78b70c9c00ac920ade08e19191145fa3ef6cf23663c2b88466ca6aa1b2fb407e81a1f998b/neo4j_helper.py)
163. nodes.py (path: /syssec-nas0/pyc-research/compiled_evaluation_targets/usenix_test_set/python-3.7/7f4a31c3b1e7d99aafc690dce3455128437bff322f067656bdcd437f7390d9c4a8f141d29f09464117707f64f2980706db1cfbfb7cbbf5307cb2329fad8a94d0/nodes.py)
164. oauth.py (path: /syssec-nas0/pyc-research/compiled_evaluation_targets/usenix_test_set/python-3.7/29b958e615c642953c584eb7b2bcffd098fee1dad2913e02e5c0aa96af8a82f765bf849c6e1660ecf928f849bbdeb508e923e0e8765999db7091a5ad6afecad1/oauth.py)
165. ocr.py (path: /syssec-nas0/pyc-research/compiled_evaluation_targets/usenix_test_set/python-3.7/f304e8c9963de2601e7a283b78bc4e43c4c70ab961a743dfd02323453e0894c1a019114174972eae9d6cbd839566644b3bd9e1d0a2c2822f7782156423cbdd9c/ocr.py)
166. oracle.py (path: /syssec-nas0/pyc-research/compiled_evaluation_targets/usenix_test_set/python-3.7/e758024823bb4d246123f94a922ac1c19be2b1ef157eb7757f0dc05b7f33720d57b0cabd1c49d42ec13ba0f3c9ae19ea865c7252ff5de4837982870e368c98d9/oracle.py)
167. output.py (path: /syssec-nas0/pyc-research/compiled_evaluation_targets/usenix_test_set/python-3.7/0450e1a74f2b709a12c8cd7178e19cdda62d2008f95f5c58fe1b2479dab8bc4371897fa226c5d9a497d6ce3c0352a81548b3b8516a5aa219cd5a84b5bb89e45c/output.py)
168. outputs.py (path: /syssec-nas0/pyc-research/compiled_evaluation_targets/usenix_test_set/python-3.7/189ec1e761ae6734ab212c1790ca4c695755e17784aadc64cadc01e1331e97a1e7915851b99eeee3cafddfd9d5eecae180fd29a5a144e3c8bc9c97e52cbe4dd9/outputs.py)
169. outputs.py (path: /syssec-nas0/pyc-research/compiled_evaluation_targets/usenix_test_set/python-3.7/40f7900aa35aa276c37ded520fc30e6576a2f8eb54ffe2523e430066cb5a7fe412abe3ced92e5a0f9c7c389f16348cfc1ad0571812ed729b5a91e75281687bc8/outputs.py)
170. outputs.py (path: /syssec-nas0/pyc-research/compiled_evaluation_targets/usenix_test_set/python-3.7/5375ae33956bbfe3fbf6d6ceb46a323c76753f5a80e717b93b494c356996e89783cab937abf91e680359d2cfb063dd18cff1a02fa0849701e86446ed71c333fc/outputs.py)
171. outputs.py (path: /syssec-nas0/pyc-research/compiled_evaluation_targets/usenix_test_set/python-3.7/6595a488d748591749e81824bb432be0cf8902973683667ba9c576e03b9d6e6af37a85e08d8c42584c80b564a16323abea017ef0fc6f33d37585b4ace1e00b45/outputs.py)
172. outputs.py (path: /syssec-nas0/pyc-research/compiled_evaluation_targets/usenix_test_set/python-3.7/751b8f36cb20e0f15aec65a6faad8ea8d22a41d66623c8448bff5767720f00b8bd3a5f63df0274396e129b0277f6419650839913aab48914a7cc43f8c21ce3d3/outputs.py)
173. outputs.py (path: /syssec-nas0/pyc-research/compiled_evaluation_targets/usenix_test_set/python-3.7/9a5835ab6ef7f0045b5b93eb255f947efe654f9d6918f341cd29a2cd72ec74dde218f2b36f6122d0dd21aeb5d1826f1651e992fd9432578b07a66ad80abb6e60/outputs.py)
174. outputs.py (path: /syssec-nas0/pyc-research/compiled_evaluation_targets/usenix_test_set/python-3.7/d732a600e7f345dadcc410870ccad13240d82fd97d8eb1a25bdf8b36cf23a1397c843ecbf9bc5ecf1c710b06f2405046c748b03d451e49b7f9c762ce84bc14a2/outputs.py)
175. outputs.py (path: /syssec-nas0/pyc-research/compiled_evaluation_targets/usenix_test_set/python-3.7/deb3f1a33fbb31d409ce0306133106ca0e7febe6e0e093495700891b39ed95be426222fb736def4c2da554135cb635deaaa7e4fa64e1948d5a56b018934fb8b9/outputs.py)
176. paginate.py (path: /syssec-nas0/pyc-research/compiled_evaluation_targets/usenix_test_set/python-3.7/a8bfd14a0f014ed9f9803e834eda55ad7b297d13385b20b0cde324edd30af2c920cbda33e8377e32534dce443852ca20913b4e4f2d7b4254f2b9d3ce8d5b15aa/paginate.py)
177. party.py (path: /syssec-nas0/pyc-research/compiled_evaluation_targets/usenix_test_set/python-3.7/377a8a7908bda0850aee334e8ce1c025a51229f38ee97ad8bc4e7c73bb8e1ec264b08e3895bcd3312a3d93168851bbd43a662765dfb4e3aa07c510fafc59413b/party.py)
178. pat_data.py (path: /syssec-nas0/pyc-research/compiled_evaluation_targets/usenix_test_set/python-3.7/d10883fac0f0970044d919ccceb3d251d8fd64db53fb84e383317a4544c139e73935f807dbd1748d82e65754f7cf486814f215c8ffe1fa6c6a2fd6595f53a0ad/pat_data.py)
179. patch_linecache.py (path: /syssec-nas0/pyc-research/compiled_evaluation_targets/usenix_test_set/python-3.7/265610aa5facc31ae298fc188e8d92b047d7cbd7d3f3f46a8ee189649a14a9fc383591cde0ca9aed846514ab5d204c17fdbe78d7fa4990e8b26007251125ca8f/patch_linecache.py)
180. pipeline.py (path: /syssec-nas0/pyc-research/compiled_evaluation_targets/usenix_test_set/python-3.7/4ba20f5a25174f2f3e06a6ed825b9721b9ecb2404024c91059be083041c0ad65ff38a83652ccc7e8e2a0dc15a563752153e09dbce7567484571da90c4e545a12/pipeline.py)
181. pkfont.py (path: /syssec-nas0/pyc-research/compiled_evaluation_targets/usenix_test_set/python-3.7/3bcbd7e8376302af4aa0a0d664b6938a04821283b48aae124137ead2efa508ed6da8b5b8675977696a51701220532aed5872e5ce708df2f6932bc188dba8c8c8/pkfont.py)
182. pkg_config_test.py (path: /syssec-nas0/pyc-research/compiled_evaluation_targets/usenix_test_set/python-3.7/f01b028bbe9be13390d128290dbdf028f489692d473b670caef778c2c38f2473c0caf055063fb11563dbfae33f0a3d7ae24c033dbd09afdb0b5fe16cccc18862/pkg_config_test.py)
183. plugins.py (path: /syssec-nas0/pyc-research/compiled_evaluation_targets/usenix_test_set/python-3.7/f00bde1a7bdb97d892bc24d356463bca33989d6d2e05d5d2a1092618de0956ff322de7238204f2d3594b66678a88e7f94d80001c8c1596152a24a011f0678be6/plugins.py)
184. post.py (path: /syssec-nas0/pyc-research/compiled_evaluation_targets/usenix_test_set/python-3.7/74c742354d7ea5760e0fbd980816c54c436e3569bd60ddad33017e854f6810603d832ff83c8da1dd6838b6875515d4d0314db67a1f70129c5663aeb7d666b71f/post.py)
185. post.py (path: /syssec-nas0/pyc-research/compiled_evaluation_targets/usenix_test_set/python-3.7/c94ca0b9a995fd1f6a5eb435be4821f28d70082640fcc7169cb0697b26f2064ea15dfb1d978cf55d2ea1a0a1a2d2ea30e43d468cc19904610f8d878a0156435e/post.py)
186. powervr.py (path: /syssec-nas0/pyc-research/compiled_evaluation_targets/usenix_test_set/python-3.7/b5089ffac8647197143b66dfdff4b4cc62ddc61b489e2bda9e3cf988c29b91c033b48b8dccd543210c088d4d15489c52567c9b99cef391a9ccf4cc67cf723c66/powervr.py)
187. ppyoloe_head.py (path: /syssec-nas0/pyc-research/compiled_evaluation_targets/usenix_test_set/python-3.7/d0ac543de353110fe7cd8370f3faceb9c0554525e007cd29ec2930dcef020a9225cc0d08e7f501157e50a20bd88a9131df6b0a8e7e290d3224a3fc257290c84d/ppyoloe_head.py)
188. project.py (path: /syssec-nas0/pyc-research/compiled_evaluation_targets/usenix_test_set/python-3.7/feada67d1617ccca55c3f9142bd99050ff546daf28d2d83cbf792c4affc5e144bc077a44f1ebd88232a4d627781765327eb87becfdb283ef681f55247cecf6eb/project.py)
189. proxmox.py (path: /syssec-nas0/pyc-research/compiled_evaluation_targets/usenix_test_set/python-3.7/fbd60ddfcea2e16fa7e65bdaa94a05578d92ed4bd8e238ae9d40b2517f1f503a02af8b145c8e89eefe55759a65c3ba055964aeb2e27c2dd34d55efe32fa2e93a/proxmox.py)
190. psuset.py (path: /syssec-nas0/pyc-research/compiled_evaluation_targets/usenix_test_set/python-3.7/bd4d2c830c13c1cbcf5694651b0c39b64000520dea33bc7ba5958b3f5f3031f90525b0304e114fc32699626451895e93e398239ba1aa745aabc0b1c27ab6c1cc/psuset.py)
191. qtran.py (path: /syssec-nas0/pyc-research/compiled_evaluation_targets/usenix_test_set/python-3.7/5888ca4345250675c5f59ac47dbeb5996319d40658eb8d0d054f1efa8bc4b0212a3e68b07d2e80353c2030d268879408afc7ccab3cff46a16a6f5567ce64c27b/qtran.py)
192. random_user_illust.py (path: /syssec-nas0/pyc-research/compiled_evaluation_targets/usenix_test_set/python-3.7/be40ed6ded3e537f465008b898d2861eaeeb716d5554fac8a250380a75fbcf6bcf6d1170926cfa9c53e32ca45dc7b1bd3bc902e4390bc78d5aaa8a6715764bc6/random_user_illust.py)
193. ranking.py (path: /syssec-nas0/pyc-research/compiled_evaluation_targets/usenix_test_set/python-3.7/451d9bc92234fa9b00d5ef3bef4f82e44865047478b79cef644e23fe9de11ce7d3f991767cd939eccffd5b23ef6bad4827d45c286152972e62f374d7f0af1f31/ranking.py)
194. readers.py (path: /syssec-nas0/pyc-research/compiled_evaluation_targets/usenix_test_set/python-3.7/292458ebbf2798030d10328b0e2c372d0ad4b811da1321050465df27c87d2b45b2cdf07f3d51ffa5a15665f8752742d45759e13d8ee5502a5d1ad92767b1e8ce/readers.py)
195. records.py (path: /syssec-nas0/pyc-research/compiled_evaluation_targets/usenix_test_set/python-3.7/48c1a5f64387e3e532ca8b2f793048485763e065c5a3b527dc879b1db0c3984d2c36d62afd29eef8b563e6f2f37f04ff2062c7ec419c0fa2bbee380a80a59c5b/records.py)
196. reduction_mapping_config.py (path: /syssec-nas0/pyc-research/compiled_evaluation_targets/usenix_test_set/python-3.7/e102309e201f49fcbe24a73986888613278657c44ac92c423718524888651603220183415127bf6cdfd03470f937375ad9b81658eb27f0f007f98d84dd34dd7c/reduction_mapping_config.py)
197. referring_video_object_segmentation_pipeline.py (path: /syssec-nas0/pyc-research/compiled_evaluation_targets/usenix_test_set/python-3.7/d9ab91f72e2e6c5fdad4bf1351d0585d333c6a52799350dba5ae80289973e4dc0ccecbedea5f1c5b66d76ef2266855142c015069fb7e78136768e783621ccbef/referring_video_object_segmentation_pipeline.py)
198. renderer.py (path: /syssec-nas0/pyc-research/compiled_evaluation_targets/usenix_test_set/python-3.7/acc2056c36386bc377bbe529fe7d7f1b671072e769c71a5568483a23f5c3c4a1c3fda87ad3401b8d583ffc911c293bb8ac1a4168576f9aabcb16fc679e88d131/renderer.py)
199. reportviews.py (path: /syssec-nas0/pyc-research/compiled_evaluation_targets/usenix_test_set/python-3.7/3fef1f622861cb8390cd581356e9cca8e0a5d8ab35decd5fb723959f4ea56df00972676f337d255a809fbd0771fc421df0e70dad935e4d507cf488c0f4278509/reportviews.py)
200. revChatGPT.py (path: /syssec-nas0/pyc-research/compiled_evaluation_targets/usenix_test_set/python-3.7/9d3258a76bf781ef26b07ddd418c8bb3e0760385d7ee3011538e2e0629eb7addeb9face0aa5ca1836ad95136633fe2a4e75b2ef38aa169c81d343235eb9e2406/revChatGPT.py)
201. row_subset.py (path: /syssec-nas0/pyc-research/compiled_evaluation_targets/usenix_test_set/python-3.7/a90a4a965a220de2138b10c700282b4c5aa911cf5c6f1d6dc54bc9f2af17d5b87f64738feed19556adf1e9825f05b5f95b7c158bdf35a186bbd6f94bc37cb7ee/row_subset.py)
202. rubric_list.py (path: /syssec-nas0/pyc-research/compiled_evaluation_targets/usenix_test_set/python-3.7/0e2c186d483bc03fe38a228a76d6ec80c855501f2e8e2de22d82db28415bac0e8a74596857983e2bf5e5e7c2a869e0bec25816aaa8eb913a8b77cb9d659a5563/rubric_list.py)
203. run_all.py (path: /syssec-nas0/pyc-research/compiled_evaluation_targets/usenix_test_set/python-3.7/fe50871af19d072b8b60a0a39e59f48ebeb2856f5304814f7a00a510984985978f05746f1b71a5a9d6115ba91146ccf297fd2e849775cf74b188d9010d505237/run_all.py)
204. rured_reader.py (path: /syssec-nas0/pyc-research/compiled_evaluation_targets/usenix_test_set/python-3.7/9346012165e27bc2d2418e8faabb3e04364f10c7023360605a1633633e80a95e74696324d6cccb7a24985e37e02932bfe7c427d2386e464de62dde0433f353c3/rured_reader.py)
205. scheduler.py (path: /syssec-nas0/pyc-research/compiled_evaluation_targets/usenix_test_set/python-3.7/2fb59e64bdaf5ba6e2fec199dd8d0320a0afa59fc5fcb573c96cef97c54ecf1336afe29f1a94b3f47125f2e5aea215778fe1e44e6a5e7fe3090de7308cf89b7b/scheduler.py)
206. schemas.py (path: /syssec-nas0/pyc-research/compiled_evaluation_targets/usenix_test_set/python-3.7/045cf9f46846d988ada51284223e1d0d233ad2ac09fc1d0cf392d1dbc2e30d159a06b89b73f43150a5da1807588891e22fd3947981147e946a0e862617e06fea/schemas.py)
207. scraper.py (path: /syssec-nas0/pyc-research/compiled_evaluation_targets/usenix_test_set/python-3.7/0e2dcf37b136fdd356252318ab1801544f5681038dfe56408f910646f38425a6dfdfa6dfe65d396918c9075fde11e35de965a33e567366555ee34276f1c4396f/scraper.py)
208. search.py (path: /syssec-nas0/pyc-research/compiled_evaluation_targets/usenix_test_set/python-3.7/b80be56c6bd751dec60ae8ffdd3f72f34edc2727dc43388824aa47ccee3ca25ea2d8af028cf2fe719529bf128e1766f3f9d8fd10ea445f68242ad24145cf6387/search.py)
209. segmentation_dataset.py (path: /syssec-nas0/pyc-research/compiled_evaluation_targets/usenix_test_set/python-3.7/55ebd9e03e79dccd234aa6b75bc5275a1fbb75a76c2001a17b00527183deeefc79f5b5875a0f445f1b01c8713c8b7bc6990cb713ec81c8edfb21d1e6f295dc4c/segmentation_dataset.py)
210. simapro.py (path: /syssec-nas0/pyc-research/compiled_evaluation_targets/usenix_test_set/python-3.7/b67c8550ec4f94b58c5047c6342d3cd463c8e77df71bdc203b912acbfb9ffa15231d6e29fbc11a576ad8f516285bb1f841bc31c61104029c89926523e258e8e0/simapro.py)
211. simplicial.py (path: /syssec-nas0/pyc-research/compiled_evaluation_targets/usenix_test_set/python-3.7/aa042c04276ce17b69600d7271dd2aa7ef0afe66db9697e0a92207fb468e854f3f36be50f2d949148709e885c104b40c122002965c35c9bb14dd4c9da5951527/simplicial.py)
212. sink.py (path: /syssec-nas0/pyc-research/compiled_evaluation_targets/usenix_test_set/python-3.7/474b05de82308cd65547061410258a577c586de559434e6f20d4de079d4322f236ef8973ca71ced41bbc0f02480b2d7c24e57fef67c3eaf6ecd2c211bebc65ad/sink.py)
213. smile.py (path: /syssec-nas0/pyc-research/compiled_evaluation_targets/usenix_test_set/python-3.7/0c9652850cb4fe233734237d6ba0abf74354ab53971d2da9aedc999b4db32564dc38d07e9e034e258a3b2ec577d82660bee76c02a3bd047f179f1534f6c6b896/smile.py)
214. source_util.py (path: /syssec-nas0/pyc-research/compiled_evaluation_targets/usenix_test_set/python-3.7/f80a6267c6a80d36c4fe4057d0a453fc65f9f47bc5c517c667a9983f4baf27c034e7fc0060d4e5bb394f24ef1e173857c381c42b7ece33ecc4143c2902485525/source_util.py)
215. specifiers.py (path: /syssec-nas0/pyc-research/compiled_evaluation_targets/usenix_test_set/python-3.7/aca7458f816c47b2739570c403518e8c88385a80db7d577d185c8002d973072b6517b5a0ae15c220228b36bd0f881432f2aca23ddaa0f96f665d292ad739d320/specifiers.py)
216. sponsored_guest_portal.py (path: /syssec-nas0/pyc-research/compiled_evaluation_targets/usenix_test_set/python-3.7/76a6df95eac1f565aae286c07cbcd55e044f2dba63c2729952df41846828035df6f1c2bae46efa5101e9e31a3a8e139b165fae16124a4fb5d87f7c6e232fea5f/sponsored_guest_portal.py)
217. stock_lhb_sina.py (path: /syssec-nas0/pyc-research/compiled_evaluation_targets/usenix_test_set/python-3.7/d9d783cb5f07b3fbcfe0dcf27599d2d39d261fd4e93cf0d53dc279adb93e51079f2e624ec3bed03039fd1401efcfc458c17bc2a7594699e9e432eb221aa2cac5/stock_lhb_sina.py)
218. subscribers.py (path: /syssec-nas0/pyc-research/compiled_evaluation_targets/usenix_test_set/python-3.7/cc8daa058f296c5df67178ab3979081c59fd40fac1fca2863c92fabc1d3cf6e20d4587e3b17ddcd8d4553fd71043a2d1be1a10a3abadde88cccb36fe285b2ec5/subscribers.py)
219. swagger_interface_doc_handler.py (path: /syssec-nas0/pyc-research/compiled_evaluation_targets/usenix_test_set/python-3.7/eac89d710e18e7fc5a1a416b6a73f61cb5457cca9436d0fd5f7a00a334a852546c520c604488522492c428f2f429b92669d9d1400a9b12ffc2812ee3e441ba57/swagger_interface_doc_handler.py)
220. switch.py (path: /syssec-nas0/pyc-research/compiled_evaluation_targets/usenix_test_set/python-3.7/876089754fc87ce93e368e519839142277548fe030f8f755f23197f19e54169cadf2ec51538fbd7ad74f9e7056aaeeef7c8e1a0101115bdfdb52db2377d7228b/switch.py)
221. system_info.py (path: /syssec-nas0/pyc-research/compiled_evaluation_targets/usenix_test_set/python-3.7/5af58f5fa20c6c6dcb4dd4873aec454acf5b5bb0ccd76dd416aed46c078e99ee95dab91bd3512b35b558bea078d1458b618d7a32e8eac712f53e9c9e86890d3e/system_info.py)
222. sysutils.py (path: /syssec-nas0/pyc-research/compiled_evaluation_targets/usenix_test_set/python-3.7/5e162ea864128d8222bb7d5f9e56723c7f81d4818d1a954272419f58b77f533264a968144bf2c4f7d37a429feccacf3e5c72f426d899f7e9fc73612f7757f302/sysutils.py)
223. tafunc.py (path: /syssec-nas0/pyc-research/compiled_evaluation_targets/usenix_test_set/python-3.7/21350773ebba0981f8f407721439f0ead15e2512d05b64025f66966d208883328222062cc29655f88b394b1b3de14e9ca18e5c36679a5502bc7b1eb937238ef0/tafunc.py)
224. target_types_rules.py (path: /syssec-nas0/pyc-research/compiled_evaluation_targets/usenix_test_set/python-3.7/bfa738fb2a2ed859f5bbe1d27af682bf1aa576ddbe40bcd56166369879429edccfd1cf53191211503a1128d819a8b9bff110c34045e1e60a07ba36ffd9d07654/target_types_rules.py)
225. tensor.py (path: /syssec-nas0/pyc-research/compiled_evaluation_targets/usenix_test_set/python-3.7/02037515ce74552ef40d8829c495567c17e61838e8747a892a76a4b3c119f36de7e6f95221a70538704e67bdb380553a26f9a3ae530045abaeca5d21328bb5b9/tensor.py)
226. tensor_shape.py (path: /syssec-nas0/pyc-research/compiled_evaluation_targets/usenix_test_set/python-3.7/ac631b69887a05f8b4027cefff3741658ad319d8e74985e18097700545662c03f2cee25feb0cce64683ad9043ab1134aaead421ff219bb48bd5caef7030e46ed/tensor_shape.py)
227. test_account_asset_management.py (path: /syssec-nas0/pyc-research/compiled_evaluation_targets/usenix_test_set/python-3.7/7503ed2fd55842b2032e13923cf2a7ff181dc8a3761799164d579dc6ff8ce2f481a8494a98208e73dd4ca2de1e34f1fcbf1fa62da7d766b1ec8be92a64409ba7/test_account_asset_management.py)
228. test_app.py (path: /syssec-nas0/pyc-research/compiled_evaluation_targets/usenix_test_set/python-3.7/a1d4077d542628b80d6e72199245104d83f0955819c870134a0e9028ecb0d89a24fa881c2f4a8f026e550683069b20b28a9169ae30e92ec60a67620595f1a848/test_app.py)
229. test_cli_mgmt_network_available.py (path: /syssec-nas0/pyc-research/compiled_evaluation_targets/usenix_test_set/python-3.7/cc2646ba9dbc1994b8fce315e7880070e3f5f88a884f716c28806d9e495b2b9b217697b51cecfa200c86fc37c6789db2ae6cd61a0a9a8a002e6d710ed6a76279/test_cli_mgmt_network_available.py)
230. test_db_returning.py (path: /syssec-nas0/pyc-research/compiled_evaluation_targets/usenix_test_set/python-3.7/eed259ce17e34f97cc19c61195067c7e2c5d9cdea01adf74dfda92fc81f8a4bbbe0888e0151df32fd0f14d32d719786b6ff49c124c1917f2baa5f0392a6b3007/test_db_returning.py)
231. test_dupefilter.py (path: /syssec-nas0/pyc-research/compiled_evaluation_targets/usenix_test_set/python-3.7/218bce6b4c985e48d32564931169490d02c3c8ddc49131e971b3b3be962735824be7d78905b3d208d3873346635ed263db4eb0a3776a142ba73bef06d2cdcf22/test_dupefilter.py)
232. test_export_fits.py (path: /syssec-nas0/pyc-research/compiled_evaluation_targets/usenix_test_set/python-3.7/8fabca408a89ef4a716d7f42fde67c3b56dbbe735424fa7e1ef59ba4dc20e8500026e92fde6f352940a8c7d7618ea121e5297f2866d70c3249dee82245b23c60/test_export_fits.py)
233. test_jsonnet.py (path: /syssec-nas0/pyc-research/compiled_evaluation_targets/usenix_test_set/python-3.7/3641f62a2685f9631d4ae92d81b2a632a2ad2610fe89d77db790f86ae822c2552429d83bc90581a6cd00e42215c823bd24337a601caa3059a16e0e5ae72303e0/test_jsonnet.py)
234. test_marine_parallel_collector.py (path: /syssec-nas0/pyc-research/compiled_evaluation_targets/usenix_test_set/python-3.7/d42e83c60829692cf98fa435bed524fd30b122973bbf19b997c5abffd56184c16e214e0346b801bc3681181d8ac398ac24a923697951faf2844b9b0ab66be665/test_marine_parallel_collector.py)
235. test_misc.py (path: /syssec-nas0/pyc-research/compiled_evaluation_targets/usenix_test_set/python-3.7/4fd8062ca760560c7deb84d4b478cd74449cd92c29ec71531d6cb8d307245adfac929d0f2ac463dbe0cb7f4c7039e3ca84ab5637dc31d8e7648634f642350913/test_misc.py)
236. test_multi_db.py (path: /syssec-nas0/pyc-research/compiled_evaluation_targets/usenix_test_set/python-3.7/2a0cc1be06ffe9e9960ed9cacf2096934cf0a9582f1f78bf86fab9fb22dda4a14f4c051819ac20a0f8aa9ba462407b3071b8d1faef63b2167f3edd859b31b1bb/test_multi_db.py)
237. test_network_negative.py (path: /syssec-nas0/pyc-research/compiled_evaluation_targets/usenix_test_set/python-3.7/71bf1ddd988e59ac2b9c5702723059b0aa7339d6106bf49b1d31db097009147d64e2fcffde2b03edc149f65cb33888392b789f941ec50da4b60acf4992d54325/test_network_negative.py)
238. test_ordinary_fields.py (path: /syssec-nas0/pyc-research/compiled_evaluation_targets/usenix_test_set/python-3.7/e6078fea56074fea7ccf3d9314090f16a6264d6f7f18386e450a2def5e6fa373d426624167a294b47e98e1f043ea26521780064bbc378b24edf4f26c006beeb9/test_ordinary_fields.py)
239. test_paragraph_classification.py (path: /syssec-nas0/pyc-research/compiled_evaluation_targets/usenix_test_set/python-3.7/caebd3c9d94768b108c0caa360745d3a0816ed8958586bd7b781c294fe632355b8d099b4810d206c700c188d2ee8eed0efe284151e14ce37799565353bb51517/test_paragraph_classification.py)
240. test_performance.py (path: /syssec-nas0/pyc-research/compiled_evaluation_targets/usenix_test_set/python-3.7/22437238d442b35b73a1df7a8d737b87a59f99e0ec38a655608c0d77ec17d2f32f4bd536004cc4838bb4f22a9e2cb2151447bfce48d2714d7e64905894b2782d/test_performance.py)
241. test_stata.py (path: /syssec-nas0/pyc-research/compiled_evaluation_targets/usenix_test_set/python-3.7/45a5c3713460f9c2a0c0547ae2ba035aca9f6c28111877390a9f9f7549fd9fc920021d731cc861533bc0d886a8584714908b7fb62b0740411ccd3654d05c375d/test_stata.py)
242. test_test.py (path: /syssec-nas0/pyc-research/compiled_evaluation_targets/usenix_test_set/python-3.7/2bb515b63ee7ca18c42f964a186e7f465d57ec01d5907f6224ec858c6e11b4768422ef95795dcd38112479addc6d0378096086adca9998bdefc43e348c3b49c3/test_test.py)
243. test_unsatisfied.py (path: /syssec-nas0/pyc-research/compiled_evaluation_targets/usenix_test_set/python-3.7/129e09ce052ce8ceb45f1a11e6b821c207878b69b69980a745c2bb2099d28982a796fdf1b4c114d217eb95d12ac24486fc4f621e4e548a81f2e9d7c6d2c14995/test_unsatisfied.py)
244. test_using_msbuild.py (path: /syssec-nas0/pyc-research/compiled_evaluation_targets/usenix_test_set/python-3.7/bb72500984e622eae852d9597d043476d07652f4070f81975d3420ed25ccff41b310cff35c56eb223dfd64df43d1209d9879c714d22d8825e08bb4f4ee38172e/test_using_msbuild.py)
245. testing.py (path: /syssec-nas0/pyc-research/compiled_evaluation_targets/usenix_test_set/python-3.7/2f62488fb0d79ad97eadb4c49486fc0ac438dcf032e18c990862415d896bbe2b24b6f78c293f2f8d147b3499029bd292340daf97bb0e9d5cb4b41016f90198f1/testing.py)
246. tests.py (path: /syssec-nas0/pyc-research/compiled_evaluation_targets/usenix_test_set/python-3.7/cb70a7a39536a80dd8c7e8798093c1255c2dfa2e4574ca4d82a659a38614ce0c6f90c4b00965269523c5bd14438a6dcec4c094e039ee32c4f27c26a7338e7729/tests.py)
247. text.py (path: /syssec-nas0/pyc-research/compiled_evaluation_targets/usenix_test_set/python-3.7/ca29c7d5f88e1c6cdd260088b4d692fe758f4633b9266c6600c916ec502723ee6cab0111678572eb357cca9755a6323d93a2bba17dc635f4abdbb9d9541a975d/text.py)
248. tf_decorator.py (path: /syssec-nas0/pyc-research/compiled_evaluation_targets/usenix_test_set/python-3.7/254c689ac47da6c3f3cb3866791e1ef398c610a944010f95afe45b1d3dca168bb5b790a1dd450fb5420ace468b65d0c2e1ec7e405472d869c8210304eef609c7/tf_decorator.py)
249. time_stats_generator.py (path: /syssec-nas0/pyc-research/compiled_evaluation_targets/usenix_test_set/python-3.7/e305fecede7a4b76550995209751b7b9a9c650b022f2b5bbbe902fa68d20418583f5f52a16df8e848634d0df3ebd1b394974cbdc6bacc78da6da07871069adcb/time_stats_generator.py)
250. tnet.py (path: /syssec-nas0/pyc-research/compiled_evaluation_targets/usenix_test_set/python-3.7/3bba3158df93199767153205bb13b73ac31046a1ec47ff63d6796344b1f981dc0e4ac819734d150d7151db1787f7a4304dddde471dc52d6792abb032f1bcc16b/tnet.py)
251. tools.py (path: /syssec-nas0/pyc-research/compiled_evaluation_targets/usenix_test_set/python-3.7/14920d907cd7c08763023fe6ab3b9840dad434322919ed3fc0e435f406014a05db6fc80f4a147e7ea6ff21f0ed03a7e1a366f375b913cfbc88271e2a048c7e42/tools.py)
252. tracked_thread.py (path: /syssec-nas0/pyc-research/compiled_evaluation_targets/usenix_test_set/python-3.7/759ac99e27475c933cf685b0a66d632ef13b9a5c18c0cb9b432232b66ddf106c2e151f2071e19056398a2e147bb78f903245f484b60aaba0aaf52bdb0f4faa88/tracked_thread.py)
253. tracker.py (path: /syssec-nas0/pyc-research/compiled_evaluation_targets/usenix_test_set/python-3.7/2de1b380508d964b2cda7a1777cc1bc10c0b840475e712c992d605faaffdb1ce6f4d74e0b589e36c8a4c23f7ca8ff86b328d4ba7ea33cf093d27115e9f4155b0/tracker.py)
254. tracking_async_web_channel.py (path: /syssec-nas0/pyc-research/compiled_evaluation_targets/usenix_test_set/python-3.7/6b471bbbc6f9d56084d19aee4fbfa1913b6e43135a1713abff8776197c14e6f4451c518c492acdaf73d745340adeb1674d53c0d9c50859f100a86562619fa67b/tracking_async_web_channel.py)
255. transforms.py (path: /syssec-nas0/pyc-research/compiled_evaluation_targets/usenix_test_set/python-3.7/f2beedf6b028de819e792fdb988260ac6564e8120b93d3392ccb55dac8daa78872909d7321c1ceefda9f899c6ed406aef13a7a427085c742acac274bd66f1e3e/transforms.py)
256. tunnel.py (path: /syssec-nas0/pyc-research/compiled_evaluation_targets/usenix_test_set/python-3.7/5e0bae32c002f88ce7523e688bb5f69e24aacf981757bd57a3b545f6298e9d751092960c44eb2fd2087ddbdd4aaae2f54bfc13ef12d6b22fe57e3543d7d9d1d9/tunnel.py)
257. unitofwork.py (path: /syssec-nas0/pyc-research/compiled_evaluation_targets/usenix_test_set/python-3.7/55a8e022808f0fcb58f0882f0c739bbce3156bfb5b9f53f7ce4038a6f84216347f581f6e22562457faded992533475621a345aa7c0ac49bca3667b1651c68989/unitofwork.py)
258. universe.py (path: /syssec-nas0/pyc-research/compiled_evaluation_targets/usenix_test_set/python-3.7/06ab004839a2e1dd31a7e6cf420a07de4e2d3d619345e9ba7291b0d9739123e5ec600fad145f7a912d6e4a1e1caa2aa12a284f88e256cfb52ff3fe8ed6cfabab/universe.py)
259. user.py (path: /syssec-nas0/pyc-research/compiled_evaluation_targets/usenix_test_set/python-3.7/e8af4111fcfb79bd96be86c028004b05d696f388df86169b4967da951e85ea837ed4484e9983d3ec0c9805212b400d22a749b1a297f0e285162d2ae9bfd3a99e/user.py)
260. util.py (path: /syssec-nas0/pyc-research/compiled_evaluation_targets/usenix_test_set/python-3.7/173664a641938d81ad2214de37929d6ce75c82e22c585f7457e1c974950d64d8732b1935d0cf5505f248ad7dd6124e1e48a09fce4a87ca0cb655bf37b9bda984/util.py)
261. utils.py (path: /syssec-nas0/pyc-research/compiled_evaluation_targets/usenix_test_set/python-3.7/1527730a6740d076746560df2b16254899131725c4bcdd88f9e1c71c227ecba13d9f950d5dc501736da4cd8d770dd5c6667ea5ab76d999afd110cab29c8b311b/utils.py)
262. utils.py (path: /syssec-nas0/pyc-research/compiled_evaluation_targets/usenix_test_set/python-3.7/e40ecc531fd7292125a7068633c4128a4dd8f48efd4f18400de70047306708d16e56fbf99b27112a8eb5a5d8ea466c79d95e90b3838d982562e5bf49772966f9/utils.py)
263. uxf.py (path: /syssec-nas0/pyc-research/compiled_evaluation_targets/usenix_test_set/python-3.7/dd6d8948f22c10ddc76338271f084b5ffbdf8dd7542f34534f3b5a5c6d2c0d55a81047eb74662a0156c2d5ef62d8ed75579520376540dc5200a1f07b40ffc2c8/uxf.py)
264. versioneer.py (path: /syssec-nas0/pyc-research/compiled_evaluation_targets/usenix_test_set/python-3.7/ec69e9b826eecbe23b5697426f42e4c6419f61f32942421e2969615b6b8262bfd55cad108e905dde15c33c3045b91648ba22ce09c44efb2d7b73dd404c2d2bfc/versioneer.py)
265. video_reader.py (path: /syssec-nas0/pyc-research/compiled_evaluation_targets/usenix_test_set/python-3.7/dfff6f08815f3a1d602e46a250104653c7a9beba7cf59828a452b88f536f97578da238fd3d05376d4ba6ff778830ee83c3d077c9a9ffcf7f7578942ff4ab62ce/video_reader.py)
266. video_ssl.py (path: /syssec-nas0/pyc-research/compiled_evaluation_targets/usenix_test_set/python-3.7/ab288e0b601bb61e10e80c1b6e1657e3ac6b082181538108126e08c8af5dd83af92e15b8838de17ba2c91627f97eb9d6d5b9505292c8fedc13ad86a99db047fd/video_ssl.py)
267. wav2vec2.py (path: /syssec-nas0/pyc-research/compiled_evaluation_targets/usenix_test_set/python-3.7/a351b4a0ed00aa663327469f4e7f26cf8770bd882e526a45daa3f3e59085e46361d99f2a46dc4278b9efaf3ec0329ca6201d7892f86ae6c0f4aaec6d7e50b408/wav2vec2.py)
268. web_test.py (path: /syssec-nas0/pyc-research/compiled_evaluation_targets/usenix_test_set/python-3.7/a1c59c9625b86f0da697da06b3448ef66b84706e6bc4ce473fa0bf1b551666bbdcdba0ac537afd342923b5fbff5a3e7e54c5f7fa3972c59b811b43fdbfeda1e6/web_test.py)
269. wideres.py (path: /syssec-nas0/pyc-research/compiled_evaluation_targets/usenix_test_set/python-3.7/d976692f73ec84848087ddc81166fb81b956063888e4706c359c659abc4b291b1e58ee01673d2e67aeefa0113b85a009a85b5de10f4a46fa90ea250efabafaae/wideres.py)
270. wipe.py (path: /syssec-nas0/pyc-research/compiled_evaluation_targets/usenix_test_set/python-3.7/303e8be99b216abbe3f9482d4c24d29acda450872fd0e828ade8222fc3bfb170045fc03d08974107e89c6941b0c491cf3e20dfcb34f789696ec54af81054af3b/wipe.py)
271. zone_record_api.py (path: /syssec-nas0/pyc-research/compiled_evaluation_targets/usenix_test_set/python-3.7/229ed2d0657a96e40250b3e05b7e91e29d99ecd5855c4a6f685dba13fa72770a78fb1a6ae5c1a011c98c8e3001467fe7832437111aca935352901e261f2b67c5/zone_record_api.py)

Reconstruction Failures:
1. 10067-normalized.py (path: /syssec-nas0/pyc-research/compiled_evaluation_targets/usenix_test_set/python-3.7/10067/10067-normalized.py)
2. 10589-normalized.py (path: /syssec-nas0/pyc-research/compiled_evaluation_targets/usenix_test_set/python-3.7/10589/10589-normalized.py)
3. 12304-normalized.py (path: /syssec-nas0/pyc-research/compiled_evaluation_targets/usenix_test_set/python-3.7/12304/12304-normalized.py)
4. 12308-normalized.py (path: /syssec-nas0/pyc-research/compiled_evaluation_targets/usenix_test_set/python-3.7/12308/12308-normalized.py)
5. 12332-normalized.py (path: /syssec-nas0/pyc-research/compiled_evaluation_targets/usenix_test_set/python-3.7/12332/12332-normalized.py)
6. 1255-normalized.py (path: /syssec-nas0/pyc-research/compiled_evaluation_targets/usenix_test_set/python-3.7/1255/1255-normalized.py)
7. 12595-normalized.py (path: /syssec-nas0/pyc-research/compiled_evaluation_targets/usenix_test_set/python-3.7/12595/12595-normalized.py)
8. 13267-normalized.py (path: /syssec-nas0/pyc-research/compiled_evaluation_targets/usenix_test_set/python-3.7/13267/13267-normalized.py)
9. 14247-normalized.py (path: /syssec-nas0/pyc-research/compiled_evaluation_targets/usenix_test_set/python-3.7/14247/14247-normalized.py)
10. 15325-normalized.py (path: /syssec-nas0/pyc-research/compiled_evaluation_targets/usenix_test_set/python-3.7/15325/15325-normalized.py)
11. 15811-normalized.py (path: /syssec-nas0/pyc-research/compiled_evaluation_targets/usenix_test_set/python-3.7/15811/15811-normalized.py)
12. 16120-normalized.py (path: /syssec-nas0/pyc-research/compiled_evaluation_targets/usenix_test_set/python-3.7/16120/16120-normalized.py)
13. 16152-normalized.py (path: /syssec-nas0/pyc-research/compiled_evaluation_targets/usenix_test_set/python-3.7/16152/16152-normalized.py)
14. 16670-normalized.py (path: /syssec-nas0/pyc-research/compiled_evaluation_targets/usenix_test_set/python-3.7/16670/16670-normalized.py)
15. 17041-normalized.py (path: /syssec-nas0/pyc-research/compiled_evaluation_targets/usenix_test_set/python-3.7/17041/17041-normalized.py)
16. 17084-normalized.py (path: /syssec-nas0/pyc-research/compiled_evaluation_targets/usenix_test_set/python-3.7/17084/17084-normalized.py)
17. 17324-normalized.py (path: /syssec-nas0/pyc-research/compiled_evaluation_targets/usenix_test_set/python-3.7/17324/17324-normalized.py)
18. 17333-normalized.py (path: /syssec-nas0/pyc-research/compiled_evaluation_targets/usenix_test_set/python-3.7/17333/17333-normalized.py)
19. 17582-normalized.py (path: /syssec-nas0/pyc-research/compiled_evaluation_targets/usenix_test_set/python-3.7/17582/17582-normalized.py)
20. 17816-normalized.py (path: /syssec-nas0/pyc-research/compiled_evaluation_targets/usenix_test_set/python-3.7/17816/17816-normalized.py)
21. 18984-normalized.py (path: /syssec-nas0/pyc-research/compiled_evaluation_targets/usenix_test_set/python-3.7/18984/18984-normalized.py)
22. 1988-normalized.py (path: /syssec-nas0/pyc-research/compiled_evaluation_targets/usenix_test_set/python-3.7/1988/1988-normalized.py)
23. 20061-normalized.py (path: /syssec-nas0/pyc-research/compiled_evaluation_targets/usenix_test_set/python-3.7/20061/20061-normalized.py)
24. 20324-normalized.py (path: /syssec-nas0/pyc-research/compiled_evaluation_targets/usenix_test_set/python-3.7/20324/20324-normalized.py)
25. 20452-normalized.py (path: /syssec-nas0/pyc-research/compiled_evaluation_targets/usenix_test_set/python-3.7/20452/20452-normalized.py)
26. 20619-normalized.py (path: /syssec-nas0/pyc-research/compiled_evaluation_targets/usenix_test_set/python-3.7/20619/20619-normalized.py)
27. 21646-normalized.py (path: /syssec-nas0/pyc-research/compiled_evaluation_targets/usenix_test_set/python-3.7/21646/21646-normalized.py)
28. 21803-normalized.py (path: /syssec-nas0/pyc-research/compiled_evaluation_targets/usenix_test_set/python-3.7/21803/21803-normalized.py)
29. 22024-normalized.py (path: /syssec-nas0/pyc-research/compiled_evaluation_targets/usenix_test_set/python-3.7/22024/22024-normalized.py)
30. 2258-normalized.py (path: /syssec-nas0/pyc-research/compiled_evaluation_targets/usenix_test_set/python-3.7/2258/2258-normalized.py)
31. 2325-normalized.py (path: /syssec-nas0/pyc-research/compiled_evaluation_targets/usenix_test_set/python-3.7/2325/2325-normalized.py)
32. 2907-normalized.py (path: /syssec-nas0/pyc-research/compiled_evaluation_targets/usenix_test_set/python-3.7/2907/2907-normalized.py)
33. 3080-normalized.py (path: /syssec-nas0/pyc-research/compiled_evaluation_targets/usenix_test_set/python-3.7/3080/3080-normalized.py)
34. 3477-normalized.py (path: /syssec-nas0/pyc-research/compiled_evaluation_targets/usenix_test_set/python-3.7/3477/3477-normalized.py)
35. 3905-normalized.py (path: /syssec-nas0/pyc-research/compiled_evaluation_targets/usenix_test_set/python-3.7/3905/3905-normalized.py)
36. 4415-normalized.py (path: /syssec-nas0/pyc-research/compiled_evaluation_targets/usenix_test_set/python-3.7/4415/4415-normalized.py)
37. 4538-normalized.py (path: /syssec-nas0/pyc-research/compiled_evaluation_targets/usenix_test_set/python-3.7/4538/4538-normalized.py)
38. 5628-normalized.py (path: /syssec-nas0/pyc-research/compiled_evaluation_targets/usenix_test_set/python-3.7/5628/5628-normalized.py)
39. 5889-normalized.py (path: /syssec-nas0/pyc-research/compiled_evaluation_targets/usenix_test_set/python-3.7/5889/5889-normalized.py)
40. 6633-normalized.py (path: /syssec-nas0/pyc-research/compiled_evaluation_targets/usenix_test_set/python-3.7/6633/6633-normalized.py)
41. 7075-normalized.py (path: /syssec-nas0/pyc-research/compiled_evaluation_targets/usenix_test_set/python-3.7/7075/7075-normalized.py)
42. 7096-normalized.py (path: /syssec-nas0/pyc-research/compiled_evaluation_targets/usenix_test_set/python-3.7/7096/7096-normalized.py)
43. 7196-normalized.py (path: /syssec-nas0/pyc-research/compiled_evaluation_targets/usenix_test_set/python-3.7/7196/7196-normalized.py)
44. 7219-normalized.py (path: /syssec-nas0/pyc-research/compiled_evaluation_targets/usenix_test_set/python-3.7/7219/7219-normalized.py)
45. 7223-normalized.py (path: /syssec-nas0/pyc-research/compiled_evaluation_targets/usenix_test_set/python-3.7/7223/7223-normalized.py)
46. 7368-normalized.py (path: /syssec-nas0/pyc-research/compiled_evaluation_targets/usenix_test_set/python-3.7/7368/7368-normalized.py)
47. 7487-normalized.py (path: /syssec-nas0/pyc-research/compiled_evaluation_targets/usenix_test_set/python-3.7/7487/7487-normalized.py)
48. 7850-normalized.py (path: /syssec-nas0/pyc-research/compiled_evaluation_targets/usenix_test_set/python-3.7/7850/7850-normalized.py)
49. 7865-normalized.py (path: /syssec-nas0/pyc-research/compiled_evaluation_targets/usenix_test_set/python-3.7/7865/7865-normalized.py)
50. 9230-normalized.py (path: /syssec-nas0/pyc-research/compiled_evaluation_targets/usenix_test_set/python-3.7/9230/9230-normalized.py)
51. 9326-normalized.py (path: /syssec-nas0/pyc-research/compiled_evaluation_targets/usenix_test_set/python-3.7/9326/9326-normalized.py)
52. 9553-normalized.py (path: /syssec-nas0/pyc-research/compiled_evaluation_targets/usenix_test_set/python-3.7/9553/9553-normalized.py)
53. AttributeNodes.py (path: /syssec-nas0/pyc-research/compiled_evaluation_targets/usenix_test_set/python-3.7/05b5e94439fe4956b0c61007b78226192fabb03558e4c3cad42279d96c561eb17944fb585d5f820d21c4570907b7f2bc8a02ff8ac3aff6045e887818dc4f7435/AttributeNodes.py)
54. Docker.py (path: /syssec-nas0/pyc-research/compiled_evaluation_targets/usenix_test_set/python-3.7/f0974f739296bb8627ece86d6b6942582dff38f962cd7d65283ef5259bb3ce5ec2ffc1fe41fb157e3dbd68189cd5011f70bcc3c0c4ba9b458bc93693232e9cf6/Docker.py)
55. EmailAgent.py (path: /syssec-nas0/pyc-research/compiled_evaluation_targets/usenix_test_set/python-3.7/3557a2f8b37e7f83bf5b1faf13bc417757b488318a731218c6ac7fcea1601734ae839c9bd7f3c5a70a53b3a2a5bbb95dbe276c71912e85d817b6c4ebd7716b86/EmailAgent.py)
56. FileManager.py (path: /syssec-nas0/pyc-research/compiled_evaluation_targets/usenix_test_set/python-3.7/57ad54bc79944aa18b3a81567f75b6892f5725dad79cdfaa5fd2608b23a81034fb530abc563ccb843625282d83db81166857efdd34b8f1a131a61dce51ee66a1/FileManager.py)
57. History.py (path: /syssec-nas0/pyc-research/compiled_evaluation_targets/usenix_test_set/python-3.7/13b8cb14ce707c439c4244b014ed15d022c38b2406176984ea46ef08d2454842f001122d7ff6a3a3c5f52d1e1b1614885366cd3e8153589c97f43056b3747fd1/History.py)
58. LogicOfflineJobFakeBroker.py (path: /syssec-nas0/pyc-research/compiled_evaluation_targets/usenix_test_set/python-3.7/77928dbf85509050a834af1c46270cf4c92786efe338dfdf5f8e95a11260ac6468db2ed004b375bcee30fead1fe3bc718ff2a39b961e94f179a36ddff253a308/LogicOfflineJobFakeBroker.py)
59. OHConverter.py (path: /syssec-nas0/pyc-research/compiled_evaluation_targets/usenix_test_set/python-3.7/23fc751af17263629094a44cccce24942e6bd1373ef7b3fe084b6ffe15987a10c7a5082c8ce7a50342a06722b2a9a7fb24380160ad59d521e553e9967b3535f2/OHConverter.py)
60. PackageMetadataNodes.py (path: /syssec-nas0/pyc-research/compiled_evaluation_targets/usenix_test_set/python-3.7/aa28ef4e8bd5a8322fa87f7b2a7e1e5e8e11f735433c70707c7251678f51ce5110fc7710727833e5f615d92386a41f91da687c9cc73b68f64cacfbc19996b5ab/PackageMetadataNodes.py)
61. PolicyNoSrcAnyDstAny.py (path: /syssec-nas0/pyc-research/compiled_evaluation_targets/usenix_test_set/python-3.7/b64771629a06f29df3f9cafe21bde201a35c51949f7b22598999f51a6156de2ffbe4b2c7ee557bde0346d5a4cd20e1a5eef6a3bf1972e6f944756969bc06f6e7/PolicyNoSrcAnyDstAny.py)
62. Preprocessing.py (path: /syssec-nas0/pyc-research/compiled_evaluation_targets/usenix_test_set/python-3.7/2e55e9a05315ad44b86178deba806a348862bb8f288a5e8cb42f03e48785baea5a4d6c2775807338874e41be2b344f0870a91a932137addc43c317a6a31346a5/Preprocessing.py)
63. RET506.py (path: /syssec-nas0/pyc-research/compiled_evaluation_targets/usenix_test_set/python-3.7/cb2fc17a7d73f974fce7b2bc9687b5b2e9c9e520fb43e7c67d50f5cd4e8bc335114bfe90f36fba2730a5b12acc7bee7c819768cbfd0b94379e320b4009973d88/RET506.py)
64. SharedClassNameHandler.py (path: /syssec-nas0/pyc-research/compiled_evaluation_targets/usenix_test_set/python-3.7/80b4ac8699da09e9a43ef5d017c089f021aa1049dfc3a5a5b57591cfd5948394aa387e180aaf0845a7d9c309576b47e6ba0fb9578ed505a283791417d4c5334c/SharedClassNameHandler.py)
65. _reader.py (path: /syssec-nas0/pyc-research/compiled_evaluation_targets/usenix_test_set/python-3.7/11a63dd9377450f3d00148b7d005f8ef1b3f7d4cca78702cdc892f565c9ba55d4fc2f3f0ac6bbab1a9968ed5590a0331f5039f24dfef3cdd152a52109dc0266b/_reader.py)
66. a10_service_group.py (path: /syssec-nas0/pyc-research/compiled_evaluation_targets/usenix_test_set/python-3.7/313a50558d353f863f88d98ad1d1d4d0fd1f8f5c490f59d572da759a75ef1244874a4399ccacd86b48f1c5f32d3e824445f4b3884ded81fe370772822d607666/a10_service_group.py)
67. acme.py (path: /syssec-nas0/pyc-research/compiled_evaluation_targets/usenix_test_set/python-3.7/5c5b1fccb2bc1620cd5b091ca672ee9b3230b7439bc651fcc9637dea569ce0e91380e3a0ccbf9c12760d31c703663dc08c3614423512823a1b8c01c260fb3324/acme.py)
68. aix_inittab.py (path: /syssec-nas0/pyc-research/compiled_evaluation_targets/usenix_test_set/python-3.7/0048170a9c7a983c284d4bb10a969fa012e6073e0b7d93a6ddb77ffa477a99627b114924acb6ab02e5e97078424e6dce6d4dacdc9061fb0ee23d228945672d6c/aix_inittab.py)
69. analyzer.py (path: /syssec-nas0/pyc-research/compiled_evaluation_targets/usenix_test_set/python-3.7/ed7b3471ac409149aed84a811222a3e1201402489bc160cfb8a80992ff9e3625ebc57629cfb0d8c5141e7d148088f5c7cf189be4a7559c7b5199d5a26f28d4be/analyzer.py)
70. api.py (path: /syssec-nas0/pyc-research/compiled_evaluation_targets/usenix_test_set/python-3.7/75756b16713040aa5b384a90bda2524eae5e92a4e0cf3063aae05bfd714ecf4652011eef0ff9c633e344f244c90b641bf998beca633707009042a112ad3da9cb/api.py)
71. archive_util.py (path: /syssec-nas0/pyc-research/compiled_evaluation_targets/usenix_test_set/python-3.7/f11cb101c6d2054b2494ff99bf343f29f53d70e46b24787f999665cedcac1f6064eb1a99bd79fc338ab7107198f20872fb4a2a1d41780b794736f6fc06e115c4/archive_util.py)
72. asset.py (path: /syssec-nas0/pyc-research/compiled_evaluation_targets/usenix_test_set/python-3.7/907a196d4ef249bb3ca2912330d0e8ce8990152cc43dc3bfa8c118be9429b5058b8edf15dd72b46199f3ca6dafbf29dee53093a71c00ac334bdddfe486b0cfbb/asset.py)
73. auth.py (path: /syssec-nas0/pyc-research/compiled_evaluation_targets/usenix_test_set/python-3.7/39b886ef6847de425da3c2608bd78016269f80865299bab55e785df3cf898e95e36e36e227b3d4a8e750cb362e3adb7d1695f7fc6fb4ab1b54dd14cfea3e0f81/auth.py)
74. base.py (path: /syssec-nas0/pyc-research/compiled_evaluation_targets/usenix_test_set/python-3.7/91b71c672e484592e43da12d2172d3a7a70f6357092170e74f179b5a8d6d731b9f4691854e9b065660d8fb2bdbdec4e02482fc0aeae0895efe2021a63505e9f6/base.py)
75. base_resource_value_check.py (path: /syssec-nas0/pyc-research/compiled_evaluation_targets/usenix_test_set/python-3.7/a1ce56d2f7fac1d19e84d45b710b9942638ade0a80220017f7b90d61a65bc47538620a76b212e5bd0c46e3b37a51c8161e3d3a2d56c2973cbb3f79fe882e807d/base_resource_value_check.py)
76. base_runner.py (path: /syssec-nas0/pyc-research/compiled_evaluation_targets/usenix_test_set/python-3.7/0eb2aa8746f65ed9751f1805d43e0ce03ed3fd59236dc50680b896195d122efc0b58fa576ef419df1a7b61a9e5f871496410d074b6ec2c51e6ec88c91224555f/base_runner.py)
77. behavior.py (path: /syssec-nas0/pyc-research/compiled_evaluation_targets/usenix_test_set/python-3.7/da4490ecebbdf0f10e220c70418ef4ea9be9ec7b8b70a5ce6932f80e9a6c5031db31a2938feb1bf4d3ee961ff28c6caa447e07dd56c16861a3a349ea4501bed7/behavior.py)
78. bezier.py (path: /syssec-nas0/pyc-research/compiled_evaluation_targets/usenix_test_set/python-3.7/7b1400a6460c531bdfc7a0ae0bc5729896e5f191f499c002eaefdbe6cd39167dd4f0df909f4b1484a1afc631a69cdddb94d0197659a154d0670cbe5250efda08/bezier.py)
79. bigip_node.py (path: /syssec-nas0/pyc-research/compiled_evaluation_targets/usenix_test_set/python-3.7/a5e592cb022ddbfa628e3146c694b0d4288f6c572ad253ed4e58b847a9a94aeb81937340dbc71fb61c09e6241bcf530f80b87a3b44ff8de1eed3ea51f9f0d64c/bigip_node.py)
80. bitstamp.py (path: /syssec-nas0/pyc-research/compiled_evaluation_targets/usenix_test_set/python-3.7/3747e3daadaa1940627048915cfa861a2d27476abf1d7ea34421d27fa861b4b85ea403c90e18332673589558523f762200d0d0ae6af7ab9dcef3b633dcc0b17e/bitstamp.py)
81. bittrex.py (path: /syssec-nas0/pyc-research/compiled_evaluation_targets/usenix_test_set/python-3.7/b0189a081a8e64c63377958bfc5acbaf925e5b50e6e9d1bc85212ab01d1cf93e6f3a573f29414aaf454366c3610b3c73ebda98c056021583d119d9669e35c844/bittrex.py)
82. bitwarden_mod.py (path: /syssec-nas0/pyc-research/compiled_evaluation_targets/usenix_test_set/python-3.7/5e938952cedef5198f20ec73cc50cfa9d1ce107a9999dff04e4892ad690368d1a64f72863ea016b3d76277cf34734c942a69c3319af51ee64ad0a13dba91a13f/bitwarden_mod.py)
83. blockchaincom.py (path: /syssec-nas0/pyc-research/compiled_evaluation_targets/usenix_test_set/python-3.7/8e7ef2d38cdd83762969037e93d9d7de822689840f81a217a5b972c209e75ceb5834eb1bffd0f279c29bafbd77b05eac5e839767ad20491050fd0d8afe17c379/blockchaincom.py)
84. cache.py (path: /syssec-nas0/pyc-research/compiled_evaluation_targets/usenix_test_set/python-3.7/cf520a10ba107d08d628b9e6b54d1ca736c48d6fde28bb20ac61a1ce504dab98035fe49f9b134b440720ba905e6dd1887ffdb00884a45dedf6bbc18f4ea6b595/cache.py)
85. category.py (path: /syssec-nas0/pyc-research/compiled_evaluation_targets/usenix_test_set/python-3.7/100e0e7720a3e5a4c6ee4eaf2b2f05313831b380cb18238ff778b774ee11bcc02eb2c39a13d8d6e0a146a2cd02e7e7519e1814083ebd23382f832949287a4f5f/category.py)
86. cli.py (path: /syssec-nas0/pyc-research/compiled_evaluation_targets/usenix_test_set/python-3.7/39d060036fe999f34fa5cf8cb9308a44ff42ef017acad09731c0f0cf3456fcfd5856cc48c5b75dd9ff6bcb9f25572261700a6eb0bb51bbbfa33992b2f892a5e1/cli.py)
87. cloud_init.py (path: /syssec-nas0/pyc-research/compiled_evaluation_targets/usenix_test_set/python-3.7/eea8d532f7881a25e483b8568d31ce02aec3eae8b76a2e2ac94981926c4ad714fb42f9e79c8be51ce49b6c2883b823e196f6e1132e9003fee3bfb4631659608d/cloud_init.py)
88. code_parser.py (path: /syssec-nas0/pyc-research/compiled_evaluation_targets/usenix_test_set/python-3.7/9ddd47cc1e10f1a824daf3bc99774025e5cf2cb4eef4809994c12f6f4a22b0dd546a34758940620ed1edef9adb846a9e154768eebc08a9b4cb85421f638e9296/code_parser.py)
89. commands.py (path: /syssec-nas0/pyc-research/compiled_evaluation_targets/usenix_test_set/python-3.7/ea338d4d8107a953ea518c99a3bdacf9b9dcc7d945154ec8d7767e7d148a75303d863f422862c9eda6fca92b45675a7dbc7bf149b2792af59839f3bf8b6d5661/commands.py)
90. common.py (path: /syssec-nas0/pyc-research/compiled_evaluation_targets/usenix_test_set/python-3.7/4af550dc409e05f5d3bd35d13736446f031425b12b5cc1f268121723568f8396c18241c7b7d7c032fb9aa3f90f4072b34e0c8e5fecf7c738c4b03ac7ded54895/common.py)
91. convert.py (path: /syssec-nas0/pyc-research/compiled_evaluation_targets/usenix_test_set/python-3.7/064fa8f906e7eabb950caa8938b94745adf86ffe16d9de515646e6831586712f9a089fdecc24220d4113c8eeb1cdc701d4d068be5505aec7aeab1733d5bd5d0b/convert.py)
92. convert_img.py (path: /syssec-nas0/pyc-research/compiled_evaluation_targets/usenix_test_set/python-3.7/2280e63e0dfe45e8e9cc3714e8292b17ea39016f7913ac9b3f9bf677e59e97806e0e022973d69a79550130d4c3b939e68b0ab04eb4f3e2df6b76b1b7cc5343fa/convert_img.py)
93. current_thread_executor.py (path: /syssec-nas0/pyc-research/compiled_evaluation_targets/usenix_test_set/python-3.7/24704292332390a07da4ee413618bbaf845893f062376a22d2e7ad5da8232ea53f0e60e3333e47377217cce41963e45a2e58e4b7e4b497a93abb876866262fba/current_thread_executor.py)
94. custom_gradient.py (path: /syssec-nas0/pyc-research/compiled_evaluation_targets/usenix_test_set/python-3.7/a0ba9db495a85c282358bc8c46f125001c618b8d1892c4005ef780557bfde33a764f5929a3b7b59a25707d7091ef696ec2ffb283fbd0e3d63ba003f89cc590e6/custom_gradient.py)
95. data.py (path: /syssec-nas0/pyc-research/compiled_evaluation_targets/usenix_test_set/python-3.7/bbd9a57bf96727f0ea92157a0b00247a96ab090c2ebefe145b475698cdd41d0601a9ee4b6c254928098dd86f351fa5adf06d5c5bc06628739631fa63f8c1c67b/data.py)
96. decoder_loader.py (path: /syssec-nas0/pyc-research/compiled_evaluation_targets/usenix_test_set/python-3.7/86a1a6aac49f23b4c629032c95f61267c4f6a459561dee9b14068b26453696e4cb394c4df8229ba03407ddbc053e2b071ee766f9f9d7c554a3cb7f4a45626965/decoder_loader.py)
97. delivery_shipment.py (path: /syssec-nas0/pyc-research/compiled_evaluation_targets/usenix_test_set/python-3.7/306cfcc590c2813b9d6af74a9fd73e3a42cc8d1fa28f8087e74bcbefcab98b73a921d2385c29416b3422b1fa0417c3bab27fe2bd46f55529910f56fd61d643c2/delivery_shipment.py)
98. directconnect_connection.py (path: /syssec-nas0/pyc-research/compiled_evaluation_targets/usenix_test_set/python-3.7/ef248defc77bc827dd5b88efd1dcc22d93b0b22b3f491f1c35767c46bde2a4175a4f48be37f8c0845a2b1bafd89468f14f6f92a3336233e230fe155beb11a239/directconnect_connection.py)
99. distribute_utils.py (path: /syssec-nas0/pyc-research/compiled_evaluation_targets/usenix_test_set/python-3.7/e18f25d363de6e40cc4bb03fada36ec13766bbafff03731ea3ec15a7ad7cb0b326952169fc291d0aed8dca9b7da5ec4b8e636e729a998c59087a5ffdc92fd92e/distribute_utils.py)
100. document.py (path: /syssec-nas0/pyc-research/compiled_evaluation_targets/usenix_test_set/python-3.7/a876711910f48c1165df1ee3a426add5f343a09dc25bf1ce1ed70080fb5415f03a5f4ec353cccd073c454bf0b877aa79c02a4fe76f5d53511ce8d6cef596becf/document.py)
101. drivers.py (path: /syssec-nas0/pyc-research/compiled_evaluation_targets/usenix_test_set/python-3.7/3b72455f37dcfd3be6e8538fe295879cd14f03f8e861a70322ce818d8cc7abd69681fd369edd27d8339653d0abc48d362db77d04a2fa7cab70def455e2f33f0a/drivers.py)
102. ebsd_detector.py (path: /syssec-nas0/pyc-research/compiled_evaluation_targets/usenix_test_set/python-3.7/226b16c1c4bf164d55ce98b8aac610a0d816c8a8b841463b91069c2d3ea63ae3824c73dfded2a8bc86e0acdf848ed7f7cec78175a593bb04f1f8946d3bfffb02/ebsd_detector.py)
103. evaluate_sbd.py (path: /syssec-nas0/pyc-research/compiled_evaluation_targets/usenix_test_set/python-3.7/b225d04a0dadd1af2bdb94806bec5ee3a506b938e054665eb5f14ab69e4623d4949aaafd9edd3e6d1134850c127f22c82ecf98b2ea0244c9ab9199dba6f3c13f/evaluate_sbd.py)
104. event.py (path: /syssec-nas0/pyc-research/compiled_evaluation_targets/usenix_test_set/python-3.7/ced1f660843e9a96e06190df855da0fc4f94a50471e6f4143d6f259e8e85feebe662aae48d09b03cc77805e70e1be7d4a8918c3813c3eed07d192cd06ae8e0e2/event.py)
105. exchange.py (path: /syssec-nas0/pyc-research/compiled_evaluation_targets/usenix_test_set/python-3.7/207de057ef63c391f88906a4502e83f565a21c8dafd71e538fa72f0cccbdb40362dfccca80ac74cdda18d45bd623d81fcde1c089d864645d1fd28fb41c7f58bc/exchange.py)
106. exmo.py (path: /syssec-nas0/pyc-research/compiled_evaluation_targets/usenix_test_set/python-3.7/0ea301c5bbc3a6bfc3336de606fe556ff9175b34ad400533836b919466c2d1c850ce2f1455f8819ac7d00c718cbf33784388a75c4b45c81d1140c42cffa19d05/exmo.py)
107. fields.py (path: /syssec-nas0/pyc-research/compiled_evaluation_targets/usenix_test_set/python-3.7/14c97271b5dbc978b88ad312bd4a41365477271fdb7ddb4480b7c20b86866bef420fae838a81043f446328178a7b47b7bd1f87d53f043898e22d68289c1422eb/fields.py)
108. filter.py (path: /syssec-nas0/pyc-research/compiled_evaluation_targets/usenix_test_set/python-3.7/955d0b6af5cd61f9ef6bb2da223dec678f7b7c65602b0ca94efcd128f00ac05735d0e684cecf3b1199418c04e65cf55d3b70308d1e573ff06552d5596ef9cd78/filter.py)
109. fixedclassifier.py (path: /syssec-nas0/pyc-research/compiled_evaluation_targets/usenix_test_set/python-3.7/4578bce1d9260192930a329402a1950c81cfc244f5bd9b96318637f307e9686ccd0abd1f39882030b3d8671aaf362e9aaf4c82dd000e5c1ca14eb57281508fe2/fixedclassifier.py)
110. format_spec.py (path: /syssec-nas0/pyc-research/compiled_evaluation_targets/usenix_test_set/python-3.7/39e72cb2bddc8b72f468b773d48ed8a4fa6ae85648ad33027d2454e4d6281afc22e9fa8506f4249857c35e1226879efc34fd2579bbcfccb902ff9b479b95c7e0/format_spec.py)
111. generic.py (path: /syssec-nas0/pyc-research/compiled_evaluation_targets/usenix_test_set/python-3.7/d00b530ef7cad6c74113936940c58b5d9b135f1cca5eea2b9a4855f7df6a17e0a236bb00ab5f179d6942cd679e7ffc44e73aee2c31d55396cf77d5208bb31bf0/generic.py)
112. github.py (path: /syssec-nas0/pyc-research/compiled_evaluation_targets/usenix_test_set/python-3.7/7bc6eda4c96166a483cf0731dd600640553e0e58a8f5d674a7be4ad4c9c1165b383902e76f78a295cb7cb9106f627e15d81fcf5026ab74f0f8c8e9e3b7171c1f/github.py)
113. gitlab_housekeeping.py (path: /syssec-nas0/pyc-research/compiled_evaluation_targets/usenix_test_set/python-3.7/149239392ac4ec9a5d49aa4a78ccfbfd0664de6f44eb855c3d452e072fc364a431a93b2e069973d226421acd9f223601df091123270a90b78ebcf215911f076d/gitlab_housekeeping.py)
114. graphsim.py (path: /syssec-nas0/pyc-research/compiled_evaluation_targets/usenix_test_set/python-3.7/9f9e9dac8ff0d9f300f98939d540f49e67d9ccacfb3c8f55d8a67a548292a9ebce65b23d1f53d207b0a03a4e18771e9205ffcbfec3ec22738600ceca014d0651/graphsim.py)
115. graphviz.py (path: /syssec-nas0/pyc-research/compiled_evaluation_targets/usenix_test_set/python-3.7/093823bf553094c6186e1c0fd2a2ccefc9e2b250279d5daa508350a3c52227ffd51303775818595404f9939ac5a3b2a19d981183685ed30c7eb03d2f71af689d/graphviz.py)
116. hashing.py (path: /syssec-nas0/pyc-research/compiled_evaluation_targets/usenix_test_set/python-3.7/dfc3be2ec5c99d4c3ed686bbaf9dfccb48cd23e5950825c01e70c6d2253bba1392c6900feef618e4e549a81f56950af98fe641bd44b3a40258be603c59f27da7/hashing.py)
117. html_embed.py (path: /syssec-nas0/pyc-research/compiled_evaluation_targets/usenix_test_set/python-3.7/9a17a5d98270642bcdc7df83843bfc3c70cf64dad5bc0dcd755956873723fa289e63e3c34f677b1b2e3ce0daf53ca7c7f257954e79d05d3a53f8824dc2607310/html_embed.py)
118. http_client.py (path: /syssec-nas0/pyc-research/compiled_evaluation_targets/usenix_test_set/python-3.7/75195eed5eb8f6149d580556992a29f25c2bd1e4a55864ef1e0cae34bc38172af9147507e4cf0b8d3575c01023be5eddee347114fff17c04c6215d208f81925a/http_client.py)
119. iam.py (path: /syssec-nas0/pyc-research/compiled_evaluation_targets/usenix_test_set/python-3.7/5c18998e99a71f26959cac3f1bda5d4480752707c3fd70f13cc1ae21c71f49a8e5557ea1786822f592947575b58aa5da131fda478d22cd25a22aedd1585958e8/iam.py)
120. info.py (path: /syssec-nas0/pyc-research/compiled_evaluation_targets/usenix_test_set/python-3.7/5b408dd2684bc57b5412313fe43f4a77d3be22d1b961facbeec3287ced3113ab991389224bb4408b00e87bf94dac6ee66fee3c32344d1ed9ad382747e5272e07/info.py)
121. input.py (path: /syssec-nas0/pyc-research/compiled_evaluation_targets/usenix_test_set/python-3.7/4f48007ebf96ca10c41a087e282a16fcabd4e668a1d85dd47fa5d4979b463788f22eabf524017ad5ef3167c52856dcf02a52d95cdbf76aac8c440b1176902749/input.py)
122. interaction_box.py (path: /syssec-nas0/pyc-research/compiled_evaluation_targets/usenix_test_set/python-3.7/22c087a1a9befa281c494a84039e5927b46f70d5dd1f956ac33420a5fa6fec50d2ac57a397b22b97b1f4149a5d29d4567a40571787bb2bbee561676c83d632b6/interaction_box.py)
123. jacobian.py (path: /syssec-nas0/pyc-research/compiled_evaluation_targets/usenix_test_set/python-3.7/773ce417008a2a9286c82fe6768fd3a3685fb3a5a453bdff22bcaf19dc9037beb73f0f910aa62b3e08641fce3217dc88479d4ec8801a794bba59ca4dc1c1354f/jacobian.py)
124. job.py (path: /syssec-nas0/pyc-research/compiled_evaluation_targets/usenix_test_set/python-3.7/82eec94ca7098abfb0066b6bd225c11bb4eecd18c9f4cffd42b6f1ccafaf452005d2e1b8a85faef6d2d1c27bff26798fdca9a09b0792f3fe38c40c5fb2ef86ff/job.py)
125. keras.py (path: /syssec-nas0/pyc-research/compiled_evaluation_targets/usenix_test_set/python-3.7/7c8c1e60f94e9fceebb95b119b33914485a7c0cdb829881cfaaff7d7faaeef9b0af8a986d9afcff85be4c4009d3bf5e655a9761102f467449205aab947b1affe/keras.py)
126. keyvalues.py (path: /syssec-nas0/pyc-research/compiled_evaluation_targets/usenix_test_set/python-3.7/3e2f6916afc2d8c43cb25a6db0418a3aedb662e3566aa6f085912e3460565ee21c92a430d4f67599a4a1e2c7e4d452180eca112113ebe7048c9e642baccdbe77/keyvalues.py)
127. kodexa.py (path: /syssec-nas0/pyc-research/compiled_evaluation_targets/usenix_test_set/python-3.7/6d9407bd5af45dee7d743ba1ba1908ac78e3d1ca3061b8d31ccea544c08d12e1b559e1c8d72bcf513a9f29699fad568b7be0c09fcbb3232e1fe2e076f73f04f5/kodexa.py)
128. kucoin.py (path: /syssec-nas0/pyc-research/compiled_evaluation_targets/usenix_test_set/python-3.7/19c2c46d51211c467926842d792358ba35359c3f88f427661b5bd385926149c4d9fa355eb64a962fce6ba9e341bf22d3a09161aa4a16054453e12fdd131b72c9/kucoin.py)
129. layer_norm.py (path: /syssec-nas0/pyc-research/compiled_evaluation_targets/usenix_test_set/python-3.7/030b332c8762fd486faf80ea78b5a587f0a01c9157b38524007063a3f864b4a1265d9c2e5e8b1e8a6101417e89acf9f0a38d8a2a1a609844e7741cc11e805208/layer_norm.py)
130. lex_attrs.py (path: /syssec-nas0/pyc-research/compiled_evaluation_targets/usenix_test_set/python-3.7/459ec14e28556c899ee002ca5285bb361771e43295f962834ee033d6ff6e233a5d8022448be859cea9c7d033b30ac1967f95f46f33290d926e39139d6411549b/lex_attrs.py)
131. lib.py (path: /syssec-nas0/pyc-research/compiled_evaluation_targets/usenix_test_set/python-3.7/fd5686194ffcff6fc29a1d74be29e6cf119d3594bf5befd8c60fb20fd5f566dae253d57a353e45755e55cd22fa0abd29392c03764a759b587b484dded3bbabcd/lib.py)
132. list.py (path: /syssec-nas0/pyc-research/compiled_evaluation_targets/usenix_test_set/python-3.7/07332fbe37f70394c276ed66e9e80496c0c5666734c3b61ff659e5db855d50775a2aa041405b6f11dc5f2d7062ddcc5e08073b31dbc5386314d8dbb8938a5ec9/list.py)
133. local.py (path: /syssec-nas0/pyc-research/compiled_evaluation_targets/usenix_test_set/python-3.7/16baf36c42b094aeb40740736d1017a73775fdb7c2d857bc09fad246fd8adcabf85df2780c42d08789fc40a34b3ce2f1c0ec32bcdc2e9340a25aad3fdb546623/local.py)
134. maf_calculate_volume.py (path: /syssec-nas0/pyc-research/compiled_evaluation_targets/usenix_test_set/python-3.7/abb5ea2d2bb4a3ec4d85e4a94c19d9090a07feb107ba68798253ea9fd6ee7e1efde786a27cc05f2a668cae2228180320a48b70b98be5ab8ac41ba4f30c4ab2fd/maf_calculate_volume.py)
135. math_grad.py (path: /syssec-nas0/pyc-research/compiled_evaluation_targets/usenix_test_set/python-3.7/dec7ab7f96054af2d9dff76b1a6983e065fb672aa3e916080c1231aa5b5e1d8188caf0b12ef0153d8ec8d6d358b6d89acaccaa7bfef25bee7f66b74ebf9829d9/math_grad.py)
136. n0struct_references.py (path: /syssec-nas0/pyc-research/compiled_evaluation_targets/usenix_test_set/python-3.7/63c38ed7aa2caac2d35fc08dac1bdc5973eca3f24204e01308285798228674b8ab98d24a07c25182060ca5de2da8aaed4bf503e0f8a67397effb5efc66019ef1/n0struct_references.py)
137. nim.py (path: /syssec-nas0/pyc-research/compiled_evaluation_targets/usenix_test_set/python-3.7/7f5faa1330c160665714c68f2704d7547c65aa657dcf4776c9c5ace31346c4bce6619aaceef44a69193cf855f60d1aebc4b8b3e94fc6edb57cfc9b292d5babfd/nim.py)
138. node.py (path: /syssec-nas0/pyc-research/compiled_evaluation_targets/usenix_test_set/python-3.7/11c569da5982ec918257febdc6ee16e7df05dcdeb25405b450c43e3b5e17fd44979b82276347d0b68f0831d75417fa653c06df0ec46ef371bd8ea48536f69377/node.py)
139. npyimpl.py (path: /syssec-nas0/pyc-research/compiled_evaluation_targets/usenix_test_set/python-3.7/0e61931e559c88000ff1c2c21b5aac2732545677c3e33f001b3c032357b42aa4edaf1816f3bfc5a3985edc3b0ce9dd7af20e8efa9ccafa0c30e216c4f65f7999/npyimpl.py)
140. nsq_route.py (path: /syssec-nas0/pyc-research/compiled_evaluation_targets/usenix_test_set/python-3.7/362850697094a7a1c561244e8ec5d455bb085ed58c39734bc7b513a090225c70665964d1157e2a8a952c3233e958f104d85614617542467f3817243da2254e8a/nsq_route.py)
141. numba_.py (path: /syssec-nas0/pyc-research/compiled_evaluation_targets/usenix_test_set/python-3.7/155f5f35e9a1427c525c705bc9dfb50e075b378eba64d9738eaee390e35c7e68ab7cdbaa6d66f082af623e0ab1afa7c80d8a71ae82772d51602d9047ba876675/numba_.py)
142. old.py (path: /syssec-nas0/pyc-research/compiled_evaluation_targets/usenix_test_set/python-3.7/f9d7e6438f4ac9ad73a7e47522c0bfa57c3f21651f526a2121787820b4ffdc0426bc1209862be1ef169719521404cb4b48fccf1185007e5f06d05b3aa1557107/old.py)
143. parallel.py (path: /syssec-nas0/pyc-research/compiled_evaluation_targets/usenix_test_set/python-3.7/43701dbfcb92a162227c076498d73ad9fc929885a9ac5ef2a4c86bd56c570a1df444c5b8e0fccb137880aaecde15fe40becb3a52aad7c2aedbd5f19d91822b77/parallel.py)
144. patch.py (path: /syssec-nas0/pyc-research/compiled_evaluation_targets/usenix_test_set/python-3.7/dcb9ebd8bcff996941a4a9b4332eecdeaadeddb060689c27c0adac07e0e24972953b5fd377e7734790c03f7892a83fed6096738f390f88e0672f0366f82d280a/patch.py)
145. phc.py (path: /syssec-nas0/pyc-research/compiled_evaluation_targets/usenix_test_set/python-3.7/b025c59e8c656aa2528af998fb330c650edf561ab41b29587c2bc0bd2ece8cf9407fc9e4f208c52ecd8d4df765f43d3060b4d22e2594241dad87bbce638b89a7/phc.py)
146. plots.py (path: /syssec-nas0/pyc-research/compiled_evaluation_targets/usenix_test_set/python-3.7/98ec30943dab93397c1927d854d28e7c4f84a008a2fbe33451ea3a1454f96740338a2b969db90740d0367fe3acc5da5e111d11fe2b3be5efb84144ca6d7d1bce/plots.py)
147. pms_service_line.py (path: /syssec-nas0/pyc-research/compiled_evaluation_targets/usenix_test_set/python-3.7/4b2ae674d2f3282ffe94163a1c9a9dd9d46af9d1d48a9ecbec861faaabde2f022b9d9d726e35e6e0ac84e29ba6be2949c3cc0bef5dfbebbd56a4f16b568b3e0a/pms_service_line.py)
148. problem_specification.py (path: /syssec-nas0/pyc-research/compiled_evaluation_targets/usenix_test_set/python-3.7/cbed7605b8f71582bd7b77dbb2a84c07be7253d9cc52240ad342aea291a631183d67a71796d3be9a7b1882f4b0e009c7a611d70b974183656921b269010ffbf7/problem_specification.py)
149. processors.py (path: /syssec-nas0/pyc-research/compiled_evaluation_targets/usenix_test_set/python-3.7/887e1e40d9eec30b7a390ba280e1d05d2fe026c02ebc4bf76a151487292c6b4bfdacf49762b8a4aaf4641c416e39598bf3cd38bfbe02fa447b6d40a253a2922f/processors.py)
150. py_utils.py (path: /syssec-nas0/pyc-research/compiled_evaluation_targets/usenix_test_set/python-3.7/2f334f9e74a314724ff054ef7712134d52d91368f06477dc9472a7fef7b35c090a9015b5c5033f595b9b6dff49eaef83e06e0c3fc302f9a069e1ece0602d1802/py_utils.py)
151. pytest_check_libs.py (path: /syssec-nas0/pyc-research/compiled_evaluation_targets/usenix_test_set/python-3.7/70f1f1cada66df9074888b4c8ea3d0cc38b3be946089ac4f32b14c26b093a0fcfc9fc7500dace6365de7c1d50308cfcad0d0cf59e7760acf1730d834ad95f15f/pytest_check_libs.py)
152. readers.py (path: /syssec-nas0/pyc-research/compiled_evaluation_targets/usenix_test_set/python-3.7/49aeb0fd86a64fdc66ab1b78333e9e9dc3d3213c739146cea2ce88d596bc77b20498088fa63938e88b30180dc7603980d5af895c8a53616646c3372e016f9d40/readers.py)
153. responses.py (path: /syssec-nas0/pyc-research/compiled_evaluation_targets/usenix_test_set/python-3.7/1e7cea9773b4afb1bae03101a3f177307fa7ad1e88e55e2325e391bb25153de056e2eeb75def61019b22bf90bb8a28b0f02740e82bb1b4e0f9facee8668530fd/responses.py)
154. rinex2snr.py (path: /syssec-nas0/pyc-research/compiled_evaluation_targets/usenix_test_set/python-3.7/4b9b26eb954a2b10e042efd895454e7bfaacf4ea59cd4fd279d71f57fb74021775d7c81364a88339d3fbde02fa3dbbfb6d28a72ec0f1ac90716e486c3f60b1e5/rinex2snr.py)
155. roi_align_python.py (path: /syssec-nas0/pyc-research/compiled_evaluation_targets/usenix_test_set/python-3.7/ba335f7f6571c7b40d59916d66b8f4a3a77b25cdc5a9f81206968aec28241f15cc1afffd923dfd59eb626a839c432b68882d97af13bc750a5d0b1c2693f23303/roi_align_python.py)
156. router.py (path: /syssec-nas0/pyc-research/compiled_evaluation_targets/usenix_test_set/python-3.7/7527b5e875bec3f7b60ed1dd346cd05098bd6863f1d5d2a7115db6704f63cd582ff0962f56cbf524ac8430f36648caf940d25bb30084abf6512faf72323cc6a2/router.py)
157. rtcrtpsender.py (path: /syssec-nas0/pyc-research/compiled_evaluation_targets/usenix_test_set/python-3.7/2eb1b54d5e42d7d9eac34490c83da8586955b614b97c6aef2b2b63f86463cea2200d873c34c732b3cc536ee2d2a41a005cefb80781e34679fa263a1eb68f3a08/rtcrtpsender.py)
158. runner_registry.py (path: /syssec-nas0/pyc-research/compiled_evaluation_targets/usenix_test_set/python-3.7/5dae61feacb4bd465ccf3cb63fae06e00541e1ea04ed259fd37ead2d8d2f95009e087813f99771b71c8e8e69908bbfd288ce52a3f4b05e556152307b904efc89/runner_registry.py)
159. saas_connector.py (path: /syssec-nas0/pyc-research/compiled_evaluation_targets/usenix_test_set/python-3.7/30e9c160f4ff6be06fe15032e174f5cb8311bf353e066a12c5f48da6af5448c3dad6dfd78034034c03c17cf49134c4bc3099fb4fce796e73b5a8da91e8b23671/saas_connector.py)
160. sale.py (path: /syssec-nas0/pyc-research/compiled_evaluation_targets/usenix_test_set/python-3.7/6006f784540cb95908118418ed490ad5a9b9b530fdba50e26a5ca071d15a9d40635f9fff85633a9b1f6f07d72e553baee29132ac8371cee56162f66352f82617/sale.py)
161. sample.py (path: /syssec-nas0/pyc-research/compiled_evaluation_targets/usenix_test_set/python-3.7/ed98ef14f342b0b2c67d232080e30ae4e5039ff7f4c1354c487d8748200733b1ca9c8cdeb0f9c7af4fdaf29abb703512a4497353868b9570fc6cbd4e84010f03/sample.py)
162. scmclient.py (path: /syssec-nas0/pyc-research/compiled_evaluation_targets/usenix_test_set/python-3.7/118b2a1f7f9cbf2afe4b71c077de5cc28160e8aef73b7e367e3fc432b419ec3feccb462c896a91cf779ee4a4a4980c7302fa04144e69672fba9974cdfe33f096/scmclient.py)
163. sd_spider.py (path: /syssec-nas0/pyc-research/compiled_evaluation_targets/usenix_test_set/python-3.7/0c57aaceb2640d6935311703dac29599259f32e7d2bdac185f6882bf72444497b7d1f84c92ebf8d821c7a75e223b51c1cd1103b58cb0f74fac359326caf10ed1/sd_spider.py)
164. segmentation_losses.py (path: /syssec-nas0/pyc-research/compiled_evaluation_targets/usenix_test_set/python-3.7/99047ffe0d1b2e341a015aaf31758ffbe92dbc7a0cdee4547210f5f902a95d628dd2e36d96da642116ba8dda12a65f70ff21762b3443cc9cf48fd0bb33b68a91/segmentation_losses.py)
165. send_code.py (path: /syssec-nas0/pyc-research/compiled_evaluation_targets/usenix_test_set/python-3.7/5837d66e8ff8f509876162d9743f125e0e09e063bf49363246ef486243f7d05dc2a7c14afd48a12e86014c68e4931870bafb9f3ff95424eb06c2faccd121e372/send_code.py)
166. sensor.py (path: /syssec-nas0/pyc-research/compiled_evaluation_targets/usenix_test_set/python-3.7/ef7cb37644794c0f3b35a8c11e5d52822f7cc4f1bdef821e8f40ad1304232d686a7037ea8c3fc87e108da76eeab2ebf758fd5734f00f100f96ca4b64849afb3d/sensor.py)
167. serv_config.py (path: /syssec-nas0/pyc-research/compiled_evaluation_targets/usenix_test_set/python-3.7/9b346e46eede13c6fb9228bfda674304349d944400eeec9ad277d33aee94f068087851f5f67076d4825f9378479257da55de7944a375060530f1728af4661094/serv_config.py)
168. server.py (path: /syssec-nas0/pyc-research/compiled_evaluation_targets/usenix_test_set/python-3.7/51cfe9f9267e456838ff14167187b394c00275a78f7012f390cda50cf432020cc37c5ff22a1beab9b0f4758b52938c50f0d30e3a74698e6a7e76835a0abd9f4e/server.py)
169. service_models.py (path: /syssec-nas0/pyc-research/compiled_evaluation_targets/usenix_test_set/python-3.7/f8ff8a3d1f1873b2d92156da3def0e46fa27a508e91625c64c6d846567b9616e470a8dbe727c60c6d36e133179ee0801f972cc1e3f8a94b0c21cbefd08b2214e/service_models.py)
170. shanten.py (path: /syssec-nas0/pyc-research/compiled_evaluation_targets/usenix_test_set/python-3.7/7634ebb955624024675bb1cbf9f637c09127ca01f2ffcab4d72c0cc9eb9d2d8d0383387f352c8f6242333d52dc133f24bae63742c70a2f457eb707d22467b62f/shanten.py)
171. smtp.py (path: /syssec-nas0/pyc-research/compiled_evaluation_targets/usenix_test_set/python-3.7/3f53a43b3336070fa1da8bd906f17f9e8a083606f6c1f3189d36d2a6fb52ae066b6fa3e0c6795440cacef1640079457da21ff6e3fe6b5b95dc36e844f38c45b6/smtp.py)
172. sqlcompiler.py (path: /syssec-nas0/pyc-research/compiled_evaluation_targets/usenix_test_set/python-3.7/9ffe2f2b45b189cc45bafd6720073a3721cb54cdbef7821df4a7199444507922a9547653e7d564b07a5cda2d9aa1a9ed5d05e62ed1c2a910e6f34f54eed7a5a3/sqlcompiler.py)
173. starfourhundredgiglan.py (path: /syssec-nas0/pyc-research/compiled_evaluation_targets/usenix_test_set/python-3.7/67770d418bdab573ac5b426fa0c94cec24c94de38fdc016aba7e294f164995dd4d27a96c5ceef2d48e5c2006de1b10001cf338acbb7eaf6093b3677075d0915d/starfourhundredgiglan.py)
174. static_env.py (path: /syssec-nas0/pyc-research/compiled_evaluation_targets/usenix_test_set/python-3.7/0fa7da710e6e84fca83d9e4933d0c4b1e3b2409e7c8fede389ba25747fcb5df103840fdd0ac3a3cca65936436015885de8703fb92e98b2049b7c474ce8bb2caa/static_env.py)
175. stock_board_concept_ths.py (path: /syssec-nas0/pyc-research/compiled_evaluation_targets/usenix_test_set/python-3.7/fc578412b66c73649a21bbe05b4664a0441f81aa2b2d4ada3171145938f0fad7db743fa0715ab7ecf77e29e7aa72adc305ec28ae56954f7c15ca073503141285/stock_board_concept_ths.py)
176. story.py (path: /syssec-nas0/pyc-research/compiled_evaluation_targets/usenix_test_set/python-3.7/4cf31b0d60ea94e9f6b3e6446e924a16b560a2e85dce670aba2ed892971ba705f1f382e5ae1fe25fbb212f9826087f524a358040837c5817e553d73be768d2ec/story.py)
177. structure_learning.py (path: /syssec-nas0/pyc-research/compiled_evaluation_targets/usenix_test_set/python-3.7/326148351debf175d51ff8b42f45f522cca8c1076495d38b1c1266b25b575a86f8837a843a0ddcb10a77873bac4bb383e6707d0c722e1531a89fc4332baef261/structure_learning.py)
178. sync.py (path: /syssec-nas0/pyc-research/compiled_evaluation_targets/usenix_test_set/python-3.7/60d58ae3f0c57d108bd71c4368ee4f64a36a02195f6685c27c12b20aa9724f03bb7a91ab7078718e218340a5173f31c7d6e67909fd7be3d9c5446ae51e8d08d0/sync.py)
179. terraform_users.py (path: /syssec-nas0/pyc-research/compiled_evaluation_targets/usenix_test_set/python-3.7/2334ea37f5f70750adb226d7aec5a19fa9be20845d6333fd15b6b12137b0cde2dabd98d061f93fa32a60fe87bd4030a2530540363ceeaf76d6f675fa5b4a69ca/terraform_users.py)
180. test_cuts.py (path: /syssec-nas0/pyc-research/compiled_evaluation_targets/usenix_test_set/python-3.7/21936af9ec59ec9870d0a0dded08f69ec6dec937661f3156c6611e9ef61510cf94b51b9dce102c2d5f32a8ec44eaef0b701159fdcc6bd3e9e94fa883e64d0c9e/test_cuts.py)
181. texturecompress.py (path: /syssec-nas0/pyc-research/compiled_evaluation_targets/usenix_test_set/python-3.7/cb54c857afc213b06ada9a573541cf63913cc7672a72a992ffe40bd724a610ea3fa8fb22c9facb5816ed8acab9c5723251bc817d961bc99bc0e2941f1630e1c2/texturecompress.py)
182. tf_leveldb.py (path: /syssec-nas0/pyc-research/compiled_evaluation_targets/usenix_test_set/python-3.7/d2fe40d06a6617cf9d4ae4e05b1d250c43e8b1983955a842bd18b5bc89911bdc7d27c9209f209a9e2a79635463117e398fff1007975233a6131de59086797c7b/tf_leveldb.py)
183. time.py (path: /syssec-nas0/pyc-research/compiled_evaluation_targets/usenix_test_set/python-3.7/58d88a8e42ed399dd71426664c55e32b2e83a560d35d4de95247f365b68f265a3da5cd31a0eb36aae1b7cf0398ec30afbfc5740c8a7daceb9133daa49c2a43c8/time.py)
184. tokenizer.py (path: /syssec-nas0/pyc-research/compiled_evaluation_targets/usenix_test_set/python-3.7/12ce9242a1055a6b5a0c042e5efa554829d399194e4050148d88b585fb1f8f23e6828f65258e411e13ed10a33194b44edc23bd2889c493a6e86bfc60a8240eb0/tokenizer.py)
185. types.py (path: /syssec-nas0/pyc-research/compiled_evaluation_targets/usenix_test_set/python-3.7/7be97164110cc7e5e3683a3cf62d8aa8e144687de2ed377a116e25b7444c544480d500c51cd574e0deb897fbb577404f38b65c8bbc42a2ee34f5674b0ac6fafe/types.py)
186. unfuddle.py (path: /syssec-nas0/pyc-research/compiled_evaluation_targets/usenix_test_set/python-3.7/85ba58e4e5c299dd1aa75e011df101af8c02cbc5095adcb21093f4caf488fb7d93b4d2772e82e0bdf335abfe2e265ade5daf99c9a23f2a8ec14cc0d60e5d187c/unfuddle.py)
187. unique.py (path: /syssec-nas0/pyc-research/compiled_evaluation_targets/usenix_test_set/python-3.7/888296b66c3c76742025cc9bca8ea3dd33e1262d8bb93fe9e0c18c06ccc36ad529dcc22f48109736a482e6074d38a6a5a26435f9135af715985983c28b240e40/unique.py)
188. upload_file_service [2022.8.26].py (path: /syssec-nas0/pyc-research/compiled_evaluation_targets/usenix_test_set/python-3.7/88935e3ec53dc58592912b43cd90553431353a33811a1434a10eb772704b8f03829c1517e384ea68c12db8ba168db719ed7f225cc54d27f489d2bbd68eac2aa6/upload_file_service [2022.8.26].py)
189. util.py (path: /syssec-nas0/pyc-research/compiled_evaluation_targets/usenix_test_set/python-3.7/d4514762c67eb8ddf5fa3cecbab9dd92f7383fa7d0663ea66c8c5ffc64d4814f997ee89842c49d8a7f52b673cebc7de59a6cb73a6f65acbf5d942e975fb78c8f/util.py)
190. utils.py (path: /syssec-nas0/pyc-research/compiled_evaluation_targets/usenix_test_set/python-3.7/1cd2fda535295998010bebc46174c71a7d79840ae47f5ef6548b309cf0d6371d19493310a24272ae2c67b4089ebaeb32b838071ddacd8a1cdcc57dc32ea0e472/utils.py)
191. utils.py (path: /syssec-nas0/pyc-research/compiled_evaluation_targets/usenix_test_set/python-3.7/2b127d1e5201a4fdfd1f5b62874303220ddb1770de1cfed0f3096f86475b1d1d7700419f6e430bd561a6f0b674dfdb1edeac0542a0884c024ed2342df0d13a1c/utils.py)
192. utypes.py (path: /syssec-nas0/pyc-research/compiled_evaluation_targets/usenix_test_set/python-3.7/62e1202c14217245d475532c4ec7af57e54d6e91656997af475081f14416bdca6fb0e62701fa7dc9733bc3acdea7f1f2d745c5746097a33b274aa9afa4df0c5d/utypes.py)
193. values.py (path: /syssec-nas0/pyc-research/compiled_evaluation_targets/usenix_test_set/python-3.7/86e34de67958450d591321f631587a1d6004642b4a14d9699615cfdf65332f00bcdd295d7fab7c67c77515e9762b3cac0f986166026b72f1fc2e8c44373761f7/values.py)
194. views.py (path: /syssec-nas0/pyc-research/compiled_evaluation_targets/usenix_test_set/python-3.7/810104722d80b0367b9d53f14960dd72760905530fe03f6c65cc34b4f52a655e5bcfdc9378f8ba43d27064d4dfef81ed5adc181824e55f08a7063a239036f40b/views.py)
195. win32_utils.py (path: /syssec-nas0/pyc-research/compiled_evaluation_targets/usenix_test_set/python-3.7/8788c0e6e3bedda6ca183f7e612a94330579f404d711930ecdacd7c5b1b94ceddd256abbf93f31a23eac6854f6681c608e2d79427c21c69446e033c28689f377/win32_utils.py)
196. worker.py (path: /syssec-nas0/pyc-research/compiled_evaluation_targets/usenix_test_set/python-3.7/e84a69c47764277f34a796f49176063f5af05ad22b5fdfcb951d88edbeb80507f6004d1af380b23d4cde96ed87d8024cf352e1f0f12f4e38b5e19de2749a5f0f/worker.py)
197. yinsuda_client.py (path: /syssec-nas0/pyc-research/compiled_evaluation_targets/usenix_test_set/python-3.7/868e19f22bcb7f2bdae17442a8c8f1bbaf2eb2a0ccdc416ec0db096c200fdb2e8775d0a7cf1c9d46a690c0103f02f831ec664be3c182d61e3e0b01d5a9b6dd37/yinsuda_client.py)
198. zombie_cluster_common_methods.py (path: /syssec-nas0/pyc-research/compiled_evaluation_targets/usenix_test_set/python-3.7/f193659567c68683b5782bd264d8f8fbfd3dd38c8e88041c8573f0352f232e4af609ae4a36f605c867ce5c071c6df81d7bac060c8612f49c8a4c01c3953fe59b/zombie_cluster_common_methods.py)
